################################################################################################################################################
Detected SHAFT Engine Version: [SHAFT Engine v5.4.20211104-BETA]
################################################################################################################################################
[ReportManager] File Action [GetAbsolutePath] successfully performed. With the following test data [Relative Folder Path: "target/downloadedFiles/"]. @13-11-2021 01:48:27.0544 AM
[ReportManager] Attempting to run remotely on: [Linux-64], [GoogleChrome], [http://localhost:4444/wd/hub], Headless Execution. @13-11-2021 01:48:27.0561 AM
[ReportManager] Successfully Opened [GoogleChrome]. @13-11-2021 01:48:33.0736 A

################################################################################################################################################
Starting Execution:	[1 out of 146] test cases in the current suite
Test Method:		[testPackage01.Test_IsElementClickable.testIsElementClickable]
################################################################################################################################################
[ReportManager] Target URL: [https://the-internet.herokuapp.com/] @13-11-2021 01:48:33.0945 AM
[ReportManager] Initial URL: [data:,] @13-11-2021 01:48:34.0490 AM
[ReportManager] Browser Action [NavigateToURL] successfully performed. With the following test data [https://the-internet.herokuapp.com/]. @13-11-2021 01:48:35.0787 AM
[ReportManager] Element Action [IsElementClickable] successfully performed. @13-11-2021 01:48:36.0349 AM
[ReportManager] Assertion [ValidateTrue] PASSED. Expected [TRUE] and Actual [TRUE]. Validation Type [POSITIVE]. @13-11-2021 01:48:36.0362 A
[ReportManager] Browser Action [CloseCurrentWindow] successfully performed. @13-11-2021 01:48:36.0674 AM
[ReportManager] Successfully created attachment [Browser Action Test Data - CloseCurrentWindow - Actual Value] @13-11-2021 01:48:36.0674 A

################################################################################################################################################
Starting Execution:	[2 out of 146] test cases in the current suite
Test Method:		[testPackage01.Test_chainableElementActions.chainElementActions]
################################################################################################################################################
[ReportManager] File Action [GetAbsolutePath] successfully performed. With the following test data [Relative Folder Path: "target/downloadedFiles/"]. @13-11-2021 01:48:36.0691 AM
[ReportManager] Attempting to run remotely on: [Linux-64], [GoogleChrome], [http://localhost:4444/wd/hub], Headless Execution. @13-11-2021 01:48:36.0692 AM
[ReportManager] Successfully Opened [GoogleChrome]. @13-11-2021 01:48:37.0802 AM
[ReportManager] Target URL: [https://www.google.com/ncr], and after redirection: [https://www.google.com] @13-11-2021 01:48:37.0802 AM
[ReportManager] Initial URL: [data:,] @13-11-2021 01:48:38.0016 AM
[ReportManager] Browser Action [NavigateToURL] successfully performed. With the following test data [https://www.google.com/ncr]. @13-11-2021 01:48:39.0242 AM
[ReportManager] Element Action [Type] successfully performed. With the following test data [chained type 1]. @13-11-2021 01:48:40.0166 AM
[ReportManager] Element Action [Type] successfully performed. With the following test data [chained type 2]. @13-11-2021 01:48:41.0027 AM
[ReportManager] Element Action [TypeAppend] successfully performed. With the following test data [345]. @13-11-2021 01:48:41.0235 AM
[ReportManager] Element Action [GetText] successfully performed. With the following test data [chained type 2345]. @13-11-2021 01:48:41.0589 AM
[ReportManager] Loaded Shared OpenCV @13-11-2021 01:48:42.0719 AM
[ReportManager] Assertion [ValidateElementAttribute] PASSED. Expected [Value Should be 'chained type 2345' for the 'text' attribute, element locator 'By.name: q'] and Actual [chained type 2345]. Comparison Type [EQUALS]. Validation Type [POSITIVE]. @13-11-2021 01:48:43.0347 AM
[ReportManager] Successfully created attachment [Screenshot - 1636768122127_chainElementActions_ValidateElementAttribute_passed] @13-11-2021 01:48:43.0392 AM
[ReportManager] Browser Action [CloseCurrentWindow] successfully performed. @13-11-2021 01:48:43.0616 AM
[ReportManager] Successfully created attachment [Browser Action Test Data - CloseCurrentWindow - Actual Value] @13-11-2021 01:48:43.0630 A

################################################################################################################################################
Starting Execution:	[3 out of 146] test cases in the current suite
Test Method:		[testPackage01.Test_AssertApiResponseEquals.assertApiResponseEquals_expectedToPass]
################################################################################################################################################
[ReportManager] Response status code: [200], status line: [HTTP/1.1 200 OK] @13-11-2021 01:48:46.0787 AM
[ReportManager] Assertion Passed: Evaluating the actual response status code against the expected one... @13-11-2021 01:48:46.0794 AM
[ReportManager] Assertion [ValidateComparativeRelation] PASSED. Expected [200] and Actual [200]. Comparison Type [EQUALS]. Validation Type [POSITIVE]. @13-11-2021 01:48:46.0794 AM
[ReportManager] API Action [PerformRequest] successfully performed. With the following test data [Request Type: "GET" | Target Status Code: "200" | Service URL: "https://jsonplaceholder.typicode.com/users" | Content Type: "*/*" | Response Time: "1001ms"]. @13-11-2021 01:48:48.0064 AM
[ReportManager] Successfully created attachment [API Request - Specifications] @13-11-2021 01:48:48.0065 AM
[ReportManager] Successfully created attachment [API Response - JSON Body] @13-11-2021 01:48:48.0351 AM
[ReportManager] API Action [GetResponseJSONValueAsList] successfully performed. With the following test data [$]. @13-11-2021 01:48:48.0367 AM
[ReportManager] API Action [GetResponseJSONValue] successfully performed. With the following test data [name]. @13-11-2021 01:48:48.0449 AM
[ReportManager] API Action [GetResponseJSONValue] successfully performed. With the following test data [email]. @13-11-2021 01:48:48.0485 AM
[ReportManager] Verification [ValidateEquals] PASSED. Expected [Sincere@april.biz] and Actual [Sincere@april.biz]. Comparison Type [EQUALS]. Validation Type [POSITIVE]. @13-11-2021 01:48:48.0486 AM
[ReportManager] API Action [GetResponseJSONValue] successfully performed. With the following test data [username]. @13-11-2021 01:48:48.0502 AM
[ReportManager] Assertion [ValidateEquals] PASSED. Expected [Bret] and Actual [Bret]. Comparison Type [EQUALS]. Validation Type [POSITIVE]. @13-11-2021 01:48:48.0503 AM
[ReportManager] API Action [GetResponseJSONValue] successfully performed. With the following test data [name]. @13-11-2021 01:48:48.0520 AM
[ReportManager] API Action [GetResponseJSONValue] successfully performed. With the following test data [name]. @13-11-2021 01:48:48.0537 AM
[ReportManager] API Action [GetResponseJSONValue] successfully performed. With the following test data [name]. @13-11-2021 01:48:48.0553 AM
[ReportManager] API Action [GetResponseJSONValue] successfully performed. With the following test data [name]. @13-11-2021 01:48:48.0570 AM
[ReportManager] API Action [GetResponseJSONValue] successfully performed. With the following test data [name]. @13-11-2021 01:48:48.0586 AM
[ReportManager] API Action [GetResponseJSONValue] successfully performed. With the following test data [name]. @13-11-2021 01:48:48.0610 AM
[ReportManager] API Action [GetResponseJSONValue] successfully performed. With the following test data [name]. @13-11-2021 01:48:48.0638 AM
[ReportManager] API Action [GetResponseJSONValue] successfully performed. With the following test data [name]. @13-11-2021 01:48:48.0662 AM
[ReportManager] API Action [GetResponseJSONValue] successfully performed. With the following test data [name]. @13-11-2021 01:48:48.0691 A
[ReportManager] File Action [GetAbsolutePath] successfully performed. With the following test data [Relative Folder Path: "target/downloadedFiles/"]. @13-11-2021 01:48:48.0719 AM
[ReportManager] Attempting to run remotely on: [Linux-64], [GoogleChrome], [http://localhost:4444/wd/hub], Headless Execution. @13-11-2021 01:48:48.0720 AM
[ReportManager] Successfully Opened [GoogleChrome]. @13-11-2021 01:48:52.0831 A

################################################################################################################################################
Starting Execution:	[4 out of 146] test cases in the current suite
Test Method:		[testPackage01.Test_assertEquals.test_assertElementAttribute]
################################################################################################################################################
[ReportManager] Target URL: [https://www.google.com/ncr], and after redirection: [https://www.google.com] @13-11-2021 01:48:52.0853 AM
[ReportManager] Initial URL: [data:,] @13-11-2021 01:48:53.0022 AM
[ReportManager] Browser Action [NavigateToURL] successfully performed. With the following test data [https://www.google.com/ncr]. @13-11-2021 01:48:54.0308 AM
[ReportManager] Element Action [Type] successfully performed. With the following test data [INC_004010050:Another SCHEDULER with the same name [Duplicate Job Name] already exists.]. @13-11-2021 01:48:55.0650 AM
[ReportManager] Element Action [GetText] successfully performed. With the following test data [INC_004010050:Another SCHEDULER with the same name [Duplicate Job Name] already exists.]. @13-11-2021 01:48:56.0103 AM
[ReportManager] Loaded Shared OpenCV @13-11-2021 01:48:56.0576 AM
[ReportManager] Assertion [ValidateElementAttribute] PASSED. Expected [Value Should be 'INC_004010050:Another SCHEDULER with the same name \[Duplicate Job Name\] already exists.' for the 'text' attribute, element locator 'By.name: q'] and Actual [INC_004010050:Another SCHEDULER with the same name [Duplicate Job Name] already exists.]. Comparison Type [MATCHES]. Validation Type [POSITIVE]. @13-11-2021 01:48:56.0908 AM
[ReportManager] Successfully created attachment [Screenshot - 1636768136576_test_assertElementAttribute_ValidateElementAttribute_passed] @13-11-2021 01:48:56.0911 A
[ReportManager] Browser Action [CloseCurrentWindow] successfully performed. @13-11-2021 01:48:57.0139 AM
[ReportManager] Successfully created attachment [Browser Action Test Data - CloseCurrentWindow - Actual Value] @13-11-2021 01:48:57.0140 A

################################################################################################################################################
Starting Execution:	[5 out of 146] test cases in the current suite
Test Method:		[testPackage01.Test_SkipDueToIssue.doNotSkip]
################################################################################################################################################
[ReportManager] This should not be skipped. @13-11-2021 01:48:57.0145 A

################################################################################################################################################
Starting Execution:	[6 out of 146] test cases in the current suite
Test Method:		[testPackage01.Test_SkipDueToIssue.skip]
################################################################################################################################################
[ReportManager] This should be skipped. @13-11-2021 01:48:57.0162 A

################################################################################################################################################
Starting Execution:	[7 out of 146] test cases in the current suite
Test Method:		[testPackage01.Test_SkipDueToIssue.skip2]
################################################################################################################################################
[ReportManager] This should be skipped. @13-11-2021 01:48:57.0172 A
[ReportManager] File Action [GetAbsolutePath] successfully performed. With the following test data [Relative Folder Path: "target/downloadedFiles/"]. @13-11-2021 01:48:57.0178 AM
[ReportManager] Attempting to run remotely on: [Linux-64], [GoogleChrome], [http://localhost:4444/wd/hub], Headless Execution. @13-11-2021 01:48:57.0179 AM
[ReportManager] Successfully Opened [GoogleChrome]. @13-11-2021 01:48:57.0755 A

################################################################################################################################################
Starting Execution:	[8 out of 146] test cases in the current suite
Test Method:		[testPackage01.Test_verifyEquals.test_assertElementAttribute]
################################################################################################################################################
[ReportManager] Target URL: [https://www.google.com/ncr], and after redirection: [https://www.google.com] @13-11-2021 01:48:57.0772 AM
[ReportManager] Initial URL: [data:,] @13-11-2021 01:48:57.0945 AM
[ReportManager] Browser Action [NavigateToURL] successfully performed. With the following test data [https://www.google.com/ncr]. @13-11-2021 01:48:59.0072 AM
[ReportManager] Element Action [Type] successfully performed. With the following test data [INC_004010050:Another SCHEDULER with the same name [Duplicate Job Name] already exists.]. @13-11-2021 01:49:00.0375 AM
[ReportManager] Element Action [GetText] successfully performed. With the following test data [INC_004010050:Another SCHEDULER with the same name [Duplicate Job Name] already exists.]. @13-11-2021 01:49:00.0711 AM
[ReportManager] Loaded Shared OpenCV @13-11-2021 01:49:01.0219 AM
[ReportManager] Verification [ValidateElementAttribute] PASSED. Expected [Value Should be 'INC_004010050:Another SCHEDULER with the same name \[Duplicate Job Name\] already exists.' for the 'text' attribute, element locator 'By.name: q'] and Actual [INC_004010050:Another SCHEDULER with the same name [Duplicate Job Name] already exists.]. Comparison Type [MATCHES]. Validation Type [POSITIVE]. @13-11-2021 01:49:01.0501 AM
[ReportManager] Successfully created attachment [Screenshot - 1636768141219_test_assertElementAttribute_ValidateElementAttribute_passed] @13-11-2021 01:49:01.0503 A
[ReportManager] Browser Action [CloseCurrentWindow] successfully performed. @13-11-2021 01:49:01.0698 AM
[ReportManager] Successfully created attachment [Browser Action Test Data - CloseCurrentWindow - Actual Value] @13-11-2021 01:49:01.0699 A

################################################################################################################################################
Starting Execution:	[9 out of 146] test cases in the current suite
Test Method:		[testPackage01.Test_MatchJsonSchema.checkAPI_ResponseSchema]
################################################################################################################################################
[ReportManager] Response status code: [200], status line: [HTTP/1.1 200 OK] @13-11-2021 01:49:01.0825 AM
[ReportManager] Assertion Passed: Evaluating the actual response status code against the expected one... @13-11-2021 01:49:01.0826 AM
[ReportManager] Assertion [ValidateComparativeRelation] PASSED. Expected [200] and Actual [200]. Comparison Type [EQUALS]. Validation Type [POSITIVE]. @13-11-2021 01:49:01.0826 AM
[ReportManager] API Action [PerformRequest] successfully performed. With the following test data [Request Type: "GET" | Target Status Code: "200" | Service URL: "http://api.zippopotam.us/us/90210" | Content Type: "*/*" | Response Time: "112ms"]. @13-11-2021 01:49:01.0848 AM
[ReportManager] Successfully created attachment [API Request - Specifications] @13-11-2021 01:49:01.0849 AM
[ReportManager] Successfully created attachment [API Response - JSON Body] @13-11-2021 01:49:01.0850 AM
[ReportManager] File Action [GetAbsolutePath] successfully performed. With the following test data [Relative Folder Path: "src/test/resources/testDataFiles/schema.json"]. @13-11-2021 01:49:01.0852 A
[ReportManager] File Action [GetAbsolutePath] successfully performed. With the following test data [Relative Folder Path: "target/downloadedFiles/"]. @13-11-2021 01:49:02.0358 AM
[ReportManager] Attempting to run remotely on: [Linux-64], [GoogleChrome], [http://localhost:4444/wd/hub], Headless Execution. @13-11-2021 01:49:02.0358 AM
[ReportManager] Successfully Opened [GoogleChrome]. @13-11-2021 01:49:02.0762 A

################################################################################################################################################
Starting Execution:	[10 out of 146] test cases in the current suite
Test Method:		[testPackage01.Test_RelativeLocators.relativeLocatorsTest1]
################################################################################################################################################
[ReportManager] Target URL: [https://duckduckgo.com/] @13-11-2021 01:49:02.0767 AM
[ReportManager] Initial URL: [data:,] @13-11-2021 01:49:02.0907 AM
[ReportManager] Browser Action [NavigateToURL] successfully performed. With the following test data [https://duckduckgo.com/]. @13-11-2021 01:49:03.0868 AM
[ReportManager] Element Action [Type] successfully performed. With the following test data [SHAFT_Engine]. @13-11-2021 01:49:04.0558 AM
[ReportManager] Element Action [KeyPress] successfully performed. With the following test data [ENTER]. @13-11-2021 01:49:06.0055 AM
[ReportManager] Element Action [GetText] successfully performed. With the following test data [Turboshaft - Wikipedia]. @13-11-2021 01:49:06.0589 AM
[ReportManager] Loaded Shared OpenCV @13-11-2021 01:49:07.0097 AM
[ReportManager] Assertion Failed: Then I Assert that the element found by [[unknown locator]] text contains [GitHub - MohabMohie/SHAFT_ENGINE]. @13-11-2021 01:49:07.0395 AM
[ReportManager] Successfully created attachment [Screenshot - 1636768147096_relativeLocatorsTest1_ValidateElementAttribute_failed] @13-11-2021 01:49:07.0400 AM
[ReportManager] Assertion [ValidateElementAttribute] FAILED. Expected [Value Should be 'GitHub - MohabMohie/SHAFT_ENGINE' for the 'text' attribute, element locator '[unknown locator]'] and Actual [Turboshaft - Wikipedia]. Comparison Type [CONTAINS]. Validation Type [POSITIVE]. @13-11-2021 01:49:07.0400 A
[ReportManager] Browser Action [CloseCurrentWindow] successfully performed. @13-11-2021 01:49:07.0656 AM
[ReportManager] Successfully created attachment [Browser Action Test Data - CloseCurrentWindow - Actual Value] @13-11-2021 01:49:07.0660 A

################################################################################################################################################
Starting Execution:	[11 out of 146] test cases in the current suite
Test Method:		[testPackage01.Test_PDF.testPDF1]
################################################################################################################################################
[ReportManager] File Action [DoesFileExist] successfully performed. With the following test data [File Path: "src/test/resources/TestDataFiles/sample.pdf"]. @13-11-2021 01:49:07.0671 AM
[ReportManager] File Action [GetAbsolutePath] successfully performed. With the following test data [Relative Folder Path: "src/test/resources/TestDataFiles/sample.pdf"]. @13-11-2021 01:49:07.0672 AM
[ReportManager] Assertion Passed: Checking to see that the pdf file contains [A Simple PDF File] @13-11-2021 01:49:09.0124 AM
[ReportManager] Successfully created attachment [Validation Test Data - Expected Value] @13-11-2021 01:49:09.0125 AM
[ReportManager] Successfully created attachment [Validation Test Data - Actual Value] @13-11-2021 01:49:09.0132 AM
[ReportManager] Assertion [ValidateEquals] PASSED. Expected and Actual values are attached. Comparison Type [CONTAINS]. Validation Type [POSITIVE]. @13-11-2021 01:49:09.0132 A

################################################################################################################################################
Starting Execution:	[12 out of 146] test cases in the current suite
Test Method:		[testPackage01.Test_PDF.testPDF2]
################################################################################################################################################
[ReportManager] File Action [DoesFileExist] successfully performed. With the following test data [File Path: "src/test/resources/TestDataFiles/sample.pdf"]. @13-11-2021 01:49:09.0142 AM
[ReportManager] File Action [GetAbsolutePath] successfully performed. With the following test data [Relative Folder Path: "src/test/resources/TestDataFiles/sample.pdf"]. @13-11-2021 01:49:09.0142 AM
[ReportManager] Assertion Passed: Checking to see that the pdf file contains [A Simple PDF File] @13-11-2021 01:49:09.0176 AM
[ReportManager] Successfully created attachment [Validation Test Data - Expected Value] @13-11-2021 01:49:09.0176 AM
[ReportManager] Successfully created attachment [Validation Test Data - Actual Value] @13-11-2021 01:49:09.0177 AM
[ReportManager] Assertion [ValidateEquals] PASSED. Expected and Actual values are attached. Comparison Type [CONTAINS]. Validation Type [POSITIVE]. @13-11-2021 01:49:09.0177 A

################################################################################################################################################
Starting Execution:	[13 out of 146] test cases in the current suite
Test Method:		[testPackage01.Test_testData.f]
################################################################################################################################################
[ReportManager] Successfully loaded the following test data file [src/test/resources/TestDataFiles/testSuite01/TestData.xlsx]. @13-11-2021 01:49:10.0265 AM
[ReportManager] Successfully created attachment [Test Data - Excel] @13-11-2021 01:49:10.0266 AM
[ReportManager] Last Column Number is: [3]. Zero-based. @13-11-2021 01:49:10.0274 A

################################################################################################################################################
Starting Execution:	[14 out of 146] test cases in the current suite
Test Method:		[testPackage01.Test_SelectedValue.multipleSelect]
################################################################################################################################################
[ReportManager] File Action [GetAbsolutePath] successfully performed. With the following test data [Relative Folder Path: "target/downloadedFiles/"]. @13-11-2021 01:49:10.0283 AM
[ReportManager] Attempting to run remotely on: [Linux-64], [GoogleChrome], [http://localhost:4444/wd/hub], Headless Execution. @13-11-2021 01:49:10.0283 AM
[ReportManager] Successfully Opened [GoogleChrome]. @13-11-2021 01:49:12.0742 AM
[ReportManager] Target URL: [https://yari-demos.prod.mdn.mozit.cloud/en-US/docs/Web/HTML/Element/select/_sample_.Advanced_select_with_multiple_features.html] @13-11-2021 01:49:12.0743 AM
[ReportManager] Initial URL: [data:,] @13-11-2021 01:49:12.0955 AM
[ReportManager] Browser Action [NavigateToURL] successfully performed. With the following test data [https://yari-demos.prod.mdn.mozit.cloud/en-US/docs/Web/HTML/Element/select/_sample_.Advanced_select_with_multiple_features.html]. @13-11-2021 01:49:13.0425 A

################################################################################################################################################
Starting Execution:	[15 out of 146] test cases in the current suite
Test Method:		[testPackage01.Test_SelectedValue.simpleSelect]
################################################################################################################################################
[ReportManager] File Action [GetAbsolutePath] successfully performed. With the following test data [Relative Folder Path: "target/downloadedFiles/"]. @13-11-2021 01:49:13.0943 AM
[ReportManager] Attempting to run remotely on: [Linux-64], [GoogleChrome], [http://localhost:4444/wd/hub], Headless Execution. @13-11-2021 01:49:13.0944 AM
[ReportManager] An Exception Occured with this Message: Could not start a new session. Possible causes are invalid address of the remote server or browser start-up failure.. @13-11-2021 01:52:13.0968 AM
[ReportManager] Successfully created attachment [Exception Stack Trace - org.openqa.selenium.SessionNotCreatedException] @13-11-2021 01:52:13.0969 AM
[ReportManager] Failed to run remotely on: [Linux-64], [GoogleChrome], [http://localhost:4444/wd/hub]. @13-11-2021 01:52:13.0970 AM
[ReportManager] Driver Factory Action [createNewRemoteDriverInstance] failed. With the following test data [Unhandled Error.]. @13-11-2021 01:52:13.0970 AM
[ReportManager] An Exception Occured with this Message: Could not start a new session. Possible causes are invalid address of the remote server or browser start-up failure.. @13-11-2021 01:52:14.0013 AM
[ReportManager] Successfully created attachment [Exception Stack Trace - org.openqa.selenium.SessionNotCreatedException] @13-11-2021 01:52:14.0014 A
[ReportManager] Successfully loaded the following test data file [src/test/resources/TestDataFiles/testSuite01/TestData.xlsx]. @13-11-2021 01:52:14.0088 AM
[ReportManager] Successfully created attachment [Test Data - Excel] @13-11-2021 01:52:14.0089 AM
[ReportManager] Attempting to run using Playwright locally on: [Linux-64], [GoogleChrome], Headless Execution. @13-11-2021 01:52:30.0906 AM
[ReportManager] File Action [GetAbsolutePath] successfully performed. With the following test data [Relative Folder Path: "target/downloadedFiles/"]. @13-11-2021 01:52:30.0908 AM
[ReportManager] Initial window size: (1280, 720) @13-11-2021 01:52:31.0307 AM
[ReportManager] Window size after Toolkit: com.microsoft.playwright.options.ViewportSize@29667d2e @13-11-2021 01:52:31.0315 AM
[ReportManager] Browser Action [MaximizeWindow] successfully performed. With the following test data [New screen size is now: (1920, 1080)]. @13-11-2021 01:52:31.0316 A

################################################################################################################################################
Starting Execution:	[16 out of 146] test cases in the current suite
Test Method:		[testPackage01.Test_google_playwright.navigateToURLandVerifyGoogleLogoIsDisplayed]
Test Description:	[TC001 - Navigate to URL and Verify Google Logo is Displayed]
################################################################################################################################################
[ReportManager] Target URL: [https://www.google.com/ncr], and after redirection: [https://www.google.com] @13-11-2021 01:52:31.0341 AM
[ReportManager] Initial URL: [about:blank] @13-11-2021 01:52:31.0795 AM
[ReportManager] Browser Action [NavigateToURL] successfully performed. With the following test data [https://www.google.com/ncr]. @13-11-2021 01:52:33.0115 AM
[ReportManager] Loaded Shared OpenCV @13-11-2021 01:52:33.0414 AM
[ReportManager] Assertion [ValidateElementExists] PASSED. Expected [Element Should Exist, locator 'xpath=//*[@id='hplogo' or @alt='Google']'] and Actual [Element Exists]. Comparison Type [EQUALS]. Validation Type [POSITIVE]. @13-11-2021 01:52:33.0770 AM
[ReportManager] Successfully created attachment [Screenshot - 1636768353408_navigateToURLandVerifyGoogleLogoIsDisplayed_ValidateElementExists_passed] @13-11-2021 01:52:33.0776 A

################################################################################################################################################
Starting Execution:	[17 out of 146] test cases in the current suite
Test Method:		[testPackage01.Test_google_playwright.searchForQueryandAssertResultsNumDisplayed]
Test Description:	[TC002 - Search for Query and Assert that the number of results is displayed]
################################################################################################################################################
[ReportManager] Element Action [Type] successfully performed. With the following test data [SHAFT_Engine]. @13-11-2021 01:52:34.0144 AM
[ReportManager] Element Action [KeyPress] successfully performed. With the following test data [Enter]. @13-11-2021 01:52:34.0192 AM
[ReportManager] Element Action [GetText] successfully performed. With the following test data [About 715,000 results (0.62 seconds) ]. @13-11-2021 01:52:35.0278 AM
[ReportManager] Loaded Shared OpenCV @13-11-2021 01:52:36.0732 AM
[ReportManager] Assertion [ValidateElementAttribute] PASSED. Expected [Value Should not be '' for the 'text' attribute, element locator 'xpath=//div[@id='appbar']'] and Actual [About 715,000 results (0.62 seconds) ]. Comparison Type [EQUALS]. Validation Type [NEGATIVE]. @13-11-2021 01:52:37.0009 AM
[ReportManager] Successfully created attachment [Screenshot - 1636768356730_searchForQueryandAssertResultsNumDisplayed_ValidateElementAttribute_passed] @13-11-2021 01:52:37.0067 A

################################################################################################################################################
Starting Execution:	[18 out of 146] test cases in the current suite
Test Method:		[testPackage01.Test_google_playwright.clickNextThrice]
Test Description:	[TC003 - Clicks the next button to make sure that the framework can scroll element into view before clicking it]
################################################################################################################################################
[ReportManager] Element Action [Click] successfully performed. With the following test data [Next]. @13-11-2021 01:52:37.0339 A
[ReportManager] Failed to find video recording. @13-11-2021 01:52:37.0344 AM
[ReportManager] Successfully Closed PlayWright Driver. @13-11-2021 01:52:37.0393 A

################################################################################################################################################
Starting Execution:	[19 out of 146] test cases in the current suite
Test Method:		[testPackage01.Test_sendGraphqlRequest.sendGraphqlRequestUsingMutationAndVariables]
################################################################################################################################################
[ReportManager] GraphQl Request is being Performed with the Following Parameters [Service URL: https://api.spacex.land/graphql | Request Body: {"variables":"{\"name\": \"sherlock holmes\",\"rocket\": \"221B Baker Street\"}","query":"mutation ($name: String, $rocket: String) {\n  insert_users(objects: {name: $name, rocket: $rocket}) {\n    returning {\n      name\n      rocket\n    }\n  }\n}"}] @13-11-2021 01:52:37.0400 AM
[ReportManager] Response status code: [200], status line: [HTTP/1.1 200 OK] @13-11-2021 01:52:37.0719 AM
[ReportManager] Assertion Passed: Evaluating the actual response status code against the expected one... @13-11-2021 01:52:37.0720 AM
[ReportManager] Assertion [ValidateComparativeRelation] PASSED. Expected [200] and Actual [200]. Comparison Type [EQUALS]. Validation Type [POSITIVE]. @13-11-2021 01:52:37.0720 AM
[ReportManager] API Action [PerformRequest] successfully performed. With the following test data [Request Type: "POST" | Target Status Code: "200" | Service URL: "https://api.spacex.land/graphql" | Content Type: "application/json" | Response Time: "221ms"]. @13-11-2021 01:52:37.0738 AM
[ReportManager] Successfully created attachment [API Request - Specifications] @13-11-2021 01:52:37.0739 AM
[ReportManager] Successfully created attachment [API Request - JSON Body] @13-11-2021 01:52:37.0740 AM
[ReportManager] Successfully created attachment [API Response - JSON Body] @13-11-2021 01:52:37.0740 AM
[ReportManager] API Action [GetResponseJSONValue] successfully performed. With the following test data [data.insert_users.returning[0].name]. @13-11-2021 01:52:37.0836 AM
[ReportManager] Assertion [ValidateEquals] PASSED. Expected [sherlock holmes] and Actual [sherlock holmes]. Comparison Type [EQUALS]. Validation Type [POSITIVE]. @13-11-2021 01:52:37.0836 A

################################################################################################################################################
Starting Execution:	[20 out of 146] test cases in the current suite
Test Method:		[testPackage01.Test_sendGraphqlRequest.sendGraphqlRequestUsingQuery]
################################################################################################################################################
[ReportManager] GraphQl Request is being Performed with the Following Parameters [Service URL: https://api.spacex.land/graphql | Request Body: {"query":"{company {ceo}}"}] @13-11-2021 01:52:37.0842 AM
[ReportManager] Response status code: [200], status line: [HTTP/1.1 200 OK] @13-11-2021 01:52:37.0947 AM
[ReportManager] Assertion Passed: Evaluating the actual response status code against the expected one... @13-11-2021 01:52:37.0947 AM
[ReportManager] Assertion [ValidateComparativeRelation] PASSED. Expected [200] and Actual [200]. Comparison Type [EQUALS]. Validation Type [POSITIVE]. @13-11-2021 01:52:37.0948 AM
[ReportManager] API Action [PerformRequest] successfully performed. With the following test data [Request Type: "POST" | Target Status Code: "200" | Service URL: "https://api.spacex.land/graphql" | Content Type: "application/json" | Response Time: "94ms"]. @13-11-2021 01:52:37.0964 AM
[ReportManager] Successfully created attachment [API Request - Specifications] @13-11-2021 01:52:37.0964 AM
[ReportManager] Successfully created attachment [API Request - JSON Body] @13-11-2021 01:52:37.0965 AM
[ReportManager] Successfully created attachment [API Response - JSON Body] @13-11-2021 01:52:37.0965 AM
[ReportManager] API Action [GetResponseJSONValue] successfully performed. With the following test data [data.company.ceo]. @13-11-2021 01:52:37.0980 AM
[ReportManager] Assertion [ValidateEquals] PASSED. Expected [Elon Musk] and Actual [Elon Musk]. Comparison Type [EQUALS]. Validation Type [POSITIVE]. @13-11-2021 01:52:37.0981 A

################################################################################################################################################
Starting Execution:	[21 out of 146] test cases in the current suite
Test Method:		[testPackage01.Test_NewValidationHelper.f1]
################################################################################################################################################
[ReportManager] Assertion Passed: Checking valid user data @13-11-2021 01:52:37.0991 AM
[ReportManager] Successfully created attachment [Validation Test Data - Expected Value] @13-11-2021 01:52:37.0991 AM
[ReportManager] Successfully created attachment [Validation Test Data - Actual Value] @13-11-2021 01:52:37.0991 AM
[ReportManager] Assertion [ValidateEquals] PASSED. Expected and Actual values are attached. Comparison Type [EQUALS]. Validation Type [POSITIVE]. @13-11-2021 01:52:37.0991 A
[ReportManager] File Action [GetAbsolutePath] successfully performed. With the following test data [Relative Folder Path: "target/downloadedFiles/"]. @13-11-2021 01:52:37.0997 AM
[ReportManager] Attempting to run remotely on: [Linux-64], [GoogleChrome], [http://localhost:4444/wd/hub], Headless Execution. @13-11-2021 01:52:37.0997 AM
[ReportManager] Successfully Opened [GoogleChrome]. @13-11-2021 01:54:17.0756 AM
[ReportManager] Target URL: [https://the-internet.herokuapp.com/] @13-11-2021 01:54:17.0757 AM
[ReportManager] Initial URL: [data:,] @13-11-2021 01:54:17.0870 AM
[ReportManager] Browser Action [NavigateToURL] successfully performed. With the following test data [https://the-internet.herokuapp.com/]. @13-11-2021 01:54:18.0437 A

################################################################################################################################################
Starting Execution:	[22 out of 146] test cases in the current suite
Test Method:		[testPackage01.Test_NewValidationHelper.f10]
################################################################################################################################################
[ReportManager] Loaded Shared OpenCV @13-11-2021 01:54:18.0958 AM
[ReportManager] Assertion [ValidateElementExists] FAILED. Expected [Element Should Exist, locator 'By.tagName: div'] and Actual [Element Exists but is not unique]. Comparison Type [EQUALS]. Validation Type [POSITIVE]. @13-11-2021 01:54:19.0233 AM
[ReportManager] Successfully created attachment [Screenshot - 1636768458958_f10_ValidateElementExists_failed] @13-11-2021 01:54:19.0235 A
[ReportManager] Successfully Closed All Drivers. @13-11-2021 01:54:19.0360 A
[ReportManager] File Action [GetAbsolutePath] successfully performed. With the following test data [Relative Folder Path: "target/downloadedFiles/"]. @13-11-2021 01:54:19.0365 AM
[ReportManager] Attempting to run remotely on: [Linux-64], [GoogleChrome], [http://localhost:4444/wd/hub], Headless Execution. @13-11-2021 01:54:19.0366 AM
[ReportManager] Successfully Opened [GoogleChrome]. @13-11-2021 01:54:22.0822 AM
[ReportManager] Target URL: [https://the-internet.herokuapp.com/] @13-11-2021 01:54:22.0822 AM
[ReportManager] Initial URL: [data:,] @13-11-2021 01:54:22.0948 AM
[ReportManager] Browser Action [NavigateToURL] successfully performed. With the following test data [https://the-internet.herokuapp.com/]. @13-11-2021 01:54:23.0528 A

################################################################################################################################################
Starting Execution:	[23 out of 146] test cases in the current suite
Test Method:		[testPackage01.Test_NewValidationHelper.f11]
################################################################################################################################################
[ReportManager] Assertion Passed: Checking that false tag doesn't exist @13-11-2021 01:54:34.0417 AM
[ReportManager] Successfully created attachment [Screenshot - 1636768474183_f11_ValidateElementExists_passed] @13-11-2021 01:54:34.0418 AM
[ReportManager] Assertion [ValidateElementExists] PASSED. Expected [Element Should not Exist, locator 'By.tagName: h3'] and Actual [Element Doesn't Exists]. Comparison Type [EQUALS]. Validation Type [NEGATIVE]. @13-11-2021 01:54:34.0418 A
[ReportManager] Successfully Closed All Drivers. @13-11-2021 01:54:34.0522 A
[ReportManager] File Action [GetAbsolutePath] successfully performed. With the following test data [Relative Folder Path: "target/downloadedFiles/"]. @13-11-2021 01:54:34.0525 AM
[ReportManager] Attempting to run remotely on: [Linux-64], [GoogleChrome], [http://localhost:4444/wd/hub], Headless Execution. @13-11-2021 01:54:34.0525 AM
[ReportManager] Successfully Opened [GoogleChrome]. @13-11-2021 01:54:37.0756 AM
[ReportManager] Target URL: [https://the-internet.herokuapp.com/] @13-11-2021 01:54:37.0756 AM
[ReportManager] Initial URL: [data:,] @13-11-2021 01:54:37.0845 AM
[ReportManager] Browser Action [NavigateToURL] successfully performed. With the following test data [https://the-internet.herokuapp.com/]. @13-11-2021 01:54:38.0486 A

################################################################################################################################################
Starting Execution:	[24 out of 146] test cases in the current suite
Test Method:		[testPackage01.Test_NewValidationHelper.f12]
################################################################################################################################################
[ReportManager] Loaded Shared OpenCV @13-11-2021 01:54:38.0971 AM
[ReportManager] Assertion [ValidateElementExists] FAILED. Expected [Element Should not Exist, locator 'By.tagName: h1'] and Actual [Element Exists]. Comparison Type [EQUALS]. Validation Type [NEGATIVE]. @13-11-2021 01:54:39.0240 AM
[ReportManager] Successfully created attachment [Screenshot - 1636768478971_f12_ValidateElementExists_failed] @13-11-2021 01:54:39.0242 A
[ReportManager] Successfully Closed All Drivers. @13-11-2021 01:54:39.0372 A
[ReportManager] File Action [GetAbsolutePath] successfully performed. With the following test data [Relative Folder Path: "target/downloadedFiles/"]. @13-11-2021 01:54:39.0380 AM
[ReportManager] Attempting to run remotely on: [Linux-64], [GoogleChrome], [http://localhost:4444/wd/hub], Headless Execution. @13-11-2021 01:54:39.0391 AM
[ReportManager] Successfully Opened [GoogleChrome]. @13-11-2021 01:54:42.0762 AM
[ReportManager] Target URL: [https://the-internet.herokuapp.com/] @13-11-2021 01:54:42.0762 AM
[ReportManager] Initial URL: [data:,] @13-11-2021 01:54:42.0865 AM
[ReportManager] Browser Action [NavigateToURL] successfully performed. With the following test data [https://the-internet.herokuapp.com/]. @13-11-2021 01:54:43.0443 A

################################################################################################################################################
Starting Execution:	[25 out of 146] test cases in the current suite
Test Method:		[testPackage01.Test_NewValidationHelper.f13]
################################################################################################################################################
[ReportManager] Loaded Shared OpenCV @13-11-2021 01:54:43.0956 AM
[ReportManager] Assertion [ValidateElementExists] FAILED. Expected [Element Should not Exist, locator 'By.tagName: div'] and Actual [Element Exists but is not unique]. Comparison Type [EQUALS]. Validation Type [NEGATIVE]. @13-11-2021 01:54:44.0215 AM
[ReportManager] Successfully created attachment [Screenshot - 1636768483956_f13_ValidateElementExists_failed] @13-11-2021 01:54:44.0217 A
[ReportManager] Successfully Closed All Drivers. @13-11-2021 01:54:44.0319 A
[ReportManager] File Action [GetAbsolutePath] successfully performed. With the following test data [Relative Folder Path: "target/downloadedFiles/"]. @13-11-2021 01:54:44.0332 AM
[ReportManager] Attempting to run remotely on: [Linux-64], [GoogleChrome], [http://localhost:4444/wd/hub], Headless Execution. @13-11-2021 01:54:44.0332 AM
[ReportManager] Successfully Opened [GoogleChrome]. @13-11-2021 01:54:47.0754 AM
[ReportManager] Target URL: [https://the-internet.herokuapp.com/] @13-11-2021 01:54:47.0754 AM
[ReportManager] Initial URL: [data:,] @13-11-2021 01:54:47.0854 AM
[ReportManager] Browser Action [NavigateToURL] successfully performed. With the following test data [https://the-internet.herokuapp.com/]. @13-11-2021 01:54:48.0416 A

################################################################################################################################################
Starting Execution:	[26 out of 146] test cases in the current suite
Test Method:		[testPackage01.Test_NewValidationHelper.f14]
################################################################################################################################################
[ReportManager] Element Action [GetText] successfully performed. With the following test data [Welcome to the-internet]. @13-11-2021 01:54:48.0602 AM
[ReportManager] Loaded Shared OpenCV @13-11-2021 01:54:48.0972 AM
[ReportManager] Assertion Passed: Asserting that the header text is correct @13-11-2021 01:54:49.0247 AM
[ReportManager] Successfully created attachment [Screenshot - 1636768488972_f14_ValidateElementAttribute_passed] @13-11-2021 01:54:49.0250 AM
[ReportManager] Assertion [ValidateElementAttribute] PASSED. Expected [Value Should be 'Welcome to the-internet' for the 'text' attribute, element locator 'By.tagName: h1'] and Actual [Welcome to the-internet]. Comparison Type [EQUALS]. Validation Type [POSITIVE]. @13-11-2021 01:54:49.0250 A
[ReportManager] Successfully Closed All Drivers. @13-11-2021 01:54:49.0365 A
[ReportManager] File Action [GetAbsolutePath] successfully performed. With the following test data [Relative Folder Path: "target/downloadedFiles/"]. @13-11-2021 01:54:49.0367 AM
[ReportManager] Attempting to run remotely on: [Linux-64], [GoogleChrome], [http://localhost:4444/wd/hub], Headless Execution. @13-11-2021 01:54:49.0367 AM
[ReportManager] Successfully Opened [GoogleChrome]. @13-11-2021 01:54:52.0748 AM
[ReportManager] Target URL: [https://the-internet.herokuapp.com/] @13-11-2021 01:54:52.0749 AM
[ReportManager] Initial URL: [data:,] @13-11-2021 01:54:52.0849 AM
[ReportManager] Browser Action [NavigateToURL] successfully performed. With the following test data [https://the-internet.herokuapp.com/]. @13-11-2021 01:54:53.0435 A

################################################################################################################################################
Starting Execution:	[27 out of 146] test cases in the current suite
Test Method:		[testPackage01.Test_NewValidationHelper.f15]
################################################################################################################################################
[ReportManager] Element Action [GetText] successfully performed. With the following test data [Welcome to the-internet]. @13-11-2021 01:54:53.0604 AM
[ReportManager] Loaded Shared OpenCV @13-11-2021 01:54:53.0971 AM
[ReportManager] Assertion [ValidateElementAttribute] FAILED. Expected [Value Should not be 'Welcome' for the 'text' attribute, element locator 'By.tagName: h1'] and Actual [Welcome to the-internet]. Comparison Type [CONTAINS]. Validation Type [NEGATIVE]. @13-11-2021 01:54:54.0233 AM
[ReportManager] Successfully created attachment [Screenshot - 1636768493971_f15_ValidateElementAttribute_failed] @13-11-2021 01:54:54.0236 A
[ReportManager] Successfully Closed All Drivers. @13-11-2021 01:54:54.0336 A
[ReportManager] File Action [GetAbsolutePath] successfully performed. With the following test data [Relative Folder Path: "target/downloadedFiles/"]. @13-11-2021 01:54:54.0342 AM
[ReportManager] Attempting to run remotely on: [Linux-64], [GoogleChrome], [http://localhost:4444/wd/hub], Headless Execution. @13-11-2021 01:54:54.0343 AM
[ReportManager] Successfully Opened [GoogleChrome]. @13-11-2021 01:54:57.0739 AM
[ReportManager] Target URL: [https://the-internet.herokuapp.com/] @13-11-2021 01:54:57.0739 AM
[ReportManager] Initial URL: [data:,] @13-11-2021 01:54:57.0829 AM
[ReportManager] Browser Action [NavigateToURL] successfully performed. With the following test data [https://the-internet.herokuapp.com/]. @13-11-2021 01:54:58.0426 A

################################################################################################################################################
Starting Execution:	[28 out of 146] test cases in the current suite
Test Method:		[testPackage01.Test_NewValidationHelper.f16]
################################################################################################################################################
[ReportManager] Element Action [IdentifyUniqueElement] failed. With the following test data [zero elements found matching this locator "By.tagName: h3".]. @13-11-2021 01:55:24.0417 AM
[ReportManager] Successfully created attachment [Screenshot - 1636768524187_f16_IdentifyUniqueElement_failed] @13-11-2021 01:55:24.0418 AM
[ReportManager] Assertion [ValidateElementAttribute] FAILED. Expected [Value Should not be 'Welcome' for the 'text' attribute, element locator 'By.tagName: h3'] and Actual [Failed to read the desired element attribute]. Comparison Type [CONTAINS]. Validation Type [NEGATIVE]. @13-11-2021 01:55:24.0419 A
[ReportManager] Successfully Closed All Drivers. @13-11-2021 01:55:24.0604 A
[ReportManager] File Action [GetAbsolutePath] successfully performed. With the following test data [Relative Folder Path: "target/downloadedFiles/"]. @13-11-2021 01:55:24.0607 AM
[ReportManager] Attempting to run remotely on: [Linux-64], [GoogleChrome], [http://localhost:4444/wd/hub], Headless Execution. @13-11-2021 01:55:24.0607 AM
[ReportManager] Successfully Opened [GoogleChrome]. @13-11-2021 01:55:27.0725 AM
[ReportManager] Target URL: [https://the-internet.herokuapp.com/] @13-11-2021 01:55:27.0725 AM
[ReportManager] Initial URL: [data:,] @13-11-2021 01:55:27.0826 AM
[ReportManager] Browser Action [NavigateToURL] successfully performed. With the following test data [https://the-internet.herokuapp.com/]. @13-11-2021 01:55:28.0339 A

################################################################################################################################################
Starting Execution:	[29 out of 146] test cases in the current suite
Test Method:		[testPackage01.Test_NewValidationHelper.f17]
################################################################################################################################################
[ReportManager] Attempting to getAttribute [text2] from elementLocator [By.tagName: h1]. @13-11-2021 01:55:28.0347 AM
[ReportManager] Element Action [GetAttribute] successfully performed. @13-11-2021 01:55:28.0570 AM
[ReportManager] Loaded Shared OpenCV @13-11-2021 01:55:28.0939 AM
[ReportManager] Assertion [ValidateElementAttribute] PASSED. Expected [Value Should not be 'Welcome' for the 'text2' attribute, element locator 'By.tagName: h1'] and Actual [null]. Comparison Type [CONTAINS]. Validation Type [NEGATIVE]. @13-11-2021 01:55:29.0178 AM
[ReportManager] Successfully created attachment [Screenshot - 1636768528939_f17_ValidateElementAttribute_passed] @13-11-2021 01:55:29.0180 A
[ReportManager] Successfully Closed All Drivers. @13-11-2021 01:55:29.0276 A
[ReportManager] File Action [GetAbsolutePath] successfully performed. With the following test data [Relative Folder Path: "target/downloadedFiles/"]. @13-11-2021 01:55:29.0279 AM
[ReportManager] Attempting to run remotely on: [Linux-64], [GoogleChrome], [http://localhost:4444/wd/hub], Headless Execution. @13-11-2021 01:55:29.0279 AM
[ReportManager] Successfully Opened [GoogleChrome]. @13-11-2021 01:55:32.0759 AM
[ReportManager] Target URL: [https://the-internet.herokuapp.com/] @13-11-2021 01:55:32.0759 AM
[ReportManager] Initial URL: [data:,] @13-11-2021 01:55:32.0877 AM
[ReportManager] Browser Action [NavigateToURL] successfully performed. With the following test data [https://the-internet.herokuapp.com/]. @13-11-2021 01:55:33.0378 A

################################################################################################################################################
Starting Execution:	[30 out of 146] test cases in the current suite
Test Method:		[testPackage01.Test_NewValidationHelper.f18]
################################################################################################################################################
[ReportManager] Element Action [GetText] successfully performed. With the following test data [Welcome to the-internet]. @13-11-2021 01:55:33.0534 AM
[ReportManager] Loaded Shared OpenCV @13-11-2021 01:55:33.0862 AM
[ReportManager] Assertion [ValidateElementAttribute] PASSED. Expected [Value Should not be 'no' for the 'text' attribute, element locator 'By.tagName: h1'] and Actual [Welcome to the-internet]. Comparison Type [CONTAINS]. Validation Type [NEGATIVE]. @13-11-2021 01:55:34.0092 AM
[ReportManager] Successfully created attachment [Screenshot - 1636768533861_f18_ValidateElementAttribute_passed] @13-11-2021 01:55:34.0094 A
[ReportManager] Successfully Closed All Drivers. @13-11-2021 01:55:34.0198 A

################################################################################################################################################
Starting Execution:	[31 out of 146] test cases in the current suite
Test Method:		[testPackage01.Test_NewValidationHelper.f2]
################################################################################################################################################
[ReportManager] Assertion Failed: Checking valid user data @13-11-2021 01:55:34.0205 AM
[ReportManager] Assertion [ValidateEquals] FAILED. Expected [1] and Actual [2]. Comparison Type [EQUALS]. Validation Type [POSITIVE]. @13-11-2021 01:55:34.0208 A
[ReportManager] File Action [GetAbsolutePath] successfully performed. With the following test data [Relative Folder Path: "target/downloadedFiles/"]. @13-11-2021 01:55:34.0212 AM
[ReportManager] Attempting to run remotely on: [Linux-64], [GoogleChrome], [http://localhost:4444/wd/hub], Headless Execution. @13-11-2021 01:55:34.0213 AM
[ReportManager] Successfully Opened [GoogleChrome]. @13-11-2021 01:55:37.0733 AM
[ReportManager] Target URL: [https://the-internet.herokuapp.com/] @13-11-2021 01:55:37.0733 AM
[ReportManager] Initial URL: [data:,] @13-11-2021 01:55:37.0809 AM
[ReportManager] Browser Action [NavigateToURL] successfully performed. With the following test data [https://the-internet.herokuapp.com/]. @13-11-2021 01:55:38.0266 A

################################################################################################################################################
Starting Execution:	[32 out of 146] test cases in the current suite
Test Method:		[testPackage01.Test_NewValidationHelper.f20]
################################################################################################################################################
[ReportManager] Element Action [GetSize] successfully performed. With the following test data [(970, 61)]. @13-11-2021 01:55:38.0382 AM
[ReportManager] Loaded Shared OpenCV @13-11-2021 01:55:38.0713 AM
[ReportManager] Assertion [ValidateElementAttribute] PASSED. Expected [Value Should not be 'a' for the 'size' attribute, element locator 'By.tagName: h1'] and Actual [(970, 61)]. Comparison Type [CONTAINS]. Validation Type [NEGATIVE]. @13-11-2021 01:55:38.0970 AM
[ReportManager] Successfully created attachment [Screenshot - 1636768538713_f20_ValidateElementAttribute_passed] @13-11-2021 01:55:38.0972 A
[ReportManager] Successfully Closed All Drivers. @13-11-2021 01:55:39.0103 A
[ReportManager] File Action [GetAbsolutePath] successfully performed. With the following test data [Relative Folder Path: "target/downloadedFiles/"]. @13-11-2021 01:55:39.0107 AM
[ReportManager] Attempting to run remotely on: [Linux-64], [GoogleChrome], [http://localhost:4444/wd/hub], Headless Execution. @13-11-2021 01:55:39.0107 AM
[ReportManager] Successfully Opened [GoogleChrome]. @13-11-2021 01:55:42.0727 AM
[ReportManager] Target URL: [https://the-internet.herokuapp.com/] @13-11-2021 01:55:42.0727 AM
[ReportManager] Initial URL: [data:,] @13-11-2021 01:55:42.0815 AM
[ReportManager] Browser Action [NavigateToURL] successfully performed. With the following test data [https://the-internet.herokuapp.com/]. @13-11-2021 01:55:43.0286 A

################################################################################################################################################
Starting Execution:	[33 out of 146] test cases in the current suite
Test Method:		[testPackage01.Test_NewValidationHelper.f21]
################################################################################################################################################
[ReportManager] Element Action [IdentifyUniqueElement] failed. With the following test data [zero elements found matching this locator "By.tagName: h3".]. @13-11-2021 01:56:09.0210 AM
[ReportManager] Successfully created attachment [Screenshot - 1636768569024_f21_IdentifyUniqueElement_failed] @13-11-2021 01:56:09.0212 AM
[ReportManager] Assertion [ValidateElementAttribute] FAILED. Expected [Value Should be 'Welcome' for the 'text' attribute, element locator 'By.tagName: h3'] and Actual [Failed to read the desired element attribute]. Comparison Type [CONTAINS]. Validation Type [POSITIVE]. @13-11-2021 01:56:09.0212 A
[ReportManager] Successfully Closed All Drivers. @13-11-2021 01:56:09.0349 A
[ReportManager] File Action [GetAbsolutePath] successfully performed. With the following test data [Relative Folder Path: "target/downloadedFiles/"]. @13-11-2021 01:56:09.0354 AM
[ReportManager] Attempting to run remotely on: [Linux-64], [GoogleChrome], [http://localhost:4444/wd/hub], Headless Execution. @13-11-2021 01:56:09.0354 AM
[ReportManager] Successfully Opened [GoogleChrome]. @13-11-2021 01:56:12.0756 AM
[ReportManager] Target URL: [https://the-internet.herokuapp.com/] @13-11-2021 01:56:12.0756 AM
[ReportManager] Initial URL: [data:,] @13-11-2021 01:56:12.0854 AM
[ReportManager] Browser Action [NavigateToURL] successfully performed. With the following test data [https://the-internet.herokuapp.com/]. @13-11-2021 01:56:13.0301 A

################################################################################################################################################
Starting Execution:	[34 out of 146] test cases in the current suite
Test Method:		[testPackage01.Test_NewValidationHelper.f22]
################################################################################################################################################
[ReportManager] Element Action [GetText] successfully performed. With the following test data [Welcome to the-internet]. @13-11-2021 01:56:13.0485 AM
[ReportManager] Loaded Shared OpenCV @13-11-2021 01:56:13.0797 AM
[ReportManager] Assertion [ValidateElementAttribute] FAILED. Expected [Value Should be 'yyy' for the 'text' attribute, element locator 'By.tagName: h1'] and Actual [Welcome to the-internet]. Comparison Type [CONTAINS]. Validation Type [POSITIVE]. @13-11-2021 01:56:14.0046 AM
[ReportManager] Successfully created attachment [Screenshot - 1636768573797_f22_ValidateElementAttribute_failed] @13-11-2021 01:56:14.0049 A
[ReportManager] Successfully Closed All Drivers. @13-11-2021 01:56:14.0151 A

################################################################################################################################################
Starting Execution:	[35 out of 146] test cases in the current suite
Test Method:		[testPackage01.Test_NewValidationHelper.f23]
################################################################################################################################################
[ReportManager] Assertion Passed: confirming that the actual is greater than or equal to the expected @13-11-2021 01:56:14.0156 AM
[ReportManager] Assertion [ValidateComparativeRelation] PASSED. Expected [1] and Actual [1]. Comparison Type [GREATER_THAN_OR_EQUALS]. Validation Type [POSITIVE]. @13-11-2021 01:56:14.0156 A

################################################################################################################################################
Starting Execution:	[36 out of 146] test cases in the current suite
Test Method:		[testPackage01.Test_NewValidationHelper.f24]
################################################################################################################################################
[ReportManager] Assertion [ValidateComparativeRelation] PASSED. Expected [1] and Actual [10]. Comparison Type [GREATER_THAN_OR_EQUALS]. Validation Type [POSITIVE]. @13-11-2021 01:56:14.0159 A

################################################################################################################################################
Starting Execution:	[37 out of 146] test cases in the current suite
Test Method:		[testPackage01.Test_NewValidationHelper.f25]
################################################################################################################################################
[ReportManager] Assertion [ValidateComparativeRelation] PASSED. Expected [1] and Actual [1]. Comparison Type [EQUALS]. Validation Type [POSITIVE]. @13-11-2021 01:56:14.0162 A

################################################################################################################################################
Starting Execution:	[38 out of 146] test cases in the current suite
Test Method:		[testPackage01.Test_NewValidationHelper.f26]
################################################################################################################################################
[ReportManager] Assertion [ValidateComparativeRelation] PASSED. Expected [1] and Actual [5]. Comparison Type [GREATER_THAN]. Validation Type [POSITIVE]. @13-11-2021 01:56:14.0165 A

################################################################################################################################################
Starting Execution:	[39 out of 146] test cases in the current suite
Test Method:		[testPackage01.Test_NewValidationHelper.f27]
################################################################################################################################################
[ReportManager] Assertion [ValidateComparativeRelation] PASSED. Expected [11] and Actual [5]. Comparison Type [LESS_THAN]. Validation Type [POSITIVE]. @13-11-2021 01:56:14.0167 A

################################################################################################################################################
Starting Execution:	[40 out of 146] test cases in the current suite
Test Method:		[testPackage01.Test_NewValidationHelper.f28]
################################################################################################################################################
[ReportManager] Assertion [ValidateComparativeRelation] PASSED. Expected [11] and Actual [5]. Comparison Type [LESS_THAN_OR_EQUALS]. Validation Type [POSITIVE]. @13-11-2021 01:56:14.0178 A

################################################################################################################################################
Starting Execution:	[41 out of 146] test cases in the current suite
Test Method:		[testPackage01.Test_NewValidationHelper.f29]
################################################################################################################################################
[ReportManager] Assertion [ValidateComparativeRelation] PASSED. Expected [11] and Actual [11]. Comparison Type [LESS_THAN_OR_EQUALS]. Validation Type [POSITIVE]. @13-11-2021 01:56:14.0182 A

################################################################################################################################################
Starting Execution:	[42 out of 146] test cases in the current suite
Test Method:		[testPackage01.Test_NewValidationHelper.f3]
################################################################################################################################################
[ReportManager] Assertion [ValidateEquals] PASSED. Expected [1] and Actual [2]. Comparison Type [EQUALS]. Validation Type [NEGATIVE]. @13-11-2021 01:56:14.0186 A

################################################################################################################################################
Starting Execution:	[43 out of 146] test cases in the current suite
Test Method:		[testPackage01.Test_NewValidationHelper.f30]
################################################################################################################################################
[ReportManager] Assertion [ValidateComparativeRelation] FAILED. Expected [-9] and Actual [11]. Comparison Type [LESS_THAN_OR_EQUALS]. Validation Type [POSITIVE]. @13-11-2021 01:56:14.0203 A

################################################################################################################################################
Starting Execution:	[44 out of 146] test cases in the current suite
Test Method:		[testPackage01.Test_NewValidationHelper.f31]
################################################################################################################################################
[ReportManager] Assertion [ValidateTrue] PASSED. Expected [TRUE] and Actual [TRUE]. Validation Type [POSITIVE]. @13-11-2021 01:56:14.0208 A

################################################################################################################################################
Starting Execution:	[45 out of 146] test cases in the current suite
Test Method:		[testPackage01.Test_NewValidationHelper.f32]
################################################################################################################################################
[ReportManager] Assertion [ValidateTrue] PASSED. Expected [FALSE] and Actual [FALSE]. Validation Type [NEGATIVE]. @13-11-2021 01:56:14.0213 A

################################################################################################################################################
Starting Execution:	[46 out of 146] test cases in the current suite
Test Method:		[testPackage01.Test_NewValidationHelper.f33]
################################################################################################################################################
[ReportManager] Assertion [ValidateTrue] FAILED. Expected [FALSE] and Actual [TRUE]. Validation Type [NEGATIVE]. @13-11-2021 01:56:14.0219 A

################################################################################################################################################
Starting Execution:	[47 out of 146] test cases in the current suite
Test Method:		[testPackage01.Test_NewValidationHelper.f34]
################################################################################################################################################
[ReportManager] Assertion [ValidateTrue] FAILED. Expected [TRUE] and Actual [FALSE]. Validation Type [POSITIVE]. @13-11-2021 01:56:14.0225 A

################################################################################################################################################
Starting Execution:	[48 out of 146] test cases in the current suite
Test Method:		[testPackage01.Test_NewValidationHelper.f35]
################################################################################################################################################
[ReportManager] File Action [DoesFileExist] successfully performed. With the following test data [File Path: "pom.xml"]. @13-11-2021 01:56:14.0229 AM
[ReportManager] Assertion [ValidateFileExists] PASSED. Expected [File 'pom.xml' should exist, after up to '1' retries] and Actual [File exists]. Validation Type [POSITIVE]. @13-11-2021 01:56:14.0242 A

################################################################################################################################################
Starting Execution:	[49 out of 146] test cases in the current suite
Test Method:		[testPackage01.Test_NewValidationHelper.f36]
################################################################################################################################################
[ReportManager] File Action [DoesFileExist] successfully performed. With the following test data [File Path: "src/test/java/testPackage01/Test_NewValidationHelper.java"]. @13-11-2021 01:56:14.0247 AM
[ReportManager] Assertion [ValidateFileExists] PASSED. Expected [File 'src/test/java/testPackage01/Test_NewValidationHelper.java' should exist, after up to '1' retries] and Actual [File exists]. Validation Type [POSITIVE]. @13-11-2021 01:56:14.0247 A

################################################################################################################################################
Starting Execution:	[50 out of 146] test cases in the current suite
Test Method:		[testPackage01.Test_NewValidationHelper.f37]
################################################################################################################################################
[ReportManager] File Action [DoesFileExist] successfully performed. With the following test data [File Path: "pom.xml"]. @13-11-2021 01:56:14.0253 AM
[ReportManager] Assertion Failed: confirming that the file does't exist after 5 retries @13-11-2021 01:56:14.0253 AM
[ReportManager] Assertion [ValidateFileExists] FAILED. Expected [File 'pom.xml' should not exist, after up to '5' retries] and Actual [File exists]. Validation Type [NEGATIVE]. @13-11-2021 01:56:14.0253 A

################################################################################################################################################
Starting Execution:	[51 out of 146] test cases in the current suite
Test Method:		[testPackage01.Test_NewValidationHelper.f3_1]
################################################################################################################################################
[ReportManager] Assertion Passed: Checking valid user data @13-11-2021 01:56:14.0257 AM
[ReportManager] Assertion [ValidateEquals] PASSED. Expected [null] and Actual [null]. Comparison Type [EQUALS]. Validation Type [POSITIVE]. @13-11-2021 01:56:14.0257 A

################################################################################################################################################
Starting Execution:	[52 out of 146] test cases in the current suite
Test Method:		[testPackage01.Test_NewValidationHelper.f4]
################################################################################################################################################
[ReportManager] Assertion [ValidateEquals] PASSED. Expected [1] and Actual [123]. Comparison Type [CONTAINS]. Validation Type [POSITIVE]. @13-11-2021 01:56:14.0260 A

################################################################################################################################################
Starting Execution:	[53 out of 146] test cases in the current suite
Test Method:		[testPackage01.Test_NewValidationHelper.f5]
################################################################################################################################################
[ReportManager] Assertion [ValidateNull] PASSED. Expected [NULL] and Actual [1]. Comparison Type [EQUALS]. Validation Type [NEGATIVE]. @13-11-2021 01:56:14.0263 A

################################################################################################################################################
Starting Execution:	[54 out of 146] test cases in the current suite
Test Method:		[testPackage01.Test_NewValidationHelper.f6]
################################################################################################################################################
[ReportManager] Assertion Failed: Making sure that null string is not equal to null object @13-11-2021 01:56:14.0266 AM
[ReportManager] Assertion [ValidateNull] FAILED. Expected [NULL] and Actual [NULL]. Comparison Type [EQUALS]. Validation Type [POSITIVE]. @13-11-2021 01:56:14.0266 A

################################################################################################################################################
Starting Execution:	[55 out of 146] test cases in the current suite
Test Method:		[testPackage01.Test_NewValidationHelper.f6_1]
################################################################################################################################################
[ReportManager] Assertion [ValidateNull] FAILED. Expected [NULL] and Actual [NULL]. Comparison Type [EQUALS]. Validation Type [NEGATIVE]. @13-11-2021 01:56:14.0269 A

################################################################################################################################################
Starting Execution:	[56 out of 146] test cases in the current suite
Test Method:		[testPackage01.Test_NewValidationHelper.f6_2]
################################################################################################################################################
[ReportManager] Assertion Failed: Making sure that null string is not equal to null object @13-11-2021 01:56:14.0271 AM
[ReportManager] Assertion [ValidateNull] FAILED. Expected [NULL] and Actual [not null]. Comparison Type [EQUALS]. Validation Type [POSITIVE]. @13-11-2021 01:56:14.0272 A

################################################################################################################################################
Starting Execution:	[57 out of 146] test cases in the current suite
Test Method:		[testPackage01.Test_NewValidationHelper.f7]
################################################################################################################################################
[ReportManager] Assertion [ValidateNull] PASSED. Expected [NULL] and Actual [NULL]. Comparison Type [EQUALS]. Validation Type [POSITIVE]. @13-11-2021 01:56:14.0274 A
[ReportManager] File Action [GetAbsolutePath] successfully performed. With the following test data [Relative Folder Path: "target/downloadedFiles/"]. @13-11-2021 01:56:14.0276 AM
[ReportManager] Attempting to run remotely on: [Linux-64], [GoogleChrome], [http://localhost:4444/wd/hub], Headless Execution. @13-11-2021 01:56:14.0276 AM
[ReportManager] Successfully Opened [GoogleChrome]. @13-11-2021 01:56:17.0737 AM
[ReportManager] Target URL: [https://the-internet.herokuapp.com/] @13-11-2021 01:56:17.0737 AM
[ReportManager] Initial URL: [data:,] @13-11-2021 01:56:17.0810 AM
[ReportManager] Browser Action [NavigateToURL] successfully performed. With the following test data [https://the-internet.herokuapp.com/]. @13-11-2021 01:56:18.0247 A

################################################################################################################################################
Starting Execution:	[58 out of 146] test cases in the current suite
Test Method:		[testPackage01.Test_NewValidationHelper.f8]
################################################################################################################################################
[ReportManager] Loaded Shared OpenCV @13-11-2021 01:56:18.0659 AM
[ReportManager] Assertion [ValidateElementExists] PASSED. Expected [Element Should Exist, locator 'By.tagName: h1'] and Actual [Element Exists]. Comparison Type [EQUALS]. Validation Type [POSITIVE]. @13-11-2021 01:56:18.0902 AM
[ReportManager] Successfully created attachment [Screenshot - 1636768578659_f8_ValidateElementExists_passed] @13-11-2021 01:56:18.0904 A
[ReportManager] Successfully Closed All Drivers. @13-11-2021 01:56:19.0017 A
[ReportManager] File Action [GetAbsolutePath] successfully performed. With the following test data [Relative Folder Path: "target/downloadedFiles/"]. @13-11-2021 01:56:19.0019 AM
[ReportManager] Attempting to run remotely on: [Linux-64], [GoogleChrome], [http://localhost:4444/wd/hub], Headless Execution. @13-11-2021 01:56:19.0020 AM
[ReportManager] Successfully Opened [GoogleChrome]. @13-11-2021 01:56:22.0739 AM
[ReportManager] Target URL: [https://the-internet.herokuapp.com/] @13-11-2021 01:56:22.0739 AM
[ReportManager] Initial URL: [data:,] @13-11-2021 01:56:22.0804 AM
[ReportManager] Browser Action [NavigateToURL] successfully performed. With the following test data [https://the-internet.herokuapp.com/]. @13-11-2021 01:56:23.0283 A

################################################################################################################################################
Starting Execution:	[59 out of 146] test cases in the current suite
Test Method:		[testPackage01.Test_NewValidationHelper.f9]
################################################################################################################################################
[ReportManager] Assertion [ValidateElementExists] FAILED. Expected [Element Should Exist, locator 'By.tagName: h3'] and Actual [Element Doesn't Exists]. Comparison Type [EQUALS]. Validation Type [POSITIVE]. @13-11-2021 01:56:54.0323 AM
[ReportManager] Successfully created attachment [Screenshot - 1636768614140_f9_ValidateElementExists_failed] @13-11-2021 01:56:54.0324 A
[ReportManager] Successfully Closed All Drivers. @13-11-2021 01:56:54.0431 A

################################################################################################################################################
Starting Execution:	[60 out of 146] test cases in the current suite
Test Method:		[testPackage01.Test_NewValidationHelper.forceFail]
################################################################################################################################################
[ReportManager] Assertion [ValidateFail] FAILED. Successfully force failed the test. @13-11-2021 01:56:54.0438 A

################################################################################################################################################
Starting Execution:	[61 out of 146] test cases in the current suite
Test Method:		[testPackage01.Test_NewValidationHelper.forceFail2]
################################################################################################################################################
[ReportManager] Assertion Failed: Custom Message @13-11-2021 01:56:54.0440 AM
[ReportManager] Assertion [ValidateFail] FAILED. Successfully force failed the test. @13-11-2021 01:56:54.0440 A
[ReportManager] Successfully loaded the following test data file [src/test/resources/TestDataFiles/testSuite01/TestData.xlsx]. @13-11-2021 01:56:54.0476 AM
[ReportManager] Successfully created attachment [Test Data - Excel] @13-11-2021 01:56:54.0476 AM
[ReportManager] File Action [GetAbsolutePath] successfully performed. With the following test data [Relative Folder Path: "target/downloadedFiles/"]. @13-11-2021 01:56:54.0476 AM
[ReportManager] Attempting to run remotely on: [Linux-64], [GoogleChrome], [http://localhost:4444/wd/hub], Headless Execution. @13-11-2021 01:56:54.0477 AM
[ReportManager] Successfully Opened [GoogleChrome]. @13-11-2021 01:56:57.0761 A

################################################################################################################################################
Starting Execution:	[62 out of 146] test cases in the current suite
Test Method:		[testPackage01.Test_google.navigateToURLandVerifyGoogleLogoIsDisplayed]
Test Description:	[TC001 - Navigate to URL and Verify Google Logo is Displayed]
################################################################################################################################################
[ReportManager] Target URL: [https://www.google.com/ncr], and after redirection: [https://www.google.com] @13-11-2021 01:56:57.0764 AM
[ReportManager] Initial URL: [data:,] @13-11-2021 01:56:57.0831 AM
[ReportManager] Browser Action [NavigateToURL] successfully performed. With the following test data [https://www.google.com/ncr]. @13-11-2021 01:56:58.0714 AM
[ReportManager] Loaded Shared OpenCV @13-11-2021 01:56:59.0095 AM
[ReportManager] Assertion Passed: Then I Assert that the element found by [By.xpath: //*[@id='hplogo' or @alt='Google']] exists. @13-11-2021 01:56:59.0317 AM
[ReportManager] Successfully created attachment [Screenshot - 1636768619095_navigateToURLandVerifyGoogleLogoIsDisplayed_ValidateElementExists_passed] @13-11-2021 01:56:59.0319 AM
[ReportManager] Assertion [ValidateElementExists] PASSED. Expected [Element Should Exist, locator 'By.xpath: //*[@id='hplogo' or @alt='Google']'] and Actual [Element Exists]. Comparison Type [EQUALS]. Validation Type [POSITIVE]. @13-11-2021 01:56:59.0319 A

################################################################################################################################################
Starting Execution:	[63 out of 146] test cases in the current suite
Test Method:		[testPackage01.Test_google.searchForQueryandAssertResultsNumDisplayed]
Test Description:	[TC002 - Search for Query and Assert that the number of results is displayed]
################################################################################################################################################
[ReportManager] Element Action [Type] successfully performed. With the following test data [SHAFT_Engine]. @13-11-2021 01:56:59.0864 AM
[ReportManager] Element Action [KeyPress] successfully performed. With the following test data [Enter]. @13-11-2021 01:57:01.0468 AM
[ReportManager] Element Action [GetText] successfully performed. With the following test data [About 715,000 results (0.62 seconds) ]. @13-11-2021 01:57:01.0581 AM
[ReportManager] Loaded Shared OpenCV @13-11-2021 01:57:01.0935 AM
[ReportManager] Assertion Passed: Then I Assert that the element found by [By.id: appbar] text does not equal []. @13-11-2021 01:57:02.0209 AM
[ReportManager] Successfully created attachment [Screenshot - 1636768621935_searchForQueryandAssertResultsNumDisplayed_ValidateElementAttribute_passed] @13-11-2021 01:57:02.0213 AM
[ReportManager] Assertion [ValidateElementAttribute] PASSED. Expected [Value Should not be '' for the 'text' attribute, element locator 'By.id: appbar'] and Actual [About 715,000 results (0.62 seconds) ]. Comparison Type [EQUALS]. Validation Type [NEGATIVE]. @13-11-2021 01:57:02.0213 A

################################################################################################################################################
Starting Execution:	[64 out of 146] test cases in the current suite
Test Method:		[testPackage01.Test_google.clickNextThrice]
Test Description:	[TC003 - Clicks the next button to make sure that the framework can scroll element into view before clicking it]
################################################################################################################################################
[ReportManager] Element Action [Click] successfully performed. With the following test data [Next]. @13-11-2021 01:57:04.0278 A
[ReportManager] Browser Action [CloseCurrentWindow] successfully performed. @13-11-2021 01:57:04.0468 AM
[ReportManager] Successfully created attachment [Browser Action Test Data - CloseCurrentWindow - Actual Value] @13-11-2021 01:57:04.0474 A
[ReportManager] File Action [GetAbsolutePath] successfully performed. With the following test data [Relative Folder Path: "target/downloadedFiles/"]. @13-11-2021 01:57:04.0476 AM
[ReportManager] Attempting to run remotely on: [Linux-64], [GoogleChrome], [http://localhost:4444/wd/hub], Headless Execution. @13-11-2021 01:57:04.0476 AM
[ReportManager] Successfully Opened [GoogleChrome]. @13-11-2021 01:57:07.0774 A

################################################################################################################################################
Starting Execution:	[65 out of 146] test cases in the current suite
Test Method:		[testPackage01.Test_clipboardActions.typeTextAndCopyPaste]
################################################################################################################################################
[ReportManager] Target URL: [https://www.google.com/ncr], and after redirection: [https://www.google.com] @13-11-2021 01:57:07.0783 AM
[ReportManager] Initial URL: [data:,] @13-11-2021 01:57:07.0863 AM
[ReportManager] Browser Action [NavigateToURL] successfully performed. With the following test data [https://www.google.com/ncr]. @13-11-2021 01:57:08.0734 AM
[ReportManager] Element Action [Type] successfully performed. With the following test data [FIRST]. @13-11-2021 01:57:09.0479 AM
[ReportManager] Element Action [ClipboardActions] successfully performed. With the following test data [select all]. @13-11-2021 01:57:09.0597 AM
[ReportManager] Element Action [ClipboardActions] successfully performed. With the following test data [copy]. @13-11-2021 01:57:09.0810 AM
[ReportManager] Element Action [ClipboardActions] successfully performed. With the following test data [unselect]. @13-11-2021 01:57:09.0957 AM
[ReportManager] Element Action [ClipboardActions] successfully performed. With the following test data [paste]. @13-11-2021 01:57:10.0127 AM
[ReportManager] Element Action [ClipboardActions] successfully performed. With the following test data [select all]. @13-11-2021 01:57:10.0248 AM
[ReportManager] Element Action [Type] successfully performed. @13-11-2021 01:57:10.0783 AM
[ReportManager] Element Action [ClipboardActions] successfully performed. With the following test data [cut]. @13-11-2021 01:57:10.0783 AM
[ReportManager] Element Action [ClipboardActions] successfully performed. With the following test data [paste]. @13-11-2021 01:57:10.0855 AM
[ReportManager] Element Action [ClipboardActions] successfully performed. With the following test data [paste]. @13-11-2021 01:57:10.0921 A
[ReportManager] Browser Action [CloseCurrentWindow] successfully performed. @13-11-2021 01:57:11.0062 AM
[ReportManager] Successfully created attachment [Browser Action Test Data - CloseCurrentWindow - Actual Value] @13-11-2021 01:57:11.0063 A

################################################################################################################################################
Starting Execution:	[66 out of 146] test cases in the current suite
Test Method:		[testPackage01.Test_JSONFileManager.readStringFromJson]
################################################################################################################################################
[ReportManager] File Action [GetAbsolutePath] successfully performed. With the following test data [Relative Folder Path: "src/test/resources/testDataFiles/simpleJSON.json"]. @13-11-2021 01:57:11.0069 AM
[ReportManager] An Exception Occured with this Message: /home/runner/work/SHAFT_ENGINE/SHAFT_ENGINE/src/test/resources/testDataFiles/simpleJSON.json (No such file or directory). @13-11-2021 01:57:11.0070 AM
[ReportManager] Successfully created attachment [Exception Stack Trace - java.io.FileNotFoundException] @13-11-2021 01:57:11.0071 AM
[ReportManager] Couldn't find the desired file. [src/test/resources/testDataFiles/simpleJSON.json]. @13-11-2021 01:57:11.0072 A
[ReportManager] File Action [GetAbsolutePath] successfully performed. With the following test data [Relative Folder Path: "target/downloadedFiles/"]. @13-11-2021 01:57:11.0076 AM
[ReportManager] Attempting to run remotely on: [Linux-64], [GoogleChrome], [http://localhost:4444/wd/hub], Headless Execution. @13-11-2021 01:57:11.0076 AM
[ReportManager] Successfully Opened [GoogleChrome]. @13-11-2021 01:57:12.0795 A

################################################################################################################################################
Starting Execution:	[67 out of 146] test cases in the current suite
Test Method:		[testPackage01.Test_uploadFile.uploadFile_invisibleUploadInput]
################################################################################################################################################
[ReportManager] Target URL: [https://fineuploader.com/demos.html#gallery-view] @13-11-2021 01:57:12.0800 AM
[ReportManager] Initial URL: [data:,] @13-11-2021 01:57:12.0885 AM
[ReportManager] Browser Action [NavigateToNewURL] failed. With the following test data [https://fineuploader.com/demos.html#gallery-view]. @13-11-2021 02:00:12.0890 A
[ReportManager] Browser Action [CloseCurrentWindow] successfully performed. With the following test data [<html><head></head><body></body></html>]. @13-11-2021 02:00:13.0033 A
[ReportManager] File Action [GetAbsolutePath] successfully performed. With the following test data [Relative Folder Path: "target/downloadedFiles/"]. @13-11-2021 02:00:13.0041 AM
[ReportManager] Attempting to run remotely on: [Linux-64], [GoogleChrome], [http://localhost:4444/wd/hub], Headless Execution. @13-11-2021 02:00:13.0041 AM
[ReportManager] Successfully Opened [GoogleChrome]. @13-11-2021 02:00:17.0766 A

################################################################################################################################################
Starting Execution:	[68 out of 146] test cases in the current suite
Test Method:		[testPackage01.Test_uploadFile.uploadFile_visibleUploadInput]
################################################################################################################################################
[ReportManager] Target URL: [http://demo.guru99.com/test/upload/] @13-11-2021 02:00:17.0771 AM
[ReportManager] Initial URL: [data:,] @13-11-2021 02:00:17.0852 AM
[ReportManager] Browser Action [NavigateToURL] successfully performed. With the following test data [http://demo.guru99.com/test/upload/]. @13-11-2021 02:00:19.0069 AM
[ReportManager] File Action [GetAbsolutePath] successfully performed. With the following test data [Relative File Path: "src/main/resources/images/shaft.png"]. @13-11-2021 02:00:19.0070 AM
[ReportManager] Successfully created attachment [File Action Actual Result - Command Log] @13-11-2021 02:00:19.0071 AM
[ReportManager] Element Action [TypeFileLocationForUpload] successfully performed. With the following test data [/home/runner/work/SHAFT_ENGINE/SHAFT_ENGINE/src/main/resources/images/shaft.png]. @13-11-2021 02:00:19.0248 AM
[ReportManager] Element Action [Click] successfully performed. With the following test data [on]. @13-11-2021 02:00:19.0959 AM
[ReportManager] Element Action [Click] successfully performed. With the following test data [Submit File]. @13-11-2021 02:00:20.0683 AM
[ReportManager] Element Action [GetText] successfully performed. With the following test data [1 file
has been successfully uploaded.]. @13-11-2021 02:00:20.0863 AM
[ReportManager] Loaded Shared OpenCV @13-11-2021 02:00:21.0181 AM
[ReportManager] Assertion [ValidateElementAttribute] PASSED. Expected [Value Should be '1 file' for the 'Text' attribute, element locator 'By.id: res'] and Actual [1 file
has been successfully uploaded.]. Comparison Type [CONTAINS]. Validation Type [POSITIVE]. @13-11-2021 02:00:21.0407 AM
[ReportManager] Successfully created attachment [Screenshot - 1636768821181_uploadFile_visibleUploadInput_ValidateElementAttribute_passed] @13-11-2021 02:00:21.0409 A
[ReportManager] Browser Action [CloseCurrentWindow] successfully performed. @13-11-2021 02:00:21.0553 AM
[ReportManager] Successfully created attachment [Browser Action Test Data - CloseCurrentWindow - Actual Value] @13-11-2021 02:00:21.0554 A
[ReportManager] File Action [GetAbsolutePath] successfully performed. With the following test data [Relative Folder Path: "target/downloadedFiles/"]. @13-11-2021 02:00:21.0557 AM
[ReportManager] Attempting to run remotely on: [Linux-64], [GoogleChrome], [http://localhost:4444/wd/hub], Headless Execution. @13-11-2021 02:00:21.0558 AM
[ReportManager] Successfully Opened [GoogleChrome]. @13-11-2021 02:00:22.0747 A

################################################################################################################################################
Starting Execution:	[69 out of 146] test cases in the current suite
Test Method:		[testPackage01.Test_dragAndDrop.dragAndDropJquery]
################################################################################################################################################
[ReportManager] Target URL: [https://jqueryui.com/resources/demos/droppable/default.html] @13-11-2021 02:00:22.0750 AM
[ReportManager] Initial URL: [data:,] @13-11-2021 02:00:22.0830 AM
[ReportManager] Browser Action [NavigateToURL] successfully performed. With the following test data [https://jqueryui.com/resources/demos/droppable/default.html]. @13-11-2021 02:00:23.0290 AM
[ReportManager] Element Action [GetText] successfully performed. With the following test data [Drop here]. @13-11-2021 02:00:23.0467 AM
[ReportManager] Element Action [DragAndDrop] successfully performed. With the following test data [Start point: (8, 18), End point: (8, 18)]. @13-11-2021 02:00:25.0036 AM
[ReportManager] Element Action [GetText] successfully performed. With the following test data [Dropped!]. @13-11-2021 02:00:25.0162 AM
[ReportManager] Assertion Passed: Checking to see if the text has changed after performing drag and drop @13-11-2021 02:00:25.0163 AM
[ReportManager] Assertion [ValidateEquals] PASSED. Expected [Drop here] and Actual [Dropped!]. Comparison Type [EQUALS]. Validation Type [NEGATIVE]. @13-11-2021 02:00:25.0163 A
[ReportManager] Browser Action [CloseCurrentWindow] successfully performed. @13-11-2021 02:00:25.0363 AM
[ReportManager] Successfully created attachment [Browser Action Test Data - CloseCurrentWindow - Actual Value] @13-11-2021 02:00:25.0363 A
[ReportManager] File Action [GetAbsolutePath] successfully performed. With the following test data [Relative Folder Path: "target/downloadedFiles/"]. @13-11-2021 02:00:25.0366 AM
[ReportManager] Attempting to run remotely on: [Linux-64], [GoogleChrome], [http://localhost:4444/wd/hub], Headless Execution. @13-11-2021 02:00:25.0366 AM
[ReportManager] Successfully Opened [GoogleChrome]. @13-11-2021 02:00:27.0771 A

################################################################################################################################################
Starting Execution:	[70 out of 146] test cases in the current suite
Test Method:		[testPackage01.Test_dragAndDrop.dragAndDrop]
Test Description:	[TC001 - Test Drag and Drop function.]
################################################################################################################################################
[ReportManager] Target URL: [http://the-internet.herokuapp.com/drag_and_drop] @13-11-2021 02:00:27.0781 AM
[ReportManager] Initial URL: [data:,] @13-11-2021 02:00:27.0854 AM
[ReportManager] Browser Action [NavigateToURL] successfully performed. With the following test data [http://the-internet.herokuapp.com/drag_and_drop]. @13-11-2021 02:00:28.0436 AM
[ReportManager] Attempting Drag and Drop @13-11-2021 02:00:28.0436 AM
[ReportManager] Element Action [DragAndDrop] successfully performed. With the following test data [Start point: (492, 89), End point: (707, 89)]. @13-11-2021 02:00:29.0787 A
[ReportManager] Browser Action [CloseCurrentWindow] successfully performed. @13-11-2021 02:00:29.0934 AM
[ReportManager] Successfully created attachment [Browser Action Test Data - CloseCurrentWindow - Actual Value] @13-11-2021 02:00:29.0934 A
[ReportManager] File Action [GetAbsolutePath] successfully performed. With the following test data [Relative Folder Path: "target/downloadedFiles/"]. @13-11-2021 02:00:29.0936 AM
[ReportManager] Attempting to run remotely on: [Linux-64], [GoogleChrome], [http://localhost:4444/wd/hub], Headless Execution. @13-11-2021 02:00:29.0936 AM
[ReportManager] Successfully Opened [GoogleChrome]. @13-11-2021 02:00:32.0755 A

################################################################################################################################################
Starting Execution:	[71 out of 146] test cases in the current suite
Test Method:		[testPackage01.Test_dragAndDrop.dragAndDropByOffset]
Test Description:	[TC002 - Test Drag and Drop by offset function.]
################################################################################################################################################
[ReportManager] Target URL: [https://jqueryui.com/resources/demos/draggable/default.html] @13-11-2021 02:00:32.0761 AM
[ReportManager] Initial URL: [data:,] @13-11-2021 02:00:32.0833 AM
[ReportManager] Browser Action [NavigateToURL] successfully performed. With the following test data [https://jqueryui.com/resources/demos/draggable/default.html]. @13-11-2021 02:00:33.0309 AM
[ReportManager] Element Action [DragAndDropByOffset] successfully performed. With the following test data [Start point: (8, 8), End point: (108, 58)]. @13-11-2021 02:00:33.0866 A
[ReportManager] Browser Action [CloseCurrentWindow] successfully performed. @13-11-2021 02:00:33.0991 AM
[ReportManager] Successfully created attachment [Browser Action Test Data - CloseCurrentWindow - Actual Value] @13-11-2021 02:00:33.0992 A

################################################################################################################################################
Starting Execution:	[72 out of 146] test cases in the current suite
Test Method:		[testPackage01.Test_JsonActions.f]
###############################################################################################################################################

################################################################################################################################################
Starting Execution:	[73 out of 146] test cases in the current suite
Test Method:		[testPackage01.Test_JsonActions.f2]
###############################################################################################################################################
[ReportManager] File Action [GetAbsolutePath] successfully performed. With the following test data [Relative Folder Path: "target/downloadedFiles/"]. @13-11-2021 02:00:34.0004 AM
[ReportManager] Attempting to run remotely on: [Linux-64], [GoogleChrome], [http://localhost:4444/wd/hub], Headless Execution. @13-11-2021 02:00:34.0004 AM
[ReportManager] Successfully Opened [GoogleChrome]. @13-11-2021 02:00:37.0785 A

################################################################################################################################################
Starting Execution:	[74 out of 146] test cases in the current suite
Test Method:		[testPackage01.Test_dynamicLoading.dynamicLoading_elementIsHidden]
################################################################################################################################################
[ReportManager] Target URL: [https://the-internet.herokuapp.com/dynamic_loading/1] @13-11-2021 02:00:37.0787 AM
[ReportManager] Initial URL: [data:,] @13-11-2021 02:00:37.0866 AM
[ReportManager] Browser Action [NavigateToURL] successfully performed. With the following test data [https://the-internet.herokuapp.com/dynamic_loading/1]. @13-11-2021 02:00:38.0366 AM
[ReportManager] Element Action [Click] successfully performed. With the following test data [Start]. @13-11-2021 02:00:39.0040 AM
[ReportManager] Element Action [GetText] successfully performed. With the following test data [
    Hello World!
  ]. @13-11-2021 02:00:39.0213 AM
[ReportManager] Loaded Shared OpenCV @13-11-2021 02:00:39.0565 AM
[ReportManager] Assertion [ValidateElementAttribute] PASSED. Expected [Value Should be 'Hello World!' for the 'text' attribute, element locator 'By.id: finish'] and Actual [
    Hello World!
  ]. Comparison Type [CONTAINS]. Validation Type [POSITIVE]. @13-11-2021 02:00:39.0807 AM
[ReportManager] Successfully created attachment [Screenshot - 1636768839565_dynamicLoading_elementIsHidden_ValidateElementAttribute_passed] @13-11-2021 02:00:39.0808 A
[ReportManager] Browser Action [CloseCurrentWindow] successfully performed. @13-11-2021 02:00:39.0951 AM
[ReportManager] Successfully created attachment [Browser Action Test Data - CloseCurrentWindow - Actual Value] @13-11-2021 02:00:39.0952 A
[ReportManager] File Action [GetAbsolutePath] successfully performed. With the following test data [Relative Folder Path: "target/downloadedFiles/"]. @13-11-2021 02:00:39.0954 AM
[ReportManager] Attempting to run remotely on: [Linux-64], [GoogleChrome], [http://localhost:4444/wd/hub], Headless Execution. @13-11-2021 02:00:39.0954 AM
[ReportManager] Successfully Opened [GoogleChrome]. @13-11-2021 02:00:42.0767 A

################################################################################################################################################
Starting Execution:	[75 out of 146] test cases in the current suite
Test Method:		[testPackage01.Test_dynamicLoading.dynamicLoading_elementIsRendered]
################################################################################################################################################
[ReportManager] Target URL: [https://the-internet.herokuapp.com/dynamic_loading/2] @13-11-2021 02:00:42.0769 AM
[ReportManager] Initial URL: [data:,] @13-11-2021 02:00:42.0857 AM
[ReportManager] Browser Action [NavigateToURL] successfully performed. With the following test data [https://the-internet.herokuapp.com/dynamic_loading/2]. @13-11-2021 02:00:43.0296 AM
[ReportManager] Element Action [Click] successfully performed. With the following test data [Start]. @13-11-2021 02:00:43.0865 AM
[ReportManager] Element Action [GetText] successfully performed. With the following test data [Hello World!]. @13-11-2021 02:00:49.0101 AM
[ReportManager] Loaded Shared OpenCV @13-11-2021 02:00:49.0442 AM
[ReportManager] Assertion [ValidateElementAttribute] PASSED. Expected [Value Should be 'Hello World!' for the 'text' attribute, element locator 'By.id: finish'] and Actual [Hello World!]. Comparison Type [CONTAINS]. Validation Type [POSITIVE]. @13-11-2021 02:00:49.0675 AM
[ReportManager] Successfully created attachment [Screenshot - 1636768849441_dynamicLoading_elementIsRendered_ValidateElementAttribute_passed] @13-11-2021 02:00:49.0676 A
[ReportManager] Browser Action [CloseCurrentWindow] successfully performed. @13-11-2021 02:00:49.0838 AM
[ReportManager] Successfully created attachment [Browser Action Test Data - CloseCurrentWindow - Actual Value] @13-11-2021 02:00:49.0838 A

################################################################################################################################################
Starting Execution:	[76 out of 146] test cases in the current suite
Test Method:		[testPackage01.Test_JsonCompareWithSpecialCharacters.specialCharacters]
################################################################################################################################################
[ReportManager] File Action [GetAbsolutePath] successfully performed. With the following test data [Relative Folder Path: "src/test/resources/testDataFiles/specialCharacters.json"]. @13-11-2021 02:00:49.0843 AM
[ReportManager] File Action [ReadFromFile] successfully performed. With the following test data [File Path: "/home/runner/work/SHAFT_ENGINE/SHAFT_ENGINE/src/test/resources/testDataFiles/specialCharacters.json"]. @13-11-2021 02:00:49.0855 AM
[ReportManager] Comparing the provided API response with the file at this path "src/test/resources/testDataFiles/specialCharacters.json", comparison type "EQUALS" @13-11-2021 02:00:49.0856 AM
[ReportManager] An Exception Occured @13-11-2021 02:00:49.0859 AM
[ReportManager] Successfully created attachment [Exception Stack Trace - org.json.simple.parser.ParseException] @13-11-2021 02:00:49.0859 AM
[ReportManager] API Action [CompareJSON] failed. With the following test data [Couldn't parse the desired file. [src/test/resources/testDataFiles/specialCharacters.json].]. @13-11-2021 02:00:49.0860 A

################################################################################################################################################
Starting Execution:	[77 out of 146] test cases in the current suite
Test Method:		[testPackage01.Test_JsonCompareWithSpecialCharacters.specialCharacters_assertion]
################################################################################################################################################
[ReportManager] File Action [GetAbsolutePath] successfully performed. With the following test data [Relative Folder Path: "src/test/resources/testDataFiles/specialCharacters.json"]. @13-11-2021 02:00:49.0868 AM
[ReportManager] File Action [ReadFromFile] successfully performed. With the following test data [File Path: "/home/runner/work/SHAFT_ENGINE/SHAFT_ENGINE/src/test/resources/testDataFiles/specialCharacters.json"]. @13-11-2021 02:00:49.0869 AM
[ReportManager] Comparing the provided API response with the file at this path "src/test/resources/testDataFiles/specialCharacters.json", comparison type "CONTAINS" @13-11-2021 02:00:49.0869 AM
[ReportManager] An Exception Occured @13-11-2021 02:00:49.0869 AM
[ReportManager] Successfully created attachment [Exception Stack Trace - org.json.simple.parser.ParseException] @13-11-2021 02:00:49.0873 AM
[ReportManager] API Action [CompareJSON] failed. With the following test data [Couldn't parse the desired file. [src/test/resources/testDataFiles/specialCharacters.json].]. @13-11-2021 02:00:49.0873 A
[ReportManager] File Action [GetAbsolutePath] successfully performed. With the following test data [Relative Folder Path: "target/downloadedFiles/"]. @13-11-2021 02:00:49.0876 AM
[ReportManager] Attempting to run remotely on: [Linux-64], [GoogleChrome], [http://localhost:4444/wd/hub], Headless Execution. @13-11-2021 02:00:49.0877 AM
[ReportManager] Successfully Opened [GoogleChrome]. @13-11-2021 02:00:52.0765 A

################################################################################################################################################
Starting Execution:	[78 out of 146] test cases in the current suite
Test Method:		[testPackage01.Test_ShadowDOM.shadowdom]
################################################################################################################################################
[ReportManager] Target URL: [https://mdn.github.io/web-components-examples/popup-info-box-web-component/] @13-11-2021 02:00:52.0768 AM
[ReportManager] Initial URL: [data:,] @13-11-2021 02:00:52.0842 AM
[ReportManager] Browser Action [NavigateToURL] successfully performed. With the following test data [https://mdn.github.io/web-components-examples/popup-info-box-web-component/]. @13-11-2021 02:00:53.0194 AM
[ReportManager] Element Action [Type] successfully performed. With the following test data [Typing into SHADOW DOM...]. @13-11-2021 02:00:53.0746 AM
[ReportManager] Element Action [GetText] successfully performed. With the following test data [Typing into SHADOW DOM...]. @13-11-2021 02:00:53.0962 AM
[ReportManager] Loaded Shared OpenCV @13-11-2021 02:00:54.0337 AM
[ReportManager] Assertion [ValidateElementAttribute] PASSED. Expected [Value Should be 'Typing into SHADOW DOM...' for the 'Text' attribute, element locator 'By.id: cvc'] and Actual [Typing into SHADOW DOM...]. Comparison Type [EQUALS]. Validation Type [POSITIVE]. @13-11-2021 02:00:54.0563 AM
[ReportManager] Successfully created attachment [Screenshot - 1636768854337_shadowdom_ValidateElementAttribute_passed] @13-11-2021 02:00:54.0565 A
[ReportManager] Browser Action [CloseCurrentWindow] successfully performed. @13-11-2021 02:00:54.0687 AM
[ReportManager] Successfully created attachment [Browser Action Test Data - CloseCurrentWindow - Actual Value] @13-11-2021 02:00:54.0687 A
[ReportManager] File Action [GetAbsolutePath] successfully performed. With the following test data [Relative Folder Path: "target/downloadedFiles/"]. @13-11-2021 02:00:54.0689 AM
[ReportManager] Attempting to run remotely on: [Linux-64], [GoogleChrome], [http://localhost:4444/wd/hub], Headless Execution. @13-11-2021 02:00:54.0689 AM
[ReportManager] Successfully Opened [GoogleChrome]. @13-11-2021 02:00:57.0762 AM
[ReportManager] Target URL: [https://duckduckgo.com] @13-11-2021 02:00:57.0762 AM
[ReportManager] Initial URL: [data:,] @13-11-2021 02:00:57.0848 AM
[ReportManager] Browser Action [NavigateToURL] successfully performed. With the following test data [https://duckduckgo.com]. @13-11-2021 02:00:58.0649 A

################################################################################################################################################
Starting Execution:	[79 out of 146] test cases in the current suite
Test Method:		[unitTests.tests_browserActions.fullScreenWindow]
################################################################################################################################################
[ReportManager] Initial Windows Size: 1920x1080 @13-11-2021 02:00:58.0683 AM
[ReportManager] Initial window size: (1920, 1080) @13-11-2021 02:00:58.0689 AM
[ReportManager] Window size after Toolkit: (1920, 1080) @13-11-2021 02:00:58.0934 AM
[ReportManager] Browser Action [MaximizeWindow] successfully performed. With the following test data [New screen size is now: (1920, 1080)]. @13-11-2021 02:00:58.0942 AM
[ReportManager] Current Windows Size after fullScreen: 1920x1080 @13-11-2021 02:00:58.0960 AM
[ReportManager] Browser Action [FullScreenWindow] successfully performed. @13-11-2021 02:00:58.0995 AM
[ReportManager] Successfully created attachment [Browser Action Test Data - FullScreenWindow - Actual Value] @13-11-2021 02:00:58.0996 A
[ReportManager] Target URL: [https://duckduckgo.com] @13-11-2021 02:00:58.0999 AM
[ReportManager] Initial URL: [https://duckduckgo.com] @13-11-2021 02:00:59.0115 AM
[ReportManager] Browser Action [NavigateToURL] successfully performed. With the following test data [https://duckduckgo.com]. @13-11-2021 02:00:59.0502 AM
[ReportManager] Browser Action [CloseCurrentWindow] successfully performed. @13-11-2021 02:00:59.0657 AM
[ReportManager] Successfully created attachment [Browser Action Test Data - CloseCurrentWindow - Actual Value] @13-11-2021 02:00:59.0657 A
[ReportManager] File Action [GetAbsolutePath] successfully performed. With the following test data [Relative Folder Path: "target/downloadedFiles/"]. @13-11-2021 02:00:59.0659 AM
[ReportManager] Attempting to run remotely on: [Linux-64], [GoogleChrome], [http://localhost:4444/wd/hub], Headless Execution. @13-11-2021 02:00:59.0659 AM
[ReportManager] Successfully Opened [GoogleChrome]. @13-11-2021 02:01:02.0769 AM
[ReportManager] Target URL: [https://duckduckgo.com] @13-11-2021 02:01:02.0769 AM
[ReportManager] Initial URL: [data:,] @13-11-2021 02:01:02.0840 AM
[ReportManager] Browser Action [NavigateToURL] successfully performed. With the following test data [https://duckduckgo.com]. @13-11-2021 02:01:03.0492 A

################################################################################################################################################
Starting Execution:	[80 out of 146] test cases in the current suite
Test Method:		[unitTests.tests_browserActions.getCurrentURL]
################################################################################################################################################
[ReportManager] Browser Action [GetCurrentURL] successfully performed. With the following test data [https://duckduckgo.com/]. @13-11-2021 02:01:03.0557 A
[ReportManager] Target URL: [https://duckduckgo.com] @13-11-2021 02:01:03.0564 AM
[ReportManager] Initial URL: [https://duckduckgo.com] @13-11-2021 02:01:03.0655 AM
[ReportManager] Browser Action [NavigateToURL] successfully performed. With the following test data [https://duckduckgo.com]. @13-11-2021 02:01:04.0117 AM
[ReportManager] Browser Action [CloseCurrentWindow] successfully performed. @13-11-2021 02:01:04.0250 AM
[ReportManager] Successfully created attachment [Browser Action Test Data - CloseCurrentWindow - Actual Value] @13-11-2021 02:01:04.0250 A
[ReportManager] File Action [GetAbsolutePath] successfully performed. With the following test data [Relative Folder Path: "target/downloadedFiles/"]. @13-11-2021 02:01:04.0256 AM
[ReportManager] Attempting to run remotely on: [Linux-64], [GoogleChrome], [http://localhost:4444/wd/hub], Headless Execution. @13-11-2021 02:01:04.0256 AM
[ReportManager] Successfully Opened [GoogleChrome]. @13-11-2021 02:01:07.0761 AM
[ReportManager] Target URL: [https://duckduckgo.com] @13-11-2021 02:01:07.0761 AM
[ReportManager] Initial URL: [data:,] @13-11-2021 02:01:07.0830 AM
[ReportManager] Browser Action [NavigateToURL] successfully performed. With the following test data [https://duckduckgo.com]. @13-11-2021 02:01:08.0478 A

################################################################################################################################################
Starting Execution:	[81 out of 146] test cases in the current suite
Test Method:		[unitTests.tests_browserActions.getCurrentWindowTitle]
################################################################################################################################################
[ReportManager] Browser Action [GetCurrentWindowTitle] successfully performed. With the following test data [DuckDuckGo — Privacy, simplified.]. @13-11-2021 02:01:08.0593 A
[ReportManager] Target URL: [https://duckduckgo.com] @13-11-2021 02:01:08.0601 AM
[ReportManager] Initial URL: [https://duckduckgo.com] @13-11-2021 02:01:08.0770 AM
[ReportManager] Browser Action [NavigateToURL] successfully performed. With the following test data [https://duckduckgo.com]. @13-11-2021 02:01:09.0320 AM
[ReportManager] Browser Action [CloseCurrentWindow] successfully performed. @13-11-2021 02:01:09.0687 AM
[ReportManager] Successfully created attachment [Browser Action Test Data - CloseCurrentWindow - Actual Value] @13-11-2021 02:01:09.0687 A
[ReportManager] File Action [GetAbsolutePath] successfully performed. With the following test data [Relative Folder Path: "target/downloadedFiles/"]. @13-11-2021 02:01:09.0691 AM
[ReportManager] Attempting to run remotely on: [Linux-64], [GoogleChrome], [http://localhost:4444/wd/hub], Headless Execution. @13-11-2021 02:01:09.0691 AM
[ReportManager] Successfully Opened [GoogleChrome]. @13-11-2021 02:01:12.0764 AM
[ReportManager] Target URL: [https://duckduckgo.com] @13-11-2021 02:01:12.0765 AM
[ReportManager] Initial URL: [data:,] @13-11-2021 02:01:12.0819 AM
[ReportManager] Browser Action [NavigateToURL] successfully performed. With the following test data [https://duckduckgo.com]. @13-11-2021 02:01:13.0453 A

################################################################################################################################################
Starting Execution:	[82 out of 146] test cases in the current suite
Test Method:		[unitTests.tests_browserActions.getPageSource]
################################################################################################################################################
[ReportManager] Browser Action [GetPageSource] successfully performed. @13-11-2021 02:01:13.0506 AM
[ReportManager] Successfully created attachment [Browser Action Test Data - GetPageSource - Actual Value] @13-11-2021 02:01:13.0507 A
[ReportManager] Target URL: [https://duckduckgo.com] @13-11-2021 02:01:13.0509 AM
[ReportManager] Initial URL: [https://duckduckgo.com] @13-11-2021 02:01:13.0633 AM
[ReportManager] Browser Action [NavigateToURL] successfully performed. With the following test data [https://duckduckgo.com]. @13-11-2021 02:01:14.0129 AM
[ReportManager] Browser Action [CloseCurrentWindow] successfully performed. @13-11-2021 02:01:14.0256 AM
[ReportManager] Successfully created attachment [Browser Action Test Data - CloseCurrentWindow - Actual Value] @13-11-2021 02:01:14.0256 A
[ReportManager] File Action [GetAbsolutePath] successfully performed. With the following test data [Relative Folder Path: "target/downloadedFiles/"]. @13-11-2021 02:01:14.0262 AM
[ReportManager] Attempting to run remotely on: [Linux-64], [GoogleChrome], [http://localhost:4444/wd/hub], Headless Execution. @13-11-2021 02:01:14.0262 AM
[ReportManager] Successfully Opened [GoogleChrome]. @13-11-2021 02:01:17.0773 AM
[ReportManager] Target URL: [https://duckduckgo.com] @13-11-2021 02:01:17.0773 AM
[ReportManager] Initial URL: [data:,] @13-11-2021 02:01:17.0838 AM
[ReportManager] Browser Action [NavigateToURL] successfully performed. With the following test data [https://duckduckgo.com]. @13-11-2021 02:01:18.0521 A

################################################################################################################################################
Starting Execution:	[83 out of 146] test cases in the current suite
Test Method:		[unitTests.tests_browserActions.getWindowHandle]
################################################################################################################################################
[ReportManager] Browser Action [GetWindowHandle] successfully performed. With the following test data [CDwindow-D0F9E2EE366F9667522B21D5E63A2758]. @13-11-2021 02:01:18.0578 A
[ReportManager] Target URL: [https://duckduckgo.com] @13-11-2021 02:01:18.0581 AM
[ReportManager] Initial URL: [https://duckduckgo.com] @13-11-2021 02:01:18.0708 AM
[ReportManager] Browser Action [NavigateToURL] successfully performed. With the following test data [https://duckduckgo.com]. @13-11-2021 02:01:19.0123 AM
[ReportManager] Browser Action [CloseCurrentWindow] successfully performed. @13-11-2021 02:01:19.0290 AM
[ReportManager] Successfully created attachment [Browser Action Test Data - CloseCurrentWindow - Actual Value] @13-11-2021 02:01:19.0291 A
[ReportManager] File Action [GetAbsolutePath] successfully performed. With the following test data [Relative Folder Path: "target/downloadedFiles/"]. @13-11-2021 02:01:19.0293 AM
[ReportManager] Attempting to run remotely on: [Linux-64], [GoogleChrome], [http://localhost:4444/wd/hub], Headless Execution. @13-11-2021 02:01:19.0293 AM
[ReportManager] Successfully Opened [GoogleChrome]. @13-11-2021 02:01:22.0796 AM
[ReportManager] Target URL: [https://duckduckgo.com] @13-11-2021 02:01:22.0796 AM
[ReportManager] Initial URL: [data:,] @13-11-2021 02:01:22.0857 AM
[ReportManager] Browser Action [NavigateToURL] successfully performed. With the following test data [https://duckduckgo.com]. @13-11-2021 02:01:23.0484 A

################################################################################################################################################
Starting Execution:	[84 out of 146] test cases in the current suite
Test Method:		[unitTests.tests_browserActions.getWindowPosition]
################################################################################################################################################
[ReportManager] Browser Action [GetWindowPosition] successfully performed. With the following test data [(0, 0)]. @13-11-2021 02:01:23.0529 A
[ReportManager] Target URL: [https://duckduckgo.com] @13-11-2021 02:01:23.0533 AM
[ReportManager] Initial URL: [https://duckduckgo.com] @13-11-2021 02:01:23.0618 AM
[ReportManager] Browser Action [NavigateToURL] successfully performed. With the following test data [https://duckduckgo.com]. @13-11-2021 02:01:24.0015 AM
[ReportManager] Browser Action [CloseCurrentWindow] successfully performed. @13-11-2021 02:01:24.0138 AM
[ReportManager] Successfully created attachment [Browser Action Test Data - CloseCurrentWindow - Actual Value] @13-11-2021 02:01:24.0138 A
[ReportManager] File Action [GetAbsolutePath] successfully performed. With the following test data [Relative Folder Path: "target/downloadedFiles/"]. @13-11-2021 02:01:24.0141 AM
[ReportManager] Attempting to run remotely on: [Linux-64], [GoogleChrome], [http://localhost:4444/wd/hub], Headless Execution. @13-11-2021 02:01:24.0142 AM
[ReportManager] Successfully Opened [GoogleChrome]. @13-11-2021 02:01:27.0764 AM
[ReportManager] Target URL: [https://duckduckgo.com] @13-11-2021 02:01:27.0764 AM
[ReportManager] Initial URL: [data:,] @13-11-2021 02:01:27.0835 AM
[ReportManager] Browser Action [NavigateToURL] successfully performed. With the following test data [https://duckduckgo.com]. @13-11-2021 02:01:28.0520 A

################################################################################################################################################
Starting Execution:	[85 out of 146] test cases in the current suite
Test Method:		[unitTests.tests_browserActions.getWindowSize]
################################################################################################################################################
[ReportManager] Browser Action [GetWindowSize] successfully performed. With the following test data [(1920, 1080)]. @13-11-2021 02:01:28.0597 A
[ReportManager] Target URL: [https://duckduckgo.com] @13-11-2021 02:01:28.0599 AM
[ReportManager] Initial URL: [https://duckduckgo.com] @13-11-2021 02:01:28.0726 AM
[ReportManager] Browser Action [NavigateToURL] successfully performed. With the following test data [https://duckduckgo.com]. @13-11-2021 02:01:29.0148 AM
[ReportManager] Browser Action [CloseCurrentWindow] successfully performed. @13-11-2021 02:01:29.0327 AM
[ReportManager] Successfully created attachment [Browser Action Test Data - CloseCurrentWindow - Actual Value] @13-11-2021 02:01:29.0327 A
[ReportManager] File Action [GetAbsolutePath] successfully performed. With the following test data [Relative Folder Path: "target/downloadedFiles/"]. @13-11-2021 02:01:29.0330 AM
[ReportManager] Attempting to run remotely on: [Linux-64], [GoogleChrome], [http://localhost:4444/wd/hub], Headless Execution. @13-11-2021 02:01:29.0330 AM
[ReportManager] Successfully Opened [GoogleChrome]. @13-11-2021 02:01:32.0763 AM
[ReportManager] Target URL: [https://duckduckgo.com] @13-11-2021 02:01:32.0763 AM
[ReportManager] Initial URL: [data:,] @13-11-2021 02:01:32.0824 AM
[ReportManager] Browser Action [NavigateToURL] successfully performed. With the following test data [https://duckduckgo.com]. @13-11-2021 02:01:33.0472 A

################################################################################################################################################
Starting Execution:	[86 out of 146] test cases in the current suite
Test Method:		[unitTests.tests_browserActions.maximizeWindow]
################################################################################################################################################
[ReportManager] Initial window size: (1920, 1080) @13-11-2021 02:01:33.0485 AM
[ReportManager] Window size after Toolkit: (1920, 1080) @13-11-2021 02:01:33.0748 AM
[ReportManager] Browser Action [MaximizeWindow] successfully performed. With the following test data [New screen size is now: (1920, 1080)]. @13-11-2021 02:01:33.0753 A
[ReportManager] Target URL: [https://duckduckgo.com] @13-11-2021 02:01:33.0755 AM
[ReportManager] Initial URL: [https://duckduckgo.com] @13-11-2021 02:01:33.0839 AM
[ReportManager] Browser Action [NavigateToURL] successfully performed. With the following test data [https://duckduckgo.com]. @13-11-2021 02:01:34.0254 AM
[ReportManager] Browser Action [CloseCurrentWindow] successfully performed. @13-11-2021 02:01:34.0379 AM
[ReportManager] Successfully created attachment [Browser Action Test Data - CloseCurrentWindow - Actual Value] @13-11-2021 02:01:34.0379 A
[ReportManager] File Action [GetAbsolutePath] successfully performed. With the following test data [Relative Folder Path: "target/downloadedFiles/"]. @13-11-2021 02:01:34.0381 AM
[ReportManager] Attempting to run remotely on: [Linux-64], [GoogleChrome], [http://localhost:4444/wd/hub], Headless Execution. @13-11-2021 02:01:34.0381 AM
[ReportManager] Successfully Opened [GoogleChrome]. @13-11-2021 02:01:37.0795 AM
[ReportManager] Target URL: [https://duckduckgo.com] @13-11-2021 02:01:37.0795 AM
[ReportManager] Initial URL: [data:,] @13-11-2021 02:01:37.0866 AM
[ReportManager] Browser Action [NavigateToURL] successfully performed. With the following test data [https://duckduckgo.com]. @13-11-2021 02:01:38.0413 A

################################################################################################################################################
Starting Execution:	[87 out of 146] test cases in the current suite
Test Method:		[unitTests.tests_browserActions.navigateBack]
################################################################################################################################################
[ReportManager] Target URL: [https://www.google.com/ncr], and after redirection: [https://www.google.com] @13-11-2021 02:01:38.0416 AM
[ReportManager] Initial URL: [https://duckduckgo.com] @13-11-2021 02:01:38.0480 AM
[ReportManager] Browser Action [NavigateToURL] successfully performed. With the following test data [https://www.google.com/ncr]. @13-11-2021 02:01:39.0271 AM
[ReportManager] Browser Action [NavigateBack] successfully performed. With the following test data [https://duckduckgo.com/]. @13-11-2021 02:01:39.0773 AM
[ReportManager] Browser Action [GetCurrentURL] successfully performed. With the following test data [https://duckduckgo.com/]. @13-11-2021 02:01:39.0822 AM
[ReportManager] Assertion Passed: Confirming that navigating back was successful @13-11-2021 02:01:40.0249 AM
[ReportManager] Successfully created attachment [Screenshot - 1636768900037_navigateBack_ValidateBrowserAttribute_passed] @13-11-2021 02:01:40.0250 AM
[ReportManager] Assertion [ValidateBrowserAttribute] PASSED. Expected [Value Should be 'https://duckduckgo.com' for the 'CurrentUrl' attribute] and Actual [https://duckduckgo.com/]. Comparison Type [CONTAINS]. Validation Type [POSITIVE]. @13-11-2021 02:01:40.0250 A
[ReportManager] Target URL: [https://duckduckgo.com] @13-11-2021 02:01:40.0252 AM
[ReportManager] Initial URL: [https://duckduckgo.com] @13-11-2021 02:01:40.0333 AM
[ReportManager] Browser Action [NavigateToURL] successfully performed. With the following test data [https://duckduckgo.com]. @13-11-2021 02:01:40.0776 AM
[ReportManager] Browser Action [CloseCurrentWindow] successfully performed. @13-11-2021 02:01:40.0894 AM
[ReportManager] Successfully created attachment [Browser Action Test Data - CloseCurrentWindow - Actual Value] @13-11-2021 02:01:40.0895 A
[ReportManager] File Action [GetAbsolutePath] successfully performed. With the following test data [Relative Folder Path: "target/downloadedFiles/"]. @13-11-2021 02:01:40.0897 AM
[ReportManager] Attempting to run remotely on: [Linux-64], [GoogleChrome], [http://localhost:4444/wd/hub], Headless Execution. @13-11-2021 02:01:40.0897 AM
[ReportManager] Successfully Opened [GoogleChrome]. @13-11-2021 02:01:42.0766 AM
[ReportManager] Target URL: [https://duckduckgo.com] @13-11-2021 02:01:42.0766 AM
[ReportManager] Initial URL: [data:,] @13-11-2021 02:01:42.0845 AM
[ReportManager] Browser Action [NavigateToURL] successfully performed. With the following test data [https://duckduckgo.com]. @13-11-2021 02:01:43.0423 A

################################################################################################################################################
Starting Execution:	[88 out of 146] test cases in the current suite
Test Method:		[unitTests.tests_browserActions.navigateForward]
################################################################################################################################################
[ReportManager] Target URL: [https://www.google.com/ncr], and after redirection: [https://www.google.com] @13-11-2021 02:01:43.0437 AM
[ReportManager] Initial URL: [https://duckduckgo.com] @13-11-2021 02:01:43.0514 AM
[ReportManager] Browser Action [NavigateToURL] successfully performed. With the following test data [https://www.google.com/ncr]. @13-11-2021 02:01:44.0424 AM
[ReportManager] Browser Action [NavigateBack] successfully performed. With the following test data [https://duckduckgo.com/]. @13-11-2021 02:01:44.0895 AM
[ReportManager] Browser Action [NavigateForward] successfully performed. With the following test data [https://www.google.com/]. @13-11-2021 02:01:45.0468 A
[ReportManager] Target URL: [https://duckduckgo.com] @13-11-2021 02:01:45.0473 AM
[ReportManager] Initial URL: [https://www.google.com] @13-11-2021 02:01:45.0537 AM
[ReportManager] Browser Action [NavigateToURL] successfully performed. With the following test data [https://duckduckgo.com]. @13-11-2021 02:01:46.0171 AM
[ReportManager] Browser Action [CloseCurrentWindow] successfully performed. @13-11-2021 02:01:46.0299 AM
[ReportManager] Successfully created attachment [Browser Action Test Data - CloseCurrentWindow - Actual Value] @13-11-2021 02:01:46.0300 A
[ReportManager] File Action [GetAbsolutePath] successfully performed. With the following test data [Relative Folder Path: "target/downloadedFiles/"]. @13-11-2021 02:01:46.0302 AM
[ReportManager] Attempting to run remotely on: [Linux-64], [GoogleChrome], [http://localhost:4444/wd/hub], Headless Execution. @13-11-2021 02:01:46.0302 AM
[ReportManager] Successfully Opened [GoogleChrome]. @13-11-2021 02:01:47.0759 AM
[ReportManager] Target URL: [https://duckduckgo.com] @13-11-2021 02:01:47.0759 AM
[ReportManager] Initial URL: [data:,] @13-11-2021 02:01:47.0860 AM
[ReportManager] Browser Action [NavigateToURL] successfully performed. With the following test data [https://duckduckgo.com]. @13-11-2021 02:01:48.0438 A

################################################################################################################################################
Starting Execution:	[89 out of 146] test cases in the current suite
Test Method:		[unitTests.tests_browserActions.navigateToURL]
################################################################################################################################################
[ReportManager] Target URL: [https://duckduckgo.com] @13-11-2021 02:01:48.0441 AM
[ReportManager] Initial URL: [https://duckduckgo.com] @13-11-2021 02:01:48.0546 AM
[ReportManager] Browser Action [NavigateToURL] successfully performed. With the following test data [https://duckduckgo.com]. @13-11-2021 02:01:48.0929 A
[ReportManager] Target URL: [https://duckduckgo.com] @13-11-2021 02:01:48.0931 AM
[ReportManager] Initial URL: [https://duckduckgo.com] @13-11-2021 02:01:49.0027 AM
[ReportManager] Browser Action [NavigateToURL] successfully performed. With the following test data [https://duckduckgo.com]. @13-11-2021 02:01:49.0415 AM
[ReportManager] Browser Action [CloseCurrentWindow] successfully performed. @13-11-2021 02:01:49.0586 AM
[ReportManager] Successfully created attachment [Browser Action Test Data - CloseCurrentWindow - Actual Value] @13-11-2021 02:01:49.0586 A
[ReportManager] File Action [GetAbsolutePath] successfully performed. With the following test data [Relative Folder Path: "target/downloadedFiles/"]. @13-11-2021 02:01:49.0588 AM
[ReportManager] Attempting to run remotely on: [Linux-64], [GoogleChrome], [http://localhost:4444/wd/hub], Headless Execution. @13-11-2021 02:01:49.0589 AM
[ReportManager] Successfully Opened [GoogleChrome]. @13-11-2021 02:01:52.0762 AM
[ReportManager] Target URL: [https://duckduckgo.com] @13-11-2021 02:01:52.0762 AM
[ReportManager] Initial URL: [data:,] @13-11-2021 02:01:52.0840 AM
[ReportManager] Browser Action [NavigateToURL] successfully performed. With the following test data [https://duckduckgo.com]. @13-11-2021 02:01:53.0400 A

################################################################################################################################################
Starting Execution:	[90 out of 146] test cases in the current suite
Test Method:		[unitTests.tests_browserActions.navigateToURLWithRedirection]
################################################################################################################################################
[ReportManager] Target URL: [https://www.google.com/ncr], and after redirection: [https://www.google.com] @13-11-2021 02:01:53.0403 AM
[ReportManager] Initial URL: [https://duckduckgo.com] @13-11-2021 02:01:53.0479 AM
[ReportManager] Browser Action [NavigateToURL] successfully performed. With the following test data [https://www.google.com/ncr]. @13-11-2021 02:01:54.0292 A
[ReportManager] Target URL: [https://duckduckgo.com] @13-11-2021 02:01:54.0296 AM
[ReportManager] Initial URL: [https://www.google.com] @13-11-2021 02:01:54.0362 AM
[ReportManager] Browser Action [NavigateToURL] successfully performed. With the following test data [https://duckduckgo.com]. @13-11-2021 02:01:54.0950 AM
[ReportManager] Browser Action [CloseCurrentWindow] successfully performed. @13-11-2021 02:01:55.0062 AM
[ReportManager] Successfully created attachment [Browser Action Test Data - CloseCurrentWindow - Actual Value] @13-11-2021 02:01:55.0062 A
[ReportManager] File Action [GetAbsolutePath] successfully performed. With the following test data [Relative Folder Path: "target/downloadedFiles/"]. @13-11-2021 02:01:55.0068 AM
[ReportManager] Attempting to run remotely on: [Linux-64], [GoogleChrome], [http://localhost:4444/wd/hub], Headless Execution. @13-11-2021 02:01:55.0070 AM
[ReportManager] Successfully Opened [GoogleChrome]. @13-11-2021 02:01:57.0782 AM
[ReportManager] Target URL: [https://duckduckgo.com] @13-11-2021 02:01:57.0782 AM
[ReportManager] Initial URL: [data:,] @13-11-2021 02:01:57.0827 AM
[ReportManager] Browser Action [NavigateToURL] successfully performed. With the following test data [https://duckduckgo.com]. @13-11-2021 02:01:58.0371 A

################################################################################################################################################
Starting Execution:	[91 out of 146] test cases in the current suite
Test Method:		[unitTests.tests_browserActions.refreshCurrentPage]
################################################################################################################################################
[ReportManager] Browser Action [RefreshCurrentPage] successfully performed. @13-11-2021 02:01:58.0601 AM
[ReportManager] Successfully created attachment [Browser Action Test Data - RefreshCurrentPage - Actual Value] @13-11-2021 02:01:58.0601 A
[ReportManager] Target URL: [https://duckduckgo.com] @13-11-2021 02:01:58.0603 AM
[ReportManager] Initial URL: [https://duckduckgo.com] @13-11-2021 02:01:58.0683 AM
[ReportManager] Browser Action [NavigateToURL] successfully performed. With the following test data [https://duckduckgo.com]. @13-11-2021 02:01:59.0033 AM
[ReportManager] Browser Action [CloseCurrentWindow] successfully performed. @13-11-2021 02:01:59.0157 AM
[ReportManager] Successfully created attachment [Browser Action Test Data - CloseCurrentWindow - Actual Value] @13-11-2021 02:01:59.0159 A
[ReportManager] File Action [GetAbsolutePath] successfully performed. With the following test data [Relative Folder Path: "target/downloadedFiles/"]. @13-11-2021 02:01:59.0162 AM
[ReportManager] Attempting to run remotely on: [Linux-64], [GoogleChrome], [http://localhost:4444/wd/hub], Headless Execution. @13-11-2021 02:01:59.0162 AM
[ReportManager] Successfully Opened [GoogleChrome]. @13-11-2021 02:02:02.0746 AM
[ReportManager] Target URL: [https://duckduckgo.com] @13-11-2021 02:02:02.0746 AM
[ReportManager] Initial URL: [data:,] @13-11-2021 02:02:02.0809 AM
[ReportManager] Browser Action [NavigateToURL] successfully performed. With the following test data [https://duckduckgo.com]. @13-11-2021 02:02:03.0376 A

################################################################################################################################################
Starting Execution:	[92 out of 146] test cases in the current suite
Test Method:		[unitTests.tests_browserActions.setWindowSize]
################################################################################################################################################
[ReportManager] Initial window size: (1920, 1080) @13-11-2021 02:02:03.0394 AM
[ReportManager] Window size after SWD: (1280, 720) @13-11-2021 02:02:03.0626 AM
[ReportManager] Browser Action [SetWindowSize] successfully performed. With the following test data [New screen size is now: (1280, 720)]. @13-11-2021 02:02:03.0627 A
[ReportManager] Target URL: [https://duckduckgo.com] @13-11-2021 02:02:03.0630 AM
[ReportManager] Initial URL: [https://duckduckgo.com] @13-11-2021 02:02:03.0706 AM
[ReportManager] Browser Action [NavigateToURL] successfully performed. With the following test data [https://duckduckgo.com]. @13-11-2021 02:02:04.0159 AM
[ReportManager] Browser Action [CloseCurrentWindow] successfully performed. @13-11-2021 02:02:04.0280 AM
[ReportManager] Successfully created attachment [Browser Action Test Data - CloseCurrentWindow - Actual Value] @13-11-2021 02:02:04.0281 A

################################################################################################################################################
Starting Execution:	[93 out of 146] test cases in the current suite
Test Method:		[unitTests.tests_restActions.getPostsAndAssertBodyForSpecificTitle]
################################################################################################################################################
[ReportManager] Response status code: [200], status line: [HTTP/1.1 200 OK] @13-11-2021 02:02:04.0369 AM
[ReportManager] Assertion Passed: Evaluating the actual response status code against the expected one... @13-11-2021 02:02:04.0370 AM
[ReportManager] Assertion [ValidateComparativeRelation] PASSED. Expected [200] and Actual [200]. Comparison Type [EQUALS]. Validation Type [POSITIVE]. @13-11-2021 02:02:04.0370 AM
[ReportManager] API Action [PerformRequest] successfully performed. With the following test data [Request Type: "GET" | Target Status Code: "200" | Service URL: "https://jsonplaceholder.typicode.com/posts" | Content Type: "*/*" | Response Time: "72ms"]. @13-11-2021 02:02:04.0437 AM
[ReportManager] Successfully created attachment [API Request - Specifications] @13-11-2021 02:02:04.0438 AM
[ReportManager] Successfully created attachment [API Response - JSON Body] @13-11-2021 02:02:04.0438 AM
[ReportManager] API Action [GetResponseJSONValueAsList] successfully performed. @13-11-2021 02:02:04.0458 AM
[ReportManager] API Action [GetResponseJSONValue] successfully performed. With the following test data [title]. @13-11-2021 02:02:04.0471 AM
[ReportManager] API Action [GetResponseJSONValue] successfully performed. With the following test data [title]. @13-11-2021 02:02:04.0483 AM
[ReportManager] API Action [GetResponseJSONValue] successfully performed. With the following test data [body]. @13-11-2021 02:02:04.0493 AM
[ReportManager] Assertion [ValidateEquals] PASSED. Expected [qui neque nisi nulla] and Actual [est rerum tempore vitae
sequi sint nihil reprehenderit dolor beatae ea dolores neque
fugiat blanditiis voluptate porro vel nihil molestiae ut reiciendis
qui aperiam non debitis possimus qui neque nisi nulla]. Comparison Type [CONTAINS]. Validation Type [POSITIVE]. @13-11-2021 02:02:04.0493 AM
[ReportManager] API Action [GetResponseJSONValue] successfully performed. With the following test data [title]. @13-11-2021 02:02:04.0503 AM
[ReportManager] API Action [GetResponseJSONValue] successfully performed. With the following test data [title]. @13-11-2021 02:02:04.0512 AM
[ReportManager] API Action [GetResponseJSONValue] successfully performed. With the following test data [title]. @13-11-2021 02:02:04.0522 AM
[ReportManager] API Action [GetResponseJSONValue] successfully performed. With the following test data [title]. @13-11-2021 02:02:04.0531 AM
[ReportManager] API Action [GetResponseJSONValue] successfully performed. With the following test data [title]. @13-11-2021 02:02:04.0540 AM
[ReportManager] API Action [GetResponseJSONValue] successfully performed. With the following test data [title]. @13-11-2021 02:02:04.0551 AM
[ReportManager] API Action [GetResponseJSONValue] successfully performed. With the following test data [title]. @13-11-2021 02:02:04.0560 AM
[ReportManager] API Action [GetResponseJSONValue] successfully performed. With the following test data [title]. @13-11-2021 02:02:04.0570 AM
[ReportManager] API Action [GetResponseJSONValue] successfully performed. With the following test data [title]. @13-11-2021 02:02:04.0580 AM
[ReportManager] API Action [GetResponseJSONValue] successfully performed. With the following test data [title]. @13-11-2021 02:02:04.0589 AM
[ReportManager] API Action [GetResponseJSONValue] successfully performed. With the following test data [title]. @13-11-2021 02:02:04.0598 AM
[ReportManager] API Action [GetResponseJSONValue] successfully performed. With the following test data [title]. @13-11-2021 02:02:04.0608 AM
[ReportManager] API Action [GetResponseJSONValue] successfully performed. With the following test data [title]. @13-11-2021 02:02:04.0616 AM
[ReportManager] API Action [GetResponseJSONValue] successfully performed. With the following test data [title]. @13-11-2021 02:02:04.0626 AM
[ReportManager] API Action [GetResponseJSONValue] successfully performed. With the following test data [title]. @13-11-2021 02:02:04.0635 AM
[ReportManager] API Action [GetResponseJSONValue] successfully performed. With the following test data [title]. @13-11-2021 02:02:04.0644 AM
[ReportManager] API Action [GetResponseJSONValue] successfully performed. With the following test data [title]. @13-11-2021 02:02:04.0658 AM
[ReportManager] API Action [GetResponseJSONValue] successfully performed. With the following test data [title]. @13-11-2021 02:02:04.0667 AM
[ReportManager] API Action [GetResponseJSONValue] successfully performed. With the following test data [title]. @13-11-2021 02:02:04.0677 AM
[ReportManager] API Action [GetResponseJSONValue] successfully performed. With the following test data [title]. @13-11-2021 02:02:04.0686 AM
[ReportManager] API Action [GetResponseJSONValue] successfully performed. With the following test data [title]. @13-11-2021 02:02:04.0696 AM
[ReportManager] API Action [GetResponseJSONValue] successfully performed. With the following test data [title]. @13-11-2021 02:02:04.0705 AM
[ReportManager] API Action [GetResponseJSONValue] successfully performed. With the following test data [title]. @13-11-2021 02:02:04.0714 AM
[ReportManager] API Action [GetResponseJSONValue] successfully performed. With the following test data [title]. @13-11-2021 02:02:04.0723 AM
[ReportManager] API Action [GetResponseJSONValue] successfully performed. With the following test data [title]. @13-11-2021 02:02:04.0732 AM
[ReportManager] API Action [GetResponseJSONValue] successfully performed. With the following test data [title]. @13-11-2021 02:02:04.0742 AM
[ReportManager] API Action [GetResponseJSONValue] successfully performed. With the following test data [title]. @13-11-2021 02:02:04.0752 AM
[ReportManager] API Action [GetResponseJSONValue] successfully performed. With the following test data [title]. @13-11-2021 02:02:04.0761 AM
[ReportManager] API Action [GetResponseJSONValue] successfully performed. With the following test data [title]. @13-11-2021 02:02:04.0770 AM
[ReportManager] API Action [GetResponseJSONValue] successfully performed. With the following test data [title]. @13-11-2021 02:02:04.0779 AM
[ReportManager] API Action [GetResponseJSONValue] successfully performed. With the following test data [title]. @13-11-2021 02:02:04.0787 AM
[ReportManager] API Action [GetResponseJSONValue] successfully performed. With the following test data [title]. @13-11-2021 02:02:04.0797 AM
[ReportManager] API Action [GetResponseJSONValue] successfully performed. With the following test data [title]. @13-11-2021 02:02:04.0806 AM
[ReportManager] API Action [GetResponseJSONValue] successfully performed. With the following test data [title]. @13-11-2021 02:02:04.0815 AM
[ReportManager] API Action [GetResponseJSONValue] successfully performed. With the following test data [title]. @13-11-2021 02:02:04.0824 AM
[ReportManager] API Action [GetResponseJSONValue] successfully performed. With the following test data [title]. @13-11-2021 02:02:04.0833 AM
[ReportManager] API Action [GetResponseJSONValue] successfully performed. With the following test data [title]. @13-11-2021 02:02:04.0842 AM
[ReportManager] API Action [GetResponseJSONValue] successfully performed. With the following test data [title]. @13-11-2021 02:02:04.0852 AM
[ReportManager] API Action [GetResponseJSONValue] successfully performed. With the following test data [title]. @13-11-2021 02:02:04.0861 AM
[ReportManager] API Action [GetResponseJSONValue] successfully performed. With the following test data [title]. @13-11-2021 02:02:04.0870 AM
[ReportManager] API Action [GetResponseJSONValue] successfully performed. With the following test data [title]. @13-11-2021 02:02:04.0879 AM
[ReportManager] API Action [GetResponseJSONValue] successfully performed. With the following test data [title]. @13-11-2021 02:02:04.0901 AM
[ReportManager] API Action [GetResponseJSONValue] successfully performed. With the following test data [title]. @13-11-2021 02:02:04.0910 AM
[ReportManager] API Action [GetResponseJSONValue] successfully performed. With the following test data [title]. @13-11-2021 02:02:04.0919 AM
[ReportManager] API Action [GetResponseJSONValue] successfully performed. With the following test data [title]. @13-11-2021 02:02:04.0928 AM
[ReportManager] API Action [GetResponseJSONValue] successfully performed. With the following test data [title]. @13-11-2021 02:02:04.0937 AM
[ReportManager] API Action [GetResponseJSONValue] successfully performed. With the following test data [title]. @13-11-2021 02:02:04.0946 AM
[ReportManager] API Action [GetResponseJSONValue] successfully performed. With the following test data [title]. @13-11-2021 02:02:04.0958 AM
[ReportManager] API Action [GetResponseJSONValue] successfully performed. With the following test data [title]. @13-11-2021 02:02:04.0967 AM
[ReportManager] API Action [GetResponseJSONValue] successfully performed. With the following test data [title]. @13-11-2021 02:02:04.0975 AM
[ReportManager] API Action [GetResponseJSONValue] successfully performed. With the following test data [title]. @13-11-2021 02:02:04.0984 AM
[ReportManager] API Action [GetResponseJSONValue] successfully performed. With the following test data [title]. @13-11-2021 02:02:04.0992 AM
[ReportManager] API Action [GetResponseJSONValue] successfully performed. With the following test data [title]. @13-11-2021 02:02:05.0003 AM
[ReportManager] API Action [GetResponseJSONValue] successfully performed. With the following test data [title]. @13-11-2021 02:02:05.0012 AM
[ReportManager] API Action [GetResponseJSONValue] successfully performed. With the following test data [title]. @13-11-2021 02:02:05.0020 AM
[ReportManager] API Action [GetResponseJSONValue] successfully performed. With the following test data [title]. @13-11-2021 02:02:05.0029 AM
[ReportManager] API Action [GetResponseJSONValue] successfully performed. With the following test data [title]. @13-11-2021 02:02:05.0038 AM
[ReportManager] API Action [GetResponseJSONValue] successfully performed. With the following test data [title]. @13-11-2021 02:02:05.0047 AM
[ReportManager] API Action [GetResponseJSONValue] successfully performed. With the following test data [title]. @13-11-2021 02:02:05.0057 AM
[ReportManager] API Action [GetResponseJSONValue] successfully performed. With the following test data [title]. @13-11-2021 02:02:05.0066 AM
[ReportManager] API Action [GetResponseJSONValue] successfully performed. With the following test data [title]. @13-11-2021 02:02:05.0075 AM
[ReportManager] API Action [GetResponseJSONValue] successfully performed. With the following test data [title]. @13-11-2021 02:02:05.0083 AM
[ReportManager] API Action [GetResponseJSONValue] successfully performed. With the following test data [title]. @13-11-2021 02:02:05.0091 AM
[ReportManager] API Action [GetResponseJSONValue] successfully performed. With the following test data [title]. @13-11-2021 02:02:05.0100 AM
[ReportManager] API Action [GetResponseJSONValue] successfully performed. With the following test data [title]. @13-11-2021 02:02:05.0109 AM
[ReportManager] API Action [GetResponseJSONValue] successfully performed. With the following test data [title]. @13-11-2021 02:02:05.0118 AM
[ReportManager] API Action [GetResponseJSONValue] successfully performed. With the following test data [title]. @13-11-2021 02:02:05.0127 AM
[ReportManager] API Action [GetResponseJSONValue] successfully performed. With the following test data [title]. @13-11-2021 02:02:05.0135 AM
[ReportManager] API Action [GetResponseJSONValue] successfully performed. With the following test data [title]. @13-11-2021 02:02:05.0144 AM
[ReportManager] API Action [GetResponseJSONValue] successfully performed. With the following test data [title]. @13-11-2021 02:02:05.0172 AM
[ReportManager] API Action [GetResponseJSONValue] successfully performed. With the following test data [title]. @13-11-2021 02:02:05.0183 AM
[ReportManager] API Action [GetResponseJSONValue] successfully performed. With the following test data [title]. @13-11-2021 02:02:05.0191 AM
[ReportManager] API Action [GetResponseJSONValue] successfully performed. With the following test data [title]. @13-11-2021 02:02:05.0200 AM
[ReportManager] API Action [GetResponseJSONValue] successfully performed. With the following test data [title]. @13-11-2021 02:02:05.0209 AM
[ReportManager] API Action [GetResponseJSONValue] successfully performed. With the following test data [title]. @13-11-2021 02:02:05.0217 AM
[ReportManager] API Action [GetResponseJSONValue] successfully performed. With the following test data [title]. @13-11-2021 02:02:05.0225 AM
[ReportManager] API Action [GetResponseJSONValue] successfully performed. With the following test data [title]. @13-11-2021 02:02:05.0233 AM
[ReportManager] API Action [GetResponseJSONValue] successfully performed. With the following test data [title]. @13-11-2021 02:02:05.0241 AM
[ReportManager] API Action [GetResponseJSONValue] successfully performed. With the following test data [title]. @13-11-2021 02:02:05.0249 AM
[ReportManager] API Action [GetResponseJSONValue] successfully performed. With the following test data [title]. @13-11-2021 02:02:05.0259 AM
[ReportManager] API Action [GetResponseJSONValue] successfully performed. With the following test data [title]. @13-11-2021 02:02:05.0267 AM
[ReportManager] API Action [GetResponseJSONValue] successfully performed. With the following test data [title]. @13-11-2021 02:02:05.0276 AM
[ReportManager] API Action [GetResponseJSONValue] successfully performed. With the following test data [title]. @13-11-2021 02:02:05.0304 AM
[ReportManager] API Action [GetResponseJSONValue] successfully performed. With the following test data [title]. @13-11-2021 02:02:05.0313 AM
[ReportManager] API Action [GetResponseJSONValue] successfully performed. With the following test data [title]. @13-11-2021 02:02:05.0321 AM
[ReportManager] API Action [GetResponseJSONValue] successfully performed. With the following test data [title]. @13-11-2021 02:02:05.0330 AM
[ReportManager] API Action [GetResponseJSONValue] successfully performed. With the following test data [title]. @13-11-2021 02:02:05.0340 AM
[ReportManager] API Action [GetResponseJSONValue] successfully performed. With the following test data [title]. @13-11-2021 02:02:05.0348 AM
[ReportManager] API Action [GetResponseJSONValue] successfully performed. With the following test data [title]. @13-11-2021 02:02:05.0358 AM
[ReportManager] API Action [GetResponseJSONValue] successfully performed. With the following test data [title]. @13-11-2021 02:02:05.0367 AM
[ReportManager] API Action [GetResponseJSONValue] successfully performed. With the following test data [title]. @13-11-2021 02:02:05.0376 AM
[ReportManager] API Action [GetResponseJSONValue] successfully performed. With the following test data [title]. @13-11-2021 02:02:05.0385 AM
[ReportManager] API Action [GetResponseJSONValue] successfully performed. With the following test data [title]. @13-11-2021 02:02:05.0394 AM
[ReportManager] API Action [GetResponseJSONValue] successfully performed. With the following test data [title]. @13-11-2021 02:02:05.0403 AM
[ReportManager] API Action [GetResponseJSONValue] successfully performed. With the following test data [title]. @13-11-2021 02:02:05.0413 AM
[ReportManager] API Action [GetResponseJSONValue] successfully performed. With the following test data [title]. @13-11-2021 02:02:05.0422 AM
[ReportManager] API Action [GetResponseJSONValue] successfully performed. With the following test data [title]. @13-11-2021 02:02:05.0431 AM
[ReportManager] API Action [GetResponseJSONValue] successfully performed. With the following test data [title]. @13-11-2021 02:02:05.0440 A

################################################################################################################################################
Starting Execution:	[94 out of 146] test cases in the current suite
Test Method:		[unitTests.tests_restActions.validateUserEmail]
################################################################################################################################################
[ReportManager] Response status code: [200], status line: [HTTP/1.1 200 OK] @13-11-2021 02:02:05.0502 AM
[ReportManager] Assertion Passed: Evaluating the actual response status code against the expected one... @13-11-2021 02:02:05.0502 AM
[ReportManager] Assertion [ValidateComparativeRelation] PASSED. Expected [200] and Actual [200]. Comparison Type [EQUALS]. Validation Type [POSITIVE]. @13-11-2021 02:02:05.0502 AM
[ReportManager] API Action [PerformRequest] successfully performed. With the following test data [Request Type: "GET" | Target Status Code: "200" | Service URL: "https://jsonplaceholder.typicode.com/users" | Content Type: "*/*" | Response Time: "51ms"]. @13-11-2021 02:02:05.0526 AM
[ReportManager] Successfully created attachment [API Request - Specifications] @13-11-2021 02:02:05.0526 AM
[ReportManager] Successfully created attachment [API Response - JSON Body] @13-11-2021 02:02:05.0527 AM
[ReportManager] Assertion [ValidateEquals] PASSED. Expected and Actual values are attached. Comparison Type [CONTAINS]. Validation Type [POSITIVE]. @13-11-2021 02:02:05.0528 AM
[ReportManager] Successfully created attachment [Validation Test Data - Expected Value] @13-11-2021 02:02:05.0528 AM
[ReportManager] Successfully created attachment [Validation Test Data - Actual Value] @13-11-2021 02:02:05.0528 AM
[ReportManager] API Action [GetResponseJSONValueAsList] successfully performed. With the following test data [$]. @13-11-2021 02:02:05.0534 AM
[ReportManager] API Action [GetResponseJSONValue] successfully performed. With the following test data [name]. @13-11-2021 02:02:05.0550 AM
[ReportManager] API Action [GetResponseJSONValue] successfully performed. With the following test data [email]. @13-11-2021 02:02:05.0567 AM
[ReportManager] Assertion [ValidateEquals] PASSED. Expected [Sincere@april.biz] and Actual [Sincere@april.biz]. Comparison Type [EQUALS]. Validation Type [POSITIVE]. @13-11-2021 02:02:05.0568 AM
[ReportManager] API Action [GetResponseJSONValue] successfully performed. With the following test data [name]. @13-11-2021 02:02:05.0577 AM
[ReportManager] API Action [GetResponseJSONValue] successfully performed. With the following test data [name]. @13-11-2021 02:02:05.0587 AM
[ReportManager] API Action [GetResponseJSONValue] successfully performed. With the following test data [name]. @13-11-2021 02:02:05.0600 AM
[ReportManager] API Action [GetResponseJSONValue] successfully performed. With the following test data [name]. @13-11-2021 02:02:05.0612 AM
[ReportManager] API Action [GetResponseJSONValue] successfully performed. With the following test data [name]. @13-11-2021 02:02:05.0664 AM
[ReportManager] API Action [GetResponseJSONValue] successfully performed. With the following test data [name]. @13-11-2021 02:02:05.0674 AM
[ReportManager] API Action [GetResponseJSONValue] successfully performed. With the following test data [name]. @13-11-2021 02:02:05.0682 AM
[ReportManager] API Action [GetResponseJSONValue] successfully performed. With the following test data [name]. @13-11-2021 02:02:05.0691 AM
[ReportManager] API Action [GetResponseJSONValue] successfully performed. With the following test data [name]. @13-11-2021 02:02:05.0700 A
[ReportManager] Successfully loaded the following test data file [src/test/resources/TestDataFiles/testSuite01/TestData.xlsx]. @13-11-2021 02:02:05.0761 AM
[ReportManager] Successfully created attachment [Test Data - Excel] @13-11-2021 02:02:05.0761 A

################################################################################################################################################
Starting Execution:	[95 out of 146] test cases in the current suite
Test Method:		[unitTests.tests_io_excelFileManager.getCellData_rowName_expectedToPass]
################################################################################################################################################
[ReportManager] testRowData. @13-11-2021 02:02:05.0765 A

################################################################################################################################################
Starting Execution:	[96 out of 146] test cases in the current suite
Test Method:		[unitTests.tests_validations_assertions.assertComparativeRelation_greaterThanOrEquals_false_equals_expectedToFail]
################################################################################################################################################
[ReportManager] Assertion [ValidateComparativeRelation] FAILED. Expected [1] and Actual [1]. Comparison Type [GREATER_THAN_OR_EQUALS]. Validation Type [NEGATIVE]. @13-11-2021 02:02:05.0768 A

################################################################################################################################################
Starting Execution:	[97 out of 146] test cases in the current suite
Test Method:		[unitTests.tests_validations_assertions.assertComparativeRelation_greaterThanOrEquals_false_equals_expectedToPass]
################################################################################################################################################
[ReportManager] Assertion [ValidateComparativeRelation] PASSED. Expected [2] and Actual [1]. Comparison Type [GREATER_THAN_OR_EQUALS]. Validation Type [NEGATIVE]. @13-11-2021 02:02:05.0776 A

################################################################################################################################################
Starting Execution:	[98 out of 146] test cases in the current suite
Test Method:		[unitTests.tests_validations_assertions.assertComparativeRelation_greaterThanOrEquals_false_greaterThan_expectedToFail]
################################################################################################################################################
[ReportManager] Assertion [ValidateComparativeRelation] FAILED. Expected [1] and Actual [2]. Comparison Type [GREATER_THAN_OR_EQUALS]. Validation Type [NEGATIVE]. @13-11-2021 02:02:05.0779 A

################################################################################################################################################
Starting Execution:	[99 out of 146] test cases in the current suite
Test Method:		[unitTests.tests_validations_assertions.assertComparativeRelation_greaterThanOrEquals_false_greaterThan_expectedToPass]
################################################################################################################################################
[ReportManager] Assertion [ValidateComparativeRelation] PASSED. Expected [2] and Actual [1]. Comparison Type [GREATER_THAN_OR_EQUALS]. Validation Type [NEGATIVE]. @13-11-2021 02:02:05.0783 A

################################################################################################################################################
Starting Execution:	[100 out of 146] test cases in the current suite
Test Method:		[unitTests.tests_validations_assertions.assertComparativeRelation_greaterThanOrEquals_true_equals_expectedToFail]
################################################################################################################################################
[ReportManager] Assertion [ValidateComparativeRelation] FAILED. Expected [1] and Actual [0]. Comparison Type [GREATER_THAN_OR_EQUALS]. Validation Type [POSITIVE]. @13-11-2021 02:02:05.0787 A

################################################################################################################################################
Starting Execution:	[101 out of 146] test cases in the current suite
Test Method:		[unitTests.tests_validations_assertions.assertComparativeRelation_greaterThanOrEquals_true_equals_expectedToPass]
################################################################################################################################################
[ReportManager] Assertion [ValidateComparativeRelation] PASSED. Expected [1] and Actual [1]. Comparison Type [GREATER_THAN_OR_EQUALS]. Validation Type [POSITIVE]. @13-11-2021 02:02:05.0790 A

################################################################################################################################################
Starting Execution:	[102 out of 146] test cases in the current suite
Test Method:		[unitTests.tests_validations_assertions.assertComparativeRelation_greaterThanOrEquals_true_greaterThan_expectedToFail]
################################################################################################################################################
[ReportManager] Assertion [ValidateComparativeRelation] FAILED. Expected [2] and Actual [1]. Comparison Type [GREATER_THAN_OR_EQUALS]. Validation Type [POSITIVE]. @13-11-2021 02:02:05.0798 A

################################################################################################################################################
Starting Execution:	[103 out of 146] test cases in the current suite
Test Method:		[unitTests.tests_validations_assertions.assertComparativeRelation_greaterThanOrEquals_true_greaterThan_expectedToPass]
################################################################################################################################################
[ReportManager] Assertion [ValidateComparativeRelation] PASSED. Expected [1] and Actual [2]. Comparison Type [GREATER_THAN_OR_EQUALS]. Validation Type [POSITIVE]. @13-11-2021 02:02:05.0801 A
[ReportManager] File Action [GetAbsolutePath] successfully performed. With the following test data [Relative Folder Path: "target/downloadedFiles/"]. @13-11-2021 02:02:05.0803 AM
[ReportManager] Attempting to run remotely on: [Linux-64], [GoogleChrome], [http://localhost:4444/wd/hub], Headless Execution. @13-11-2021 02:02:05.0803 AM
[ReportManager] Successfully Opened [GoogleChrome]. @13-11-2021 02:02:07.0758 AM
[ReportManager] Target URL: [https://www.google.com/ncr], and after redirection: [www.google.com] @13-11-2021 02:02:07.0758 AM
[ReportManager] Initial URL: [data:,] @13-11-2021 02:02:07.0799 AM
[ReportManager] Browser Action [NavigateToURL] successfully performed. With the following test data [https://www.google.com/ncr]. @13-11-2021 02:02:08.0556 A

################################################################################################################################################
Starting Execution:	[104 out of 146] test cases in the current suite
Test Method:		[unitTests.tests_validations_assertions.assertElementAttribute_false_caseInsensitiveComparison_expectedToFail]
################################################################################################################################################
[ReportManager] Element Action [Type] successfully performed. With the following test data [AUTOMATION]. @13-11-2021 02:02:09.0094 AM
[ReportManager] Element Action [GetText] successfully performed. With the following test data [AUTOMATION]. @13-11-2021 02:02:09.0235 AM
[ReportManager] Loaded Shared OpenCV @13-11-2021 02:02:09.0587 AM
[ReportManager] Assertion [ValidateElementAttribute] FAILED. Expected [Value Should not be 'AutomaTion' for the 'text' attribute, element locator 'By.name: q'] and Actual [AUTOMATION]. Comparison Type [CASE_INSENSITIVE]. Validation Type [NEGATIVE]. @13-11-2021 02:02:09.0824 AM
[ReportManager] Successfully created attachment [Screenshot - 1636768929587_assertElementAttribute_false_caseInsensitiveComparison_expectedToFail_ValidateElementAttribute_failed] @13-11-2021 02:02:09.0827 A
[ReportManager] Browser Action [CloseCurrentWindow] successfully performed. @13-11-2021 02:02:09.0982 AM
[ReportManager] Successfully created attachment [Browser Action Test Data - CloseCurrentWindow - Actual Value] @13-11-2021 02:02:09.0984 A
[ReportManager] File Action [GetAbsolutePath] successfully performed. With the following test data [Relative Folder Path: "target/downloadedFiles/"]. @13-11-2021 02:02:09.0986 AM
[ReportManager] Attempting to run remotely on: [Linux-64], [GoogleChrome], [http://localhost:4444/wd/hub], Headless Execution. @13-11-2021 02:02:09.0987 AM
[ReportManager] Successfully Opened [GoogleChrome]. @13-11-2021 02:02:12.0776 AM
[ReportManager] Target URL: [https://www.google.com/ncr], and after redirection: [www.google.com] @13-11-2021 02:02:12.0776 AM
[ReportManager] Initial URL: [data:,] @13-11-2021 02:02:12.0830 AM
[ReportManager] Browser Action [NavigateToURL] successfully performed. With the following test data [https://www.google.com/ncr]. @13-11-2021 02:02:13.0593 A

################################################################################################################################################
Starting Execution:	[105 out of 146] test cases in the current suite
Test Method:		[unitTests.tests_validations_assertions.assertElementAttribute_false_caseInsensitiveComparison_expectedToPass]
################################################################################################################################################
[ReportManager] Element Action [Type] successfully performed. With the following test data [AUTOMATION]. @13-11-2021 02:02:14.0044 AM
[ReportManager] Element Action [GetText] successfully performed. With the following test data [AUTOMATION]. @13-11-2021 02:02:14.0189 AM
[ReportManager] Loaded Shared OpenCV @13-11-2021 02:02:14.0501 AM
[ReportManager] Assertion [ValidateElementAttribute] PASSED. Expected [Value Should not be 'AutomaTion123' for the 'text' attribute, element locator 'By.name: q'] and Actual [AUTOMATION]. Comparison Type [CASE_INSENSITIVE]. Validation Type [NEGATIVE]. @13-11-2021 02:02:14.0730 AM
[ReportManager] Successfully created attachment [Screenshot - 1636768934501_assertElementAttribute_false_caseInsensitiveComparison_expectedToPass_ValidateElementAttribute_passed] @13-11-2021 02:02:14.0732 A
[ReportManager] Browser Action [CloseCurrentWindow] successfully performed. @13-11-2021 02:02:14.0905 AM
[ReportManager] Successfully created attachment [Browser Action Test Data - CloseCurrentWindow - Actual Value] @13-11-2021 02:02:14.0906 A
[ReportManager] File Action [GetAbsolutePath] successfully performed. With the following test data [Relative Folder Path: "target/downloadedFiles/"]. @13-11-2021 02:02:14.0910 AM
[ReportManager] Attempting to run remotely on: [Linux-64], [GoogleChrome], [http://localhost:4444/wd/hub], Headless Execution. @13-11-2021 02:02:14.0910 AM
[ReportManager] Successfully Opened [GoogleChrome]. @13-11-2021 02:02:17.0782 AM
[ReportManager] Target URL: [https://www.google.com/ncr], and after redirection: [www.google.com] @13-11-2021 02:02:17.0782 AM
[ReportManager] Initial URL: [data:,] @13-11-2021 02:02:17.0827 AM
[ReportManager] Browser Action [NavigateToURL] successfully performed. With the following test data [https://www.google.com/ncr]. @13-11-2021 02:02:18.0559 A

################################################################################################################################################
Starting Execution:	[106 out of 146] test cases in the current suite
Test Method:		[unitTests.tests_validations_assertions.assertElementAttribute_false_containsComparison_expectedToFail]
################################################################################################################################################
[ReportManager] Element Action [Type] successfully performed. With the following test data [Automation123]. @13-11-2021 02:02:19.0088 AM
[ReportManager] Element Action [GetText] successfully performed. With the following test data [Automation123]. @13-11-2021 02:02:19.0197 AM
[ReportManager] Loaded Shared OpenCV @13-11-2021 02:02:19.0513 AM
[ReportManager] Assertion [ValidateElementAttribute] FAILED. Expected [Value Should not be 'Automation' for the 'text' attribute, element locator 'By.name: q'] and Actual [Automation123]. Comparison Type [CONTAINS]. Validation Type [NEGATIVE]. @13-11-2021 02:02:19.0749 AM
[ReportManager] Successfully created attachment [Screenshot - 1636768939512_assertElementAttribute_false_containsComparison_expectedToFail_ValidateElementAttribute_failed] @13-11-2021 02:02:19.0751 A
[ReportManager] Browser Action [CloseCurrentWindow] successfully performed. @13-11-2021 02:02:19.0873 AM
[ReportManager] Successfully created attachment [Browser Action Test Data - CloseCurrentWindow - Actual Value] @13-11-2021 02:02:19.0874 A
[ReportManager] File Action [GetAbsolutePath] successfully performed. With the following test data [Relative Folder Path: "target/downloadedFiles/"]. @13-11-2021 02:02:19.0876 AM
[ReportManager] Attempting to run remotely on: [Linux-64], [GoogleChrome], [http://localhost:4444/wd/hub], Headless Execution. @13-11-2021 02:02:19.0876 AM
[ReportManager] Successfully Opened [GoogleChrome]. @13-11-2021 02:02:22.0753 AM
[ReportManager] Target URL: [https://www.google.com/ncr], and after redirection: [www.google.com] @13-11-2021 02:02:22.0753 AM
[ReportManager] Initial URL: [data:,] @13-11-2021 02:02:22.0826 AM
[ReportManager] Browser Action [NavigateToURL] successfully performed. With the following test data [https://www.google.com/ncr]. @13-11-2021 02:02:23.0545 A

################################################################################################################################################
Starting Execution:	[107 out of 146] test cases in the current suite
Test Method:		[unitTests.tests_validations_assertions.assertElementAttribute_false_containsComparison_expectedToPass]
################################################################################################################################################
[ReportManager] Element Action [Type] successfully performed. With the following test data [Automation123]. @13-11-2021 02:02:24.0141 AM
[ReportManager] Element Action [GetText] successfully performed. With the following test data [Automation123]. @13-11-2021 02:02:24.0299 AM
[ReportManager] Loaded Shared OpenCV @13-11-2021 02:02:24.0595 AM
[ReportManager] Assertion [ValidateElementAttribute] PASSED. Expected [Value Should not be 'Automation1234' for the 'text' attribute, element locator 'By.name: q'] and Actual [Automation123]. Comparison Type [CONTAINS]. Validation Type [NEGATIVE]. @13-11-2021 02:02:24.0826 AM
[ReportManager] Successfully created attachment [Screenshot - 1636768944594_assertElementAttribute_false_containsComparison_expectedToPass_ValidateElementAttribute_passed] @13-11-2021 02:02:24.0829 A
[ReportManager] Browser Action [CloseCurrentWindow] successfully performed. @13-11-2021 02:02:24.0956 AM
[ReportManager] Successfully created attachment [Browser Action Test Data - CloseCurrentWindow - Actual Value] @13-11-2021 02:02:24.0957 A
[ReportManager] File Action [GetAbsolutePath] successfully performed. With the following test data [Relative Folder Path: "target/downloadedFiles/"]. @13-11-2021 02:02:24.0960 AM
[ReportManager] Attempting to run remotely on: [Linux-64], [GoogleChrome], [http://localhost:4444/wd/hub], Headless Execution. @13-11-2021 02:02:24.0960 AM
[ReportManager] Successfully Opened [GoogleChrome]. @13-11-2021 02:02:27.0788 AM
[ReportManager] Target URL: [https://www.google.com/ncr], and after redirection: [www.google.com] @13-11-2021 02:02:27.0788 AM
[ReportManager] Initial URL: [data:,] @13-11-2021 02:02:27.0854 AM
[ReportManager] Browser Action [NavigateToURL] successfully performed. With the following test data [https://www.google.com/ncr]. @13-11-2021 02:02:28.0632 A

################################################################################################################################################
Starting Execution:	[108 out of 146] test cases in the current suite
Test Method:		[unitTests.tests_validations_assertions.assertElementAttribute_false_literalComparison_expectedToFail]
################################################################################################################################################
[ReportManager] Element Action [Type] successfully performed. With the following test data [Automation!@#$%^&*()_+{}[]\';/.,]. @13-11-2021 02:02:29.0232 AM
[ReportManager] Element Action [GetText] successfully performed. With the following test data [Automation!@#$%^&*()_+{}[]\';/.,]. @13-11-2021 02:02:29.0363 AM
[ReportManager] Loaded Shared OpenCV @13-11-2021 02:02:29.0655 AM
[ReportManager] Assertion [ValidateElementAttribute] PASSED. Expected [Value Should not be 'Automation!@#$%^&*()_+{}[]\\';/.,' for the 'text' attribute, element locator 'By.name: q'] and Actual [Automation!@#$%^&*()_+{}[]\';/.,]. Comparison Type [EQUALS]. Validation Type [NEGATIVE]. @13-11-2021 02:02:29.0915 AM
[ReportManager] Successfully created attachment [Screenshot - 1636768949655_assertElementAttribute_false_literalComparison_expectedToFail_ValidateElementAttribute_passed] @13-11-2021 02:02:29.0917 A
[ReportManager] Browser Action [CloseCurrentWindow] successfully performed. @13-11-2021 02:02:30.0069 AM
[ReportManager] Successfully created attachment [Browser Action Test Data - CloseCurrentWindow - Actual Value] @13-11-2021 02:02:30.0070 A
[ReportManager] File Action [GetAbsolutePath] successfully performed. With the following test data [Relative Folder Path: "target/downloadedFiles/"]. @13-11-2021 02:02:30.0073 AM
[ReportManager] Attempting to run remotely on: [Linux-64], [GoogleChrome], [http://localhost:4444/wd/hub], Headless Execution. @13-11-2021 02:02:30.0073 AM
[ReportManager] Successfully Opened [GoogleChrome]. @13-11-2021 02:02:32.0768 AM
[ReportManager] Target URL: [https://www.google.com/ncr], and after redirection: [www.google.com] @13-11-2021 02:02:32.0768 AM
[ReportManager] Initial URL: [data:,] @13-11-2021 02:02:32.0826 AM
[ReportManager] Browser Action [NavigateToURL] successfully performed. With the following test data [https://www.google.com/ncr]. @13-11-2021 02:02:33.0554 A

################################################################################################################################################
Starting Execution:	[109 out of 146] test cases in the current suite
Test Method:		[unitTests.tests_validations_assertions.assertElementAttribute_false_literalComparison_expectedToPass]
################################################################################################################################################
[ReportManager] Element Action [Type] successfully performed. With the following test data [Automation!@#$%^&*()_+{}[]\';/.,]. @13-11-2021 02:02:34.0195 AM
[ReportManager] Element Action [GetText] successfully performed. With the following test data [Automation!@#$%^&*()_+{}[]\';/.,]. @13-11-2021 02:02:34.0343 AM
[ReportManager] Loaded Shared OpenCV @13-11-2021 02:02:34.0638 AM
[ReportManager] Assertion [ValidateElementAttribute] PASSED. Expected [Value Should not be 'Automation' for the 'text' attribute, element locator 'By.name: q'] and Actual [Automation!@#$%^&*()_+{}[]\';/.,]. Comparison Type [EQUALS]. Validation Type [NEGATIVE]. @13-11-2021 02:02:34.0871 AM
[ReportManager] Successfully created attachment [Screenshot - 1636768954638_assertElementAttribute_false_literalComparison_expectedToPass_ValidateElementAttribute_passed] @13-11-2021 02:02:34.0873 A
[ReportManager] Browser Action [CloseCurrentWindow] successfully performed. @13-11-2021 02:02:35.0011 AM
[ReportManager] Successfully created attachment [Browser Action Test Data - CloseCurrentWindow - Actual Value] @13-11-2021 02:02:35.0012 A
[ReportManager] File Action [GetAbsolutePath] successfully performed. With the following test data [Relative Folder Path: "target/downloadedFiles/"]. @13-11-2021 02:02:35.0015 AM
[ReportManager] Attempting to run remotely on: [Linux-64], [GoogleChrome], [http://localhost:4444/wd/hub], Headless Execution. @13-11-2021 02:02:35.0015 AM
[ReportManager] Successfully Opened [GoogleChrome]. @13-11-2021 02:02:37.0767 AM
[ReportManager] Target URL: [https://www.google.com/ncr], and after redirection: [www.google.com] @13-11-2021 02:02:37.0767 AM
[ReportManager] Initial URL: [data:,] @13-11-2021 02:02:37.0827 AM
[ReportManager] Browser Action [NavigateToURL] successfully performed. With the following test data [https://www.google.com/ncr]. @13-11-2021 02:02:38.0673 A

################################################################################################################################################
Starting Execution:	[110 out of 146] test cases in the current suite
Test Method:		[unitTests.tests_validations_assertions.assertElementAttribute_false_regexComparison_expectedToFail]
################################################################################################################################################
[ReportManager] Element Action [Type] successfully performed. With the following test data [Automation123]. @13-11-2021 02:02:39.0236 AM
[ReportManager] Element Action [GetText] successfully performed. With the following test data [Automation123]. @13-11-2021 02:02:39.0414 AM
[ReportManager] Loaded Shared OpenCV @13-11-2021 02:02:39.0759 AM
[ReportManager] Assertion [ValidateElementAttribute] FAILED. Expected [Value Should not be 'Automation.*' for the 'text' attribute, element locator 'By.name: q'] and Actual [Automation123]. Comparison Type [MATCHES]. Validation Type [NEGATIVE]. @13-11-2021 02:02:39.0987 AM
[ReportManager] Successfully created attachment [Screenshot - 1636768959759_assertElementAttribute_false_regexComparison_expectedToFail_ValidateElementAttribute_failed] @13-11-2021 02:02:39.0989 A
[ReportManager] Browser Action [CloseCurrentWindow] successfully performed. @13-11-2021 02:02:40.0131 AM
[ReportManager] Successfully created attachment [Browser Action Test Data - CloseCurrentWindow - Actual Value] @13-11-2021 02:02:40.0132 A
[ReportManager] File Action [GetAbsolutePath] successfully performed. With the following test data [Relative Folder Path: "target/downloadedFiles/"]. @13-11-2021 02:02:40.0134 AM
[ReportManager] Attempting to run remotely on: [Linux-64], [GoogleChrome], [http://localhost:4444/wd/hub], Headless Execution. @13-11-2021 02:02:40.0135 AM
[ReportManager] Successfully Opened [GoogleChrome]. @13-11-2021 02:02:42.0757 AM
[ReportManager] Target URL: [https://www.google.com/ncr], and after redirection: [www.google.com] @13-11-2021 02:02:42.0757 AM
[ReportManager] Initial URL: [data:,] @13-11-2021 02:02:42.0810 AM
[ReportManager] Browser Action [NavigateToURL] successfully performed. With the following test data [https://www.google.com/ncr]. @13-11-2021 02:02:43.0562 A

################################################################################################################################################
Starting Execution:	[111 out of 146] test cases in the current suite
Test Method:		[unitTests.tests_validations_assertions.assertElementAttribute_false_regexComparison_expectedToPass]
################################################################################################################################################
[ReportManager] Element Action [Type] successfully performed. With the following test data [Automation123]. @13-11-2021 02:02:44.0152 AM
[ReportManager] Element Action [GetText] successfully performed. With the following test data [Automation123]. @13-11-2021 02:02:44.0256 AM
[ReportManager] Loaded Shared OpenCV @13-11-2021 02:02:44.0602 AM
[ReportManager] Assertion [ValidateElementAttribute] PASSED. Expected [Value Should not be 'Automation' for the 'text' attribute, element locator 'By.name: q'] and Actual [Automation123]. Comparison Type [MATCHES]. Validation Type [NEGATIVE]. @13-11-2021 02:02:44.0840 AM
[ReportManager] Successfully created attachment [Screenshot - 1636768964602_assertElementAttribute_false_regexComparison_expectedToPass_ValidateElementAttribute_passed] @13-11-2021 02:02:44.0843 A
[ReportManager] Browser Action [CloseCurrentWindow] successfully performed. @13-11-2021 02:02:44.0965 AM
[ReportManager] Successfully created attachment [Browser Action Test Data - CloseCurrentWindow - Actual Value] @13-11-2021 02:02:44.0966 A
[ReportManager] File Action [GetAbsolutePath] successfully performed. With the following test data [Relative Folder Path: "target/downloadedFiles/"]. @13-11-2021 02:02:44.0969 AM
[ReportManager] Attempting to run remotely on: [Linux-64], [GoogleChrome], [http://localhost:4444/wd/hub], Headless Execution. @13-11-2021 02:02:44.0969 AM
[ReportManager] Successfully Opened [GoogleChrome]. @13-11-2021 02:02:47.0756 AM
[ReportManager] Target URL: [https://www.google.com/ncr], and after redirection: [www.google.com] @13-11-2021 02:02:47.0756 AM
[ReportManager] Initial URL: [data:,] @13-11-2021 02:02:47.0823 AM
[ReportManager] Browser Action [NavigateToURL] successfully performed. With the following test data [https://www.google.com/ncr]. @13-11-2021 02:02:48.0593 A

################################################################################################################################################
Starting Execution:	[112 out of 146] test cases in the current suite
Test Method:		[unitTests.tests_validations_assertions.assertElementAttribute_true_caseInsensitiveComparison_expectedToFail]
################################################################################################################################################
[ReportManager] Element Action [Type] successfully performed. With the following test data [AUTOMATION]. @13-11-2021 02:02:49.0008 AM
[ReportManager] Element Action [GetText] successfully performed. With the following test data [AUTOMATION]. @13-11-2021 02:02:49.0141 AM
[ReportManager] Loaded Shared OpenCV @13-11-2021 02:02:49.0439 AM
[ReportManager] Assertion [ValidateElementAttribute] FAILED. Expected [Value Should be 'AutomaTion123' for the 'text' attribute, element locator 'By.name: q'] and Actual [AUTOMATION]. Comparison Type [CASE_INSENSITIVE]. Validation Type [POSITIVE]. @13-11-2021 02:02:49.0680 AM
[ReportManager] Successfully created attachment [Screenshot - 1636768969439_assertElementAttribute_true_caseInsensitiveComparison_expectedToFail_ValidateElementAttribute_failed] @13-11-2021 02:02:49.0682 A
[ReportManager] Browser Action [CloseCurrentWindow] successfully performed. @13-11-2021 02:02:49.0826 AM
[ReportManager] Successfully created attachment [Browser Action Test Data - CloseCurrentWindow - Actual Value] @13-11-2021 02:02:49.0827 A
[ReportManager] File Action [GetAbsolutePath] successfully performed. With the following test data [Relative Folder Path: "target/downloadedFiles/"]. @13-11-2021 02:02:49.0829 AM
[ReportManager] Attempting to run remotely on: [Linux-64], [GoogleChrome], [http://localhost:4444/wd/hub], Headless Execution. @13-11-2021 02:02:49.0830 AM
[ReportManager] Successfully Opened [GoogleChrome]. @13-11-2021 02:02:52.0789 AM
[ReportManager] Target URL: [https://www.google.com/ncr], and after redirection: [www.google.com] @13-11-2021 02:02:52.0789 AM
[ReportManager] Initial URL: [data:,] @13-11-2021 02:02:52.0833 AM
[ReportManager] Browser Action [NavigateToURL] successfully performed. With the following test data [https://www.google.com/ncr]. @13-11-2021 02:02:53.0701 A

################################################################################################################################################
Starting Execution:	[113 out of 146] test cases in the current suite
Test Method:		[unitTests.tests_validations_assertions.assertElementAttribute_true_caseInsensitiveComparison_expectedToPass]
################################################################################################################################################
[ReportManager] Element Action [Type] successfully performed. With the following test data [AUTOMATION]. @13-11-2021 02:02:54.0135 AM
[ReportManager] Element Action [GetText] successfully performed. With the following test data [AUTOMATION]. @13-11-2021 02:02:54.0264 AM
[ReportManager] Loaded Shared OpenCV @13-11-2021 02:02:54.0566 AM
[ReportManager] Assertion [ValidateElementAttribute] PASSED. Expected [Value Should be 'AutomaTion' for the 'text' attribute, element locator 'By.name: q'] and Actual [AUTOMATION]. Comparison Type [CASE_INSENSITIVE]. Validation Type [POSITIVE]. @13-11-2021 02:02:54.0796 AM
[ReportManager] Successfully created attachment [Screenshot - 1636768974566_assertElementAttribute_true_caseInsensitiveComparison_expectedToPass_ValidateElementAttribute_passed] @13-11-2021 02:02:54.0798 A
[ReportManager] Browser Action [CloseCurrentWindow] successfully performed. @13-11-2021 02:02:55.0040 AM
[ReportManager] Successfully created attachment [Browser Action Test Data - CloseCurrentWindow - Actual Value] @13-11-2021 02:02:55.0041 A
[ReportManager] File Action [GetAbsolutePath] successfully performed. With the following test data [Relative Folder Path: "target/downloadedFiles/"]. @13-11-2021 02:02:55.0044 AM
[ReportManager] Attempting to run remotely on: [Linux-64], [GoogleChrome], [http://localhost:4444/wd/hub], Headless Execution. @13-11-2021 02:02:55.0044 AM
[ReportManager] Successfully Opened [GoogleChrome]. @13-11-2021 02:02:57.0767 AM
[ReportManager] Target URL: [https://www.google.com/ncr], and after redirection: [www.google.com] @13-11-2021 02:02:57.0767 AM
[ReportManager] Initial URL: [data:,] @13-11-2021 02:02:57.0805 AM
[ReportManager] Browser Action [NavigateToNewURL] failed. With the following test data [https://www.google.com/ncr]. @13-11-2021 02:05:57.0807 A

################################################################################################################################################
Starting Execution:	[114 out of 146] test cases in the current suite
Test Method:		[unitTests.tests_validations_assertions.assertElementAttribute_true_containsComparison_expectedToFail]
###############################################################################################################################################



################################################################################################################################################
Starting Execution:	[115 out of 146] test cases in the current suite
Test Method:		[unitTests.tests_validations_assertions.assertElementAttribute_true_containsComparison_expectedToPass]
###############################################################################################################################################



################################################################################################################################################
Starting Execution:	[116 out of 146] test cases in the current suite
Test Method:		[unitTests.tests_validations_assertions.assertElementAttribute_true_literalComparison_expectedToFail]
###############################################################################################################################################



################################################################################################################################################
Starting Execution:	[117 out of 146] test cases in the current suite
Test Method:		[unitTests.tests_validations_assertions.assertElementAttribute_true_literalComparison_expectedToPass]
###############################################################################################################################################



################################################################################################################################################
Starting Execution:	[118 out of 146] test cases in the current suite
Test Method:		[unitTests.tests_validations_assertions.assertElementAttribute_true_regexComparison_expectedToFail]
###############################################################################################################################################



################################################################################################################################################
Starting Execution:	[119 out of 146] test cases in the current suite
Test Method:		[unitTests.tests_validations_assertions.assertElementAttribute_true_regexComparison_expectedToPass]
###############################################################################################################################################



################################################################################################################################################
Starting Execution:	[120 out of 146] test cases in the current suite
Test Method:		[unitTests.tests_validations_assertions.assertElementAttribute_type_true_literalComparison_expectedToPass]
###############################################################################################################################################



################################################################################################################################################
Starting Execution:	[121 out of 146] test cases in the current suite
Test Method:		[unitTests.tests_validations_assertions.assertElementExists_false_expectedToFail]
###############################################################################################################################################



################################################################################################################################################
Starting Execution:	[122 out of 146] test cases in the current suite
Test Method:		[unitTests.tests_validations_assertions.assertElementExists_false_expectedToPass]
###############################################################################################################################################



################################################################################################################################################
Starting Execution:	[123 out of 146] test cases in the current suite
Test Method:		[unitTests.tests_validations_assertions.assertElementExists_false_multipleElementsFound_expectedToFail]
###############################################################################################################################################



################################################################################################################################################
Starting Execution:	[124 out of 146] test cases in the current suite
Test Method:		[unitTests.tests_validations_assertions.assertElementExists_true_expectedToFail]
###############################################################################################################################################



################################################################################################################################################
Starting Execution:	[125 out of 146] test cases in the current suite
Test Method:		[unitTests.tests_validations_assertions.assertElementExists_true_expectedToPass]
###############################################################################################################################################



################################################################################################################################################
Starting Execution:	[126 out of 146] test cases in the current suite
Test Method:		[unitTests.tests_validations_assertions.assertElementExists_true_multipleElementsFound_expectedToFail]
###############################################################################################################################################


################################################################################################################################################
Starting Execution:	[127 out of 146] test cases in the current suite
Test Method:		[unitTests.tests_validations_assertions.assertEquals_false_expectedToFail]
###############################################################################################################################################

################################################################################################################################################
Starting Execution:	[128 out of 146] test cases in the current suite
Test Method:		[unitTests.tests_validations_assertions.assertEquals_false_expectedToPass]
###############################################################################################################################################

################################################################################################################################################
Starting Execution:	[129 out of 146] test cases in the current suite
Test Method:		[unitTests.tests_validations_assertions.assertEquals_longCharacters]
###############################################################################################################################################

################################################################################################################################################
Starting Execution:	[130 out of 146] test cases in the current suite
Test Method:		[unitTests.tests_validations_assertions.assertEquals_longCharacters_Discreet]
###############################################################################################################################################

################################################################################################################################################
Starting Execution:	[131 out of 146] test cases in the current suite
Test Method:		[unitTests.tests_validations_assertions.assertEquals_true_expectedToFail]
###############################################################################################################################################

################################################################################################################################################
Starting Execution:	[132 out of 146] test cases in the current suite
Test Method:		[unitTests.tests_validations_assertions.assertEquals_true_expectedToPass]
Test Description:	[Assert that assertEquals works as expected when the two values are equal.]
###############################################################################################################################################

################################################################################################################################################
Starting Execution:	[133 out of 146] test cases in the current suite
Test Method:		[unitTests.tests_validations_assertions.assertEquals_true_expectedToPass__]
###############################################################################################################################################

################################################################################################################################################
Starting Execution:	[134 out of 146] test cases in the current suite
Test Method:		[unitTests.tests_validations_assertions.assertFileExists_false_expectedToFail]
###############################################################################################################################################

################################################################################################################################################
Starting Execution:	[135 out of 146] test cases in the current suite
Test Method:		[unitTests.tests_validations_assertions.assertFileExists_false_expectedToPass]
###############################################################################################################################################

################################################################################################################################################
Starting Execution:	[136 out of 146] test cases in the current suite
Test Method:		[unitTests.tests_validations_assertions.assertFileExists_true_expectedToFail]
###############################################################################################################################################

################################################################################################################################################
Starting Execution:	[137 out of 146] test cases in the current suite
Test Method:		[unitTests.tests_validations_assertions.assertFileExists_true_expectedToPass]
###############################################################################################################################################

################################################################################################################################################
Starting Execution:	[138 out of 146] test cases in the current suite
Test Method:		[unitTests.tests_validations_assertions.assertNull_false_expectedToFail]
###############################################################################################################################################

################################################################################################################################################
Starting Execution:	[139 out of 146] test cases in the current suite
Test Method:		[unitTests.tests_validations_assertions.assertNull_false_expectedToPass]
###############################################################################################################################################

################################################################################################################################################
Starting Execution:	[140 out of 146] test cases in the current suite
Test Method:		[unitTests.tests_validations_assertions.assertNull_true_expectedToFail]
###############################################################################################################################################

################################################################################################################################################
Starting Execution:	[141 out of 146] test cases in the current suite
Test Method:		[unitTests.tests_validations_assertions.assertNull_true_expectedToPass]
###############################################################################################################################################
[ReportManager] File Action [GetAbsolutePath] successfully performed. With the following test data [Relative Folder Path: "target/downloadedFiles/"]. @13-11-2021 02:05:57.0915 AM
[ReportManager] Attempting to run remotely on: [Linux-64], [GoogleChrome], [http://localhost:4444/wd/hub], Headless Execution. @13-11-2021 02:05:57.0916 AM
[ReportManager] Successfully Opened [GoogleChrome]. @13-11-2021 02:08:17.0778 A

################################################################################################################################################
Starting Execution:	[142 out of 146] test cases in the current suite
Test Method:		[unitTests.tests_element_elementActions.waitForElementToBePresent_false_expectedToFail]
################################################################################################################################################
[ReportManager] Target URL: [https://www.google.com/ncr], and after redirection: [www.google.com] @13-11-2021 02:08:17.0782 AM
[ReportManager] Initial URL: [data:,] @13-11-2021 02:08:17.0894 AM
[ReportManager] Browser Action [NavigateToURL] successfully performed. With the following test data [https://www.google.com/ncr]. @13-11-2021 02:08:18.0619 AM
[ReportManager] Waiting for element to be present; elementLocator [By.xpath: //*[@id='hplogo' or @alt='Google']], numberOfTries[1], stateOfPresence[false]... @13-11-2021 02:08:18.0622 AM
[ReportManager] Element Action [WaitForElementToBePresent] failed. With the following test data [waited for the element's state of presence to be (false). Element locator (By.xpath: //*[@id='hplogo' or @alt='Google'])]. @13-11-2021 02:08:19.0076 AM
[ReportManager] Successfully created attachment [Screenshot - 1636769298896_waitForElementToBePresent_false_expectedToFail_WaitForElementToBePresent_failed] @13-11-2021 02:08:19.0077 A
[ReportManager] Browser Action [CloseCurrentWindow] successfully performed. @13-11-2021 02:08:19.0220 AM
[ReportManager] Successfully created attachment [Browser Action Test Data - CloseCurrentWindow - Actual Value] @13-11-2021 02:08:19.0220 A
[ReportManager] File Action [GetAbsolutePath] successfully performed. With the following test data [Relative Folder Path: "target/downloadedFiles/"]. @13-11-2021 02:08:19.0223 AM
[ReportManager] Attempting to run remotely on: [Linux-64], [GoogleChrome], [http://localhost:4444/wd/hub], Headless Execution. @13-11-2021 02:08:19.0223 AM
[ReportManager] Successfully Opened [GoogleChrome]. @13-11-2021 02:08:22.0779 A

################################################################################################################################################
Starting Execution:	[143 out of 146] test cases in the current suite
Test Method:		[unitTests.tests_element_elementActions.waitForElementToBePresent_false_expectedToPass]
################################################################################################################################################
[ReportManager] Target URL: [https://www.google.com/ncr], and after redirection: [www.google.com] @13-11-2021 02:08:22.0784 AM
[ReportManager] Initial URL: [data:,] @13-11-2021 02:08:22.0834 AM
[ReportManager] Browser Action [NavigateToURL] successfully performed. With the following test data [https://www.google.com/ncr]. @13-11-2021 02:08:23.0553 AM
[ReportManager] Waiting for element to be present; elementLocator [By.id: bla], numberOfTries[1], stateOfPresence[false]... @13-11-2021 02:08:23.0553 AM
[ReportManager] Element Action [WaitForElementToBePresent] successfully performed. With the following test data [waited for the element's state of presence to be (false). Element locator (By.id: bla)]. @13-11-2021 02:08:28.0677 A
[ReportManager] Browser Action [CloseCurrentWindow] successfully performed. @13-11-2021 02:08:28.0803 AM
[ReportManager] Successfully created attachment [Browser Action Test Data - CloseCurrentWindow - Actual Value] @13-11-2021 02:08:28.0804 A
[ReportManager] File Action [GetAbsolutePath] successfully performed. With the following test data [Relative Folder Path: "target/downloadedFiles/"]. @13-11-2021 02:08:28.0806 AM
[ReportManager] Attempting to run remotely on: [Linux-64], [GoogleChrome], [http://localhost:4444/wd/hub], Headless Execution. @13-11-2021 02:08:28.0806 AM
[ReportManager] Successfully Opened [GoogleChrome]. @13-11-2021 02:08:32.0779 A

################################################################################################################################################
Starting Execution:	[144 out of 146] test cases in the current suite
Test Method:		[unitTests.tests_element_elementActions.waitForElementToBePresent_moreThanOneElement_expectedToFail]
################################################################################################################################################
[ReportManager] Target URL: [https://www.google.com/ncr], and after redirection: [www.google.com] @13-11-2021 02:08:32.0782 AM
[ReportManager] Initial URL: [data:,] @13-11-2021 02:08:32.0842 AM
[ReportManager] Browser Action [NavigateToURL] successfully performed. With the following test data [https://www.google.com/ncr]. @13-11-2021 02:08:33.0602 AM
[ReportManager] Waiting for element to be present; elementLocator [By.xpath: //*], numberOfTries[1], stateOfPresence[false]... @13-11-2021 02:08:33.0602 AM
[ReportManager] Element Action [WaitForElementToBePresent] failed. With the following test data [waited for the element's state of presence to be (false). Element locator (By.xpath: //*)]. @13-11-2021 02:08:34.0072 AM
[ReportManager] Successfully created attachment [Screenshot - 1636769313887_waitForElementToBePresent_moreThanOneElement_expectedToFail_WaitForElementToBePresent_failed] @13-11-2021 02:08:34.0073 A
[ReportManager] Browser Action [CloseCurrentWindow] successfully performed. @13-11-2021 02:08:34.0198 AM
[ReportManager] Successfully created attachment [Browser Action Test Data - CloseCurrentWindow - Actual Value] @13-11-2021 02:08:34.0199 A
[ReportManager] File Action [GetAbsolutePath] successfully performed. With the following test data [Relative Folder Path: "target/downloadedFiles/"]. @13-11-2021 02:08:34.0202 AM
[ReportManager] Attempting to run remotely on: [Linux-64], [GoogleChrome], [http://localhost:4444/wd/hub], Headless Execution. @13-11-2021 02:08:34.0202 AM
[ReportManager] Successfully Opened [GoogleChrome]. @13-11-2021 02:08:37.0823 A

################################################################################################################################################
Starting Execution:	[145 out of 146] test cases in the current suite
Test Method:		[unitTests.tests_element_elementActions.waitForElementToBePresent_true_expectedToFail]
################################################################################################################################################
[ReportManager] Target URL: [https://www.google.com/ncr], and after redirection: [www.google.com] @13-11-2021 02:08:37.0826 AM
[ReportManager] Initial URL: [data:,] @13-11-2021 02:08:37.0916 AM
[ReportManager] Browser Action [NavigateToURL] successfully performed. With the following test data [https://www.google.com/ncr]. @13-11-2021 02:08:38.0713 AM
[ReportManager] Waiting for element to be present; elementLocator [By.id: bla], numberOfTries[1], stateOfPresence[true]... @13-11-2021 02:08:38.0713 AM
[ReportManager] Element Action [WaitForElementToBePresent] failed. With the following test data [waited for the element's state of presence to be (true). Element locator (By.id: bla)]. @13-11-2021 02:08:44.0273 AM
[ReportManager] Successfully created attachment [Screenshot - 1636769324065_waitForElementToBePresent_true_expectedToFail_WaitForElementToBePresent_failed] @13-11-2021 02:08:44.0274 A
[ReportManager] Browser Action [CloseCurrentWindow] successfully performed. @13-11-2021 02:08:44.0397 AM
[ReportManager] Successfully created attachment [Browser Action Test Data - CloseCurrentWindow - Actual Value] @13-11-2021 02:08:44.0399 A
[ReportManager] File Action [GetAbsolutePath] successfully performed. With the following test data [Relative Folder Path: "target/downloadedFiles/"]. @13-11-2021 02:08:44.0401 AM
[ReportManager] Attempting to run remotely on: [Linux-64], [GoogleChrome], [http://localhost:4444/wd/hub], Headless Execution. @13-11-2021 02:08:44.0401 AM
[ReportManager] Successfully Opened [GoogleChrome]. @13-11-2021 02:08:47.0788 A

################################################################################################################################################
Starting Execution:	[146 out of 146] test cases in the current suite
Test Method:		[unitTests.tests_element_elementActions.waitForElementToBePresent_true_expectedToPass]
################################################################################################################################################
[ReportManager] Target URL: [https://www.google.com/ncr], and after redirection: [www.google.com] @13-11-2021 02:08:47.0790 AM
[ReportManager] Initial URL: [data:,] @13-11-2021 02:08:47.0841 AM
[ReportManager] Browser Action [NavigateToURL] successfully performed. With the following test data [https://www.google.com/ncr]. @13-11-2021 02:08:48.0577 AM
[ReportManager] Waiting for element to be present; elementLocator [By.xpath: //*[@id='hplogo' or @alt='Google']], numberOfTries[1], stateOfPresence[true]... @13-11-2021 02:08:48.0577 AM
[ReportManager] Element Action [WaitForElementToBePresent] successfully performed. With the following test data [waited for the element's state of presence to be (true). Element locator (By.xpath: //*[@id='hplogo' or @alt='Google'])]. @13-11-2021 02:08:48.0662 AM
[ReportManager] File Action [DoesFileExist] successfully performed. With the following test data [File Path: "src/main/resources/dynamicObjectRepository/unitTests_tests_element_elementActions_waitForElementToBePresent_true_expectedToPass_By_xpath_id_hplogo_or_alt_Google.png"]. @13-11-2021 02:08:48.0665 AM
[ReportManager] File Action [DoesFileExist] successfully performed. With the following test data [File Path: "src/main/resources/dynamicObjectRepository/unitTests_tests_element_elementActions_waitForElementToBePresent_true_expectedToPass_By_xpath_id_hplogo_or_alt_Google.png"]. @13-11-2021 02:08:48.0869 AM
[ReportManager] Passing the test and saving a reference image @13-11-2021 02:08:48.0869 AM
[ReportManager] File Action [GetAbsolutePath] successfully performed. With the following test data [Relative File Path: "src/main/resources/dynamicObjectRepository/unitTests_tests_element_elementActions_waitForElementToBePresent_true_expectedToPass_By_xpath_id_hplogo_or_alt_Google.png"]. @13-11-2021 02:08:48.0869 AM
[ReportManager] File Action [WriteToFile] successfully performed. With the following test data [Target File Path: "/home/runner/work/SHAFT_ENGINE/SHAFT_ENGINE/src/main/resources/dynamicObjectRepository/unitTests_tests_element_elementActions_waitForElementToBePresent_true_expectedToPass_By_xpath_id_hplogo_or_alt_Google.png"]. @13-11-2021 02:08:48.0881 AM
[ReportManager] Assertion Passed: Using Visual AI; OpenCV @13-11-2021 02:08:48.0881 AM
[ReportManager] Successfully created attachment [Validation Test Data - Actual Screenshot] @13-11-2021 02:08:48.0882 AM
[ReportManager] Assertion [ValidateElementMatches] PASSED. Expected [Element should match the reference screenshot] and Actual [TRUE]. Comparison Type [EXACT_OPENCV]. Validation Type [POSITIVE]. @13-11-2021 02:08:48.0882 A
[ReportManager] Browser Action [CloseCurrentWindow] successfully performed. @13-11-2021 02:08:49.0095 AM
[ReportManager] Successfully created attachment [Browser Action Test Data - CloseCurrentWindow - Actual Value] @13-11-2021 02:08:49.0096 A
[ReportManager] Successfully created attachment [SHAFT Engine Logs - Execution log] @13-11-2021 02:08:49.0147 AM

################################################################################################################################################
This test run was powered by SHAFT Engine Version: [SHAFT Engine v5.4.20211104-BETA]
SHAFT Engine is licensed under the MIT License: [https://github.com/MohabMohie/SHAFT_ENGINE/blob/master/LICENSE].
################################################################################################################################################