{
  "uid" : "31f054af2132b9a3",
  "name" : "assertNull_true_expectedToPass",
  "fullName" : "unitTests.tests_validations_assertions.assertNull_true_expectedToPass",
  "historyId" : "4604ee6340e8cffa6c36a592668ef42b",
  "time" : {
    "start" : 1636769157913,
    "stop" : 1636769157915,
    "duration" : 2
  },
  "status" : "skipped",
  "statusMessage" : "Browser Action [NavigateToNewURL] failed. With the following test data [https://www.google.com/ncr].",
  "statusTrace" : "java.lang.AssertionError: Browser Action [NavigateToNewURL] failed. With the following test data [https://www.google.com/ncr].\n\tat org.testng.Assert.fail(Assert.java:87)\n\tat com.shaft.gui.browser.WebDriverBrowserActions.failAction(WebDriverBrowserActions.java:610)\n\tat com.shaft.gui.browser.WebDriverBrowserActions.failAction(WebDriverBrowserActions.java:603)\n\tat com.shaft.gui.browser.WebDriverBrowserActions.navigateToNewURL(WebDriverBrowserActions.java:662)\n\tat com.shaft.gui.browser.WebDriverBrowserActions.navigateToURL(WebDriverBrowserActions.java:285)\n\tat com.shaft.gui.browser.BrowserActions.navigateToURL(BrowserActions.java:107)\n\tat unitTests.tests_validations_assertions.beforeMethod(tests_validations_assertions.java:407)\n\tat java.base/jdk.internal.reflect.NativeMethodAccessorImpl.invoke0(Native Method)\n\tat java.base/jdk.internal.reflect.NativeMethodAccessorImpl.invoke(NativeMethodAccessorImpl.java:77)\n\tat java.base/jdk.internal.reflect.DelegatingMethodAccessorImpl.invoke(DelegatingMethodAccessorImpl.java:43)\n\tat java.base/java.lang.reflect.Method.invoke(Method.java:568)\n\tat org.testng.internal.MethodInvocationHelper.invokeMethod(MethodInvocationHelper.java:133)\n\tat org.testng.internal.MethodInvocationHelper.invokeMethodConsideringTimeout(MethodInvocationHelper.java:62)\n\tat org.testng.internal.ConfigInvoker.invokeConfigurationMethod(ConfigInvoker.java:385)\n\tat org.testng.internal.ConfigInvoker.invokeConfigurations(ConfigInvoker.java:321)\n\tat org.testng.internal.TestInvoker.runConfigMethods(TestInvoker.java:700)\n\tat org.testng.internal.TestInvoker.invokeMethod(TestInvoker.java:527)\n\tat org.testng.internal.TestInvoker.invokeTestMethod(TestInvoker.java:173)\n\tat org.testng.internal.MethodRunner.runInSequence(MethodRunner.java:46)\n\tat org.testng.internal.TestInvoker$MethodInvocationAgent.invoke(TestInvoker.java:824)\n\tat org.testng.internal.TestInvoker.invokeTestMethods(TestInvoker.java:146)\n\tat org.testng.internal.TestMethodWorker.invokeTestMethods(TestMethodWorker.java:146)\n\tat org.testng.internal.TestMethodWorker.run(TestMethodWorker.java:128)\n\tat java.base/java.util.ArrayList.forEach(ArrayList.java:1511)\n\tat org.testng.TestRunner.privateRun(TestRunner.java:794)\n\tat org.testng.TestRunner.run(TestRunner.java:596)\n\tat org.testng.SuiteRunner.runTest(SuiteRunner.java:377)\n\tat org.testng.SuiteRunner.runSequentially(SuiteRunner.java:371)\n\tat org.testng.SuiteRunner.privateRun(SuiteRunner.java:332)\n\tat org.testng.SuiteRunner.run(SuiteRunner.java:276)\n\tat org.testng.SuiteRunnerWorker.runSuite(SuiteRunnerWorker.java:53)\n\tat org.testng.SuiteRunnerWorker.run(SuiteRunnerWorker.java:96)\n\tat org.testng.TestNG.runSuitesSequentially(TestNG.java:1212)\n\tat org.testng.TestNG.runSuitesLocally(TestNG.java:1134)\n\tat org.testng.TestNG.runSuites(TestNG.java:1063)\n\tat org.testng.TestNG.run(TestNG.java:1031)\n\tat org.apache.maven.surefire.testng.TestNGExecutor.run(TestNGExecutor.java:136)\n\tat org.apache.maven.surefire.testng.TestNGDirectoryTestSuite.executeMulti(TestNGDirectoryTestSuite.java:193)\n\tat org.apache.maven.surefire.testng.TestNGDirectoryTestSuite.execute(TestNGDirectoryTestSuite.java:94)\n\tat org.apache.maven.surefire.testng.TestNGProvider.invoke(TestNGProvider.java:145)\n\tat org.apache.maven.surefire.booter.ForkedBooter.runSuitesInProcess(ForkedBooter.java:428)\n\tat org.apache.maven.surefire.booter.ForkedBooter.execute(ForkedBooter.java:162)\n\tat org.apache.maven.surefire.booter.ForkedBooter.run(ForkedBooter.java:562)\n\tat org.apache.maven.surefire.booter.ForkedBooter.main(ForkedBooter.java:548)\nCaused by: org.openqa.selenium.TimeoutException: java.util.concurrent.TimeoutException\nBuild info: version: '4.0.0', revision: '3a21814679'\nSystem info: host: 'fv-az201-187', ip: '10.1.0.90', os.name: 'Linux', os.arch: 'amd64', os.version: '5.11.0-1020-azure', java.version: '17.0.1'\nDriver info: org.openqa.selenium.remote.RemoteWebDriver\nCommand: [4789d5a696e26a27302f2be8f5383387, get {url=https://www.google.com/ncr}]\nCapabilities {acceptInsecureCerts: true, browserName: chrome, browserVersion: 95.0.4638.69, chrome: {chromedriverVersion: 95.0.4638.54 (d31a821ec901f..., userDataDir: /tmp/.com.google.Chrome.Zi6OJf}, goog:chromeOptions: {debuggerAddress: localhost:9222}, javascriptEnabled: true, networkConnectionEnabled: false, pageLoadStrategy: normal, platform: LINUX, platformName: LINUX, proxy: Proxy(), se:cdp: ws://0.0.0.0:4444/session/4..., se:cdpVersion: 95.0.4638.69, se:vnc: ws://0.0.0.0:4444/session/4..., se:vncEnabled: true, se:vncLocalAddress: ws://172.18.0.5:7900, setWindowRect: true, strictFileInteractability: false, timeouts: {implicit: 0, pageLoad: 30000, script: 30000}, unhandledPromptBehavior: accept and notify, webauthn:extension:credBlob: true, webauthn:extension:largeBlob: true, webauthn:virtualAuthenticators: true}\nSession ID: 4789d5a696e26a27302f2be8f5383387\n\tat org.openqa.selenium.remote.http.netty.NettyHttpHandler.makeCall(NettyHttpHandler.java:72)\n\tat org.openqa.selenium.remote.http.AddSeleniumUserAgent.lambda$apply$0(AddSeleniumUserAgent.java:42)\n\tat org.openqa.selenium.remote.http.Filter.lambda$andFinally$1(Filter.java:56)\n\tat org.openqa.selenium.remote.http.netty.NettyHttpHandler.execute(NettyHttpHandler.java:51)\n\tat org.openqa.selenium.remote.http.AddSeleniumUserAgent.lambda$apply$0(AddSeleniumUserAgent.java:42)\n\tat org.openqa.selenium.remote.http.Filter.lambda$andFinally$1(Filter.java:56)\n\tat org.openqa.selenium.remote.http.netty.NettyClient.execute(NettyClient.java:119)\n\tat org.openqa.selenium.remote.tracing.TracedHttpClient.execute(TracedHttpClient.java:55)\n\tat org.openqa.selenium.remote.HttpCommandExecutor.execute(HttpCommandExecutor.java:181)\n\tat org.openqa.selenium.remote.TracedCommandExecutor.execute(TracedCommandExecutor.java:39)\n\tat org.openqa.selenium.remote.RemoteWebDriver.execute(RemoteWebDriver.java:559)\n\tat org.openqa.selenium.remote.RemoteWebDriver.get(RemoteWebDriver.java:328)\n\tat org.openqa.selenium.remote.RemoteWebDriver$RemoteNavigation.to(RemoteWebDriver.java:957)\n\tat com.shaft.gui.browser.WebDriverBrowserActions.navigateToNewURL(WebDriverBrowserActions.java:660)\n\t... 40 more\nCaused by: java.util.concurrent.TimeoutException\n\tat java.base/java.util.concurrent.CompletableFuture.timedGet(CompletableFuture.java:1960)\n\tat java.base/java.util.concurrent.CompletableFuture.get(CompletableFuture.java:2095)\n\tat org.asynchttpclient.netty.NettyResponseFuture.get(NettyResponseFuture.java:206)\n\tat org.openqa.selenium.remote.http.netty.NettyHttpHandler.makeCall(NettyHttpHandler.java:66)\n\t... 53 more\n",
  "flaky" : false,
  "newFailed" : false,
  "beforeStages" : [ {
    "name" : "setupActivities",
    "time" : {
      "start" : 1636768106434,
      "stop" : 1636768107483,
      "duration" : 1049
    },
    "description" : "",
    "status" : "passed",
    "steps" : [ {
      "name" : "Folder [extent-reports] was not found, it may have already been deleted.",
      "time" : {
        "start" : 1636768106603,
        "stop" : 1636768106605,
        "duration" : 2
      },
      "status" : "passed",
      "steps" : [ ],
      "attachments" : [ ],
      "parameters" : [ {
        "name" : "actionCounter",
        "value" : "1"
      }, {
        "name" : "logText",
        "value" : "Folder [extent-reports] was not found, it may have already been deleted."
      } ],
      "stepsCount" : 0,
      "attachmentsCount" : 0,
      "shouldDisplayMessage" : false,
      "hasContent" : true
    } ],
    "attachments" : [ {
      "uid" : "62b57d7b39ba2a9c",
      "name" : "Attachment: SHAFT Links - Important",
      "source" : "62b57d7b39ba2a9c.uri",
      "type" : "text/uri-list",
      "size" : 346
    } ],
    "parameters" : [ ],
    "stepsCount" : 1,
    "attachmentsCount" : 1,
    "shouldDisplayMessage" : false,
    "hasContent" : true
  } ],
  "testStage" : {
    "status" : "skipped",
    "statusMessage" : "Browser Action [NavigateToNewURL] failed. With the following test data [https://www.google.com/ncr].",
    "statusTrace" : "java.lang.AssertionError: Browser Action [NavigateToNewURL] failed. With the following test data [https://www.google.com/ncr].\n\tat org.testng.Assert.fail(Assert.java:87)\n\tat com.shaft.gui.browser.WebDriverBrowserActions.failAction(WebDriverBrowserActions.java:610)\n\tat com.shaft.gui.browser.WebDriverBrowserActions.failAction(WebDriverBrowserActions.java:603)\n\tat com.shaft.gui.browser.WebDriverBrowserActions.navigateToNewURL(WebDriverBrowserActions.java:662)\n\tat com.shaft.gui.browser.WebDriverBrowserActions.navigateToURL(WebDriverBrowserActions.java:285)\n\tat com.shaft.gui.browser.BrowserActions.navigateToURL(BrowserActions.java:107)\n\tat unitTests.tests_validations_assertions.beforeMethod(tests_validations_assertions.java:407)\n\tat java.base/jdk.internal.reflect.NativeMethodAccessorImpl.invoke0(Native Method)\n\tat java.base/jdk.internal.reflect.NativeMethodAccessorImpl.invoke(NativeMethodAccessorImpl.java:77)\n\tat java.base/jdk.internal.reflect.DelegatingMethodAccessorImpl.invoke(DelegatingMethodAccessorImpl.java:43)\n\tat java.base/java.lang.reflect.Method.invoke(Method.java:568)\n\tat org.testng.internal.MethodInvocationHelper.invokeMethod(MethodInvocationHelper.java:133)\n\tat org.testng.internal.MethodInvocationHelper.invokeMethodConsideringTimeout(MethodInvocationHelper.java:62)\n\tat org.testng.internal.ConfigInvoker.invokeConfigurationMethod(ConfigInvoker.java:385)\n\tat org.testng.internal.ConfigInvoker.invokeConfigurations(ConfigInvoker.java:321)\n\tat org.testng.internal.TestInvoker.runConfigMethods(TestInvoker.java:700)\n\tat org.testng.internal.TestInvoker.invokeMethod(TestInvoker.java:527)\n\tat org.testng.internal.TestInvoker.invokeTestMethod(TestInvoker.java:173)\n\tat org.testng.internal.MethodRunner.runInSequence(MethodRunner.java:46)\n\tat org.testng.internal.TestInvoker$MethodInvocationAgent.invoke(TestInvoker.java:824)\n\tat org.testng.internal.TestInvoker.invokeTestMethods(TestInvoker.java:146)\n\tat org.testng.internal.TestMethodWorker.invokeTestMethods(TestMethodWorker.java:146)\n\tat org.testng.internal.TestMethodWorker.run(TestMethodWorker.java:128)\n\tat java.base/java.util.ArrayList.forEach(ArrayList.java:1511)\n\tat org.testng.TestRunner.privateRun(TestRunner.java:794)\n\tat org.testng.TestRunner.run(TestRunner.java:596)\n\tat org.testng.SuiteRunner.runTest(SuiteRunner.java:377)\n\tat org.testng.SuiteRunner.runSequentially(SuiteRunner.java:371)\n\tat org.testng.SuiteRunner.privateRun(SuiteRunner.java:332)\n\tat org.testng.SuiteRunner.run(SuiteRunner.java:276)\n\tat org.testng.SuiteRunnerWorker.runSuite(SuiteRunnerWorker.java:53)\n\tat org.testng.SuiteRunnerWorker.run(SuiteRunnerWorker.java:96)\n\tat org.testng.TestNG.runSuitesSequentially(TestNG.java:1212)\n\tat org.testng.TestNG.runSuitesLocally(TestNG.java:1134)\n\tat org.testng.TestNG.runSuites(TestNG.java:1063)\n\tat org.testng.TestNG.run(TestNG.java:1031)\n\tat org.apache.maven.surefire.testng.TestNGExecutor.run(TestNGExecutor.java:136)\n\tat org.apache.maven.surefire.testng.TestNGDirectoryTestSuite.executeMulti(TestNGDirectoryTestSuite.java:193)\n\tat org.apache.maven.surefire.testng.TestNGDirectoryTestSuite.execute(TestNGDirectoryTestSuite.java:94)\n\tat org.apache.maven.surefire.testng.TestNGProvider.invoke(TestNGProvider.java:145)\n\tat org.apache.maven.surefire.booter.ForkedBooter.runSuitesInProcess(ForkedBooter.java:428)\n\tat org.apache.maven.surefire.booter.ForkedBooter.execute(ForkedBooter.java:162)\n\tat org.apache.maven.surefire.booter.ForkedBooter.run(ForkedBooter.java:562)\n\tat org.apache.maven.surefire.booter.ForkedBooter.main(ForkedBooter.java:548)\nCaused by: org.openqa.selenium.TimeoutException: java.util.concurrent.TimeoutException\nBuild info: version: '4.0.0', revision: '3a21814679'\nSystem info: host: 'fv-az201-187', ip: '10.1.0.90', os.name: 'Linux', os.arch: 'amd64', os.version: '5.11.0-1020-azure', java.version: '17.0.1'\nDriver info: org.openqa.selenium.remote.RemoteWebDriver\nCommand: [4789d5a696e26a27302f2be8f5383387, get {url=https://www.google.com/ncr}]\nCapabilities {acceptInsecureCerts: true, browserName: chrome, browserVersion: 95.0.4638.69, chrome: {chromedriverVersion: 95.0.4638.54 (d31a821ec901f..., userDataDir: /tmp/.com.google.Chrome.Zi6OJf}, goog:chromeOptions: {debuggerAddress: localhost:9222}, javascriptEnabled: true, networkConnectionEnabled: false, pageLoadStrategy: normal, platform: LINUX, platformName: LINUX, proxy: Proxy(), se:cdp: ws://0.0.0.0:4444/session/4..., se:cdpVersion: 95.0.4638.69, se:vnc: ws://0.0.0.0:4444/session/4..., se:vncEnabled: true, se:vncLocalAddress: ws://172.18.0.5:7900, setWindowRect: true, strictFileInteractability: false, timeouts: {implicit: 0, pageLoad: 30000, script: 30000}, unhandledPromptBehavior: accept and notify, webauthn:extension:credBlob: true, webauthn:extension:largeBlob: true, webauthn:virtualAuthenticators: true}\nSession ID: 4789d5a696e26a27302f2be8f5383387\n\tat org.openqa.selenium.remote.http.netty.NettyHttpHandler.makeCall(NettyHttpHandler.java:72)\n\tat org.openqa.selenium.remote.http.AddSeleniumUserAgent.lambda$apply$0(AddSeleniumUserAgent.java:42)\n\tat org.openqa.selenium.remote.http.Filter.lambda$andFinally$1(Filter.java:56)\n\tat org.openqa.selenium.remote.http.netty.NettyHttpHandler.execute(NettyHttpHandler.java:51)\n\tat org.openqa.selenium.remote.http.AddSeleniumUserAgent.lambda$apply$0(AddSeleniumUserAgent.java:42)\n\tat org.openqa.selenium.remote.http.Filter.lambda$andFinally$1(Filter.java:56)\n\tat org.openqa.selenium.remote.http.netty.NettyClient.execute(NettyClient.java:119)\n\tat org.openqa.selenium.remote.tracing.TracedHttpClient.execute(TracedHttpClient.java:55)\n\tat org.openqa.selenium.remote.HttpCommandExecutor.execute(HttpCommandExecutor.java:181)\n\tat org.openqa.selenium.remote.TracedCommandExecutor.execute(TracedCommandExecutor.java:39)\n\tat org.openqa.selenium.remote.RemoteWebDriver.execute(RemoteWebDriver.java:559)\n\tat org.openqa.selenium.remote.RemoteWebDriver.get(RemoteWebDriver.java:328)\n\tat org.openqa.selenium.remote.RemoteWebDriver$RemoteNavigation.to(RemoteWebDriver.java:957)\n\tat com.shaft.gui.browser.WebDriverBrowserActions.navigateToNewURL(WebDriverBrowserActions.java:660)\n\t... 40 more\nCaused by: java.util.concurrent.TimeoutException\n\tat java.base/java.util.concurrent.CompletableFuture.timedGet(CompletableFuture.java:1960)\n\tat java.base/java.util.concurrent.CompletableFuture.get(CompletableFuture.java:2095)\n\tat org.asynchttpclient.netty.NettyResponseFuture.get(NettyResponseFuture.java:206)\n\tat org.openqa.selenium.remote.http.netty.NettyHttpHandler.makeCall(NettyHttpHandler.java:66)\n\t... 53 more\n",
    "steps" : [ ],
    "attachments" : [ {
      "uid" : "bea17adb5c64639b",
      "name" : "Attachment: SHAFT Engine Logs - Current Method log: assertNull_true_expectedToPass",
      "source" : "bea17adb5c64639b.txt",
      "type" : "text/plain",
      "size" : 444
    } ],
    "parameters" : [ ],
    "stepsCount" : 0,
    "attachmentsCount" : 1,
    "shouldDisplayMessage" : true,
    "hasContent" : true
  },
  "afterStages" : [ {
    "name" : "teardownActivities",
    "time" : {
      "start" : 1636769329113,
      "stop" : 1636769329925,
      "duration" : 812
    },
    "description" : "",
    "status" : "passed",
    "steps" : [ {
      "name" : "Successfully Closed All Drivers.",
      "time" : {
        "start" : 1636769329121,
        "stop" : 1636769329121,
        "duration" : 0
      },
      "status" : "passed",
      "steps" : [ ],
      "attachments" : [ ],
      "parameters" : [ {
        "name" : "actionCounter",
        "value" : "453"
      }, {
        "name" : "logText",
        "value" : "Successfully Closed All Drivers."
      } ],
      "stepsCount" : 0,
      "attachmentsCount" : 0,
      "shouldDisplayMessage" : false,
      "hasContent" : true
    }, {
      "name" : "Issue Summary: Total Issues = 12, New issues for Failed Tests = 10, Open issues for Passed Tests = 2, Open issues for Failed Tests = 0. Kindly check the attached Issue details.",
      "time" : {
        "start" : 1636769329146,
        "stop" : 1636769329147,
        "duration" : 1
      },
      "status" : "passed",
      "steps" : [ ],
      "attachments" : [ {
        "uid" : "9d13398f4beeffcd",
        "name" : "Attachment: SHAFT Engine Logs - Issues log CSV: 20211113-020849",
        "source" : "9d13398f4beeffcd.csv",
        "type" : "text/csv",
        "size" : 1535
      } ],
      "parameters" : [ {
        "name" : "actionCounter",
        "value" : "454"
      }, {
        "name" : "logText",
        "value" : "Issue Summary: Total Issues = 12, New issues for Failed Tests = 10, Open issues for Passed Tests = 2, Open issues for Failed Tests = 0. Kindly check the attached Issue details."
      }, {
        "name" : "attachments",
        "value" : "[[SHAFT Engine Logs, Issues log CSV: 20211113-020849, java.io.ByteArrayInputStream@16a49a56]]"
      } ],
      "stepsCount" : 0,
      "attachmentsCount" : 1,
      "shouldDisplayMessage" : false,
      "hasContent" : true
    } ],
    "attachments" : [ {
      "uid" : "279ae8e6de5656c5",
      "name" : "Attachment: SHAFT Engine Logs - Execution log: 20211113-020849",
      "source" : "279ae8e6de5656c5.txt",
      "type" : "text/plain",
      "size" : 210406
    }, {
      "uid" : "20d8c0aeaa25221d",
      "name" : "Attachment: HTML - Extent Emailable Execution Report",
      "source" : "20d8c0aeaa25221d.html",
      "type" : "text/html",
      "size" : 14228575
    } ],
    "parameters" : [ ],
    "stepsCount" : 2,
    "attachmentsCount" : 3,
    "shouldDisplayMessage" : false,
    "hasContent" : true
  } ],
  "labels" : [ {
    "name" : "package",
    "value" : "unitTests.tests_validations_assertions"
  }, {
    "name" : "testClass",
    "value" : "unitTests.tests_validations_assertions"
  }, {
    "name" : "testMethod",
    "value" : "assertNull_true_expectedToPass"
  }, {
    "name" : "parentSuite",
    "value" : "SHAFT: Custom Suite"
  }, {
    "name" : "suite",
    "value" : "SHAFT: Custom Test"
  }, {
    "name" : "subSuite",
    "value" : "unitTests.tests_validations_assertions"
  }, {
    "name" : "host",
    "value" : "fv-az201-187"
  }, {
    "name" : "thread",
    "value" : "4540@fv-az201-187.main(1)"
  }, {
    "name" : "framework",
    "value" : "testng"
  }, {
    "name" : "language",
    "value" : "java"
  }, {
    "name" : "resultFormat",
    "value" : "allure2"
  } ],
  "parameters" : [ ],
  "links" : [ ],
  "hidden" : false,
  "retry" : false,
  "extra" : {
    "severity" : "normal",
    "retries" : [ ],
    "categories" : [ ],
    "history" : {
      "statistic" : {
        "failed" : 0,
        "broken" : 0,
        "skipped" : 3,
        "passed" : 33,
        "unknown" : 0,
        "total" : 36
      },
      "items" : [ {
        "uid" : "7acfcf282ca0152f",
        "reportUrl" : "https://MohabMohie.github.io/SHAFT_ENGINE/allure/Linux/Web/888//#testresult/7acfcf282ca0152f",
        "status" : "passed",
        "time" : {
          "start" : 1636423167990,
          "stop" : 1636423167991,
          "duration" : 1
        }
      }, {
        "uid" : "1f2c5e0dd1532b6d",
        "reportUrl" : "https://MohabMohie.github.io/SHAFT_ENGINE/allure/Linux/Web/886//#testresult/1f2c5e0dd1532b6d",
        "status" : "passed",
        "time" : {
          "start" : 1636272516015,
          "stop" : 1636272516015,
          "duration" : 0
        }
      }, {
        "uid" : "b0736f95effc6223",
        "reportUrl" : "https://MohabMohie.github.io/SHAFT_ENGINE/allure/Linux/Web/882//#testresult/b0736f95effc6223",
        "status" : "passed",
        "time" : {
          "start" : 1636055460944,
          "stop" : 1636055460945,
          "duration" : 1
        }
      }, {
        "uid" : "4f572fe3c2daf1f6",
        "reportUrl" : "https://MohabMohie.github.io/SHAFT_ENGINE/allure/Linux/Web/878//#testresult/4f572fe3c2daf1f6",
        "status" : "passed",
        "time" : {
          "start" : 1636020857623,
          "stop" : 1636020857624,
          "duration" : 1
        }
      }, {
        "uid" : "fe40ce995380f907",
        "reportUrl" : "https://MohabMohie.github.io/SHAFT_ENGINE/allure/Linux/Web/876//#testresult/fe40ce995380f907",
        "status" : "passed",
        "time" : {
          "start" : 1635991616951,
          "stop" : 1635991616952,
          "duration" : 1
        }
      }, {
        "uid" : "340ad40dcf7ef4d2",
        "reportUrl" : "https://MohabMohie.github.io/SHAFT_ENGINE/allure/Linux/Web/874//#testresult/340ad40dcf7ef4d2",
        "status" : "passed",
        "time" : {
          "start" : 1635977506004,
          "stop" : 1635977506006,
          "duration" : 2
        }
      }, {
        "uid" : "ab8d9762678c0ae0",
        "reportUrl" : "https://MohabMohie.github.io/SHAFT_ENGINE/allure/Linux/Web/872//#testresult/ab8d9762678c0ae0",
        "status" : "passed",
        "time" : {
          "start" : 1635975059141,
          "stop" : 1635975059142,
          "duration" : 1
        }
      }, {
        "uid" : "f6e34c7743b69503",
        "reportUrl" : "https://MohabMohie.github.io/SHAFT_ENGINE/allure/Linux/Web/870//#testresult/f6e34c7743b69503",
        "status" : "passed",
        "time" : {
          "start" : 1635971500140,
          "stop" : 1635971500142,
          "duration" : 2
        }
      }, {
        "uid" : "1eca9ea8906c348c",
        "reportUrl" : "https://MohabMohie.github.io/SHAFT_ENGINE/allure/Linux/Web/869//#testresult/1eca9ea8906c348c",
        "status" : "passed",
        "time" : {
          "start" : 1635970684428,
          "stop" : 1635970684428,
          "duration" : 0
        }
      }, {
        "uid" : "b9685aab2ad22d9d",
        "reportUrl" : "https://MohabMohie.github.io/SHAFT_ENGINE/allure/Linux/Web/868//#testresult/b9685aab2ad22d9d",
        "status" : "passed",
        "time" : {
          "start" : 1635970348736,
          "stop" : 1635970348737,
          "duration" : 1
        }
      }, {
        "uid" : "ae6383ee839b6d71",
        "reportUrl" : "https://MohabMohie.github.io/SHAFT_ENGINE/allure/Linux/Web/864//#testresult/ae6383ee839b6d71",
        "status" : "passed",
        "time" : {
          "start" : 1635917126527,
          "stop" : 1635917126528,
          "duration" : 1
        }
      }, {
        "uid" : "f059742618eecb98",
        "reportUrl" : "https://MohabMohie.github.io/SHAFT_ENGINE/allure/Linux/Web/855//#testresult/f059742618eecb98",
        "status" : "passed",
        "time" : {
          "start" : 1635766930770,
          "stop" : 1635766930771,
          "duration" : 1
        }
      }, {
        "uid" : "5feb2ff4f88019f2",
        "reportUrl" : "https://MohabMohie.github.io/SHAFT_ENGINE/allure/Linux/Web/854//#testresult/5feb2ff4f88019f2",
        "status" : "skipped",
        "statusDetails" : "Browser Action [NavigateToNewURL] failed. With the following test data [https://www.google.com/ncr].",
        "time" : {
          "start" : 1635758737600,
          "stop" : 1635758737601,
          "duration" : 1
        }
      }, {
        "uid" : "75971d5f8efab949",
        "reportUrl" : "https://MohabMohie.github.io/SHAFT_ENGINE/allure/Linux/Web/853//#testresult/75971d5f8efab949",
        "status" : "passed",
        "time" : {
          "start" : 1635751785917,
          "stop" : 1635751785918,
          "duration" : 1
        }
      }, {
        "uid" : "5e7cc54f1b7e13cc",
        "reportUrl" : "https://MohabMohie.github.io/SHAFT_ENGINE/allure/Linux/Web/849//#testresult/5e7cc54f1b7e13cc",
        "status" : "passed",
        "time" : {
          "start" : 1635645397728,
          "stop" : 1635645397729,
          "duration" : 1
        }
      }, {
        "uid" : "72da782dd60d7ab",
        "reportUrl" : "https://MohabMohie.github.io/SHAFT_ENGINE/allure/Linux/Web/847//#testresult/72da782dd60d7ab",
        "status" : "passed",
        "time" : {
          "start" : 1635625393325,
          "stop" : 1635625393326,
          "duration" : 1
        }
      }, {
        "uid" : "4d55f969e2ccef3e",
        "reportUrl" : "https://MohabMohie.github.io/SHAFT_ENGINE/allure/Linux/Web/844//#testresult/4d55f969e2ccef3e",
        "status" : "skipped",
        "statusDetails" : "Browser Action [NavigateToNewURL] failed. With the following test data [https://www.google.com/ncr].",
        "time" : {
          "start" : 1635621170848,
          "stop" : 1635621170850,
          "duration" : 2
        }
      }, {
        "uid" : "8d1e79dc190a3e1f",
        "reportUrl" : "https://MohabMohie.github.io/SHAFT_ENGINE/allure/Linux/Web/836//#testresult/8d1e79dc190a3e1f",
        "status" : "passed",
        "time" : {
          "start" : 1635415207467,
          "stop" : 1635415207468,
          "duration" : 1
        }
      }, {
        "uid" : "78324c09317bf947",
        "reportUrl" : "https://MohabMohie.github.io/SHAFT_ENGINE/allure/Linux/Web/835//#testresult/78324c09317bf947",
        "status" : "passed",
        "time" : {
          "start" : 1635385986539,
          "stop" : 1635385986540,
          "duration" : 1
        }
      }, {
        "uid" : "965cf1237e45a2de",
        "reportUrl" : "https://MohabMohie.github.io/SHAFT_ENGINE/allure/Linux/Web/833//#testresult/965cf1237e45a2de",
        "status" : "passed",
        "time" : {
          "start" : 1635299535785,
          "stop" : 1635299535786,
          "duration" : 1
        }
      } ]
    },
    "tags" : [ ]
  },
  "source" : "31f054af2132b9a3.json",
  "parameterValues" : [ ]
}