{
  "uid" : "f492f378b08fc4fa",
  "name" : "assertEquals_true_expectedToPass__",
  "fullName" : "unitTests.tests_validations_assertions.assertEquals_true_expectedToPass__",
  "historyId" : "f2d8045cb196fac44acf056daf2910f1",
  "time" : {
    "start" : 1636769157896,
    "stop" : 1636769157897,
    "duration" : 1
  },
  "status" : "skipped",
  "statusMessage" : "Browser Action [NavigateToNewURL] failed. With the following test data [https://www.google.com/ncr].",
  "statusTrace" : "java.lang.AssertionError: Browser Action [NavigateToNewURL] failed. With the following test data [https://www.google.com/ncr].\n\tat org.testng.Assert.fail(Assert.java:87)\n\tat com.shaft.gui.browser.WebDriverBrowserActions.failAction(WebDriverBrowserActions.java:610)\n\tat com.shaft.gui.browser.WebDriverBrowserActions.failAction(WebDriverBrowserActions.java:603)\n\tat com.shaft.gui.browser.WebDriverBrowserActions.navigateToNewURL(WebDriverBrowserActions.java:662)\n\tat com.shaft.gui.browser.WebDriverBrowserActions.navigateToURL(WebDriverBrowserActions.java:285)\n\tat com.shaft.gui.browser.BrowserActions.navigateToURL(BrowserActions.java:107)\n\tat unitTests.tests_validations_assertions.beforeMethod(tests_validations_assertions.java:407)\n\tat java.base/jdk.internal.reflect.NativeMethodAccessorImpl.invoke0(Native Method)\n\tat java.base/jdk.internal.reflect.NativeMethodAccessorImpl.invoke(NativeMethodAccessorImpl.java:77)\n\tat java.base/jdk.internal.reflect.DelegatingMethodAccessorImpl.invoke(DelegatingMethodAccessorImpl.java:43)\n\tat java.base/java.lang.reflect.Method.invoke(Method.java:568)\n\tat org.testng.internal.MethodInvocationHelper.invokeMethod(MethodInvocationHelper.java:133)\n\tat org.testng.internal.MethodInvocationHelper.invokeMethodConsideringTimeout(MethodInvocationHelper.java:62)\n\tat org.testng.internal.ConfigInvoker.invokeConfigurationMethod(ConfigInvoker.java:385)\n\tat org.testng.internal.ConfigInvoker.invokeConfigurations(ConfigInvoker.java:321)\n\tat org.testng.internal.TestInvoker.runConfigMethods(TestInvoker.java:700)\n\tat org.testng.internal.TestInvoker.invokeMethod(TestInvoker.java:527)\n\tat org.testng.internal.TestInvoker.invokeTestMethod(TestInvoker.java:173)\n\tat org.testng.internal.MethodRunner.runInSequence(MethodRunner.java:46)\n\tat org.testng.internal.TestInvoker$MethodInvocationAgent.invoke(TestInvoker.java:824)\n\tat org.testng.internal.TestInvoker.invokeTestMethods(TestInvoker.java:146)\n\tat org.testng.internal.TestMethodWorker.invokeTestMethods(TestMethodWorker.java:146)\n\tat org.testng.internal.TestMethodWorker.run(TestMethodWorker.java:128)\n\tat java.base/java.util.ArrayList.forEach(ArrayList.java:1511)\n\tat org.testng.TestRunner.privateRun(TestRunner.java:794)\n\tat org.testng.TestRunner.run(TestRunner.java:596)\n\tat org.testng.SuiteRunner.runTest(SuiteRunner.java:377)\n\tat org.testng.SuiteRunner.runSequentially(SuiteRunner.java:371)\n\tat org.testng.SuiteRunner.privateRun(SuiteRunner.java:332)\n\tat org.testng.SuiteRunner.run(SuiteRunner.java:276)\n\tat org.testng.SuiteRunnerWorker.runSuite(SuiteRunnerWorker.java:53)\n\tat org.testng.SuiteRunnerWorker.run(SuiteRunnerWorker.java:96)\n\tat org.testng.TestNG.runSuitesSequentially(TestNG.java:1212)\n\tat org.testng.TestNG.runSuitesLocally(TestNG.java:1134)\n\tat org.testng.TestNG.runSuites(TestNG.java:1063)\n\tat org.testng.TestNG.run(TestNG.java:1031)\n\tat org.apache.maven.surefire.testng.TestNGExecutor.run(TestNGExecutor.java:136)\n\tat org.apache.maven.surefire.testng.TestNGDirectoryTestSuite.executeMulti(TestNGDirectoryTestSuite.java:193)\n\tat org.apache.maven.surefire.testng.TestNGDirectoryTestSuite.execute(TestNGDirectoryTestSuite.java:94)\n\tat org.apache.maven.surefire.testng.TestNGProvider.invoke(TestNGProvider.java:145)\n\tat org.apache.maven.surefire.booter.ForkedBooter.runSuitesInProcess(ForkedBooter.java:428)\n\tat org.apache.maven.surefire.booter.ForkedBooter.execute(ForkedBooter.java:162)\n\tat org.apache.maven.surefire.booter.ForkedBooter.run(ForkedBooter.java:562)\n\tat org.apache.maven.surefire.booter.ForkedBooter.main(ForkedBooter.java:548)\nCaused by: org.openqa.selenium.TimeoutException: java.util.concurrent.TimeoutException\nBuild info: version: '4.0.0', revision: '3a21814679'\nSystem info: host: 'fv-az201-187', ip: '10.1.0.90', os.name: 'Linux', os.arch: 'amd64', os.version: '5.11.0-1020-azure', java.version: '17.0.1'\nDriver info: org.openqa.selenium.remote.RemoteWebDriver\nCommand: [4789d5a696e26a27302f2be8f5383387, get {url=https://www.google.com/ncr}]\nCapabilities {acceptInsecureCerts: true, browserName: chrome, browserVersion: 95.0.4638.69, chrome: {chromedriverVersion: 95.0.4638.54 (d31a821ec901f..., userDataDir: /tmp/.com.google.Chrome.Zi6OJf}, goog:chromeOptions: {debuggerAddress: localhost:9222}, javascriptEnabled: true, networkConnectionEnabled: false, pageLoadStrategy: normal, platform: LINUX, platformName: LINUX, proxy: Proxy(), se:cdp: ws://0.0.0.0:4444/session/4..., se:cdpVersion: 95.0.4638.69, se:vnc: ws://0.0.0.0:4444/session/4..., se:vncEnabled: true, se:vncLocalAddress: ws://172.18.0.5:7900, setWindowRect: true, strictFileInteractability: false, timeouts: {implicit: 0, pageLoad: 30000, script: 30000}, unhandledPromptBehavior: accept and notify, webauthn:extension:credBlob: true, webauthn:extension:largeBlob: true, webauthn:virtualAuthenticators: true}\nSession ID: 4789d5a696e26a27302f2be8f5383387\n\tat org.openqa.selenium.remote.http.netty.NettyHttpHandler.makeCall(NettyHttpHandler.java:72)\n\tat org.openqa.selenium.remote.http.AddSeleniumUserAgent.lambda$apply$0(AddSeleniumUserAgent.java:42)\n\tat org.openqa.selenium.remote.http.Filter.lambda$andFinally$1(Filter.java:56)\n\tat org.openqa.selenium.remote.http.netty.NettyHttpHandler.execute(NettyHttpHandler.java:51)\n\tat org.openqa.selenium.remote.http.AddSeleniumUserAgent.lambda$apply$0(AddSeleniumUserAgent.java:42)\n\tat org.openqa.selenium.remote.http.Filter.lambda$andFinally$1(Filter.java:56)\n\tat org.openqa.selenium.remote.http.netty.NettyClient.execute(NettyClient.java:119)\n\tat org.openqa.selenium.remote.tracing.TracedHttpClient.execute(TracedHttpClient.java:55)\n\tat org.openqa.selenium.remote.HttpCommandExecutor.execute(HttpCommandExecutor.java:181)\n\tat org.openqa.selenium.remote.TracedCommandExecutor.execute(TracedCommandExecutor.java:39)\n\tat org.openqa.selenium.remote.RemoteWebDriver.execute(RemoteWebDriver.java:559)\n\tat org.openqa.selenium.remote.RemoteWebDriver.get(RemoteWebDriver.java:328)\n\tat org.openqa.selenium.remote.RemoteWebDriver$RemoteNavigation.to(RemoteWebDriver.java:957)\n\tat com.shaft.gui.browser.WebDriverBrowserActions.navigateToNewURL(WebDriverBrowserActions.java:660)\n\t... 40 more\nCaused by: java.util.concurrent.TimeoutException\n\tat java.base/java.util.concurrent.CompletableFuture.timedGet(CompletableFuture.java:1960)\n\tat java.base/java.util.concurrent.CompletableFuture.get(CompletableFuture.java:2095)\n\tat org.asynchttpclient.netty.NettyResponseFuture.get(NettyResponseFuture.java:206)\n\tat org.openqa.selenium.remote.http.netty.NettyHttpHandler.makeCall(NettyHttpHandler.java:66)\n\t... 53 more\n",
  "flaky" : false,
  "newFailed" : false,
  "beforeStages" : [ {
    "name" : "setupActivities",
    "time" : {
      "start" : 1636768106434,
      "stop" : 1636768107483,
      "duration" : 1049
    },
    "description" : "",
    "status" : "passed",
    "steps" : [ {
      "name" : "Folder [extent-reports] was not found, it may have already been deleted.",
      "time" : {
        "start" : 1636768106603,
        "stop" : 1636768106605,
        "duration" : 2
      },
      "status" : "passed",
      "steps" : [ ],
      "attachments" : [ ],
      "parameters" : [ {
        "name" : "actionCounter",
        "value" : "1"
      }, {
        "name" : "logText",
        "value" : "Folder [extent-reports] was not found, it may have already been deleted."
      } ],
      "stepsCount" : 0,
      "attachmentsCount" : 0,
      "shouldDisplayMessage" : false,
      "hasContent" : true
    } ],
    "attachments" : [ {
      "uid" : "62b57d7b39ba2a9c",
      "name" : "Attachment: SHAFT Links - Important",
      "source" : "62b57d7b39ba2a9c.uri",
      "type" : "text/uri-list",
      "size" : 346
    } ],
    "parameters" : [ ],
    "stepsCount" : 1,
    "attachmentsCount" : 1,
    "shouldDisplayMessage" : false,
    "hasContent" : true
  } ],
  "testStage" : {
    "status" : "skipped",
    "statusMessage" : "Browser Action [NavigateToNewURL] failed. With the following test data [https://www.google.com/ncr].",
    "statusTrace" : "java.lang.AssertionError: Browser Action [NavigateToNewURL] failed. With the following test data [https://www.google.com/ncr].\n\tat org.testng.Assert.fail(Assert.java:87)\n\tat com.shaft.gui.browser.WebDriverBrowserActions.failAction(WebDriverBrowserActions.java:610)\n\tat com.shaft.gui.browser.WebDriverBrowserActions.failAction(WebDriverBrowserActions.java:603)\n\tat com.shaft.gui.browser.WebDriverBrowserActions.navigateToNewURL(WebDriverBrowserActions.java:662)\n\tat com.shaft.gui.browser.WebDriverBrowserActions.navigateToURL(WebDriverBrowserActions.java:285)\n\tat com.shaft.gui.browser.BrowserActions.navigateToURL(BrowserActions.java:107)\n\tat unitTests.tests_validations_assertions.beforeMethod(tests_validations_assertions.java:407)\n\tat java.base/jdk.internal.reflect.NativeMethodAccessorImpl.invoke0(Native Method)\n\tat java.base/jdk.internal.reflect.NativeMethodAccessorImpl.invoke(NativeMethodAccessorImpl.java:77)\n\tat java.base/jdk.internal.reflect.DelegatingMethodAccessorImpl.invoke(DelegatingMethodAccessorImpl.java:43)\n\tat java.base/java.lang.reflect.Method.invoke(Method.java:568)\n\tat org.testng.internal.MethodInvocationHelper.invokeMethod(MethodInvocationHelper.java:133)\n\tat org.testng.internal.MethodInvocationHelper.invokeMethodConsideringTimeout(MethodInvocationHelper.java:62)\n\tat org.testng.internal.ConfigInvoker.invokeConfigurationMethod(ConfigInvoker.java:385)\n\tat org.testng.internal.ConfigInvoker.invokeConfigurations(ConfigInvoker.java:321)\n\tat org.testng.internal.TestInvoker.runConfigMethods(TestInvoker.java:700)\n\tat org.testng.internal.TestInvoker.invokeMethod(TestInvoker.java:527)\n\tat org.testng.internal.TestInvoker.invokeTestMethod(TestInvoker.java:173)\n\tat org.testng.internal.MethodRunner.runInSequence(MethodRunner.java:46)\n\tat org.testng.internal.TestInvoker$MethodInvocationAgent.invoke(TestInvoker.java:824)\n\tat org.testng.internal.TestInvoker.invokeTestMethods(TestInvoker.java:146)\n\tat org.testng.internal.TestMethodWorker.invokeTestMethods(TestMethodWorker.java:146)\n\tat org.testng.internal.TestMethodWorker.run(TestMethodWorker.java:128)\n\tat java.base/java.util.ArrayList.forEach(ArrayList.java:1511)\n\tat org.testng.TestRunner.privateRun(TestRunner.java:794)\n\tat org.testng.TestRunner.run(TestRunner.java:596)\n\tat org.testng.SuiteRunner.runTest(SuiteRunner.java:377)\n\tat org.testng.SuiteRunner.runSequentially(SuiteRunner.java:371)\n\tat org.testng.SuiteRunner.privateRun(SuiteRunner.java:332)\n\tat org.testng.SuiteRunner.run(SuiteRunner.java:276)\n\tat org.testng.SuiteRunnerWorker.runSuite(SuiteRunnerWorker.java:53)\n\tat org.testng.SuiteRunnerWorker.run(SuiteRunnerWorker.java:96)\n\tat org.testng.TestNG.runSuitesSequentially(TestNG.java:1212)\n\tat org.testng.TestNG.runSuitesLocally(TestNG.java:1134)\n\tat org.testng.TestNG.runSuites(TestNG.java:1063)\n\tat org.testng.TestNG.run(TestNG.java:1031)\n\tat org.apache.maven.surefire.testng.TestNGExecutor.run(TestNGExecutor.java:136)\n\tat org.apache.maven.surefire.testng.TestNGDirectoryTestSuite.executeMulti(TestNGDirectoryTestSuite.java:193)\n\tat org.apache.maven.surefire.testng.TestNGDirectoryTestSuite.execute(TestNGDirectoryTestSuite.java:94)\n\tat org.apache.maven.surefire.testng.TestNGProvider.invoke(TestNGProvider.java:145)\n\tat org.apache.maven.surefire.booter.ForkedBooter.runSuitesInProcess(ForkedBooter.java:428)\n\tat org.apache.maven.surefire.booter.ForkedBooter.execute(ForkedBooter.java:162)\n\tat org.apache.maven.surefire.booter.ForkedBooter.run(ForkedBooter.java:562)\n\tat org.apache.maven.surefire.booter.ForkedBooter.main(ForkedBooter.java:548)\nCaused by: org.openqa.selenium.TimeoutException: java.util.concurrent.TimeoutException\nBuild info: version: '4.0.0', revision: '3a21814679'\nSystem info: host: 'fv-az201-187', ip: '10.1.0.90', os.name: 'Linux', os.arch: 'amd64', os.version: '5.11.0-1020-azure', java.version: '17.0.1'\nDriver info: org.openqa.selenium.remote.RemoteWebDriver\nCommand: [4789d5a696e26a27302f2be8f5383387, get {url=https://www.google.com/ncr}]\nCapabilities {acceptInsecureCerts: true, browserName: chrome, browserVersion: 95.0.4638.69, chrome: {chromedriverVersion: 95.0.4638.54 (d31a821ec901f..., userDataDir: /tmp/.com.google.Chrome.Zi6OJf}, goog:chromeOptions: {debuggerAddress: localhost:9222}, javascriptEnabled: true, networkConnectionEnabled: false, pageLoadStrategy: normal, platform: LINUX, platformName: LINUX, proxy: Proxy(), se:cdp: ws://0.0.0.0:4444/session/4..., se:cdpVersion: 95.0.4638.69, se:vnc: ws://0.0.0.0:4444/session/4..., se:vncEnabled: true, se:vncLocalAddress: ws://172.18.0.5:7900, setWindowRect: true, strictFileInteractability: false, timeouts: {implicit: 0, pageLoad: 30000, script: 30000}, unhandledPromptBehavior: accept and notify, webauthn:extension:credBlob: true, webauthn:extension:largeBlob: true, webauthn:virtualAuthenticators: true}\nSession ID: 4789d5a696e26a27302f2be8f5383387\n\tat org.openqa.selenium.remote.http.netty.NettyHttpHandler.makeCall(NettyHttpHandler.java:72)\n\tat org.openqa.selenium.remote.http.AddSeleniumUserAgent.lambda$apply$0(AddSeleniumUserAgent.java:42)\n\tat org.openqa.selenium.remote.http.Filter.lambda$andFinally$1(Filter.java:56)\n\tat org.openqa.selenium.remote.http.netty.NettyHttpHandler.execute(NettyHttpHandler.java:51)\n\tat org.openqa.selenium.remote.http.AddSeleniumUserAgent.lambda$apply$0(AddSeleniumUserAgent.java:42)\n\tat org.openqa.selenium.remote.http.Filter.lambda$andFinally$1(Filter.java:56)\n\tat org.openqa.selenium.remote.http.netty.NettyClient.execute(NettyClient.java:119)\n\tat org.openqa.selenium.remote.tracing.TracedHttpClient.execute(TracedHttpClient.java:55)\n\tat org.openqa.selenium.remote.HttpCommandExecutor.execute(HttpCommandExecutor.java:181)\n\tat org.openqa.selenium.remote.TracedCommandExecutor.execute(TracedCommandExecutor.java:39)\n\tat org.openqa.selenium.remote.RemoteWebDriver.execute(RemoteWebDriver.java:559)\n\tat org.openqa.selenium.remote.RemoteWebDriver.get(RemoteWebDriver.java:328)\n\tat org.openqa.selenium.remote.RemoteWebDriver$RemoteNavigation.to(RemoteWebDriver.java:957)\n\tat com.shaft.gui.browser.WebDriverBrowserActions.navigateToNewURL(WebDriverBrowserActions.java:660)\n\t... 40 more\nCaused by: java.util.concurrent.TimeoutException\n\tat java.base/java.util.concurrent.CompletableFuture.timedGet(CompletableFuture.java:1960)\n\tat java.base/java.util.concurrent.CompletableFuture.get(CompletableFuture.java:2095)\n\tat org.asynchttpclient.netty.NettyResponseFuture.get(NettyResponseFuture.java:206)\n\tat org.openqa.selenium.remote.http.netty.NettyHttpHandler.makeCall(NettyHttpHandler.java:66)\n\t... 53 more\n",
    "steps" : [ ],
    "attachments" : [ {
      "uid" : "3252dbe1547e884d",
      "name" : "Attachment: SHAFT Engine Logs - Current Method log: assertEquals_true_expectedToPass__",
      "source" : "3252dbe1547e884d.txt",
      "type" : "text/plain",
      "size" : 448
    } ],
    "parameters" : [ ],
    "stepsCount" : 0,
    "attachmentsCount" : 1,
    "shouldDisplayMessage" : true,
    "hasContent" : true
  },
  "afterStages" : [ {
    "name" : "teardownActivities",
    "time" : {
      "start" : 1636769329113,
      "stop" : 1636769329925,
      "duration" : 812
    },
    "description" : "",
    "status" : "passed",
    "steps" : [ {
      "name" : "Successfully Closed All Drivers.",
      "time" : {
        "start" : 1636769329121,
        "stop" : 1636769329121,
        "duration" : 0
      },
      "status" : "passed",
      "steps" : [ ],
      "attachments" : [ ],
      "parameters" : [ {
        "name" : "actionCounter",
        "value" : "453"
      }, {
        "name" : "logText",
        "value" : "Successfully Closed All Drivers."
      } ],
      "stepsCount" : 0,
      "attachmentsCount" : 0,
      "shouldDisplayMessage" : false,
      "hasContent" : true
    }, {
      "name" : "Issue Summary: Total Issues = 12, New issues for Failed Tests = 10, Open issues for Passed Tests = 2, Open issues for Failed Tests = 0. Kindly check the attached Issue details.",
      "time" : {
        "start" : 1636769329146,
        "stop" : 1636769329147,
        "duration" : 1
      },
      "status" : "passed",
      "steps" : [ ],
      "attachments" : [ {
        "uid" : "9d13398f4beeffcd",
        "name" : "Attachment: SHAFT Engine Logs - Issues log CSV: 20211113-020849",
        "source" : "9d13398f4beeffcd.csv",
        "type" : "text/csv",
        "size" : 1535
      } ],
      "parameters" : [ {
        "name" : "actionCounter",
        "value" : "454"
      }, {
        "name" : "logText",
        "value" : "Issue Summary: Total Issues = 12, New issues for Failed Tests = 10, Open issues for Passed Tests = 2, Open issues for Failed Tests = 0. Kindly check the attached Issue details."
      }, {
        "name" : "attachments",
        "value" : "[[SHAFT Engine Logs, Issues log CSV: 20211113-020849, java.io.ByteArrayInputStream@16a49a56]]"
      } ],
      "stepsCount" : 0,
      "attachmentsCount" : 1,
      "shouldDisplayMessage" : false,
      "hasContent" : true
    } ],
    "attachments" : [ {
      "uid" : "279ae8e6de5656c5",
      "name" : "Attachment: SHAFT Engine Logs - Execution log: 20211113-020849",
      "source" : "279ae8e6de5656c5.txt",
      "type" : "text/plain",
      "size" : 210406
    }, {
      "uid" : "20d8c0aeaa25221d",
      "name" : "Attachment: HTML - Extent Emailable Execution Report",
      "source" : "20d8c0aeaa25221d.html",
      "type" : "text/html",
      "size" : 14228575
    } ],
    "parameters" : [ ],
    "stepsCount" : 2,
    "attachmentsCount" : 3,
    "shouldDisplayMessage" : false,
    "hasContent" : true
  } ],
  "labels" : [ {
    "name" : "package",
    "value" : "unitTests.tests_validations_assertions"
  }, {
    "name" : "testClass",
    "value" : "unitTests.tests_validations_assertions"
  }, {
    "name" : "testMethod",
    "value" : "assertEquals_true_expectedToPass__"
  }, {
    "name" : "parentSuite",
    "value" : "SHAFT: Custom Suite"
  }, {
    "name" : "suite",
    "value" : "SHAFT: Custom Test"
  }, {
    "name" : "subSuite",
    "value" : "unitTests.tests_validations_assertions"
  }, {
    "name" : "host",
    "value" : "fv-az201-187"
  }, {
    "name" : "thread",
    "value" : "4540@fv-az201-187.main(1)"
  }, {
    "name" : "framework",
    "value" : "testng"
  }, {
    "name" : "language",
    "value" : "java"
  }, {
    "name" : "resultFormat",
    "value" : "allure2"
  } ],
  "parameters" : [ ],
  "links" : [ ],
  "hidden" : false,
  "retry" : false,
  "extra" : {
    "severity" : "normal",
    "retries" : [ ],
    "categories" : [ ],
    "history" : {
      "statistic" : {
        "failed" : 0,
        "broken" : 0,
        "skipped" : 3,
        "passed" : 33,
        "unknown" : 0,
        "total" : 36
      },
      "items" : [ {
        "uid" : "742f709e958c176c",
        "reportUrl" : "https://MohabMohie.github.io/SHAFT_ENGINE/allure/Linux/Web/888//#testresult/742f709e958c176c",
        "status" : "passed",
        "time" : {
          "start" : 1636423166961,
          "stop" : 1636423166963,
          "duration" : 2
        }
      }, {
        "uid" : "92cba86c236f90ea",
        "reportUrl" : "https://MohabMohie.github.io/SHAFT_ENGINE/allure/Linux/Web/886//#testresult/92cba86c236f90ea",
        "status" : "passed",
        "time" : {
          "start" : 1636272514967,
          "stop" : 1636272514973,
          "duration" : 6
        }
      }, {
        "uid" : "340fe1310549fd91",
        "reportUrl" : "https://MohabMohie.github.io/SHAFT_ENGINE/allure/Linux/Web/882//#testresult/340fe1310549fd91",
        "status" : "passed",
        "time" : {
          "start" : 1636055459907,
          "stop" : 1636055459917,
          "duration" : 10
        }
      }, {
        "uid" : "9a94e0312b7e5a34",
        "reportUrl" : "https://MohabMohie.github.io/SHAFT_ENGINE/allure/Linux/Web/878//#testresult/9a94e0312b7e5a34",
        "status" : "passed",
        "time" : {
          "start" : 1636020856597,
          "stop" : 1636020856599,
          "duration" : 2
        }
      }, {
        "uid" : "6a345cc18c4a735a",
        "reportUrl" : "https://MohabMohie.github.io/SHAFT_ENGINE/allure/Linux/Web/876//#testresult/6a345cc18c4a735a",
        "status" : "passed",
        "time" : {
          "start" : 1635991615920,
          "stop" : 1635991615921,
          "duration" : 1
        }
      }, {
        "uid" : "768cdcb2f16471c1",
        "reportUrl" : "https://MohabMohie.github.io/SHAFT_ENGINE/allure/Linux/Web/874//#testresult/768cdcb2f16471c1",
        "status" : "passed",
        "time" : {
          "start" : 1635977504976,
          "stop" : 1635977504977,
          "duration" : 1
        }
      }, {
        "uid" : "c0a23382d6cd8fc6",
        "reportUrl" : "https://MohabMohie.github.io/SHAFT_ENGINE/allure/Linux/Web/872//#testresult/c0a23382d6cd8fc6",
        "status" : "passed",
        "time" : {
          "start" : 1635975058110,
          "stop" : 1635975058112,
          "duration" : 2
        }
      }, {
        "uid" : "b5ae7be6ce714045",
        "reportUrl" : "https://MohabMohie.github.io/SHAFT_ENGINE/allure/Linux/Web/870//#testresult/b5ae7be6ce714045",
        "status" : "passed",
        "time" : {
          "start" : 1635971499093,
          "stop" : 1635971499095,
          "duration" : 2
        }
      }, {
        "uid" : "4ed6ab12645bff89",
        "reportUrl" : "https://MohabMohie.github.io/SHAFT_ENGINE/allure/Linux/Web/869//#testresult/4ed6ab12645bff89",
        "status" : "passed",
        "time" : {
          "start" : 1635970683407,
          "stop" : 1635970683408,
          "duration" : 1
        }
      }, {
        "uid" : "e75aaf30a6d3a7e",
        "reportUrl" : "https://MohabMohie.github.io/SHAFT_ENGINE/allure/Linux/Web/868//#testresult/e75aaf30a6d3a7e",
        "status" : "passed",
        "time" : {
          "start" : 1635970347710,
          "stop" : 1635970347711,
          "duration" : 1
        }
      }, {
        "uid" : "e23fc39a1f049139",
        "reportUrl" : "https://MohabMohie.github.io/SHAFT_ENGINE/allure/Linux/Web/864//#testresult/e23fc39a1f049139",
        "status" : "passed",
        "time" : {
          "start" : 1635917125484,
          "stop" : 1635917125487,
          "duration" : 3
        }
      }, {
        "uid" : "df681e8dbaf1d6f0",
        "reportUrl" : "https://MohabMohie.github.io/SHAFT_ENGINE/allure/Linux/Web/855//#testresult/df681e8dbaf1d6f0",
        "status" : "passed",
        "time" : {
          "start" : 1635766929724,
          "stop" : 1635766929727,
          "duration" : 3
        }
      }, {
        "uid" : "2da816070f85f700",
        "reportUrl" : "https://MohabMohie.github.io/SHAFT_ENGINE/allure/Linux/Web/854//#testresult/2da816070f85f700",
        "status" : "skipped",
        "statusDetails" : "Browser Action [NavigateToNewURL] failed. With the following test data [https://www.google.com/ncr].",
        "time" : {
          "start" : 1635758737540,
          "stop" : 1635758737541,
          "duration" : 1
        }
      }, {
        "uid" : "a131822872453af4",
        "reportUrl" : "https://MohabMohie.github.io/SHAFT_ENGINE/allure/Linux/Web/853//#testresult/a131822872453af4",
        "status" : "passed",
        "time" : {
          "start" : 1635751784871,
          "stop" : 1635751784875,
          "duration" : 4
        }
      }, {
        "uid" : "324edb45b6ffa82e",
        "reportUrl" : "https://MohabMohie.github.io/SHAFT_ENGINE/allure/Linux/Web/849//#testresult/324edb45b6ffa82e",
        "status" : "passed",
        "time" : {
          "start" : 1635645396669,
          "stop" : 1635645396671,
          "duration" : 2
        }
      }, {
        "uid" : "df9cd93cf7d4bae7",
        "reportUrl" : "https://MohabMohie.github.io/SHAFT_ENGINE/allure/Linux/Web/847//#testresult/df9cd93cf7d4bae7",
        "status" : "passed",
        "time" : {
          "start" : 1635625392289,
          "stop" : 1635625392291,
          "duration" : 2
        }
      }, {
        "uid" : "7074da596e38ae76",
        "reportUrl" : "https://MohabMohie.github.io/SHAFT_ENGINE/allure/Linux/Web/844//#testresult/7074da596e38ae76",
        "status" : "skipped",
        "statusDetails" : "Browser Action [NavigateToNewURL] failed. With the following test data [https://www.google.com/ncr].",
        "time" : {
          "start" : 1635621170794,
          "stop" : 1635621170795,
          "duration" : 1
        }
      }, {
        "uid" : "7272ef6711928fcd",
        "reportUrl" : "https://MohabMohie.github.io/SHAFT_ENGINE/allure/Linux/Web/836//#testresult/7272ef6711928fcd",
        "status" : "passed",
        "time" : {
          "start" : 1635415206428,
          "stop" : 1635415206429,
          "duration" : 1
        }
      }, {
        "uid" : "dee14160b8c5559f",
        "reportUrl" : "https://MohabMohie.github.io/SHAFT_ENGINE/allure/Linux/Web/835//#testresult/dee14160b8c5559f",
        "status" : "passed",
        "time" : {
          "start" : 1635385985490,
          "stop" : 1635385985494,
          "duration" : 4
        }
      }, {
        "uid" : "8dd18701e3cfefdb",
        "reportUrl" : "https://MohabMohie.github.io/SHAFT_ENGINE/allure/Linux/Web/833//#testresult/8dd18701e3cfefdb",
        "status" : "passed",
        "time" : {
          "start" : 1635299534749,
          "stop" : 1635299534750,
          "duration" : 1
        }
      } ]
    },
    "tags" : [ ]
  },
  "source" : "f492f378b08fc4fa.json",
  "parameterValues" : [ ]
}