{
  "uid" : "792fcbcde73a50ad",
  "name" : "typeTextAndCopyPaste",
  "fullName" : "testPackage01.Test_clipboardActions.typeTextAndCopyPaste",
  "historyId" : "50bcdd7464e6ba911e244a1b1a36da44",
  "time" : {
    "start" : 1639247533862,
    "stop" : 1639247533864,
    "duration" : 2
  },
  "status" : "skipped",
  "statusMessage" : "Driver Factory Action [createNewLocalDriverInstanceForSafari] failed. With the following test data [Failed to create a session on DESKTOP_SAFARI].",
  "statusTrace" : "java.lang.AssertionError: Driver Factory Action [createNewLocalDriverInstanceForSafari] failed. With the following test data [Failed to create a session on DESKTOP_SAFARI].\n\tat org.testng.Assert.fail(Assert.java:99)\n\tat com.shaft.driver.DriverFactoryHelper.failAction(DriverFactoryHelper.java:306)\n\tat com.shaft.driver.DriverFactoryHelper.createNewLocalDriverInstanceForSafari(DriverFactoryHelper.java:576)\n\tat com.shaft.driver.DriverFactoryHelper.createNewLocalDriverInstance(DriverFactoryHelper.java:596)\n\tat com.shaft.driver.DriverFactoryHelper.getDriver(DriverFactoryHelper.java:815)\n\tat com.shaft.driver.DriverFactoryHelper.getDriver(DriverFactoryHelper.java:140)\n\tat com.shaft.driver.DriverFactory.getDriver(DriverFactory.java:27)\n\tat com.shaft.gui.browser.BrowserFactory.getBrowser(BrowserFactory.java:21)\n\tat testPackage01.Test_clipboardActions.beforeClass(Test_clipboardActions.java:37)\n\tat java.base/jdk.internal.reflect.NativeMethodAccessorImpl.invoke0(Native Method)\n\tat java.base/jdk.internal.reflect.NativeMethodAccessorImpl.invoke(NativeMethodAccessorImpl.java:77)\n\tat java.base/jdk.internal.reflect.DelegatingMethodAccessorImpl.invoke(DelegatingMethodAccessorImpl.java:43)\n\tat java.base/java.lang.reflect.Method.invoke(Method.java:568)\n\tat org.testng.internal.MethodInvocationHelper.invokeMethod(MethodInvocationHelper.java:133)\n\tat org.testng.internal.MethodInvocationHelper.invokeMethodConsideringTimeout(MethodInvocationHelper.java:62)\n\tat org.testng.internal.ConfigInvoker.invokeConfigurationMethod(ConfigInvoker.java:385)\n\tat org.testng.internal.ConfigInvoker.invokeConfigurations(ConfigInvoker.java:321)\n\tat org.testng.internal.TestMethodWorker.invokeBeforeClassMethods(TestMethodWorker.java:176)\n\tat org.testng.internal.TestMethodWorker.run(TestMethodWorker.java:122)\n\tat java.base/java.util.ArrayList.forEach(ArrayList.java:1511)\n\tat org.testng.TestRunner.privateRun(TestRunner.java:794)\n\tat org.testng.TestRunner.run(TestRunner.java:596)\n\tat org.testng.SuiteRunner.runTest(SuiteRunner.java:377)\n\tat org.testng.SuiteRunner.runSequentially(SuiteRunner.java:371)\n\tat org.testng.SuiteRunner.privateRun(SuiteRunner.java:332)\n\tat org.testng.SuiteRunner.run(SuiteRunner.java:276)\n\tat org.testng.SuiteRunnerWorker.runSuite(SuiteRunnerWorker.java:53)\n\tat org.testng.SuiteRunnerWorker.run(SuiteRunnerWorker.java:96)\n\tat org.testng.TestNG.runSuitesSequentially(TestNG.java:1212)\n\tat org.testng.TestNG.runSuitesLocally(TestNG.java:1134)\n\tat org.testng.TestNG.runSuites(TestNG.java:1063)\n\tat org.testng.TestNG.run(TestNG.java:1031)\n\tat org.apache.maven.surefire.testng.TestNGExecutor.run(TestNGExecutor.java:136)\n\tat org.apache.maven.surefire.testng.TestNGDirectoryTestSuite.executeMulti(TestNGDirectoryTestSuite.java:193)\n\tat org.apache.maven.surefire.testng.TestNGDirectoryTestSuite.execute(TestNGDirectoryTestSuite.java:94)\n\tat org.apache.maven.surefire.testng.TestNGProvider.invoke(TestNGProvider.java:145)\n\tat org.apache.maven.surefire.booter.ForkedBooter.runSuitesInProcess(ForkedBooter.java:428)\n\tat org.apache.maven.surefire.booter.ForkedBooter.execute(ForkedBooter.java:162)\n\tat org.apache.maven.surefire.booter.ForkedBooter.run(ForkedBooter.java:562)\n\tat org.apache.maven.surefire.booter.ForkedBooter.main(ForkedBooter.java:548)\n",
  "flaky" : false,
  "newFailed" : false,
  "beforeStages" : [ {
    "name" : "beforeClass",
    "time" : {
      "start" : 1639247533631,
      "stop" : 1639247533858,
      "duration" : 227
    },
    "description" : "",
    "status" : "failed",
    "statusMessage" : "Driver Factory Action [createNewLocalDriverInstanceForSafari] failed. With the following test data [Failed to create a session on DESKTOP_SAFARI].",
    "statusTrace" : "java.lang.AssertionError: Driver Factory Action [createNewLocalDriverInstanceForSafari] failed. With the following test data [Failed to create a session on DESKTOP_SAFARI].\n\tat org.testng.Assert.fail(Assert.java:99)\n\tat com.shaft.driver.DriverFactoryHelper.failAction(DriverFactoryHelper.java:306)\n\tat com.shaft.driver.DriverFactoryHelper.createNewLocalDriverInstanceForSafari(DriverFactoryHelper.java:576)\n\tat com.shaft.driver.DriverFactoryHelper.createNewLocalDriverInstance(DriverFactoryHelper.java:596)\n\tat com.shaft.driver.DriverFactoryHelper.getDriver(DriverFactoryHelper.java:815)\n\tat com.shaft.driver.DriverFactoryHelper.getDriver(DriverFactoryHelper.java:140)\n\tat com.shaft.driver.DriverFactory.getDriver(DriverFactory.java:27)\n\tat com.shaft.gui.browser.BrowserFactory.getBrowser(BrowserFactory.java:21)\n\tat testPackage01.Test_clipboardActions.beforeClass(Test_clipboardActions.java:37)\n\tat java.base/jdk.internal.reflect.NativeMethodAccessorImpl.invoke0(Native Method)\n\tat java.base/jdk.internal.reflect.NativeMethodAccessorImpl.invoke(NativeMethodAccessorImpl.java:77)\n\tat java.base/jdk.internal.reflect.DelegatingMethodAccessorImpl.invoke(DelegatingMethodAccessorImpl.java:43)\n\tat java.base/java.lang.reflect.Method.invoke(Method.java:568)\n\tat org.testng.internal.MethodInvocationHelper.invokeMethod(MethodInvocationHelper.java:133)\n\tat org.testng.internal.MethodInvocationHelper.invokeMethodConsideringTimeout(MethodInvocationHelper.java:62)\n\tat org.testng.internal.ConfigInvoker.invokeConfigurationMethod(ConfigInvoker.java:385)\n\tat org.testng.internal.ConfigInvoker.invokeConfigurations(ConfigInvoker.java:321)\n\tat org.testng.internal.TestMethodWorker.invokeBeforeClassMethods(TestMethodWorker.java:176)\n\tat org.testng.internal.TestMethodWorker.run(TestMethodWorker.java:122)\n\tat java.base/java.util.ArrayList.forEach(ArrayList.java:1511)\n\tat org.testng.TestRunner.privateRun(TestRunner.java:794)\n\tat org.testng.TestRunner.run(TestRunner.java:596)\n\tat org.testng.SuiteRunner.runTest(SuiteRunner.java:377)\n\tat org.testng.SuiteRunner.runSequentially(SuiteRunner.java:371)\n\tat org.testng.SuiteRunner.privateRun(SuiteRunner.java:332)\n\tat org.testng.SuiteRunner.run(SuiteRunner.java:276)\n\tat org.testng.SuiteRunnerWorker.runSuite(SuiteRunnerWorker.java:53)\n\tat org.testng.SuiteRunnerWorker.run(SuiteRunnerWorker.java:96)\n\tat org.testng.TestNG.runSuitesSequentially(TestNG.java:1212)\n\tat org.testng.TestNG.runSuitesLocally(TestNG.java:1134)\n\tat org.testng.TestNG.runSuites(TestNG.java:1063)\n\tat org.testng.TestNG.run(TestNG.java:1031)\n\tat org.apache.maven.surefire.testng.TestNGExecutor.run(TestNGExecutor.java:136)\n\tat org.apache.maven.surefire.testng.TestNGDirectoryTestSuite.executeMulti(TestNGDirectoryTestSuite.java:193)\n\tat org.apache.maven.surefire.testng.TestNGDirectoryTestSuite.execute(TestNGDirectoryTestSuite.java:94)\n\tat org.apache.maven.surefire.testng.TestNGProvider.invoke(TestNGProvider.java:145)\n\tat org.apache.maven.surefire.booter.ForkedBooter.runSuitesInProcess(ForkedBooter.java:428)\n\tat org.apache.maven.surefire.booter.ForkedBooter.execute(ForkedBooter.java:162)\n\tat org.apache.maven.surefire.booter.ForkedBooter.run(ForkedBooter.java:562)\n\tat org.apache.maven.surefire.booter.ForkedBooter.main(ForkedBooter.java:548)\n",
    "steps" : [ {
      "name" : "Attempting to run locally on: [Mac-64], [Safari], Headless Execution.",
      "time" : {
        "start" : 1639247533631,
        "stop" : 1639247533631,
        "duration" : 0
      },
      "status" : "passed",
      "steps" : [ ],
      "attachments" : [ ],
      "parameters" : [ {
        "name" : "actionCounter",
        "value" : "95"
      }, {
        "name" : "logText",
        "value" : "Attempting to run locally on: [Mac-64], [Safari], Headless Execution."
      } ],
      "stepsCount" : 0,
      "attachmentsCount" : 0,
      "shouldDisplayMessage" : false,
      "hasContent" : true
    }, {
      "name" : "An Exception Occured with this Message: Could not start a new session. Possible causes are invalid address of the remote server or browser start-up failure..",
      "time" : {
        "start" : 1639247533825,
        "stop" : 1639247533857,
        "duration" : 32
      },
      "status" : "passed",
      "steps" : [ ],
      "attachments" : [ {
        "uid" : "ff76c6cd8ad86be7",
        "name" : "Attachment: Exception Stack Trace - org.openqa.selenium.SessionNotCreatedException",
        "source" : "ff76c6cd8ad86be7.txt",
        "type" : "text/plain",
        "size" : 13433
      } ],
      "parameters" : [ {
        "name" : "actionCounter",
        "value" : "96"
      }, {
        "name" : "logText",
        "value" : "An Exception Occured with this Message: Could not start a new session. Possible causes are invalid address of the remote server or browser start-up failure.."
      }, {
        "name" : "attachments",
        "value" : "[[Exception Stack Trace, org.openqa.selenium.SessionNotCreatedException, org.openqa.selenium.SessionNotCreatedException:\nCould not start a new session. Possible causes are invalid address of the remote server or browser start-up failure.\norg.openqa.selenium.remote.RemoteWebDriver.execute(RemoteWebDriver.java:577)\norg.openqa.selenium.remote.RemoteWebDriver.startSession(RemoteWebDriver.java:246)\norg.openqa.selenium.remote.RemoteWebDriver.<init>(RemoteWebDriver.java:168)\norg.openqa.selenium.safari.SafariDriver.<init>(SafariDriver.java:87)\norg.openqa.selenium.safari.SafariDriver.<init>(SafariDriver.java:69)\ncom.shaft.driver.DriverFactoryHelper.createNewLocalDriverInstanceForSafari(DriverFactoryHelper.java:573)\ncom.shaft.driver.DriverFactoryHelper.createNewLocalDriverInstance(DriverFactoryHelper.java:596)\ncom.shaft.driver.DriverFactoryHelper.getDriver(DriverFactoryHelper.java:815)\ncom.shaft.driver.DriverFactoryHelper.getDriver(DriverFactoryHelper.java:140)\ncom.shaft.driver.DriverFactory.getDriver(DriverFactory.java:27)\ncom.shaft.gui.browser.BrowserFactory.getBrowser(BrowserFactory.java:21)\ntestPackage01.Test_clipboardActions.beforeClass(Test_clipboardActions.java:37)\njava.base/jdk.internal.reflect.NativeMethodAccessorImpl.invoke0(Native Method)\njava.base/jdk.internal.reflect.NativeMethodAccessorImpl.invoke(NativeMethodAccessorImpl.java:77)\njava.base/jdk.internal.reflect.DelegatingMethodAccessorImpl.invoke(DelegatingMethodAccessorImpl.java:43)\njava.base/java.lang.reflect.Method.invoke(Method.java:568)\norg.testng.internal.MethodInvocationHelper.invokeMethod(MethodInvocationHelper.java:133)\norg.testng.internal.MethodInvocationHelper.invokeMethodConsideringTimeout(MethodInvocationHelper.java:62)\norg.testng.internal.ConfigInvoker.invokeConfigurationMethod(ConfigInvoker.java:385)\norg.testng.internal.ConfigInvoker.invokeConfigurations(ConfigInvoker.java:321)\norg.testng.internal.TestMethodWorker.invokeBeforeClassMethods(TestMethodWorker.java:176)\norg.testng.internal.TestMethodWorker.run(TestMethodWorker.java:122)\njava.base/java.util.ArrayList.forEach(ArrayList.java:1511)\norg.testng.TestRunner.privateRun(TestRunner.java:794)\norg.testng.TestRunner.run(TestRunner.java:596)\norg.testng.SuiteRunner.runTest(SuiteRunner.java:377)\norg.testng.SuiteRunner.runSequentially(SuiteRunner.java:371)\norg.testng.SuiteRunner.privateRun(SuiteRunner.java:332)\norg.testng.SuiteRunner.run(SuiteRunner.java:276)\norg.testng.SuiteRunnerWorker.runSuite(SuiteRunnerWorker.java:53)\norg.testng.SuiteRunnerWorker.run(SuiteRunnerWorker.java:96)\norg.testng.TestNG.runSuitesSequentially(TestNG.java:1212)\norg.testng.TestNG.runSuitesLocally(TestNG.java:1134)\norg.testng.TestNG.runSuites(TestNG.java:1063)\norg.testng.TestNG.run(TestNG.java:1031)\norg.apache.maven.surefire.testng.TestNGExecutor.run(TestNGExecutor.java:136)\norg.apache.maven.surefire.testng.TestNGDirectoryTestSuite.executeMulti(TestNGDirectoryTestSuite.java:193)\norg.apache.maven.surefire.testng.TestNGDirectoryTestSuite.execute(TestNGDirectoryTestSuite.java:94)\norg.apache.maven.surefire.testng.TestNGProvider.invoke(TestNGProvider.java:145)\norg.apache.maven.surefire.booter.ForkedBooter.runSuitesInProcess(ForkedBooter.java:428)\norg.apache.maven.surefire.booter.ForkedBooter.execute(ForkedBooter.java:162)\norg.apache.maven.surefire.booter.ForkedBooter.run(ForkedBooter.java:562)\norg.apache.maven.surefire.booter.ForkedBooter.main(ForkedBooter.java:548)\n\nCaused by: org.openqa.selenium.WebDriverException:\nTimed out waiting for driver server to start.\nBuild info: version: '4.1.0', revision: '87802e897b'\nSystem info: host: 'Mac-1639246033922.local', ip: '10.212.9.10', os.name: 'Mac OS X', os.arch: 'x86_64', os.version: '11.5', java.version: '17.0.1'\nDriver info: driver.version: SafariDriver\norg.openqa.selenium.remote.service.DriverService.start(DriverService.java:227)\norg.openqa.selenium.remote.service.DriverCommandExecutor.execute(DriverCommandExecutor.java:95)\norg.openqa.selenium.remote.RemoteWebDriver.execute(RemoteWebDriver.java:559)\norg.openqa.selenium.remote.RemoteWebDriver.startSession(RemoteWebDriver.java:246)\norg.openqa.selenium.remote.RemoteWebDriver.<init>(RemoteWebDriver.java:168)\norg.openqa.selenium.safari.SafariDriver.<init>(SafariDriver.java:87)\norg.openqa.selenium.safari.SafariDriver.<init>(SafariDriver.java:69)\ncom.shaft.driver.DriverFactoryHelper.createNewLocalDriverInstanceForSafari(DriverFactoryHelper.java:573)\ncom.shaft.driver.DriverFactoryHelper.createNewLocalDriverInstance(DriverFactoryHelper.java:596)\ncom.shaft.driver.DriverFactoryHelper.getDriver(DriverFactoryHelper.java:815)\ncom.shaft.driver.DriverFactoryHelper.getDriver(DriverFactoryHelper.java:140)\ncom.shaft.driver.DriverFactory.getDriver(DriverFactory.java:27)\ncom.shaft.gui.browser.BrowserFactory.getBrowser(BrowserFactory.java:21)\ntestPackage01.Test_clipboardActions.beforeClass(Test_clipboardActions.java:37)\njava.base/jdk.internal.reflect.NativeMethodAccessorImpl.invoke0(Native Method)\njava.base/jdk.internal.reflect.NativeMethodAccessorImpl.invoke(NativeMethodAccessorImpl.java:77)\njava.base/jdk.internal.reflect.DelegatingMethodAccessorImpl.invoke(DelegatingMethodAccessorImpl.java:43)\njava.base/java.lang.reflect.Method.invoke(Method.java:568)\norg.testng.internal.MethodInvocationHelper.invokeMethod(MethodInvocationHelper.java:133)\norg.testng.internal.MethodInvocationHelper.invokeMethodConsideringTimeout(MethodInvocationHelper.java:62)\norg.testng.internal.ConfigInvoker.invokeConfigurationMethod(ConfigInvoker.java:385)\norg.testng.internal.ConfigInvoker.invokeConfigurations(ConfigInvoker.java:321)\norg.testng.internal.TestMethodWorker.invokeBeforeClassMethods(TestMethodWorker.java:176)\norg.testng.internal.TestMethodWorker.run(TestMethodWorker.java:122)\njava.base/java.util.ArrayList.forEach(ArrayList.java:1511)\norg.testng.TestRunner.privateRun(TestRunner.java:794)\norg.testng.TestRunner.run(TestRunner.java:596)\norg.testng.SuiteRunner.runTest(SuiteRunner.java:377)\norg.testng.SuiteRunner.runSequentially(SuiteRunner.java:371)\norg.testng.SuiteRunner.privateRun(SuiteRunner.java:332)\norg.testng.SuiteRunner.run(SuiteRunner.java:276)\norg.testng.SuiteRunnerWorker.runSuite(SuiteRunnerWorker.java:53)\norg.testng.SuiteRunnerWorker.run(SuiteRunnerWorker.java:96)\norg.testng.TestNG.runSuitesSequentially(TestNG.java:1212)\norg.testng.TestNG.runSuitesLocally(TestNG.java:1134)\norg.testng.TestNG.runSuites(TestNG.java:1063)\norg.testng.TestNG.run(TestNG.java:1031)\norg.apache.maven.surefire.testng.TestNGExecutor.run(TestNGExecutor.java:136)\norg.apache.maven.surefire.testng.TestNGDirectoryTestSuite.executeMulti(TestNGDirectoryTestSuite.java:193)\norg.apache.maven.surefire.testng.TestNGDirectoryTestSuite.execute(TestNGDirectoryTestSuite.java:94)\norg.apache.maven.surefire.testng.TestNGProvider.invoke(TestNGProvider.java:145)\norg.apache.maven.surefire.booter.ForkedBooter.runSuitesInProcess(ForkedBooter.java:428)\norg.apache.maven.surefire.booter.ForkedBooter.execute(ForkedBooter.java:162)\norg.apache.maven.surefire.booter.ForkedBooter.run(ForkedBooter.java:562)\norg.apache.maven.surefire.booter.ForkedBooter.main(ForkedBooter.java:548)\n\nCaused by: java.util.concurrent.ExecutionException:\norg.openqa.selenium.WebDriverException: java.lang.RuntimeException: java.net.SocketException: Invalid argument\nBuild info: version: '4.1.0', revision: '87802e897b'\nSystem info: host: 'Mac-1639246033922.local', ip: '10.212.9.10', os.name: 'Mac OS X', os.arch: 'x86_64', os.version: '11.5', java.version: '17.0.1'\nDriver info: driver.version: unknown\njava.base/java.util.concurrent.CompletableFuture.reportGet(CompletableFuture.java:396)\njava.base/java.util.concurrent.CompletableFuture.get(CompletableFuture.java:2096)\norg.openqa.selenium.remote.service.DriverService.start(DriverService.java:217)\norg.openqa.selenium.remote.service.DriverCommandExecutor.execute(DriverCommandExecutor.java:95)\norg.openqa.selenium.remote.RemoteWebDriver.execute(RemoteWebDriver.java:559)\norg.openqa.selenium.remote.RemoteWebDriver.startSession(RemoteWebDriver.java:246)\norg.openqa.selenium.remote.RemoteWebDriver.<init>(RemoteWebDriver.java:168)\norg.openqa.selenium.safari.SafariDriver.<init>(SafariDriver.java:87)\norg.openqa.selenium.safari.SafariDriver.<init>(SafariDriver.java:69)\ncom.shaft.driver.DriverFactoryHelper.createNewLocalDriverInstanceForSafari(DriverFactoryHelper.java:573)\ncom.shaft.driver.DriverFactoryHelper.createNewLocalDriverInstance(DriverFactoryHelper.java:596)\ncom.shaft.driver.DriverFactoryHelper.getDriver(DriverFactoryHelper.java:815)\ncom.shaft.driver.DriverFactoryHelper.getDriver(DriverFactoryHelper.java:140)\ncom.shaft.driver.DriverFactory.getDriver(DriverFactory.java:27)\ncom.shaft.gui.browser.BrowserFactory.getBrowser(BrowserFactory.java:21)\ntestPackage01.Test_clipboardActions.beforeClass(Test_clipboardActions.java:37)\njava.base/jdk.internal.reflect.NativeMethodAccessorImpl.invoke0(Native Method)\njava.base/jdk.internal.reflect.NativeMethodAccessorImpl.invoke(NativeMethodAccessorImpl.java:77)\njava.base/jdk.internal.reflect.DelegatingMethodAccessorImpl.invoke(DelegatingMethodAccessorImpl.java:43)\njava.base/java.lang.reflect.Method.invoke(Method.java:568)\norg.testng.internal.MethodInvocationHelper.invokeMethod(MethodInvocationHelper.java:133)\norg.testng.internal.MethodInvocationHelper.invokeMethodConsideringTimeout(MethodInvocationHelper.java:62)\norg.testng.internal.ConfigInvoker.invokeConfigurationMethod(ConfigInvoker.java:385)\norg.testng.internal.ConfigInvoker.invokeConfigurations(ConfigInvoker.java:321)\norg.testng.internal.TestMethodWorker.invokeBeforeClassMethods(TestMethodWorker.java:176)\norg.testng.internal.TestMethodWorker.run(TestMethodWorker.java:122)\njava.base/java.util.ArrayList.forEach(ArrayList.java:1511)\norg.testng.TestRunner.privateRun(TestRunner.java:794)\norg.testng.TestRunner.run(TestRunner.java:596)\norg.testng.SuiteRunner.runTest(SuiteRunner.java:377)\norg.testng.SuiteRunner.runSequentially(SuiteRunner.java:371)\norg.testng.SuiteRunner.privateRun(SuiteRunner.java:332)\norg.testng.SuiteRunner.run(SuiteRunner.java:276)\norg.testng.SuiteRunnerWorker.runSuite(SuiteRunnerWorker.java:53)\norg.testng.SuiteRunnerWorker.run(SuiteRunnerWorker.java:96)\norg.testng.TestNG.runSuitesSequentially(TestNG.java:1212)\norg.testng.TestNG.runSuitesLocally(TestNG.java:1134)\norg.testng.TestNG.runSuites(TestNG.java:1063)\norg.testng.TestNG.run(TestNG.java:1031)\norg.apache.maven.surefire.testng.TestNGExecutor.run(TestNGExecutor.java:136)\norg.apache.maven.surefire.testng.TestNGDirectoryTestSuite.executeMulti(TestNGDirectoryTestSuite.java:193)\norg.apache.maven.surefire.testng.TestNGDirectoryTestSuite.execute(TestNGDirectoryTestSuite.java:94)\norg.apache.maven.surefire.testng.TestNGProvider.invoke(TestNGProvider.java:145)\norg.apache.maven.surefire.booter.ForkedBooter.runSuitesInProcess(ForkedBooter.java:428)\norg.apache.maven.surefire.booter.ForkedBooter.execute(ForkedBooter.java:162)\norg.apache.maven.surefire.booter.ForkedBooter.run(ForkedBooter.java:562)\norg.apache.maven.surefire.booter.ForkedBooter.main(ForkedBooter.java:548)\n\nCaused by: org.openqa.selenium.WebDriverException:\njava.lang.RuntimeException: java.net.SocketException: Invalid argument\nBuild info: version: '4.1.0', revision: '87802e897b'\nSystem info: host: 'Mac-1639246033922.local', ip: '10.212.9.10', os.name: 'Mac OS X', os.arch: 'x86_64', os.version: '11.5', java.version: '17.0.1'\nDriver info: driver.version: unknown\norg.openqa.selenium.safari.SafariDriverService.waitUntilAvailable(SafariDriverService.java:86)\norg.openqa.selenium.remote.service.DriverService.lambda$start$1(DriverService.java:202)\njava.base/java.util.concurrent.CompletableFuture$AsyncSupply.run(CompletableFuture.java:1768)\njava.base/java.util.concurrent.ThreadPoolExecutor.runWorker(ThreadPoolExecutor.java:1136)\njava.base/java.util.concurrent.ThreadPoolExecutor$Worker.run(ThreadPoolExecutor.java:635)\njava.base/java.lang.Thread.run(Thread.java:833)\n\nCaused by: java.lang.RuntimeException:\njava.net.SocketException: Invalid argument\norg.openqa.selenium.net.PortProber.waitForPortUp(PortProber.java:116)\norg.openqa.selenium.safari.SafariDriverService.waitUntilAvailable(SafariDriverService.java:84)\norg.openqa.selenium.remote.service.DriverService.lambda$start$1(DriverService.java:202)\njava.base/java.util.concurrent.CompletableFuture$AsyncSupply.run(CompletableFuture.java:1768)\njava.base/java.util.concurrent.ThreadPoolExecutor.runWorker(ThreadPoolExecutor.java:1136)\njava.base/java.util.concurrent.ThreadPoolExecutor$Worker.run(ThreadPoolExecutor.java:635)\njava.base/java.lang.Thread.run(Thread.java:833)\n\nCaused by: java.net.SocketException:\nInvalid argument\njava.base/sun.nio.ch.Net.connect0(Native Method)\njava.base/sun.nio.ch.Net.connect(Net.java:579)\njava.base/sun.nio.ch.Net.connect(Net.java:568)\njava.base/sun.nio.ch.NioSocketImpl.connect(NioSocketImpl.java:588)\njava.base/java.net.SocksSocketImpl.connect(SocksSocketImpl.java:327)\njava.base/java.net.Socket.connect(Socket.java:633)\norg.openqa.selenium.net.PortProber.waitForPortUp(PortProber.java:111)\norg.openqa.selenium.safari.SafariDriverService.waitUntilAvailable(SafariDriverService.java:84)\norg.openqa.selenium.remote.service.DriverService.lambda$start$1(DriverService.java:202)\njava.base/java.util.concurrent.CompletableFuture$AsyncSupply.run(CompletableFuture.java:1768)\njava.base/java.util.concurrent.ThreadPoolExecutor.runWorker(ThreadPoolExecutor.java:1136)\njava.base/java.util.concurrent.ThreadPoolExecutor$Worker.run(ThreadPoolExecutor.java:635)\njava.base/java.lang.Thread.run(Thread.java:833)\n]]"
      } ],
      "stepsCount" : 0,
      "attachmentsCount" : 1,
      "shouldDisplayMessage" : false,
      "hasContent" : true
    }, {
      "name" : "Driver Factory Action [createNewLocalDriverInstanceForSafari] failed. With the following test data [Failed to create a session on DESKTOP_SAFARI].",
      "time" : {
        "start" : 1639247533858,
        "stop" : 1639247533858,
        "duration" : 0
      },
      "status" : "passed",
      "steps" : [ ],
      "attachments" : [ ],
      "parameters" : [ {
        "name" : "actionCounter",
        "value" : "98"
      }, {
        "name" : "logText",
        "value" : "Driver Factory Action [createNewLocalDriverInstanceForSafari] failed. With the following test data [Failed to create a session on DESKTOP_SAFARI]."
      } ],
      "stepsCount" : 0,
      "attachmentsCount" : 0,
      "shouldDisplayMessage" : false,
      "hasContent" : true
    } ],
    "attachments" : [ ],
    "parameters" : [ ],
    "stepsCount" : 3,
    "attachmentsCount" : 1,
    "shouldDisplayMessage" : true,
    "hasContent" : true
  }, {
    "name" : "setupActivities",
    "time" : {
      "start" : 1639247466211,
      "stop" : 1639247468735,
      "duration" : 2524
    },
    "description" : "",
    "status" : "passed",
    "steps" : [ {
      "name" : "Folder [allure-results] was not found, it may have already been deleted.",
      "time" : {
        "start" : 1639247466283,
        "stop" : 1639247466286,
        "duration" : 3
      },
      "status" : "passed",
      "steps" : [ ],
      "attachments" : [ ],
      "parameters" : [ {
        "name" : "actionCounter",
        "value" : "1"
      }, {
        "name" : "logText",
        "value" : "Folder [allure-results] was not found, it may have already been deleted."
      } ],
      "stepsCount" : 0,
      "attachmentsCount" : 0,
      "shouldDisplayMessage" : false,
      "hasContent" : true
    }, {
      "name" : "Folder [/Users/runner/.m2/repository/allure/] was not found, it may have already been deleted.",
      "time" : {
        "start" : 1639247466287,
        "stop" : 1639247466287,
        "duration" : 0
      },
      "status" : "passed",
      "steps" : [ ],
      "attachments" : [ ],
      "parameters" : [ {
        "name" : "actionCounter",
        "value" : "2"
      }, {
        "name" : "logText",
        "value" : "Folder [/Users/runner/.m2/repository/allure/] was not found, it may have already been deleted."
      } ],
      "stepsCount" : 0,
      "attachmentsCount" : 0,
      "shouldDisplayMessage" : false,
      "hasContent" : true
    }, {
      "name" : "Downloading a file from this url [https://repo.maven.apache.org/maven2/io/qameta/allure/allure-commandline/2.17.1/allure-commandline-2.17.1.zip] to this directory [target/allureBinary.zip], please wait as downloading may take some time...",
      "time" : {
        "start" : 1639247466288,
        "stop" : 1639247466288,
        "duration" : 0
      },
      "status" : "passed",
      "steps" : [ ],
      "attachments" : [ ],
      "parameters" : [ {
        "name" : "actionCounter",
        "value" : "3"
      }, {
        "name" : "logText",
        "value" : "Downloading a file from this url [https://repo.maven.apache.org/maven2/io/qameta/allure/allure-commandline/2.17.1/allure-commandline-2.17.1.zip] to this directory [target/allureBinary.zip], please wait as downloading may take some time..."
      } ],
      "stepsCount" : 0,
      "attachmentsCount" : 0,
      "shouldDisplayMessage" : false,
      "hasContent" : true
    }, {
      "name" : "Terminal Action [PerformTerminalCommands] successfully performed. With the following test data [Host Name: \"localHost\" | Command: \"chmod u+x /Users/runner/.m2/repository/allure/allure-2.17.1/bin/allure\" | Exit Status: \"0\"].",
      "time" : {
        "start" : 1639247467920,
        "stop" : 1639247467920,
        "duration" : 0
      },
      "status" : "passed",
      "steps" : [ ],
      "attachments" : [ ],
      "parameters" : [ {
        "name" : "actionCounter",
        "value" : "4"
      }, {
        "name" : "logText",
        "value" : "Terminal Action [PerformTerminalCommands] successfully performed. With the following test data [Host Name: \"localHost\" | Command: \"chmod u+x /Users/runner/.m2/repository/allure/allure-2.17.1/bin/allure\" | Exit Status: \"0\"]."
      } ],
      "stepsCount" : 0,
      "attachmentsCount" : 0,
      "shouldDisplayMessage" : false,
      "hasContent" : true
    }, {
      "name" : "Terminal Action [PerformTerminalCommands] successfully performed. With the following test data [Host Name: \"localHost\" | Command: \"chmod u+x generate_allure_report.sh\" | Exit Status: \"0\"].",
      "time" : {
        "start" : 1639247467928,
        "stop" : 1639247467928,
        "duration" : 0
      },
      "status" : "passed",
      "steps" : [ ],
      "attachments" : [ ],
      "parameters" : [ {
        "name" : "actionCounter",
        "value" : "5"
      }, {
        "name" : "logText",
        "value" : "Terminal Action [PerformTerminalCommands] successfully performed. With the following test data [Host Name: \"localHost\" | Command: \"chmod u+x generate_allure_report.sh\" | Exit Status: \"0\"]."
      } ],
      "stepsCount" : 0,
      "attachmentsCount" : 0,
      "shouldDisplayMessage" : false,
      "hasContent" : true
    }, {
      "name" : "Folder [extent-reports] was not found, it may have already been deleted.",
      "time" : {
        "start" : 1639247468026,
        "stop" : 1639247468026,
        "duration" : 0
      },
      "status" : "passed",
      "steps" : [ ],
      "attachments" : [ ],
      "parameters" : [ {
        "name" : "actionCounter",
        "value" : "6"
      }, {
        "name" : "logText",
        "value" : "Folder [extent-reports] was not found, it may have already been deleted."
      } ],
      "stepsCount" : 0,
      "attachmentsCount" : 0,
      "shouldDisplayMessage" : false,
      "hasContent" : true
    } ],
    "attachments" : [ {
      "uid" : "f84bf25ed0b6ef6f",
      "name" : "Attachment: SHAFT Links - Important",
      "source" : "f84bf25ed0b6ef6f.uri",
      "type" : "text/uri-list",
      "size" : 346
    }, {
      "uid" : "fd3ab330b20dd47f",
      "name" : "Attachment: Properties - testNG",
      "source" : "fd3ab330b20dd47f.properties",
      "type" : "text/plain",
      "size" : 492
    }, {
      "uid" : "93665978e79a2cab",
      "name" : "Attachment: Properties - ExecutionPlatform",
      "source" : "93665978e79a2cab.properties",
      "type" : "text/plain",
      "size" : 394
    }, {
      "uid" : "cf2a10b677786d75",
      "name" : "Attachment: Properties - path",
      "source" : "cf2a10b677786d75.properties",
      "type" : "text/plain",
      "size" : 687
    }, {
      "uid" : "429a682b05362e97",
      "name" : "Attachment: Properties - video",
      "source" : "429a682b05362e97.properties",
      "type" : "text/plain",
      "size" : 763
    }, {
      "uid" : "bab22326c2ee5c8e",
      "name" : "Attachment: Properties - pattern",
      "source" : "bab22326c2ee5c8e.properties",
      "type" : "text/plain",
      "size" : 564
    }, {
      "uid" : "8b82f7458eec63bb",
      "name" : "Attachment: Properties - internal",
      "source" : "8b82f7458eec63bb.properties",
      "type" : "text/plain",
      "size" : 117
    }, {
      "uid" : "fe86485b20e28b97",
      "name" : "Attachment: Properties - MobileCapabilities",
      "source" : "fe86485b20e28b97.properties",
      "type" : "text/plain",
      "size" : 470
    }, {
      "uid" : "4a904171357977ad",
      "name" : "Attachment: Properties - cucumber",
      "source" : "4a904171357977ad.properties",
      "type" : "text/plain",
      "size" : 226
    }, {
      "uid" : "d242d23059686f16",
      "name" : "Attachment: Properties - PlatformFlags",
      "source" : "d242d23059686f16.properties",
      "type" : "text/plain",
      "size" : 765
    }, {
      "uid" : "8064684b508754eb",
      "name" : "Attachment: Properties - Timeouts",
      "source" : "8064684b508754eb.properties",
      "type" : "text/plain",
      "size" : 722
    }, {
      "uid" : "e7d830c722437e4",
      "name" : "Attachment: Properties - Reporting",
      "source" : "e7d830c722437e4.properties",
      "type" : "text/plain",
      "size" : 614
    }, {
      "uid" : "f8938d5482acdf0f",
      "name" : "Attachment: Properties - browserStack",
      "source" : "f8938d5482acdf0f.properties",
      "type" : "text/plain",
      "size" : 877
    }, {
      "uid" : "cbbcdb2bc7db97db",
      "name" : "Attachment: Properties - VisualValidations",
      "source" : "cbbcdb2bc7db97db.properties",
      "type" : "text/plain",
      "size" : 723
    } ],
    "parameters" : [ ],
    "stepsCount" : 6,
    "attachmentsCount" : 14,
    "shouldDisplayMessage" : false,
    "hasContent" : true
  } ],
  "testStage" : {
    "status" : "skipped",
    "statusMessage" : "Driver Factory Action [createNewLocalDriverInstanceForSafari] failed. With the following test data [Failed to create a session on DESKTOP_SAFARI].",
    "statusTrace" : "java.lang.AssertionError: Driver Factory Action [createNewLocalDriverInstanceForSafari] failed. With the following test data [Failed to create a session on DESKTOP_SAFARI].\n\tat org.testng.Assert.fail(Assert.java:99)\n\tat com.shaft.driver.DriverFactoryHelper.failAction(DriverFactoryHelper.java:306)\n\tat com.shaft.driver.DriverFactoryHelper.createNewLocalDriverInstanceForSafari(DriverFactoryHelper.java:576)\n\tat com.shaft.driver.DriverFactoryHelper.createNewLocalDriverInstance(DriverFactoryHelper.java:596)\n\tat com.shaft.driver.DriverFactoryHelper.getDriver(DriverFactoryHelper.java:815)\n\tat com.shaft.driver.DriverFactoryHelper.getDriver(DriverFactoryHelper.java:140)\n\tat com.shaft.driver.DriverFactory.getDriver(DriverFactory.java:27)\n\tat com.shaft.gui.browser.BrowserFactory.getBrowser(BrowserFactory.java:21)\n\tat testPackage01.Test_clipboardActions.beforeClass(Test_clipboardActions.java:37)\n\tat java.base/jdk.internal.reflect.NativeMethodAccessorImpl.invoke0(Native Method)\n\tat java.base/jdk.internal.reflect.NativeMethodAccessorImpl.invoke(NativeMethodAccessorImpl.java:77)\n\tat java.base/jdk.internal.reflect.DelegatingMethodAccessorImpl.invoke(DelegatingMethodAccessorImpl.java:43)\n\tat java.base/java.lang.reflect.Method.invoke(Method.java:568)\n\tat org.testng.internal.MethodInvocationHelper.invokeMethod(MethodInvocationHelper.java:133)\n\tat org.testng.internal.MethodInvocationHelper.invokeMethodConsideringTimeout(MethodInvocationHelper.java:62)\n\tat org.testng.internal.ConfigInvoker.invokeConfigurationMethod(ConfigInvoker.java:385)\n\tat org.testng.internal.ConfigInvoker.invokeConfigurations(ConfigInvoker.java:321)\n\tat org.testng.internal.TestMethodWorker.invokeBeforeClassMethods(TestMethodWorker.java:176)\n\tat org.testng.internal.TestMethodWorker.run(TestMethodWorker.java:122)\n\tat java.base/java.util.ArrayList.forEach(ArrayList.java:1511)\n\tat org.testng.TestRunner.privateRun(TestRunner.java:794)\n\tat org.testng.TestRunner.run(TestRunner.java:596)\n\tat org.testng.SuiteRunner.runTest(SuiteRunner.java:377)\n\tat org.testng.SuiteRunner.runSequentially(SuiteRunner.java:371)\n\tat org.testng.SuiteRunner.privateRun(SuiteRunner.java:332)\n\tat org.testng.SuiteRunner.run(SuiteRunner.java:276)\n\tat org.testng.SuiteRunnerWorker.runSuite(SuiteRunnerWorker.java:53)\n\tat org.testng.SuiteRunnerWorker.run(SuiteRunnerWorker.java:96)\n\tat org.testng.TestNG.runSuitesSequentially(TestNG.java:1212)\n\tat org.testng.TestNG.runSuitesLocally(TestNG.java:1134)\n\tat org.testng.TestNG.runSuites(TestNG.java:1063)\n\tat org.testng.TestNG.run(TestNG.java:1031)\n\tat org.apache.maven.surefire.testng.TestNGExecutor.run(TestNGExecutor.java:136)\n\tat org.apache.maven.surefire.testng.TestNGDirectoryTestSuite.executeMulti(TestNGDirectoryTestSuite.java:193)\n\tat org.apache.maven.surefire.testng.TestNGDirectoryTestSuite.execute(TestNGDirectoryTestSuite.java:94)\n\tat org.apache.maven.surefire.testng.TestNGProvider.invoke(TestNGProvider.java:145)\n\tat org.apache.maven.surefire.booter.ForkedBooter.runSuitesInProcess(ForkedBooter.java:428)\n\tat org.apache.maven.surefire.booter.ForkedBooter.execute(ForkedBooter.java:162)\n\tat org.apache.maven.surefire.booter.ForkedBooter.run(ForkedBooter.java:562)\n\tat org.apache.maven.surefire.booter.ForkedBooter.main(ForkedBooter.java:548)\n",
    "steps" : [ ],
    "attachments" : [ {
      "uid" : "87ea21d7fc2c4f96",
      "name" : "Attachment: SHAFT Engine Logs - Current Method log: typeTextAndCopyPaste",
      "source" : "87ea21d7fc2c4f96.txt",
      "type" : "text/plain",
      "size" : 430
    } ],
    "parameters" : [ ],
    "stepsCount" : 0,
    "attachmentsCount" : 1,
    "shouldDisplayMessage" : true,
    "hasContent" : true
  },
  "afterStages" : [ {
    "name" : "afterClass",
    "time" : {
      "start" : 1639247533866,
      "stop" : 1639247533866,
      "duration" : 0
    },
    "description" : "",
    "status" : "broken",
    "steps" : [ ],
    "attachments" : [ ],
    "parameters" : [ ],
    "stepsCount" : 0,
    "attachmentsCount" : 0,
    "shouldDisplayMessage" : false,
    "hasContent" : false
  }, {
    "name" : "teardownActivities",
    "time" : {
      "start" : 1639247675029,
      "stop" : 1639247675595,
      "duration" : 566
    },
    "description" : "",
    "status" : "passed",
    "steps" : [ {
      "name" : "Successfully Closed All Drivers.",
      "time" : {
        "start" : 1639247675030,
        "stop" : 1639247675030,
        "duration" : 0
      },
      "status" : "passed",
      "steps" : [ ],
      "attachments" : [ ],
      "parameters" : [ {
        "name" : "actionCounter",
        "value" : "279"
      }, {
        "name" : "logText",
        "value" : "Successfully Closed All Drivers."
      } ],
      "stepsCount" : 0,
      "attachmentsCount" : 0,
      "shouldDisplayMessage" : false,
      "hasContent" : true
    }, {
      "name" : "Issue Summary: Total Issues = 3, New issues for Failed Tests = 1, Open issues for Passed Tests = 2, Open issues for Failed Tests = 0. Kindly check the attached Issue details.",
      "time" : {
        "start" : 1639247675039,
        "stop" : 1639247675039,
        "duration" : 0
      },
      "status" : "passed",
      "steps" : [ ],
      "attachments" : [ {
        "uid" : "fbe596319a89e63c",
        "name" : "Attachment: SHAFT Engine Logs - Issues log CSV: 20211211-183435",
        "source" : "fbe596319a89e63c.csv",
        "type" : "text/csv",
        "size" : 369
      } ],
      "parameters" : [ {
        "name" : "actionCounter",
        "value" : "280"
      }, {
        "name" : "logText",
        "value" : "Issue Summary: Total Issues = 3, New issues for Failed Tests = 1, Open issues for Passed Tests = 2, Open issues for Failed Tests = 0. Kindly check the attached Issue details."
      }, {
        "name" : "attachments",
        "value" : "[[SHAFT Engine Logs, Issues log CSV: 20211211-183435, java.io.ByteArrayInputStream@4b68392c]]"
      } ],
      "stepsCount" : 0,
      "attachmentsCount" : 1,
      "shouldDisplayMessage" : false,
      "hasContent" : true
    } ],
    "attachments" : [ {
      "uid" : "3593d1b2b7a3505a",
      "name" : "Attachment: SHAFT Engine Logs - Execution log: 20211211-183435",
      "source" : "3593d1b2b7a3505a.txt",
      "type" : "text/plain",
      "size" : 214266
    }, {
      "uid" : "76c914bde8272569",
      "name" : "Attachment: HTML - Extent Emailable Execution Report",
      "source" : "76c914bde8272569.html",
      "type" : "text/html",
      "size" : 5803168
    } ],
    "parameters" : [ ],
    "stepsCount" : 2,
    "attachmentsCount" : 3,
    "shouldDisplayMessage" : false,
    "hasContent" : true
  } ],
  "labels" : [ {
    "name" : "package",
    "value" : "testPackage01.Test_clipboardActions"
  }, {
    "name" : "testClass",
    "value" : "testPackage01.Test_clipboardActions"
  }, {
    "name" : "testMethod",
    "value" : "typeTextAndCopyPaste"
  }, {
    "name" : "parentSuite",
    "value" : "SHAFT: Custom Suite"
  }, {
    "name" : "suite",
    "value" : "SHAFT: Custom Test"
  }, {
    "name" : "subSuite",
    "value" : "testPackage01.Test_clipboardActions"
  }, {
    "name" : "host",
    "value" : "Mac-1639246033922.local"
  }, {
    "name" : "thread",
    "value" : "2575@Mac-1639246033922.local.main(1)"
  }, {
    "name" : "framework",
    "value" : "testng"
  }, {
    "name" : "language",
    "value" : "java"
  }, {
    "name" : "resultFormat",
    "value" : "allure2"
  } ],
  "parameters" : [ ],
  "links" : [ ],
  "hidden" : false,
  "retry" : false,
  "extra" : {
    "severity" : "normal",
    "retries" : [ ],
    "categories" : [ ],
    "history" : {
      "statistic" : {
        "failed" : 0,
        "broken" : 19,
        "skipped" : 2,
        "passed" : 0,
        "unknown" : 0,
        "total" : 21
      },
      "items" : [ {
        "uid" : "bd3b4f150f4b3a0c",
        "reportUrl" : "https://MohabMohie.github.io/SHAFT_ENGINE/allure/macOS/Web/980//#testresult/bd3b4f150f4b3a0c",
        "status" : "broken",
        "statusDetails" : "Encountered key input source with invalid 'value' in payload: {\n    actions =     (\n                {\n            type = keyDown;\n            value = \"\\Ue03d\";\n        },\n                {\n            type = keyUp;\n            value = \"\\Ue03d\";\n        },\n                {\n            type = keyDown;\n            value = a;\n        },\n                {\n            type = keyUp;\n            value = a;\n        },\n                {\n            type = keyDown;\n            value = \"\\Ue000\";\n        },\n                {\n            type = keyUp;\n            value = \"\\Ue000\";\n        }\n    );\n    id = \"default keyboard\";\n    type = key;\n}\nBuild info: version: '4.1.0', revision: '87802e897b'\nSystem info: host: 'Mac-1639246888012.local', ip: '10.212.6.197', os.name: 'Mac OS X', os.arch: 'x86_64', os.version: '11.5', java.version: '17.0.1'\nDriver info: org.openqa.selenium.safari.SafariDriver\nCommand: [1035E546-701A-44B6-B719-8A24A08E31DD, actions {actions=[org.openqa.selenium.interactions.Sequence@2bf94e3a]}]\nCapabilities {acceptInsecureCerts: false, browserName: Safari, browserVersion: 15.1, goog:loggingPrefs: {browser: ALL, client: ALL, driver: ALL, performance: ALL, profiler: ALL, server: ALL}, javascriptEnabled: true, pageLoadStrategy: normal, platform: MAC, platformName: MAC, safari:automaticInspection: false, safari:automaticProfiling: false, safari:diagnose: false, safari:platformBuildVersion: 20G224, safari:platformVersion: 11.6.1, safari:useSimulator: false, setWindowRect: true, strictFileInteractability: false, timeouts: {pageLoad: 30000, script: 30000}, webkit:WebRTC: {DisableICECandidateFiltering: false, DisableInsecureMediaCapture: false}}\nSession ID: 1035E546-701A-44B6-B719-8A24A08E31DD",
        "time" : {
          "start" : 1639247376933,
          "stop" : 1639247379490,
          "duration" : 2557
        }
      }, {
        "uid" : "706a1c975963c71f",
        "reportUrl" : "https://MohabMohie.github.io/SHAFT_ENGINE/allure/macOS/Web/977//#testresult/706a1c975963c71f",
        "status" : "broken",
        "statusDetails" : "Encountered key input source with invalid 'value' in payload: {\n    actions =     (\n                {\n            type = keyDown;\n            value = \"\\Ue03d\";\n        },\n                {\n            type = keyUp;\n            value = \"\\Ue03d\";\n        },\n                {\n            type = keyDown;\n            value = a;\n        },\n                {\n            type = keyUp;\n            value = a;\n        },\n                {\n            type = keyDown;\n            value = \"\\Ue000\";\n        },\n                {\n            type = keyUp;\n            value = \"\\Ue000\";\n        }\n    );\n    id = \"default keyboard\";\n    type = key;\n}\nBuild info: version: '4.1.0', revision: '87802e897b'\nSystem info: host: 'Mac-1639245959637.local', ip: '10.212.11.74', os.name: 'Mac OS X', os.arch: 'x86_64', os.version: '11.5', java.version: '17.0.1'\nDriver info: org.openqa.selenium.safari.SafariDriver\nCommand: [E7840146-BBDE-4DC8-B03F-662C1576A318, actions {actions=[org.openqa.selenium.interactions.Sequence@3fd87902]}]\nCapabilities {acceptInsecureCerts: false, browserName: Safari, browserVersion: 15.1, goog:loggingPrefs: {browser: ALL, client: ALL, driver: ALL, performance: ALL, profiler: ALL, server: ALL}, javascriptEnabled: true, pageLoadStrategy: normal, platform: MAC, platformName: MAC, safari:automaticInspection: false, safari:automaticProfiling: false, safari:diagnose: false, safari:platformBuildVersion: 20G224, safari:platformVersion: 11.6.1, safari:useSimulator: false, setWindowRect: true, strictFileInteractability: false, timeouts: {pageLoad: 30000, script: 30000}, webkit:WebRTC: {DisableICECandidateFiltering: false, DisableInsecureMediaCapture: false}}\nSession ID: E7840146-BBDE-4DC8-B03F-662C1576A318",
        "time" : {
          "start" : 1639246560249,
          "stop" : 1639246562585,
          "duration" : 2336
        }
      }, {
        "uid" : "b06ca4029fe9cc47",
        "reportUrl" : "https://MohabMohie.github.io/SHAFT_ENGINE/allure/macOS/Web/976//#testresult/b06ca4029fe9cc47",
        "status" : "broken",
        "statusDetails" : "Encountered key input source with invalid 'value' in payload: {\n    actions =     (\n                {\n            type = keyDown;\n            value = \"\\Ue03d\";\n        },\n                {\n            type = keyUp;\n            value = \"\\Ue03d\";\n        },\n                {\n            type = keyDown;\n            value = a;\n        },\n                {\n            type = keyUp;\n            value = a;\n        },\n                {\n            type = keyDown;\n            value = \"\\Ue000\";\n        },\n                {\n            type = keyUp;\n            value = \"\\Ue000\";\n        }\n    );\n    id = \"default keyboard\";\n    type = key;\n}\nBuild info: version: '4.1.0', revision: '87802e897b'\nSystem info: host: 'Mac-1639187348089.local', ip: '10.212.6.193', os.name: 'Mac OS X', os.arch: 'x86_64', os.version: '11.5', java.version: '17.0.1'\nDriver info: org.openqa.selenium.safari.SafariDriver\nCommand: [0D785168-01BC-44E7-9A46-599774E93289, actions {actions=[org.openqa.selenium.interactions.Sequence@3ee15053]}]\nCapabilities {acceptInsecureCerts: false, browserName: Safari, browserVersion: 15.1, goog:loggingPrefs: {browser: ALL, client: ALL, driver: ALL, performance: ALL, profiler: ALL, server: ALL}, javascriptEnabled: true, pageLoadStrategy: normal, platform: MAC, platformName: MAC, safari:automaticInspection: false, safari:automaticProfiling: false, safari:diagnose: false, safari:platformBuildVersion: 20G224, safari:platformVersion: 11.6.1, safari:useSimulator: false, setWindowRect: true, strictFileInteractability: false, timeouts: {pageLoad: 30000, script: 30000}, webkit:WebRTC: {DisableICECandidateFiltering: false, DisableInsecureMediaCapture: false}}\nSession ID: 0D785168-01BC-44E7-9A46-599774E93289",
        "time" : {
          "start" : 1639187553269,
          "stop" : 1639187555445,
          "duration" : 2176
        }
      }, {
        "uid" : "117d449f01760f26",
        "reportUrl" : "https://MohabMohie.github.io/SHAFT_ENGINE/allure/macOS/Web/974//#testresult/117d449f01760f26",
        "status" : "broken",
        "statusDetails" : "Encountered key input source with invalid 'value' in payload: {\n    actions =     (\n                {\n            type = keyDown;\n            value = \"\\Ue03d\";\n        },\n                {\n            type = keyUp;\n            value = \"\\Ue03d\";\n        },\n                {\n            type = keyDown;\n            value = a;\n        },\n                {\n            type = keyUp;\n            value = a;\n        },\n                {\n            type = keyDown;\n            value = \"\\Ue000\";\n        },\n                {\n            type = keyUp;\n            value = \"\\Ue000\";\n        }\n    );\n    id = \"default keyboard\";\n    type = key;\n}\nBuild info: version: '4.1.0', revision: '87802e897b'\nSystem info: host: 'Mac-1639100703108.local', ip: '10.212.6.186', os.name: 'Mac OS X', os.arch: 'x86_64', os.version: '11.5', java.version: '17.0.1'\nDriver info: org.openqa.selenium.safari.SafariDriver\nCommand: [C8BC3F48-958A-4756-9B63-7EB175D2B07E, actions {actions=[org.openqa.selenium.interactions.Sequence@2e681871]}]\nCapabilities {acceptInsecureCerts: false, browserName: Safari, browserVersion: 15.1, goog:loggingPrefs: {browser: ALL, client: ALL, driver: ALL, performance: ALL, profiler: ALL, server: ALL}, javascriptEnabled: true, pageLoadStrategy: normal, platform: MAC, platformName: MAC, safari:automaticInspection: false, safari:automaticProfiling: false, safari:diagnose: false, safari:platformBuildVersion: 20G224, safari:platformVersion: 11.6.1, safari:useSimulator: false, setWindowRect: true, strictFileInteractability: false, timeouts: {pageLoad: 30000, script: 30000}, webkit:WebRTC: {DisableICECandidateFiltering: false, DisableInsecureMediaCapture: false}}\nSession ID: C8BC3F48-958A-4756-9B63-7EB175D2B07E",
        "time" : {
          "start" : 1639101293699,
          "stop" : 1639101296368,
          "duration" : 2669
        }
      }, {
        "uid" : "d07428dfdb365813",
        "reportUrl" : "https://MohabMohie.github.io/SHAFT_ENGINE/allure/macOS/Web/972//#testresult/d07428dfdb365813",
        "status" : "broken",
        "statusDetails" : "Encountered key input source with invalid 'value' in payload: {\n    actions =     (\n                {\n            type = keyDown;\n            value = \"\\Ue03d\";\n        },\n                {\n            type = keyUp;\n            value = \"\\Ue03d\";\n        },\n                {\n            type = keyDown;\n            value = a;\n        },\n                {\n            type = keyUp;\n            value = a;\n        },\n                {\n            type = keyDown;\n            value = \"\\Ue000\";\n        },\n                {\n            type = keyUp;\n            value = \"\\Ue000\";\n        }\n    );\n    id = \"default keyboard\";\n    type = key;\n}\nBuild info: version: '4.1.0', revision: '87802e897b'\nSystem info: host: 'Mac-1639014615750.local', ip: '10.212.3.161', os.name: 'Mac OS X', os.arch: 'x86_64', os.version: '11.5', java.version: '17.0.1'\nDriver info: org.openqa.selenium.safari.SafariDriver\nCommand: [2BA5CEF0-FF55-4887-B0BF-927FA7FF841C, actions {actions=[org.openqa.selenium.interactions.Sequence@32b128cc]}]\nCapabilities {acceptInsecureCerts: false, browserName: Safari, browserVersion: 15.1, goog:loggingPrefs: {browser: ALL, client: ALL, driver: ALL, performance: ALL, profiler: ALL, server: ALL}, javascriptEnabled: true, pageLoadStrategy: normal, platform: MAC, platformName: MAC, safari:automaticInspection: false, safari:automaticProfiling: false, safari:diagnose: false, safari:platformBuildVersion: 20G224, safari:platformVersion: 11.6.1, safari:useSimulator: false, setWindowRect: true, strictFileInteractability: false, timeouts: {pageLoad: 30000, script: 30000}, webkit:WebRTC: {DisableICECandidateFiltering: false, DisableInsecureMediaCapture: false}}\nSession ID: 2BA5CEF0-FF55-4887-B0BF-927FA7FF841C",
        "time" : {
          "start" : 1639014930861,
          "stop" : 1639014933527,
          "duration" : 2666
        }
      }, {
        "uid" : "c9fe6ae115fa34cd",
        "reportUrl" : "https://MohabMohie.github.io/SHAFT_ENGINE/allure/macOS/Web/968//#testresult/c9fe6ae115fa34cd",
        "status" : "broken",
        "statusDetails" : "Encountered key input source with invalid 'value' in payload: {\n    actions =     (\n                {\n            type = keyDown;\n            value = \"\\Ue03d\";\n        },\n                {\n            type = keyUp;\n            value = \"\\Ue03d\";\n        },\n                {\n            type = keyDown;\n            value = a;\n        },\n                {\n            type = keyUp;\n            value = a;\n        },\n                {\n            type = keyDown;\n            value = \"\\Ue000\";\n        },\n                {\n            type = keyUp;\n            value = \"\\Ue000\";\n        }\n    );\n    id = \"default keyboard\";\n    type = key;\n}\nBuild info: version: '4.1.0', revision: '87802e897b'\nSystem info: host: 'Mac-1638841829032.local', ip: '10.212.9.37', os.name: 'Mac OS X', os.arch: 'x86_64', os.version: '11.5', java.version: '17.0.1'\nDriver info: org.openqa.selenium.safari.SafariDriver\nCommand: [211C61EB-E68A-4642-8E0A-A221A88FF7EB, actions {actions=[org.openqa.selenium.interactions.Sequence@10235312]}]\nCapabilities {acceptInsecureCerts: false, browserName: Safari, browserVersion: 15.1, goog:loggingPrefs: {browser: ALL, client: ALL, driver: ALL, performance: ALL, profiler: ALL, server: ALL}, javascriptEnabled: true, pageLoadStrategy: normal, platform: MAC, platformName: MAC, safari:automaticInspection: false, safari:automaticProfiling: false, safari:diagnose: false, safari:platformBuildVersion: 20G224, safari:platformVersion: 11.6.1, safari:useSimulator: false, setWindowRect: true, strictFileInteractability: false, timeouts: {pageLoad: 30000, script: 30000}, webkit:WebRTC: {DisableICECandidateFiltering: false, DisableInsecureMediaCapture: false}}\nSession ID: 211C61EB-E68A-4642-8E0A-A221A88FF7EB",
        "time" : {
          "start" : 1638842341095,
          "stop" : 1638842344397,
          "duration" : 3302
        }
      }, {
        "uid" : "6b40fca64bd88011",
        "reportUrl" : "https://MohabMohie.github.io/SHAFT_ENGINE/allure/macOS/Web/967//#testresult/6b40fca64bd88011",
        "status" : "broken",
        "statusDetails" : "Cannot invoke \"com.aventstack.extentreports.ExtentReports.createTest(String)\" because \"com.shaft.tools.io.ReportManagerHelper.extentReport\" is null",
        "time" : {
          "start" : 1638794018718,
          "stop" : 1638794018718,
          "duration" : 0
        }
      }, {
        "uid" : "b6d7fb31be0d7afc",
        "reportUrl" : "https://MohabMohie.github.io/SHAFT_ENGINE/allure/macOS/Web/964//#testresult/b6d7fb31be0d7afc",
        "status" : "broken",
        "statusDetails" : "Cannot invoke \"com.aventstack.extentreports.ExtentReports.createTest(String)\" because \"com.shaft.tools.io.ReportManagerHelper.extentReport\" is null",
        "time" : {
          "start" : 1638669483101,
          "stop" : 1638669483102,
          "duration" : 1
        }
      }, {
        "uid" : "49dad97bf0c39b83",
        "reportUrl" : "https://MohabMohie.github.io/SHAFT_ENGINE/allure/macOS/Web/963//#testresult/49dad97bf0c39b83",
        "status" : "broken",
        "statusDetails" : "Cannot invoke \"com.aventstack.extentreports.ExtentReports.createTest(String)\" because \"com.shaft.tools.io.ReportManagerHelper.extentReport\" is null",
        "time" : {
          "start" : 1638631928385,
          "stop" : 1638631928386,
          "duration" : 1
        }
      }, {
        "uid" : "dce89199aac2c75b",
        "reportUrl" : "https://MohabMohie.github.io/SHAFT_ENGINE/allure/macOS/Web/962//#testresult/dce89199aac2c75b",
        "status" : "broken",
        "statusDetails" : "Cannot invoke \"com.aventstack.extentreports.ExtentReports.createTest(String)\" because \"com.shaft.tools.io.ReportManagerHelper.extentReport\" is null",
        "time" : {
          "start" : 1638582661164,
          "stop" : 1638582661165,
          "duration" : 1
        }
      }, {
        "uid" : "10098554b936f793",
        "reportUrl" : "https://MohabMohie.github.io/SHAFT_ENGINE/allure/macOS/Web/959//#testresult/10098554b936f793",
        "status" : "broken",
        "statusDetails" : "Cannot invoke \"com.aventstack.extentreports.ExtentReports.createTest(String)\" because \"com.shaft.tools.io.ReportManagerHelper.extentReport\" is null",
        "time" : {
          "start" : 1638437098574,
          "stop" : 1638437098575,
          "duration" : 1
        }
      }, {
        "uid" : "7b7917f34d85aedf",
        "reportUrl" : "https://MohabMohie.github.io/SHAFT_ENGINE/allure/macOS/Web/956//#testresult/7b7917f34d85aedf",
        "status" : "broken",
        "statusDetails" : "Encountered key input source with invalid 'value' in payload: {\n    actions =     (\n                {\n            type = keyDown;\n            value = \"\\Ue03d\";\n        },\n                {\n            type = keyUp;\n            value = \"\\Ue03d\";\n        },\n                {\n            type = keyDown;\n            value = a;\n        },\n                {\n            type = keyUp;\n            value = a;\n        },\n                {\n            type = keyDown;\n            value = \"\\Ue000\";\n        },\n                {\n            type = keyUp;\n            value = \"\\Ue000\";\n        }\n    );\n    id = \"default keyboard\";\n    type = key;\n}\nBuild info: version: '4.1.0', revision: '87802e897b'\nSystem info: host: 'Mac-1638409675603.local', ip: '10.212.11.61', os.name: 'Mac OS X', os.arch: 'x86_64', os.version: '11.5', java.version: '17.0.1'\nDriver info: org.openqa.selenium.safari.SafariDriver\nCommand: [0AEB756C-CDBC-4252-9600-13D201A59A50, actions {actions=[org.openqa.selenium.interactions.Sequence@67488c90]}]\nCapabilities {acceptInsecureCerts: false, browserName: Safari, browserVersion: 15.1, goog:loggingPrefs: {browser: ALL, client: ALL, driver: ALL, performance: ALL, profiler: ALL, server: ALL}, javascriptEnabled: true, pageLoadStrategy: normal, platform: MAC, platformName: MAC, safari:automaticInspection: false, safari:automaticProfiling: false, safari:diagnose: false, safari:platformBuildVersion: 20G224, safari:platformVersion: 11.6.1, safari:useSimulator: false, setWindowRect: true, strictFileInteractability: false, timeouts: {pageLoad: 30000, script: 30000}, webkit:WebRTC: {DisableICECandidateFiltering: false, DisableInsecureMediaCapture: false}}\nSession ID: 0AEB756C-CDBC-4252-9600-13D201A59A50",
        "time" : {
          "start" : 1638409968290,
          "stop" : 1638409970505,
          "duration" : 2215
        }
      }, {
        "uid" : "7ca1cf9b8853d8c1",
        "reportUrl" : "https://MohabMohie.github.io/SHAFT_ENGINE/allure/macOS/Web/953//#testresult/7ca1cf9b8853d8c1",
        "status" : "skipped",
        "statusDetails" : "Driver Factory Action [createNewLocalDriverInstanceForSafari] failed. With the following test data [Failed to create a session on DESKTOP_SAFARI].",
        "time" : {
          "start" : 1638354679373,
          "stop" : 1638354679495,
          "duration" : 122
        }
      }, {
        "uid" : "8914b8f6d8ad1ede",
        "reportUrl" : "https://MohabMohie.github.io/SHAFT_ENGINE/allure/macOS/Web/951//#testresult/8914b8f6d8ad1ede",
        "status" : "broken",
        "statusDetails" : "Encountered key input source with invalid 'value' in payload: {\n    actions =     (\n                {\n            type = keyDown;\n            value = \"\\Ue03d\";\n        },\n                {\n            type = keyUp;\n            value = \"\\Ue03d\";\n        },\n                {\n            type = keyDown;\n            value = a;\n        },\n                {\n            type = keyUp;\n            value = a;\n        },\n                {\n            type = keyDown;\n            value = \"\\Ue000\";\n        },\n                {\n            type = keyUp;\n            value = \"\\Ue000\";\n        }\n    );\n    id = \"default keyboard\";\n    type = key;\n}\nBuild info: version: '4.1.0', revision: '87802e897b'\nSystem info: host: 'Mac-1638345965544.local', ip: '10.212.9.41', os.name: 'Mac OS X', os.arch: 'x86_64', os.version: '11.5', java.version: '17.0.1'\nDriver info: org.openqa.selenium.safari.SafariDriver\nCommand: [8E09F327-D09E-4B87-B2A4-CC65EBA34F5F, actions {actions=[org.openqa.selenium.interactions.Sequence@716075d3]}]\nCapabilities {acceptInsecureCerts: false, browserName: Safari, browserVersion: 15.1, goog:loggingPrefs: {browser: ALL, client: ALL, driver: ALL, performance: ALL, profiler: ALL, server: ALL}, javascriptEnabled: true, pageLoadStrategy: normal, platform: MAC, platformName: MAC, safari:automaticInspection: false, safari:automaticProfiling: false, safari:diagnose: false, safari:platformBuildVersion: 20G224, safari:platformVersion: 11.6.1, safari:useSimulator: false, setWindowRect: true, strictFileInteractability: false, timeouts: {pageLoad: 30000, script: 30000}, webkit:WebRTC: {DisableICECandidateFiltering: false, DisableInsecureMediaCapture: false}}\nSession ID: 8E09F327-D09E-4B87-B2A4-CC65EBA34F5F",
        "time" : {
          "start" : 1638346162213,
          "stop" : 1638346164708,
          "duration" : 2495
        }
      }, {
        "uid" : "63e52dbb7be2185d",
        "reportUrl" : "https://MohabMohie.github.io/SHAFT_ENGINE/allure/macOS/Web/950//#testresult/63e52dbb7be2185d",
        "status" : "broken",
        "statusDetails" : "Encountered key input source with invalid 'value' in payload: {\n    actions =     (\n                {\n            type = keyDown;\n            value = \"\\Ue03d\";\n        },\n                {\n            type = keyUp;\n            value = \"\\Ue03d\";\n        },\n                {\n            type = keyDown;\n            value = a;\n        },\n                {\n            type = keyUp;\n            value = a;\n        },\n                {\n            type = keyDown;\n            value = \"\\Ue000\";\n        },\n                {\n            type = keyUp;\n            value = \"\\Ue000\";\n        }\n    );\n    id = \"default keyboard\";\n    type = key;\n}\nBuild info: version: '4.1.0', revision: '87802e897b'\nSystem info: host: 'Mac-1638323396408.local', ip: '10.212.6.187', os.name: 'Mac OS X', os.arch: 'x86_64', os.version: '11.5', java.version: '17.0.1'\nDriver info: org.openqa.selenium.safari.SafariDriver\nCommand: [F262F221-842C-4934-89EA-D113BDE538C8, actions {actions=[org.openqa.selenium.interactions.Sequence@4d881407]}]\nCapabilities {acceptInsecureCerts: false, browserName: Safari, browserVersion: 15.1, goog:loggingPrefs: {browser: ALL, client: ALL, driver: ALL, performance: ALL, profiler: ALL, server: ALL}, javascriptEnabled: true, pageLoadStrategy: normal, platform: MAC, platformName: MAC, safari:automaticInspection: false, safari:automaticProfiling: false, safari:diagnose: false, safari:platformBuildVersion: 20G224, safari:platformVersion: 11.6.1, safari:useSimulator: false, setWindowRect: true, strictFileInteractability: false, timeouts: {pageLoad: 30000, script: 30000}, webkit:WebRTC: {DisableICECandidateFiltering: false, DisableInsecureMediaCapture: false}}\nSession ID: F262F221-842C-4934-89EA-D113BDE538C8",
        "time" : {
          "start" : 1638323951985,
          "stop" : 1638323954068,
          "duration" : 2083
        }
      }, {
        "uid" : "79fec647400837a3",
        "reportUrl" : "https://MohabMohie.github.io/SHAFT_ENGINE/allure/macOS/Web/946//#testresult/79fec647400837a3",
        "status" : "broken",
        "statusDetails" : "Encountered key input source with invalid 'value' in payload: {\n    actions =     (\n                {\n            type = keyDown;\n            value = \"\\Ue03d\";\n        },\n                {\n            type = keyUp;\n            value = \"\\Ue03d\";\n        },\n                {\n            type = keyDown;\n            value = a;\n        },\n                {\n            type = keyUp;\n            value = a;\n        },\n                {\n            type = keyDown;\n            value = \"\\Ue000\";\n        },\n                {\n            type = keyUp;\n            value = \"\\Ue000\";\n        }\n    );\n    id = \"default keyboard\";\n    type = key;\n}\nBuild info: version: '4.1.0', revision: '87802e897b'\nSystem info: host: 'Mac-1638149271753.local', ip: '10.212.6.74', os.name: 'Mac OS X', os.arch: 'x86_64', os.version: '11.5', java.version: '17.0.1'\nDriver info: org.openqa.selenium.safari.SafariDriver\nCommand: [745183D5-7299-427D-90E9-96641DB22178, actions {actions=[org.openqa.selenium.interactions.Sequence@d92dec3]}]\nCapabilities {acceptInsecureCerts: false, browserName: Safari, browserVersion: 15.1, goog:loggingPrefs: {browser: ALL, client: ALL, driver: ALL, performance: ALL, profiler: ALL, server: ALL}, javascriptEnabled: true, pageLoadStrategy: normal, platform: MAC, platformName: MAC, safari:automaticInspection: false, safari:automaticProfiling: false, safari:diagnose: false, safari:platformBuildVersion: 20G224, safari:platformVersion: 11.6.1, safari:useSimulator: false, setWindowRect: true, strictFileInteractability: false, timeouts: {pageLoad: 30000, script: 30000}, webkit:WebRTC: {DisableICECandidateFiltering: false, DisableInsecureMediaCapture: false}}\nSession ID: 745183D5-7299-427D-90E9-96641DB22178",
        "time" : {
          "start" : 1638150680416,
          "stop" : 1638150681939,
          "duration" : 1523
        }
      }, {
        "uid" : "d4189a6bc71b4a37",
        "reportUrl" : "https://MohabMohie.github.io/SHAFT_ENGINE/allure/macOS/Web/945//#testresult/d4189a6bc71b4a37",
        "status" : "broken",
        "statusDetails" : "Encountered key input source with invalid 'value' in payload: {\n    actions =     (\n                {\n            type = keyDown;\n            value = \"\\Ue03d\";\n        },\n                {\n            type = keyUp;\n            value = \"\\Ue03d\";\n        },\n                {\n            type = keyDown;\n            value = a;\n        },\n                {\n            type = keyUp;\n            value = a;\n        },\n                {\n            type = keyDown;\n            value = \"\\Ue000\";\n        },\n                {\n            type = keyUp;\n            value = \"\\Ue000\";\n        }\n    );\n    id = \"default keyboard\";\n    type = key;\n}\nBuild info: version: '4.1.0', revision: '87802e897b'\nSystem info: host: 'Mac-1638062350226.local', ip: '10.212.9.89', os.name: 'Mac OS X', os.arch: 'x86_64', os.version: '11.5', java.version: '17.0.1'\nDriver info: org.openqa.selenium.safari.SafariDriver\nCommand: [7EAC63DC-5871-4177-ABC8-001E61A527E1, actions {actions=[org.openqa.selenium.interactions.Sequence@6d6928a2]}]\nCapabilities {acceptInsecureCerts: false, browserName: Safari, browserVersion: 15.1, goog:loggingPrefs: {browser: ALL, client: ALL, driver: ALL, performance: ALL, profiler: ALL, server: ALL}, javascriptEnabled: true, pageLoadStrategy: normal, platform: MAC, platformName: MAC, safari:automaticInspection: false, safari:automaticProfiling: false, safari:diagnose: false, safari:platformBuildVersion: 20G224, safari:platformVersion: 11.6.1, safari:useSimulator: false, setWindowRect: true, strictFileInteractability: false, timeouts: {pageLoad: 30000, script: 30000}, webkit:WebRTC: {DisableICECandidateFiltering: false, DisableInsecureMediaCapture: false}}\nSession ID: 7EAC63DC-5871-4177-ABC8-001E61A527E1",
        "time" : {
          "start" : 1638064110682,
          "stop" : 1638064113313,
          "duration" : 2631
        }
      }, {
        "uid" : "8db18136a3c0a71a",
        "reportUrl" : "https://MohabMohie.github.io/SHAFT_ENGINE/allure/macOS/Web/944//#testresult/8db18136a3c0a71a",
        "status" : "broken",
        "statusDetails" : "Encountered key input source with invalid 'value' in payload: {\n    actions =     (\n                {\n            type = keyDown;\n            value = \"\\Ue03d\";\n        },\n                {\n            type = keyUp;\n            value = \"\\Ue03d\";\n        },\n                {\n            type = keyDown;\n            value = a;\n        },\n                {\n            type = keyUp;\n            value = a;\n        },\n                {\n            type = keyDown;\n            value = \"\\Ue000\";\n        },\n                {\n            type = keyUp;\n            value = \"\\Ue000\";\n        }\n    );\n    id = \"default keyboard\";\n    type = key;\n}\nBuild info: version: '4.1.0', revision: '87802e897b'\nSystem info: host: 'Mac-1637974173382.local', ip: '10.212.6.183', os.name: 'Mac OS X', os.arch: 'x86_64', os.version: '11.5', java.version: '17.0.1'\nDriver info: org.openqa.selenium.safari.SafariDriver\nCommand: [040BCA46-C541-436D-B453-95B2E2A935AD, actions {actions=[org.openqa.selenium.interactions.Sequence@3c4b6167]}]\nCapabilities {acceptInsecureCerts: false, browserName: Safari, browserVersion: 15.1, goog:loggingPrefs: {browser: ALL, client: ALL, driver: ALL, performance: ALL, profiler: ALL, server: ALL}, javascriptEnabled: true, pageLoadStrategy: normal, platform: MAC, platformName: MAC, safari:automaticInspection: false, safari:automaticProfiling: false, safari:diagnose: false, safari:platformBuildVersion: 20G224, safari:platformVersion: 11.6.1, safari:useSimulator: false, setWindowRect: true, strictFileInteractability: false, timeouts: {pageLoad: 30000, script: 30000}, webkit:WebRTC: {DisableICECandidateFiltering: false, DisableInsecureMediaCapture: false}}\nSession ID: 040BCA46-C541-436D-B453-95B2E2A935AD",
        "time" : {
          "start" : 1637977707624,
          "stop" : 1637977709420,
          "duration" : 1796
        }
      }, {
        "uid" : "94f50077c8bb0104",
        "reportUrl" : "https://MohabMohie.github.io/SHAFT_ENGINE/allure/macOS/Web/942//#testresult/94f50077c8bb0104",
        "status" : "broken",
        "statusDetails" : "Encountered key input source with invalid 'value' in payload: {\n    actions =     (\n                {\n            type = keyDown;\n            value = \"\\Ue03d\";\n        },\n                {\n            type = keyUp;\n            value = \"\\Ue03d\";\n        },\n                {\n            type = keyDown;\n            value = a;\n        },\n                {\n            type = keyUp;\n            value = a;\n        },\n                {\n            type = keyDown;\n            value = \"\\Ue000\";\n        },\n                {\n            type = keyUp;\n            value = \"\\Ue000\";\n        }\n    );\n    id = \"default keyboard\";\n    type = key;\n}\nBuild info: version: '4.1.0', revision: '87802e897b'\nSystem info: host: 'Mac-1637889787607.local', ip: '10.212.9.56', os.name: 'Mac OS X', os.arch: 'x86_64', os.version: '11.5', java.version: '17.0.1'\nDriver info: org.openqa.selenium.safari.SafariDriver\nCommand: [CDC465A6-F6F8-4562-AA9E-2D688443E52B, actions {actions=[org.openqa.selenium.interactions.Sequence@1851d279]}]\nCapabilities {acceptInsecureCerts: false, browserName: Safari, browserVersion: 15.1, goog:loggingPrefs: {browser: ALL, client: ALL, driver: ALL, performance: ALL, profiler: ALL, server: ALL}, javascriptEnabled: true, pageLoadStrategy: normal, platform: MAC, platformName: MAC, safari:automaticInspection: false, safari:automaticProfiling: false, safari:diagnose: false, safari:platformBuildVersion: 20G224, safari:platformVersion: 11.6.1, safari:useSimulator: false, setWindowRect: true, strictFileInteractability: false, timeouts: {pageLoad: 30000, script: 30000}, webkit:WebRTC: {DisableICECandidateFiltering: false, DisableInsecureMediaCapture: false}}\nSession ID: CDC465A6-F6F8-4562-AA9E-2D688443E52B",
        "time" : {
          "start" : 1637891422890,
          "stop" : 1637891425403,
          "duration" : 2513
        }
      }, {
        "uid" : "dd066c9d0f740ee",
        "reportUrl" : "https://MohabMohie.github.io/SHAFT_ENGINE/allure/macOS/Web/940//#testresult/dd066c9d0f740ee",
        "status" : "broken",
        "statusDetails" : "Encountered key input source with invalid 'value' in payload: {\n    actions =     (\n                {\n            type = keyDown;\n            value = \"\\Ue03d\";\n        },\n                {\n            type = keyUp;\n            value = \"\\Ue03d\";\n        },\n                {\n            type = keyDown;\n            value = a;\n        },\n                {\n            type = keyUp;\n            value = a;\n        },\n                {\n            type = keyDown;\n            value = \"\\Ue000\";\n        },\n                {\n            type = keyUp;\n            value = \"\\Ue000\";\n        }\n    );\n    id = \"default keyboard\";\n    type = key;\n}\nBuild info: version: '4.1.0', revision: '87802e897b'\nSystem info: host: 'Mac-1637738953415.local', ip: '10.79.3.156', os.name: 'Mac OS X', os.arch: 'x86_64', os.version: '10.15.7', java.version: '17.0.1'\nDriver info: org.openqa.selenium.safari.SafariDriver\nCommand: [B7B11821-F4A7-4692-92A0-F342E1B797CF, actions {actions=[org.openqa.selenium.interactions.Sequence@e361d62]}]\nCapabilities {acceptInsecureCerts: false, browserName: Safari, browserVersion: 15.1, goog:loggingPrefs: {browser: ALL, client: ALL, driver: ALL, performance: ALL, profiler: ALL, server: ALL}, javascriptEnabled: true, pageLoadStrategy: normal, platform: MAC, platformName: MAC, safari:automaticInspection: false, safari:automaticProfiling: false, safari:diagnose: false, safari:platformBuildVersion: 19H1519, safari:platformVersion: 10.15.7, safari:useSimulator: false, setWindowRect: true, strictFileInteractability: false, timeouts: {pageLoad: 30000, script: 30000}, webkit:WebRTC: {DisableICECandidateFiltering: false, DisableInsecureMediaCapture: false}}\nSession ID: B7B11821-F4A7-4692-92A0-F342E1B797CF",
        "time" : {
          "start" : 1637739641759,
          "stop" : 1637739643016,
          "duration" : 1257
        }
      } ]
    },
    "tags" : [ ]
  },
  "source" : "792fcbcde73a50ad.json",
  "parameterValues" : [ ]
}