################################################################################################################################################
Detected SHAFT Engine Version: [SHAFT Engine v5.3.20210902]
################################################################################################################################################

################################################################################################################################################
Starting Execution:	[1 out of 143] test cases in the current suite
Test Method:		[unitTests.tests_validations_assertions.assertComparativeRelation_greaterThanOrEquals_false_equals_expectedToFail]
################################################################################################################################################
[ReportManager] Assertion [ValidateComparativeRelation] FAILED. Expected [1] and Actual [1]. Comparison Type [GREATER_THAN_OR_EQUALS]. Validation Type [NEGATIVE]. @17-09-2021 01:57:27.0717 A

################################################################################################################################################
Starting Execution:	[2 out of 143] test cases in the current suite
Test Method:		[unitTests.tests_validations_assertions.assertComparativeRelation_greaterThanOrEquals_false_equals_expectedToPass]
################################################################################################################################################
[ReportManager] Assertion [ValidateComparativeRelation] PASSED. Expected [2] and Actual [1]. Comparison Type [GREATER_THAN_OR_EQUALS]. Validation Type [NEGATIVE]. @17-09-2021 01:57:27.0867 A

################################################################################################################################################
Starting Execution:	[3 out of 143] test cases in the current suite
Test Method:		[unitTests.tests_validations_assertions.assertComparativeRelation_greaterThanOrEquals_false_greaterThan_expectedToFail]
################################################################################################################################################
[ReportManager] Assertion [ValidateComparativeRelation] FAILED. Expected [1] and Actual [2]. Comparison Type [GREATER_THAN_OR_EQUALS]. Validation Type [NEGATIVE]. @17-09-2021 01:57:27.0885 A

################################################################################################################################################
Starting Execution:	[4 out of 143] test cases in the current suite
Test Method:		[unitTests.tests_validations_assertions.assertComparativeRelation_greaterThanOrEquals_false_greaterThan_expectedToPass]
################################################################################################################################################
[ReportManager] Assertion [ValidateComparativeRelation] PASSED. Expected [2] and Actual [1]. Comparison Type [GREATER_THAN_OR_EQUALS]. Validation Type [NEGATIVE]. @17-09-2021 01:57:27.0898 A

################################################################################################################################################
Starting Execution:	[5 out of 143] test cases in the current suite
Test Method:		[unitTests.tests_validations_assertions.assertComparativeRelation_greaterThanOrEquals_true_equals_expectedToFail]
################################################################################################################################################
[ReportManager] Assertion [ValidateComparativeRelation] FAILED. Expected [1] and Actual [0]. Comparison Type [GREATER_THAN_OR_EQUALS]. Validation Type [POSITIVE]. @17-09-2021 01:57:27.0904 A

################################################################################################################################################
Starting Execution:	[6 out of 143] test cases in the current suite
Test Method:		[unitTests.tests_validations_assertions.assertComparativeRelation_greaterThanOrEquals_true_equals_expectedToPass]
################################################################################################################################################
[ReportManager] Assertion [ValidateComparativeRelation] PASSED. Expected [1] and Actual [1]. Comparison Type [GREATER_THAN_OR_EQUALS]. Validation Type [POSITIVE]. @17-09-2021 01:57:27.0920 A

################################################################################################################################################
Starting Execution:	[7 out of 143] test cases in the current suite
Test Method:		[unitTests.tests_validations_assertions.assertComparativeRelation_greaterThanOrEquals_true_greaterThan_expectedToFail]
################################################################################################################################################
[ReportManager] Assertion [ValidateComparativeRelation] FAILED. Expected [2] and Actual [1]. Comparison Type [GREATER_THAN_OR_EQUALS]. Validation Type [POSITIVE]. @17-09-2021 01:57:27.0937 A

################################################################################################################################################
Starting Execution:	[8 out of 143] test cases in the current suite
Test Method:		[unitTests.tests_validations_assertions.assertComparativeRelation_greaterThanOrEquals_true_greaterThan_expectedToPass]
################################################################################################################################################
[ReportManager] Assertion [ValidateComparativeRelation] PASSED. Expected [1] and Actual [2]. Comparison Type [GREATER_THAN_OR_EQUALS]. Validation Type [POSITIVE]. @17-09-2021 01:57:27.0941 A
[ReportManager] File Action [GetAbsolutePath] successfully performed. With the following test data [Relative Folder Path: "target/downloadedFiles/"]. @17-09-2021 01:57:27.0966 AM
[ReportManager] Attempting to run remotely on: [Linux-64], [GoogleChrome], [http://localhost:4444/wd/hub], Headless Execution. @17-09-2021 01:57:28.0012 AM
[ReportManager] Successfully Opened [GoogleChrome]. @17-09-2021 01:57:29.0460 AM
[ReportManager] Target URL: [https://www.google.com/ncr], and after redirection: [www.google.com] @17-09-2021 01:57:29.0509 AM
[ReportManager] Initial URL: [data:,] @17-09-2021 01:57:29.0625 AM
[ReportManager] Browser Action [NavigateToURL] successfully performed. With the following test data [https://www.google.com/ncr]. @17-09-2021 01:57:30.0943 A

################################################################################################################################################
Starting Execution:	[9 out of 143] test cases in the current suite
Test Method:		[unitTests.tests_validations_assertions.assertElementAttribute_false_caseInsensitiveComparison_expectedToFail]
################################################################################################################################################
[ReportManager] Element Action [Type] successfully performed. With the following test data [AUTOMATION]. @17-09-2021 01:57:31.0523 AM
[ReportManager] Element Action [GetText] successfully performed. With the following test data [AUTOMATION]. @17-09-2021 01:57:31.0694 AM
[ReportManager] Loaded Shared OpenCV @17-09-2021 01:57:32.0468 AM
[ReportManager] Assertion [ValidateElementAttribute] FAILED. Expected [Value Should not be 'AutomaTion' for the 'text' attribute, element locator 'By.name: q'] and Actual [AUTOMATION]. Comparison Type [CASE_INSENSITIVE]. Validation Type [NEGATIVE]. @17-09-2021 01:57:32.0833 AM
[ReportManager] Successfully created attachment [Screenshot - 1631843851927_assertElementAttribute_false_caseInsensitiveComparison_expectedToFail_ValidateElementAttribute_failed] @17-09-2021 01:57:32.0853 A
[ReportManager] Browser Action [CloseCurrentWindow] successfully performed. @17-09-2021 01:57:33.0030 AM
[ReportManager] Successfully created attachment [Browser Action Test Data - CloseCurrentWindow - Actual Value] @17-09-2021 01:57:33.0038 A
[ReportManager] File Action [GetAbsolutePath] successfully performed. With the following test data [Relative Folder Path: "target/downloadedFiles/"]. @17-09-2021 01:57:33.0053 AM
[ReportManager] Attempting to run remotely on: [Linux-64], [GoogleChrome], [http://localhost:4444/wd/hub], Headless Execution. @17-09-2021 01:57:33.0053 AM
[ReportManager] Successfully Opened [GoogleChrome]. @17-09-2021 01:57:33.0370 AM
[ReportManager] Target URL: [https://www.google.com/ncr], and after redirection: [www.google.com] @17-09-2021 01:57:33.0394 AM
[ReportManager] Initial URL: [data:,] @17-09-2021 01:57:33.0471 AM
[ReportManager] Browser Action [NavigateToURL] successfully performed. With the following test data [https://www.google.com/ncr]. @17-09-2021 01:57:34.0841 A

################################################################################################################################################
Starting Execution:	[10 out of 143] test cases in the current suite
Test Method:		[unitTests.tests_validations_assertions.assertElementAttribute_false_caseInsensitiveComparison_expectedToPass]
################################################################################################################################################
[ReportManager] Element Action [Type] successfully performed. With the following test data [AUTOMATION]. @17-09-2021 01:57:35.0288 AM
[ReportManager] Element Action [GetText] successfully performed. With the following test data [AUTOMATION]. @17-09-2021 01:57:35.0446 AM
[ReportManager] Loaded Shared OpenCV @17-09-2021 01:57:35.0638 AM
[ReportManager] Assertion [ValidateElementAttribute] PASSED. Expected [Value Should not be 'AutomaTion123' for the 'text' attribute, element locator 'By.name: q'] and Actual [AUTOMATION]. Comparison Type [CASE_INSENSITIVE]. Validation Type [NEGATIVE]. @17-09-2021 01:57:35.0781 AM
[ReportManager] Successfully created attachment [Screenshot - 1631843855638_assertElementAttribute_false_caseInsensitiveComparison_expectedToPass_ValidateElementAttribute_passed] @17-09-2021 01:57:35.0785 A
[ReportManager] Browser Action [CloseCurrentWindow] successfully performed. @17-09-2021 01:57:35.0954 AM
[ReportManager] Successfully created attachment [Browser Action Test Data - CloseCurrentWindow - Actual Value] @17-09-2021 01:57:35.0956 A
[ReportManager] File Action [GetAbsolutePath] successfully performed. With the following test data [Relative Folder Path: "target/downloadedFiles/"]. @17-09-2021 01:57:35.0967 AM
[ReportManager] Attempting to run remotely on: [Linux-64], [GoogleChrome], [http://localhost:4444/wd/hub], Headless Execution. @17-09-2021 01:57:35.0967 AM
[ReportManager] Successfully Opened [GoogleChrome]. @17-09-2021 01:57:36.0224 AM
[ReportManager] Target URL: [https://www.google.com/ncr], and after redirection: [www.google.com] @17-09-2021 01:57:36.0244 AM
[ReportManager] Initial URL: [data:,] @17-09-2021 01:57:36.0318 AM
[ReportManager] Browser Action [NavigateToURL] successfully performed. With the following test data [https://www.google.com/ncr]. @17-09-2021 01:57:37.0195 A

################################################################################################################################################
Starting Execution:	[11 out of 143] test cases in the current suite
Test Method:		[unitTests.tests_validations_assertions.assertElementAttribute_false_containsComparison_expectedToFail]
################################################################################################################################################
[ReportManager] Element Action [Type] successfully performed. With the following test data [Automation123]. @17-09-2021 01:57:37.0623 AM
[ReportManager] Element Action [GetText] successfully performed. With the following test data [Automation123]. @17-09-2021 01:57:37.0748 AM
[ReportManager] Loaded Shared OpenCV @17-09-2021 01:57:37.0923 AM
[ReportManager] Assertion [ValidateElementAttribute] FAILED. Expected [Value Should not be 'Automation' for the 'text' attribute, element locator 'By.name: q'] and Actual [Automation123]. Comparison Type [CONTAINS]. Validation Type [NEGATIVE]. @17-09-2021 01:57:38.0009 AM
[ReportManager] Successfully created attachment [Screenshot - 1631843857923_assertElementAttribute_false_containsComparison_expectedToFail_ValidateElementAttribute_failed] @17-09-2021 01:57:38.0010 A
[ReportManager] Browser Action [CloseCurrentWindow] successfully performed. @17-09-2021 01:57:38.0165 AM
[ReportManager] Successfully created attachment [Browser Action Test Data - CloseCurrentWindow - Actual Value] @17-09-2021 01:57:38.0169 A
[ReportManager] File Action [GetAbsolutePath] successfully performed. With the following test data [Relative Folder Path: "target/downloadedFiles/"]. @17-09-2021 01:57:38.0181 AM
[ReportManager] Attempting to run remotely on: [Linux-64], [GoogleChrome], [http://localhost:4444/wd/hub], Headless Execution. @17-09-2021 01:57:38.0183 AM
[ReportManager] Successfully Opened [GoogleChrome]. @17-09-2021 01:57:38.0412 AM
[ReportManager] Target URL: [https://www.google.com/ncr], and after redirection: [www.google.com] @17-09-2021 01:57:38.0433 AM
[ReportManager] Initial URL: [data:,] @17-09-2021 01:57:38.0502 AM
[ReportManager] Browser Action [NavigateToURL] successfully performed. With the following test data [https://www.google.com/ncr]. @17-09-2021 01:57:39.0339 A

################################################################################################################################################
Starting Execution:	[12 out of 143] test cases in the current suite
Test Method:		[unitTests.tests_validations_assertions.assertElementAttribute_false_containsComparison_expectedToPass]
################################################################################################################################################
[ReportManager] Element Action [Type] successfully performed. With the following test data [Automation123]. @17-09-2021 01:57:39.0752 AM
[ReportManager] Element Action [GetText] successfully performed. With the following test data [Automation123]. @17-09-2021 01:57:39.0883 AM
[ReportManager] Loaded Shared OpenCV @17-09-2021 01:57:40.0040 AM
[ReportManager] Assertion [ValidateElementAttribute] PASSED. Expected [Value Should not be 'Automation1234' for the 'text' attribute, element locator 'By.name: q'] and Actual [Automation123]. Comparison Type [CONTAINS]. Validation Type [NEGATIVE]. @17-09-2021 01:57:40.0120 AM
[ReportManager] Successfully created attachment [Screenshot - 1631843860040_assertElementAttribute_false_containsComparison_expectedToPass_ValidateElementAttribute_passed] @17-09-2021 01:57:40.0121 A
[ReportManager] Browser Action [CloseCurrentWindow] successfully performed. @17-09-2021 01:57:40.0274 AM
[ReportManager] Successfully created attachment [Browser Action Test Data - CloseCurrentWindow - Actual Value] @17-09-2021 01:57:40.0277 A
[ReportManager] File Action [GetAbsolutePath] successfully performed. With the following test data [Relative Folder Path: "target/downloadedFiles/"]. @17-09-2021 01:57:40.0287 AM
[ReportManager] Attempting to run remotely on: [Linux-64], [GoogleChrome], [http://localhost:4444/wd/hub], Headless Execution. @17-09-2021 01:57:40.0287 AM
[ReportManager] Successfully Opened [GoogleChrome]. @17-09-2021 01:57:40.0504 AM
[ReportManager] Target URL: [https://www.google.com/ncr], and after redirection: [www.google.com] @17-09-2021 01:57:40.0524 AM
[ReportManager] Initial URL: [data:,] @17-09-2021 01:57:40.0591 AM
[ReportManager] Browser Action [NavigateToURL] successfully performed. With the following test data [https://www.google.com/ncr]. @17-09-2021 01:57:41.0452 A

################################################################################################################################################
Starting Execution:	[13 out of 143] test cases in the current suite
Test Method:		[unitTests.tests_validations_assertions.assertElementAttribute_false_literalComparison_expectedToFail]
################################################################################################################################################
[ReportManager] Element Action [Type] successfully performed. With the following test data [Automation!@#$%^&*()_+{}[]\';/.,]. @17-09-2021 01:57:41.0966 AM
[ReportManager] Element Action [GetText] successfully performed. With the following test data [Automation!@#$%^&*()_+{}[]\';/.,]. @17-09-2021 01:57:42.0103 AM
[ReportManager] Loaded Shared OpenCV @17-09-2021 01:57:42.0269 AM
[ReportManager] Assertion [ValidateElementAttribute] PASSED. Expected [Value Should not be 'Automation!@#$%^&*()_+{}[]\\';/.,' for the 'text' attribute, element locator 'By.name: q'] and Actual [Automation!@#$%^&*()_+{}[]\';/.,]. Comparison Type [EQUALS]. Validation Type [NEGATIVE]. @17-09-2021 01:57:42.0362 AM
[ReportManager] Successfully created attachment [Screenshot - 1631843862268_assertElementAttribute_false_literalComparison_expectedToFail_ValidateElementAttribute_passed] @17-09-2021 01:57:42.0363 A
[ReportManager] Browser Action [CloseCurrentWindow] successfully performed. @17-09-2021 01:57:42.0508 AM
[ReportManager] Successfully created attachment [Browser Action Test Data - CloseCurrentWindow - Actual Value] @17-09-2021 01:57:42.0509 A
[ReportManager] File Action [GetAbsolutePath] successfully performed. With the following test data [Relative Folder Path: "target/downloadedFiles/"]. @17-09-2021 01:57:42.0512 AM
[ReportManager] Attempting to run remotely on: [Linux-64], [GoogleChrome], [http://localhost:4444/wd/hub], Headless Execution. @17-09-2021 01:57:42.0512 AM
[ReportManager] Successfully Opened [GoogleChrome]. @17-09-2021 01:57:42.0736 AM
[ReportManager] Target URL: [https://www.google.com/ncr], and after redirection: [www.google.com] @17-09-2021 01:57:42.0749 AM
[ReportManager] Initial URL: [data:,] @17-09-2021 01:57:42.0803 AM
[ReportManager] Browser Action [NavigateToURL] successfully performed. With the following test data [https://www.google.com/ncr]. @17-09-2021 01:57:43.0699 A

################################################################################################################################################
Starting Execution:	[14 out of 143] test cases in the current suite
Test Method:		[unitTests.tests_validations_assertions.assertElementAttribute_false_literalComparison_expectedToPass]
################################################################################################################################################
[ReportManager] Element Action [Type] successfully performed. With the following test data [Automation!@#$%^&*()_+{}[]\';/.,]. @17-09-2021 01:57:44.0178 AM
[ReportManager] Element Action [GetText] successfully performed. With the following test data [Automation!@#$%^&*()_+{}[]\';/.,]. @17-09-2021 01:57:44.0285 AM
[ReportManager] Loaded Shared OpenCV @17-09-2021 01:57:44.0465 AM
[ReportManager] Assertion [ValidateElementAttribute] PASSED. Expected [Value Should not be 'Automation' for the 'text' attribute, element locator 'By.name: q'] and Actual [Automation!@#$%^&*()_+{}[]\';/.,]. Comparison Type [EQUALS]. Validation Type [NEGATIVE]. @17-09-2021 01:57:44.0554 AM
[ReportManager] Successfully created attachment [Screenshot - 1631843864465_assertElementAttribute_false_literalComparison_expectedToPass_ValidateElementAttribute_passed] @17-09-2021 01:57:44.0555 A
[ReportManager] Browser Action [CloseCurrentWindow] successfully performed. @17-09-2021 01:57:44.0688 AM
[ReportManager] Successfully created attachment [Browser Action Test Data - CloseCurrentWindow - Actual Value] @17-09-2021 01:57:44.0690 A
[ReportManager] File Action [GetAbsolutePath] successfully performed. With the following test data [Relative Folder Path: "target/downloadedFiles/"]. @17-09-2021 01:57:44.0696 AM
[ReportManager] Attempting to run remotely on: [Linux-64], [GoogleChrome], [http://localhost:4444/wd/hub], Headless Execution. @17-09-2021 01:57:44.0696 AM
[ReportManager] Successfully Opened [GoogleChrome]. @17-09-2021 01:57:44.0911 AM
[ReportManager] Target URL: [https://www.google.com/ncr], and after redirection: [www.google.com] @17-09-2021 01:57:44.0936 AM
[ReportManager] Initial URL: [data:,] @17-09-2021 01:57:44.0984 AM
[ReportManager] Browser Action [NavigateToURL] successfully performed. With the following test data [https://www.google.com/ncr]. @17-09-2021 01:57:45.0839 A

################################################################################################################################################
Starting Execution:	[15 out of 143] test cases in the current suite
Test Method:		[unitTests.tests_validations_assertions.assertElementAttribute_false_regexComparison_expectedToFail]
################################################################################################################################################
[ReportManager] Element Action [Type] successfully performed. With the following test data [Automation123]. @17-09-2021 01:57:46.0217 AM
[ReportManager] Element Action [GetText] successfully performed. With the following test data [Automation123]. @17-09-2021 01:57:46.0326 AM
[ReportManager] Loaded Shared OpenCV @17-09-2021 01:57:46.0489 AM
[ReportManager] Assertion [ValidateElementAttribute] FAILED. Expected [Value Should not be 'Automation.*' for the 'text' attribute, element locator 'By.name: q'] and Actual [Automation123]. Comparison Type [MATCHES]. Validation Type [NEGATIVE]. @17-09-2021 01:57:46.0569 AM
[ReportManager] Successfully created attachment [Screenshot - 1631843866489_assertElementAttribute_false_regexComparison_expectedToFail_ValidateElementAttribute_failed] @17-09-2021 01:57:46.0576 A
[ReportManager] Browser Action [CloseCurrentWindow] successfully performed. @17-09-2021 01:57:46.0718 AM
[ReportManager] Successfully created attachment [Browser Action Test Data - CloseCurrentWindow - Actual Value] @17-09-2021 01:57:46.0719 A
[ReportManager] File Action [GetAbsolutePath] successfully performed. With the following test data [Relative Folder Path: "target/downloadedFiles/"]. @17-09-2021 01:57:46.0723 AM
[ReportManager] Attempting to run remotely on: [Linux-64], [GoogleChrome], [http://localhost:4444/wd/hub], Headless Execution. @17-09-2021 01:57:46.0723 AM
[ReportManager] Successfully Opened [GoogleChrome]. @17-09-2021 01:57:46.0946 AM
[ReportManager] Target URL: [https://www.google.com/ncr], and after redirection: [www.google.com] @17-09-2021 01:57:46.0959 AM
[ReportManager] Initial URL: [data:,] @17-09-2021 01:57:47.0002 AM
[ReportManager] Browser Action [NavigateToURL] successfully performed. With the following test data [https://www.google.com/ncr]. @17-09-2021 01:57:48.0088 A

################################################################################################################################################
Starting Execution:	[16 out of 143] test cases in the current suite
Test Method:		[unitTests.tests_validations_assertions.assertElementAttribute_false_regexComparison_expectedToPass]
################################################################################################################################################
[ReportManager] Element Action [Type] successfully performed. With the following test data [Automation123]. @17-09-2021 01:57:48.0534 AM
[ReportManager] Element Action [GetText] successfully performed. With the following test data [Automation123]. @17-09-2021 01:57:48.0650 AM
[ReportManager] Loaded Shared OpenCV @17-09-2021 01:57:48.0790 AM
[ReportManager] Assertion [ValidateElementAttribute] PASSED. Expected [Value Should not be 'Automation' for the 'text' attribute, element locator 'By.name: q'] and Actual [Automation123]. Comparison Type [MATCHES]. Validation Type [NEGATIVE]. @17-09-2021 01:57:48.0873 AM
[ReportManager] Successfully created attachment [Screenshot - 1631843868790_assertElementAttribute_false_regexComparison_expectedToPass_ValidateElementAttribute_passed] @17-09-2021 01:57:48.0874 A
[ReportManager] Browser Action [CloseCurrentWindow] successfully performed. @17-09-2021 01:57:49.0052 AM
[ReportManager] Successfully created attachment [Browser Action Test Data - CloseCurrentWindow - Actual Value] @17-09-2021 01:57:49.0064 A
[ReportManager] File Action [GetAbsolutePath] successfully performed. With the following test data [Relative Folder Path: "target/downloadedFiles/"]. @17-09-2021 01:57:49.0072 AM
[ReportManager] Attempting to run remotely on: [Linux-64], [GoogleChrome], [http://localhost:4444/wd/hub], Headless Execution. @17-09-2021 01:57:49.0072 AM
[ReportManager] Successfully Opened [GoogleChrome]. @17-09-2021 01:57:49.0318 AM
[ReportManager] Target URL: [https://www.google.com/ncr], and after redirection: [www.google.com] @17-09-2021 01:57:49.0340 AM
[ReportManager] Initial URL: [data:,] @17-09-2021 01:57:49.0402 AM
[ReportManager] Browser Action [NavigateToURL] successfully performed. With the following test data [https://www.google.com/ncr]. @17-09-2021 01:57:50.0276 A

################################################################################################################################################
Starting Execution:	[17 out of 143] test cases in the current suite
Test Method:		[unitTests.tests_validations_assertions.assertElementAttribute_true_caseInsensitiveComparison_expectedToFail]
################################################################################################################################################
[ReportManager] Element Action [Type] successfully performed. With the following test data [AUTOMATION]. @17-09-2021 01:57:50.0651 AM
[ReportManager] Element Action [GetText] successfully performed. With the following test data [AUTOMATION]. @17-09-2021 01:57:50.0774 AM
[ReportManager] Loaded Shared OpenCV @17-09-2021 01:57:50.0911 AM
[ReportManager] Assertion [ValidateElementAttribute] FAILED. Expected [Value Should be 'AutomaTion123' for the 'text' attribute, element locator 'By.name: q'] and Actual [AUTOMATION]. Comparison Type [CASE_INSENSITIVE]. Validation Type [POSITIVE]. @17-09-2021 01:57:50.0991 AM
[ReportManager] Successfully created attachment [Screenshot - 1631843870911_assertElementAttribute_true_caseInsensitiveComparison_expectedToFail_ValidateElementAttribute_failed] @17-09-2021 01:57:50.0992 A
[ReportManager] Browser Action [CloseCurrentWindow] successfully performed. @17-09-2021 01:57:51.0152 AM
[ReportManager] Successfully created attachment [Browser Action Test Data - CloseCurrentWindow - Actual Value] @17-09-2021 01:57:51.0153 A
[ReportManager] File Action [GetAbsolutePath] successfully performed. With the following test data [Relative Folder Path: "target/downloadedFiles/"]. @17-09-2021 01:57:51.0159 AM
[ReportManager] Attempting to run remotely on: [Linux-64], [GoogleChrome], [http://localhost:4444/wd/hub], Headless Execution. @17-09-2021 01:57:51.0159 AM
[ReportManager] Successfully Opened [GoogleChrome]. @17-09-2021 01:57:51.0359 AM
[ReportManager] Target URL: [https://www.google.com/ncr], and after redirection: [www.google.com] @17-09-2021 01:57:51.0388 AM
[ReportManager] Initial URL: [data:,] @17-09-2021 01:57:51.0438 AM
[ReportManager] Browser Action [NavigateToURL] successfully performed. With the following test data [https://www.google.com/ncr]. @17-09-2021 01:57:52.0263 A

################################################################################################################################################
Starting Execution:	[18 out of 143] test cases in the current suite
Test Method:		[unitTests.tests_validations_assertions.assertElementAttribute_true_caseInsensitiveComparison_expectedToPass]
################################################################################################################################################
[ReportManager] Element Action [Type] successfully performed. With the following test data [AUTOMATION]. @17-09-2021 01:57:52.0625 AM
[ReportManager] Element Action [GetText] successfully performed. With the following test data [AUTOMATION]. @17-09-2021 01:57:52.0729 AM
[ReportManager] Loaded Shared OpenCV @17-09-2021 01:57:52.0877 AM
[ReportManager] Assertion [ValidateElementAttribute] PASSED. Expected [Value Should be 'AutomaTion' for the 'text' attribute, element locator 'By.name: q'] and Actual [AUTOMATION]. Comparison Type [CASE_INSENSITIVE]. Validation Type [POSITIVE]. @17-09-2021 01:57:52.0958 AM
[ReportManager] Successfully created attachment [Screenshot - 1631843872877_assertElementAttribute_true_caseInsensitiveComparison_expectedToPass_ValidateElementAttribute_passed] @17-09-2021 01:57:52.0959 A
[ReportManager] Browser Action [CloseCurrentWindow] successfully performed. @17-09-2021 01:57:53.0098 AM
[ReportManager] Successfully created attachment [Browser Action Test Data - CloseCurrentWindow - Actual Value] @17-09-2021 01:57:53.0099 A
[ReportManager] File Action [GetAbsolutePath] successfully performed. With the following test data [Relative Folder Path: "target/downloadedFiles/"]. @17-09-2021 01:57:53.0104 AM
[ReportManager] Attempting to run remotely on: [Linux-64], [GoogleChrome], [http://localhost:4444/wd/hub], Headless Execution. @17-09-2021 01:57:53.0105 AM
[ReportManager] Successfully Opened [GoogleChrome]. @17-09-2021 01:57:53.0338 AM
[ReportManager] Target URL: [https://www.google.com/ncr], and after redirection: [www.google.com] @17-09-2021 01:57:53.0351 AM
[ReportManager] Initial URL: [data:,] @17-09-2021 01:57:53.0398 AM
[ReportManager] Browser Action [NavigateToURL] successfully performed. With the following test data [https://www.google.com/ncr]. @17-09-2021 01:57:54.0248 A

################################################################################################################################################
Starting Execution:	[19 out of 143] test cases in the current suite
Test Method:		[unitTests.tests_validations_assertions.assertElementAttribute_true_containsComparison_expectedToFail]
################################################################################################################################################
[ReportManager] Element Action [Type] successfully performed. With the following test data [Automation123]. @17-09-2021 01:57:54.0567 AM
[ReportManager] Element Action [GetText] successfully performed. With the following test data [Automation123]. @17-09-2021 01:57:54.0673 AM
[ReportManager] Loaded Shared OpenCV @17-09-2021 01:57:54.0844 AM
[ReportManager] Assertion [ValidateElementAttribute] FAILED. Expected [Value Should be 'Automation1234' for the 'text' attribute, element locator 'By.name: q'] and Actual [Automation123]. Comparison Type [CONTAINS]. Validation Type [POSITIVE]. @17-09-2021 01:57:54.0926 AM
[ReportManager] Successfully created attachment [Screenshot - 1631843874844_assertElementAttribute_true_containsComparison_expectedToFail_ValidateElementAttribute_failed] @17-09-2021 01:57:54.0928 A
[ReportManager] Browser Action [CloseCurrentWindow] successfully performed. @17-09-2021 01:57:55.0074 AM
[ReportManager] Successfully created attachment [Browser Action Test Data - CloseCurrentWindow - Actual Value] @17-09-2021 01:57:55.0075 A
[ReportManager] File Action [GetAbsolutePath] successfully performed. With the following test data [Relative Folder Path: "target/downloadedFiles/"]. @17-09-2021 01:57:55.0078 AM
[ReportManager] Attempting to run remotely on: [Linux-64], [GoogleChrome], [http://localhost:4444/wd/hub], Headless Execution. @17-09-2021 01:57:55.0078 AM
[ReportManager] Successfully Opened [GoogleChrome]. @17-09-2021 01:57:55.0314 AM
[ReportManager] Target URL: [https://www.google.com/ncr], and after redirection: [www.google.com] @17-09-2021 01:57:55.0325 AM
[ReportManager] Initial URL: [data:,] @17-09-2021 01:57:55.0369 AM
[ReportManager] Browser Action [NavigateToURL] successfully performed. With the following test data [https://www.google.com/ncr]. @17-09-2021 01:57:56.0182 A

################################################################################################################################################
Starting Execution:	[20 out of 143] test cases in the current suite
Test Method:		[unitTests.tests_validations_assertions.assertElementAttribute_true_containsComparison_expectedToPass]
################################################################################################################################################
[ReportManager] Element Action [Type] successfully performed. With the following test data [Automation123]. @17-09-2021 01:57:56.0569 AM
[ReportManager] Element Action [GetText] successfully performed. With the following test data [Automation123]. @17-09-2021 01:57:56.0668 AM
[ReportManager] Loaded Shared OpenCV @17-09-2021 01:57:56.0802 AM
[ReportManager] Assertion [ValidateElementAttribute] PASSED. Expected [Value Should be 'Automation' for the 'text' attribute, element locator 'By.name: q'] and Actual [Automation123]. Comparison Type [CONTAINS]. Validation Type [POSITIVE]. @17-09-2021 01:57:56.0886 AM
[ReportManager] Successfully created attachment [Screenshot - 1631843876802_assertElementAttribute_true_containsComparison_expectedToPass_ValidateElementAttribute_passed] @17-09-2021 01:57:56.0887 A
[ReportManager] Browser Action [CloseCurrentWindow] successfully performed. @17-09-2021 01:57:57.0017 AM
[ReportManager] Successfully created attachment [Browser Action Test Data - CloseCurrentWindow - Actual Value] @17-09-2021 01:57:57.0018 A
[ReportManager] File Action [GetAbsolutePath] successfully performed. With the following test data [Relative Folder Path: "target/downloadedFiles/"]. @17-09-2021 01:57:57.0023 AM
[ReportManager] Attempting to run remotely on: [Linux-64], [GoogleChrome], [http://localhost:4444/wd/hub], Headless Execution. @17-09-2021 01:57:57.0023 AM
[ReportManager] Successfully Opened [GoogleChrome]. @17-09-2021 01:57:57.0351 AM
[ReportManager] Target URL: [https://www.google.com/ncr], and after redirection: [www.google.com] @17-09-2021 01:57:57.0365 AM
[ReportManager] Initial URL: [data:,] @17-09-2021 01:57:57.0407 AM
[ReportManager] Browser Action [NavigateToURL] successfully performed. With the following test data [https://www.google.com/ncr]. @17-09-2021 01:57:58.0208 A

################################################################################################################################################
Starting Execution:	[21 out of 143] test cases in the current suite
Test Method:		[unitTests.tests_validations_assertions.assertElementAttribute_true_literalComparison_expectedToFail]
################################################################################################################################################
[ReportManager] Element Action [Type] successfully performed. With the following test data [Automation!@#$%^&*()_+{}[]\';/.,]. @17-09-2021 01:57:58.0690 AM
[ReportManager] Element Action [GetText] successfully performed. With the following test data [Automation!@#$%^&*()_+{}[]\';/.,]. @17-09-2021 01:57:58.0798 AM
[ReportManager] Loaded Shared OpenCV @17-09-2021 01:57:58.0965 AM
[ReportManager] Assertion [ValidateElementAttribute] FAILED. Expected [Value Should be 'Automation' for the 'text' attribute, element locator 'By.name: q'] and Actual [Automation!@#$%^&*()_+{}[]\';/.,]. Comparison Type [EQUALS]. Validation Type [POSITIVE]. @17-09-2021 01:57:59.0068 AM
[ReportManager] Successfully created attachment [Screenshot - 1631843878964_assertElementAttribute_true_literalComparison_expectedToFail_ValidateElementAttribute_failed] @17-09-2021 01:57:59.0070 A
[ReportManager] Browser Action [CloseCurrentWindow] successfully performed. @17-09-2021 01:57:59.0214 AM
[ReportManager] Successfully created attachment [Browser Action Test Data - CloseCurrentWindow - Actual Value] @17-09-2021 01:57:59.0215 A
[ReportManager] File Action [GetAbsolutePath] successfully performed. With the following test data [Relative Folder Path: "target/downloadedFiles/"]. @17-09-2021 01:57:59.0221 AM
[ReportManager] Attempting to run remotely on: [Linux-64], [GoogleChrome], [http://localhost:4444/wd/hub], Headless Execution. @17-09-2021 01:57:59.0221 AM
[ReportManager] Successfully Opened [GoogleChrome]. @17-09-2021 01:57:59.0414 AM
[ReportManager] Target URL: [https://www.google.com/ncr], and after redirection: [www.google.com] @17-09-2021 01:57:59.0430 AM
[ReportManager] Initial URL: [data:,] @17-09-2021 01:57:59.0473 AM
[ReportManager] Browser Action [NavigateToURL] successfully performed. With the following test data [https://www.google.com/ncr]. @17-09-2021 01:58:00.0256 A

################################################################################################################################################
Starting Execution:	[22 out of 143] test cases in the current suite
Test Method:		[unitTests.tests_validations_assertions.assertElementAttribute_true_literalComparison_expectedToPass]
################################################################################################################################################
[ReportManager] Element Action [Type] successfully performed. With the following test data [Automation!@#$%^&*()_+{}[]\';/.,]. @17-09-2021 01:58:00.0696 AM
[ReportManager] Element Action [GetText] successfully performed. With the following test data [Automation!@#$%^&*()_+{}[]\';/.,]. @17-09-2021 01:58:00.0802 AM
[ReportManager] Loaded Shared OpenCV @17-09-2021 01:58:00.0945 AM
[ReportManager] Assertion [ValidateElementAttribute] PASSED. Expected [Value Should be 'Automation!@#$%^&*()_+{}[]\';/.,' for the 'text' attribute, element locator 'By.name: q'] and Actual [Automation!@#$%^&*()_+{}[]\';/.,]. Comparison Type [EQUALS]. Validation Type [POSITIVE]. @17-09-2021 01:58:01.0032 AM
[ReportManager] Successfully created attachment [Screenshot - 1631843880944_assertElementAttribute_true_literalComparison_expectedToPass_ValidateElementAttribute_passed] @17-09-2021 01:58:01.0034 A
[ReportManager] Browser Action [CloseCurrentWindow] successfully performed. @17-09-2021 01:58:01.0163 AM
[ReportManager] Successfully created attachment [Browser Action Test Data - CloseCurrentWindow - Actual Value] @17-09-2021 01:58:01.0165 A
[ReportManager] File Action [GetAbsolutePath] successfully performed. With the following test data [Relative Folder Path: "target/downloadedFiles/"]. @17-09-2021 01:58:01.0170 AM
[ReportManager] Attempting to run remotely on: [Linux-64], [GoogleChrome], [http://localhost:4444/wd/hub], Headless Execution. @17-09-2021 01:58:01.0170 AM
[ReportManager] Successfully Opened [GoogleChrome]. @17-09-2021 01:58:01.0451 AM
[ReportManager] Target URL: [https://www.google.com/ncr], and after redirection: [www.google.com] @17-09-2021 01:58:01.0462 AM
[ReportManager] Initial URL: [data:,] @17-09-2021 01:58:01.0506 AM
[ReportManager] Browser Action [NavigateToURL] successfully performed. With the following test data [https://www.google.com/ncr]. @17-09-2021 01:58:02.0315 A

################################################################################################################################################
Starting Execution:	[23 out of 143] test cases in the current suite
Test Method:		[unitTests.tests_validations_assertions.assertElementAttribute_true_regexComparison_expectedToFail]
################################################################################################################################################
[ReportManager] Element Action [Type] successfully performed. With the following test data [Automation123]. @17-09-2021 01:58:02.0648 AM
[ReportManager] Element Action [GetText] successfully performed. With the following test data [Automation123]. @17-09-2021 01:58:02.0766 AM
[ReportManager] Loaded Shared OpenCV @17-09-2021 01:58:02.0922 AM
[ReportManager] Assertion [ValidateElementAttribute] FAILED. Expected [Value Should be 'Automation' for the 'text' attribute, element locator 'By.name: q'] and Actual [Automation123]. Comparison Type [MATCHES]. Validation Type [POSITIVE]. @17-09-2021 01:58:03.0002 AM
[ReportManager] Successfully created attachment [Screenshot - 1631843882922_assertElementAttribute_true_regexComparison_expectedToFail_ValidateElementAttribute_failed] @17-09-2021 01:58:03.0003 A
[ReportManager] Browser Action [CloseCurrentWindow] successfully performed. @17-09-2021 01:58:03.0135 AM
[ReportManager] Successfully created attachment [Browser Action Test Data - CloseCurrentWindow - Actual Value] @17-09-2021 01:58:03.0137 A
[ReportManager] File Action [GetAbsolutePath] successfully performed. With the following test data [Relative Folder Path: "target/downloadedFiles/"]. @17-09-2021 01:58:03.0140 AM
[ReportManager] Attempting to run remotely on: [Linux-64], [GoogleChrome], [http://localhost:4444/wd/hub], Headless Execution. @17-09-2021 01:58:03.0141 AM
[ReportManager] Successfully Opened [GoogleChrome]. @17-09-2021 01:58:03.0333 AM
[ReportManager] Target URL: [https://www.google.com/ncr], and after redirection: [www.google.com] @17-09-2021 01:58:03.0344 AM
[ReportManager] Initial URL: [data:,] @17-09-2021 01:58:03.0388 AM
[ReportManager] Browser Action [NavigateToURL] successfully performed. With the following test data [https://www.google.com/ncr]. @17-09-2021 01:58:04.0196 A

################################################################################################################################################
Starting Execution:	[24 out of 143] test cases in the current suite
Test Method:		[unitTests.tests_validations_assertions.assertElementAttribute_true_regexComparison_expectedToPass]
################################################################################################################################################
[ReportManager] Element Action [Type] successfully performed. With the following test data [Automation123]. @17-09-2021 01:58:04.0544 AM
[ReportManager] Element Action [GetText] successfully performed. With the following test data [Automation123]. @17-09-2021 01:58:04.0646 AM
[ReportManager] Loaded Shared OpenCV @17-09-2021 01:58:04.0809 AM
[ReportManager] Assertion [ValidateElementAttribute] PASSED. Expected [Value Should be 'Automation.*' for the 'text' attribute, element locator 'By.name: q'] and Actual [Automation123]. Comparison Type [MATCHES]. Validation Type [POSITIVE]. @17-09-2021 01:58:04.0883 AM
[ReportManager] Successfully created attachment [Screenshot - 1631843884809_assertElementAttribute_true_regexComparison_expectedToPass_ValidateElementAttribute_passed] @17-09-2021 01:58:04.0884 A
[ReportManager] Browser Action [CloseCurrentWindow] successfully performed. @17-09-2021 01:58:05.0010 AM
[ReportManager] Successfully created attachment [Browser Action Test Data - CloseCurrentWindow - Actual Value] @17-09-2021 01:58:05.0011 A
[ReportManager] File Action [GetAbsolutePath] successfully performed. With the following test data [Relative Folder Path: "target/downloadedFiles/"]. @17-09-2021 01:58:05.0020 AM
[ReportManager] Attempting to run remotely on: [Linux-64], [GoogleChrome], [http://localhost:4444/wd/hub], Headless Execution. @17-09-2021 01:58:05.0020 AM
[ReportManager] Successfully Opened [GoogleChrome]. @17-09-2021 01:58:05.0246 AM
[ReportManager] Target URL: [https://www.google.com/ncr], and after redirection: [www.google.com] @17-09-2021 01:58:05.0257 AM
[ReportManager] Initial URL: [data:,] @17-09-2021 01:58:05.0301 AM
[ReportManager] Browser Action [NavigateToURL] successfully performed. With the following test data [https://www.google.com/ncr]. @17-09-2021 01:58:06.0124 A

################################################################################################################################################
Starting Execution:	[25 out of 143] test cases in the current suite
Test Method:		[unitTests.tests_validations_assertions.assertElementAttribute_type_true_literalComparison_expectedToPass]
################################################################################################################################################
[ReportManager] Element Action [Type] successfully performed. With the following test data [Automation!@#$%^&*()_+{}[]\';/.,]. @17-09-2021 01:58:06.0580 AM
[ReportManager] Element Action [GetText] successfully performed. With the following test data [Automation!@#$%^&*()_+{}[]\';/.,]. @17-09-2021 01:58:06.0678 AM
[ReportManager] Loaded Shared OpenCV @17-09-2021 01:58:06.0853 AM
[ReportManager] Assertion [ValidateElementAttribute] PASSED. Expected [Value Should be 'Automation!@#$%^&*()_+{}[]\';/.,' for the 'text' attribute, element locator 'By.name: q'] and Actual [Automation!@#$%^&*()_+{}[]\';/.,]. Comparison Type [EQUALS]. Validation Type [POSITIVE]. @17-09-2021 01:58:06.0941 AM
[ReportManager] Successfully created attachment [Screenshot - 1631843886853_assertElementAttribute_type_true_literalComparison_expectedToPass_ValidateElementAttribute_passed] @17-09-2021 01:58:06.0942 A
[ReportManager] Browser Action [CloseCurrentWindow] successfully performed. @17-09-2021 01:58:07.0073 AM
[ReportManager] Successfully created attachment [Browser Action Test Data - CloseCurrentWindow - Actual Value] @17-09-2021 01:58:07.0074 A
[ReportManager] File Action [GetAbsolutePath] successfully performed. With the following test data [Relative Folder Path: "target/downloadedFiles/"]. @17-09-2021 01:58:07.0079 AM
[ReportManager] Attempting to run remotely on: [Linux-64], [GoogleChrome], [http://localhost:4444/wd/hub], Headless Execution. @17-09-2021 01:58:07.0081 AM
[ReportManager] Successfully Opened [GoogleChrome]. @17-09-2021 01:58:07.0260 AM
[ReportManager] Target URL: [https://www.google.com/ncr], and after redirection: [www.google.com] @17-09-2021 01:58:07.0270 AM
[ReportManager] Initial URL: [data:,] @17-09-2021 01:58:07.0310 AM
[ReportManager] Browser Action [NavigateToURL] successfully performed. With the following test data [https://www.google.com/ncr]. @17-09-2021 01:58:08.0328 A

################################################################################################################################################
Starting Execution:	[26 out of 143] test cases in the current suite
Test Method:		[unitTests.tests_validations_assertions.assertElementExists_false_expectedToFail]
################################################################################################################################################
[ReportManager] Assertion [ValidateElementExists] PASSED. Expected [Element Should not Exist, locator 'By.id: hplogo'] and Actual [Element Doesn't Exists]. Comparison Type [EQUALS]. Validation Type [NEGATIVE]. @17-09-2021 01:58:18.0748 AM
[ReportManager] Successfully created attachment [Screenshot - 1631843898667_assertElementExists_false_expectedToFail_ValidateElementExists_passed] @17-09-2021 01:58:18.0749 A
[ReportManager] Browser Action [CloseCurrentWindow] successfully performed. @17-09-2021 01:58:18.0884 AM
[ReportManager] Successfully created attachment [Browser Action Test Data - CloseCurrentWindow - Actual Value] @17-09-2021 01:58:18.0885 A
[ReportManager] File Action [GetAbsolutePath] successfully performed. With the following test data [Relative Folder Path: "target/downloadedFiles/"]. @17-09-2021 01:58:18.0888 AM
[ReportManager] Attempting to run remotely on: [Linux-64], [GoogleChrome], [http://localhost:4444/wd/hub], Headless Execution. @17-09-2021 01:58:18.0888 AM
[ReportManager] Successfully Opened [GoogleChrome]. @17-09-2021 01:58:19.0105 AM
[ReportManager] Target URL: [https://www.google.com/ncr], and after redirection: [www.google.com] @17-09-2021 01:58:19.0116 AM
[ReportManager] Initial URL: [data:,] @17-09-2021 01:58:19.0157 AM
[ReportManager] Browser Action [NavigateToURL] successfully performed. With the following test data [https://www.google.com/ncr]. @17-09-2021 01:58:19.0953 A

################################################################################################################################################
Starting Execution:	[27 out of 143] test cases in the current suite
Test Method:		[unitTests.tests_validations_assertions.assertElementExists_false_expectedToPass]
################################################################################################################################################
[ReportManager] Assertion [ValidateElementExists] PASSED. Expected [Element Should not Exist, locator 'By.id: fakeElement'] and Actual [Element Doesn't Exists]. Comparison Type [EQUALS]. Validation Type [NEGATIVE]. @17-09-2021 01:58:30.0343 AM
[ReportManager] Successfully created attachment [Screenshot - 1631843910281_assertElementExists_false_expectedToPass_ValidateElementExists_passed] @17-09-2021 01:58:30.0343 A
[ReportManager] Browser Action [CloseCurrentWindow] successfully performed. @17-09-2021 01:58:30.0470 AM
[ReportManager] Successfully created attachment [Browser Action Test Data - CloseCurrentWindow - Actual Value] @17-09-2021 01:58:30.0478 A
[ReportManager] File Action [GetAbsolutePath] successfully performed. With the following test data [Relative Folder Path: "target/downloadedFiles/"]. @17-09-2021 01:58:30.0481 AM
[ReportManager] Attempting to run remotely on: [Linux-64], [GoogleChrome], [http://localhost:4444/wd/hub], Headless Execution. @17-09-2021 01:58:30.0482 AM
[ReportManager] Successfully Opened [GoogleChrome]. @17-09-2021 01:58:30.0681 AM
[ReportManager] Target URL: [https://www.google.com/ncr], and after redirection: [www.google.com] @17-09-2021 01:58:30.0697 AM
[ReportManager] Initial URL: [data:,] @17-09-2021 01:58:30.0749 AM
[ReportManager] Browser Action [NavigateToURL] successfully performed. With the following test data [https://www.google.com/ncr]. @17-09-2021 01:58:31.0548 A

################################################################################################################################################
Starting Execution:	[28 out of 143] test cases in the current suite
Test Method:		[unitTests.tests_validations_assertions.assertElementExists_false_multipleElementsFound_expectedToFail]
################################################################################################################################################
[ReportManager] Assertion [ValidateElementExists] FAILED. Expected [Element Should not Exist, locator 'By.xpath: //div'] and Actual [Element Exists but is not unique]. Comparison Type [EQUALS]. Validation Type [NEGATIVE]. @17-09-2021 01:58:31.0794 AM
[ReportManager] Successfully created attachment [Screenshot - 1631843911732_assertElementExists_false_multipleElementsFound_expectedToFail_ValidateElementExists_failed] @17-09-2021 01:58:31.0794 A
[ReportManager] Browser Action [CloseCurrentWindow] successfully performed. @17-09-2021 01:58:31.0925 AM
[ReportManager] Successfully created attachment [Browser Action Test Data - CloseCurrentWindow - Actual Value] @17-09-2021 01:58:31.0927 A
[ReportManager] File Action [GetAbsolutePath] successfully performed. With the following test data [Relative Folder Path: "target/downloadedFiles/"]. @17-09-2021 01:58:31.0931 AM
[ReportManager] Attempting to run remotely on: [Linux-64], [GoogleChrome], [http://localhost:4444/wd/hub], Headless Execution. @17-09-2021 01:58:31.0932 AM
[ReportManager] Successfully Opened [GoogleChrome]. @17-09-2021 01:58:32.0162 AM
[ReportManager] Target URL: [https://www.google.com/ncr], and after redirection: [www.google.com] @17-09-2021 01:58:32.0180 AM
[ReportManager] Initial URL: [data:,] @17-09-2021 01:58:32.0220 AM
[ReportManager] Browser Action [NavigateToURL] successfully performed. With the following test data [https://www.google.com/ncr]. @17-09-2021 01:58:33.0044 A

################################################################################################################################################
Starting Execution:	[29 out of 143] test cases in the current suite
Test Method:		[unitTests.tests_validations_assertions.assertElementExists_true_expectedToFail]
################################################################################################################################################
[ReportManager] Assertion [ValidateElementExists] FAILED. Expected [Element Should Exist, locator 'By.id: fakeElement'] and Actual [Element Doesn't Exists]. Comparison Type [EQUALS]. Validation Type [POSITIVE]. @17-09-2021 01:59:03.0739 AM
[ReportManager] Successfully created attachment [Screenshot - 1631843943679_assertElementExists_true_expectedToFail_ValidateElementExists_failed] @17-09-2021 01:59:03.0740 A
[ReportManager] Browser Action [CloseCurrentWindow] successfully performed. @17-09-2021 01:59:03.0860 AM
[ReportManager] Successfully created attachment [Browser Action Test Data - CloseCurrentWindow - Actual Value] @17-09-2021 01:59:03.0861 A
[ReportManager] File Action [GetAbsolutePath] successfully performed. With the following test data [Relative Folder Path: "target/downloadedFiles/"]. @17-09-2021 01:59:03.0865 AM
[ReportManager] Attempting to run remotely on: [Linux-64], [GoogleChrome], [http://localhost:4444/wd/hub], Headless Execution. @17-09-2021 01:59:03.0865 AM
[ReportManager] Successfully Opened [GoogleChrome]. @17-09-2021 01:59:04.0049 AM
[ReportManager] Target URL: [https://www.google.com/ncr], and after redirection: [www.google.com] @17-09-2021 01:59:04.0068 AM
[ReportManager] Initial URL: [data:,] @17-09-2021 01:59:04.0105 AM
[ReportManager] Browser Action [NavigateToURL] successfully performed. With the following test data [https://www.google.com/ncr]. @17-09-2021 01:59:04.0899 A

################################################################################################################################################
Starting Execution:	[30 out of 143] test cases in the current suite
Test Method:		[unitTests.tests_validations_assertions.assertElementExists_true_expectedToPass]
################################################################################################################################################
[ReportManager] Loaded Shared OpenCV @17-09-2021 01:59:05.0096 AM
[ReportManager] Assertion [ValidateElementExists] PASSED. Expected [Element Should Exist, locator 'By.xpath: //*[@id='hplogo' or @alt='Google']'] and Actual [Element Exists]. Comparison Type [EQUALS]. Validation Type [POSITIVE]. @17-09-2021 01:59:05.0176 AM
[ReportManager] Successfully created attachment [Screenshot - 1631843945096_assertElementExists_true_expectedToPass_ValidateElementExists_passed] @17-09-2021 01:59:05.0177 A
[ReportManager] Browser Action [CloseCurrentWindow] successfully performed. @17-09-2021 01:59:05.0297 AM
[ReportManager] Successfully created attachment [Browser Action Test Data - CloseCurrentWindow - Actual Value] @17-09-2021 01:59:05.0298 A
[ReportManager] File Action [GetAbsolutePath] successfully performed. With the following test data [Relative Folder Path: "target/downloadedFiles/"]. @17-09-2021 01:59:05.0302 AM
[ReportManager] Attempting to run remotely on: [Linux-64], [GoogleChrome], [http://localhost:4444/wd/hub], Headless Execution. @17-09-2021 01:59:05.0302 AM
[ReportManager] Successfully Opened [GoogleChrome]. @17-09-2021 01:59:05.0493 AM
[ReportManager] Target URL: [https://www.google.com/ncr], and after redirection: [www.google.com] @17-09-2021 01:59:05.0505 AM
[ReportManager] Initial URL: [data:,] @17-09-2021 01:59:05.0544 AM
[ReportManager] Browser Action [NavigateToURL] successfully performed. With the following test data [https://www.google.com/ncr]. @17-09-2021 01:59:06.0308 A

################################################################################################################################################
Starting Execution:	[31 out of 143] test cases in the current suite
Test Method:		[unitTests.tests_validations_assertions.assertElementExists_true_multipleElementsFound_expectedToFail]
################################################################################################################################################
[ReportManager] Assertion [ValidateElementExists] FAILED. Expected [Element Should Exist, locator 'By.xpath: //div'] and Actual [Element Exists but is not unique]. Comparison Type [EQUALS]. Validation Type [POSITIVE]. @17-09-2021 01:59:06.0540 AM
[ReportManager] Successfully created attachment [Screenshot - 1631843946478_assertElementExists_true_multipleElementsFound_expectedToFail_ValidateElementExists_failed] @17-09-2021 01:59:06.0541 A
[ReportManager] Browser Action [CloseCurrentWindow] successfully performed. @17-09-2021 01:59:06.0660 AM
[ReportManager] Successfully created attachment [Browser Action Test Data - CloseCurrentWindow - Actual Value] @17-09-2021 01:59:06.0661 A

################################################################################################################################################
Starting Execution:	[32 out of 143] test cases in the current suite
Test Method:		[unitTests.tests_validations_assertions.assertEquals_false_expectedToFail]
################################################################################################################################################
[ReportManager] Assertion [ValidateEquals] FAILED. Expected [1] and Actual [1]. Comparison Type [EQUALS]. Validation Type [NEGATIVE]. @17-09-2021 01:59:06.0667 A

################################################################################################################################################
Starting Execution:	[33 out of 143] test cases in the current suite
Test Method:		[unitTests.tests_validations_assertions.assertEquals_false_expectedToPass]
################################################################################################################################################
[ReportManager] Assertion [ValidateEquals] PASSED. Expected [1] and Actual [2]. Comparison Type [EQUALS]. Validation Type [NEGATIVE]. @17-09-2021 01:59:06.0673 A

################################################################################################################################################
Starting Execution:	[34 out of 143] test cases in the current suite
Test Method:		[unitTests.tests_validations_assertions.assertEquals_longCharacters]
################################################################################################################################################
[ReportManager] Verification [ValidateEquals] PASSED. Expected and Actual values are attached. Comparison Type [EQUALS]. Validation Type [POSITIVE]. @17-09-2021 01:59:06.0679 AM
[ReportManager] Successfully created attachment [Validation Test Data - Expected Value] @17-09-2021 01:59:06.0680 AM
[ReportManager] Successfully created attachment [Validation Test Data - Actual Value] @17-09-2021 01:59:06.0680 AM
[ReportManager] Assertion [ValidateEquals] PASSED. Expected and Actual values are attached. Comparison Type [EQUALS]. Validation Type [POSITIVE]. @17-09-2021 01:59:06.0680 AM
[ReportManager] Successfully created attachment [Validation Test Data - Expected Value] @17-09-2021 01:59:06.0680 AM
[ReportManager] Successfully created attachment [Validation Test Data - Actual Value] @17-09-2021 01:59:06.0681 A

################################################################################################################################################
Starting Execution:	[35 out of 143] test cases in the current suite
Test Method:		[unitTests.tests_validations_assertions.assertEquals_longCharacters_Discreet]
################################################################################################################################################
[ReportManager] Assertion [ValidateEquals] PASSED. Expected [1LH5pROcDBjjQk0t0mCr0lXuzQu9lcGj28kY8R1H81X67eVAQJgWQhILiRWVPUgZ6uCtK5cnBkF55Jr9vYngjGO1Iyf0Mktv6lruDlL9T8MAUPcUZJGHZtji6nIeadujDSNmWMj5d6C8zlFqw0CRqBU0hO5adIasHgBSNoLotAjce3NGXoDwAlp3rYreeV16VIyZXROQY] and Actual [1LH5pROcDBjjQk0t0mCr0lXuzQu9lcGj28kY8R1H81X67eVAQJgWQhILiRWVPUgZ6uCtK5cnBkF55Jr9vYngjGO1Iyf0Mktv6lruDlL9T8MAUPcUZJGHZtji6nIeadujDSNmWMj5d6C8zlFqw0CRqBU0hO5adIasHgBSNoLotAjce3NGXoDwAlp3rYreeV16VIyZXROQY]. Comparison Type [EQUALS]. Validation Type [POSITIVE]. @17-09-2021 01:59:06.0686 A

################################################################################################################################################
Starting Execution:	[36 out of 143] test cases in the current suite
Test Method:		[unitTests.tests_validations_assertions.assertEquals_true_expectedToFail]
################################################################################################################################################
[ReportManager] Assertion [ValidateEquals] FAILED. Expected [1] and Actual [2]. Comparison Type [EQUALS]. Validation Type [POSITIVE]. @17-09-2021 01:59:06.0694 A

################################################################################################################################################
Starting Execution:	[37 out of 143] test cases in the current suite
Test Method:		[unitTests.tests_validations_assertions.assertEquals_true_expectedToPass]
Test Description:	[Assert that assertEquals works as expected when the two values are equal.]
################################################################################################################################################
[ReportManager] Verification [ValidateEquals] PASSED. Expected [1] and Actual [1]. Comparison Type [EQUALS]. Validation Type [POSITIVE]. @17-09-2021 01:59:06.0703 AM
[ReportManager] Assertion [ValidateEquals] PASSED. Expected [1] and Actual [1]. Comparison Type [EQUALS]. Validation Type [POSITIVE]. @17-09-2021 01:59:06.0703 A

################################################################################################################################################
Starting Execution:	[38 out of 143] test cases in the current suite
Test Method:		[unitTests.tests_validations_assertions.assertEquals_true_expectedToPass__]
################################################################################################################################################
[ReportManager] Assertion [ValidateEquals] PASSED. Expected [1] and Actual [1]. Comparison Type [EQUALS]. Validation Type [POSITIVE]. @17-09-2021 01:59:06.0705 A

################################################################################################################################################
Starting Execution:	[39 out of 143] test cases in the current suite
Test Method:		[unitTests.tests_validations_assertions.assertFileExists_false_expectedToFail]
################################################################################################################################################
[ReportManager] File Action [DoesFileExist] successfully performed. With the following test data [File Path: "src/main/java/com/shaft/gui/element/ElementActions.java"]. @17-09-2021 01:59:06.0710 AM
[ReportManager] Assertion [ValidateFileExists] FAILED. Expected [File 'src/main/java/com/shaft/gui/element/ElementActions.java' should not exist, after up to '1' retries] and Actual [File exists]. Validation Type [NEGATIVE]. @17-09-2021 01:59:06.0714 A

################################################################################################################################################
Starting Execution:	[40 out of 143] test cases in the current suite
Test Method:		[unitTests.tests_validations_assertions.assertFileExists_false_expectedToPass]
################################################################################################################################################
[ReportManager] File Action [DoesFileExist] successfully performed. With the following test data [File Path: "src/main/java/com/shaft/gui/element/ElementActions.java_fail"]. @17-09-2021 01:59:07.0219 AM
[ReportManager] Assertion [ValidateFileExists] PASSED. Expected [File 'src/main/java/com/shaft/gui/element/ElementActions.java_fail' should not exist, after up to '1' retries] and Actual [File does not exist]. Validation Type [NEGATIVE]. @17-09-2021 01:59:07.0219 A

################################################################################################################################################
Starting Execution:	[41 out of 143] test cases in the current suite
Test Method:		[unitTests.tests_validations_assertions.assertFileExists_true_expectedToFail]
################################################################################################################################################
[ReportManager] File Action [DoesFileExist] successfully performed. With the following test data [File Path: "src/main/java/com/shaft/gui/element/ElementActions.java_fail"]. @17-09-2021 01:59:07.0726 AM
[ReportManager] Assertion [ValidateFileExists] FAILED. Expected [File 'src/main/java/com/shaft/gui/element/ElementActions.java_fail' should exist, after up to '1' retries] and Actual [File does not exist]. Validation Type [POSITIVE]. @17-09-2021 01:59:07.0726 A

################################################################################################################################################
Starting Execution:	[42 out of 143] test cases in the current suite
Test Method:		[unitTests.tests_validations_assertions.assertFileExists_true_expectedToPass]
################################################################################################################################################
[ReportManager] File Action [DoesFileExist] successfully performed. With the following test data [File Path: "src/main/java/com/shaft/gui/element/ElementActions.java"]. @17-09-2021 01:59:07.0731 AM
[ReportManager] Assertion [ValidateFileExists] PASSED. Expected [File 'src/main/java/com/shaft/gui/element/ElementActions.java' should exist, after up to '1' retries] and Actual [File exists]. Validation Type [POSITIVE]. @17-09-2021 01:59:07.0733 A

################################################################################################################################################
Starting Execution:	[43 out of 143] test cases in the current suite
Test Method:		[unitTests.tests_validations_assertions.assertNull_false_expectedToFail]
################################################################################################################################################
[ReportManager] Assertion [ValidateNull] FAILED. Expected [NULL] and Actual [NULL]. Comparison Type [EQUALS]. Validation Type [NEGATIVE]. @17-09-2021 01:59:07.0738 A

################################################################################################################################################
Starting Execution:	[44 out of 143] test cases in the current suite
Test Method:		[unitTests.tests_validations_assertions.assertNull_false_expectedToPass]
################################################################################################################################################
[ReportManager] Assertion [ValidateNull] PASSED. Expected [NULL] and Actual [1]. Comparison Type [EQUALS]. Validation Type [NEGATIVE]. @17-09-2021 01:59:07.0741 A

################################################################################################################################################
Starting Execution:	[45 out of 143] test cases in the current suite
Test Method:		[unitTests.tests_validations_assertions.assertNull_true_expectedToFail]
################################################################################################################################################
[ReportManager] Assertion [ValidateNull] FAILED. Expected [NULL] and Actual [1]. Comparison Type [EQUALS]. Validation Type [POSITIVE]. @17-09-2021 01:59:07.0744 A

################################################################################################################################################
Starting Execution:	[46 out of 143] test cases in the current suite
Test Method:		[unitTests.tests_validations_assertions.assertNull_true_expectedToPass]
################################################################################################################################################
[ReportManager] Assertion [ValidateNull] PASSED. Expected [NULL] and Actual [NULL]. Comparison Type [EQUALS]. Validation Type [POSITIVE]. @17-09-2021 01:59:07.0749 A

################################################################################################################################################
Starting Execution:	[47 out of 143] test cases in the current suite
Test Method:		[unitTests.tests_restActions.getPostsAndAssertBodyForSpecificTitle]
################################################################################################################################################
[ReportManager] Response status code: [200], status line: [HTTP/1.1 200 OK] @17-09-2021 01:59:10.0126 AM
[ReportManager] Assertion Passed: Evaluating the actual response status code against the expected one... @17-09-2021 01:59:10.0127 AM
[ReportManager] Assertion [ValidateEquals] PASSED. Expected [200] and Actual [200]. Comparison Type [EQUALS]. Validation Type [POSITIVE]. @17-09-2021 01:59:10.0127 AM
[ReportManager] API Action [PerformRequest] successfully performed. With the following test data [Request Type: "GET" | Target Status Code: "200" | Service URL: "https://jsonplaceholder.typicode.com/posts" | Content Type: "*/*" | Response Time: "903ms"]. @17-09-2021 01:59:11.0258 AM
[ReportManager] Successfully created attachment [API Request - Specifications] @17-09-2021 01:59:11.0259 AM
[ReportManager] Successfully created attachment [API Response - JSON Body] @17-09-2021 01:59:11.0558 AM
[ReportManager] API Action [GetResponseJSONValueAsList] successfully performed. @17-09-2021 01:59:11.0595 AM
[ReportManager] API Action [GetResponseJSONValue] successfully performed. With the following test data [title]. @17-09-2021 01:59:11.0620 AM
[ReportManager] API Action [GetResponseJSONValue] successfully performed. With the following test data [title]. @17-09-2021 01:59:11.0643 AM
[ReportManager] API Action [GetResponseJSONValue] successfully performed. With the following test data [body]. @17-09-2021 01:59:11.0665 AM
[ReportManager] Assertion [ValidateEquals] PASSED. Expected [qui neque nisi nulla] and Actual [est rerum tempore vitae
sequi sint nihil reprehenderit dolor beatae ea dolores neque
fugiat blanditiis voluptate porro vel nihil molestiae ut reiciendis
qui aperiam non debitis possimus qui neque nisi nulla]. Comparison Type [CONTAINS]. Validation Type [POSITIVE]. @17-09-2021 01:59:11.0665 AM
[ReportManager] API Action [GetResponseJSONValue] successfully performed. With the following test data [title]. @17-09-2021 01:59:11.0681 AM
[ReportManager] API Action [GetResponseJSONValue] successfully performed. With the following test data [title]. @17-09-2021 01:59:11.0694 AM
[ReportManager] API Action [GetResponseJSONValue] successfully performed. With the following test data [title]. @17-09-2021 01:59:11.0708 AM
[ReportManager] API Action [GetResponseJSONValue] successfully performed. With the following test data [title]. @17-09-2021 01:59:11.0723 AM
[ReportManager] API Action [GetResponseJSONValue] successfully performed. With the following test data [title]. @17-09-2021 01:59:11.0761 AM
[ReportManager] API Action [GetResponseJSONValue] successfully performed. With the following test data [title]. @17-09-2021 01:59:11.0782 AM
[ReportManager] API Action [GetResponseJSONValue] successfully performed. With the following test data [title]. @17-09-2021 01:59:11.0799 AM
[ReportManager] API Action [GetResponseJSONValue] successfully performed. With the following test data [title]. @17-09-2021 01:59:11.0811 AM
[ReportManager] API Action [GetResponseJSONValue] successfully performed. With the following test data [title]. @17-09-2021 01:59:11.0827 AM
[ReportManager] API Action [GetResponseJSONValue] successfully performed. With the following test data [title]. @17-09-2021 01:59:11.0840 AM
[ReportManager] API Action [GetResponseJSONValue] successfully performed. With the following test data [title]. @17-09-2021 01:59:11.0862 AM
[ReportManager] API Action [GetResponseJSONValue] successfully performed. With the following test data [title]. @17-09-2021 01:59:11.0882 AM
[ReportManager] API Action [GetResponseJSONValue] successfully performed. With the following test data [title]. @17-09-2021 01:59:11.0894 AM
[ReportManager] API Action [GetResponseJSONValue] successfully performed. With the following test data [title]. @17-09-2021 01:59:11.0908 AM
[ReportManager] API Action [GetResponseJSONValue] successfully performed. With the following test data [title]. @17-09-2021 01:59:11.0927 AM
[ReportManager] API Action [GetResponseJSONValue] successfully performed. With the following test data [title]. @17-09-2021 01:59:11.0943 AM
[ReportManager] API Action [GetResponseJSONValue] successfully performed. With the following test data [title]. @17-09-2021 01:59:11.0955 AM
[ReportManager] API Action [GetResponseJSONValue] successfully performed. With the following test data [title]. @17-09-2021 01:59:11.0968 AM
[ReportManager] API Action [GetResponseJSONValue] successfully performed. With the following test data [title]. @17-09-2021 01:59:11.0977 AM
[ReportManager] API Action [GetResponseJSONValue] successfully performed. With the following test data [title]. @17-09-2021 01:59:11.0996 AM
[ReportManager] API Action [GetResponseJSONValue] successfully performed. With the following test data [title]. @17-09-2021 01:59:12.0006 AM
[ReportManager] API Action [GetResponseJSONValue] successfully performed. With the following test data [title]. @17-09-2021 01:59:12.0026 AM
[ReportManager] API Action [GetResponseJSONValue] successfully performed. With the following test data [title]. @17-09-2021 01:59:12.0036 AM
[ReportManager] API Action [GetResponseJSONValue] successfully performed. With the following test data [title]. @17-09-2021 01:59:12.0046 AM
[ReportManager] API Action [GetResponseJSONValue] successfully performed. With the following test data [title]. @17-09-2021 01:59:12.0060 AM
[ReportManager] API Action [GetResponseJSONValue] successfully performed. With the following test data [title]. @17-09-2021 01:59:12.0071 AM
[ReportManager] API Action [GetResponseJSONValue] successfully performed. With the following test data [title]. @17-09-2021 01:59:12.0086 AM
[ReportManager] API Action [GetResponseJSONValue] successfully performed. With the following test data [title]. @17-09-2021 01:59:12.0104 AM
[ReportManager] API Action [GetResponseJSONValue] successfully performed. With the following test data [title]. @17-09-2021 01:59:12.0116 AM
[ReportManager] API Action [GetResponseJSONValue] successfully performed. With the following test data [title]. @17-09-2021 01:59:12.0124 AM
[ReportManager] API Action [GetResponseJSONValue] successfully performed. With the following test data [title]. @17-09-2021 01:59:12.0134 AM
[ReportManager] API Action [GetResponseJSONValue] successfully performed. With the following test data [title]. @17-09-2021 01:59:12.0144 AM
[ReportManager] API Action [GetResponseJSONValue] successfully performed. With the following test data [title]. @17-09-2021 01:59:12.0159 AM
[ReportManager] API Action [GetResponseJSONValue] successfully performed. With the following test data [title]. @17-09-2021 01:59:12.0169 AM
[ReportManager] API Action [GetResponseJSONValue] successfully performed. With the following test data [title]. @17-09-2021 01:59:12.0181 AM
[ReportManager] API Action [GetResponseJSONValue] successfully performed. With the following test data [title]. @17-09-2021 01:59:12.0190 AM
[ReportManager] API Action [GetResponseJSONValue] successfully performed. With the following test data [title]. @17-09-2021 01:59:12.0202 AM
[ReportManager] API Action [GetResponseJSONValue] successfully performed. With the following test data [title]. @17-09-2021 01:59:12.0212 AM
[ReportManager] API Action [GetResponseJSONValue] successfully performed. With the following test data [title]. @17-09-2021 01:59:12.0230 AM
[ReportManager] API Action [GetResponseJSONValue] successfully performed. With the following test data [title]. @17-09-2021 01:59:12.0239 AM
[ReportManager] API Action [GetResponseJSONValue] successfully performed. With the following test data [title]. @17-09-2021 01:59:12.0247 AM
[ReportManager] API Action [GetResponseJSONValue] successfully performed. With the following test data [title]. @17-09-2021 01:59:12.0257 AM
[ReportManager] API Action [GetResponseJSONValue] successfully performed. With the following test data [title]. @17-09-2021 01:59:12.0270 AM
[ReportManager] API Action [GetResponseJSONValue] successfully performed. With the following test data [title]. @17-09-2021 01:59:12.0283 AM
[ReportManager] API Action [GetResponseJSONValue] successfully performed. With the following test data [title]. @17-09-2021 01:59:12.0295 AM
[ReportManager] API Action [GetResponseJSONValue] successfully performed. With the following test data [title]. @17-09-2021 01:59:12.0306 AM
[ReportManager] API Action [GetResponseJSONValue] successfully performed. With the following test data [title]. @17-09-2021 01:59:12.0316 AM
[ReportManager] API Action [GetResponseJSONValue] successfully performed. With the following test data [title]. @17-09-2021 01:59:12.0332 AM
[ReportManager] API Action [GetResponseJSONValue] successfully performed. With the following test data [title]. @17-09-2021 01:59:12.0343 AM
[ReportManager] API Action [GetResponseJSONValue] successfully performed. With the following test data [title]. @17-09-2021 01:59:12.0351 AM
[ReportManager] API Action [GetResponseJSONValue] successfully performed. With the following test data [title]. @17-09-2021 01:59:12.0364 AM
[ReportManager] API Action [GetResponseJSONValue] successfully performed. With the following test data [title]. @17-09-2021 01:59:12.0375 AM
[ReportManager] API Action [GetResponseJSONValue] successfully performed. With the following test data [title]. @17-09-2021 01:59:12.0388 AM
[ReportManager] API Action [GetResponseJSONValue] successfully performed. With the following test data [title]. @17-09-2021 01:59:12.0396 AM
[ReportManager] API Action [GetResponseJSONValue] successfully performed. With the following test data [title]. @17-09-2021 01:59:12.0404 AM
[ReportManager] API Action [GetResponseJSONValue] successfully performed. With the following test data [title]. @17-09-2021 01:59:12.0412 AM
[ReportManager] API Action [GetResponseJSONValue] successfully performed. With the following test data [title]. @17-09-2021 01:59:12.0421 AM
[ReportManager] API Action [GetResponseJSONValue] successfully performed. With the following test data [title]. @17-09-2021 01:59:12.0430 AM
[ReportManager] API Action [GetResponseJSONValue] successfully performed. With the following test data [title]. @17-09-2021 01:59:12.0446 AM
[ReportManager] API Action [GetResponseJSONValue] successfully performed. With the following test data [title]. @17-09-2021 01:59:12.0488 AM
[ReportManager] API Action [GetResponseJSONValue] successfully performed. With the following test data [title]. @17-09-2021 01:59:12.0504 AM
[ReportManager] API Action [GetResponseJSONValue] successfully performed. With the following test data [title]. @17-09-2021 01:59:12.0513 AM
[ReportManager] API Action [GetResponseJSONValue] successfully performed. With the following test data [title]. @17-09-2021 01:59:12.0522 AM
[ReportManager] API Action [GetResponseJSONValue] successfully performed. With the following test data [title]. @17-09-2021 01:59:12.0531 AM
[ReportManager] API Action [GetResponseJSONValue] successfully performed. With the following test data [title]. @17-09-2021 01:59:12.0540 AM
[ReportManager] API Action [GetResponseJSONValue] successfully performed. With the following test data [title]. @17-09-2021 01:59:12.0550 AM
[ReportManager] API Action [GetResponseJSONValue] successfully performed. With the following test data [title]. @17-09-2021 01:59:12.0562 AM
[ReportManager] API Action [GetResponseJSONValue] successfully performed. With the following test data [title]. @17-09-2021 01:59:12.0571 AM
[ReportManager] API Action [GetResponseJSONValue] successfully performed. With the following test data [title]. @17-09-2021 01:59:12.0579 AM
[ReportManager] API Action [GetResponseJSONValue] successfully performed. With the following test data [title]. @17-09-2021 01:59:12.0590 AM
[ReportManager] API Action [GetResponseJSONValue] successfully performed. With the following test data [title]. @17-09-2021 01:59:12.0624 AM
[ReportManager] API Action [GetResponseJSONValue] successfully performed. With the following test data [title]. @17-09-2021 01:59:12.0636 AM
[ReportManager] API Action [GetResponseJSONValue] successfully performed. With the following test data [title]. @17-09-2021 01:59:12.0656 AM
[ReportManager] API Action [GetResponseJSONValue] successfully performed. With the following test data [title]. @17-09-2021 01:59:12.0665 AM
[ReportManager] API Action [GetResponseJSONValue] successfully performed. With the following test data [title]. @17-09-2021 01:59:12.0675 AM
[ReportManager] API Action [GetResponseJSONValue] successfully performed. With the following test data [title]. @17-09-2021 01:59:12.0685 AM
[ReportManager] API Action [GetResponseJSONValue] successfully performed. With the following test data [title]. @17-09-2021 01:59:12.0699 AM
[ReportManager] API Action [GetResponseJSONValue] successfully performed. With the following test data [title]. @17-09-2021 01:59:12.0708 AM
[ReportManager] API Action [GetResponseJSONValue] successfully performed. With the following test data [title]. @17-09-2021 01:59:12.0718 AM
[ReportManager] API Action [GetResponseJSONValue] successfully performed. With the following test data [title]. @17-09-2021 01:59:12.0728 AM
[ReportManager] API Action [GetResponseJSONValue] successfully performed. With the following test data [title]. @17-09-2021 01:59:12.0739 AM
[ReportManager] API Action [GetResponseJSONValue] successfully performed. With the following test data [title]. @17-09-2021 01:59:12.0754 AM
[ReportManager] API Action [GetResponseJSONValue] successfully performed. With the following test data [title]. @17-09-2021 01:59:12.0768 AM
[ReportManager] API Action [GetResponseJSONValue] successfully performed. With the following test data [title]. @17-09-2021 01:59:12.0778 AM
[ReportManager] API Action [GetResponseJSONValue] successfully performed. With the following test data [title]. @17-09-2021 01:59:12.0790 AM
[ReportManager] API Action [GetResponseJSONValue] successfully performed. With the following test data [title]. @17-09-2021 01:59:12.0799 AM
[ReportManager] API Action [GetResponseJSONValue] successfully performed. With the following test data [title]. @17-09-2021 01:59:12.0806 AM
[ReportManager] API Action [GetResponseJSONValue] successfully performed. With the following test data [title]. @17-09-2021 01:59:12.0814 AM
[ReportManager] API Action [GetResponseJSONValue] successfully performed. With the following test data [title]. @17-09-2021 01:59:12.0823 AM
[ReportManager] API Action [GetResponseJSONValue] successfully performed. With the following test data [title]. @17-09-2021 01:59:12.0840 AM
[ReportManager] API Action [GetResponseJSONValue] successfully performed. With the following test data [title]. @17-09-2021 01:59:12.0867 AM
[ReportManager] API Action [GetResponseJSONValue] successfully performed. With the following test data [title]. @17-09-2021 01:59:12.0915 AM
[ReportManager] API Action [GetResponseJSONValue] successfully performed. With the following test data [title]. @17-09-2021 01:59:12.0931 AM
[ReportManager] API Action [GetResponseJSONValue] successfully performed. With the following test data [title]. @17-09-2021 01:59:12.0947 AM
[ReportManager] API Action [GetResponseJSONValue] successfully performed. With the following test data [title]. @17-09-2021 01:59:12.0963 AM
[ReportManager] API Action [GetResponseJSONValue] successfully performed. With the following test data [title]. @17-09-2021 01:59:12.0978 AM
[ReportManager] API Action [GetResponseJSONValue] successfully performed. With the following test data [title]. @17-09-2021 01:59:12.0991 AM
[ReportManager] API Action [GetResponseJSONValue] successfully performed. With the following test data [title]. @17-09-2021 01:59:13.0010 A

################################################################################################################################################
Starting Execution:	[48 out of 143] test cases in the current suite
Test Method:		[unitTests.tests_restActions.validateUserEmail]
################################################################################################################################################
[ReportManager] Response status code: [200], status line: [HTTP/1.1 200 OK] @17-09-2021 01:59:13.0086 AM
[ReportManager] Assertion Passed: Evaluating the actual response status code against the expected one... @17-09-2021 01:59:13.0086 AM
[ReportManager] Assertion [ValidateEquals] PASSED. Expected [200] and Actual [200]. Comparison Type [EQUALS]. Validation Type [POSITIVE]. @17-09-2021 01:59:13.0086 AM
[ReportManager] API Action [PerformRequest] successfully performed. With the following test data [Request Type: "GET" | Target Status Code: "200" | Service URL: "https://jsonplaceholder.typicode.com/users" | Content Type: "*/*" | Response Time: "67ms"]. @17-09-2021 01:59:13.0112 AM
[ReportManager] Successfully created attachment [API Request - Specifications] @17-09-2021 01:59:13.0112 AM
[ReportManager] Successfully created attachment [API Response - JSON Body] @17-09-2021 01:59:13.0118 AM
[ReportManager] Assertion [ValidateEquals] PASSED. Expected and Actual values are attached. Comparison Type [CONTAINS]. Validation Type [POSITIVE]. @17-09-2021 01:59:13.0119 AM
[ReportManager] Successfully created attachment [Validation Test Data - Expected Value] @17-09-2021 01:59:13.0119 AM
[ReportManager] Successfully created attachment [Validation Test Data - Actual Value] @17-09-2021 01:59:13.0119 AM
[ReportManager] API Action [GetResponseJSONValueAsList] successfully performed. With the following test data [$]. @17-09-2021 01:59:13.0123 AM
[ReportManager] API Action [GetResponseJSONValue] successfully performed. With the following test data [name]. @17-09-2021 01:59:13.0133 AM
[ReportManager] API Action [GetResponseJSONValue] successfully performed. With the following test data [email]. @17-09-2021 01:59:13.0143 AM
[ReportManager] Assertion [ValidateEquals] PASSED. Expected [Sincere@april.biz] and Actual [Sincere@april.biz]. Comparison Type [EQUALS]. Validation Type [POSITIVE]. @17-09-2021 01:59:13.0143 AM
[ReportManager] API Action [GetResponseJSONValue] successfully performed. With the following test data [name]. @17-09-2021 01:59:13.0152 AM
[ReportManager] API Action [GetResponseJSONValue] successfully performed. With the following test data [name]. @17-09-2021 01:59:13.0162 AM
[ReportManager] API Action [GetResponseJSONValue] successfully performed. With the following test data [name]. @17-09-2021 01:59:13.0175 AM
[ReportManager] API Action [GetResponseJSONValue] successfully performed. With the following test data [name]. @17-09-2021 01:59:13.0185 AM
[ReportManager] API Action [GetResponseJSONValue] successfully performed. With the following test data [name]. @17-09-2021 01:59:13.0193 AM
[ReportManager] API Action [GetResponseJSONValue] successfully performed. With the following test data [name]. @17-09-2021 01:59:13.0201 AM
[ReportManager] API Action [GetResponseJSONValue] successfully performed. With the following test data [name]. @17-09-2021 01:59:13.0210 AM
[ReportManager] API Action [GetResponseJSONValue] successfully performed. With the following test data [name]. @17-09-2021 01:59:13.0218 AM
[ReportManager] API Action [GetResponseJSONValue] successfully performed. With the following test data [name]. @17-09-2021 01:59:13.0228 A
[ReportManager] File Action [GetAbsolutePath] successfully performed. With the following test data [Relative Folder Path: "target/downloadedFiles/"]. @17-09-2021 01:59:13.0239 AM
[ReportManager] Attempting to run remotely on: [Linux-64], [GoogleChrome], [http://localhost:4444/wd/hub], Headless Execution. @17-09-2021 01:59:13.0239 AM
[ReportManager] Successfully Opened [GoogleChrome]. @17-09-2021 01:59:13.0566 A

################################################################################################################################################
Starting Execution:	[49 out of 143] test cases in the current suite
Test Method:		[unitTests.tests_element_elementActions.waitForElementToBePresent_false_expectedToFail]
################################################################################################################################################
[ReportManager] Target URL: [https://www.google.com/ncr], and after redirection: [www.google.com] @17-09-2021 01:59:13.0581 AM
[ReportManager] Initial URL: [data:,] @17-09-2021 01:59:13.0665 AM
[ReportManager] Browser Action [NavigateToURL] successfully performed. With the following test data [https://www.google.com/ncr]. @17-09-2021 01:59:14.0524 AM
[ReportManager] Waiting for element to be present; elementLocator [By.xpath: //*[@id='hplogo' or @alt='Google']], numberOfTries[1], stateOfPresence[false]... @17-09-2021 01:59:14.0526 AM
[ReportManager] Element Action [WaitForElementToBePresent] failed. With the following test data [waited for the element's state of presence to be (false). Element locator (By.xpath: //*[@id='hplogo' or @alt='Google'])]. @17-09-2021 01:59:14.0788 AM
[ReportManager] Successfully created attachment [Screenshot - 1631843954646_waitForElementToBePresent_false_expectedToFail_WaitForElementToBePresent_failed] @17-09-2021 01:59:14.0790 A
[ReportManager] Browser Action [CloseCurrentWindow] successfully performed. @17-09-2021 01:59:14.0939 AM
[ReportManager] Successfully created attachment [Browser Action Test Data - CloseCurrentWindow - Actual Value] @17-09-2021 01:59:14.0940 A
[ReportManager] File Action [GetAbsolutePath] successfully performed. With the following test data [Relative Folder Path: "target/downloadedFiles/"]. @17-09-2021 01:59:14.0945 AM
[ReportManager] Attempting to run remotely on: [Linux-64], [GoogleChrome], [http://localhost:4444/wd/hub], Headless Execution. @17-09-2021 01:59:14.0947 AM
[ReportManager] Successfully Opened [GoogleChrome]. @17-09-2021 01:59:15.0163 A

################################################################################################################################################
Starting Execution:	[50 out of 143] test cases in the current suite
Test Method:		[unitTests.tests_element_elementActions.waitForElementToBePresent_false_expectedToPass]
################################################################################################################################################
[ReportManager] Target URL: [https://www.google.com/ncr], and after redirection: [www.google.com] @17-09-2021 01:59:15.0187 AM
[ReportManager] Initial URL: [data:,] @17-09-2021 01:59:15.0230 AM
[ReportManager] Browser Action [NavigateToURL] successfully performed. With the following test data [https://www.google.com/ncr]. @17-09-2021 01:59:16.0032 AM
[ReportManager] Waiting for element to be present; elementLocator [By.id: bla], numberOfTries[1], stateOfPresence[false]... @17-09-2021 01:59:16.0032 AM
[ReportManager] Element Action [WaitForElementToBePresent] successfully performed. With the following test data [waited for the element's state of presence to be (false). Element locator (By.id: bla)]. @17-09-2021 01:59:21.0160 A
[ReportManager] Browser Action [CloseCurrentWindow] successfully performed. @17-09-2021 01:59:21.0286 AM
[ReportManager] Successfully created attachment [Browser Action Test Data - CloseCurrentWindow - Actual Value] @17-09-2021 01:59:21.0287 A
[ReportManager] File Action [GetAbsolutePath] successfully performed. With the following test data [Relative Folder Path: "target/downloadedFiles/"]. @17-09-2021 01:59:21.0290 AM
[ReportManager] Attempting to run remotely on: [Linux-64], [GoogleChrome], [http://localhost:4444/wd/hub], Headless Execution. @17-09-2021 01:59:21.0290 AM
[ReportManager] Successfully Opened [GoogleChrome]. @17-09-2021 01:59:21.0500 A

################################################################################################################################################
Starting Execution:	[51 out of 143] test cases in the current suite
Test Method:		[unitTests.tests_element_elementActions.waitForElementToBePresent_moreThanOneElement_expectedToFail]
################################################################################################################################################
[ReportManager] Target URL: [https://www.google.com/ncr], and after redirection: [www.google.com] @17-09-2021 01:59:21.0517 AM
[ReportManager] Initial URL: [data:,] @17-09-2021 01:59:21.0571 AM
[ReportManager] Browser Action [NavigateToURL] successfully performed. With the following test data [https://www.google.com/ncr]. @17-09-2021 01:59:22.0436 AM
[ReportManager] Waiting for element to be present; elementLocator [By.xpath: //*], numberOfTries[1], stateOfPresence[false]... @17-09-2021 01:59:22.0437 AM
[ReportManager] Element Action [WaitForElementToBePresent] failed. With the following test data [waited for the element's state of presence to be (false). Element locator (By.xpath: //*)]. @17-09-2021 01:59:22.0658 AM
[ReportManager] Successfully created attachment [Screenshot - 1631843962584_waitForElementToBePresent_moreThanOneElement_expectedToFail_WaitForElementToBePresent_failed] @17-09-2021 01:59:22.0659 A
[ReportManager] Browser Action [CloseCurrentWindow] successfully performed. @17-09-2021 01:59:22.0785 AM
[ReportManager] Successfully created attachment [Browser Action Test Data - CloseCurrentWindow - Actual Value] @17-09-2021 01:59:22.0786 A
[ReportManager] File Action [GetAbsolutePath] successfully performed. With the following test data [Relative Folder Path: "target/downloadedFiles/"]. @17-09-2021 01:59:22.0789 AM
[ReportManager] Attempting to run remotely on: [Linux-64], [GoogleChrome], [http://localhost:4444/wd/hub], Headless Execution. @17-09-2021 01:59:22.0791 AM
[ReportManager] Successfully Opened [GoogleChrome]. @17-09-2021 01:59:23.0082 A

################################################################################################################################################
Starting Execution:	[52 out of 143] test cases in the current suite
Test Method:		[unitTests.tests_element_elementActions.waitForElementToBePresent_true_expectedToFail]
################################################################################################################################################
[ReportManager] Target URL: [https://www.google.com/ncr], and after redirection: [www.google.com] @17-09-2021 01:59:23.0098 AM
[ReportManager] Initial URL: [data:,] @17-09-2021 01:59:23.0154 AM
[ReportManager] Browser Action [NavigateToURL] successfully performed. With the following test data [https://www.google.com/ncr]. @17-09-2021 01:59:23.0971 AM
[ReportManager] Waiting for element to be present; elementLocator [By.id: bla], numberOfTries[1], stateOfPresence[true]... @17-09-2021 01:59:23.0971 AM
[ReportManager] Element Action [WaitForElementToBePresent] failed. With the following test data [waited for the element's state of presence to be (true). Element locator (By.id: bla)]. @17-09-2021 01:59:29.0238 AM
[ReportManager] Successfully created attachment [Screenshot - 1631843969161_waitForElementToBePresent_true_expectedToFail_WaitForElementToBePresent_failed] @17-09-2021 01:59:29.0238 A
[ReportManager] Browser Action [CloseCurrentWindow] successfully performed. @17-09-2021 01:59:29.0372 AM
[ReportManager] Successfully created attachment [Browser Action Test Data - CloseCurrentWindow - Actual Value] @17-09-2021 01:59:29.0373 A
[ReportManager] File Action [GetAbsolutePath] successfully performed. With the following test data [Relative Folder Path: "target/downloadedFiles/"]. @17-09-2021 01:59:29.0376 AM
[ReportManager] Attempting to run remotely on: [Linux-64], [GoogleChrome], [http://localhost:4444/wd/hub], Headless Execution. @17-09-2021 01:59:29.0376 AM
[ReportManager] Successfully Opened [GoogleChrome]. @17-09-2021 01:59:29.0631 A

################################################################################################################################################
Starting Execution:	[53 out of 143] test cases in the current suite
Test Method:		[unitTests.tests_element_elementActions.waitForElementToBePresent_true_expectedToPass]
################################################################################################################################################
[ReportManager] Target URL: [https://www.google.com/ncr], and after redirection: [www.google.com] @17-09-2021 01:59:29.0647 AM
[ReportManager] Initial URL: [data:,] @17-09-2021 01:59:29.0689 AM
[ReportManager] Browser Action [NavigateToURL] successfully performed. With the following test data [https://www.google.com/ncr]. @17-09-2021 01:59:30.0529 AM
[ReportManager] Waiting for element to be present; elementLocator [By.xpath: //*[@id='hplogo' or @alt='Google']], numberOfTries[1], stateOfPresence[true]... @17-09-2021 01:59:30.0529 AM
[ReportManager] Element Action [WaitForElementToBePresent] successfully performed. With the following test data [waited for the element's state of presence to be (true). Element locator (By.xpath: //*[@id='hplogo' or @alt='Google'])]. @17-09-2021 01:59:30.0582 AM
[ReportManager] File Action [DoesFileExist] successfully performed. With the following test data [File Path: "src/test/resources/DynamicObjectRepository/unitTests_tests_element_elementActions_waitForElementToBePresent_true_expectedToPass_By_xpath_id_hplogo_or_alt_Google.png"]. @17-09-2021 01:59:30.0586 AM
[ReportManager] File Action [DoesFileExist] successfully performed. With the following test data [File Path: "src/test/resources/DynamicObjectRepository/unitTests_tests_element_elementActions_waitForElementToBePresent_true_expectedToPass_By_xpath_id_hplogo_or_alt_Google.png"]. @17-09-2021 01:59:30.0718 AM
[ReportManager] Passing the test and saving a reference image @17-09-2021 01:59:30.0718 AM
[ReportManager] File Action [GetAbsolutePath] successfully performed. With the following test data [Relative File Path: "src/test/resources/DynamicObjectRepository/unitTests_tests_element_elementActions_waitForElementToBePresent_true_expectedToPass_By_xpath_id_hplogo_or_alt_Google.png"]. @17-09-2021 01:59:30.0718 AM
[ReportManager] File Action [WriteToFile] successfully performed. With the following test data [Target File Path: "/home/runner/work/SHAFT_ENGINE/SHAFT_ENGINE/src/test/resources/DynamicObjectRepository/unitTests_tests_element_elementActions_waitForElementToBePresent_true_expectedToPass_By_xpath_id_hplogo_or_alt_Google.png"]. @17-09-2021 01:59:30.0719 AM
[ReportManager] Assertion Passed: Using Visual AI; OpenCV @17-09-2021 01:59:30.0720 AM
[ReportManager] Successfully created attachment [Validation Test Data - Actual Screenshot] @17-09-2021 01:59:30.0720 AM
[ReportManager] Assertion [ValidateElementMatches] PASSED. Expected [Element should match the reference screenshot] and Actual [TRUE]. Comparison Type [EXACT_OPENCV]. Validation Type [POSITIVE]. @17-09-2021 01:59:30.0720 A
[ReportManager] Browser Action [CloseCurrentWindow] successfully performed. @17-09-2021 01:59:30.0855 AM
[ReportManager] Successfully created attachment [Browser Action Test Data - CloseCurrentWindow - Actual Value] @17-09-2021 01:59:30.0856 A
[ReportManager] File Action [GetAbsolutePath] successfully performed. With the following test data [Relative Folder Path: "target/downloadedFiles/"]. @17-09-2021 01:59:30.0862 AM
[ReportManager] Attempting to run remotely on: [Linux-64], [GoogleChrome], [http://localhost:4444/wd/hub], Headless Execution. @17-09-2021 01:59:30.0864 AM
[ReportManager] Successfully Opened [GoogleChrome]. @17-09-2021 01:59:31.0046 AM
[ReportManager] Target URL: [https://duckduckgo.com] @17-09-2021 01:59:31.0059 AM
[ReportManager] Initial URL: [data:,] @17-09-2021 01:59:31.0103 AM
[ReportManager] Browser Action [NavigateToURL] successfully performed. With the following test data [https://duckduckgo.com]. @17-09-2021 01:59:31.0659 A

################################################################################################################################################
Starting Execution:	[54 out of 143] test cases in the current suite
Test Method:		[unitTests.tests_browserActions.fullScreenWindow]
################################################################################################################################################
[ReportManager] Initial Windows Size: 800x600 @17-09-2021 01:59:31.0673 AM
[ReportManager] Initial window size: (800, 600) @17-09-2021 01:59:31.0675 AM
[ReportManager] Window size after Toolkit: (1920, 1080) @17-09-2021 01:59:31.0896 AM
[ReportManager] Browser Action [MaximizeWindow] successfully performed. With the following test data [New screen size is now: (1920, 1080)]. @17-09-2021 01:59:31.0899 AM
[ReportManager] Current Windows Size after fullScreen: 1920x1080 @17-09-2021 01:59:31.0903 AM
[ReportManager] Browser Action [FullScreenWindow] successfully performed. @17-09-2021 01:59:31.0919 AM
[ReportManager] Successfully created attachment [Browser Action Test Data - FullScreenWindow - Actual Value] @17-09-2021 01:59:31.0921 A
[ReportManager] Target URL: [https://duckduckgo.com] @17-09-2021 01:59:31.0927 AM
[ReportManager] Initial URL: [https://duckduckgo.com] @17-09-2021 01:59:31.0982 AM
[ReportManager] Browser Action [NavigateToURL] successfully performed. With the following test data [https://duckduckgo.com]. @17-09-2021 01:59:32.0362 AM
[ReportManager] Browser Action [CloseCurrentWindow] successfully performed. @17-09-2021 01:59:32.0461 AM
[ReportManager] Successfully created attachment [Browser Action Test Data - CloseCurrentWindow - Actual Value] @17-09-2021 01:59:32.0463 A
[ReportManager] File Action [GetAbsolutePath] successfully performed. With the following test data [Relative Folder Path: "target/downloadedFiles/"]. @17-09-2021 01:59:32.0466 AM
[ReportManager] Attempting to run remotely on: [Linux-64], [GoogleChrome], [http://localhost:4444/wd/hub], Headless Execution. @17-09-2021 01:59:32.0466 AM
[ReportManager] Successfully Opened [GoogleChrome]. @17-09-2021 01:59:32.0695 AM
[ReportManager] Target URL: [https://duckduckgo.com] @17-09-2021 01:59:32.0721 AM
[ReportManager] Initial URL: [data:,] @17-09-2021 01:59:32.0768 AM
[ReportManager] Browser Action [NavigateToURL] successfully performed. With the following test data [https://duckduckgo.com]. @17-09-2021 01:59:33.0286 A

################################################################################################################################################
Starting Execution:	[55 out of 143] test cases in the current suite
Test Method:		[unitTests.tests_browserActions.getCurrentURL]
################################################################################################################################################
[ReportManager] Browser Action [GetCurrentURL] successfully performed. With the following test data [https://duckduckgo.com/]. @17-09-2021 01:59:33.0328 A
[ReportManager] Target URL: [https://duckduckgo.com] @17-09-2021 01:59:33.0330 AM
[ReportManager] Initial URL: [https://duckduckgo.com] @17-09-2021 01:59:33.0395 AM
[ReportManager] Browser Action [NavigateToURL] successfully performed. With the following test data [https://duckduckgo.com]. @17-09-2021 01:59:33.0735 AM
[ReportManager] Browser Action [CloseCurrentWindow] successfully performed. @17-09-2021 01:59:33.0810 AM
[ReportManager] Successfully created attachment [Browser Action Test Data - CloseCurrentWindow - Actual Value] @17-09-2021 01:59:33.0810 A
[ReportManager] File Action [GetAbsolutePath] successfully performed. With the following test data [Relative Folder Path: "target/downloadedFiles/"]. @17-09-2021 01:59:33.0818 AM
[ReportManager] Attempting to run remotely on: [Linux-64], [GoogleChrome], [http://localhost:4444/wd/hub], Headless Execution. @17-09-2021 01:59:33.0818 AM
[ReportManager] Successfully Opened [GoogleChrome]. @17-09-2021 01:59:34.0085 AM
[ReportManager] Target URL: [https://duckduckgo.com] @17-09-2021 01:59:34.0098 AM
[ReportManager] Initial URL: [data:,] @17-09-2021 01:59:34.0159 AM
[ReportManager] Browser Action [NavigateToURL] successfully performed. With the following test data [https://duckduckgo.com]. @17-09-2021 01:59:34.0664 A

################################################################################################################################################
Starting Execution:	[56 out of 143] test cases in the current suite
Test Method:		[unitTests.tests_browserActions.getCurrentWindowTitle]
################################################################################################################################################
[ReportManager] Browser Action [GetCurrentWindowTitle] successfully performed. With the following test data [DuckDuckGo — Privacy, simplified.]. @17-09-2021 01:59:34.0714 A
[ReportManager] Target URL: [https://duckduckgo.com] @17-09-2021 01:59:34.0726 AM
[ReportManager] Initial URL: [https://duckduckgo.com] @17-09-2021 01:59:34.0787 AM
[ReportManager] Browser Action [NavigateToURL] successfully performed. With the following test data [https://duckduckgo.com]. @17-09-2021 01:59:35.0127 AM
[ReportManager] Browser Action [CloseCurrentWindow] successfully performed. @17-09-2021 01:59:35.0234 AM
[ReportManager] Successfully created attachment [Browser Action Test Data - CloseCurrentWindow - Actual Value] @17-09-2021 01:59:35.0235 A
[ReportManager] File Action [GetAbsolutePath] successfully performed. With the following test data [Relative Folder Path: "target/downloadedFiles/"]. @17-09-2021 01:59:35.0237 AM
[ReportManager] Attempting to run remotely on: [Linux-64], [GoogleChrome], [http://localhost:4444/wd/hub], Headless Execution. @17-09-2021 01:59:35.0237 AM
[ReportManager] Successfully Opened [GoogleChrome]. @17-09-2021 01:59:35.0653 AM
[ReportManager] Target URL: [https://duckduckgo.com] @17-09-2021 01:59:35.0663 AM
[ReportManager] Initial URL: [data:,] @17-09-2021 01:59:35.0710 AM
[ReportManager] Browser Action [NavigateToURL] successfully performed. With the following test data [https://duckduckgo.com]. @17-09-2021 01:59:36.0274 A

################################################################################################################################################
Starting Execution:	[57 out of 143] test cases in the current suite
Test Method:		[unitTests.tests_browserActions.getPageSource]
################################################################################################################################################
[ReportManager] Browser Action [GetPageSource] successfully performed. @17-09-2021 01:59:36.0332 AM
[ReportManager] Successfully created attachment [Browser Action Test Data - GetPageSource - Actual Value] @17-09-2021 01:59:36.0341 A
[ReportManager] Target URL: [https://duckduckgo.com] @17-09-2021 01:59:36.0344 AM
[ReportManager] Initial URL: [https://duckduckgo.com] @17-09-2021 01:59:36.0399 AM
[ReportManager] Browser Action [NavigateToURL] successfully performed. With the following test data [https://duckduckgo.com]. @17-09-2021 01:59:36.0715 AM
[ReportManager] Browser Action [CloseCurrentWindow] successfully performed. @17-09-2021 01:59:36.0820 AM
[ReportManager] Successfully created attachment [Browser Action Test Data - CloseCurrentWindow - Actual Value] @17-09-2021 01:59:36.0820 A
[ReportManager] File Action [GetAbsolutePath] successfully performed. With the following test data [Relative Folder Path: "target/downloadedFiles/"]. @17-09-2021 01:59:36.0825 AM
[ReportManager] Attempting to run remotely on: [Linux-64], [GoogleChrome], [http://localhost:4444/wd/hub], Headless Execution. @17-09-2021 01:59:36.0825 AM
[ReportManager] Successfully Opened [GoogleChrome]. @17-09-2021 01:59:37.0004 AM
[ReportManager] Target URL: [https://duckduckgo.com] @17-09-2021 01:59:37.0014 AM
[ReportManager] Initial URL: [data:,] @17-09-2021 01:59:37.0051 AM
[ReportManager] Browser Action [NavigateToURL] successfully performed. With the following test data [https://duckduckgo.com]. @17-09-2021 01:59:37.0553 A

################################################################################################################################################
Starting Execution:	[58 out of 143] test cases in the current suite
Test Method:		[unitTests.tests_browserActions.getWindowHandle]
################################################################################################################################################
[ReportManager] Browser Action [GetWindowHandle] successfully performed. With the following test data [CDwindow-F91FFB65B6D291EB8D09B479DC93FB5F]. @17-09-2021 01:59:37.0585 A
[ReportManager] Target URL: [https://duckduckgo.com] @17-09-2021 01:59:37.0593 AM
[ReportManager] Initial URL: [https://duckduckgo.com] @17-09-2021 01:59:37.0648 AM
[ReportManager] Browser Action [NavigateToURL] successfully performed. With the following test data [https://duckduckgo.com]. @17-09-2021 01:59:37.0962 AM
[ReportManager] Browser Action [CloseCurrentWindow] successfully performed. @17-09-2021 01:59:38.0061 AM
[ReportManager] Successfully created attachment [Browser Action Test Data - CloseCurrentWindow - Actual Value] @17-09-2021 01:59:38.0062 A
[ReportManager] File Action [GetAbsolutePath] successfully performed. With the following test data [Relative Folder Path: "target/downloadedFiles/"]. @17-09-2021 01:59:38.0065 AM
[ReportManager] Attempting to run remotely on: [Linux-64], [GoogleChrome], [http://localhost:4444/wd/hub], Headless Execution. @17-09-2021 01:59:38.0066 AM
[ReportManager] Successfully Opened [GoogleChrome]. @17-09-2021 01:59:38.0254 AM
[ReportManager] Target URL: [https://duckduckgo.com] @17-09-2021 01:59:38.0264 AM
[ReportManager] Initial URL: [data:,] @17-09-2021 01:59:38.0305 AM
[ReportManager] Browser Action [NavigateToURL] successfully performed. With the following test data [https://duckduckgo.com]. @17-09-2021 01:59:38.0764 A

################################################################################################################################################
Starting Execution:	[59 out of 143] test cases in the current suite
Test Method:		[unitTests.tests_browserActions.getWindowPosition]
################################################################################################################################################
[ReportManager] Browser Action [GetWindowPosition] successfully performed. With the following test data [(0, 0)]. @17-09-2021 01:59:38.0808 A
[ReportManager] Target URL: [https://duckduckgo.com] @17-09-2021 01:59:38.0814 AM
[ReportManager] Initial URL: [https://duckduckgo.com] @17-09-2021 01:59:38.0867 AM
[ReportManager] Browser Action [NavigateToURL] successfully performed. With the following test data [https://duckduckgo.com]. @17-09-2021 01:59:39.0157 AM
[ReportManager] Browser Action [CloseCurrentWindow] successfully performed. @17-09-2021 01:59:39.0261 AM
[ReportManager] Successfully created attachment [Browser Action Test Data - CloseCurrentWindow - Actual Value] @17-09-2021 01:59:39.0261 A
[ReportManager] File Action [GetAbsolutePath] successfully performed. With the following test data [Relative Folder Path: "target/downloadedFiles/"]. @17-09-2021 01:59:39.0264 AM
[ReportManager] Attempting to run remotely on: [Linux-64], [GoogleChrome], [http://localhost:4444/wd/hub], Headless Execution. @17-09-2021 01:59:39.0264 AM
[ReportManager] Successfully Opened [GoogleChrome]. @17-09-2021 01:59:39.0467 AM
[ReportManager] Target URL: [https://duckduckgo.com] @17-09-2021 01:59:39.0479 AM
[ReportManager] Initial URL: [data:,] @17-09-2021 01:59:39.0518 AM
[ReportManager] Browser Action [NavigateToURL] successfully performed. With the following test data [https://duckduckgo.com]. @17-09-2021 01:59:39.0992 A

################################################################################################################################################
Starting Execution:	[60 out of 143] test cases in the current suite
Test Method:		[unitTests.tests_browserActions.getWindowSize]
################################################################################################################################################
[ReportManager] Browser Action [GetWindowSize] successfully performed. With the following test data [(800, 600)]. @17-09-2021 01:59:40.0033 A
[ReportManager] Target URL: [https://duckduckgo.com] @17-09-2021 01:59:40.0035 AM
[ReportManager] Initial URL: [https://duckduckgo.com] @17-09-2021 01:59:40.0107 AM
[ReportManager] Browser Action [NavigateToURL] successfully performed. With the following test data [https://duckduckgo.com]. @17-09-2021 01:59:40.0434 AM
[ReportManager] Browser Action [CloseCurrentWindow] successfully performed. @17-09-2021 01:59:40.0533 AM
[ReportManager] Successfully created attachment [Browser Action Test Data - CloseCurrentWindow - Actual Value] @17-09-2021 01:59:40.0533 A
[ReportManager] File Action [GetAbsolutePath] successfully performed. With the following test data [Relative Folder Path: "target/downloadedFiles/"]. @17-09-2021 01:59:40.0535 AM
[ReportManager] Attempting to run remotely on: [Linux-64], [GoogleChrome], [http://localhost:4444/wd/hub], Headless Execution. @17-09-2021 01:59:40.0536 AM
[ReportManager] Successfully Opened [GoogleChrome]. @17-09-2021 01:59:40.0733 AM
[ReportManager] Target URL: [https://duckduckgo.com] @17-09-2021 01:59:40.0745 AM
[ReportManager] Initial URL: [data:,] @17-09-2021 01:59:40.0790 AM
[ReportManager] Browser Action [NavigateToURL] successfully performed. With the following test data [https://duckduckgo.com]. @17-09-2021 01:59:41.0277 A

################################################################################################################################################
Starting Execution:	[61 out of 143] test cases in the current suite
Test Method:		[unitTests.tests_browserActions.maximizeWindow]
################################################################################################################################################
[ReportManager] Initial window size: (800, 600) @17-09-2021 01:59:41.0286 AM
[ReportManager] Window size after Toolkit: (1920, 1080) @17-09-2021 01:59:41.0506 AM
[ReportManager] Browser Action [MaximizeWindow] successfully performed. With the following test data [New screen size is now: (1920, 1080)]. @17-09-2021 01:59:41.0509 A
[ReportManager] Target URL: [https://duckduckgo.com] @17-09-2021 01:59:41.0511 AM
[ReportManager] Initial URL: [https://duckduckgo.com] @17-09-2021 01:59:41.0581 AM
[ReportManager] Browser Action [NavigateToURL] successfully performed. With the following test data [https://duckduckgo.com]. @17-09-2021 01:59:41.0883 AM
[ReportManager] Browser Action [CloseCurrentWindow] successfully performed. @17-09-2021 01:59:42.0009 AM
[ReportManager] Successfully created attachment [Browser Action Test Data - CloseCurrentWindow - Actual Value] @17-09-2021 01:59:42.0009 A
[ReportManager] File Action [GetAbsolutePath] successfully performed. With the following test data [Relative Folder Path: "target/downloadedFiles/"]. @17-09-2021 01:59:42.0011 AM
[ReportManager] Attempting to run remotely on: [Linux-64], [GoogleChrome], [http://localhost:4444/wd/hub], Headless Execution. @17-09-2021 01:59:42.0012 AM
[ReportManager] Successfully Opened [GoogleChrome]. @17-09-2021 01:59:42.0192 AM
[ReportManager] Target URL: [https://duckduckgo.com] @17-09-2021 01:59:42.0204 AM
[ReportManager] Initial URL: [data:,] @17-09-2021 01:59:42.0241 AM
[ReportManager] Browser Action [NavigateToURL] successfully performed. With the following test data [https://duckduckgo.com]. @17-09-2021 01:59:42.0708 A

################################################################################################################################################
Starting Execution:	[62 out of 143] test cases in the current suite
Test Method:		[unitTests.tests_browserActions.navigateBack]
################################################################################################################################################
[ReportManager] Target URL: [https://www.google.com/ncr], and after redirection: [https://www.google.com] @17-09-2021 01:59:42.0713 AM
[ReportManager] Initial URL: [https://duckduckgo.com] @17-09-2021 01:59:42.0775 AM
[ReportManager] Browser Action [NavigateToURL] successfully performed. With the following test data [https://www.google.com/ncr]. @17-09-2021 01:59:43.0545 AM
[ReportManager] Browser Action [NavigateBack] successfully performed. With the following test data [https://duckduckgo.com/]. @17-09-2021 01:59:43.0912 AM
[ReportManager] Browser Action [GetCurrentURL] successfully performed. With the following test data [https://duckduckgo.com/]. @17-09-2021 01:59:43.0942 AM
[ReportManager] Assertion Passed: Confirming that navigating back was successful @17-09-2021 01:59:44.0165 AM
[ReportManager] Successfully created attachment [Screenshot - 1631843984017_navigateBack_ValidateBrowserAttribute_passed] @17-09-2021 01:59:44.0173 AM
[ReportManager] Assertion [ValidateBrowserAttribute] PASSED. Expected [Value Should be 'https://duckduckgo.com' for the 'CurrentUrl' attribute] and Actual [https://duckduckgo.com/]. Comparison Type [CONTAINS]. Validation Type [POSITIVE]. @17-09-2021 01:59:44.0173 A
[ReportManager] Target URL: [https://duckduckgo.com] @17-09-2021 01:59:44.0179 AM
[ReportManager] Initial URL: [https://duckduckgo.com] @17-09-2021 01:59:44.0253 AM
[ReportManager] Browser Action [NavigateToURL] successfully performed. With the following test data [https://duckduckgo.com]. @17-09-2021 01:59:44.0680 AM
[ReportManager] Browser Action [CloseCurrentWindow] successfully performed. @17-09-2021 01:59:44.0777 AM
[ReportManager] Successfully created attachment [Browser Action Test Data - CloseCurrentWindow - Actual Value] @17-09-2021 01:59:44.0778 A
[ReportManager] File Action [GetAbsolutePath] successfully performed. With the following test data [Relative Folder Path: "target/downloadedFiles/"]. @17-09-2021 01:59:44.0781 AM
[ReportManager] Attempting to run remotely on: [Linux-64], [GoogleChrome], [http://localhost:4444/wd/hub], Headless Execution. @17-09-2021 01:59:44.0781 AM
[ReportManager] Successfully Opened [GoogleChrome]. @17-09-2021 01:59:45.0027 AM
[ReportManager] Target URL: [https://duckduckgo.com] @17-09-2021 01:59:45.0037 AM
[ReportManager] Initial URL: [data:,] @17-09-2021 01:59:45.0075 AM
[ReportManager] Browser Action [NavigateToURL] successfully performed. With the following test data [https://duckduckgo.com]. @17-09-2021 01:59:45.0589 A

################################################################################################################################################
Starting Execution:	[63 out of 143] test cases in the current suite
Test Method:		[unitTests.tests_browserActions.navigateForward]
################################################################################################################################################
[ReportManager] Target URL: [https://www.google.com/ncr], and after redirection: [https://www.google.com] @17-09-2021 01:59:45.0594 AM
[ReportManager] Initial URL: [https://duckduckgo.com] @17-09-2021 01:59:45.0659 AM
[ReportManager] Browser Action [NavigateToURL] successfully performed. With the following test data [https://www.google.com/ncr]. @17-09-2021 01:59:46.0471 AM
[ReportManager] Browser Action [NavigateBack] successfully performed. With the following test data [https://duckduckgo.com/]. @17-09-2021 01:59:46.0806 AM
[ReportManager] Browser Action [NavigateForward] successfully performed. With the following test data [https://www.google.com/]. @17-09-2021 01:59:47.0253 A
[ReportManager] Target URL: [https://duckduckgo.com] @17-09-2021 01:59:47.0255 AM
[ReportManager] Initial URL: [https://www.google.com] @17-09-2021 01:59:47.0327 AM
[ReportManager] Browser Action [NavigateToURL] successfully performed. With the following test data [https://duckduckgo.com]. @17-09-2021 01:59:47.0795 AM
[ReportManager] Browser Action [CloseCurrentWindow] successfully performed. @17-09-2021 01:59:47.0901 AM
[ReportManager] Successfully created attachment [Browser Action Test Data - CloseCurrentWindow - Actual Value] @17-09-2021 01:59:47.0902 A
[ReportManager] File Action [GetAbsolutePath] successfully performed. With the following test data [Relative Folder Path: "target/downloadedFiles/"]. @17-09-2021 01:59:47.0904 AM
[ReportManager] Attempting to run remotely on: [Linux-64], [GoogleChrome], [http://localhost:4444/wd/hub], Headless Execution. @17-09-2021 01:59:47.0904 AM
[ReportManager] Successfully Opened [GoogleChrome]. @17-09-2021 01:59:48.0102 AM
[ReportManager] Target URL: [https://duckduckgo.com] @17-09-2021 01:59:48.0116 AM
[ReportManager] Initial URL: [data:,] @17-09-2021 01:59:48.0159 AM
[ReportManager] Browser Action [NavigateToURL] successfully performed. With the following test data [https://duckduckgo.com]. @17-09-2021 01:59:48.0603 A

################################################################################################################################################
Starting Execution:	[64 out of 143] test cases in the current suite
Test Method:		[unitTests.tests_browserActions.navigateToURL]
################################################################################################################################################
[ReportManager] Target URL: [https://duckduckgo.com] @17-09-2021 01:59:48.0606 AM
[ReportManager] Initial URL: [https://duckduckgo.com] @17-09-2021 01:59:48.0666 AM
[ReportManager] Browser Action [NavigateToURL] successfully performed. With the following test data [https://duckduckgo.com]. @17-09-2021 01:59:48.0949 A
[ReportManager] Target URL: [https://duckduckgo.com] @17-09-2021 01:59:48.0952 AM
[ReportManager] Initial URL: [https://duckduckgo.com] @17-09-2021 01:59:49.0011 AM
[ReportManager] Browser Action [NavigateToURL] successfully performed. With the following test data [https://duckduckgo.com]. @17-09-2021 01:59:49.0307 AM
[ReportManager] Browser Action [CloseCurrentWindow] successfully performed. @17-09-2021 01:59:49.0411 AM
[ReportManager] Successfully created attachment [Browser Action Test Data - CloseCurrentWindow - Actual Value] @17-09-2021 01:59:49.0411 A
[ReportManager] File Action [GetAbsolutePath] successfully performed. With the following test data [Relative Folder Path: "target/downloadedFiles/"]. @17-09-2021 01:59:49.0413 AM
[ReportManager] Attempting to run remotely on: [Linux-64], [GoogleChrome], [http://localhost:4444/wd/hub], Headless Execution. @17-09-2021 01:59:49.0413 AM
[ReportManager] Successfully Opened [GoogleChrome]. @17-09-2021 01:59:49.0659 AM
[ReportManager] Target URL: [https://duckduckgo.com] @17-09-2021 01:59:49.0672 AM
[ReportManager] Initial URL: [data:,] @17-09-2021 01:59:49.0711 AM
[ReportManager] Browser Action [NavigateToURL] successfully performed. With the following test data [https://duckduckgo.com]. @17-09-2021 01:59:50.0199 A

################################################################################################################################################
Starting Execution:	[65 out of 143] test cases in the current suite
Test Method:		[unitTests.tests_browserActions.navigateToURLWithRedirection]
################################################################################################################################################
[ReportManager] Target URL: [https://www.google.com/ncr], and after redirection: [https://www.google.com] @17-09-2021 01:59:50.0201 AM
[ReportManager] Initial URL: [https://duckduckgo.com] @17-09-2021 01:59:50.0254 AM
[ReportManager] Browser Action [NavigateToURL] successfully performed. With the following test data [https://www.google.com/ncr]. @17-09-2021 01:59:51.0037 A
[ReportManager] Target URL: [https://duckduckgo.com] @17-09-2021 01:59:51.0038 AM
[ReportManager] Initial URL: [https://www.google.com] @17-09-2021 01:59:51.0135 AM
[ReportManager] Browser Action [NavigateToURL] successfully performed. With the following test data [https://duckduckgo.com]. @17-09-2021 01:59:51.0620 AM
[ReportManager] Browser Action [CloseCurrentWindow] successfully performed. @17-09-2021 01:59:51.0739 AM
[ReportManager] Successfully created attachment [Browser Action Test Data - CloseCurrentWindow - Actual Value] @17-09-2021 01:59:51.0740 A
[ReportManager] File Action [GetAbsolutePath] successfully performed. With the following test data [Relative Folder Path: "target/downloadedFiles/"]. @17-09-2021 01:59:51.0745 AM
[ReportManager] Attempting to run remotely on: [Linux-64], [GoogleChrome], [http://localhost:4444/wd/hub], Headless Execution. @17-09-2021 01:59:51.0745 AM
[ReportManager] Successfully Opened [GoogleChrome]. @17-09-2021 01:59:51.0953 AM
[ReportManager] Target URL: [https://duckduckgo.com] @17-09-2021 01:59:51.0963 AM
[ReportManager] Initial URL: [data:,] @17-09-2021 01:59:51.0999 AM
[ReportManager] Browser Action [NavigateToURL] successfully performed. With the following test data [https://duckduckgo.com]. @17-09-2021 01:59:52.0461 A

################################################################################################################################################
Starting Execution:	[66 out of 143] test cases in the current suite
Test Method:		[unitTests.tests_browserActions.refreshCurrentPage]
################################################################################################################################################
[ReportManager] Browser Action [RefreshCurrentPage] successfully performed. @17-09-2021 01:59:52.0665 AM
[ReportManager] Successfully created attachment [Browser Action Test Data - RefreshCurrentPage - Actual Value] @17-09-2021 01:59:52.0665 A
[ReportManager] Target URL: [https://duckduckgo.com] @17-09-2021 01:59:52.0668 AM
[ReportManager] Initial URL: [https://duckduckgo.com] @17-09-2021 01:59:52.0738 AM
[ReportManager] Browser Action [NavigateToURL] successfully performed. With the following test data [https://duckduckgo.com]. @17-09-2021 01:59:53.0032 AM
[ReportManager] Browser Action [CloseCurrentWindow] successfully performed. @17-09-2021 01:59:53.0132 AM
[ReportManager] Successfully created attachment [Browser Action Test Data - CloseCurrentWindow - Actual Value] @17-09-2021 01:59:53.0133 A
[ReportManager] File Action [GetAbsolutePath] successfully performed. With the following test data [Relative Folder Path: "target/downloadedFiles/"]. @17-09-2021 01:59:53.0136 AM
[ReportManager] Attempting to run remotely on: [Linux-64], [GoogleChrome], [http://localhost:4444/wd/hub], Headless Execution. @17-09-2021 01:59:53.0136 AM
[ReportManager] Successfully Opened [GoogleChrome]. @17-09-2021 01:59:53.0349 AM
[ReportManager] Target URL: [https://duckduckgo.com] @17-09-2021 01:59:53.0359 AM
[ReportManager] Initial URL: [data:,] @17-09-2021 01:59:53.0410 AM
[ReportManager] Browser Action [NavigateToURL] successfully performed. With the following test data [https://duckduckgo.com]. @17-09-2021 01:59:53.0892 A

################################################################################################################################################
Starting Execution:	[67 out of 143] test cases in the current suite
Test Method:		[unitTests.tests_browserActions.setWindowSize]
################################################################################################################################################
[ReportManager] Initial window size: (800, 600) @17-09-2021 01:59:53.0909 AM
[ReportManager] Window size after SWD: (1280, 720) @17-09-2021 01:59:54.0128 AM
[ReportManager] Browser Action [SetWindowSize] successfully performed. With the following test data [New screen size is now: (1280, 720)]. @17-09-2021 01:59:54.0129 A
[ReportManager] Target URL: [https://duckduckgo.com] @17-09-2021 01:59:54.0131 AM
[ReportManager] Initial URL: [https://duckduckgo.com] @17-09-2021 01:59:54.0199 AM
[ReportManager] Browser Action [NavigateToURL] successfully performed. With the following test data [https://duckduckgo.com]. @17-09-2021 01:59:54.0556 AM
[ReportManager] Browser Action [CloseCurrentWindow] successfully performed. @17-09-2021 01:59:54.0659 AM
[ReportManager] Successfully created attachment [Browser Action Test Data - CloseCurrentWindow - Actual Value] @17-09-2021 01:59:54.0660 A
[ReportManager] Successfully loaded the following test data file [src/test/resources/TestDataFiles/testSuite01/TestData.xlsx]. @17-09-2021 01:59:55.0576 AM
[ReportManager] Successfully created attachment [Test Data - Excel] @17-09-2021 01:59:55.0576 A

################################################################################################################################################
Starting Execution:	[68 out of 143] test cases in the current suite
Test Method:		[unitTests.tests_io_excelFileManager.getCellData_rowName_expectedToPass]
################################################################################################################################################
[ReportManager] testRowData. @17-09-2021 01:59:55.0598 A
[ReportManager] Successfully loaded the following test data file [src/test/resources/TestDataFiles/testSuite01/TestData.xlsx]. @17-09-2021 01:59:55.0672 AM
[ReportManager] Successfully created attachment [Test Data - Excel] @17-09-2021 01:59:55.0680 AM
[ReportManager] File Action [GetAbsolutePath] successfully performed. With the following test data [Relative Folder Path: "target/downloadedFiles/"]. @17-09-2021 01:59:55.0689 AM
[ReportManager] Attempting to run remotely on: [Linux-64], [GoogleChrome], [http://localhost:4444/wd/hub], Headless Execution. @17-09-2021 01:59:55.0689 AM
[ReportManager] Successfully Opened [GoogleChrome]. @17-09-2021 01:59:55.0985 A

################################################################################################################################################
Starting Execution:	[69 out of 143] test cases in the current suite
Test Method:		[testPackage01.Test_google.navigateToURLandVerifyGoogleLogoIsDisplayed]
Test Description:	[TC001 - Navigate to URL and Verify Google Logo is Displayed]
################################################################################################################################################
[ReportManager] Target URL: [https://www.google.com/ncr], and after redirection: [https://www.google.com] @17-09-2021 01:59:56.0003 AM
[ReportManager] Initial URL: [data:,] @17-09-2021 01:59:56.0039 AM
[ReportManager] Browser Action [NavigateToURL] successfully performed. With the following test data [https://www.google.com/ncr]. @17-09-2021 01:59:56.0832 AM
[ReportManager] Loaded Shared OpenCV @17-09-2021 01:59:57.0030 AM
[ReportManager] Assertion [ValidateElementExists] PASSED. Expected [Element Should Exist, locator 'By.xpath: //*[@id='hplogo' or @alt='Google']'] and Actual [Element Exists]. Comparison Type [EQUALS]. Validation Type [POSITIVE]. @17-09-2021 01:59:57.0129 AM
[ReportManager] Successfully created attachment [Screenshot - 1631843997029_navigateToURLandVerifyGoogleLogoIsDisplayed_ValidateElementExists_passed] @17-09-2021 01:59:57.0130 A

################################################################################################################################################
Starting Execution:	[70 out of 143] test cases in the current suite
Test Method:		[testPackage01.Test_google.searchForQueryandAssertResultsNumDisplayed]
Test Description:	[TC002 - Search for Query and Assert that the number of results is displayed]
################################################################################################################################################
[ReportManager] Element Action [Type] successfully performed. With the following test data [SHAFT_Engine]. @17-09-2021 01:59:57.0608 AM
[ReportManager] Element Action [KeyPress] successfully performed. With the following test data [Enter]. @17-09-2021 01:59:58.0553 AM
[ReportManager] Element Action [GetText] successfully performed. With the following test data [About 780,000 results (0.71 seconds) ]. @17-09-2021 01:59:58.0656 AM
[ReportManager] Loaded Shared OpenCV @17-09-2021 01:59:59.0248 AM
[ReportManager] Assertion [ValidateElementAttribute] PASSED. Expected [Value Should not be '' for the 'Text' attribute, element locator 'By.id: appbar'] and Actual [About 780,000 results (0.71 seconds) ]. Comparison Type [EQUALS]. Validation Type [NEGATIVE]. @17-09-2021 01:59:59.0350 AM
[ReportManager] Successfully created attachment [Screenshot - 1631843999248_searchForQueryandAssertResultsNumDisplayed_ValidateElementAttribute_passed] @17-09-2021 01:59:59.0351 A

################################################################################################################################################
Starting Execution:	[71 out of 143] test cases in the current suite
Test Method:		[testPackage01.Test_google.clickNextThrice]
Test Description:	[TC003 - Clicks the next button to make sure that the framework can scroll element into view before clicking it]
################################################################################################################################################
[ReportManager] Element Action [Click] successfully performed. With the following test data [Next]. @17-09-2021 02:00:00.0898 A
[ReportManager] Browser Action [CloseCurrentWindow] successfully performed. @17-09-2021 02:00:01.0260 AM
[ReportManager] Successfully created attachment [Browser Action Test Data - CloseCurrentWindow - Actual Value] @17-09-2021 02:00:01.0263 A

################################################################################################################################################
Starting Execution:	[72 out of 143] test cases in the current suite
Test Method:		[testPackage01.Test_testData.f]
################################################################################################################################################
[ReportManager] Successfully loaded the following test data file [src/test/resources/TestDataFiles/testSuite01/TestData.xlsx]. @17-09-2021 02:00:01.0357 AM
[ReportManager] Successfully created attachment [Test Data - Excel] @17-09-2021 02:00:01.0358 AM
[ReportManager] Last Column Number is: [3]. Zero-based. @17-09-2021 02:00:01.0358 A

################################################################################################################################################
Starting Execution:	[73 out of 143] test cases in the current suite
Test Method:		[testPackage01.Test_JSONFileManager.readStringFromJson]
################################################################################################################################################
[ReportManager] Successfully loaded the following test data file [src/test/resources/TestDataFiles/simpleJSON.json]. @17-09-2021 02:00:01.0389 AM
[ReportManager] Successfully created attachment [Test Data - JSON] @17-09-2021 02:00:01.0390 AM
[ReportManager] Assertion [ValidateEquals] PASSED. Expected [Mohab Mohie] and Actual [Mohab Mohie]. Comparison Type [EQUALS]. Validation Type [POSITIVE]. @17-09-2021 02:00:01.0436 A
[ReportManager] File Action [GetAbsolutePath] successfully performed. With the following test data [Relative Folder Path: "target/downloadedFiles/"]. @17-09-2021 02:00:01.0438 AM
[ReportManager] Attempting to run remotely on: [Linux-64], [GoogleChrome], [http://localhost:4444/wd/hub], Headless Execution. @17-09-2021 02:00:01.0438 AM
[ReportManager] Successfully Opened [GoogleChrome]. @17-09-2021 02:00:01.0732 A

################################################################################################################################################
Starting Execution:	[74 out of 143] test cases in the current suite
Test Method:		[testPackage01.Test_dragAndDrop.dragAndDropJquery]
################################################################################################################################################
[ReportManager] Target URL: [https://jqueryui.com/resources/demos/droppable/default.html] @17-09-2021 02:00:01.0748 AM
[ReportManager] Initial URL: [data:,] @17-09-2021 02:00:01.0785 AM
[ReportManager] Browser Action [NavigateToURL] successfully performed. With the following test data [https://jqueryui.com/resources/demos/droppable/default.html]. @17-09-2021 02:00:02.0174 AM
[ReportManager] Element Action [GetText] successfully performed. With the following test data [Drop here]. @17-09-2021 02:00:02.0267 AM
[ReportManager] Element Action [DragAndDrop] successfully performed. With the following test data [Start point: (8, 18), End point: (8, 18)]. @17-09-2021 02:00:03.0621 AM
[ReportManager] Element Action [GetText] successfully performed. With the following test data [Dropped!]. @17-09-2021 02:00:03.0680 AM
[ReportManager] Assertion Passed: Checking to see if the text has changed after performing drag and drop @17-09-2021 02:00:03.0680 AM
[ReportManager] Assertion [ValidateEquals] PASSED. Expected [Drop here] and Actual [Dropped!]. Comparison Type [EQUALS]. Validation Type [NEGATIVE]. @17-09-2021 02:00:03.0680 A
[ReportManager] Browser Action [CloseCurrentWindow] successfully performed. @17-09-2021 02:00:03.0804 AM
[ReportManager] Successfully created attachment [Browser Action Test Data - CloseCurrentWindow - Actual Value] @17-09-2021 02:00:03.0805 A
[ReportManager] File Action [GetAbsolutePath] successfully performed. With the following test data [Relative Folder Path: "target/downloadedFiles/"]. @17-09-2021 02:00:03.0807 AM
[ReportManager] Attempting to run remotely on: [Linux-64], [GoogleChrome], [http://localhost:4444/wd/hub], Headless Execution. @17-09-2021 02:00:03.0807 AM
[ReportManager] Successfully Opened [GoogleChrome]. @17-09-2021 02:00:03.0990 A

################################################################################################################################################
Starting Execution:	[75 out of 143] test cases in the current suite
Test Method:		[testPackage01.Test_dragAndDrop.dragAndDrop]
Test Description:	[TC001 - Test Drag and Drop function.]
################################################################################################################################################
[ReportManager] Target URL: [http://the-internet.herokuapp.com/drag_and_drop] @17-09-2021 02:00:04.0003 AM
[ReportManager] Initial URL: [data:,] @17-09-2021 02:00:04.0045 AM
[ReportManager] Browser Action [NavigateToURL] successfully performed. With the following test data [http://the-internet.herokuapp.com/drag_and_drop]. @17-09-2021 02:00:04.0383 AM
[ReportManager] Attempting Drag and Drop @17-09-2021 02:00:04.0384 AM
[ReportManager] Element Action [DragAndDrop] successfully performed. With the following test data [Start point: (32, 89), End point: (247, 89)]. @17-09-2021 02:00:05.0572 A
[ReportManager] Browser Action [CloseCurrentWindow] successfully performed. @17-09-2021 02:00:05.0667 AM
[ReportManager] Successfully created attachment [Browser Action Test Data - CloseCurrentWindow - Actual Value] @17-09-2021 02:00:05.0667 A
[ReportManager] File Action [GetAbsolutePath] successfully performed. With the following test data [Relative Folder Path: "target/downloadedFiles/"]. @17-09-2021 02:00:05.0669 AM
[ReportManager] Attempting to run remotely on: [Linux-64], [GoogleChrome], [http://localhost:4444/wd/hub], Headless Execution. @17-09-2021 02:00:05.0669 AM
[ReportManager] Successfully Opened [GoogleChrome]. @17-09-2021 02:00:05.0935 A

################################################################################################################################################
Starting Execution:	[76 out of 143] test cases in the current suite
Test Method:		[testPackage01.Test_dragAndDrop.dragAndDropByOffset]
Test Description:	[TC002 - Test Drag and Drop by offset function.]
################################################################################################################################################
[ReportManager] Target URL: [https://jqueryui.com/resources/demos/draggable/default.html] @17-09-2021 02:00:05.0953 AM
[ReportManager] Initial URL: [data:,] @17-09-2021 02:00:05.0990 AM
[ReportManager] Browser Action [NavigateToURL] successfully performed. With the following test data [https://jqueryui.com/resources/demos/draggable/default.html]. @17-09-2021 02:00:06.0276 AM
[ReportManager] Element Action [DragAndDropByOffset] successfully performed. With the following test data [Start point: (8, 8), End point: (108, 58)]. @17-09-2021 02:00:06.0453 A
[ReportManager] Browser Action [CloseCurrentWindow] successfully performed. @17-09-2021 02:00:06.0549 AM
[ReportManager] Successfully created attachment [Browser Action Test Data - CloseCurrentWindow - Actual Value] @17-09-2021 02:00:06.0549 A
[ReportManager] File Action [GetAbsolutePath] successfully performed. With the following test data [Relative Folder Path: "target/downloadedFiles/"]. @17-09-2021 02:00:06.0551 AM
[ReportManager] Attempting to run remotely on: [Linux-64], [GoogleChrome], [http://localhost:4444/wd/hub], Headless Execution. @17-09-2021 02:00:06.0551 AM
[ReportManager] Successfully Opened [GoogleChrome]. @17-09-2021 02:00:06.0742 A

################################################################################################################################################
Starting Execution:	[77 out of 143] test cases in the current suite
Test Method:		[testPackage01.Test_verifyEquals.test_assertElementAttribute]
################################################################################################################################################
[ReportManager] Target URL: [https://www.google.com/ncr], and after redirection: [https://www.google.com] @17-09-2021 02:00:06.0762 AM
[ReportManager] Initial URL: [data:,] @17-09-2021 02:00:06.0799 AM
[ReportManager] Browser Action [NavigateToURL] successfully performed. With the following test data [https://www.google.com/ncr]. @17-09-2021 02:00:08.0320 AM
[ReportManager] Element Action [Type] successfully performed. With the following test data [INC_004010050:Another SCHEDULER with the same name [Duplicate Job Name] already exists.]. @17-09-2021 02:00:08.0985 AM
[ReportManager] Element Action [GetText] successfully performed. With the following test data [INC_004010050:Another SCHEDULER with the same name [Duplicate Job Name] already exists.]. @17-09-2021 02:00:09.0079 AM
[ReportManager] Loaded Shared OpenCV @17-09-2021 02:00:09.0214 AM
[ReportManager] Verification [ValidateElementAttribute] PASSED. Expected [Value Should be 'INC_004010050:Another SCHEDULER with the same name \[Duplicate Job Name\] already exists.' for the 'text' attribute, element locator 'By.name: q'] and Actual [INC_004010050:Another SCHEDULER with the same name [Duplicate Job Name] already exists.]. Comparison Type [MATCHES]. Validation Type [POSITIVE]. @17-09-2021 02:00:09.0319 AM
[ReportManager] Successfully created attachment [Screenshot - 1631844009214_test_assertElementAttribute_ValidateElementAttribute_passed] @17-09-2021 02:00:09.0320 A
[ReportManager] Browser Action [CloseCurrentWindow] successfully performed. @17-09-2021 02:00:09.0446 AM
[ReportManager] Successfully created attachment [Browser Action Test Data - CloseCurrentWindow - Actual Value] @17-09-2021 02:00:09.0447 A
[ReportManager] Successfully loaded the following test data file [src/test/resources/TestDataFiles/testSuite01/TestData.xlsx]. @17-09-2021 02:00:09.0484 AM
[ReportManager] Successfully created attachment [Test Data - Excel] @17-09-2021 02:00:09.0484 AM
[ReportManager] Attempting to run using Playwright locally on: [Linux-64], [GoogleChrome], Headless Execution. @17-09-2021 02:00:27.0684 AM
[ReportManager] File Action [GetAbsolutePath] successfully performed. With the following test data [Relative Folder Path: "target/downloadedFiles/"]. @17-09-2021 02:00:27.0687 AM
[ReportManager] Initial window size: (1280, 720) @17-09-2021 02:00:28.0698 AM
[ReportManager] Window size after Toolkit: com.microsoft.playwright.options.ViewportSize@361986c2 @17-09-2021 02:00:28.0704 AM
[ReportManager] Browser Action [MaximizeWindow] successfully performed. With the following test data [New screen size is now: (1920, 1080)]. @17-09-2021 02:00:28.0714 A

################################################################################################################################################
Starting Execution:	[78 out of 143] test cases in the current suite
Test Method:		[testPackage01.Test_google_playwright.navigateToURLandVerifyGoogleLogoIsDisplayed]
Test Description:	[TC001 - Navigate to URL and Verify Google Logo is Displayed]
################################################################################################################################################
[ReportManager] Target URL: [https://www.google.com/ncr], and after redirection: [https://www.google.com] @17-09-2021 02:00:28.0719 AM
[ReportManager] Initial URL: [about:blank] @17-09-2021 02:00:29.0182 AM
[ReportManager] Browser Action [NavigateToURL] successfully performed. With the following test data [https://www.google.com/ncr]. @17-09-2021 02:00:30.0585 AM
[ReportManager] Loaded Shared OpenCV @17-09-2021 02:00:30.0809 AM
[ReportManager] Assertion [ValidateElementExists] PASSED. Expected [Element Should Exist, locator 'xpath=//*[@id='hplogo' or @alt='Google']'] and Actual [Element Exists]. Comparison Type [EQUALS]. Validation Type [POSITIVE]. @17-09-2021 02:00:31.0159 AM
[ReportManager] Successfully created attachment [Screenshot - 1631844030805_navigateToURLandVerifyGoogleLogoIsDisplayed_ValidateElementExists_passed] @17-09-2021 02:00:31.0160 A

################################################################################################################################################
Starting Execution:	[79 out of 143] test cases in the current suite
Test Method:		[testPackage01.Test_google_playwright.searchForQueryandAssertResultsNumDisplayed]
Test Description:	[TC002 - Search for Query and Assert that the number of results is displayed]
################################################################################################################################################
[ReportManager] Element Action [Type] successfully performed. With the following test data [SHAFT_Engine]. @17-09-2021 02:00:31.0448 AM
[ReportManager] Element Action [KeyPress] successfully performed. With the following test data [Enter]. @17-09-2021 02:00:31.0484 AM
[ReportManager] Element Action [GetText] successfully performed. With the following test data [About 780,000 results (0.78 seconds) ]. @17-09-2021 02:00:32.0519 AM
[ReportManager] Loaded Shared OpenCV @17-09-2021 02:00:33.0854 AM
[ReportManager] Assertion [ValidateElementAttribute] PASSED. Expected [Value Should not be '' for the 'text' attribute, element locator 'xpath=//div[@id='appbar']'] and Actual [About 780,000 results (0.78 seconds) ]. Comparison Type [EQUALS]. Validation Type [NEGATIVE]. @17-09-2021 02:00:34.0157 AM
[ReportManager] Successfully created attachment [Screenshot - 1631844033852_searchForQueryandAssertResultsNumDisplayed_ValidateElementAttribute_passed] @17-09-2021 02:00:34.0161 A

################################################################################################################################################
Starting Execution:	[80 out of 143] test cases in the current suite
Test Method:		[testPackage01.Test_google_playwright.clickNextThrice]
Test Description:	[TC003 - Clicks the next button to make sure that the framework can scroll element into view before clicking it]
################################################################################################################################################
[ReportManager] Element Action [Click] successfully performed. With the following test data [Next]. @17-09-2021 02:00:34.0439 A
[ReportManager] Failed to find video recording. @17-09-2021 02:00:34.0442 AM
[ReportManager] Successfully Closed PlayWright Driver. @17-09-2021 02:00:34.0501 A

################################################################################################################################################
Starting Execution:	[81 out of 143] test cases in the current suite
Test Method:		[testPackage01.Test_JsonActions.f]
###############################################################################################################################################

################################################################################################################################################
Starting Execution:	[82 out of 143] test cases in the current suite
Test Method:		[testPackage01.Test_JsonActions.f2]
###############################################################################################################################################

################################################################################################################################################
Starting Execution:	[83 out of 143] test cases in the current suite
Test Method:		[testPackage01.Test_AssertApiResponseEquals.assertApiResponseEquals_expectedToPass]
################################################################################################################################################
[ReportManager] Response status code: [200], status line: [HTTP/1.1 200 OK] @17-09-2021 02:00:34.0589 AM
[ReportManager] Assertion Passed: Evaluating the actual response status code against the expected one... @17-09-2021 02:00:34.0589 AM
[ReportManager] Assertion [ValidateEquals] PASSED. Expected [200] and Actual [200]. Comparison Type [EQUALS]. Validation Type [POSITIVE]. @17-09-2021 02:00:34.0589 AM
[ReportManager] API Action [PerformRequest] successfully performed. With the following test data [Request Type: "GET" | Target Status Code: "200" | Service URL: "https://jsonplaceholder.typicode.com/users" | Content Type: "*/*" | Response Time: "54ms"]. @17-09-2021 02:00:34.0607 AM
[ReportManager] Successfully created attachment [API Request - Specifications] @17-09-2021 02:00:34.0607 AM
[ReportManager] Successfully created attachment [API Response - JSON Body] @17-09-2021 02:00:34.0608 AM
[ReportManager] API Action [GetResponseJSONValueAsList] successfully performed. With the following test data [$]. @17-09-2021 02:00:34.0612 AM
[ReportManager] API Action [GetResponseJSONValue] successfully performed. With the following test data [name]. @17-09-2021 02:00:34.0620 AM
[ReportManager] API Action [GetResponseJSONValue] successfully performed. With the following test data [email]. @17-09-2021 02:00:34.0628 AM
[ReportManager] Verification [ValidateEquals] PASSED. Expected [Sincere@april.biz] and Actual [Sincere@april.biz]. Comparison Type [EQUALS]. Validation Type [POSITIVE]. @17-09-2021 02:00:34.0628 AM
[ReportManager] API Action [GetResponseJSONValue] successfully performed. With the following test data [username]. @17-09-2021 02:00:34.0635 AM
[ReportManager] Assertion [ValidateEquals] PASSED. Expected [Bret] and Actual [Bret]. Comparison Type [EQUALS]. Validation Type [POSITIVE]. @17-09-2021 02:00:34.0635 AM
[ReportManager] API Action [GetResponseJSONValue] successfully performed. With the following test data [name]. @17-09-2021 02:00:34.0642 AM
[ReportManager] API Action [GetResponseJSONValue] successfully performed. With the following test data [name]. @17-09-2021 02:00:34.0649 AM
[ReportManager] API Action [GetResponseJSONValue] successfully performed. With the following test data [name]. @17-09-2021 02:00:34.0655 AM
[ReportManager] API Action [GetResponseJSONValue] successfully performed. With the following test data [name]. @17-09-2021 02:00:34.0661 AM
[ReportManager] API Action [GetResponseJSONValue] successfully performed. With the following test data [name]. @17-09-2021 02:00:34.0668 AM
[ReportManager] API Action [GetResponseJSONValue] successfully performed. With the following test data [name]. @17-09-2021 02:00:34.0675 AM
[ReportManager] API Action [GetResponseJSONValue] successfully performed. With the following test data [name]. @17-09-2021 02:00:34.0684 AM
[ReportManager] API Action [GetResponseJSONValue] successfully performed. With the following test data [name]. @17-09-2021 02:00:34.0691 AM
[ReportManager] API Action [GetResponseJSONValue] successfully performed. With the following test data [name]. @17-09-2021 02:00:34.0716 A
[ReportManager] File Action [GetAbsolutePath] successfully performed. With the following test data [Relative Folder Path: "target/downloadedFiles/"]. @17-09-2021 02:00:34.0726 AM
[ReportManager] Attempting to run remotely on: [Linux-64], [GoogleChrome], [http://localhost:4444/wd/hub], Headless Execution. @17-09-2021 02:00:34.0726 AM
[ReportManager] Successfully Opened [GoogleChrome]. @17-09-2021 02:00:35.0013 A

################################################################################################################################################
Starting Execution:	[84 out of 143] test cases in the current suite
Test Method:		[testPackage01.Test_ShadowDOM.shadowdom]
################################################################################################################################################
[ReportManager] Target URL: [https://mdn.github.io/web-components-examples/popup-info-box-web-component/] @17-09-2021 02:00:35.0028 AM
[ReportManager] Initial URL: [data:,] @17-09-2021 02:00:35.0071 AM
[ReportManager] Browser Action [NavigateToURL] successfully performed. With the following test data [https://mdn.github.io/web-components-examples/popup-info-box-web-component/]. @17-09-2021 02:00:35.0269 AM
[ReportManager] Element Action [Type] successfully performed. With the following test data [Typing into SHADOW DOM...]. @17-09-2021 02:00:35.0541 AM
[ReportManager] Element Action [GetText] successfully performed. With the following test data [Typing into SHADOW DOM...]. @17-09-2021 02:00:35.0641 AM
[ReportManager] Loaded Shared OpenCV @17-09-2021 02:00:35.0769 AM
[ReportManager] Assertion [ValidateElementAttribute] PASSED. Expected [Value Should be 'Typing into SHADOW DOM...' for the 'Text' attribute, element locator 'By.id: cvc'] and Actual [Typing into SHADOW DOM...]. Comparison Type [EQUALS]. Validation Type [POSITIVE]. @17-09-2021 02:00:35.0863 AM
[ReportManager] Successfully created attachment [Screenshot - 1631844035769_shadowdom_ValidateElementAttribute_passed] @17-09-2021 02:00:35.0864 A
[ReportManager] Browser Action [CloseCurrentWindow] successfully performed. @17-09-2021 02:00:35.0948 AM
[ReportManager] Successfully created attachment [Browser Action Test Data - CloseCurrentWindow - Actual Value] @17-09-2021 02:00:35.0949 A

################################################################################################################################################
Starting Execution:	[85 out of 143] test cases in the current suite
Test Method:		[testPackage01.Test_SelectedValue.multipleSelect]
################################################################################################################################################
[ReportManager] File Action [GetAbsolutePath] successfully performed. With the following test data [Relative Folder Path: "target/downloadedFiles/"]. @17-09-2021 02:00:35.0954 AM
[ReportManager] Attempting to run remotely on: [Linux-64], [GoogleChrome], [http://localhost:4444/wd/hub], Headless Execution. @17-09-2021 02:00:35.0955 AM
[ReportManager] Successfully Opened [GoogleChrome]. @17-09-2021 02:00:36.0151 AM
[ReportManager] Target URL: [https://yari-demos.prod.mdn.mozit.cloud/en-US/docs/Web/HTML/Element/select/_sample_.Advanced_select_with_multiple_features.html] @17-09-2021 02:00:36.0174 AM
[ReportManager] Initial URL: [data:,] @17-09-2021 02:00:36.0211 AM
[ReportManager] Browser Action [NavigateToURL] successfully performed. With the following test data [https://yari-demos.prod.mdn.mozit.cloud/en-US/docs/Web/HTML/Element/select/_sample_.Advanced_select_with_multiple_features.html]. @17-09-2021 02:00:36.0580 AM
[ReportManager] Element Action [Select] successfully performed. With the following test data [Dog]. @17-09-2021 02:00:36.0799 AM
[ReportManager] Element Action [Select] successfully performed. With the following test data [Cat]. @17-09-2021 02:00:37.0011 AM
[ReportManager] Element Action [GetSelectedText] successfully performed. With the following test data [DogCat]. @17-09-2021 02:00:37.0145 AM
[ReportManager] DogCat @17-09-2021 02:00:37.0145 AM
[ReportManager] Element Action [GetSelectedText] successfully performed. With the following test data [DogCat]. @17-09-2021 02:00:37.0276 AM
[ReportManager] Loaded Shared OpenCV @17-09-2021 02:00:37.0385 AM
[ReportManager] Assertion [ValidateElementAttribute] PASSED. Expected [Value Should be 'DogCat' for the 'selectedText' attribute, element locator 'By.tagName: select'] and Actual [DogCat]. Comparison Type [EQUALS]. Validation Type [POSITIVE]. @17-09-2021 02:00:37.0452 AM
[ReportManager] Successfully created attachment [Screenshot - 1631844037385_multipleSelect_ValidateElementAttribute_passed] @17-09-2021 02:00:37.0453 AM
[ReportManager] Browser Action [CloseCurrentWindow] successfully performed. @17-09-2021 02:00:37.0548 AM
[ReportManager] Successfully created attachment [Browser Action Test Data - CloseCurrentWindow - Actual Value] @17-09-2021 02:00:37.0549 A

################################################################################################################################################
Starting Execution:	[86 out of 143] test cases in the current suite
Test Method:		[testPackage01.Test_SelectedValue.simpleSelect]
################################################################################################################################################
[ReportManager] File Action [GetAbsolutePath] successfully performed. With the following test data [Relative Folder Path: "target/downloadedFiles/"]. @17-09-2021 02:00:37.0552 AM
[ReportManager] Attempting to run remotely on: [Linux-64], [GoogleChrome], [http://localhost:4444/wd/hub], Headless Execution. @17-09-2021 02:00:37.0552 AM
[ReportManager] Successfully Opened [GoogleChrome]. @17-09-2021 02:00:37.0738 AM
[ReportManager] Target URL: [https://yari-demos.prod.mdn.mozit.cloud/en-US/docs/Web/HTML/Element/select/_sample_.Basic_select.html] @17-09-2021 02:00:37.0747 AM
[ReportManager] Initial URL: [data:,] @17-09-2021 02:00:37.0784 AM
[ReportManager] Browser Action [NavigateToURL] successfully performed. With the following test data [https://yari-demos.prod.mdn.mozit.cloud/en-US/docs/Web/HTML/Element/select/_sample_.Basic_select.html]. @17-09-2021 02:00:38.0007 AM
[ReportManager] Element Action [Select] successfully performed. With the following test data [Third Value]. @17-09-2021 02:00:38.0299 AM
[ReportManager] Element Action [GetSelectedText] successfully performed. With the following test data [Third Value]. @17-09-2021 02:00:38.0411 AM
[ReportManager] Third Value @17-09-2021 02:00:38.0411 AM
[ReportManager] Element Action [GetSelectedText] successfully performed. With the following test data [Third Value]. @17-09-2021 02:00:38.0500 AM
[ReportManager] Loaded Shared OpenCV @17-09-2021 02:00:38.0613 AM
[ReportManager] Assertion [ValidateElementAttribute] PASSED. Expected [Value Should be 'Third Value' for the 'selectedText' attribute, element locator 'By.tagName: select'] and Actual [Third Value]. Comparison Type [EQUALS]. Validation Type [POSITIVE]. @17-09-2021 02:00:38.0689 AM
[ReportManager] Successfully created attachment [Screenshot - 1631844038613_simpleSelect_ValidateElementAttribute_passed] @17-09-2021 02:00:38.0690 AM
[ReportManager] Browser Action [CloseCurrentWindow] successfully performed. @17-09-2021 02:00:38.0772 AM
[ReportManager] Successfully created attachment [Browser Action Test Data - CloseCurrentWindow - Actual Value] @17-09-2021 02:00:38.0775 A
[ReportManager] File Action [GetAbsolutePath] successfully performed. With the following test data [Relative Folder Path: "target/downloadedFiles/"]. @17-09-2021 02:00:38.0785 AM
[ReportManager] Attempting to run remotely on: [Linux-64], [GoogleChrome], [http://localhost:4444/wd/hub], Headless Execution. @17-09-2021 02:00:38.0785 AM
[ReportManager] Successfully Opened [GoogleChrome]. @17-09-2021 02:00:38.0963 A

################################################################################################################################################
Starting Execution:	[87 out of 143] test cases in the current suite
Test Method:		[testPackage01.Test_IsElementClickable.testIsElementClickable]
################################################################################################################################################
[ReportManager] Target URL: [https://the-internet.herokuapp.com/] @17-09-2021 02:00:38.0974 AM
[ReportManager] Initial URL: [data:,] @17-09-2021 02:00:39.0013 AM
[ReportManager] Browser Action [NavigateToURL] successfully performed. With the following test data [https://the-internet.herokuapp.com/]. @17-09-2021 02:00:39.0412 AM
[ReportManager] Element Action [IsElementClickable] successfully performed. @17-09-2021 02:00:39.0549 AM
[ReportManager] Assertion [ValidateTrue] PASSED. Expected [TRUE] and Actual [TRUE]. Validation Type [POSITIVE]. @17-09-2021 02:00:39.0550 A
[ReportManager] Browser Action [CloseCurrentWindow] successfully performed. @17-09-2021 02:00:39.0641 AM
[ReportManager] Successfully created attachment [Browser Action Test Data - CloseCurrentWindow - Actual Value] @17-09-2021 02:00:39.0644 A
[ReportManager] File Action [GetAbsolutePath] successfully performed. With the following test data [Relative Folder Path: "target/downloadedFiles/"]. @17-09-2021 02:00:39.0646 AM
[ReportManager] Attempting to run remotely on: [Linux-64], [GoogleChrome], [http://localhost:4444/wd/hub], Headless Execution. @17-09-2021 02:00:39.0646 AM
[ReportManager] Successfully Opened [GoogleChrome]. @17-09-2021 02:00:39.0825 A

################################################################################################################################################
Starting Execution:	[88 out of 143] test cases in the current suite
Test Method:		[testPackage01.Test_clipboardActions.typeTextAndCopyPaste]
################################################################################################################################################
[ReportManager] Target URL: [https://www.google.com/ncr], and after redirection: [https://www.google.com] @17-09-2021 02:00:39.0837 AM
[ReportManager] Initial URL: [data:,] @17-09-2021 02:00:39.0878 AM
[ReportManager] Browser Action [NavigateToURL] successfully performed. With the following test data [https://www.google.com/ncr]. @17-09-2021 02:00:40.0652 AM
[ReportManager] Element Action [Type] successfully performed. With the following test data [FIRST]. @17-09-2021 02:00:41.0069 AM
[ReportManager] Element Action [ClipboardActions] successfully performed. With the following test data [select all]. @17-09-2021 02:00:41.0130 AM
[ReportManager] Element Action [ClipboardActions] successfully performed. With the following test data [copy]. @17-09-2021 02:00:41.0190 AM
[ReportManager] Element Action [ClipboardActions] successfully performed. With the following test data [unselect]. @17-09-2021 02:00:41.0258 AM
[ReportManager] Element Action [ClipboardActions] successfully performed. With the following test data [paste]. @17-09-2021 02:00:41.0315 AM
[ReportManager] Element Action [ClipboardActions] successfully performed. With the following test data [select all]. @17-09-2021 02:00:41.0363 AM
[ReportManager] Element Action [Type] successfully performed. @17-09-2021 02:00:41.0564 AM
[ReportManager] Element Action [ClipboardActions] successfully performed. With the following test data [cut]. @17-09-2021 02:00:41.0564 AM
[ReportManager] Element Action [ClipboardActions] successfully performed. With the following test data [paste]. @17-09-2021 02:00:41.0623 AM
[ReportManager] Element Action [ClipboardActions] successfully performed. With the following test data [paste]. @17-09-2021 02:00:41.0685 A
[ReportManager] Browser Action [CloseCurrentWindow] successfully performed. @17-09-2021 02:00:41.0838 AM
[ReportManager] Successfully created attachment [Browser Action Test Data - CloseCurrentWindow - Actual Value] @17-09-2021 02:00:41.0838 A
[ReportManager] File Action [GetAbsolutePath] successfully performed. With the following test data [Relative Folder Path: "target/downloadedFiles/"]. @17-09-2021 02:00:41.0840 AM
[ReportManager] Attempting to run remotely on: [Linux-64], [GoogleChrome], [http://localhost:4444/wd/hub], Headless Execution. @17-09-2021 02:00:41.0840 AM
[ReportManager] Successfully Opened [GoogleChrome]. @17-09-2021 02:00:42.0044 A

################################################################################################################################################
Starting Execution:	[89 out of 143] test cases in the current suite
Test Method:		[testPackage01.Test_dynamicLoading.dynamicLoading_elementIsHidden]
################################################################################################################################################
[ReportManager] Target URL: [https://the-internet.herokuapp.com/dynamic_loading/1] @17-09-2021 02:00:42.0058 AM
[ReportManager] Initial URL: [data:,] @17-09-2021 02:00:42.0098 AM
[ReportManager] Browser Action [NavigateToURL] successfully performed. With the following test data [https://the-internet.herokuapp.com/dynamic_loading/1]. @17-09-2021 02:00:42.0411 AM
[ReportManager] Element Action [Click] successfully performed. With the following test data [Start]. @17-09-2021 02:00:42.0703 AM
[ReportManager] Element Action [GetText] successfully performed. With the following test data [
    Hello World!
  ]. @17-09-2021 02:00:42.0805 AM
[ReportManager] Loaded Shared OpenCV @17-09-2021 02:00:42.0945 AM
[ReportManager] Assertion [ValidateElementAttribute] PASSED. Expected [Value Should be 'Hello World!' for the 'text' attribute, element locator 'By.id: finish'] and Actual [
    Hello World!
  ]. Comparison Type [CONTAINS]. Validation Type [POSITIVE]. @17-09-2021 02:00:43.0033 AM
[ReportManager] Successfully created attachment [Screenshot - 1631844042945_dynamicLoading_elementIsHidden_ValidateElementAttribute_passed] @17-09-2021 02:00:43.0034 A
[ReportManager] Browser Action [CloseCurrentWindow] successfully performed. @17-09-2021 02:00:43.0137 AM
[ReportManager] Successfully created attachment [Browser Action Test Data - CloseCurrentWindow - Actual Value] @17-09-2021 02:00:43.0138 A
[ReportManager] File Action [GetAbsolutePath] successfully performed. With the following test data [Relative Folder Path: "target/downloadedFiles/"]. @17-09-2021 02:00:43.0142 AM
[ReportManager] Attempting to run remotely on: [Linux-64], [GoogleChrome], [http://localhost:4444/wd/hub], Headless Execution. @17-09-2021 02:00:43.0143 AM
[ReportManager] Successfully Opened [GoogleChrome]. @17-09-2021 02:00:43.0336 A

################################################################################################################################################
Starting Execution:	[90 out of 143] test cases in the current suite
Test Method:		[testPackage01.Test_dynamicLoading.dynamicLoading_elementIsRendered]
################################################################################################################################################
[ReportManager] Target URL: [https://the-internet.herokuapp.com/dynamic_loading/2] @17-09-2021 02:00:43.0348 AM
[ReportManager] Initial URL: [data:,] @17-09-2021 02:00:43.0385 AM
[ReportManager] Browser Action [NavigateToURL] successfully performed. With the following test data [https://the-internet.herokuapp.com/dynamic_loading/2]. @17-09-2021 02:00:43.0715 AM
[ReportManager] Element Action [Click] successfully performed. With the following test data [Start]. @17-09-2021 02:00:44.0026 AM
[ReportManager] Element Action [GetText] successfully performed. With the following test data [Hello World!]. @17-09-2021 02:00:49.0210 AM
[ReportManager] Loaded Shared OpenCV @17-09-2021 02:00:49.0359 AM
[ReportManager] Assertion [ValidateElementAttribute] PASSED. Expected [Value Should be 'Hello World!' for the 'text' attribute, element locator 'By.id: finish'] and Actual [Hello World!]. Comparison Type [CONTAINS]. Validation Type [POSITIVE]. @17-09-2021 02:00:49.0446 AM
[ReportManager] Successfully created attachment [Screenshot - 1631844049359_dynamicLoading_elementIsRendered_ValidateElementAttribute_passed] @17-09-2021 02:00:49.0447 A
[ReportManager] Browser Action [CloseCurrentWindow] successfully performed. @17-09-2021 02:00:49.0543 AM
[ReportManager] Successfully created attachment [Browser Action Test Data - CloseCurrentWindow - Actual Value] @17-09-2021 02:00:49.0544 A

################################################################################################################################################
Starting Execution:	[91 out of 143] test cases in the current suite
Test Method:		[testPackage01.Test_JsonCompareWithSpecialCharacters.specialCharacters]
################################################################################################################################################
[ReportManager] File Action [GetAbsolutePath] successfully performed. With the following test data [Relative Folder Path: "src/test/resources/TestJsonFiles/specialCharacters.json"]. @17-09-2021 02:00:49.0555 AM
[ReportManager] File Action [ReadFromFile] successfully performed. With the following test data [File Path: "/home/runner/work/SHAFT_ENGINE/SHAFT_ENGINE/src/test/resources/TestJsonFiles/specialCharacters.json"]. @17-09-2021 02:00:49.0562 AM
[ReportManager] Successfully created attachment [File Action Actual Result - Command Log] @17-09-2021 02:00:49.0562 AM
[ReportManager] Comparing the provided API response with the file at this path "src/test/resources/TestJsonFiles/specialCharacters.json", comparison type "EQUALS" @17-09-2021 02:00:49.0563 AM
[ReportManager] API Action [CompareJSON] successfully performed. With the following test data [src/test/resources/TestJsonFiles/specialCharacters.json]. @17-09-2021 02:00:49.0574 AM
[ReportManager] File Action [GetAbsolutePath] successfully performed. With the following test data [Relative Folder Path: "src/test/resources/TestJsonFiles/specialCharacters.json"]. @17-09-2021 02:00:49.0574 AM
[ReportManager] File Action [ReadFromFile] successfully performed. With the following test data [File Path: "/home/runner/work/SHAFT_ENGINE/SHAFT_ENGINE/src/test/resources/TestJsonFiles/specialCharacters.json"]. @17-09-2021 02:00:49.0574 AM
[ReportManager] Verification [ValidateJSONFileContent] PASSED. Expected [Response data should match the JSON File in this path 'src/test/resources/TestJsonFiles/specialCharacters.json'] and Actual [TRUE]. Comparison Type [EQUALS]. Validation Type [POSITIVE]. @17-09-2021 02:00:49.0578 AM
[ReportManager] Successfully created attachment [Validation Test Data - Expected JSON Value] @17-09-2021 02:00:49.0578 AM
[ReportManager] Successfully created attachment [Validation Test Data - Actual JSON Value] @17-09-2021 02:00:49.0578 A

################################################################################################################################################
Starting Execution:	[92 out of 143] test cases in the current suite
Test Method:		[testPackage01.Test_JsonCompareWithSpecialCharacters.specialCharacters_assertion]
################################################################################################################################################
[ReportManager] File Action [GetAbsolutePath] successfully performed. With the following test data [Relative Folder Path: "src/test/resources/TestJsonFiles/specialCharacters.json"]. @17-09-2021 02:00:49.0581 AM
[ReportManager] File Action [ReadFromFile] successfully performed. With the following test data [File Path: "/home/runner/work/SHAFT_ENGINE/SHAFT_ENGINE/src/test/resources/TestJsonFiles/specialCharacters.json"]. @17-09-2021 02:00:49.0582 AM
[ReportManager] Successfully created attachment [File Action Actual Result - Command Log] @17-09-2021 02:00:49.0582 AM
[ReportManager] Comparing the provided API response with the file at this path "src/test/resources/TestJsonFiles/specialCharacters.json", comparison type "CONTAINS" @17-09-2021 02:00:49.0582 AM
[ReportManager] API Action [CompareJSON] successfully performed. With the following test data [src/test/resources/TestJsonFiles/specialCharacters.json]. @17-09-2021 02:00:49.0590 AM
[ReportManager] File Action [GetAbsolutePath] successfully performed. With the following test data [Relative Folder Path: "src/test/resources/TestJsonFiles/specialCharacters.json"]. @17-09-2021 02:00:49.0590 AM
[ReportManager] File Action [ReadFromFile] successfully performed. With the following test data [File Path: "/home/runner/work/SHAFT_ENGINE/SHAFT_ENGINE/src/test/resources/TestJsonFiles/specialCharacters.json"]. @17-09-2021 02:00:49.0590 AM
[ReportManager] Assertion Passed: trying out the log message @17-09-2021 02:00:49.0593 AM
[ReportManager] Successfully created attachment [Validation Test Data - Expected JSON Value] @17-09-2021 02:00:49.0594 AM
[ReportManager] Successfully created attachment [Validation Test Data - Actual JSON Value] @17-09-2021 02:00:49.0594 AM
[ReportManager] Assertion [ValidateJSONFileContent] PASSED. Expected [Response data should match the JSON File in this path 'src/test/resources/TestJsonFiles/specialCharacters.json'] and Actual [TRUE]. Comparison Type [CONTAINS]. Validation Type [POSITIVE]. @17-09-2021 02:00:49.0594 A
[ReportManager] File Action [GetAbsolutePath] successfully performed. With the following test data [Relative Folder Path: "target/downloadedFiles/"]. @17-09-2021 02:00:49.0596 AM
[ReportManager] Attempting to run remotely on: [Linux-64], [GoogleChrome], [http://localhost:4444/wd/hub], Headless Execution. @17-09-2021 02:00:49.0597 AM
[ReportManager] Successfully Opened [GoogleChrome]. @17-09-2021 02:00:49.0887 A

################################################################################################################################################
Starting Execution:	[93 out of 143] test cases in the current suite
Test Method:		[testPackage01.Test_uploadFile.uploadFile_invisibleUploadInput]
################################################################################################################################################
[ReportManager] Target URL: [https://fineuploader.com/demos.html#gallery-view] @17-09-2021 02:00:49.0899 AM
[ReportManager] Initial URL: [data:,] @17-09-2021 02:00:49.0936 AM
[ReportManager] Browser Action [NavigateToURL] successfully performed. With the following test data [https://fineuploader.com/demos.html#gallery-view]. @17-09-2021 02:00:51.0397 AM
[ReportManager] File Action [GetAbsolutePath] successfully performed. With the following test data [Relative File Path: "src/main/resources/images/shaft.png"]. @17-09-2021 02:00:51.0397 AM
[ReportManager] Successfully created attachment [File Action Actual Result - Command Log] @17-09-2021 02:00:51.0398 AM
[ReportManager] Element Action [TypeFileLocationForUpload] successfully performed. With the following test data [/home/runner/work/SHAFT_ENGINE/SHAFT_ENGINE/src/main/resources/images/shaft.png]. @17-09-2021 02:00:51.0580 AM
[ReportManager] Attempting to getAttribute [src] from elementLocator [By.xpath: //div[@id='fine-uploader-gallery']//div[@class='qq-thumbnail-wrapper']/img]. @17-09-2021 02:00:51.0581 AM
[ReportManager] Element Action [GetAttribute] successfully performed. @17-09-2021 02:00:51.0682 AM
[ReportManager] Successfully created attachment [Element Action Test Data - GetAttribute - Actual Value] @17-09-2021 02:00:51.0683 AM
[ReportManager] Loaded Shared OpenCV @17-09-2021 02:00:51.0817 AM
[ReportManager] Assertion [ValidateElementAttribute] PASSED. Expected and Actual values are attached. Comparison Type [CONTAINS]. Validation Type [POSITIVE]. @17-09-2021 02:00:51.0908 AM
[ReportManager] Successfully created attachment [Validation Test Data - Expected Value] @17-09-2021 02:00:51.0909 AM
[ReportManager] Successfully created attachment [Validation Test Data - Actual Value] @17-09-2021 02:00:51.0909 AM
[ReportManager] Successfully created attachment [Screenshot - 1631844051817_uploadFile_invisibleUploadInput_ValidateElementAttribute_passed] @17-09-2021 02:00:51.0910 A
[ReportManager] Browser Action [CloseCurrentWindow] successfully performed. @17-09-2021 02:00:52.0053 AM
[ReportManager] Successfully created attachment [Browser Action Test Data - CloseCurrentWindow - Actual Value] @17-09-2021 02:00:52.0054 A
[ReportManager] File Action [GetAbsolutePath] successfully performed. With the following test data [Relative Folder Path: "target/downloadedFiles/"]. @17-09-2021 02:00:52.0057 AM
[ReportManager] Attempting to run remotely on: [Linux-64], [GoogleChrome], [http://localhost:4444/wd/hub], Headless Execution. @17-09-2021 02:00:52.0058 AM
[ReportManager] Successfully Opened [GoogleChrome]. @17-09-2021 02:00:52.0266 A

################################################################################################################################################
Starting Execution:	[94 out of 143] test cases in the current suite
Test Method:		[testPackage01.Test_uploadFile.uploadFile_visibleUploadInput]
################################################################################################################################################
[ReportManager] Target URL: [http://demo.guru99.com/test/upload/] @17-09-2021 02:00:52.0280 AM
[ReportManager] Initial URL: [data:,] @17-09-2021 02:00:52.0318 AM
[ReportManager] Browser Action [NavigateToURL] successfully performed. With the following test data [http://demo.guru99.com/test/upload/]. @17-09-2021 02:00:53.0170 AM
[ReportManager] File Action [GetAbsolutePath] successfully performed. With the following test data [Relative File Path: "src/main/resources/images/shaft.png"]. @17-09-2021 02:00:53.0171 AM
[ReportManager] Successfully created attachment [File Action Actual Result - Command Log] @17-09-2021 02:00:53.0171 AM
[ReportManager] Element Action [TypeFileLocationForUpload] successfully performed. With the following test data [/home/runner/work/SHAFT_ENGINE/SHAFT_ENGINE/src/main/resources/images/shaft.png]. @17-09-2021 02:00:53.0327 AM
[ReportManager] Element Action [Click] successfully performed. With the following test data [on]. @17-09-2021 02:00:53.0644 AM
[ReportManager] Element Action [Click] successfully performed. With the following test data [Submit File]. @17-09-2021 02:00:53.0926 AM
[ReportManager] Element Action [GetText] successfully performed. With the following test data [1 file
has been successfully uploaded.]. @17-09-2021 02:00:54.0561 AM
[ReportManager] Loaded Shared OpenCV @17-09-2021 02:00:54.0695 AM
[ReportManager] Assertion [ValidateElementAttribute] PASSED. Expected [Value Should be '1 file' for the 'Text' attribute, element locator 'By.id: res'] and Actual [1 file
has been successfully uploaded.]. Comparison Type [CONTAINS]. Validation Type [POSITIVE]. @17-09-2021 02:00:54.0782 AM
[ReportManager] Successfully created attachment [Screenshot - 1631844054695_uploadFile_visibleUploadInput_ValidateElementAttribute_passed] @17-09-2021 02:00:54.0783 A
[ReportManager] Browser Action [CloseCurrentWindow] successfully performed. @17-09-2021 02:00:54.0896 AM
[ReportManager] Successfully created attachment [Browser Action Test Data - CloseCurrentWindow - Actual Value] @17-09-2021 02:00:54.0896 A
[ReportManager] File Action [GetAbsolutePath] successfully performed. With the following test data [Relative Folder Path: "target/downloadedFiles/"]. @17-09-2021 02:00:54.0899 AM
[ReportManager] Attempting to run remotely on: [Linux-64], [GoogleChrome], [http://localhost:4444/wd/hub], Headless Execution. @17-09-2021 02:00:54.0899 AM
[ReportManager] Successfully Opened [GoogleChrome]. @17-09-2021 02:00:55.0084 A

################################################################################################################################################
Starting Execution:	[95 out of 143] test cases in the current suite
Test Method:		[testPackage01.Test_assertEquals.test_assertElementAttribute]
################################################################################################################################################
[ReportManager] Target URL: [https://www.google.com/ncr], and after redirection: [https://www.google.com] @17-09-2021 02:00:55.0100 AM
[ReportManager] Initial URL: [data:,] @17-09-2021 02:00:55.0148 AM
[ReportManager] Browser Action [NavigateToURL] successfully performed. With the following test data [https://www.google.com/ncr]. @17-09-2021 02:00:55.0936 AM
[ReportManager] Element Action [Type] successfully performed. With the following test data [INC_004010050:Another SCHEDULER with the same name [Duplicate Job Name] already exists.]. @17-09-2021 02:00:56.0549 AM
[ReportManager] Element Action [GetText] successfully performed. With the following test data [INC_004010050:Another SCHEDULER with the same name [Duplicate Job Name] already exists.]. @17-09-2021 02:00:56.0631 AM
[ReportManager] Loaded Shared OpenCV @17-09-2021 02:00:56.0764 AM
[ReportManager] Assertion [ValidateElementAttribute] PASSED. Expected [Value Should be 'INC_004010050:Another SCHEDULER with the same name \[Duplicate Job Name\] already exists.' for the 'text' attribute, element locator 'By.name: q'] and Actual [INC_004010050:Another SCHEDULER with the same name [Duplicate Job Name] already exists.]. Comparison Type [MATCHES]. Validation Type [POSITIVE]. @17-09-2021 02:00:56.0849 AM
[ReportManager] Successfully created attachment [Screenshot - 1631844056764_test_assertElementAttribute_ValidateElementAttribute_passed] @17-09-2021 02:00:56.0850 A
[ReportManager] Browser Action [CloseCurrentWindow] successfully performed. @17-09-2021 02:00:56.0972 AM
[ReportManager] Successfully created attachment [Browser Action Test Data - CloseCurrentWindow - Actual Value] @17-09-2021 02:00:56.0973 A

################################################################################################################################################
Starting Execution:	[96 out of 143] test cases in the current suite
Test Method:		[testPackage01.Test_NewValidationHelper.f1]
################################################################################################################################################
[ReportManager] Assertion Passed: Checking valid user data @17-09-2021 02:00:56.0983 AM
[ReportManager] Successfully created attachment [Validation Test Data - Expected Value] @17-09-2021 02:00:56.0984 AM
[ReportManager] Successfully created attachment [Validation Test Data - Actual Value] @17-09-2021 02:00:56.0984 AM
[ReportManager] Assertion [ValidateEquals] PASSED. Expected and Actual values are attached. Comparison Type [EQUALS]. Validation Type [POSITIVE]. @17-09-2021 02:00:56.0984 A
[ReportManager] File Action [GetAbsolutePath] successfully performed. With the following test data [Relative Folder Path: "target/downloadedFiles/"]. @17-09-2021 02:00:56.0989 AM
[ReportManager] Attempting to run remotely on: [Linux-64], [GoogleChrome], [http://localhost:4444/wd/hub], Headless Execution. @17-09-2021 02:00:56.0989 AM
[ReportManager] Successfully Opened [GoogleChrome]. @17-09-2021 02:00:57.0184 AM
[ReportManager] Target URL: [https://the-internet.herokuapp.com/] @17-09-2021 02:00:57.0194 AM
[ReportManager] Initial URL: [data:,] @17-09-2021 02:00:57.0232 AM
[ReportManager] Browser Action [NavigateToURL] successfully performed. With the following test data [https://the-internet.herokuapp.com/]. @17-09-2021 02:00:57.0556 A

################################################################################################################################################
Starting Execution:	[97 out of 143] test cases in the current suite
Test Method:		[testPackage01.Test_NewValidationHelper.f10]
################################################################################################################################################
[ReportManager] Assertion [ValidateElementExists] FAILED. Expected [Element Should Exist, locator 'By.tagName: div'] and Actual [Element Exists but is not unique]. Comparison Type [EQUALS]. Validation Type [POSITIVE]. @17-09-2021 02:00:57.0826 AM
[ReportManager] Successfully created attachment [Screenshot - 1631844057744_f10_ValidateElementExists_failed] @17-09-2021 02:00:57.0827 A
[ReportManager] Successfully Closed All Drivers. @17-09-2021 02:00:58.0201 A
[ReportManager] File Action [GetAbsolutePath] successfully performed. With the following test data [Relative Folder Path: "target/downloadedFiles/"]. @17-09-2021 02:00:58.0203 AM
[ReportManager] Attempting to run remotely on: [Linux-64], [GoogleChrome], [http://localhost:4444/wd/hub], Headless Execution. @17-09-2021 02:00:58.0203 AM
[ReportManager] Successfully Opened [GoogleChrome]. @17-09-2021 02:00:58.0379 AM
[ReportManager] Target URL: [https://the-internet.herokuapp.com/] @17-09-2021 02:00:58.0388 AM
[ReportManager] Initial URL: [data:,] @17-09-2021 02:00:58.0428 AM
[ReportManager] Browser Action [NavigateToURL] successfully performed. With the following test data [https://the-internet.herokuapp.com/]. @17-09-2021 02:00:58.0749 A

################################################################################################################################################
Starting Execution:	[98 out of 143] test cases in the current suite
Test Method:		[testPackage01.Test_NewValidationHelper.f11]
################################################################################################################################################
[ReportManager] Assertion Passed: Checking that false tag doesn't exist @17-09-2021 02:01:09.0143 AM
[ReportManager] Successfully created attachment [Screenshot - 1631844069071_f11_ValidateElementExists_passed] @17-09-2021 02:01:09.0144 AM
[ReportManager] Assertion [ValidateElementExists] PASSED. Expected [Element Should not Exist, locator 'By.tagName: h3'] and Actual [Element Doesn't Exists]. Comparison Type [EQUALS]. Validation Type [NEGATIVE]. @17-09-2021 02:01:09.0144 A
[ReportManager] Successfully Closed All Drivers. @17-09-2021 02:01:09.0218 A
[ReportManager] File Action [GetAbsolutePath] successfully performed. With the following test data [Relative Folder Path: "target/downloadedFiles/"]. @17-09-2021 02:01:09.0220 AM
[ReportManager] Attempting to run remotely on: [Linux-64], [GoogleChrome], [http://localhost:4444/wd/hub], Headless Execution. @17-09-2021 02:01:09.0221 AM
[ReportManager] Successfully Opened [GoogleChrome]. @17-09-2021 02:01:09.0403 AM
[ReportManager] Target URL: [https://the-internet.herokuapp.com/] @17-09-2021 02:01:09.0413 AM
[ReportManager] Initial URL: [data:,] @17-09-2021 02:01:09.0450 AM
[ReportManager] Browser Action [NavigateToURL] successfully performed. With the following test data [https://the-internet.herokuapp.com/]. @17-09-2021 02:01:09.0791 A

################################################################################################################################################
Starting Execution:	[99 out of 143] test cases in the current suite
Test Method:		[testPackage01.Test_NewValidationHelper.f12]
################################################################################################################################################
[ReportManager] Loaded Shared OpenCV @17-09-2021 02:01:09.0991 AM
[ReportManager] Assertion [ValidateElementExists] FAILED. Expected [Element Should not Exist, locator 'By.tagName: h1'] and Actual [Element Exists]. Comparison Type [EQUALS]. Validation Type [NEGATIVE]. @17-09-2021 02:01:10.0103 AM
[ReportManager] Successfully created attachment [Screenshot - 1631844069991_f12_ValidateElementExists_failed] @17-09-2021 02:01:10.0105 A
[ReportManager] Successfully Closed All Drivers. @17-09-2021 02:01:10.0177 A
[ReportManager] File Action [GetAbsolutePath] successfully performed. With the following test data [Relative Folder Path: "target/downloadedFiles/"]. @17-09-2021 02:01:10.0179 AM
[ReportManager] Attempting to run remotely on: [Linux-64], [GoogleChrome], [http://localhost:4444/wd/hub], Headless Execution. @17-09-2021 02:01:10.0179 AM
[ReportManager] Successfully Opened [GoogleChrome]. @17-09-2021 02:01:10.0369 AM
[ReportManager] Target URL: [https://the-internet.herokuapp.com/] @17-09-2021 02:01:10.0378 AM
[ReportManager] Initial URL: [data:,] @17-09-2021 02:01:10.0413 AM
[ReportManager] Browser Action [NavigateToURL] successfully performed. With the following test data [https://the-internet.herokuapp.com/]. @17-09-2021 02:01:10.0732 A

################################################################################################################################################
Starting Execution:	[100 out of 143] test cases in the current suite
Test Method:		[testPackage01.Test_NewValidationHelper.f13]
################################################################################################################################################
[ReportManager] Assertion [ValidateElementExists] FAILED. Expected [Element Should not Exist, locator 'By.tagName: div'] and Actual [Element Exists but is not unique]. Comparison Type [EQUALS]. Validation Type [NEGATIVE]. @17-09-2021 02:01:10.0988 AM
[ReportManager] Successfully created attachment [Screenshot - 1631844070923_f13_ValidateElementExists_failed] @17-09-2021 02:01:10.0989 A
[ReportManager] Successfully Closed All Drivers. @17-09-2021 02:01:11.0061 A
[ReportManager] File Action [GetAbsolutePath] successfully performed. With the following test data [Relative Folder Path: "target/downloadedFiles/"]. @17-09-2021 02:01:11.0064 AM
[ReportManager] Attempting to run remotely on: [Linux-64], [GoogleChrome], [http://localhost:4444/wd/hub], Headless Execution. @17-09-2021 02:01:11.0064 AM
[ReportManager] Successfully Opened [GoogleChrome]. @17-09-2021 02:01:11.0245 AM
[ReportManager] Target URL: [https://the-internet.herokuapp.com/] @17-09-2021 02:01:11.0257 AM
[ReportManager] Initial URL: [data:,] @17-09-2021 02:01:11.0296 AM
[ReportManager] Browser Action [NavigateToURL] successfully performed. With the following test data [https://the-internet.herokuapp.com/]. @17-09-2021 02:01:11.0613 A

################################################################################################################################################
Starting Execution:	[101 out of 143] test cases in the current suite
Test Method:		[testPackage01.Test_NewValidationHelper.f14]
################################################################################################################################################
[ReportManager] Element Action [GetText] successfully performed. With the following test data [Welcome to the-internet]. @17-09-2021 02:01:11.0692 AM
[ReportManager] Loaded Shared OpenCV @17-09-2021 02:01:11.0841 AM
[ReportManager] Assertion Passed: Asserting that the header text is correct @17-09-2021 02:01:11.0945 AM
[ReportManager] Successfully created attachment [Screenshot - 1631844071841_f14_ValidateElementAttribute_passed] @17-09-2021 02:01:11.0947 AM
[ReportManager] Assertion [ValidateElementAttribute] PASSED. Expected [Value Should be 'Welcome to the-internet' for the 'text' attribute, element locator 'By.tagName: h1'] and Actual [Welcome to the-internet]. Comparison Type [EQUALS]. Validation Type [POSITIVE]. @17-09-2021 02:01:11.0947 A
[ReportManager] Successfully Closed All Drivers. @17-09-2021 02:01:12.0019 A
[ReportManager] File Action [GetAbsolutePath] successfully performed. With the following test data [Relative Folder Path: "target/downloadedFiles/"]. @17-09-2021 02:01:12.0020 AM
[ReportManager] Attempting to run remotely on: [Linux-64], [GoogleChrome], [http://localhost:4444/wd/hub], Headless Execution. @17-09-2021 02:01:12.0021 AM
[ReportManager] Successfully Opened [GoogleChrome]. @17-09-2021 02:01:12.0206 AM
[ReportManager] Target URL: [https://the-internet.herokuapp.com/] @17-09-2021 02:01:12.0217 AM
[ReportManager] Initial URL: [data:,] @17-09-2021 02:01:12.0254 AM
[ReportManager] Browser Action [NavigateToURL] successfully performed. With the following test data [https://the-internet.herokuapp.com/]. @17-09-2021 02:01:13.0511 A

################################################################################################################################################
Starting Execution:	[102 out of 143] test cases in the current suite
Test Method:		[testPackage01.Test_NewValidationHelper.f15]
################################################################################################################################################
[ReportManager] Element Action [GetText] successfully performed. With the following test data [Welcome to the-internet]. @17-09-2021 02:01:13.0598 AM
[ReportManager] Loaded Shared OpenCV @17-09-2021 02:01:13.0735 AM
[ReportManager] Assertion [ValidateElementAttribute] FAILED. Expected [Value Should not be 'Welcome' for the 'text' attribute, element locator 'By.tagName: h1'] and Actual [Welcome to the-internet]. Comparison Type [CONTAINS]. Validation Type [NEGATIVE]. @17-09-2021 02:01:13.0824 AM
[ReportManager] Successfully created attachment [Screenshot - 1631844073735_f15_ValidateElementAttribute_failed] @17-09-2021 02:01:13.0825 A
[ReportManager] Successfully Closed All Drivers. @17-09-2021 02:01:13.0904 A
[ReportManager] File Action [GetAbsolutePath] successfully performed. With the following test data [Relative Folder Path: "target/downloadedFiles/"]. @17-09-2021 02:01:13.0907 AM
[ReportManager] Attempting to run remotely on: [Linux-64], [GoogleChrome], [http://localhost:4444/wd/hub], Headless Execution. @17-09-2021 02:01:13.0907 AM
[ReportManager] Successfully Opened [GoogleChrome]. @17-09-2021 02:01:14.0091 AM
[ReportManager] Target URL: [https://the-internet.herokuapp.com/] @17-09-2021 02:01:14.0109 AM
[ReportManager] Initial URL: [data:,] @17-09-2021 02:01:14.0149 AM
[ReportManager] Browser Action [NavigateToURL] successfully performed. With the following test data [https://the-internet.herokuapp.com/]. @17-09-2021 02:01:14.0468 A

################################################################################################################################################
Starting Execution:	[103 out of 143] test cases in the current suite
Test Method:		[testPackage01.Test_NewValidationHelper.f16]
################################################################################################################################################
[ReportManager] Element Action [IdentifyUniqueElement] failed. With the following test data [zero elements found matching this locator "By.tagName: h3".]. @17-09-2021 02:01:40.0052 AM
[ReportManager] Successfully created attachment [Screenshot - 1631844099971_f16_IdentifyUniqueElement_failed] @17-09-2021 02:01:40.0053 AM
[ReportManager] Assertion [ValidateElementAttribute] FAILED. Expected [Value Should not be 'Welcome' for the 'text' attribute, element locator 'By.tagName: h3'] and Actual [Failed to read the desired element attribute]. Comparison Type [CONTAINS]. Validation Type [NEGATIVE]. @17-09-2021 02:01:40.0054 A
[ReportManager] Successfully Closed All Drivers. @17-09-2021 02:01:40.0132 A
[ReportManager] File Action [GetAbsolutePath] successfully performed. With the following test data [Relative Folder Path: "target/downloadedFiles/"]. @17-09-2021 02:01:40.0138 AM
[ReportManager] Attempting to run remotely on: [Linux-64], [GoogleChrome], [http://localhost:4444/wd/hub], Headless Execution. @17-09-2021 02:01:40.0138 AM
[ReportManager] Successfully Opened [GoogleChrome]. @17-09-2021 02:01:40.0320 AM
[ReportManager] Target URL: [https://the-internet.herokuapp.com/] @17-09-2021 02:01:40.0332 AM
[ReportManager] Initial URL: [data:,] @17-09-2021 02:01:40.0377 AM
[ReportManager] Browser Action [NavigateToURL] successfully performed. With the following test data [https://the-internet.herokuapp.com/]. @17-09-2021 02:01:40.0709 A

################################################################################################################################################
Starting Execution:	[104 out of 143] test cases in the current suite
Test Method:		[testPackage01.Test_NewValidationHelper.f17]
################################################################################################################################################
[ReportManager] Attempting to getAttribute [text2] from elementLocator [By.tagName: h1]. @17-09-2021 02:01:40.0715 AM
[ReportManager] Element Action [GetAttribute] successfully performed. @17-09-2021 02:01:40.0794 AM
[ReportManager] Loaded Shared OpenCV @17-09-2021 02:01:40.0937 AM
[ReportManager] Assertion [ValidateElementAttribute] PASSED. Expected [Value Should not be 'Welcome' for the 'text2' attribute, element locator 'By.tagName: h1'] and Actual [null]. Comparison Type [CONTAINS]. Validation Type [NEGATIVE]. @17-09-2021 02:01:41.0030 AM
[ReportManager] Successfully created attachment [Screenshot - 1631844100937_f17_ValidateElementAttribute_passed] @17-09-2021 02:01:41.0031 A
[ReportManager] Successfully Closed All Drivers. @17-09-2021 02:01:41.0101 A
[ReportManager] File Action [GetAbsolutePath] successfully performed. With the following test data [Relative Folder Path: "target/downloadedFiles/"]. @17-09-2021 02:01:41.0103 AM
[ReportManager] Attempting to run remotely on: [Linux-64], [GoogleChrome], [http://localhost:4444/wd/hub], Headless Execution. @17-09-2021 02:01:41.0103 AM
[ReportManager] Successfully Opened [GoogleChrome]. @17-09-2021 02:01:41.0289 AM
[ReportManager] Target URL: [https://the-internet.herokuapp.com/] @17-09-2021 02:01:41.0299 AM
[ReportManager] Initial URL: [data:,] @17-09-2021 02:01:41.0335 AM
[ReportManager] Browser Action [NavigateToURL] successfully performed. With the following test data [https://the-internet.herokuapp.com/]. @17-09-2021 02:01:41.0669 A

################################################################################################################################################
Starting Execution:	[105 out of 143] test cases in the current suite
Test Method:		[testPackage01.Test_NewValidationHelper.f18]
################################################################################################################################################
[ReportManager] Element Action [GetText] successfully performed. With the following test data [Welcome to the-internet]. @17-09-2021 02:01:41.0767 AM
[ReportManager] Loaded Shared OpenCV @17-09-2021 02:01:41.0922 AM
[ReportManager] Assertion [ValidateElementAttribute] PASSED. Expected [Value Should not be 'no' for the 'text' attribute, element locator 'By.tagName: h1'] and Actual [Welcome to the-internet]. Comparison Type [CONTAINS]. Validation Type [NEGATIVE]. @17-09-2021 02:01:42.0014 AM
[ReportManager] Successfully created attachment [Screenshot - 1631844101922_f18_ValidateElementAttribute_passed] @17-09-2021 02:01:42.0015 A
[ReportManager] Successfully Closed All Drivers. @17-09-2021 02:01:42.0087 A
[ReportManager] File Action [GetAbsolutePath] successfully performed. With the following test data [Relative Folder Path: "target/downloadedFiles/"]. @17-09-2021 02:01:42.0089 AM
[ReportManager] Attempting to run remotely on: [Linux-64], [GoogleChrome], [http://localhost:4444/wd/hub], Headless Execution. @17-09-2021 02:01:42.0089 AM
[ReportManager] Successfully Opened [GoogleChrome]. @17-09-2021 02:01:42.0297 AM
[ReportManager] Target URL: [https://the-internet.herokuapp.com/] @17-09-2021 02:01:42.0307 AM
[ReportManager] Initial URL: [data:,] @17-09-2021 02:01:42.0349 AM
[ReportManager] Browser Action [NavigateToURL] successfully performed. With the following test data [https://the-internet.herokuapp.com/]. @17-09-2021 02:01:42.0676 A

################################################################################################################################################
Starting Execution:	[106 out of 143] test cases in the current suite
Test Method:		[testPackage01.Test_NewValidationHelper.f19]
################################################################################################################################################
[ReportManager] Element Action [GetTagName] successfully performed. With the following test data [h1]. @17-09-2021 02:01:42.0760 AM
[ReportManager] Loaded Shared OpenCV @17-09-2021 02:01:42.0903 AM
[ReportManager] Assertion [ValidateElementAttribute] PASSED. Expected [Value Should be 'h' for the 'tagname' attribute, element locator 'By.tagName: h1'] and Actual [h1]. Comparison Type [CONTAINS]. Validation Type [POSITIVE]. @17-09-2021 02:01:43.0007 AM
[ReportManager] Successfully created attachment [Screenshot - 1631844102903_f19_ValidateElementAttribute_passed] @17-09-2021 02:01:43.0010 A
[ReportManager] Successfully Closed All Drivers. @17-09-2021 02:01:43.0086 A

################################################################################################################################################
Starting Execution:	[107 out of 143] test cases in the current suite
Test Method:		[testPackage01.Test_NewValidationHelper.f2]
################################################################################################################################################
[ReportManager] Assertion Failed: Checking valid user data @17-09-2021 02:01:43.0089 AM
[ReportManager] Assertion [ValidateEquals] FAILED. Expected [1] and Actual [2]. Comparison Type [EQUALS]. Validation Type [POSITIVE]. @17-09-2021 02:01:43.0089 A
[ReportManager] File Action [GetAbsolutePath] successfully performed. With the following test data [Relative Folder Path: "target/downloadedFiles/"]. @17-09-2021 02:01:43.0093 AM
[ReportManager] Attempting to run remotely on: [Linux-64], [GoogleChrome], [http://localhost:4444/wd/hub], Headless Execution. @17-09-2021 02:01:43.0093 AM
[ReportManager] Successfully Opened [GoogleChrome]. @17-09-2021 02:01:43.0270 AM
[ReportManager] Target URL: [https://the-internet.herokuapp.com/] @17-09-2021 02:01:43.0288 AM
[ReportManager] Initial URL: [data:,] @17-09-2021 02:01:43.0324 AM
[ReportManager] Browser Action [NavigateToURL] successfully performed. With the following test data [https://the-internet.herokuapp.com/]. @17-09-2021 02:01:43.0648 A

################################################################################################################################################
Starting Execution:	[108 out of 143] test cases in the current suite
Test Method:		[testPackage01.Test_NewValidationHelper.f20]
################################################################################################################################################
[ReportManager] Element Action [GetSize] successfully performed. With the following test data [(755, 61)]. @17-09-2021 02:01:43.0722 AM
[ReportManager] Loaded Shared OpenCV @17-09-2021 02:01:43.0874 AM
[ReportManager] Assertion [ValidateElementAttribute] PASSED. Expected [Value Should not be 'a' for the 'size' attribute, element locator 'By.tagName: h1'] and Actual [(755, 61)]. Comparison Type [CONTAINS]. Validation Type [NEGATIVE]. @17-09-2021 02:01:43.0972 AM
[ReportManager] Successfully created attachment [Screenshot - 1631844103874_f20_ValidateElementAttribute_passed] @17-09-2021 02:01:43.0974 A
[ReportManager] Successfully Closed All Drivers. @17-09-2021 02:01:44.0052 A
[ReportManager] File Action [GetAbsolutePath] successfully performed. With the following test data [Relative Folder Path: "target/downloadedFiles/"]. @17-09-2021 02:01:44.0055 AM
[ReportManager] Attempting to run remotely on: [Linux-64], [GoogleChrome], [http://localhost:4444/wd/hub], Headless Execution. @17-09-2021 02:01:44.0055 AM
[ReportManager] Successfully Opened [GoogleChrome]. @17-09-2021 02:01:44.0253 AM
[ReportManager] Target URL: [https://the-internet.herokuapp.com/] @17-09-2021 02:01:44.0262 AM
[ReportManager] Initial URL: [data:,] @17-09-2021 02:01:44.0301 AM
[ReportManager] Browser Action [NavigateToURL] successfully performed. With the following test data [https://the-internet.herokuapp.com/]. @17-09-2021 02:01:45.0640 A

################################################################################################################################################
Starting Execution:	[109 out of 143] test cases in the current suite
Test Method:		[testPackage01.Test_NewValidationHelper.f21]
################################################################################################################################################
[ReportManager] Element Action [IdentifyUniqueElement] failed. With the following test data [zero elements found matching this locator "By.tagName: h3".]. @17-09-2021 02:02:11.0235 AM
[ReportManager] Successfully created attachment [Screenshot - 1631844131158_f21_IdentifyUniqueElement_failed] @17-09-2021 02:02:11.0235 AM
[ReportManager] Assertion [ValidateElementAttribute] FAILED. Expected [Value Should be 'Welcome' for the 'text' attribute, element locator 'By.tagName: h3'] and Actual [Failed to read the desired element attribute]. Comparison Type [CONTAINS]. Validation Type [POSITIVE]. @17-09-2021 02:02:11.0238 A
[ReportManager] Successfully Closed All Drivers. @17-09-2021 02:02:11.0309 A
[ReportManager] File Action [GetAbsolutePath] successfully performed. With the following test data [Relative Folder Path: "target/downloadedFiles/"]. @17-09-2021 02:02:11.0312 AM
[ReportManager] Attempting to run remotely on: [Linux-64], [GoogleChrome], [http://localhost:4444/wd/hub], Headless Execution. @17-09-2021 02:02:11.0312 AM
[ReportManager] Successfully Opened [GoogleChrome]. @17-09-2021 02:02:11.0498 AM
[ReportManager] Target URL: [https://the-internet.herokuapp.com/] @17-09-2021 02:02:11.0509 AM
[ReportManager] Initial URL: [data:,] @17-09-2021 02:02:11.0556 AM
[ReportManager] Browser Action [NavigateToURL] successfully performed. With the following test data [https://the-internet.herokuapp.com/]. @17-09-2021 02:02:11.0883 A

################################################################################################################################################
Starting Execution:	[110 out of 143] test cases in the current suite
Test Method:		[testPackage01.Test_NewValidationHelper.f22]
################################################################################################################################################
[ReportManager] Element Action [GetText] successfully performed. With the following test data [Welcome to the-internet]. @17-09-2021 02:02:11.0963 AM
[ReportManager] Loaded Shared OpenCV @17-09-2021 02:02:12.0108 AM
[ReportManager] Assertion [ValidateElementAttribute] FAILED. Expected [Value Should be 'yyy' for the 'text' attribute, element locator 'By.tagName: h1'] and Actual [Welcome to the-internet]. Comparison Type [CONTAINS]. Validation Type [POSITIVE]. @17-09-2021 02:02:12.0200 AM
[ReportManager] Successfully created attachment [Screenshot - 1631844132108_f22_ValidateElementAttribute_failed] @17-09-2021 02:02:12.0202 A
[ReportManager] Successfully Closed All Drivers. @17-09-2021 02:02:12.0284 A

################################################################################################################################################
Starting Execution:	[111 out of 143] test cases in the current suite
Test Method:		[testPackage01.Test_NewValidationHelper.f23]
################################################################################################################################################
[ReportManager] Assertion Passed: confirming that the actual is greater than or equal to the expected @17-09-2021 02:02:12.0289 AM
[ReportManager] Assertion [ValidateComparativeRelation] PASSED. Expected [1] and Actual [1]. Comparison Type [GREATER_THAN_OR_EQUALS]. Validation Type [POSITIVE]. @17-09-2021 02:02:12.0290 A

################################################################################################################################################
Starting Execution:	[112 out of 143] test cases in the current suite
Test Method:		[testPackage01.Test_NewValidationHelper.f24]
################################################################################################################################################
[ReportManager] Assertion [ValidateComparativeRelation] PASSED. Expected [1] and Actual [10]. Comparison Type [GREATER_THAN_OR_EQUALS]. Validation Type [POSITIVE]. @17-09-2021 02:02:12.0292 A

################################################################################################################################################
Starting Execution:	[113 out of 143] test cases in the current suite
Test Method:		[testPackage01.Test_NewValidationHelper.f25]
################################################################################################################################################
[ReportManager] Assertion [ValidateComparativeRelation] PASSED. Expected [1] and Actual [1]. Comparison Type [EQUALS]. Validation Type [POSITIVE]. @17-09-2021 02:02:12.0294 A

################################################################################################################################################
Starting Execution:	[114 out of 143] test cases in the current suite
Test Method:		[testPackage01.Test_NewValidationHelper.f26]
################################################################################################################################################
[ReportManager] Assertion [ValidateComparativeRelation] PASSED. Expected [1] and Actual [5]. Comparison Type [GREATER_THAN]. Validation Type [POSITIVE]. @17-09-2021 02:02:12.0298 A

################################################################################################################################################
Starting Execution:	[115 out of 143] test cases in the current suite
Test Method:		[testPackage01.Test_NewValidationHelper.f27]
################################################################################################################################################
[ReportManager] Assertion [ValidateComparativeRelation] PASSED. Expected [11] and Actual [5]. Comparison Type [LESS_THAN]. Validation Type [POSITIVE]. @17-09-2021 02:02:12.0301 A

################################################################################################################################################
Starting Execution:	[116 out of 143] test cases in the current suite
Test Method:		[testPackage01.Test_NewValidationHelper.f28]
################################################################################################################################################
[ReportManager] Assertion [ValidateComparativeRelation] PASSED. Expected [11] and Actual [5]. Comparison Type [LESS_THAN_OR_EQUALS]. Validation Type [POSITIVE]. @17-09-2021 02:02:12.0304 A

################################################################################################################################################
Starting Execution:	[117 out of 143] test cases in the current suite
Test Method:		[testPackage01.Test_NewValidationHelper.f29]
################################################################################################################################################
[ReportManager] Assertion [ValidateComparativeRelation] PASSED. Expected [11] and Actual [11]. Comparison Type [LESS_THAN_OR_EQUALS]. Validation Type [POSITIVE]. @17-09-2021 02:02:12.0307 A

################################################################################################################################################
Starting Execution:	[118 out of 143] test cases in the current suite
Test Method:		[testPackage01.Test_NewValidationHelper.f3]
################################################################################################################################################
[ReportManager] Assertion [ValidateEquals] PASSED. Expected [1] and Actual [2]. Comparison Type [EQUALS]. Validation Type [NEGATIVE]. @17-09-2021 02:02:12.0311 A

################################################################################################################################################
Starting Execution:	[119 out of 143] test cases in the current suite
Test Method:		[testPackage01.Test_NewValidationHelper.f30]
################################################################################################################################################
[ReportManager] Assertion [ValidateComparativeRelation] FAILED. Expected [-9] and Actual [11]. Comparison Type [LESS_THAN_OR_EQUALS]. Validation Type [POSITIVE]. @17-09-2021 02:02:12.0322 A

################################################################################################################################################
Starting Execution:	[120 out of 143] test cases in the current suite
Test Method:		[testPackage01.Test_NewValidationHelper.f31]
################################################################################################################################################
[ReportManager] Assertion [ValidateTrue] PASSED. Expected [TRUE] and Actual [TRUE]. Validation Type [POSITIVE]. @17-09-2021 02:02:12.0327 A

################################################################################################################################################
Starting Execution:	[121 out of 143] test cases in the current suite
Test Method:		[testPackage01.Test_NewValidationHelper.f32]
################################################################################################################################################
[ReportManager] Assertion [ValidateTrue] PASSED. Expected [FALSE] and Actual [FALSE]. Validation Type [NEGATIVE]. @17-09-2021 02:02:12.0331 A

################################################################################################################################################
Starting Execution:	[122 out of 143] test cases in the current suite
Test Method:		[testPackage01.Test_NewValidationHelper.f33]
################################################################################################################################################
[ReportManager] Assertion [ValidateTrue] FAILED. Expected [FALSE] and Actual [TRUE]. Validation Type [NEGATIVE]. @17-09-2021 02:02:12.0337 A

################################################################################################################################################
Starting Execution:	[123 out of 143] test cases in the current suite
Test Method:		[testPackage01.Test_NewValidationHelper.f34]
################################################################################################################################################
[ReportManager] Assertion [ValidateTrue] FAILED. Expected [TRUE] and Actual [FALSE]. Validation Type [POSITIVE]. @17-09-2021 02:02:12.0342 A

################################################################################################################################################
Starting Execution:	[124 out of 143] test cases in the current suite
Test Method:		[testPackage01.Test_NewValidationHelper.f35]
################################################################################################################################################
[ReportManager] File Action [DoesFileExist] successfully performed. With the following test data [File Path: "pom.xml"]. @17-09-2021 02:02:12.0345 AM
[ReportManager] Assertion [ValidateFileExists] PASSED. Expected [File 'pom.xml' should exist, after up to '1' retries] and Actual [File exists]. Validation Type [POSITIVE]. @17-09-2021 02:02:12.0346 A

################################################################################################################################################
Starting Execution:	[125 out of 143] test cases in the current suite
Test Method:		[testPackage01.Test_NewValidationHelper.f36]
################################################################################################################################################
[ReportManager] File Action [DoesFileExist] successfully performed. With the following test data [File Path: "src/test/java/testPackage01/Test_NewValidationHelper.java"]. @17-09-2021 02:02:12.0350 AM
[ReportManager] Assertion [ValidateFileExists] PASSED. Expected [File 'src/test/java/testPackage01/Test_NewValidationHelper.java' should exist, after up to '1' retries] and Actual [File exists]. Validation Type [POSITIVE]. @17-09-2021 02:02:12.0350 A

################################################################################################################################################
Starting Execution:	[126 out of 143] test cases in the current suite
Test Method:		[testPackage01.Test_NewValidationHelper.f37]
################################################################################################################################################
[ReportManager] File Action [DoesFileExist] successfully performed. With the following test data [File Path: "pom.xml"]. @17-09-2021 02:02:12.0355 AM
[ReportManager] Assertion Failed: confirming that the file does't exist after 5 retries @17-09-2021 02:02:12.0355 AM
[ReportManager] Assertion [ValidateFileExists] FAILED. Expected [File 'pom.xml' should not exist, after up to '5' retries] and Actual [File exists]. Validation Type [NEGATIVE]. @17-09-2021 02:02:12.0355 A

################################################################################################################################################
Starting Execution:	[127 out of 143] test cases in the current suite
Test Method:		[testPackage01.Test_NewValidationHelper.f3_1]
################################################################################################################################################
[ReportManager] Assertion Passed: Checking valid user data @17-09-2021 02:02:12.0360 AM
[ReportManager] Assertion [ValidateEquals] PASSED. Expected [null] and Actual [null]. Comparison Type [EQUALS]. Validation Type [POSITIVE]. @17-09-2021 02:02:12.0360 A

################################################################################################################################################
Starting Execution:	[128 out of 143] test cases in the current suite
Test Method:		[testPackage01.Test_NewValidationHelper.f4]
################################################################################################################################################
[ReportManager] Assertion [ValidateEquals] PASSED. Expected [1] and Actual [123]. Comparison Type [CONTAINS]. Validation Type [POSITIVE]. @17-09-2021 02:02:12.0365 A

################################################################################################################################################
Starting Execution:	[129 out of 143] test cases in the current suite
Test Method:		[testPackage01.Test_NewValidationHelper.f5]
################################################################################################################################################
[ReportManager] Assertion [ValidateNull] PASSED. Expected [NULL] and Actual [1]. Comparison Type [EQUALS]. Validation Type [NEGATIVE]. @17-09-2021 02:02:12.0370 A

################################################################################################################################################
Starting Execution:	[130 out of 143] test cases in the current suite
Test Method:		[testPackage01.Test_NewValidationHelper.f6]
################################################################################################################################################
[ReportManager] Assertion Failed: Making sure that null string is not equal to null object @17-09-2021 02:02:12.0374 AM
[ReportManager] Assertion [ValidateNull] FAILED. Expected [NULL] and Actual [NULL]. Comparison Type [EQUALS]. Validation Type [POSITIVE]. @17-09-2021 02:02:12.0374 A

################################################################################################################################################
Starting Execution:	[131 out of 143] test cases in the current suite
Test Method:		[testPackage01.Test_NewValidationHelper.f6_1]
################################################################################################################################################
[ReportManager] Assertion [ValidateNull] FAILED. Expected [NULL] and Actual [NULL]. Comparison Type [EQUALS]. Validation Type [NEGATIVE]. @17-09-2021 02:02:12.0377 A

################################################################################################################################################
Starting Execution:	[132 out of 143] test cases in the current suite
Test Method:		[testPackage01.Test_NewValidationHelper.f6_2]
################################################################################################################################################
[ReportManager] Assertion Failed: Making sure that null string is not equal to null object @17-09-2021 02:02:12.0379 AM
[ReportManager] Assertion [ValidateNull] FAILED. Expected [NULL] and Actual [not null]. Comparison Type [EQUALS]. Validation Type [POSITIVE]. @17-09-2021 02:02:12.0379 A

################################################################################################################################################
Starting Execution:	[133 out of 143] test cases in the current suite
Test Method:		[testPackage01.Test_NewValidationHelper.f7]
################################################################################################################################################
[ReportManager] Assertion [ValidateNull] PASSED. Expected [NULL] and Actual [NULL]. Comparison Type [EQUALS]. Validation Type [POSITIVE]. @17-09-2021 02:02:12.0382 A
[ReportManager] File Action [GetAbsolutePath] successfully performed. With the following test data [Relative Folder Path: "target/downloadedFiles/"]. @17-09-2021 02:02:12.0384 AM
[ReportManager] Attempting to run remotely on: [Linux-64], [GoogleChrome], [http://localhost:4444/wd/hub], Headless Execution. @17-09-2021 02:02:12.0384 AM
[ReportManager] Successfully Opened [GoogleChrome]. @17-09-2021 02:02:12.0579 AM
[ReportManager] Target URL: [https://the-internet.herokuapp.com/] @17-09-2021 02:02:12.0593 AM
[ReportManager] Initial URL: [data:,] @17-09-2021 02:02:12.0643 AM
[ReportManager] Browser Action [NavigateToURL] successfully performed. With the following test data [https://the-internet.herokuapp.com/]. @17-09-2021 02:02:13.0001 A

################################################################################################################################################
Starting Execution:	[134 out of 143] test cases in the current suite
Test Method:		[testPackage01.Test_NewValidationHelper.f8]
################################################################################################################################################
[ReportManager] Loaded Shared OpenCV @17-09-2021 02:02:13.0209 AM
[ReportManager] Assertion [ValidateElementExists] PASSED. Expected [Element Should Exist, locator 'By.tagName: h1'] and Actual [Element Exists]. Comparison Type [EQUALS]. Validation Type [POSITIVE]. @17-09-2021 02:02:13.0301 AM
[ReportManager] Successfully created attachment [Screenshot - 1631844133209_f8_ValidateElementExists_passed] @17-09-2021 02:02:13.0303 A
[ReportManager] Successfully Closed All Drivers. @17-09-2021 02:02:13.0378 A
[ReportManager] File Action [GetAbsolutePath] successfully performed. With the following test data [Relative Folder Path: "target/downloadedFiles/"]. @17-09-2021 02:02:13.0380 AM
[ReportManager] Attempting to run remotely on: [Linux-64], [GoogleChrome], [http://localhost:4444/wd/hub], Headless Execution. @17-09-2021 02:02:13.0380 AM
[ReportManager] Successfully Opened [GoogleChrome]. @17-09-2021 02:02:13.0567 AM
[ReportManager] Target URL: [https://the-internet.herokuapp.com/] @17-09-2021 02:02:13.0581 AM
[ReportManager] Initial URL: [data:,] @17-09-2021 02:02:13.0622 AM
[ReportManager] Browser Action [NavigateToURL] successfully performed. With the following test data [https://the-internet.herokuapp.com/]. @17-09-2021 02:02:13.0944 A

################################################################################################################################################
Starting Execution:	[135 out of 143] test cases in the current suite
Test Method:		[testPackage01.Test_NewValidationHelper.f9]
################################################################################################################################################
[ReportManager] Assertion [ValidateElementExists] FAILED. Expected [Element Should Exist, locator 'By.tagName: h3'] and Actual [Element Doesn't Exists]. Comparison Type [EQUALS]. Validation Type [POSITIVE]. @17-09-2021 02:02:44.0683 AM
[ReportManager] Successfully created attachment [Screenshot - 1631844164605_f9_ValidateElementExists_failed] @17-09-2021 02:02:44.0683 A
[ReportManager] Successfully Closed All Drivers. @17-09-2021 02:02:44.0760 A

################################################################################################################################################
Starting Execution:	[136 out of 143] test cases in the current suite
Test Method:		[testPackage01.Test_NewValidationHelper.forceFail]
################################################################################################################################################
[ReportManager] Assertion [ValidateFail] FAILED. Successfully force failed the test. @17-09-2021 02:02:44.0763 A

################################################################################################################################################
Starting Execution:	[137 out of 143] test cases in the current suite
Test Method:		[testPackage01.Test_NewValidationHelper.forceFail2]
################################################################################################################################################
[ReportManager] Assertion Failed: Custom Message @17-09-2021 02:02:44.0767 AM
[ReportManager] Assertion [ValidateFail] FAILED. Successfully force failed the test. @17-09-2021 02:02:44.0767 A

################################################################################################################################################
Starting Execution:	[138 out of 143] test cases in the current suite
Test Method:		[testPackage01.Test_sendGraphqlRequest.sendGraphqlRequestUsingMutationAndVariables]
################################################################################################################################################
[ReportManager] GraphQl Request is being Performed with the Following Parameters [Service URL: https://api.spacex.land/graphql | Request Body: {"variables":"{\"name\": \"sherlock holmes\",\"rocket\": \"221B Baker Street\"}","query":"mutation ($name: String, $rocket: String) {\n  insert_users(objects: {name: $name, rocket: $rocket}) {\n    returning {\n      name\n      rocket\n    }\n  }\n}"}] @17-09-2021 02:02:44.0772 AM
[ReportManager] Response status code: [200], status line: [HTTP/1.1 200 OK] @17-09-2021 02:02:44.0987 AM
[ReportManager] Assertion Passed: Evaluating the actual response status code against the expected one... @17-09-2021 02:02:44.0987 AM
[ReportManager] Assertion [ValidateEquals] PASSED. Expected [200] and Actual [200]. Comparison Type [EQUALS]. Validation Type [POSITIVE]. @17-09-2021 02:02:44.0987 AM
[ReportManager] API Action [PerformRequest] successfully performed. With the following test data [Request Type: "POST" | Target Status Code: "200" | Service URL: "https://api.spacex.land/graphql" | Content Type: "application/json" | Response Time: "133ms"]. @17-09-2021 02:02:45.0001 AM
[ReportManager] Successfully created attachment [API Request - Specifications] @17-09-2021 02:02:45.0002 AM
[ReportManager] Successfully created attachment [API Request - JSON Body] @17-09-2021 02:02:45.0003 AM
[ReportManager] Successfully created attachment [API Response - JSON Body] @17-09-2021 02:02:45.0003 AM
[ReportManager] API Action [GetResponseJSONValue] successfully performed. With the following test data [data.insert_users.returning[0].name]. @17-09-2021 02:02:45.0091 AM
[ReportManager] Assertion [ValidateEquals] PASSED. Expected [sherlock holmes] and Actual [sherlock holmes]. Comparison Type [EQUALS]. Validation Type [POSITIVE]. @17-09-2021 02:02:45.0091 A

################################################################################################################################################
Starting Execution:	[139 out of 143] test cases in the current suite
Test Method:		[testPackage01.Test_sendGraphqlRequest.sendGraphqlRequestUsingQuery]
################################################################################################################################################
[ReportManager] GraphQl Request is being Performed with the Following Parameters [Service URL: https://api.spacex.land/graphql | Request Body: {"query":"{company {ceo}}"}] @17-09-2021 02:02:45.0094 AM
[ReportManager] Response status code: [200], status line: [HTTP/1.1 200 OK] @17-09-2021 02:02:45.0166 AM
[ReportManager] Assertion Passed: Evaluating the actual response status code against the expected one... @17-09-2021 02:02:45.0167 AM
[ReportManager] Assertion [ValidateEquals] PASSED. Expected [200] and Actual [200]. Comparison Type [EQUALS]. Validation Type [POSITIVE]. @17-09-2021 02:02:45.0167 AM
[ReportManager] API Action [PerformRequest] successfully performed. With the following test data [Request Type: "POST" | Target Status Code: "200" | Service URL: "https://api.spacex.land/graphql" | Content Type: "application/json" | Response Time: "66ms"]. @17-09-2021 02:02:45.0177 AM
[ReportManager] Successfully created attachment [API Request - Specifications] @17-09-2021 02:02:45.0178 AM
[ReportManager] Successfully created attachment [API Request - JSON Body] @17-09-2021 02:02:45.0178 AM
[ReportManager] Successfully created attachment [API Response - JSON Body] @17-09-2021 02:02:45.0178 AM
[ReportManager] API Action [GetResponseJSONValue] successfully performed. With the following test data [data.company.ceo]. @17-09-2021 02:02:45.0189 AM
[ReportManager] Assertion [ValidateEquals] PASSED. Expected [Elon Musk] and Actual [Elon Musk]. Comparison Type [EQUALS]. Validation Type [POSITIVE]. @17-09-2021 02:02:45.0189 A

################################################################################################################################################
Starting Execution:	[140 out of 143] test cases in the current suite
Test Method:		[testPackage01.Test_chainableElementActions.chainElementActions]
################################################################################################################################################
[ReportManager] File Action [GetAbsolutePath] successfully performed. With the following test data [Relative Folder Path: "target/downloadedFiles/"]. @17-09-2021 02:02:45.0192 AM
[ReportManager] Attempting to run remotely on: [Linux-64], [GoogleChrome], [http://localhost:4444/wd/hub], Headless Execution. @17-09-2021 02:02:45.0193 AM
[ReportManager] Successfully Opened [GoogleChrome]. @17-09-2021 02:02:45.0381 AM
[ReportManager] Target URL: [https://www.google.com/ncr], and after redirection: [https://www.google.com] @17-09-2021 02:02:45.0390 AM
[ReportManager] Initial URL: [data:,] @17-09-2021 02:02:45.0436 AM
[ReportManager] Browser Action [NavigateToURL] successfully performed. With the following test data [https://www.google.com/ncr]. @17-09-2021 02:02:46.0271 AM
[ReportManager] Element Action [Type] successfully performed. With the following test data [chained type 1]. @17-09-2021 02:02:46.0592 AM
[ReportManager] Element Action [Type] successfully performed. With the following test data [chained type 2]. @17-09-2021 02:02:46.0896 AM
[ReportManager] Element Action [TypeAppend] successfully performed. With the following test data [345]. @17-09-2021 02:02:46.0991 AM
[ReportManager] Element Action [GetText] successfully performed. With the following test data [chained type 2345]. @17-09-2021 02:02:47.0092 AM
[ReportManager] Loaded Shared OpenCV @17-09-2021 02:02:47.0235 AM
[ReportManager] Assertion [ValidateElementAttribute] PASSED. Expected [Value Should be 'chained type 2345' for the 'text' attribute, element locator 'By.name: q'] and Actual [chained type 2345]. Comparison Type [EQUALS]. Validation Type [POSITIVE]. @17-09-2021 02:02:47.0317 AM
[ReportManager] Successfully created attachment [Screenshot - 1631844167235_chainElementActions_ValidateElementAttribute_passed] @17-09-2021 02:02:47.0318 AM
[ReportManager] Browser Action [CloseCurrentWindow] successfully performed. @17-09-2021 02:02:47.0448 AM
[ReportManager] Successfully created attachment [Browser Action Test Data - CloseCurrentWindow - Actual Value] @17-09-2021 02:02:47.0450 A

################################################################################################################################################
Starting Execution:	[141 out of 143] test cases in the current suite
Test Method:		[testPackage01.Test_SkipDueToIssue.doNotSkip]
################################################################################################################################################
[ReportManager] This should not be skipped. @17-09-2021 02:02:47.0457 A

################################################################################################################################################
Starting Execution:	[142 out of 143] test cases in the current suite
Test Method:		[testPackage01.Test_SkipDueToIssue.skip]
################################################################################################################################################
[ReportManager] This should be skipped. @17-09-2021 02:02:47.0464 A

################################################################################################################################################
Starting Execution:	[143 out of 143] test cases in the current suite
Test Method:		[testPackage01.Test_SkipDueToIssue.skip2]
################################################################################################################################################
[ReportManager] This should be skipped. @17-09-2021 02:02:47.0469 A

################################################################################################################################################
Test Closure Activities
################################################################################################################################################
[ReportManager] Successfully created attachment [SHAFT Engine Logs - Execution log] @17-09-2021 02:02:47.0498 AM

################################################################################################################################################
This test run was powered by SHAFT Engine Version: [SHAFT Engine v5.3.20210902]
SHAFT Engine is licensed under the MIT License: [https://github.com/MohabMohie/SHAFT_ENGINE/blob/master/LICENSE].
################################################################################################################################################