################################################################################################################################################
Detected SHAFT Engine Version: [SHAFT Engine v5.4.20211122-BETA]
################################################################################################################################################
[ReportManager] File Action [GetAbsolutePath] successfully performed. With the following test data [Relative Folder Path: "target/downloadedFiles/"]. @27-11-2021 01:55:33.0248 AM
[ReportManager] Attempting to run remotely on: [Android], [http://0.0.0.0:4723/wd/hub]. @27-11-2021 01:55:33.0278 AM
[ReportManager] File Action [GetAbsolutePath] successfully performed. With the following test data [Relative Folder Path: "src/test/resources/testDataFiles/apps/ApiDemos-debug.apk"]. @27-11-2021 01:55:33.0280 AM
[ReportManager] Successfully Opened [NativeMobileApp]. @27-11-2021 01:55:53.0746 AM
[ReportManager] Started recording device screen @27-11-2021 01:55:54.0375 A

################################################################################################################################################
Starting Execution:	[1 out of 8] test cases in the current suite
Test Method:		[testPackage01.appium.AndroidBasicInteractionsTest.scrollInExpandableLists_horizontalScrolling_insideElement]
################################################################################################################################################
[ReportManager] File Action [CreateFile] successfully performed. With the following test data [Target Folder: "allure-results//screenshots/20211127-015554", Target File: "/1637978155506_scrollInExpandableLists_horizontalScrolling_insideElement.gif"]. @27-11-2021 01:55:56.0249 AM
[ReportManager] Element Action [Tap] successfully performed. With the following test data [Views]. @27-11-2021 01:55:59.0624 AM
[ReportManager] Swiping to find Element using W3C Compliant Actions. SwipeDirection [DOWN], TargetElementLocator [AppiumBy.accessibilityId: Tabs]. @27-11-2021 01:55:59.0673 AM
[ReportManager] Attempted to scroll using these parameters: [{width=720, top=100, percent=0.8, left=0, height=1065, direction=DOWN}], there is still more room to keep scrolling. @27-11-2021 01:56:02.0268 AM
[ReportManager] Swiping to find Element using W3C Compliant Actions. SwipeDirection [DOWN], TargetElementLocator [AppiumBy.accessibilityId: Tabs]. @27-11-2021 01:56:02.0306 AM
[ReportManager] Attempted to scroll using these parameters: [{width=720, top=100, percent=0.8, left=0, height=1065, direction=DOWN}], there is still more room to keep scrolling. @27-11-2021 01:56:04.0794 AM
[ReportManager] Swiping to find Element using W3C Compliant Actions. SwipeDirection [DOWN], TargetElementLocator [AppiumBy.accessibilityId: Tabs]. @27-11-2021 01:56:04.0832 AM
[ReportManager] Attempted to scroll using these parameters: [{width=720, top=100, percent=0.8, left=0, height=1065, direction=DOWN}], there is still more room to keep scrolling. @27-11-2021 01:56:07.0276 AM
[ReportManager] Element Action [IsElementDisplayed] successfully performed. @27-11-2021 01:56:08.0033 AM
[ReportManager] Element found on screen. @27-11-2021 01:56:08.0033 AM
[ReportManager] Element Action [SwipeElementIntoView] successfully performed. @27-11-2021 01:56:08.0495 AM
[ReportManager] Element Action [Tap] successfully performed. With the following test data [Tabs]. @27-11-2021 01:56:10.0077 AM
[ReportManager] Element Action [Tap] successfully performed. With the following test data [5. Scrollable]. @27-11-2021 01:56:12.0300 AM
[ReportManager] Swiping to find Element using W3C Compliant Actions. SwipeDirection [RIGHT], TargetElementLocator [By.xpath: //android.widget.HorizontalScrollView//android.widget.TextView[@text='TAB 12']], inside ScrollableElement [By.xpath: //android.widget.HorizontalScrollView]. @27-11-2021 01:56:14.0304 AM
[ReportManager] Attempted to scroll using these parameters: [{width=490, top=122, percent=1, left=100, height=112, direction=RIGHT}], there is no more room to keep scrolling. @27-11-2021 01:56:17.0080 AM
[ReportManager] Element Action [SwipeElementIntoView] failed. @27-11-2021 01:56:17.0953 AM
[ReportManager] Successfully created attachment [Screenshot - 1637978177532_scrollInExpandableLists_horizontalScrolling_insideElement_SwipeElementIntoView_failed] @27-11-2021 01:56:17.0966 AM
[ReportManager] Successfully created attachment [Animated Gif - scrollInExpandableLists_horizontalScrolling_insideElement] @27-11-2021 01:56:17.0973 A
[ReportManager] Successfully created attachment [Video Recording - teardown] @27-11-2021 01:56:18.0845 AM
[ReportManager] Successfully Closed All Drivers. @27-11-2021 01:56:19.0578 A
[ReportManager] File Action [GetAbsolutePath] successfully performed. With the following test data [Relative Folder Path: "target/downloadedFiles/"]. @27-11-2021 01:56:19.0584 AM
[ReportManager] Attempting to run remotely on: [Android], [http://0.0.0.0:4723/wd/hub]. @27-11-2021 01:56:19.0585 AM
[ReportManager] File Action [GetAbsolutePath] successfully performed. With the following test data [Relative Folder Path: "src/test/resources/testDataFiles/apps/ApiDemos-debug.apk"]. @27-11-2021 01:56:19.0585 AM
[ReportManager] Successfully Opened [NativeMobileApp]. @27-11-2021 01:56:28.0717 AM
[ReportManager] Started recording device screen @27-11-2021 01:56:29.0270 A

################################################################################################################################################
Starting Execution:	[2 out of 8] test cases in the current suite
Test Method:		[testPackage01.appium.AndroidBasicInteractionsTest.scrollInExpandableLists_verticalScrolling_insideElement]
################################################################################################################################################
[ReportManager] File Action [CreateFile] successfully performed. With the following test data [Target Folder: "allure-results//screenshots/20211127-015554", Target File: "/1637978189791_scrollInExpandableLists_verticalScrolling_insideElement.gif"]. @27-11-2021 01:56:29.0806 AM
[ReportManager] Element Action [Tap] successfully performed. With the following test data [Views]. @27-11-2021 01:56:31.0406 AM
[ReportManager] Swiping to find Element using W3C Compliant Actions. SwipeDirection [DOWN], TargetElementLocator [AppiumBy.accessibilityId: Splitting Touches across Views]. @27-11-2021 01:56:31.0728 AM
[ReportManager] Attempted to scroll using these parameters: [{width=720, top=100, percent=0.8, left=0, height=1065, direction=DOWN}], there is still more room to keep scrolling. @27-11-2021 01:56:34.0310 AM
[ReportManager] Swiping to find Element using W3C Compliant Actions. SwipeDirection [DOWN], TargetElementLocator [AppiumBy.accessibilityId: Splitting Touches across Views]. @27-11-2021 01:56:34.0353 AM
[ReportManager] Attempted to scroll using these parameters: [{width=720, top=100, percent=0.8, left=0, height=1065, direction=DOWN}], there is still more room to keep scrolling. @27-11-2021 01:56:36.0911 AM
[ReportManager] Swiping to find Element using W3C Compliant Actions. SwipeDirection [DOWN], TargetElementLocator [AppiumBy.accessibilityId: Splitting Touches across Views]. @27-11-2021 01:56:36.0957 AM
[ReportManager] Attempted to scroll using these parameters: [{width=720, top=100, percent=0.8, left=0, height=1065, direction=DOWN}], there is still more room to keep scrolling. @27-11-2021 01:56:39.0388 AM
[ReportManager] Element Action [IsElementDisplayed] successfully performed. @27-11-2021 01:56:40.0041 AM
[ReportManager] Element found on screen. @27-11-2021 01:56:40.0041 AM
[ReportManager] Element Action [SwipeElementIntoView] successfully performed. @27-11-2021 01:56:40.0550 AM
[ReportManager] Element Action [Tap] successfully performed. With the following test data [Splitting Touches across Views]. @27-11-2021 01:56:42.0204 AM
[ReportManager] Swiping to find Element using W3C Compliant Actions. SwipeDirection [DOWN], TargetElementLocator [By.xpath: //android.widget.ListView[2]/android.widget.TextView[@text='Blue']], inside ScrollableElement [By.id: io.appium.android.apis:id/list2]. @27-11-2021 01:56:43.0638 AM
[ReportManager] Attempted to scroll using these parameters: [{width=360, top=100, percent=0.8, left=360, height=811, direction=DOWN}], there is still more room to keep scrolling. @27-11-2021 01:56:46.0148 AM
[ReportManager] Swiping to find Element using W3C Compliant Actions. SwipeDirection [DOWN], TargetElementLocator [By.xpath: //android.widget.ListView[2]/android.widget.TextView[@text='Blue']], inside ScrollableElement [By.id: io.appium.android.apis:id/list2]. @27-11-2021 01:56:46.0229 AM
[ReportManager] Attempted to scroll using these parameters: [{width=360, top=100, percent=0.8, left=360, height=811, direction=DOWN}], there is still more room to keep scrolling. @27-11-2021 01:56:48.0816 AM
[ReportManager] Swiping to find Element using W3C Compliant Actions. SwipeDirection [DOWN], TargetElementLocator [By.xpath: //android.widget.ListView[2]/android.widget.TextView[@text='Blue']], inside ScrollableElement [By.id: io.appium.android.apis:id/list2]. @27-11-2021 01:56:48.0890 AM
[ReportManager] Attempted to scroll using these parameters: [{width=360, top=100, percent=0.8, left=360, height=811, direction=DOWN}], there is still more room to keep scrolling. @27-11-2021 01:56:51.0376 AM
[ReportManager] Swiping to find Element using W3C Compliant Actions. SwipeDirection [DOWN], TargetElementLocator [By.xpath: //android.widget.ListView[2]/android.widget.TextView[@text='Blue']], inside ScrollableElement [By.id: io.appium.android.apis:id/list2]. @27-11-2021 01:56:51.0455 AM
[ReportManager] Attempted to scroll using these parameters: [{width=360, top=100, percent=0.8, left=360, height=811, direction=DOWN}], there is still more room to keep scrolling. @27-11-2021 01:56:54.0035 AM
[ReportManager] Swiping to find Element using W3C Compliant Actions. SwipeDirection [DOWN], TargetElementLocator [By.xpath: //android.widget.ListView[2]/android.widget.TextView[@text='Blue']], inside ScrollableElement [By.id: io.appium.android.apis:id/list2]. @27-11-2021 01:56:54.0106 AM
[ReportManager] Attempted to scroll using these parameters: [{width=360, top=100, percent=0.8, left=360, height=811, direction=DOWN}], there is still more room to keep scrolling. @27-11-2021 01:56:56.0646 AM
[ReportManager] Swiping to find Element using W3C Compliant Actions. SwipeDirection [DOWN], TargetElementLocator [By.xpath: //android.widget.ListView[2]/android.widget.TextView[@text='Blue']], inside ScrollableElement [By.id: io.appium.android.apis:id/list2]. @27-11-2021 01:56:56.0725 AM
[ReportManager] Attempted to scroll using these parameters: [{width=360, top=100, percent=0.8, left=360, height=811, direction=DOWN}], there is still more room to keep scrolling. @27-11-2021 01:56:59.0322 AM
[ReportManager] Swiping to find Element using W3C Compliant Actions. SwipeDirection [DOWN], TargetElementLocator [By.xpath: //android.widget.ListView[2]/android.widget.TextView[@text='Blue']], inside ScrollableElement [By.id: io.appium.android.apis:id/list2]. @27-11-2021 01:56:59.0404 AM
[ReportManager] Attempted to scroll using these parameters: [{width=360, top=100, percent=0.8, left=360, height=811, direction=DOWN}], there is still more room to keep scrolling. @27-11-2021 01:57:01.0946 AM
[ReportManager] Swiping to find Element using W3C Compliant Actions. SwipeDirection [DOWN], TargetElementLocator [By.xpath: //android.widget.ListView[2]/android.widget.TextView[@text='Blue']], inside ScrollableElement [By.id: io.appium.android.apis:id/list2]. @27-11-2021 01:57:02.0009 AM
[ReportManager] Attempted to scroll using these parameters: [{width=360, top=100, percent=0.8, left=360, height=811, direction=DOWN}], there is still more room to keep scrolling. @27-11-2021 01:57:04.0461 AM
[ReportManager] Swiping to find Element using W3C Compliant Actions. SwipeDirection [DOWN], TargetElementLocator [By.xpath: //android.widget.ListView[2]/android.widget.TextView[@text='Blue']], inside ScrollableElement [By.id: io.appium.android.apis:id/list2]. @27-11-2021 01:57:04.0588 AM
[ReportManager] Attempted to scroll using these parameters: [{width=360, top=100, percent=0.8, left=360, height=811, direction=DOWN}], there is still more room to keep scrolling. @27-11-2021 01:57:07.0148 AM
[ReportManager] Element Action [IsElementDisplayed] successfully performed. @27-11-2021 01:57:08.0113 AM
[ReportManager] Element found on screen. @27-11-2021 01:57:08.0113 AM
[ReportManager] Element Action [SwipeElementIntoView] successfully performed. @27-11-2021 01:57:08.0726 AM
[ReportManager] Element Action [Tap] successfully performed. With the following test data [Blue]. @27-11-2021 01:57:10.0687 AM
[ReportManager] Swiping to find Element using W3C Compliant Actions. SwipeDirection [UP], TargetElementLocator [By.xpath: //android.widget.ListView[2]/android.widget.TextView[@text='Abbaye de Belloc']], inside ScrollableElement [By.id: io.appium.android.apis:id/list2]. @27-11-2021 01:57:10.0753 AM
[ReportManager] Attempted to scroll using these parameters: [{width=360, top=802, percent=0.8, left=360, height=811, direction=UP}], there is still more room to keep scrolling. @27-11-2021 01:57:13.0334 AM
[ReportManager] Swiping to find Element using W3C Compliant Actions. SwipeDirection [UP], TargetElementLocator [By.xpath: //android.widget.ListView[2]/android.widget.TextView[@text='Abbaye de Belloc']], inside ScrollableElement [By.id: io.appium.android.apis:id/list2]. @27-11-2021 01:57:13.0385 AM
[ReportManager] Attempted to scroll using these parameters: [{width=360, top=802, percent=0.8, left=360, height=811, direction=UP}], there is still more room to keep scrolling. @27-11-2021 01:57:15.0974 AM
[ReportManager] Swiping to find Element using W3C Compliant Actions. SwipeDirection [UP], TargetElementLocator [By.xpath: //android.widget.ListView[2]/android.widget.TextView[@text='Abbaye de Belloc']], inside ScrollableElement [By.id: io.appium.android.apis:id/list2]. @27-11-2021 01:57:16.0023 AM
[ReportManager] Attempted to scroll using these parameters: [{width=360, top=802, percent=0.8, left=360, height=811, direction=UP}], there is still more room to keep scrolling. @27-11-2021 01:57:18.0542 AM
[ReportManager] Swiping to find Element using W3C Compliant Actions. SwipeDirection [UP], TargetElementLocator [By.xpath: //android.widget.ListView[2]/android.widget.TextView[@text='Abbaye de Belloc']], inside ScrollableElement [By.id: io.appium.android.apis:id/list2]. @27-11-2021 01:57:18.0586 AM
[ReportManager] Attempted to scroll using these parameters: [{width=360, top=802, percent=0.8, left=360, height=811, direction=UP}], there is still more room to keep scrolling. @27-11-2021 01:57:21.0022 AM
[ReportManager] Swiping to find Element using W3C Compliant Actions. SwipeDirection [UP], TargetElementLocator [By.xpath: //android.widget.ListView[2]/android.widget.TextView[@text='Abbaye de Belloc']], inside ScrollableElement [By.id: io.appium.android.apis:id/list2]. @27-11-2021 01:57:21.0072 AM
[ReportManager] Attempted to scroll using these parameters: [{width=360, top=802, percent=0.8, left=360, height=811, direction=UP}], there is still more room to keep scrolling. @27-11-2021 01:57:23.0561 AM
[ReportManager] Swiping to find Element using W3C Compliant Actions. SwipeDirection [UP], TargetElementLocator [By.xpath: //android.widget.ListView[2]/android.widget.TextView[@text='Abbaye de Belloc']], inside ScrollableElement [By.id: io.appium.android.apis:id/list2]. @27-11-2021 01:57:23.0634 AM
[ReportManager] Attempted to scroll using these parameters: [{width=360, top=802, percent=0.8, left=360, height=811, direction=UP}], there is still more room to keep scrolling. @27-11-2021 01:57:26.0148 AM
[ReportManager] Swiping to find Element using W3C Compliant Actions. SwipeDirection [UP], TargetElementLocator [By.xpath: //android.widget.ListView[2]/android.widget.TextView[@text='Abbaye de Belloc']], inside ScrollableElement [By.id: io.appium.android.apis:id/list2]. @27-11-2021 01:57:26.0206 AM
[ReportManager] Attempted to scroll using these parameters: [{width=360, top=802, percent=0.8, left=360, height=811, direction=UP}], there is still more room to keep scrolling. @27-11-2021 01:57:28.0700 AM
[ReportManager] Swiping to find Element using W3C Compliant Actions. SwipeDirection [UP], TargetElementLocator [By.xpath: //android.widget.ListView[2]/android.widget.TextView[@text='Abbaye de Belloc']], inside ScrollableElement [By.id: io.appium.android.apis:id/list2]. @27-11-2021 01:57:28.0746 AM
[ReportManager] Attempted to scroll using these parameters: [{width=360, top=802, percent=0.8, left=360, height=811, direction=UP}], there is still more room to keep scrolling. @27-11-2021 01:57:31.0172 AM
[ReportManager] Swiping to find Element using W3C Compliant Actions. SwipeDirection [UP], TargetElementLocator [By.xpath: //android.widget.ListView[2]/android.widget.TextView[@text='Abbaye de Belloc']], inside ScrollableElement [By.id: io.appium.android.apis:id/list2]. @27-11-2021 01:57:31.0221 AM
[ReportManager] Attempted to scroll using these parameters: [{width=360, top=802, percent=0.8, left=360, height=811, direction=UP}], there is no more room to keep scrolling. @27-11-2021 01:57:32.0796 AM
[ReportManager] Element Action [IsElementDisplayed] successfully performed. @27-11-2021 01:57:33.0469 AM
[ReportManager] Element found on screen. @27-11-2021 01:57:33.0470 AM
[ReportManager] Element Action [SwipeElementIntoView] successfully performed. @27-11-2021 01:57:33.0878 AM
[ReportManager] Element Action [Tap] successfully performed. With the following test data [Abbaye de Belloc]. @27-11-2021 01:57:35.0224 AM
[ReportManager] Successfully created attachment [Animated Gif - scrollInExpandableLists_verticalScrolling_insideElement] @27-11-2021 01:57:35.0228 A
[ReportManager] Successfully created attachment [Video Recording - teardown] @27-11-2021 01:57:36.0018 AM
[ReportManager] Successfully Closed All Drivers. @27-11-2021 01:57:36.0413 A
[ReportManager] File Action [GetAbsolutePath] successfully performed. With the following test data [Relative Folder Path: "target/downloadedFiles/"]. @27-11-2021 01:57:36.0416 AM
[ReportManager] Attempting to run remotely on: [Android], [http://0.0.0.0:4723/wd/hub]. @27-11-2021 01:57:36.0416 AM
[ReportManager] File Action [GetAbsolutePath] successfully performed. With the following test data [Relative Folder Path: "src/test/resources/testDataFiles/apps/ApiDemos-debug.apk"]. @27-11-2021 01:57:36.0416 AM
[ReportManager] Successfully Opened [NativeMobileApp]. @27-11-2021 01:57:43.0551 AM
[ReportManager] Started recording device screen @27-11-2021 01:57:44.0048 A

################################################################################################################################################
Starting Execution:	[3 out of 8] test cases in the current suite
Test Method:		[testPackage01.appium.AndroidBasicInteractionsTest.scrollInExpandableLists_verticalScrolling_insideElement2]
################################################################################################################################################
[ReportManager] File Action [CreateFile] successfully performed. With the following test data [Target Folder: "allure-results//screenshots/20211127-015554", Target File: "/1637978264586_scrollInExpandableLists_verticalScrolling_insideElement2.gif"]. @27-11-2021 01:57:44.0600 AM
[ReportManager] Element Action [Tap] successfully performed. With the following test data [Views]. @27-11-2021 01:57:45.0939 AM
[ReportManager] Swiping to find Element using W3C Compliant Actions. SwipeDirection [DOWN], TargetElementLocator [AppiumBy.accessibilityId: Splitting Touches across Views]. @27-11-2021 01:57:46.0346 AM
[ReportManager] Attempted to scroll using these parameters: [{width=720, top=100, percent=0.8, left=0, height=1065, direction=DOWN}], there is still more room to keep scrolling. @27-11-2021 01:57:48.0898 AM
[ReportManager] Swiping to find Element using W3C Compliant Actions. SwipeDirection [DOWN], TargetElementLocator [AppiumBy.accessibilityId: Splitting Touches across Views]. @27-11-2021 01:57:48.0930 AM
[ReportManager] Attempted to scroll using these parameters: [{width=720, top=100, percent=0.8, left=0, height=1065, direction=DOWN}], there is still more room to keep scrolling. @27-11-2021 01:57:51.0398 AM
[ReportManager] Swiping to find Element using W3C Compliant Actions. SwipeDirection [DOWN], TargetElementLocator [AppiumBy.accessibilityId: Splitting Touches across Views]. @27-11-2021 01:57:51.0435 AM
[ReportManager] Attempted to scroll using these parameters: [{width=720, top=100, percent=0.8, left=0, height=1065, direction=DOWN}], there is still more room to keep scrolling. @27-11-2021 01:57:53.0984 AM
[ReportManager] Element Action [IsElementDisplayed] successfully performed. @27-11-2021 01:57:54.0557 AM
[ReportManager] Element found on screen. @27-11-2021 01:57:54.0557 AM
[ReportManager] Element Action [SwipeElementIntoView] successfully performed. @27-11-2021 01:57:54.0958 AM
[ReportManager] Element Action [Tap] successfully performed. With the following test data [Splitting Touches across Views]. @27-11-2021 01:57:56.0539 AM
[ReportManager] Swiping to find Element using W3C Compliant Actions. SwipeDirection [DOWN], TargetElementLocator [By.xpath: //android.widget.ListView[1]/android.widget.TextView[@text='Blue']], inside ScrollableElement [By.id: io.appium.android.apis:id/list1]. @27-11-2021 01:57:57.0596 AM
[ReportManager] Attempted to scroll using these parameters: [{width=360, top=100, percent=0.8, left=0, height=811, direction=DOWN}], there is still more room to keep scrolling. @27-11-2021 01:58:00.0255 AM
[ReportManager] Swiping to find Element using W3C Compliant Actions. SwipeDirection [DOWN], TargetElementLocator [By.xpath: //android.widget.ListView[1]/android.widget.TextView[@text='Blue']], inside ScrollableElement [By.id: io.appium.android.apis:id/list1]. @27-11-2021 01:58:00.0337 AM
[ReportManager] Attempted to scroll using these parameters: [{width=360, top=100, percent=0.8, left=0, height=811, direction=DOWN}], there is still more room to keep scrolling. @27-11-2021 01:58:02.0916 AM
[ReportManager] Swiping to find Element using W3C Compliant Actions. SwipeDirection [DOWN], TargetElementLocator [By.xpath: //android.widget.ListView[1]/android.widget.TextView[@text='Blue']], inside ScrollableElement [By.id: io.appium.android.apis:id/list1]. @27-11-2021 01:58:02.0992 AM
[ReportManager] Attempted to scroll using these parameters: [{width=360, top=100, percent=0.8, left=0, height=811, direction=DOWN}], there is still more room to keep scrolling. @27-11-2021 01:58:05.0475 AM
[ReportManager] Swiping to find Element using W3C Compliant Actions. SwipeDirection [DOWN], TargetElementLocator [By.xpath: //android.widget.ListView[1]/android.widget.TextView[@text='Blue']], inside ScrollableElement [By.id: io.appium.android.apis:id/list1]. @27-11-2021 01:58:05.0546 AM
[ReportManager] Attempted to scroll using these parameters: [{width=360, top=100, percent=0.8, left=0, height=811, direction=DOWN}], there is still more room to keep scrolling. @27-11-2021 01:58:08.0031 AM
[ReportManager] Swiping to find Element using W3C Compliant Actions. SwipeDirection [DOWN], TargetElementLocator [By.xpath: //android.widget.ListView[1]/android.widget.TextView[@text='Blue']], inside ScrollableElement [By.id: io.appium.android.apis:id/list1]. @27-11-2021 01:58:08.0097 AM
[ReportManager] Attempted to scroll using these parameters: [{width=360, top=100, percent=0.8, left=0, height=811, direction=DOWN}], there is still more room to keep scrolling. @27-11-2021 01:58:10.0578 AM
[ReportManager] Swiping to find Element using W3C Compliant Actions. SwipeDirection [DOWN], TargetElementLocator [By.xpath: //android.widget.ListView[1]/android.widget.TextView[@text='Blue']], inside ScrollableElement [By.id: io.appium.android.apis:id/list1]. @27-11-2021 01:58:10.0646 AM
[ReportManager] Attempted to scroll using these parameters: [{width=360, top=100, percent=0.8, left=0, height=811, direction=DOWN}], there is still more room to keep scrolling. @27-11-2021 01:58:13.0207 AM
[ReportManager] Swiping to find Element using W3C Compliant Actions. SwipeDirection [DOWN], TargetElementLocator [By.xpath: //android.widget.ListView[1]/android.widget.TextView[@text='Blue']], inside ScrollableElement [By.id: io.appium.android.apis:id/list1]. @27-11-2021 01:58:13.0269 AM
[ReportManager] Attempted to scroll using these parameters: [{width=360, top=100, percent=0.8, left=0, height=811, direction=DOWN}], there is still more room to keep scrolling. @27-11-2021 01:58:15.0738 AM
[ReportManager] Swiping to find Element using W3C Compliant Actions. SwipeDirection [DOWN], TargetElementLocator [By.xpath: //android.widget.ListView[1]/android.widget.TextView[@text='Blue']], inside ScrollableElement [By.id: io.appium.android.apis:id/list1]. @27-11-2021 01:58:15.0796 AM
[ReportManager] Attempted to scroll using these parameters: [{width=360, top=100, percent=0.8, left=0, height=811, direction=DOWN}], there is still more room to keep scrolling. @27-11-2021 01:58:18.0364 AM
[ReportManager] Swiping to find Element using W3C Compliant Actions. SwipeDirection [DOWN], TargetElementLocator [By.xpath: //android.widget.ListView[1]/android.widget.TextView[@text='Blue']], inside ScrollableElement [By.id: io.appium.android.apis:id/list1]. @27-11-2021 01:58:18.0437 AM
[ReportManager] Attempted to scroll using these parameters: [{width=360, top=100, percent=0.8, left=0, height=811, direction=DOWN}], there is still more room to keep scrolling. @27-11-2021 01:58:21.0045 AM
[ReportManager] Element Action [IsElementDisplayed] successfully performed. @27-11-2021 01:58:21.0755 AM
[ReportManager] Element found on screen. @27-11-2021 01:58:21.0755 AM
[ReportManager] Element Action [SwipeElementIntoView] successfully performed. @27-11-2021 01:58:22.0159 AM
[ReportManager] Element Action [Tap] successfully performed. With the following test data [Blue]. @27-11-2021 01:58:23.0533 AM
[ReportManager] Swiping to find Element using W3C Compliant Actions. SwipeDirection [UP], TargetElementLocator [By.xpath: //android.widget.ListView[1]/android.widget.TextView[@text='Abbaye de Belloc']], inside ScrollableElement [By.id: io.appium.android.apis:id/list1]. @27-11-2021 01:58:23.0740 AM
[ReportManager] Attempted to scroll using these parameters: [{width=360, top=802, percent=0.8, left=0, height=811, direction=UP}], there is still more room to keep scrolling. @27-11-2021 01:58:26.0310 AM
[ReportManager] Swiping to find Element using W3C Compliant Actions. SwipeDirection [UP], TargetElementLocator [By.xpath: //android.widget.ListView[1]/android.widget.TextView[@text='Abbaye de Belloc']], inside ScrollableElement [By.id: io.appium.android.apis:id/list1]. @27-11-2021 01:58:26.0390 AM
[ReportManager] Attempted to scroll using these parameters: [{width=360, top=802, percent=0.8, left=0, height=811, direction=UP}], there is still more room to keep scrolling. @27-11-2021 01:58:28.0839 AM
[ReportManager] Swiping to find Element using W3C Compliant Actions. SwipeDirection [UP], TargetElementLocator [By.xpath: //android.widget.ListView[1]/android.widget.TextView[@text='Abbaye de Belloc']], inside ScrollableElement [By.id: io.appium.android.apis:id/list1]. @27-11-2021 01:58:28.0883 AM
[ReportManager] Attempted to scroll using these parameters: [{width=360, top=802, percent=0.8, left=0, height=811, direction=UP}], there is still more room to keep scrolling. @27-11-2021 01:58:31.0326 AM
[ReportManager] Swiping to find Element using W3C Compliant Actions. SwipeDirection [UP], TargetElementLocator [By.xpath: //android.widget.ListView[1]/android.widget.TextView[@text='Abbaye de Belloc']], inside ScrollableElement [By.id: io.appium.android.apis:id/list1]. @27-11-2021 01:58:31.0368 AM
[ReportManager] Attempted to scroll using these parameters: [{width=360, top=802, percent=0.8, left=0, height=811, direction=UP}], there is still more room to keep scrolling. @27-11-2021 01:58:33.0898 AM
[ReportManager] Swiping to find Element using W3C Compliant Actions. SwipeDirection [UP], TargetElementLocator [By.xpath: //android.widget.ListView[1]/android.widget.TextView[@text='Abbaye de Belloc']], inside ScrollableElement [By.id: io.appium.android.apis:id/list1]. @27-11-2021 01:58:33.0938 AM
[ReportManager] Attempted to scroll using these parameters: [{width=360, top=802, percent=0.8, left=0, height=811, direction=UP}], there is still more room to keep scrolling. @27-11-2021 01:58:36.0523 AM
[ReportManager] Swiping to find Element using W3C Compliant Actions. SwipeDirection [UP], TargetElementLocator [By.xpath: //android.widget.ListView[1]/android.widget.TextView[@text='Abbaye de Belloc']], inside ScrollableElement [By.id: io.appium.android.apis:id/list1]. @27-11-2021 01:58:36.0595 AM
[ReportManager] Attempted to scroll using these parameters: [{width=360, top=802, percent=0.8, left=0, height=811, direction=UP}], there is still more room to keep scrolling. @27-11-2021 01:58:39.0159 AM
[ReportManager] Swiping to find Element using W3C Compliant Actions. SwipeDirection [UP], TargetElementLocator [By.xpath: //android.widget.ListView[1]/android.widget.TextView[@text='Abbaye de Belloc']], inside ScrollableElement [By.id: io.appium.android.apis:id/list1]. @27-11-2021 01:58:39.0248 AM
[ReportManager] Attempted to scroll using these parameters: [{width=360, top=802, percent=0.8, left=0, height=811, direction=UP}], there is still more room to keep scrolling. @27-11-2021 01:58:41.0722 AM
[ReportManager] Swiping to find Element using W3C Compliant Actions. SwipeDirection [UP], TargetElementLocator [By.xpath: //android.widget.ListView[1]/android.widget.TextView[@text='Abbaye de Belloc']], inside ScrollableElement [By.id: io.appium.android.apis:id/list1]. @27-11-2021 01:58:41.0771 AM
[ReportManager] Attempted to scroll using these parameters: [{width=360, top=802, percent=0.8, left=0, height=811, direction=UP}], there is still more room to keep scrolling. @27-11-2021 01:58:44.0381 AM
[ReportManager] Swiping to find Element using W3C Compliant Actions. SwipeDirection [UP], TargetElementLocator [By.xpath: //android.widget.ListView[1]/android.widget.TextView[@text='Abbaye de Belloc']], inside ScrollableElement [By.id: io.appium.android.apis:id/list1]. @27-11-2021 01:58:44.0434 AM
[ReportManager] Attempted to scroll using these parameters: [{width=360, top=802, percent=0.8, left=0, height=811, direction=UP}], there is no more room to keep scrolling. @27-11-2021 01:58:46.0023 AM
[ReportManager] Element Action [IsElementDisplayed] successfully performed. @27-11-2021 01:58:46.0713 AM
[ReportManager] Element found on screen. @27-11-2021 01:58:46.0713 AM
[ReportManager] Element Action [SwipeElementIntoView] successfully performed. @27-11-2021 01:58:47.0121 AM
[ReportManager] Element Action [Tap] successfully performed. With the following test data [Abbaye de Belloc]. @27-11-2021 01:58:48.0477 AM
[ReportManager] Successfully created attachment [Animated Gif - scrollInExpandableLists_verticalScrolling_insideElement2] @27-11-2021 01:58:48.0481 A
[ReportManager] Successfully created attachment [Video Recording - teardown] @27-11-2021 01:58:49.0325 AM
[ReportManager] Successfully Closed All Drivers. @27-11-2021 01:58:49.0914 A
[ReportManager] File Action [GetAbsolutePath] successfully performed. With the following test data [Relative Folder Path: "target/downloadedFiles/"]. @27-11-2021 01:58:49.0917 AM
[ReportManager] Attempting to run remotely on: [Android], [http://0.0.0.0:4723/wd/hub]. @27-11-2021 01:58:49.0917 AM
[ReportManager] File Action [GetAbsolutePath] successfully performed. With the following test data [Relative Folder Path: "src/test/resources/testDataFiles/apps/ApiDemos-debug.apk"]. @27-11-2021 01:58:49.0917 AM
[ReportManager] Successfully Opened [NativeMobileApp]. @27-11-2021 01:58:56.0810 AM
[ReportManager] Started recording device screen @27-11-2021 01:58:57.0294 A

################################################################################################################################################
Starting Execution:	[4 out of 8] test cases in the current suite
Test Method:		[testPackage01.appium.AndroidBasicInteractionsTest.scrollInExpandableLists_verticalScrolling_insideScreen]
################################################################################################################################################
[ReportManager] File Action [CreateFile] successfully performed. With the following test data [Target Folder: "allure-results//screenshots/20211127-015554", Target File: "/1637978337705_scrollInExpandableLists_verticalScrolling_insideScreen.gif"]. @27-11-2021 01:58:57.0718 AM
[ReportManager] Element Action [Tap] successfully performed. With the following test data [Views]. @27-11-2021 01:58:59.0041 AM
[ReportManager] Element Action [Tap] successfully performed. With the following test data [Expandable Lists]. @27-11-2021 01:59:00.0922 AM
[ReportManager] Element Action [Tap] successfully performed. With the following test data [3. Simple Adapter]. @27-11-2021 01:59:02.0650 AM
[ReportManager] Swiping to find Element using W3C Compliant Actions. SwipeDirection [DOWN], TargetElementLocator [By.xpath: //android.widget.TextView[@text='Group 18']]. @27-11-2021 01:59:03.0690 AM
[ReportManager] Attempted to scroll using these parameters: [{width=720, top=100, percent=0.8, left=0, height=1065, direction=DOWN}], there is still more room to keep scrolling. @27-11-2021 01:59:06.0212 AM
[ReportManager] Swiping to find Element using W3C Compliant Actions. SwipeDirection [DOWN], TargetElementLocator [By.xpath: //android.widget.TextView[@text='Group 18']]. @27-11-2021 01:59:06.0268 AM
[ReportManager] Attempted to scroll using these parameters: [{width=720, top=100, percent=0.8, left=0, height=1065, direction=DOWN}], there is no more room to keep scrolling. @27-11-2021 01:59:07.0694 AM
[ReportManager] Element Action [IsElementDisplayed] successfully performed. @27-11-2021 01:59:08.0399 AM
[ReportManager] Element found on screen. @27-11-2021 01:59:08.0400 AM
[ReportManager] Element Action [SwipeElementIntoView] successfully performed. @27-11-2021 01:59:08.0829 AM
[ReportManager] Element Action [Tap] successfully performed. With the following test data [Group 18]. @27-11-2021 01:59:10.0340 AM
[ReportManager] Swiping to find Element using W3C Compliant Actions. SwipeDirection [DOWN], TargetElementLocator [By.xpath: //android.widget.TextView[@text='Child 13']]. @27-11-2021 01:59:10.0779 AM
[ReportManager] Attempted to scroll using these parameters: [{width=720, top=100, percent=0.8, left=0, height=1065, direction=DOWN}], there is still more room to keep scrolling. @27-11-2021 01:59:13.0294 AM
[ReportManager] Element Action [IsElementDisplayed] successfully performed. @27-11-2021 01:59:14.0004 AM
[ReportManager] Element found on screen. @27-11-2021 01:59:14.0005 AM
[ReportManager] Element Action [SwipeElementIntoView] successfully performed. @27-11-2021 01:59:14.0424 AM
[ReportManager] Swiping to find Element using W3C Compliant Actions. SwipeDirection [UP], TargetElementLocator [By.xpath: //android.widget.TextView[@text='Group 1']]. @27-11-2021 01:59:14.0494 AM
[ReportManager] Attempted to scroll using these parameters: [{width=720, top=1084, percent=0.8, left=0, height=1065, direction=UP}], there is still more room to keep scrolling. @27-11-2021 01:59:16.0910 AM
[ReportManager] Swiping to find Element using W3C Compliant Actions. SwipeDirection [UP], TargetElementLocator [By.xpath: //android.widget.TextView[@text='Group 1']]. @27-11-2021 01:59:16.0968 AM
[ReportManager] Attempted to scroll using these parameters: [{width=720, top=1084, percent=0.8, left=0, height=1065, direction=UP}], there is still more room to keep scrolling. @27-11-2021 01:59:19.0521 AM
[ReportManager] Swiping to find Element using W3C Compliant Actions. SwipeDirection [UP], TargetElementLocator [By.xpath: //android.widget.TextView[@text='Group 1']]. @27-11-2021 01:59:19.0568 AM
[ReportManager] Attempted to scroll using these parameters: [{width=720, top=1084, percent=0.8, left=0, height=1065, direction=UP}], there is still more room to keep scrolling. @27-11-2021 01:59:22.0022 AM
[ReportManager] Swiping to find Element using W3C Compliant Actions. SwipeDirection [UP], TargetElementLocator [By.xpath: //android.widget.TextView[@text='Group 1']]. @27-11-2021 01:59:22.0066 AM
[ReportManager] Attempted to scroll using these parameters: [{width=720, top=1084, percent=0.8, left=0, height=1065, direction=UP}], there is no more room to keep scrolling. @27-11-2021 01:59:23.0589 AM
[ReportManager] Element Action [IsElementDisplayed] successfully performed. @27-11-2021 01:59:24.0265 AM
[ReportManager] Element found on screen. @27-11-2021 01:59:24.0265 AM
[ReportManager] Element Action [SwipeElementIntoView] successfully performed. @27-11-2021 01:59:24.0666 AM
[ReportManager] Successfully created attachment [Animated Gif - scrollInExpandableLists_verticalScrolling_insideScreen] @27-11-2021 01:59:24.0669 A
[ReportManager] Successfully created attachment [Video Recording - teardown] @27-11-2021 01:59:25.0436 AM
[ReportManager] Successfully Closed All Drivers. @27-11-2021 01:59:25.0851 A
[ReportManager] File Action [GetAbsolutePath] successfully performed. With the following test data [Relative Folder Path: "target/downloadedFiles/"]. @27-11-2021 01:59:25.0854 AM
[ReportManager] Attempting to run remotely on: [Android], [http://0.0.0.0:4723/wd/hub]. @27-11-2021 01:59:25.0854 AM
[ReportManager] File Action [GetAbsolutePath] successfully performed. With the following test data [Relative Folder Path: "src/test/resources/testDataFiles/apps/ApiDemos-debug.apk"]. @27-11-2021 01:59:25.0854 AM
[ReportManager] Successfully Opened [NativeMobileApp]. @27-11-2021 01:59:32.0695 AM
[ReportManager] Started recording device screen @27-11-2021 01:59:33.0215 A

################################################################################################################################################
Starting Execution:	[5 out of 8] test cases in the current suite
Test Method:		[testPackage01.appium.AndroidBasicInteractionsTest.testOpensAlert]
################################################################################################################################################
[ReportManager] File Action [CreateFile] successfully performed. With the following test data [Target Folder: "allure-results//screenshots/20211127-015554", Target File: "/1637978375346_testOpensAlert.gif"]. @27-11-2021 01:59:35.0360 AM
[ReportManager] Element Action [Tap] successfully performed. With the following test data [OK CANCEL DIALOG WITH A MESSAGE]. @27-11-2021 01:59:36.0807 AM
[ReportManager] Element Action [GetText] successfully performed. With the following test data [Lorem ipsum dolor sit aie consectetur adipiscing
Plloaso mako nuto siwuf cakso dodtos anr koop.]. @27-11-2021 01:59:37.0426 AM
[ReportManager] Loaded Shared OpenCV @27-11-2021 01:59:38.0894 AM
[ReportManager] Verification Passed: Then I Verify that the element found by [By.id: android:id/alertTitle] text is equal to [Lorem ipsum dolor sit aie consectetur adipiscing
Plloaso mako nuto siwuf cakso dodtos anr koop.]. @27-11-2021 01:59:39.0431 AM
[ReportManager] Successfully created attachment [Screenshot - 1637978377739_testOpensAlert_ValidateElementAttribute_passed] @27-11-2021 01:59:39.0433 AM
[ReportManager] Verification [ValidateElementAttribute] PASSED. Expected [Value Should be 'Lorem ipsum dolor sit aie consectetur adipiscing
Plloaso mako nuto siwuf cakso dodtos anr koop.' for the 'text' attribute, element locator 'By.id: android:id/alertTitle'] and Actual [Lorem ipsum dolor sit aie consectetur adipiscing
Plloaso mako nuto siwuf cakso dodtos anr koop.]. Comparison Type [EQUALS]. Validation Type [POSITIVE]. @27-11-2021 01:59:39.0433 AM
[ReportManager] Element Action [Tap] successfully performed. With the following test data [OK]. @27-11-2021 01:59:40.0801 AM
[ReportManager] Successfully created attachment [Animated Gif - testOpensAlert] @27-11-2021 01:59:40.0803 A
[ReportManager] Successfully created attachment [Video Recording - teardown] @27-11-2021 01:59:41.0732 AM
[ReportManager] Successfully Closed All Drivers. @27-11-2021 01:59:42.0139 A
[ReportManager] File Action [GetAbsolutePath] successfully performed. With the following test data [Relative Folder Path: "target/downloadedFiles/"]. @27-11-2021 01:59:42.0142 AM
[ReportManager] Attempting to run remotely on: [Android], [http://0.0.0.0:4723/wd/hub]. @27-11-2021 01:59:42.0142 AM
[ReportManager] File Action [GetAbsolutePath] successfully performed. With the following test data [Relative Folder Path: "src/test/resources/testDataFiles/apps/ApiDemos-debug.apk"]. @27-11-2021 01:59:42.0142 AM
[ReportManager] Successfully Opened [NativeMobileApp]. @27-11-2021 01:59:49.0377 AM
[ReportManager] Started recording device screen @27-11-2021 01:59:49.0864 A

################################################################################################################################################
Starting Execution:	[6 out of 8] test cases in the current suite
Test Method:		[testPackage01.appium.AndroidBasicInteractionsTest.testSendKeys]
################################################################################################################################################
[ReportManager] File Action [CreateFile] successfully performed. With the following test data [Target Folder: "allure-results//screenshots/20211127-015554", Target File: "/1637978393328_testSendKeys.gif"]. @27-11-2021 01:59:53.0341 AM
[ReportManager] Element Action [Type] successfully performed. With the following test data [Hello world!]. @27-11-2021 01:59:53.0776 AM
[ReportManager] Element Action [Tap] successfully performed. With the following test data [ONSEARCHREQUESTED()]. @27-11-2021 01:59:55.0115 AM
[ReportManager] Element Action [GetText] successfully performed. With the following test data [Hello world!]. @27-11-2021 01:59:56.0068 AM
[ReportManager] Loaded Shared OpenCV @27-11-2021 01:59:56.0406 AM
[ReportManager] Assertion Passed: Then I Assert that the element found by [By.id: android:id/search_src_text] text is equal to [Hello world!]. @27-11-2021 01:59:56.0716 AM
[ReportManager] Successfully created attachment [Screenshot - 1637978396406_testSendKeys_ValidateElementAttribute_passed] @27-11-2021 01:59:56.0717 AM
[ReportManager] Assertion [ValidateElementAttribute] PASSED. Expected [Value Should be 'Hello world!' for the 'text' attribute, element locator 'By.id: android:id/search_src_text'] and Actual [Hello world!]. Comparison Type [EQUALS]. Validation Type [POSITIVE]. @27-11-2021 01:59:56.0717 AM
[ReportManager] Successfully created attachment [Animated Gif - testSendKeys] @27-11-2021 01:59:56.0718 A
[ReportManager] Successfully created attachment [Video Recording - teardown] @27-11-2021 01:59:57.0676 AM
[ReportManager] Successfully Closed All Drivers. @27-11-2021 01:59:58.0075 A
[ReportManager] File Action [GetAbsolutePath] successfully performed. With the following test data [Relative Folder Path: "target/downloadedFiles/"]. @27-11-2021 01:59:58.0077 AM
[ReportManager] Attempting to run remotely on: [Android], [http://0.0.0.0:4723/wd/hub]. @27-11-2021 01:59:58.0078 AM
[ReportManager] File Action [GetAbsolutePath] successfully performed. With the following test data [Relative Folder Path: "src/test/resources/testDataFiles/apps/ApiDemos-debug.apk"]. @27-11-2021 01:59:58.0078 AM
[ReportManager] Successfully Opened [NativeMobileApp]. @27-11-2021 02:00:04.0558 AM
[ReportManager] Started recording device screen @27-11-2021 02:00:05.0084 A

################################################################################################################################################
Starting Execution:	[7 out of 8] test cases in the current suite
Test Method:		[testPackage01.appium.AndroidBasicInteractionsTest.visualElementIdentification_requiresProcessing]
################################################################################################################################################
[ReportManager] File Action [DoesFileExist] successfully performed. With the following test data [File Path: "src/main/resources/dynamicObjectRepository/content2.png"]. @27-11-2021 02:00:05.0301 AM
[ReportManager] Loaded Shared OpenCV @27-11-2021 02:00:05.0301 AM
[ReportManager] Successfully identified the element using AI; OpenCV. @27-11-2021 02:00:05.0380 AM
[ReportManager] Element Action [Tap] successfully performed. @27-11-2021 02:00:05.0646 AM
[ReportManager] org.openqa.selenium.TimeoutException:
Expected condition failed: waiting for com.shaft.gui.element.ElementActionsHelper$$Lambda$618/0x0000000801102640@1631a614 (tried for 25 second(s) with 1000 milliseconds interval)
org.openqa.selenium.support.ui.FluentWait.timeoutException(FluentWait.java:263)
org.openqa.selenium.support.ui.FluentWait.until(FluentWait.java:231)
com.shaft.gui.element.ElementActionsHelper.waitForElementPresence(ElementActionsHelper.java:63)
com.shaft.gui.element.ElementActionsHelper.waitForElementPresence(ElementActionsHelper.java:37)
com.shaft.gui.element.WebDriverElementActions.getMatchingElementsCount(WebDriverElementActions.java:1468)
com.shaft.gui.element.WebDriverElementActions.getElementsCount(WebDriverElementActions.java:559)
com.shaft.gui.element.ElementActions.getElementsCount(ElementActions.java:261)
com.shaft.validation.ValidationsHelper.validateElementExists(ValidationsHelper.java:149)
com.shaft.validation.ValidationsExecutor.perform(ValidationsExecutor.java:146)
testPackage01.appium.AndroidBasicInteractionsTest.visualElementIdentification_requiresProcessing(AndroidBasicInteractionsTest.java:90)
java.base/jdk.internal.reflect.NativeMethodAccessorImpl.invoke0(Native Method)
java.base/jdk.internal.reflect.NativeMethodAccessorImpl.invoke(NativeMethodAccessorImpl.java:77)
java.base/jdk.internal.reflect.DelegatingMethodAccessorImpl.invoke(DelegatingMethodAccessorImpl.java:43)
java.base/java.lang.reflect.Method.invoke(Method.java:568)
org.testng.internal.MethodInvocationHelper.invokeMethod(MethodInvocationHelper.java:133)
org.testng.internal.TestInvoker.invokeMethod(TestInvoker.java:598)
org.testng.internal.TestInvoker.invokeTestMethod(TestInvoker.java:173)
org.testng.internal.MethodRunner.runInSequence(MethodRunner.java:46)
org.testng.internal.TestInvoker$MethodInvocationAgent.invoke(TestInvoker.java:824)
org.testng.internal.TestInvoker.invokeTestMethods(TestInvoker.java:146)
org.testng.internal.TestMethodWorker.invokeTestMethods(TestMethodWorker.java:146)
org.testng.internal.TestMethodWorker.run(TestMethodWorker.java:128)
java.base/java.util.ArrayList.forEach(ArrayList.java:1511)
org.testng.TestRunner.privateRun(TestRunner.java:794)
org.testng.TestRunner.run(TestRunner.java:596)
org.testng.SuiteRunner.runTest(SuiteRunner.java:377)
org.testng.SuiteRunner.runSequentially(SuiteRunner.java:371)
org.testng.SuiteRunner.privateRun(SuiteRunner.java:332)
org.testng.SuiteRunner.run(SuiteRunner.java:276)
org.testng.SuiteRunnerWorker.runSuite(SuiteRunnerWorker.java:53)
org.testng.SuiteRunnerWorker.run(SuiteRunnerWorker.java:96)
org.testng.TestNG.runSuitesSequentially(TestNG.java:1212)
org.testng.TestNG.runSuitesLocally(TestNG.java:1134)
org.testng.TestNG.runSuites(TestNG.java:1063)
org.testng.TestNG.run(TestNG.java:1031)
org.apache.maven.surefire.testng.TestNGExecutor.run(TestNGExecutor.java:136)
org.apache.maven.surefire.testng.TestNGDirectoryTestSuite.executeSingleClass(TestNGDirectoryTestSuite.java:112)
org.apache.maven.surefire.testng.TestNGDirectoryTestSuite.execute(TestNGDirectoryTestSuite.java:99)
org.apache.maven.surefire.testng.TestNGProvider.invoke(TestNGProvider.java:145)
org.apache.maven.surefire.booter.ForkedBooter.runSuitesInProcess(ForkedBooter.java:428)
org.apache.maven.surefire.booter.ForkedBooter.execute(ForkedBooter.java:162)
org.apache.maven.surefire.booter.ForkedBooter.run(ForkedBooter.java:562)
org.apache.maven.surefire.booter.ForkedBooter.main(ForkedBooter.java:548)

Caused by: org.openqa.selenium.NoSuchElementException:
An element could not be located on the page using the given search parameters.
For documentation on this error, please visit: https://selenium.dev/exceptions/#no_such_element
Build info: version: '4.1.0', revision: '87802e897b'
System info: host: 'Mac-1637974609776.local', ip: '10.212.6.37', os.name: 'Mac OS X', os.arch: 'x86_64', os.version: '11.5', java.version: '17.0.1'
Driver info: io.appium.java_client.android.AndroidDriver
Command: [08d3ac02-dbda-413c-9be5-18abe881954e, findElement {using=accessibility id, value=Assets}]
Capabilities {appium:app: /Users/runner/work/SHAFT_EN..., appium:appPackage: io.appium.android.apis, appium:appWaitActivity: *, appium:automationName: UIAutomator2, appium:databaseEnabled: false, appium:desired: {app: /Users/runner/work/SHAFT_EN..., appWaitActivity: *, automationName: UIAutomator2, disableWindowAnimation: true, platformName: android}, appium:deviceApiLevel: 30, appium:deviceManufacturer: unknown, appium:deviceModel: Android SDK built for x86, appium:deviceName: emulator-5554, appium:deviceScreenDensity: 320, appium:deviceScreenSize: 720x1280, appium:deviceUDID: emulator-5554, appium:disableWindowAnimation: true, appium:javascriptEnabled: true, appium:locationContextEnabled: false, appium:networkConnectionEnabled: true, appium:pixelRatio: 2, appium:platformVersion: 11, appium:statBarHeight: 48, appium:takesScreenshot: true, appium:viewportRect: {height: 1136, left: 0, top: 48, width: 720}, appium:warnings: {}, appium:webStorageEnabled: false, platformName: android}
Session ID: 08d3ac02-dbda-413c-9be5-18abe881954e
jdk.internal.reflect.GeneratedConstructorAccessor13.newInstance(Unknown Source)
java.base/jdk.internal.reflect.DelegatingConstructorAccessorImpl.newInstance(DelegatingConstructorAccessorImpl.java:45)
java.base/java.lang.reflect.Constructor.newInstanceWithCaller(Constructor.java:499)
java.base/java.lang.reflect.Constructor.newInstance(Constructor.java:480)
org.openqa.selenium.remote.codec.w3c.W3CHttpResponseCodec.createException(W3CHttpResponseCodec.java:200)
org.openqa.selenium.remote.codec.w3c.W3CHttpResponseCodec.decode(W3CHttpResponseCodec.java:133)
org.openqa.selenium.remote.codec.w3c.W3CHttpResponseCodec.decode(W3CHttpResponseCodec.java:53)
org.openqa.selenium.remote.HttpCommandExecutor.execute(HttpCommandExecutor.java:184)
io.appium.java_client.remote.AppiumCommandExecutor.execute(AppiumCommandExecutor.java:180)
org.openqa.selenium.remote.RemoteWebDriver.execute(RemoteWebDriver.java:559)
org.openqa.selenium.remote.ElementLocation$ElementFinder$2.findElement(ElementLocation.java:162)
org.openqa.selenium.remote.ElementLocation.findElement(ElementLocation.java:60)
org.openqa.selenium.remote.RemoteWebDriver.findElement(RemoteWebDriver.java:383)
org.openqa.selenium.remote.RemoteWebDriver.findElement(RemoteWebDriver.java:375)
com.shaft.gui.element.ElementActionsHelper.lambda$waitForElementPresence$0(ElementActionsHelper.java:68)
org.openqa.selenium.support.ui.FluentWait.until(FluentWait.java:208)
com.shaft.gui.element.ElementActionsHelper.waitForElementPresence(ElementActionsHelper.java:63)
com.shaft.gui.element.ElementActionsHelper.waitForElementPresence(ElementActionsHelper.java:37)
com.shaft.gui.element.WebDriverElementActions.getMatchingElementsCount(WebDriverElementActions.java:1468)
com.shaft.gui.element.WebDriverElementActions.getElementsCount(WebDriverElementActions.java:559)
com.shaft.gui.element.ElementActions.getElementsCount(ElementActions.java:261)
com.shaft.validation.ValidationsHelper.validateElementExists(ValidationsHelper.java:149)
com.shaft.validation.ValidationsExecutor.perform(ValidationsExecutor.java:146)
testPackage01.appium.AndroidBasicInteractionsTest.visualElementIdentification_requiresProcessing(AndroidBasicInteractionsTest.java:90)
java.base/jdk.internal.reflect.NativeMethodAccessorImpl.invoke0(Native Method)
java.base/jdk.internal.reflect.NativeMethodAccessorImpl.invoke(NativeMethodAccessorImpl.java:77)
java.base/jdk.internal.reflect.DelegatingMethodAccessorImpl.invoke(DelegatingMethodAccessorImpl.java:43)
java.base/java.lang.reflect.Method.invoke(Method.java:568)
org.testng.internal.MethodInvocationHelper.invokeMethod(MethodInvocationHelper.java:133)
org.testng.internal.TestInvoker.invokeMethod(TestInvoker.java:598)
org.testng.internal.TestInvoker.invokeTestMethod(TestInvoker.java:173)
org.testng.internal.MethodRunner.runInSequence(MethodRunner.java:46)
org.testng.internal.TestInvoker$MethodInvocationAgent.invoke(TestInvoker.java:824)
org.testng.internal.TestInvoker.invokeTestMethods(TestInvoker.java:146)
org.testng.internal.TestMethodWorker.invokeTestMethods(TestMethodWorker.java:146)
org.testng.internal.TestMethodWorker.run(TestMethodWorker.java:128)
java.base/java.util.ArrayList.forEach(ArrayList.java:1511)
org.testng.TestRunner.privateRun(TestRunner.java:794)
org.testng.TestRunner.run(TestRunner.java:596)
org.testng.SuiteRunner.runTest(SuiteRunner.java:377)
org.testng.SuiteRunner.runSequentially(SuiteRunner.java:371)
org.testng.SuiteRunner.privateRun(SuiteRunner.java:332)
org.testng.SuiteRunner.run(SuiteRunner.java:276)
org.testng.SuiteRunnerWorker.runSuite(SuiteRunnerWorker.java:53)
org.testng.SuiteRunnerWorker.run(SuiteRunnerWorker.java:96)
org.testng.TestNG.runSuitesSequentially(TestNG.java:1212)
org.testng.TestNG.runSuitesLocally(TestNG.java:1134)
org.testng.TestNG.runSuites(TestNG.java:1063)
org.testng.TestNG.run(TestNG.java:1031)
org.apache.maven.surefire.testng.TestNGExecutor.run(TestNGExecutor.java:136)
org.apache.maven.surefire.testng.TestNGDirectoryTestSuite.executeSingleClass(TestNGDirectoryTestSuite.java:112)
org.apache.maven.surefire.testng.TestNGDirectoryTestSuite.execute(TestNGDirectoryTestSuite.java:99)
org.apache.maven.surefire.testng.TestNGProvider.invoke(TestNGProvider.java:145)
org.apache.maven.surefire.booter.ForkedBooter.runSuitesInProcess(ForkedBooter.java:428)
org.apache.maven.surefire.booter.ForkedBooter.execute(ForkedBooter.java:162)
org.apache.maven.surefire.booter.ForkedBooter.run(ForkedBooter.java:562)
org.apache.maven.surefire.booter.ForkedBooter.main(ForkedBooter.java:548) @27-11-2021 02:00:31.0449 AM
[ReportManager] org.openqa.selenium.TimeoutException:
Expected condition failed: waiting for com.shaft.gui.element.ElementActionsHelper$$Lambda$618/0x0000000801102640@5ebd80f8 (tried for 5 second(s) with 1000 milliseconds interval)
org.openqa.selenium.support.ui.FluentWait.timeoutException(FluentWait.java:263)
org.openqa.selenium.support.ui.FluentWait.until(FluentWait.java:231)
com.shaft.gui.element.ElementActionsHelper.waitForElementPresence(ElementActionsHelper.java:63)
com.shaft.gui.element.ElementActionsHelper.waitForElementPresence(ElementActionsHelper.java:37)
com.shaft.gui.element.WebDriverElementActions.getMatchingElementsCount(WebDriverElementActions.java:1468)
com.shaft.gui.element.WebDriverElementActions.getElementsCount(WebDriverElementActions.java:559)
com.shaft.gui.element.ElementActions.getElementsCount(ElementActions.java:261)
com.shaft.gui.image.ScreenshotManager.internalCaptureScreenShot(ScreenshotManager.java:394)
com.shaft.gui.image.ScreenshotManager.captureScreenShot(ScreenshotManager.java:141)
com.shaft.validation.ValidationsHelper.reportValidationState(ValidationsHelper.java:823)
com.shaft.validation.ValidationsHelper.fail(ValidationsHelper.java:588)
com.shaft.validation.ValidationsHelper.validateElementExists(ValidationsHelper.java:155)
com.shaft.validation.ValidationsExecutor.perform(ValidationsExecutor.java:146)
testPackage01.appium.AndroidBasicInteractionsTest.visualElementIdentification_requiresProcessing(AndroidBasicInteractionsTest.java:90)
java.base/jdk.internal.reflect.NativeMethodAccessorImpl.invoke0(Native Method)
java.base/jdk.internal.reflect.NativeMethodAccessorImpl.invoke(NativeMethodAccessorImpl.java:77)
java.base/jdk.internal.reflect.DelegatingMethodAccessorImpl.invoke(DelegatingMethodAccessorImpl.java:43)
java.base/java.lang.reflect.Method.invoke(Method.java:568)
org.testng.internal.MethodInvocationHelper.invokeMethod(MethodInvocationHelper.java:133)
org.testng.internal.TestInvoker.invokeMethod(TestInvoker.java:598)
org.testng.internal.TestInvoker.invokeTestMethod(TestInvoker.java:173)
org.testng.internal.MethodRunner.runInSequence(MethodRunner.java:46)
org.testng.internal.TestInvoker$MethodInvocationAgent.invoke(TestInvoker.java:824)
org.testng.internal.TestInvoker.invokeTestMethods(TestInvoker.java:146)
org.testng.internal.TestMethodWorker.invokeTestMethods(TestMethodWorker.java:146)
org.testng.internal.TestMethodWorker.run(TestMethodWorker.java:128)
java.base/java.util.ArrayList.forEach(ArrayList.java:1511)
org.testng.TestRunner.privateRun(TestRunner.java:794)
org.testng.TestRunner.run(TestRunner.java:596)
org.testng.SuiteRunner.runTest(SuiteRunner.java:377)
org.testng.SuiteRunner.runSequentially(SuiteRunner.java:371)
org.testng.SuiteRunner.privateRun(SuiteRunner.java:332)
org.testng.SuiteRunner.run(SuiteRunner.java:276)
org.testng.SuiteRunnerWorker.runSuite(SuiteRunnerWorker.java:53)
org.testng.SuiteRunnerWorker.run(SuiteRunnerWorker.java:96)
org.testng.TestNG.runSuitesSequentially(TestNG.java:1212)
org.testng.TestNG.runSuitesLocally(TestNG.java:1134)
org.testng.TestNG.runSuites(TestNG.java:1063)
org.testng.TestNG.run(TestNG.java:1031)
org.apache.maven.surefire.testng.TestNGExecutor.run(TestNGExecutor.java:136)
org.apache.maven.surefire.testng.TestNGDirectoryTestSuite.executeSingleClass(TestNGDirectoryTestSuite.java:112)
org.apache.maven.surefire.testng.TestNGDirectoryTestSuite.execute(TestNGDirectoryTestSuite.java:99)
org.apache.maven.surefire.testng.TestNGProvider.invoke(TestNGProvider.java:145)
org.apache.maven.surefire.booter.ForkedBooter.runSuitesInProcess(ForkedBooter.java:428)
org.apache.maven.surefire.booter.ForkedBooter.execute(ForkedBooter.java:162)
org.apache.maven.surefire.booter.ForkedBooter.run(ForkedBooter.java:562)
org.apache.maven.surefire.booter.ForkedBooter.main(ForkedBooter.java:548)

Caused by: org.openqa.selenium.NoSuchElementException:
An element could not be located on the page using the given search parameters.
For documentation on this error, please visit: https://selenium.dev/exceptions/#no_such_element
Build info: version: '4.1.0', revision: '87802e897b'
System info: host: 'Mac-1637974609776.local', ip: '10.212.6.37', os.name: 'Mac OS X', os.arch: 'x86_64', os.version: '11.5', java.version: '17.0.1'
Driver info: io.appium.java_client.android.AndroidDriver
Command: [08d3ac02-dbda-413c-9be5-18abe881954e, findElement {using=accessibility id, value=Assets}]
Capabilities {appium:app: /Users/runner/work/SHAFT_EN..., appium:appPackage: io.appium.android.apis, appium:appWaitActivity: *, appium:automationName: UIAutomator2, appium:databaseEnabled: false, appium:desired: {app: /Users/runner/work/SHAFT_EN..., appWaitActivity: *, automationName: UIAutomator2, disableWindowAnimation: true, platformName: android}, appium:deviceApiLevel: 30, appium:deviceManufacturer: unknown, appium:deviceModel: Android SDK built for x86, appium:deviceName: emulator-5554, appium:deviceScreenDensity: 320, appium:deviceScreenSize: 720x1280, appium:deviceUDID: emulator-5554, appium:disableWindowAnimation: true, appium:javascriptEnabled: true, appium:locationContextEnabled: false, appium:networkConnectionEnabled: true, appium:pixelRatio: 2, appium:platformVersion: 11, appium:statBarHeight: 48, appium:takesScreenshot: true, appium:viewportRect: {height: 1136, left: 0, top: 48, width: 720}, appium:warnings: {}, appium:webStorageEnabled: false, platformName: android}
Session ID: 08d3ac02-dbda-413c-9be5-18abe881954e
jdk.internal.reflect.GeneratedConstructorAccessor13.newInstance(Unknown Source)
java.base/jdk.internal.reflect.DelegatingConstructorAccessorImpl.newInstance(DelegatingConstructorAccessorImpl.java:45)
java.base/java.lang.reflect.Constructor.newInstanceWithCaller(Constructor.java:499)
java.base/java.lang.reflect.Constructor.newInstance(Constructor.java:480)
org.openqa.selenium.remote.codec.w3c.W3CHttpResponseCodec.createException(W3CHttpResponseCodec.java:200)
org.openqa.selenium.remote.codec.w3c.W3CHttpResponseCodec.decode(W3CHttpResponseCodec.java:133)
org.openqa.selenium.remote.codec.w3c.W3CHttpResponseCodec.decode(W3CHttpResponseCodec.java:53)
org.openqa.selenium.remote.HttpCommandExecutor.execute(HttpCommandExecutor.java:184)
io.appium.java_client.remote.AppiumCommandExecutor.execute(AppiumCommandExecutor.java:180)
org.openqa.selenium.remote.RemoteWebDriver.execute(RemoteWebDriver.java:559)
org.openqa.selenium.remote.ElementLocation$ElementFinder$2.findElement(ElementLocation.java:162)
org.openqa.selenium.remote.ElementLocation.findElement(ElementLocation.java:60)
org.openqa.selenium.remote.RemoteWebDriver.findElement(RemoteWebDriver.java:383)
org.openqa.selenium.remote.RemoteWebDriver.findElement(RemoteWebDriver.java:375)
com.shaft.gui.element.ElementActionsHelper.lambda$waitForElementPresence$0(ElementActionsHelper.java:68)
org.openqa.selenium.support.ui.FluentWait.until(FluentWait.java:208)
com.shaft.gui.element.ElementActionsHelper.waitForElementPresence(ElementActionsHelper.java:63)
com.shaft.gui.element.ElementActionsHelper.waitForElementPresence(ElementActionsHelper.java:37)
com.shaft.gui.element.WebDriverElementActions.getMatchingElementsCount(WebDriverElementActions.java:1468)
com.shaft.gui.element.WebDriverElementActions.getElementsCount(WebDriverElementActions.java:559)
com.shaft.gui.element.ElementActions.getElementsCount(ElementActions.java:261)
com.shaft.gui.image.ScreenshotManager.internalCaptureScreenShot(ScreenshotManager.java:394)
com.shaft.gui.image.ScreenshotManager.captureScreenShot(ScreenshotManager.java:141)
com.shaft.validation.ValidationsHelper.reportValidationState(ValidationsHelper.java:823)
com.shaft.validation.ValidationsHelper.fail(ValidationsHelper.java:588)
com.shaft.validation.ValidationsHelper.validateElementExists(ValidationsHelper.java:155)
com.shaft.validation.ValidationsExecutor.perform(ValidationsExecutor.java:146)
testPackage01.appium.AndroidBasicInteractionsTest.visualElementIdentification_requiresProcessing(AndroidBasicInteractionsTest.java:90)
java.base/jdk.internal.reflect.NativeMethodAccessorImpl.invoke0(Native Method)
java.base/jdk.internal.reflect.NativeMethodAccessorImpl.invoke(NativeMethodAccessorImpl.java:77)
java.base/jdk.internal.reflect.DelegatingMethodAccessorImpl.invoke(DelegatingMethodAccessorImpl.java:43)
java.base/java.lang.reflect.Method.invoke(Method.java:568)
org.testng.internal.MethodInvocationHelper.invokeMethod(MethodInvocationHelper.java:133)
org.testng.internal.TestInvoker.invokeMethod(TestInvoker.java:598)
org.testng.internal.TestInvoker.invokeTestMethod(TestInvoker.java:173)
org.testng.internal.MethodRunner.runInSequence(MethodRunner.java:46)
org.testng.internal.TestInvoker$MethodInvocationAgent.invoke(TestInvoker.java:824)
org.testng.internal.TestInvoker.invokeTestMethods(TestInvoker.java:146)
org.testng.internal.TestMethodWorker.invokeTestMethods(TestMethodWorker.java:146)
org.testng.internal.TestMethodWorker.run(TestMethodWorker.java:128)
java.base/java.util.ArrayList.forEach(ArrayList.java:1511)
org.testng.TestRunner.privateRun(TestRunner.java:794)
org.testng.TestRunner.run(TestRunner.java:596)
org.testng.SuiteRunner.runTest(SuiteRunner.java:377)
org.testng.SuiteRunner.runSequentially(SuiteRunner.java:371)
org.testng.SuiteRunner.privateRun(SuiteRunner.java:332)
org.testng.SuiteRunner.run(SuiteRunner.java:276)
org.testng.SuiteRunnerWorker.runSuite(SuiteRunnerWorker.java:53)
org.testng.SuiteRunnerWorker.run(SuiteRunnerWorker.java:96)
org.testng.TestNG.runSuitesSequentially(TestNG.java:1212)
org.testng.TestNG.runSuitesLocally(TestNG.java:1134)
org.testng.TestNG.runSuites(TestNG.java:1063)
org.testng.TestNG.run(TestNG.java:1031)
org.apache.maven.surefire.testng.TestNGExecutor.run(TestNGExecutor.java:136)
org.apache.maven.surefire.testng.TestNGDirectoryTestSuite.executeSingleClass(TestNGDirectoryTestSuite.java:112)
org.apache.maven.surefire.testng.TestNGDirectoryTestSuite.execute(TestNGDirectoryTestSuite.java:99)
org.apache.maven.surefire.testng.TestNGProvider.invoke(TestNGProvider.java:145)
org.apache.maven.surefire.booter.ForkedBooter.runSuitesInProcess(ForkedBooter.java:428)
org.apache.maven.surefire.booter.ForkedBooter.execute(ForkedBooter.java:162)
org.apache.maven.surefire.booter.ForkedBooter.run(ForkedBooter.java:562)
org.apache.maven.surefire.booter.ForkedBooter.main(ForkedBooter.java:548) @27-11-2021 02:00:37.0036 AM
[ReportManager] File Action [CreateFile] successfully performed. With the following test data [Target Folder: "allure-results//screenshots/20211127-015554", Target File: "/1637978437210_visualElementIdentification_requiresProcessing.gif"]. @27-11-2021 02:00:37.0224 AM
[ReportManager] Assertion Failed: Then I Assert that the element found by [AppiumBy.accessibilityId: Assets] exists. @27-11-2021 02:00:37.0731 AM
[ReportManager] Successfully created attachment [Screenshot - 1637978437210_visualElementIdentification_requiresProcessing_ValidateElementExists_failed] @27-11-2021 02:00:37.0732 AM
[ReportManager] Assertion [ValidateElementExists] FAILED. Expected [Element Should Exist, locator 'AppiumBy.accessibilityId: Assets'] and Actual [Element Doesn't Exists]. Comparison Type [EQUALS]. Validation Type [POSITIVE]. @27-11-2021 02:00:37.0732 AM
[ReportManager] Successfully created attachment [Animated Gif - visualElementIdentification_requiresProcessing] @27-11-2021 02:00:37.0732 A
[ReportManager] Successfully created attachment [Video Recording - teardown] @27-11-2021 02:00:38.0523 AM
[ReportManager] Successfully Closed All Drivers. @27-11-2021 02:00:38.0889 A
[ReportManager] File Action [GetAbsolutePath] successfully performed. With the following test data [Relative Folder Path: "target/downloadedFiles/"]. @27-11-2021 02:00:38.0892 AM
[ReportManager] Attempting to run remotely on: [Android], [http://0.0.0.0:4723/wd/hub]. @27-11-2021 02:00:38.0892 AM
[ReportManager] File Action [GetAbsolutePath] successfully performed. With the following test data [Relative Folder Path: "src/test/resources/testDataFiles/apps/ApiDemos-debug.apk"]. @27-11-2021 02:00:38.0893 AM
[ReportManager] Successfully Opened [NativeMobileApp]. @27-11-2021 02:00:45.0767 AM
[ReportManager] Started recording device screen @27-11-2021 02:00:46.0312 A

################################################################################################################################################
Starting Execution:	[8 out of 8] test cases in the current suite
Test Method:		[testPackage01.appium.AndroidBasicInteractionsTest.visualElementIdentification_samedpi]
################################################################################################################################################
[ReportManager] File Action [DoesFileExist] successfully performed. With the following test data [File Path: "src/main/resources/dynamicObjectRepository/content.png"]. @27-11-2021 02:00:46.0504 AM
[ReportManager] Loaded Shared OpenCV @27-11-2021 02:00:46.0504 AM
[ReportManager] Successfully identified the element using AI; OpenCV. @27-11-2021 02:00:46.0581 AM
[ReportManager] Element Action [Tap] successfully performed. @27-11-2021 02:00:46.0844 AM
[ReportManager] org.openqa.selenium.TimeoutException:
Expected condition failed: waiting for com.shaft.gui.element.ElementActionsHelper$$Lambda$618/0x0000000801102640@64df3f4b (tried for 25 second(s) with 1000 milliseconds interval)
org.openqa.selenium.support.ui.FluentWait.timeoutException(FluentWait.java:263)
org.openqa.selenium.support.ui.FluentWait.until(FluentWait.java:231)
com.shaft.gui.element.ElementActionsHelper.waitForElementPresence(ElementActionsHelper.java:63)
com.shaft.gui.element.ElementActionsHelper.waitForElementPresence(ElementActionsHelper.java:37)
com.shaft.gui.element.WebDriverElementActions.getMatchingElementsCount(WebDriverElementActions.java:1468)
com.shaft.gui.element.WebDriverElementActions.getElementsCount(WebDriverElementActions.java:559)
com.shaft.gui.element.ElementActions.getElementsCount(ElementActions.java:261)
com.shaft.validation.ValidationsHelper.validateElementExists(ValidationsHelper.java:149)
com.shaft.validation.ValidationsExecutor.perform(ValidationsExecutor.java:146)
testPackage01.appium.AndroidBasicInteractionsTest.visualElementIdentification_samedpi(AndroidBasicInteractionsTest.java:81)
java.base/jdk.internal.reflect.NativeMethodAccessorImpl.invoke0(Native Method)
java.base/jdk.internal.reflect.NativeMethodAccessorImpl.invoke(NativeMethodAccessorImpl.java:77)
java.base/jdk.internal.reflect.DelegatingMethodAccessorImpl.invoke(DelegatingMethodAccessorImpl.java:43)
java.base/java.lang.reflect.Method.invoke(Method.java:568)
org.testng.internal.MethodInvocationHelper.invokeMethod(MethodInvocationHelper.java:133)
org.testng.internal.TestInvoker.invokeMethod(TestInvoker.java:598)
org.testng.internal.TestInvoker.invokeTestMethod(TestInvoker.java:173)
org.testng.internal.MethodRunner.runInSequence(MethodRunner.java:46)
org.testng.internal.TestInvoker$MethodInvocationAgent.invoke(TestInvoker.java:824)
org.testng.internal.TestInvoker.invokeTestMethods(TestInvoker.java:146)
org.testng.internal.TestMethodWorker.invokeTestMethods(TestMethodWorker.java:146)
org.testng.internal.TestMethodWorker.run(TestMethodWorker.java:128)
java.base/java.util.ArrayList.forEach(ArrayList.java:1511)
org.testng.TestRunner.privateRun(TestRunner.java:794)
org.testng.TestRunner.run(TestRunner.java:596)
org.testng.SuiteRunner.runTest(SuiteRunner.java:377)
org.testng.SuiteRunner.runSequentially(SuiteRunner.java:371)
org.testng.SuiteRunner.privateRun(SuiteRunner.java:332)
org.testng.SuiteRunner.run(SuiteRunner.java:276)
org.testng.SuiteRunnerWorker.runSuite(SuiteRunnerWorker.java:53)
org.testng.SuiteRunnerWorker.run(SuiteRunnerWorker.java:96)
org.testng.TestNG.runSuitesSequentially(TestNG.java:1212)
org.testng.TestNG.runSuitesLocally(TestNG.java:1134)
org.testng.TestNG.runSuites(TestNG.java:1063)
org.testng.TestNG.run(TestNG.java:1031)
org.apache.maven.surefire.testng.TestNGExecutor.run(TestNGExecutor.java:136)
org.apache.maven.surefire.testng.TestNGDirectoryTestSuite.executeSingleClass(TestNGDirectoryTestSuite.java:112)
org.apache.maven.surefire.testng.TestNGDirectoryTestSuite.execute(TestNGDirectoryTestSuite.java:99)
org.apache.maven.surefire.testng.TestNGProvider.invoke(TestNGProvider.java:145)
org.apache.maven.surefire.booter.ForkedBooter.runSuitesInProcess(ForkedBooter.java:428)
org.apache.maven.surefire.booter.ForkedBooter.execute(ForkedBooter.java:162)
org.apache.maven.surefire.booter.ForkedBooter.run(ForkedBooter.java:562)
org.apache.maven.surefire.booter.ForkedBooter.main(ForkedBooter.java:548)

Caused by: org.openqa.selenium.NoSuchElementException:
An element could not be located on the page using the given search parameters.
For documentation on this error, please visit: https://selenium.dev/exceptions/#no_such_element
Build info: version: '4.1.0', revision: '87802e897b'
System info: host: 'Mac-1637974609776.local', ip: '10.212.6.37', os.name: 'Mac OS X', os.arch: 'x86_64', os.version: '11.5', java.version: '17.0.1'
Driver info: io.appium.java_client.android.AndroidDriver
Command: [ca4c5006-e8b6-495e-875f-1f7cf209bdd6, findElement {using=accessibility id, value=Assets}]
Capabilities {appium:app: /Users/runner/work/SHAFT_EN..., appium:appPackage: io.appium.android.apis, appium:appWaitActivity: *, appium:automationName: UIAutomator2, appium:databaseEnabled: false, appium:desired: {app: /Users/runner/work/SHAFT_EN..., appWaitActivity: *, automationName: UIAutomator2, disableWindowAnimation: true, platformName: android}, appium:deviceApiLevel: 30, appium:deviceManufacturer: unknown, appium:deviceModel: Android SDK built for x86, appium:deviceName: emulator-5554, appium:deviceScreenDensity: 320, appium:deviceScreenSize: 720x1280, appium:deviceUDID: emulator-5554, appium:disableWindowAnimation: true, appium:javascriptEnabled: true, appium:locationContextEnabled: false, appium:networkConnectionEnabled: true, appium:pixelRatio: 2, appium:platformVersion: 11, appium:statBarHeight: 48, appium:takesScreenshot: true, appium:viewportRect: {height: 1136, left: 0, top: 48, width: 720}, appium:warnings: {}, appium:webStorageEnabled: false, platformName: android}
Session ID: ca4c5006-e8b6-495e-875f-1f7cf209bdd6
jdk.internal.reflect.GeneratedConstructorAccessor13.newInstance(Unknown Source)
java.base/jdk.internal.reflect.DelegatingConstructorAccessorImpl.newInstance(DelegatingConstructorAccessorImpl.java:45)
java.base/java.lang.reflect.Constructor.newInstanceWithCaller(Constructor.java:499)
java.base/java.lang.reflect.Constructor.newInstance(Constructor.java:480)
org.openqa.selenium.remote.codec.w3c.W3CHttpResponseCodec.createException(W3CHttpResponseCodec.java:200)
org.openqa.selenium.remote.codec.w3c.W3CHttpResponseCodec.decode(W3CHttpResponseCodec.java:133)
org.openqa.selenium.remote.codec.w3c.W3CHttpResponseCodec.decode(W3CHttpResponseCodec.java:53)
org.openqa.selenium.remote.HttpCommandExecutor.execute(HttpCommandExecutor.java:184)
io.appium.java_client.remote.AppiumCommandExecutor.execute(AppiumCommandExecutor.java:180)
org.openqa.selenium.remote.RemoteWebDriver.execute(RemoteWebDriver.java:559)
org.openqa.selenium.remote.ElementLocation$ElementFinder$2.findElement(ElementLocation.java:162)
org.openqa.selenium.remote.ElementLocation.findElement(ElementLocation.java:60)
org.openqa.selenium.remote.RemoteWebDriver.findElement(RemoteWebDriver.java:383)
org.openqa.selenium.remote.RemoteWebDriver.findElement(RemoteWebDriver.java:375)
com.shaft.gui.element.ElementActionsHelper.lambda$waitForElementPresence$0(ElementActionsHelper.java:68)
org.openqa.selenium.support.ui.FluentWait.until(FluentWait.java:208)
com.shaft.gui.element.ElementActionsHelper.waitForElementPresence(ElementActionsHelper.java:63)
com.shaft.gui.element.ElementActionsHelper.waitForElementPresence(ElementActionsHelper.java:37)
com.shaft.gui.element.WebDriverElementActions.getMatchingElementsCount(WebDriverElementActions.java:1468)
com.shaft.gui.element.WebDriverElementActions.getElementsCount(WebDriverElementActions.java:559)
com.shaft.gui.element.ElementActions.getElementsCount(ElementActions.java:261)
com.shaft.validation.ValidationsHelper.validateElementExists(ValidationsHelper.java:149)
com.shaft.validation.ValidationsExecutor.perform(ValidationsExecutor.java:146)
testPackage01.appium.AndroidBasicInteractionsTest.visualElementIdentification_samedpi(AndroidBasicInteractionsTest.java:81)
java.base/jdk.internal.reflect.NativeMethodAccessorImpl.invoke0(Native Method)
java.base/jdk.internal.reflect.NativeMethodAccessorImpl.invoke(NativeMethodAccessorImpl.java:77)
java.base/jdk.internal.reflect.DelegatingMethodAccessorImpl.invoke(DelegatingMethodAccessorImpl.java:43)
java.base/java.lang.reflect.Method.invoke(Method.java:568)
org.testng.internal.MethodInvocationHelper.invokeMethod(MethodInvocationHelper.java:133)
org.testng.internal.TestInvoker.invokeMethod(TestInvoker.java:598)
org.testng.internal.TestInvoker.invokeTestMethod(TestInvoker.java:173)
org.testng.internal.MethodRunner.runInSequence(MethodRunner.java:46)
org.testng.internal.TestInvoker$MethodInvocationAgent.invoke(TestInvoker.java:824)
org.testng.internal.TestInvoker.invokeTestMethods(TestInvoker.java:146)
org.testng.internal.TestMethodWorker.invokeTestMethods(TestMethodWorker.java:146)
org.testng.internal.TestMethodWorker.run(TestMethodWorker.java:128)
java.base/java.util.ArrayList.forEach(ArrayList.java:1511)
org.testng.TestRunner.privateRun(TestRunner.java:794)
org.testng.TestRunner.run(TestRunner.java:596)
org.testng.SuiteRunner.runTest(SuiteRunner.java:377)
org.testng.SuiteRunner.runSequentially(SuiteRunner.java:371)
org.testng.SuiteRunner.privateRun(SuiteRunner.java:332)
org.testng.SuiteRunner.run(SuiteRunner.java:276)
org.testng.SuiteRunnerWorker.runSuite(SuiteRunnerWorker.java:53)
org.testng.SuiteRunnerWorker.run(SuiteRunnerWorker.java:96)
org.testng.TestNG.runSuitesSequentially(TestNG.java:1212)
org.testng.TestNG.runSuitesLocally(TestNG.java:1134)
org.testng.TestNG.runSuites(TestNG.java:1063)
org.testng.TestNG.run(TestNG.java:1031)
org.apache.maven.surefire.testng.TestNGExecutor.run(TestNGExecutor.java:136)
org.apache.maven.surefire.testng.TestNGDirectoryTestSuite.executeSingleClass(TestNGDirectoryTestSuite.java:112)
org.apache.maven.surefire.testng.TestNGDirectoryTestSuite.execute(TestNGDirectoryTestSuite.java:99)
org.apache.maven.surefire.testng.TestNGProvider.invoke(TestNGProvider.java:145)
org.apache.maven.surefire.booter.ForkedBooter.runSuitesInProcess(ForkedBooter.java:428)
org.apache.maven.surefire.booter.ForkedBooter.execute(ForkedBooter.java:162)
org.apache.maven.surefire.booter.ForkedBooter.run(ForkedBooter.java:562)
org.apache.maven.surefire.booter.ForkedBooter.main(ForkedBooter.java:548) @27-11-2021 02:01:12.0381 AM
[ReportManager] org.openqa.selenium.TimeoutException:
Expected condition failed: waiting for com.shaft.gui.element.ElementActionsHelper$$Lambda$618/0x0000000801102640@32c7495 (tried for 5 second(s) with 1000 milliseconds interval)
org.openqa.selenium.support.ui.FluentWait.timeoutException(FluentWait.java:263)
org.openqa.selenium.support.ui.FluentWait.until(FluentWait.java:231)
com.shaft.gui.element.ElementActionsHelper.waitForElementPresence(ElementActionsHelper.java:63)
com.shaft.gui.element.ElementActionsHelper.waitForElementPresence(ElementActionsHelper.java:37)
com.shaft.gui.element.WebDriverElementActions.getMatchingElementsCount(WebDriverElementActions.java:1468)
com.shaft.gui.element.WebDriverElementActions.getElementsCount(WebDriverElementActions.java:559)
com.shaft.gui.element.ElementActions.getElementsCount(ElementActions.java:261)
com.shaft.gui.image.ScreenshotManager.internalCaptureScreenShot(ScreenshotManager.java:394)
com.shaft.gui.image.ScreenshotManager.captureScreenShot(ScreenshotManager.java:141)
com.shaft.validation.ValidationsHelper.reportValidationState(ValidationsHelper.java:823)
com.shaft.validation.ValidationsHelper.fail(ValidationsHelper.java:588)
com.shaft.validation.ValidationsHelper.validateElementExists(ValidationsHelper.java:155)
com.shaft.validation.ValidationsExecutor.perform(ValidationsExecutor.java:146)
testPackage01.appium.AndroidBasicInteractionsTest.visualElementIdentification_samedpi(AndroidBasicInteractionsTest.java:81)
java.base/jdk.internal.reflect.NativeMethodAccessorImpl.invoke0(Native Method)
java.base/jdk.internal.reflect.NativeMethodAccessorImpl.invoke(NativeMethodAccessorImpl.java:77)
java.base/jdk.internal.reflect.DelegatingMethodAccessorImpl.invoke(DelegatingMethodAccessorImpl.java:43)
java.base/java.lang.reflect.Method.invoke(Method.java:568)
org.testng.internal.MethodInvocationHelper.invokeMethod(MethodInvocationHelper.java:133)
org.testng.internal.TestInvoker.invokeMethod(TestInvoker.java:598)
org.testng.internal.TestInvoker.invokeTestMethod(TestInvoker.java:173)
org.testng.internal.MethodRunner.runInSequence(MethodRunner.java:46)
org.testng.internal.TestInvoker$MethodInvocationAgent.invoke(TestInvoker.java:824)
org.testng.internal.TestInvoker.invokeTestMethods(TestInvoker.java:146)
org.testng.internal.TestMethodWorker.invokeTestMethods(TestMethodWorker.java:146)
org.testng.internal.TestMethodWorker.run(TestMethodWorker.java:128)
java.base/java.util.ArrayList.forEach(ArrayList.java:1511)
org.testng.TestRunner.privateRun(TestRunner.java:794)
org.testng.TestRunner.run(TestRunner.java:596)
org.testng.SuiteRunner.runTest(SuiteRunner.java:377)
org.testng.SuiteRunner.runSequentially(SuiteRunner.java:371)
org.testng.SuiteRunner.privateRun(SuiteRunner.java:332)
org.testng.SuiteRunner.run(SuiteRunner.java:276)
org.testng.SuiteRunnerWorker.runSuite(SuiteRunnerWorker.java:53)
org.testng.SuiteRunnerWorker.run(SuiteRunnerWorker.java:96)
org.testng.TestNG.runSuitesSequentially(TestNG.java:1212)
org.testng.TestNG.runSuitesLocally(TestNG.java:1134)
org.testng.TestNG.runSuites(TestNG.java:1063)
org.testng.TestNG.run(TestNG.java:1031)
org.apache.maven.surefire.testng.TestNGExecutor.run(TestNGExecutor.java:136)
org.apache.maven.surefire.testng.TestNGDirectoryTestSuite.executeSingleClass(TestNGDirectoryTestSuite.java:112)
org.apache.maven.surefire.testng.TestNGDirectoryTestSuite.execute(TestNGDirectoryTestSuite.java:99)
org.apache.maven.surefire.testng.TestNGProvider.invoke(TestNGProvider.java:145)
org.apache.maven.surefire.booter.ForkedBooter.runSuitesInProcess(ForkedBooter.java:428)
org.apache.maven.surefire.booter.ForkedBooter.execute(ForkedBooter.java:162)
org.apache.maven.surefire.booter.ForkedBooter.run(ForkedBooter.java:562)
org.apache.maven.surefire.booter.ForkedBooter.main(ForkedBooter.java:548)

Caused by: org.openqa.selenium.NoSuchElementException:
An element could not be located on the page using the given search parameters.
For documentation on this error, please visit: https://selenium.dev/exceptions/#no_such_element
Build info: version: '4.1.0', revision: '87802e897b'
System info: host: 'Mac-1637974609776.local', ip: '10.212.6.37', os.name: 'Mac OS X', os.arch: 'x86_64', os.version: '11.5', java.version: '17.0.1'
Driver info: io.appium.java_client.android.AndroidDriver
Command: [ca4c5006-e8b6-495e-875f-1f7cf209bdd6, findElement {using=accessibility id, value=Assets}]
Capabilities {appium:app: /Users/runner/work/SHAFT_EN..., appium:appPackage: io.appium.android.apis, appium:appWaitActivity: *, appium:automationName: UIAutomator2, appium:databaseEnabled: false, appium:desired: {app: /Users/runner/work/SHAFT_EN..., appWaitActivity: *, automationName: UIAutomator2, disableWindowAnimation: true, platformName: android}, appium:deviceApiLevel: 30, appium:deviceManufacturer: unknown, appium:deviceModel: Android SDK built for x86, appium:deviceName: emulator-5554, appium:deviceScreenDensity: 320, appium:deviceScreenSize: 720x1280, appium:deviceUDID: emulator-5554, appium:disableWindowAnimation: true, appium:javascriptEnabled: true, appium:locationContextEnabled: false, appium:networkConnectionEnabled: true, appium:pixelRatio: 2, appium:platformVersion: 11, appium:statBarHeight: 48, appium:takesScreenshot: true, appium:viewportRect: {height: 1136, left: 0, top: 48, width: 720}, appium:warnings: {}, appium:webStorageEnabled: false, platformName: android}
Session ID: ca4c5006-e8b6-495e-875f-1f7cf209bdd6
jdk.internal.reflect.GeneratedConstructorAccessor13.newInstance(Unknown Source)
java.base/jdk.internal.reflect.DelegatingConstructorAccessorImpl.newInstance(DelegatingConstructorAccessorImpl.java:45)
java.base/java.lang.reflect.Constructor.newInstanceWithCaller(Constructor.java:499)
java.base/java.lang.reflect.Constructor.newInstance(Constructor.java:480)
org.openqa.selenium.remote.codec.w3c.W3CHttpResponseCodec.createException(W3CHttpResponseCodec.java:200)
org.openqa.selenium.remote.codec.w3c.W3CHttpResponseCodec.decode(W3CHttpResponseCodec.java:133)
org.openqa.selenium.remote.codec.w3c.W3CHttpResponseCodec.decode(W3CHttpResponseCodec.java:53)
org.openqa.selenium.remote.HttpCommandExecutor.execute(HttpCommandExecutor.java:184)
io.appium.java_client.remote.AppiumCommandExecutor.execute(AppiumCommandExecutor.java:180)
org.openqa.selenium.remote.RemoteWebDriver.execute(RemoteWebDriver.java:559)
org.openqa.selenium.remote.ElementLocation$ElementFinder$2.findElement(ElementLocation.java:162)
org.openqa.selenium.remote.ElementLocation.findElement(ElementLocation.java:60)
org.openqa.selenium.remote.RemoteWebDriver.findElement(RemoteWebDriver.java:383)
org.openqa.selenium.remote.RemoteWebDriver.findElement(RemoteWebDriver.java:375)
com.shaft.gui.element.ElementActionsHelper.lambda$waitForElementPresence$0(ElementActionsHelper.java:68)
org.openqa.selenium.support.ui.FluentWait.until(FluentWait.java:208)
com.shaft.gui.element.ElementActionsHelper.waitForElementPresence(ElementActionsHelper.java:63)
com.shaft.gui.element.ElementActionsHelper.waitForElementPresence(ElementActionsHelper.java:37)
com.shaft.gui.element.WebDriverElementActions.getMatchingElementsCount(WebDriverElementActions.java:1468)
com.shaft.gui.element.WebDriverElementActions.getElementsCount(WebDriverElementActions.java:559)
com.shaft.gui.element.ElementActions.getElementsCount(ElementActions.java:261)
com.shaft.gui.image.ScreenshotManager.internalCaptureScreenShot(ScreenshotManager.java:394)
com.shaft.gui.image.ScreenshotManager.captureScreenShot(ScreenshotManager.java:141)
com.shaft.validation.ValidationsHelper.reportValidationState(ValidationsHelper.java:823)
com.shaft.validation.ValidationsHelper.fail(ValidationsHelper.java:588)
com.shaft.validation.ValidationsHelper.validateElementExists(ValidationsHelper.java:155)
com.shaft.validation.ValidationsExecutor.perform(ValidationsExecutor.java:146)
testPackage01.appium.AndroidBasicInteractionsTest.visualElementIdentification_samedpi(AndroidBasicInteractionsTest.java:81)
java.base/jdk.internal.reflect.NativeMethodAccessorImpl.invoke0(Native Method)
java.base/jdk.internal.reflect.NativeMethodAccessorImpl.invoke(NativeMethodAccessorImpl.java:77)
java.base/jdk.internal.reflect.DelegatingMethodAccessorImpl.invoke(DelegatingMethodAccessorImpl.java:43)
java.base/java.lang.reflect.Method.invoke(Method.java:568)
org.testng.internal.MethodInvocationHelper.invokeMethod(MethodInvocationHelper.java:133)
org.testng.internal.TestInvoker.invokeMethod(TestInvoker.java:598)
org.testng.internal.TestInvoker.invokeTestMethod(TestInvoker.java:173)
org.testng.internal.MethodRunner.runInSequence(MethodRunner.java:46)
org.testng.internal.TestInvoker$MethodInvocationAgent.invoke(TestInvoker.java:824)
org.testng.internal.TestInvoker.invokeTestMethods(TestInvoker.java:146)
org.testng.internal.TestMethodWorker.invokeTestMethods(TestMethodWorker.java:146)
org.testng.internal.TestMethodWorker.run(TestMethodWorker.java:128)
java.base/java.util.ArrayList.forEach(ArrayList.java:1511)
org.testng.TestRunner.privateRun(TestRunner.java:794)
org.testng.TestRunner.run(TestRunner.java:596)
org.testng.SuiteRunner.runTest(SuiteRunner.java:377)
org.testng.SuiteRunner.runSequentially(SuiteRunner.java:371)
org.testng.SuiteRunner.privateRun(SuiteRunner.java:332)
org.testng.SuiteRunner.run(SuiteRunner.java:276)
org.testng.SuiteRunnerWorker.runSuite(SuiteRunnerWorker.java:53)
org.testng.SuiteRunnerWorker.run(SuiteRunnerWorker.java:96)
org.testng.TestNG.runSuitesSequentially(TestNG.java:1212)
org.testng.TestNG.runSuitesLocally(TestNG.java:1134)
org.testng.TestNG.runSuites(TestNG.java:1063)
org.testng.TestNG.run(TestNG.java:1031)
org.apache.maven.surefire.testng.TestNGExecutor.run(TestNGExecutor.java:136)
org.apache.maven.surefire.testng.TestNGDirectoryTestSuite.executeSingleClass(TestNGDirectoryTestSuite.java:112)
org.apache.maven.surefire.testng.TestNGDirectoryTestSuite.execute(TestNGDirectoryTestSuite.java:99)
org.apache.maven.surefire.testng.TestNGProvider.invoke(TestNGProvider.java:145)
org.apache.maven.surefire.booter.ForkedBooter.runSuitesInProcess(ForkedBooter.java:428)
org.apache.maven.surefire.booter.ForkedBooter.execute(ForkedBooter.java:162)
org.apache.maven.surefire.booter.ForkedBooter.run(ForkedBooter.java:562)
org.apache.maven.surefire.booter.ForkedBooter.main(ForkedBooter.java:548) @27-11-2021 02:01:17.0763 AM
[ReportManager] File Action [CreateFile] successfully performed. With the following test data [Target Folder: "allure-results//screenshots/20211127-015554", Target File: "/1637978477933_visualElementIdentification_samedpi.gif"]. @27-11-2021 02:01:17.0948 AM
[ReportManager] Assertion Failed: Then I Assert that the element found by [AppiumBy.accessibilityId: Assets] exists. @27-11-2021 02:01:18.0456 AM
[ReportManager] Successfully created attachment [Screenshot - 1637978477933_visualElementIdentification_samedpi_ValidateElementExists_failed] @27-11-2021 02:01:18.0457 AM
[ReportManager] Assertion [ValidateElementExists] FAILED. Expected [Element Should Exist, locator 'AppiumBy.accessibilityId: Assets'] and Actual [Element Doesn't Exists]. Comparison Type [EQUALS]. Validation Type [POSITIVE]. @27-11-2021 02:01:18.0457 AM
[ReportManager] Successfully created attachment [Animated Gif - visualElementIdentification_samedpi] @27-11-2021 02:01:18.0458 A
[ReportManager] Successfully created attachment [Video Recording - teardown] @27-11-2021 02:01:19.0231 AM
[ReportManager] Successfully Closed All Drivers. @27-11-2021 02:01:19.0674 A
[ReportManager] Successfully created attachment [SHAFT Engine Logs - Execution log] @27-11-2021 02:01:19.0697 AM

################################################################################################################################################
This test run was powered by SHAFT Engine Version: [SHAFT Engine v5.4.20211122-BETA]
SHAFT Engine is licensed under the MIT License: [https://github.com/MohabMohie/SHAFT_ENGINE/blob/master/LICENSE].
################################################################################################################################################