{
  "uid" : "6609443484f8f796",
  "name" : "assertElementAttribute_true_literalComparison_expectedToFail",
  "fullName" : "unitTests.tests_validations_assertions.assertElementAttribute_true_literalComparison_expectedToFail",
  "historyId" : "8a857219522d374b9811362ab4602182",
  "time" : {
    "start" : 1639014902491,
    "stop" : 1639014902507,
    "duration" : 16
  },
  "status" : "skipped",
  "statusMessage" : "Driver Factory Action [createNewLocalDriverInstanceForSafari] failed. With the following test data [Failed to create a session on DESKTOP_SAFARI].",
  "statusTrace" : "java.lang.AssertionError: Driver Factory Action [createNewLocalDriverInstanceForSafari] failed. With the following test data [Failed to create a session on DESKTOP_SAFARI].\n\tat org.testng.Assert.fail(Assert.java:99)\n\tat com.shaft.driver.DriverFactoryHelper.failAction(DriverFactoryHelper.java:306)\n\tat com.shaft.driver.DriverFactoryHelper.createNewLocalDriverInstanceForSafari(DriverFactoryHelper.java:576)\n\tat com.shaft.driver.DriverFactoryHelper.createNewLocalDriverInstance(DriverFactoryHelper.java:596)\n\tat com.shaft.driver.DriverFactoryHelper.getDriver(DriverFactoryHelper.java:815)\n\tat com.shaft.driver.DriverFactoryHelper.getDriver(DriverFactoryHelper.java:140)\n\tat com.shaft.driver.DriverFactory.getDriver(DriverFactory.java:27)\n\tat com.shaft.gui.browser.BrowserFactory.getBrowser(BrowserFactory.java:21)\n\tat unitTests.tests_validations_assertions.beforeMethod(tests_validations_assertions.java:406)\n\tat java.base/jdk.internal.reflect.NativeMethodAccessorImpl.invoke0(Native Method)\n\tat java.base/jdk.internal.reflect.NativeMethodAccessorImpl.invoke(NativeMethodAccessorImpl.java:77)\n\tat java.base/jdk.internal.reflect.DelegatingMethodAccessorImpl.invoke(DelegatingMethodAccessorImpl.java:43)\n\tat java.base/java.lang.reflect.Method.invoke(Method.java:568)\n\tat org.testng.internal.MethodInvocationHelper.invokeMethod(MethodInvocationHelper.java:133)\n\tat org.testng.internal.MethodInvocationHelper.invokeMethodConsideringTimeout(MethodInvocationHelper.java:62)\n\tat org.testng.internal.ConfigInvoker.invokeConfigurationMethod(ConfigInvoker.java:385)\n\tat org.testng.internal.ConfigInvoker.invokeConfigurations(ConfigInvoker.java:321)\n\tat org.testng.internal.TestInvoker.runConfigMethods(TestInvoker.java:700)\n\tat org.testng.internal.TestInvoker.invokeMethod(TestInvoker.java:527)\n\tat org.testng.internal.TestInvoker.invokeTestMethod(TestInvoker.java:173)\n\tat org.testng.internal.MethodRunner.runInSequence(MethodRunner.java:46)\n\tat org.testng.internal.TestInvoker$MethodInvocationAgent.invoke(TestInvoker.java:824)\n\tat org.testng.internal.TestInvoker.invokeTestMethods(TestInvoker.java:146)\n\tat org.testng.internal.TestMethodWorker.invokeTestMethods(TestMethodWorker.java:146)\n\tat org.testng.internal.TestMethodWorker.run(TestMethodWorker.java:128)\n\tat java.base/java.util.ArrayList.forEach(ArrayList.java:1511)\n\tat org.testng.TestRunner.privateRun(TestRunner.java:794)\n\tat org.testng.TestRunner.run(TestRunner.java:596)\n\tat org.testng.SuiteRunner.runTest(SuiteRunner.java:377)\n\tat org.testng.SuiteRunner.runSequentially(SuiteRunner.java:371)\n\tat org.testng.SuiteRunner.privateRun(SuiteRunner.java:332)\n\tat org.testng.SuiteRunner.run(SuiteRunner.java:276)\n\tat org.testng.SuiteRunnerWorker.runSuite(SuiteRunnerWorker.java:53)\n\tat org.testng.SuiteRunnerWorker.run(SuiteRunnerWorker.java:96)\n\tat org.testng.TestNG.runSuitesSequentially(TestNG.java:1212)\n\tat org.testng.TestNG.runSuitesLocally(TestNG.java:1134)\n\tat org.testng.TestNG.runSuites(TestNG.java:1063)\n\tat org.testng.TestNG.run(TestNG.java:1031)\n\tat org.apache.maven.surefire.testng.TestNGExecutor.run(TestNGExecutor.java:136)\n\tat org.apache.maven.surefire.testng.TestNGDirectoryTestSuite.executeMulti(TestNGDirectoryTestSuite.java:193)\n\tat org.apache.maven.surefire.testng.TestNGDirectoryTestSuite.execute(TestNGDirectoryTestSuite.java:94)\n\tat org.apache.maven.surefire.testng.TestNGProvider.invoke(TestNGProvider.java:145)\n\tat org.apache.maven.surefire.booter.ForkedBooter.runSuitesInProcess(ForkedBooter.java:428)\n\tat org.apache.maven.surefire.booter.ForkedBooter.execute(ForkedBooter.java:162)\n\tat org.apache.maven.surefire.booter.ForkedBooter.run(ForkedBooter.java:562)\n\tat org.apache.maven.surefire.booter.ForkedBooter.main(ForkedBooter.java:548)\n",
  "flaky" : false,
  "newFailed" : false,
  "beforeStages" : [ {
    "name" : "beforeMethod",
    "time" : {
      "start" : 1639014902489,
      "stop" : 1639014902489,
      "duration" : 0
    },
    "description" : "",
    "status" : "broken",
    "steps" : [ ],
    "attachments" : [ ],
    "parameters" : [ ],
    "stepsCount" : 0,
    "attachmentsCount" : 0,
    "shouldDisplayMessage" : false,
    "hasContent" : false
  }, {
    "name" : "setupActivities",
    "time" : {
      "start" : 1639014849424,
      "stop" : 1639014852309,
      "duration" : 2885
    },
    "description" : "",
    "status" : "passed",
    "steps" : [ {
      "name" : "Folder [allure-results] was not found, it may have already been deleted.",
      "time" : {
        "start" : 1639014849481,
        "stop" : 1639014849483,
        "duration" : 2
      },
      "status" : "passed",
      "steps" : [ ],
      "attachments" : [ ],
      "parameters" : [ {
        "name" : "actionCounter",
        "value" : "1"
      }, {
        "name" : "logText",
        "value" : "Folder [allure-results] was not found, it may have already been deleted."
      } ],
      "stepsCount" : 0,
      "attachmentsCount" : 0,
      "shouldDisplayMessage" : false,
      "hasContent" : true
    }, {
      "name" : "Folder [/Users/runner/.m2/repository/allure/] was not found, it may have already been deleted.",
      "time" : {
        "start" : 1639014849484,
        "stop" : 1639014849484,
        "duration" : 0
      },
      "status" : "passed",
      "steps" : [ ],
      "attachments" : [ ],
      "parameters" : [ {
        "name" : "actionCounter",
        "value" : "2"
      }, {
        "name" : "logText",
        "value" : "Folder [/Users/runner/.m2/repository/allure/] was not found, it may have already been deleted."
      } ],
      "stepsCount" : 0,
      "attachmentsCount" : 0,
      "shouldDisplayMessage" : false,
      "hasContent" : true
    }, {
      "name" : "Downloading a file from this url [https://repo.maven.apache.org/maven2/io/qameta/allure/allure-commandline/2.17.0/allure-commandline-2.17.0.zip] to this directory [target/allureBinary.zip], please wait as downloading may take some time...",
      "time" : {
        "start" : 1639014849485,
        "stop" : 1639014849485,
        "duration" : 0
      },
      "status" : "passed",
      "steps" : [ ],
      "attachments" : [ ],
      "parameters" : [ {
        "name" : "actionCounter",
        "value" : "3"
      }, {
        "name" : "logText",
        "value" : "Downloading a file from this url [https://repo.maven.apache.org/maven2/io/qameta/allure/allure-commandline/2.17.0/allure-commandline-2.17.0.zip] to this directory [target/allureBinary.zip], please wait as downloading may take some time..."
      } ],
      "stepsCount" : 0,
      "attachmentsCount" : 0,
      "shouldDisplayMessage" : false,
      "hasContent" : true
    }, {
      "name" : "Terminal Action [PerformTerminalCommands] successfully performed. With the following test data [Host Name: \"localHost\" | Command: \"chmod u+x /Users/runner/.m2/repository/allure/allure-2.17.0/bin/allure\" | Exit Status: \"0\"].",
      "time" : {
        "start" : 1639014851378,
        "stop" : 1639014851378,
        "duration" : 0
      },
      "status" : "passed",
      "steps" : [ ],
      "attachments" : [ ],
      "parameters" : [ {
        "name" : "actionCounter",
        "value" : "4"
      }, {
        "name" : "logText",
        "value" : "Terminal Action [PerformTerminalCommands] successfully performed. With the following test data [Host Name: \"localHost\" | Command: \"chmod u+x /Users/runner/.m2/repository/allure/allure-2.17.0/bin/allure\" | Exit Status: \"0\"]."
      } ],
      "stepsCount" : 0,
      "attachmentsCount" : 0,
      "shouldDisplayMessage" : false,
      "hasContent" : true
    }, {
      "name" : "Terminal Action [PerformTerminalCommands] successfully performed. With the following test data [Host Name: \"localHost\" | Command: \"chmod u+x generate_allure_report.sh\" | Exit Status: \"0\"].",
      "time" : {
        "start" : 1639014851387,
        "stop" : 1639014851387,
        "duration" : 0
      },
      "status" : "passed",
      "steps" : [ ],
      "attachments" : [ ],
      "parameters" : [ {
        "name" : "actionCounter",
        "value" : "5"
      }, {
        "name" : "logText",
        "value" : "Terminal Action [PerformTerminalCommands] successfully performed. With the following test data [Host Name: \"localHost\" | Command: \"chmod u+x generate_allure_report.sh\" | Exit Status: \"0\"]."
      } ],
      "stepsCount" : 0,
      "attachmentsCount" : 0,
      "shouldDisplayMessage" : false,
      "hasContent" : true
    }, {
      "name" : "Folder [extent-reports] was not found, it may have already been deleted.",
      "time" : {
        "start" : 1639014851478,
        "stop" : 1639014851478,
        "duration" : 0
      },
      "status" : "passed",
      "steps" : [ ],
      "attachments" : [ ],
      "parameters" : [ {
        "name" : "actionCounter",
        "value" : "6"
      }, {
        "name" : "logText",
        "value" : "Folder [extent-reports] was not found, it may have already been deleted."
      } ],
      "stepsCount" : 0,
      "attachmentsCount" : 0,
      "shouldDisplayMessage" : false,
      "hasContent" : true
    } ],
    "attachments" : [ {
      "uid" : "4e9e398af52f71a8",
      "name" : "Attachment: SHAFT Links - Important",
      "source" : "4e9e398af52f71a8.uri",
      "type" : "text/uri-list",
      "size" : 346
    }, {
      "uid" : "505cd1a640fa8814",
      "name" : "Attachment: Properties - testNG",
      "source" : "505cd1a640fa8814.properties",
      "type" : "text/plain",
      "size" : 492
    }, {
      "uid" : "902579a68f7a34bf",
      "name" : "Attachment: Properties - ExecutionPlatform",
      "source" : "902579a68f7a34bf.properties",
      "type" : "text/plain",
      "size" : 394
    }, {
      "uid" : "7f9c131f785c828a",
      "name" : "Attachment: Properties - path",
      "source" : "7f9c131f785c828a.properties",
      "type" : "text/plain",
      "size" : 687
    }, {
      "uid" : "7d07878491e76e72",
      "name" : "Attachment: Properties - video",
      "source" : "7d07878491e76e72.properties",
      "type" : "text/plain",
      "size" : 763
    }, {
      "uid" : "48c0f8ffa826410d",
      "name" : "Attachment: Properties - pattern",
      "source" : "48c0f8ffa826410d.properties",
      "type" : "text/plain",
      "size" : 564
    }, {
      "uid" : "fbca31dc62ce82fc",
      "name" : "Attachment: Properties - internal",
      "source" : "fbca31dc62ce82fc.properties",
      "type" : "text/plain",
      "size" : 117
    }, {
      "uid" : "9529ac03f8e31ae4",
      "name" : "Attachment: Properties - MobileCapabilities",
      "source" : "9529ac03f8e31ae4.properties",
      "type" : "text/plain",
      "size" : 470
    }, {
      "uid" : "9633c36fcc300fc4",
      "name" : "Attachment: Properties - cucumber",
      "source" : "9633c36fcc300fc4.properties",
      "type" : "text/plain",
      "size" : 226
    }, {
      "uid" : "7ecab4a29ffbb7cf",
      "name" : "Attachment: Properties - PlatformFlags",
      "source" : "7ecab4a29ffbb7cf.properties",
      "type" : "text/plain",
      "size" : 765
    }, {
      "uid" : "1530f3fff33d2bca",
      "name" : "Attachment: Properties - Timeouts",
      "source" : "1530f3fff33d2bca.properties",
      "type" : "text/plain",
      "size" : 722
    }, {
      "uid" : "7875597e9f3d0199",
      "name" : "Attachment: Properties - Reporting",
      "source" : "7875597e9f3d0199.properties",
      "type" : "text/plain",
      "size" : 614
    }, {
      "uid" : "c22808049ee7ab40",
      "name" : "Attachment: Properties - browserStack",
      "source" : "c22808049ee7ab40.properties",
      "type" : "text/plain",
      "size" : 877
    }, {
      "uid" : "c53ccc8422849838",
      "name" : "Attachment: Properties - VisualValidations",
      "source" : "c53ccc8422849838.properties",
      "type" : "text/plain",
      "size" : 723
    } ],
    "parameters" : [ ],
    "stepsCount" : 6,
    "attachmentsCount" : 14,
    "shouldDisplayMessage" : false,
    "hasContent" : true
  } ],
  "testStage" : {
    "status" : "skipped",
    "statusMessage" : "Driver Factory Action [createNewLocalDriverInstanceForSafari] failed. With the following test data [Failed to create a session on DESKTOP_SAFARI].",
    "statusTrace" : "java.lang.AssertionError: Driver Factory Action [createNewLocalDriverInstanceForSafari] failed. With the following test data [Failed to create a session on DESKTOP_SAFARI].\n\tat org.testng.Assert.fail(Assert.java:99)\n\tat com.shaft.driver.DriverFactoryHelper.failAction(DriverFactoryHelper.java:306)\n\tat com.shaft.driver.DriverFactoryHelper.createNewLocalDriverInstanceForSafari(DriverFactoryHelper.java:576)\n\tat com.shaft.driver.DriverFactoryHelper.createNewLocalDriverInstance(DriverFactoryHelper.java:596)\n\tat com.shaft.driver.DriverFactoryHelper.getDriver(DriverFactoryHelper.java:815)\n\tat com.shaft.driver.DriverFactoryHelper.getDriver(DriverFactoryHelper.java:140)\n\tat com.shaft.driver.DriverFactory.getDriver(DriverFactory.java:27)\n\tat com.shaft.gui.browser.BrowserFactory.getBrowser(BrowserFactory.java:21)\n\tat unitTests.tests_validations_assertions.beforeMethod(tests_validations_assertions.java:406)\n\tat java.base/jdk.internal.reflect.NativeMethodAccessorImpl.invoke0(Native Method)\n\tat java.base/jdk.internal.reflect.NativeMethodAccessorImpl.invoke(NativeMethodAccessorImpl.java:77)\n\tat java.base/jdk.internal.reflect.DelegatingMethodAccessorImpl.invoke(DelegatingMethodAccessorImpl.java:43)\n\tat java.base/java.lang.reflect.Method.invoke(Method.java:568)\n\tat org.testng.internal.MethodInvocationHelper.invokeMethod(MethodInvocationHelper.java:133)\n\tat org.testng.internal.MethodInvocationHelper.invokeMethodConsideringTimeout(MethodInvocationHelper.java:62)\n\tat org.testng.internal.ConfigInvoker.invokeConfigurationMethod(ConfigInvoker.java:385)\n\tat org.testng.internal.ConfigInvoker.invokeConfigurations(ConfigInvoker.java:321)\n\tat org.testng.internal.TestInvoker.runConfigMethods(TestInvoker.java:700)\n\tat org.testng.internal.TestInvoker.invokeMethod(TestInvoker.java:527)\n\tat org.testng.internal.TestInvoker.invokeTestMethod(TestInvoker.java:173)\n\tat org.testng.internal.MethodRunner.runInSequence(MethodRunner.java:46)\n\tat org.testng.internal.TestInvoker$MethodInvocationAgent.invoke(TestInvoker.java:824)\n\tat org.testng.internal.TestInvoker.invokeTestMethods(TestInvoker.java:146)\n\tat org.testng.internal.TestMethodWorker.invokeTestMethods(TestMethodWorker.java:146)\n\tat org.testng.internal.TestMethodWorker.run(TestMethodWorker.java:128)\n\tat java.base/java.util.ArrayList.forEach(ArrayList.java:1511)\n\tat org.testng.TestRunner.privateRun(TestRunner.java:794)\n\tat org.testng.TestRunner.run(TestRunner.java:596)\n\tat org.testng.SuiteRunner.runTest(SuiteRunner.java:377)\n\tat org.testng.SuiteRunner.runSequentially(SuiteRunner.java:371)\n\tat org.testng.SuiteRunner.privateRun(SuiteRunner.java:332)\n\tat org.testng.SuiteRunner.run(SuiteRunner.java:276)\n\tat org.testng.SuiteRunnerWorker.runSuite(SuiteRunnerWorker.java:53)\n\tat org.testng.SuiteRunnerWorker.run(SuiteRunnerWorker.java:96)\n\tat org.testng.TestNG.runSuitesSequentially(TestNG.java:1212)\n\tat org.testng.TestNG.runSuitesLocally(TestNG.java:1134)\n\tat org.testng.TestNG.runSuites(TestNG.java:1063)\n\tat org.testng.TestNG.run(TestNG.java:1031)\n\tat org.apache.maven.surefire.testng.TestNGExecutor.run(TestNGExecutor.java:136)\n\tat org.apache.maven.surefire.testng.TestNGDirectoryTestSuite.executeMulti(TestNGDirectoryTestSuite.java:193)\n\tat org.apache.maven.surefire.testng.TestNGDirectoryTestSuite.execute(TestNGDirectoryTestSuite.java:94)\n\tat org.apache.maven.surefire.testng.TestNGProvider.invoke(TestNGProvider.java:145)\n\tat org.apache.maven.surefire.booter.ForkedBooter.runSuitesInProcess(ForkedBooter.java:428)\n\tat org.apache.maven.surefire.booter.ForkedBooter.execute(ForkedBooter.java:162)\n\tat org.apache.maven.surefire.booter.ForkedBooter.run(ForkedBooter.java:562)\n\tat org.apache.maven.surefire.booter.ForkedBooter.main(ForkedBooter.java:548)\n",
    "steps" : [ ],
    "attachments" : [ {
      "uid" : "a8db32ba05b14a03",
      "name" : "Attachment: SHAFT Engine Logs - Current Method log: assertElementAttribute_true_literalComparison_expectedToFail",
      "source" : "a8db32ba05b14a03.txt",
      "type" : "text/plain",
      "size" : 473
    } ],
    "parameters" : [ ],
    "stepsCount" : 0,
    "attachmentsCount" : 1,
    "shouldDisplayMessage" : true,
    "hasContent" : true
  },
  "afterStages" : [ {
    "name" : "afterMethod",
    "time" : {
      "start" : 1639014902508,
      "stop" : 1639014902508,
      "duration" : 0
    },
    "description" : "",
    "status" : "broken",
    "steps" : [ ],
    "attachments" : [ ],
    "parameters" : [ ],
    "stepsCount" : 0,
    "attachmentsCount" : 0,
    "shouldDisplayMessage" : false,
    "hasContent" : false
  }, {
    "name" : "teardownActivities",
    "time" : {
      "start" : 1639015239222,
      "stop" : 1639015239769,
      "duration" : 547
    },
    "description" : "",
    "status" : "passed",
    "steps" : [ {
      "name" : "Successfully Closed All Drivers.",
      "time" : {
        "start" : 1639015239222,
        "stop" : 1639015239222,
        "duration" : 0
      },
      "status" : "passed",
      "steps" : [ ],
      "attachments" : [ ],
      "parameters" : [ {
        "name" : "actionCounter",
        "value" : "355"
      }, {
        "name" : "logText",
        "value" : "Successfully Closed All Drivers."
      } ],
      "stepsCount" : 0,
      "attachmentsCount" : 0,
      "shouldDisplayMessage" : false,
      "hasContent" : true
    }, {
      "name" : "Issue Summary: Total Issues = 4, New issues for Failed Tests = 2, Open issues for Passed Tests = 2, Open issues for Failed Tests = 0. Kindly check the attached Issue details.",
      "time" : {
        "start" : 1639015239233,
        "stop" : 1639015239234,
        "duration" : 1
      },
      "status" : "passed",
      "steps" : [ ],
      "attachments" : [ {
        "uid" : "71fdf3d84221e5e8",
        "name" : "Attachment: SHAFT Engine Logs - Issues log CSV: 20211209-020039",
        "source" : "71fdf3d84221e5e8.csv",
        "type" : "text/csv",
        "size" : 502
      } ],
      "parameters" : [ {
        "name" : "actionCounter",
        "value" : "356"
      }, {
        "name" : "logText",
        "value" : "Issue Summary: Total Issues = 4, New issues for Failed Tests = 2, Open issues for Passed Tests = 2, Open issues for Failed Tests = 0. Kindly check the attached Issue details."
      }, {
        "name" : "attachments",
        "value" : "[[SHAFT Engine Logs, Issues log CSV: 20211209-020039, java.io.ByteArrayInputStream@17c07c53]]"
      } ],
      "stepsCount" : 0,
      "attachmentsCount" : 1,
      "shouldDisplayMessage" : false,
      "hasContent" : true
    } ],
    "attachments" : [ {
      "uid" : "5787d1f70bafc41a",
      "name" : "Attachment: SHAFT Engine Logs - Execution log: 20211209-020039",
      "source" : "5787d1f70bafc41a.txt",
      "type" : "text/plain",
      "size" : 223691
    }, {
      "uid" : "6eb3e969553916d1",
      "name" : "Attachment: HTML - Extent Emailable Execution Report",
      "source" : "6eb3e969553916d1.html",
      "type" : "text/html",
      "size" : 7484989
    } ],
    "parameters" : [ ],
    "stepsCount" : 2,
    "attachmentsCount" : 3,
    "shouldDisplayMessage" : false,
    "hasContent" : true
  } ],
  "labels" : [ {
    "name" : "package",
    "value" : "unitTests.tests_validations_assertions"
  }, {
    "name" : "testClass",
    "value" : "unitTests.tests_validations_assertions"
  }, {
    "name" : "testMethod",
    "value" : "assertElementAttribute_true_literalComparison_expectedToFail"
  }, {
    "name" : "parentSuite",
    "value" : "SHAFT: Custom Suite"
  }, {
    "name" : "suite",
    "value" : "SHAFT: Custom Test"
  }, {
    "name" : "subSuite",
    "value" : "unitTests.tests_validations_assertions"
  }, {
    "name" : "host",
    "value" : "Mac-1639014615750.local"
  }, {
    "name" : "thread",
    "value" : "2074@Mac-1639014615750.local.main(1)"
  }, {
    "name" : "framework",
    "value" : "testng"
  }, {
    "name" : "language",
    "value" : "java"
  }, {
    "name" : "resultFormat",
    "value" : "allure2"
  } ],
  "parameters" : [ ],
  "links" : [ ],
  "hidden" : false,
  "retry" : false,
  "extra" : {
    "severity" : "normal",
    "retries" : [ ],
    "categories" : [ ],
    "history" : {
      "statistic" : {
        "failed" : 0,
        "broken" : 5,
        "skipped" : 9,
        "passed" : 2,
        "unknown" : 0,
        "total" : 16
      },
      "items" : [ {
        "uid" : "a1e0ac6d93ca33a7",
        "reportUrl" : "https://MohabMohie.github.io/SHAFT_ENGINE/allure/macOS/Web/968//#testresult/a1e0ac6d93ca33a7",
        "status" : "skipped",
        "statusDetails" : "Driver Factory Action [createNewLocalDriverInstanceForSafari] failed. With the following test data [Failed to create a session on DESKTOP_SAFARI].",
        "time" : {
          "start" : 1638842314402,
          "stop" : 1638842314404,
          "duration" : 2
        }
      }, {
        "uid" : "910272cb9bfd567f",
        "reportUrl" : "https://MohabMohie.github.io/SHAFT_ENGINE/allure/macOS/Web/967//#testresult/910272cb9bfd567f",
        "status" : "broken",
        "statusDetails" : "Cannot invoke \"com.aventstack.extentreports.ExtentReports.createTest(String)\" because \"com.shaft.tools.io.ReportManagerHelper.extentReport\" is null",
        "time" : {
          "start" : 1638794018523,
          "stop" : 1638794018524,
          "duration" : 1
        }
      }, {
        "uid" : "5b82fea7138e0ff9",
        "reportUrl" : "https://MohabMohie.github.io/SHAFT_ENGINE/allure/macOS/Web/964//#testresult/5b82fea7138e0ff9",
        "status" : "broken",
        "statusDetails" : "Cannot invoke \"com.aventstack.extentreports.ExtentReports.createTest(String)\" because \"com.shaft.tools.io.ReportManagerHelper.extentReport\" is null",
        "time" : {
          "start" : 1638669482881,
          "stop" : 1638669482882,
          "duration" : 1
        }
      }, {
        "uid" : "7d2b6fce103cdda5",
        "reportUrl" : "https://MohabMohie.github.io/SHAFT_ENGINE/allure/macOS/Web/963//#testresult/7d2b6fce103cdda5",
        "status" : "broken",
        "statusDetails" : "Cannot invoke \"com.aventstack.extentreports.ExtentReports.createTest(String)\" because \"com.shaft.tools.io.ReportManagerHelper.extentReport\" is null",
        "time" : {
          "start" : 1638631928187,
          "stop" : 1638631928187,
          "duration" : 0
        }
      }, {
        "uid" : "5eadd1976146873d",
        "reportUrl" : "https://MohabMohie.github.io/SHAFT_ENGINE/allure/macOS/Web/962//#testresult/5eadd1976146873d",
        "status" : "broken",
        "statusDetails" : "Cannot invoke \"com.aventstack.extentreports.ExtentReports.createTest(String)\" because \"com.shaft.tools.io.ReportManagerHelper.extentReport\" is null",
        "time" : {
          "start" : 1638582660893,
          "stop" : 1638582660895,
          "duration" : 2
        }
      }, {
        "uid" : "6503a8ec9e82d6f6",
        "reportUrl" : "https://MohabMohie.github.io/SHAFT_ENGINE/allure/macOS/Web/959//#testresult/6503a8ec9e82d6f6",
        "status" : "broken",
        "statusDetails" : "Cannot invoke \"com.aventstack.extentreports.ExtentReports.createTest(String)\" because \"com.shaft.tools.io.ReportManagerHelper.extentReport\" is null",
        "time" : {
          "start" : 1638437098415,
          "stop" : 1638437098416,
          "duration" : 1
        }
      }, {
        "uid" : "cfc7197f011397a8",
        "reportUrl" : "https://MohabMohie.github.io/SHAFT_ENGINE/allure/macOS/Web/956//#testresult/cfc7197f011397a8",
        "status" : "skipped",
        "statusDetails" : "Driver Factory Action [createNewLocalDriverInstanceForSafari] failed. With the following test data [Failed to create a session on DESKTOP_SAFARI].",
        "time" : {
          "start" : 1638409945817,
          "stop" : 1638409945818,
          "duration" : 1
        }
      }, {
        "uid" : "e97072e5d611ff68",
        "reportUrl" : "https://MohabMohie.github.io/SHAFT_ENGINE/allure/macOS/Web/953//#testresult/e97072e5d611ff68",
        "status" : "skipped",
        "statusDetails" : "Driver Factory Action [createNewLocalDriverInstanceForSafari] failed. With the following test data [Failed to create a session on DESKTOP_SAFARI].",
        "time" : {
          "start" : 1638354530227,
          "stop" : 1638354530310,
          "duration" : 83
        }
      }, {
        "uid" : "1e02d60b35b0d083",
        "reportUrl" : "https://MohabMohie.github.io/SHAFT_ENGINE/allure/macOS/Web/951//#testresult/1e02d60b35b0d083",
        "status" : "skipped",
        "statusDetails" : "Driver Factory Action [createNewLocalDriverInstanceForSafari] failed. With the following test data [Failed to create a session on DESKTOP_SAFARI].",
        "time" : {
          "start" : 1638346141724,
          "stop" : 1638346141726,
          "duration" : 2
        }
      }, {
        "uid" : "147ced72fb3f82ac",
        "reportUrl" : "https://MohabMohie.github.io/SHAFT_ENGINE/allure/macOS/Web/950//#testresult/147ced72fb3f82ac",
        "status" : "skipped",
        "statusDetails" : "Driver Factory Action [createNewLocalDriverInstanceForSafari] failed. With the following test data [Failed to create a session on DESKTOP_SAFARI].",
        "time" : {
          "start" : 1638323924844,
          "stop" : 1638323924847,
          "duration" : 3
        }
      }, {
        "uid" : "3aa5a6d1fc49680",
        "reportUrl" : "https://MohabMohie.github.io/SHAFT_ENGINE/allure/macOS/Web/946//#testresult/3aa5a6d1fc49680",
        "status" : "skipped",
        "statusDetails" : "Driver Factory Action [createNewLocalDriverInstanceForSafari] failed. With the following test data [Failed to create a session on DESKTOP_SAFARI].",
        "time" : {
          "start" : 1638150657297,
          "stop" : 1638150657299,
          "duration" : 2
        }
      }, {
        "uid" : "4e12b3848f109a66",
        "reportUrl" : "https://MohabMohie.github.io/SHAFT_ENGINE/allure/macOS/Web/945//#testresult/4e12b3848f109a66",
        "status" : "skipped",
        "statusDetails" : "Driver Factory Action [createNewLocalDriverInstanceForSafari] failed. With the following test data [Failed to create a session on DESKTOP_SAFARI].",
        "time" : {
          "start" : 1638064088558,
          "stop" : 1638064088560,
          "duration" : 2
        }
      }, {
        "uid" : "779534bbbc3c1785",
        "reportUrl" : "https://MohabMohie.github.io/SHAFT_ENGINE/allure/macOS/Web/944//#testresult/779534bbbc3c1785",
        "status" : "skipped",
        "statusDetails" : "Driver Factory Action [createNewLocalDriverInstanceForSafari] failed. With the following test data [Failed to create a session on DESKTOP_SAFARI].",
        "time" : {
          "start" : 1637977690941,
          "stop" : 1637977690942,
          "duration" : 1
        }
      }, {
        "uid" : "f724a12a84546d91",
        "reportUrl" : "https://MohabMohie.github.io/SHAFT_ENGINE/allure/macOS/Web/942//#testresult/f724a12a84546d91",
        "status" : "passed",
        "time" : {
          "start" : 1637891390527,
          "stop" : 1637891391394,
          "duration" : 867
        }
      }, {
        "uid" : "396b56aca8c5a52",
        "reportUrl" : "https://MohabMohie.github.io/SHAFT_ENGINE/allure/macOS/Web/940//#testresult/396b56aca8c5a52",
        "status" : "passed",
        "time" : {
          "start" : 1637739541385,
          "stop" : 1637739541866,
          "duration" : 481
        }
      } ]
    },
    "tags" : [ ]
  },
  "source" : "6609443484f8f796.json",
  "parameterValues" : [ ]
}