{
  "uid" : "ceb0de3189802aad",
  "name" : "assertElementAttribute_true_literalComparison_expectedToFail",
  "fullName" : "unitTests.tests_validations_assertions.assertElementAttribute_true_literalComparison_expectedToFail",
  "historyId" : "8a857219522d374b9811362ab4602182",
  "time" : {
    "start" : 1637132769319,
    "stop" : 1637132769321,
    "duration" : 2
  },
  "status" : "skipped",
  "statusMessage" : "Driver Factory Action [createNewLocalDriverInstance] failed. With the following test data [Failed to create new Browser Session].",
  "statusTrace" : "java.lang.AssertionError: Driver Factory Action [createNewLocalDriverInstance] failed. With the following test data [Failed to create new Browser Session].\r\n\tat org.testng.Assert.fail(Assert.java:87)\r\n\tat com.shaft.driver.DriverFactoryHelper.failAction(DriverFactoryHelper.java:304)\r\n\tat com.shaft.driver.DriverFactoryHelper.createNewLocalDriverInstance(DriverFactoryHelper.java:600)\r\n\tat com.shaft.driver.DriverFactoryHelper.getDriver(DriverFactoryHelper.java:815)\r\n\tat com.shaft.driver.DriverFactoryHelper.getDriver(DriverFactoryHelper.java:140)\r\n\tat com.shaft.driver.DriverFactory.getDriver(DriverFactory.java:27)\r\n\tat com.shaft.gui.browser.BrowserFactory.getBrowser(BrowserFactory.java:21)\r\n\tat unitTests.tests_validations_assertions.beforeMethod(tests_validations_assertions.java:406)\r\n\tat java.base/jdk.internal.reflect.NativeMethodAccessorImpl.invoke0(Native Method)\r\n\tat java.base/jdk.internal.reflect.NativeMethodAccessorImpl.invoke(NativeMethodAccessorImpl.java:77)\r\n\tat java.base/jdk.internal.reflect.DelegatingMethodAccessorImpl.invoke(DelegatingMethodAccessorImpl.java:43)\r\n\tat java.base/java.lang.reflect.Method.invoke(Method.java:568)\r\n\tat org.testng.internal.MethodInvocationHelper.invokeMethod(MethodInvocationHelper.java:133)\r\n\tat org.testng.internal.MethodInvocationHelper.invokeMethodConsideringTimeout(MethodInvocationHelper.java:62)\r\n\tat org.testng.internal.ConfigInvoker.invokeConfigurationMethod(ConfigInvoker.java:385)\r\n\tat org.testng.internal.ConfigInvoker.invokeConfigurations(ConfigInvoker.java:321)\r\n\tat org.testng.internal.TestInvoker.runConfigMethods(TestInvoker.java:700)\r\n\tat org.testng.internal.TestInvoker.invokeMethod(TestInvoker.java:527)\r\n\tat org.testng.internal.TestInvoker.invokeTestMethod(TestInvoker.java:173)\r\n\tat org.testng.internal.MethodRunner.runInSequence(MethodRunner.java:46)\r\n\tat org.testng.internal.TestInvoker$MethodInvocationAgent.invoke(TestInvoker.java:824)\r\n\tat org.testng.internal.TestInvoker.invokeTestMethods(TestInvoker.java:146)\r\n\tat org.testng.internal.TestMethodWorker.invokeTestMethods(TestMethodWorker.java:146)\r\n\tat org.testng.internal.TestMethodWorker.run(TestMethodWorker.java:128)\r\n\tat java.base/java.util.ArrayList.forEach(ArrayList.java:1511)\r\n\tat org.testng.TestRunner.privateRun(TestRunner.java:794)\r\n\tat org.testng.TestRunner.run(TestRunner.java:596)\r\n\tat org.testng.SuiteRunner.runTest(SuiteRunner.java:377)\r\n\tat org.testng.SuiteRunner.runSequentially(SuiteRunner.java:371)\r\n\tat org.testng.SuiteRunner.privateRun(SuiteRunner.java:332)\r\n\tat org.testng.SuiteRunner.run(SuiteRunner.java:276)\r\n\tat org.testng.SuiteRunnerWorker.runSuite(SuiteRunnerWorker.java:53)\r\n\tat org.testng.SuiteRunnerWorker.run(SuiteRunnerWorker.java:96)\r\n\tat org.testng.TestNG.runSuitesSequentially(TestNG.java:1212)\r\n\tat org.testng.TestNG.runSuitesLocally(TestNG.java:1134)\r\n\tat org.testng.TestNG.runSuites(TestNG.java:1063)\r\n\tat org.testng.TestNG.run(TestNG.java:1031)\r\n\tat org.apache.maven.surefire.testng.TestNGExecutor.run(TestNGExecutor.java:136)\r\n\tat org.apache.maven.surefire.testng.TestNGDirectoryTestSuite.executeMulti(TestNGDirectoryTestSuite.java:193)\r\n\tat org.apache.maven.surefire.testng.TestNGDirectoryTestSuite.execute(TestNGDirectoryTestSuite.java:94)\r\n\tat org.apache.maven.surefire.testng.TestNGProvider.invoke(TestNGProvider.java:145)\r\n\tat org.apache.maven.surefire.booter.ForkedBooter.runSuitesInProcess(ForkedBooter.java:428)\r\n\tat org.apache.maven.surefire.booter.ForkedBooter.execute(ForkedBooter.java:162)\r\n\tat org.apache.maven.surefire.booter.ForkedBooter.run(ForkedBooter.java:562)\r\n\tat org.apache.maven.surefire.booter.ForkedBooter.main(ForkedBooter.java:548)\r\nCaused by: org.openqa.selenium.SessionNotCreatedException: Could not start a new session. Response code 500. Message: unknown error: MSEdge failed to start: exited normally.\n  (unknown error: DevToolsActivePort file doesn't exist)\n  (The process started from msedge location C:\\Program Files (x86)\\Microsoft\\Edge\\Application\\msedge.exe is no longer running, so MSEdgeDriver is assuming that MSEdge has crashed.)\nBuild info: version: '4.0.0', revision: '3a21814679'\nSystem info: host: 'fv-az177-592', ip: '10.1.0.153', os.name: 'Windows Server 2019', os.arch: 'amd64', os.version: '10.0', java.version: '17.0.1'\nDriver info: org.openqa.selenium.edge.EdgeDriver\nCommand: [null, newSession {capabilities=[Capabilities {acceptInsecureCerts: true, browserName: MicrosoftEdge, ms:edgeOptions: {args: [--headless, --window-size=1920,1080, --start-maximized, --enable-automation, --no-sandbox, --disable-infobars, --disable-dev-shm-usage, --disable-browser-side-navi..., --disable-gpu, --remote-debugging-port=9222], extensions: [], prefs: {download.default_directory: D:\\a\\SHAFT_ENGINE\\SHAFT_ENG..., download.prompt_for_download: false, profile.default_content_settings.popups: 0}}, pageLoadStrategy: normal, platformName: windows, timeouts: {pageLoad: 30000, script: 30000}, unhandledPromptBehavior: accept and notify}, Capabilities {acceptInsecureCerts: true, goog:loggingPrefs: org.openqa.selenium.logging..., pageLoadStrategy: normal, platformName: windows, timeouts: {pageLoad: 30000, script: 30000}, unhandledPromptBehavior: accept and notify}], desiredCapabilities=Capabilities {acceptInsecureCerts: true, acceptSslCerts: true, browserName: MicrosoftEdge, loggingPrefs: org.openqa.selenium.logging..., ms:edgeOptions: {args: [--headless, --window-size=1920,1080, --start-maximized, --enable-automation, --no-sandbox, --disable-infobars, --disable-dev-shm-usage, --disable-browser-side-navi..., --disable-gpu, --remote-debugging-port=9222], extensions: [], prefs: {download.default_directory: D:\\a\\SHAFT_ENGINE\\SHAFT_ENG..., download.prompt_for_download: false, profile.default_content_settings.popups: 0}}, pageLoadStrategy: normal, platformName: WINDOWS, timeouts: {pageLoad: 30000, script: 30000}, unhandledPromptBehavior: accept and notify}}]\r\n\tat org.openqa.selenium.remote.ProtocolHandshake.createSession(ProtocolHandshake.java:126)\r\n\tat org.openqa.selenium.remote.ProtocolHandshake.createSession(ProtocolHandshake.java:84)\r\n\tat org.openqa.selenium.remote.ProtocolHandshake.createSession(ProtocolHandshake.java:62)\r\n\tat org.openqa.selenium.remote.HttpCommandExecutor.execute(HttpCommandExecutor.java:156)\r\n\tat org.openqa.selenium.remote.service.DriverCommandExecutor.invokeExecute(DriverCommandExecutor.java:164)\r\n\tat org.openqa.selenium.remote.service.DriverCommandExecutor.execute(DriverCommandExecutor.java:139)\r\n\tat org.openqa.selenium.remote.RemoteWebDriver.execute(RemoteWebDriver.java:559)\r\n\tat org.openqa.selenium.remote.RemoteWebDriver.startSession(RemoteWebDriver.java:246)\r\n\tat org.openqa.selenium.remote.RemoteWebDriver.<init>(RemoteWebDriver.java:168)\r\n\tat org.openqa.selenium.chromium.ChromiumDriver.<init>(ChromiumDriver.java:108)\r\n\tat org.openqa.selenium.edge.EdgeDriver.<init>(EdgeDriver.java:49)\r\n\tat org.openqa.selenium.edge.EdgeDriver.<init>(EdgeDriver.java:41)\r\n\tat com.shaft.driver.DriverFactoryHelper.createNewLocalDriverInstanceForEdge(DriverFactoryHelper.java:566)\r\n\tat com.shaft.driver.DriverFactoryHelper.createNewLocalDriverInstance(DriverFactoryHelper.java:595)\r\n\t... 42 more\r\n",
  "flaky" : false,
  "newFailed" : false,
  "newBroken" : false,
  "newPassed" : false,
  "retriesCount" : 0,
  "retriesStatusChange" : false,
  "beforeStages" : [ {
    "name" : "setupActivities",
    "time" : {
      "start" : 1637132469378,
      "stop" : 1637132472037,
      "duration" : 2659
    },
    "description" : "",
    "status" : "passed",
    "steps" : [ {
      "name" : "Folder [allure-results] was not found, it may have already been deleted.",
      "time" : {
        "start" : 1637132469460,
        "stop" : 1637132469462,
        "duration" : 2
      },
      "status" : "passed",
      "steps" : [ ],
      "attachments" : [ ],
      "parameters" : [ {
        "name" : "actionCounter",
        "value" : "1"
      }, {
        "name" : "logText",
        "value" : "Folder [allure-results] was not found, it may have already been deleted."
      } ],
      "hasContent" : true,
      "stepsCount" : 0,
      "shouldDisplayMessage" : false,
      "attachmentsCount" : 0
    }, {
      "name" : "Folder [C:\\Users\\runneradmin\\.m2\\repository\\allure\\] was not found, it may have already been deleted.",
      "time" : {
        "start" : 1637132469464,
        "stop" : 1637132469464,
        "duration" : 0
      },
      "status" : "passed",
      "steps" : [ ],
      "attachments" : [ ],
      "parameters" : [ {
        "name" : "actionCounter",
        "value" : "2"
      }, {
        "name" : "logText",
        "value" : "Folder [C:\\Users\\runneradmin\\.m2\\repository\\allure\\] was not found, it may have already been deleted."
      } ],
      "hasContent" : true,
      "stepsCount" : 0,
      "shouldDisplayMessage" : false,
      "attachmentsCount" : 0
    }, {
      "name" : "Downloading a file from this url [https://repo.maven.apache.org/maven2/io/qameta/allure/allure-commandline/2.16.1/allure-commandline-2.16.1.zip] to this directory [target\\allureBinary.zip], please wait as downloading may take some time...",
      "time" : {
        "start" : 1637132469465,
        "stop" : 1637132469465,
        "duration" : 0
      },
      "status" : "passed",
      "steps" : [ ],
      "attachments" : [ ],
      "parameters" : [ {
        "name" : "actionCounter",
        "value" : "3"
      }, {
        "name" : "logText",
        "value" : "Downloading a file from this url [https://repo.maven.apache.org/maven2/io/qameta/allure/allure-commandline/2.16.1/allure-commandline-2.16.1.zip] to this directory [target\\allureBinary.zip], please wait as downloading may take some time..."
      } ],
      "hasContent" : true,
      "stepsCount" : 0,
      "shouldDisplayMessage" : false,
      "attachmentsCount" : 0
    }, {
      "name" : "Folder [extent-reports] was not found, it may have already been deleted.",
      "time" : {
        "start" : 1637132471269,
        "stop" : 1637132471269,
        "duration" : 0
      },
      "status" : "passed",
      "steps" : [ ],
      "attachments" : [ ],
      "parameters" : [ {
        "name" : "actionCounter",
        "value" : "4"
      }, {
        "name" : "logText",
        "value" : "Folder [extent-reports] was not found, it may have already been deleted."
      } ],
      "hasContent" : true,
      "stepsCount" : 0,
      "shouldDisplayMessage" : false,
      "attachmentsCount" : 0
    } ],
    "attachments" : [ {
      "uid" : "fe2e5d9036d2d798",
      "name" : "Attachment: SHAFT Links - Important",
      "source" : "fe2e5d9036d2d798.uri",
      "type" : "text/uri-list",
      "size" : 335
    }, {
      "uid" : "a5a4f89cdd5d6d8c",
      "name" : "Attachment: Properties - browserStack",
      "source" : "a5a4f89cdd5d6d8c.properties",
      "type" : "text/plain",
      "size" : 899
    }, {
      "uid" : "fe45eefae144b8be",
      "name" : "Attachment: Properties - cucumber",
      "source" : "fe45eefae144b8be.properties",
      "type" : "text/plain",
      "size" : 230
    }, {
      "uid" : "153bd54758ff7537",
      "name" : "Attachment: Properties - ExecutionPlatform",
      "source" : "153bd54758ff7537.properties",
      "type" : "text/plain",
      "size" : 403
    }, {
      "uid" : "8c25768b3dfead5a",
      "name" : "Attachment: Properties - internal",
      "source" : "8c25768b3dfead5a.properties",
      "type" : "text/plain",
      "size" : 118
    }, {
      "uid" : "d398d2f172ea295",
      "name" : "Attachment: Properties - MobileCapabilities",
      "source" : "d398d2f172ea295.properties",
      "type" : "text/plain",
      "size" : 484
    }, {
      "uid" : "bdb8d3162ed89406",
      "name" : "Attachment: Properties - path",
      "source" : "bdb8d3162ed89406.properties",
      "type" : "text/plain",
      "size" : 704
    }, {
      "uid" : "112d7532adc64043",
      "name" : "Attachment: Properties - pattern",
      "source" : "112d7532adc64043.properties",
      "type" : "text/plain",
      "size" : 574
    }, {
      "uid" : "ba12a85809465f80",
      "name" : "Attachment: Properties - PlatformFlags",
      "source" : "ba12a85809465f80.properties",
      "type" : "text/plain",
      "size" : 739
    }, {
      "uid" : "ca89a235eac833fd",
      "name" : "Attachment: Properties - Reporting",
      "source" : "ca89a235eac833fd.properties",
      "type" : "text/plain",
      "size" : 629
    }, {
      "uid" : "a5488546282f3543",
      "name" : "Attachment: Properties - testNG",
      "source" : "a5488546282f3543.properties",
      "type" : "text/plain",
      "size" : 505
    }, {
      "uid" : "96bbffea3f733fbd",
      "name" : "Attachment: Properties - Timeouts",
      "source" : "96bbffea3f733fbd.properties",
      "type" : "text/plain",
      "size" : 744
    }, {
      "uid" : "a935b2c789cc8cc8",
      "name" : "Attachment: Properties - video",
      "source" : "a935b2c789cc8cc8.properties",
      "type" : "text/plain",
      "size" : 785
    }, {
      "uid" : "eeb9f0cc6116173a",
      "name" : "Attachment: Properties - VisualValidations",
      "source" : "eeb9f0cc6116173a.properties",
      "type" : "text/plain",
      "size" : 740
    } ],
    "parameters" : [ ],
    "hasContent" : true,
    "stepsCount" : 4,
    "shouldDisplayMessage" : false,
    "attachmentsCount" : 14
  }, {
    "name" : "beforeMethod",
    "time" : {
      "start" : 1637132769301,
      "stop" : 1637132769301,
      "duration" : 0
    },
    "description" : "",
    "status" : "broken",
    "steps" : [ ],
    "attachments" : [ ],
    "parameters" : [ ],
    "hasContent" : false,
    "stepsCount" : 0,
    "shouldDisplayMessage" : false,
    "attachmentsCount" : 0
  } ],
  "testStage" : {
    "status" : "skipped",
    "statusMessage" : "Driver Factory Action [createNewLocalDriverInstance] failed. With the following test data [Failed to create new Browser Session].",
    "statusTrace" : "java.lang.AssertionError: Driver Factory Action [createNewLocalDriverInstance] failed. With the following test data [Failed to create new Browser Session].\r\n\tat org.testng.Assert.fail(Assert.java:87)\r\n\tat com.shaft.driver.DriverFactoryHelper.failAction(DriverFactoryHelper.java:304)\r\n\tat com.shaft.driver.DriverFactoryHelper.createNewLocalDriverInstance(DriverFactoryHelper.java:600)\r\n\tat com.shaft.driver.DriverFactoryHelper.getDriver(DriverFactoryHelper.java:815)\r\n\tat com.shaft.driver.DriverFactoryHelper.getDriver(DriverFactoryHelper.java:140)\r\n\tat com.shaft.driver.DriverFactory.getDriver(DriverFactory.java:27)\r\n\tat com.shaft.gui.browser.BrowserFactory.getBrowser(BrowserFactory.java:21)\r\n\tat unitTests.tests_validations_assertions.beforeMethod(tests_validations_assertions.java:406)\r\n\tat java.base/jdk.internal.reflect.NativeMethodAccessorImpl.invoke0(Native Method)\r\n\tat java.base/jdk.internal.reflect.NativeMethodAccessorImpl.invoke(NativeMethodAccessorImpl.java:77)\r\n\tat java.base/jdk.internal.reflect.DelegatingMethodAccessorImpl.invoke(DelegatingMethodAccessorImpl.java:43)\r\n\tat java.base/java.lang.reflect.Method.invoke(Method.java:568)\r\n\tat org.testng.internal.MethodInvocationHelper.invokeMethod(MethodInvocationHelper.java:133)\r\n\tat org.testng.internal.MethodInvocationHelper.invokeMethodConsideringTimeout(MethodInvocationHelper.java:62)\r\n\tat org.testng.internal.ConfigInvoker.invokeConfigurationMethod(ConfigInvoker.java:385)\r\n\tat org.testng.internal.ConfigInvoker.invokeConfigurations(ConfigInvoker.java:321)\r\n\tat org.testng.internal.TestInvoker.runConfigMethods(TestInvoker.java:700)\r\n\tat org.testng.internal.TestInvoker.invokeMethod(TestInvoker.java:527)\r\n\tat org.testng.internal.TestInvoker.invokeTestMethod(TestInvoker.java:173)\r\n\tat org.testng.internal.MethodRunner.runInSequence(MethodRunner.java:46)\r\n\tat org.testng.internal.TestInvoker$MethodInvocationAgent.invoke(TestInvoker.java:824)\r\n\tat org.testng.internal.TestInvoker.invokeTestMethods(TestInvoker.java:146)\r\n\tat org.testng.internal.TestMethodWorker.invokeTestMethods(TestMethodWorker.java:146)\r\n\tat org.testng.internal.TestMethodWorker.run(TestMethodWorker.java:128)\r\n\tat java.base/java.util.ArrayList.forEach(ArrayList.java:1511)\r\n\tat org.testng.TestRunner.privateRun(TestRunner.java:794)\r\n\tat org.testng.TestRunner.run(TestRunner.java:596)\r\n\tat org.testng.SuiteRunner.runTest(SuiteRunner.java:377)\r\n\tat org.testng.SuiteRunner.runSequentially(SuiteRunner.java:371)\r\n\tat org.testng.SuiteRunner.privateRun(SuiteRunner.java:332)\r\n\tat org.testng.SuiteRunner.run(SuiteRunner.java:276)\r\n\tat org.testng.SuiteRunnerWorker.runSuite(SuiteRunnerWorker.java:53)\r\n\tat org.testng.SuiteRunnerWorker.run(SuiteRunnerWorker.java:96)\r\n\tat org.testng.TestNG.runSuitesSequentially(TestNG.java:1212)\r\n\tat org.testng.TestNG.runSuitesLocally(TestNG.java:1134)\r\n\tat org.testng.TestNG.runSuites(TestNG.java:1063)\r\n\tat org.testng.TestNG.run(TestNG.java:1031)\r\n\tat org.apache.maven.surefire.testng.TestNGExecutor.run(TestNGExecutor.java:136)\r\n\tat org.apache.maven.surefire.testng.TestNGDirectoryTestSuite.executeMulti(TestNGDirectoryTestSuite.java:193)\r\n\tat org.apache.maven.surefire.testng.TestNGDirectoryTestSuite.execute(TestNGDirectoryTestSuite.java:94)\r\n\tat org.apache.maven.surefire.testng.TestNGProvider.invoke(TestNGProvider.java:145)\r\n\tat org.apache.maven.surefire.booter.ForkedBooter.runSuitesInProcess(ForkedBooter.java:428)\r\n\tat org.apache.maven.surefire.booter.ForkedBooter.execute(ForkedBooter.java:162)\r\n\tat org.apache.maven.surefire.booter.ForkedBooter.run(ForkedBooter.java:562)\r\n\tat org.apache.maven.surefire.booter.ForkedBooter.main(ForkedBooter.java:548)\r\nCaused by: org.openqa.selenium.SessionNotCreatedException: Could not start a new session. Response code 500. Message: unknown error: MSEdge failed to start: exited normally.\n  (unknown error: DevToolsActivePort file doesn't exist)\n  (The process started from msedge location C:\\Program Files (x86)\\Microsoft\\Edge\\Application\\msedge.exe is no longer running, so MSEdgeDriver is assuming that MSEdge has crashed.)\nBuild info: version: '4.0.0', revision: '3a21814679'\nSystem info: host: 'fv-az177-592', ip: '10.1.0.153', os.name: 'Windows Server 2019', os.arch: 'amd64', os.version: '10.0', java.version: '17.0.1'\nDriver info: org.openqa.selenium.edge.EdgeDriver\nCommand: [null, newSession {capabilities=[Capabilities {acceptInsecureCerts: true, browserName: MicrosoftEdge, ms:edgeOptions: {args: [--headless, --window-size=1920,1080, --start-maximized, --enable-automation, --no-sandbox, --disable-infobars, --disable-dev-shm-usage, --disable-browser-side-navi..., --disable-gpu, --remote-debugging-port=9222], extensions: [], prefs: {download.default_directory: D:\\a\\SHAFT_ENGINE\\SHAFT_ENG..., download.prompt_for_download: false, profile.default_content_settings.popups: 0}}, pageLoadStrategy: normal, platformName: windows, timeouts: {pageLoad: 30000, script: 30000}, unhandledPromptBehavior: accept and notify}, Capabilities {acceptInsecureCerts: true, goog:loggingPrefs: org.openqa.selenium.logging..., pageLoadStrategy: normal, platformName: windows, timeouts: {pageLoad: 30000, script: 30000}, unhandledPromptBehavior: accept and notify}], desiredCapabilities=Capabilities {acceptInsecureCerts: true, acceptSslCerts: true, browserName: MicrosoftEdge, loggingPrefs: org.openqa.selenium.logging..., ms:edgeOptions: {args: [--headless, --window-size=1920,1080, --start-maximized, --enable-automation, --no-sandbox, --disable-infobars, --disable-dev-shm-usage, --disable-browser-side-navi..., --disable-gpu, --remote-debugging-port=9222], extensions: [], prefs: {download.default_directory: D:\\a\\SHAFT_ENGINE\\SHAFT_ENG..., download.prompt_for_download: false, profile.default_content_settings.popups: 0}}, pageLoadStrategy: normal, platformName: WINDOWS, timeouts: {pageLoad: 30000, script: 30000}, unhandledPromptBehavior: accept and notify}}]\r\n\tat org.openqa.selenium.remote.ProtocolHandshake.createSession(ProtocolHandshake.java:126)\r\n\tat org.openqa.selenium.remote.ProtocolHandshake.createSession(ProtocolHandshake.java:84)\r\n\tat org.openqa.selenium.remote.ProtocolHandshake.createSession(ProtocolHandshake.java:62)\r\n\tat org.openqa.selenium.remote.HttpCommandExecutor.execute(HttpCommandExecutor.java:156)\r\n\tat org.openqa.selenium.remote.service.DriverCommandExecutor.invokeExecute(DriverCommandExecutor.java:164)\r\n\tat org.openqa.selenium.remote.service.DriverCommandExecutor.execute(DriverCommandExecutor.java:139)\r\n\tat org.openqa.selenium.remote.RemoteWebDriver.execute(RemoteWebDriver.java:559)\r\n\tat org.openqa.selenium.remote.RemoteWebDriver.startSession(RemoteWebDriver.java:246)\r\n\tat org.openqa.selenium.remote.RemoteWebDriver.<init>(RemoteWebDriver.java:168)\r\n\tat org.openqa.selenium.chromium.ChromiumDriver.<init>(ChromiumDriver.java:108)\r\n\tat org.openqa.selenium.edge.EdgeDriver.<init>(EdgeDriver.java:49)\r\n\tat org.openqa.selenium.edge.EdgeDriver.<init>(EdgeDriver.java:41)\r\n\tat com.shaft.driver.DriverFactoryHelper.createNewLocalDriverInstanceForEdge(DriverFactoryHelper.java:566)\r\n\tat com.shaft.driver.DriverFactoryHelper.createNewLocalDriverInstance(DriverFactoryHelper.java:595)\r\n\t... 42 more\r\n",
    "steps" : [ ],
    "attachments" : [ {
      "uid" : "e9bb43ce39a16f28",
      "name" : "Attachment: SHAFT Engine Logs - Current Method log: assertElementAttribute_true_literalComparison_expectedToFail",
      "source" : "e9bb43ce39a16f28.txt",
      "type" : "text/plain",
      "size" : 478
    } ],
    "parameters" : [ ],
    "hasContent" : true,
    "stepsCount" : 0,
    "shouldDisplayMessage" : true,
    "attachmentsCount" : 1
  },
  "afterStages" : [ {
    "name" : "afterMethod",
    "time" : {
      "start" : 1637132769322,
      "stop" : 1637132769322,
      "duration" : 0
    },
    "description" : "",
    "status" : "broken",
    "steps" : [ ],
    "attachments" : [ ],
    "parameters" : [ ],
    "hasContent" : false,
    "stepsCount" : 0,
    "shouldDisplayMessage" : false,
    "attachmentsCount" : 0
  }, {
    "name" : "teardownActivities",
    "time" : {
      "start" : 1637132769559,
      "stop" : 1637132770886,
      "duration" : 1327
    },
    "description" : "",
    "status" : "passed",
    "steps" : [ {
      "name" : "Successfully Closed All Drivers.",
      "time" : {
        "start" : 1637132769559,
        "stop" : 1637132769559,
        "duration" : 0
      },
      "status" : "passed",
      "steps" : [ ],
      "attachments" : [ ],
      "parameters" : [ {
        "name" : "actionCounter",
        "value" : "545"
      }, {
        "name" : "logText",
        "value" : "Successfully Closed All Drivers."
      } ],
      "hasContent" : true,
      "stepsCount" : 0,
      "shouldDisplayMessage" : false,
      "attachmentsCount" : 0
    }, {
      "name" : "Issue Summary: Total Issues = 3, New issues for Failed Tests = 1, Open issues for Passed Tests = 2, Open issues for Failed Tests = 0. Kindly check the attached Issue details.",
      "time" : {
        "start" : 1637132769585,
        "stop" : 1637132769586,
        "duration" : 1
      },
      "status" : "passed",
      "steps" : [ ],
      "attachments" : [ {
        "uid" : "73685881e13d6951",
        "name" : "Attachment: SHAFT Engine Logs - Issues log CSV: 20211117-070609",
        "source" : "73685881e13d6951.csv",
        "type" : "text/csv",
        "size" : 364
      } ],
      "parameters" : [ {
        "name" : "actionCounter",
        "value" : "546"
      }, {
        "name" : "logText",
        "value" : "Issue Summary: Total Issues = 3, New issues for Failed Tests = 1, Open issues for Passed Tests = 2, Open issues for Failed Tests = 0. Kindly check the attached Issue details."
      }, {
        "name" : "attachments",
        "value" : "[[SHAFT Engine Logs, Issues log CSV: 20211117-070609, java.io.ByteArrayInputStream@32332a54]]"
      } ],
      "hasContent" : true,
      "stepsCount" : 0,
      "shouldDisplayMessage" : false,
      "attachmentsCount" : 1
    } ],
    "attachments" : [ {
      "uid" : "897078b4f3c8f466",
      "name" : "Attachment: SHAFT Engine Logs - Execution log: 20211117-070609",
      "source" : "897078b4f3c8f466.txt",
      "type" : "text/plain",
      "size" : 317591
    }, {
      "uid" : "8ecb73814ce4fcfb",
      "name" : "Attachment: HTML - Extent Emailable Execution Report",
      "source" : "8ecb73814ce4fcfb.html",
      "type" : "text/html",
      "size" : 9204381
    } ],
    "parameters" : [ ],
    "hasContent" : true,
    "stepsCount" : 2,
    "shouldDisplayMessage" : false,
    "attachmentsCount" : 3
  } ],
  "labels" : [ {
    "name" : "package",
    "value" : "unitTests.tests_validations_assertions"
  }, {
    "name" : "testClass",
    "value" : "unitTests.tests_validations_assertions"
  }, {
    "name" : "testMethod",
    "value" : "assertElementAttribute_true_literalComparison_expectedToFail"
  }, {
    "name" : "parentSuite",
    "value" : "SHAFT: Custom Suite"
  }, {
    "name" : "suite",
    "value" : "SHAFT: Custom Test"
  }, {
    "name" : "subSuite",
    "value" : "unitTests.tests_validations_assertions"
  }, {
    "name" : "host",
    "value" : "fv-az177-592"
  }, {
    "name" : "thread",
    "value" : "4936@fv-az177-592.main(1)"
  }, {
    "name" : "framework",
    "value" : "testng"
  }, {
    "name" : "language",
    "value" : "java"
  }, {
    "name" : "resultFormat",
    "value" : "allure2"
  } ],
  "parameters" : [ ],
  "links" : [ ],
  "hidden" : false,
  "retry" : false,
  "extra" : {
    "severity" : "normal",
    "retries" : [ ],
    "categories" : [ ],
    "history" : {
      "statistic" : {
        "failed" : 0,
        "broken" : 0,
        "skipped" : 1,
        "passed" : 2,
        "unknown" : 0,
        "total" : 3
      },
      "items" : [ {
        "uid" : "c0f188a04b0d8a2f",
        "reportUrl" : "https://MohabMohie.github.io/SHAFT_ENGINE/allure/Windows/Web/907//#testresult/c0f188a04b0d8a2f",
        "status" : "passed",
        "time" : {
          "start" : 1637102229890,
          "stop" : 1637102230523,
          "duration" : 633
        }
      }, {
        "uid" : "31150aa8bd7ab887",
        "reportUrl" : "https://MohabMohie.github.io/SHAFT_ENGINE/allure/Windows/Web/906//#testresult/31150aa8bd7ab887",
        "status" : "passed",
        "time" : {
          "start" : 1637099869842,
          "stop" : 1637099870603,
          "duration" : 761
        }
      } ]
    },
    "tags" : [ ]
  },
  "source" : "ceb0de3189802aad.json",
  "parameterValues" : [ ]
}