{
  "uid" : "2f45fd8235e64c0d",
  "name" : "TC002 - Search for Query and Assert that the number of results is displayed",
  "fullName" : "testPackage01.Test_google_playwright.searchForQueryandAssertResultsNumDisplayed",
  "historyId" : "8c403aaf85c1c2abafe0a9a5d008562b",
  "time" : {
    "start" : 1633965000693,
    "stop" : 1633965006169,
    "duration" : 5476
  },
  "status" : "failed",
  "statusMessage" : "Assertion [ValidateElementAttribute] FAILED. Expected [Value Should not be '' for the 'text' attribute, element locator 'xpath=//div[@id='appbar']'] and Actual [Failed to read the desired element attribute]. Comparison Type [EQUALS]. Validation Type [NEGATIVE].",
  "statusTrace" : "java.lang.AssertionError: Assertion [ValidateElementAttribute] FAILED. Expected [Value Should not be '' for the 'text' attribute, element locator 'xpath=//div[@id='appbar']'] and Actual [Failed to read the desired element attribute]. Comparison Type [EQUALS]. Validation Type [NEGATIVE].\n\tat org.testng.Assert.fail(Assert.java:87)\n\tat com.shaft.validation.ValidationHelper.reportValidationState(ValidationHelper.java:793)\n\tat com.shaft.validation.ValidationHelper.fail(ValidationHelper.java:558)\n\tat com.shaft.validation.ValidationHelper.validateElementAttribute(ValidationHelper.java:202)\n\tat com.shaft.validation.Assertions.assertElementAttribute(Assertions.java:292)\n\tat poms.GoogleSearchResults.assertResultsStatsExistsAndIsNotEmpty(GoogleSearchResults.java:36)\n\tat testPackage01.Test_google_playwright.searchForQueryandAssertResultsNumDisplayed(Test_google_playwright.java:35)\n\tat java.base/jdk.internal.reflect.NativeMethodAccessorImpl.invoke0(Native Method)\n\tat java.base/jdk.internal.reflect.NativeMethodAccessorImpl.invoke(NativeMethodAccessorImpl.java:77)\n\tat java.base/jdk.internal.reflect.DelegatingMethodAccessorImpl.invoke(DelegatingMethodAccessorImpl.java:43)\n\tat java.base/java.lang.reflect.Method.invoke(Method.java:568)\n\tat org.testng.internal.MethodInvocationHelper.invokeMethod(MethodInvocationHelper.java:133)\n\tat org.testng.internal.TestInvoker.invokeMethod(TestInvoker.java:598)\n\tat org.testng.internal.TestInvoker.invokeTestMethod(TestInvoker.java:173)\n\tat org.testng.internal.MethodRunner.runInSequence(MethodRunner.java:46)\n\tat org.testng.internal.TestInvoker$MethodInvocationAgent.invoke(TestInvoker.java:824)\n\tat org.testng.internal.TestInvoker.invokeTestMethods(TestInvoker.java:146)\n\tat org.testng.internal.TestMethodWorker.invokeTestMethods(TestMethodWorker.java:146)\n\tat org.testng.internal.TestMethodWorker.run(TestMethodWorker.java:128)\n\tat java.base/java.util.ArrayList.forEach(ArrayList.java:1511)\n\tat org.testng.TestRunner.privateRun(TestRunner.java:794)\n\tat org.testng.TestRunner.run(TestRunner.java:596)\n\tat org.testng.SuiteRunner.runTest(SuiteRunner.java:377)\n\tat org.testng.SuiteRunner.runSequentially(SuiteRunner.java:371)\n\tat org.testng.SuiteRunner.privateRun(SuiteRunner.java:332)\n\tat org.testng.SuiteRunner.run(SuiteRunner.java:276)\n\tat org.testng.SuiteRunnerWorker.runSuite(SuiteRunnerWorker.java:53)\n\tat org.testng.SuiteRunnerWorker.run(SuiteRunnerWorker.java:96)\n\tat org.testng.TestNG.runSuitesSequentially(TestNG.java:1212)\n\tat org.testng.TestNG.runSuitesLocally(TestNG.java:1134)\n\tat org.testng.TestNG.runSuites(TestNG.java:1063)\n\tat org.testng.TestNG.run(TestNG.java:1031)\n\tat org.apache.maven.surefire.testng.TestNGExecutor.run(TestNGExecutor.java:136)\n\tat org.apache.maven.surefire.testng.TestNGDirectoryTestSuite.executeMulti(TestNGDirectoryTestSuite.java:193)\n\tat org.apache.maven.surefire.testng.TestNGDirectoryTestSuite.execute(TestNGDirectoryTestSuite.java:94)\n\tat org.apache.maven.surefire.testng.TestNGProvider.invoke(TestNGProvider.java:145)\n\tat org.apache.maven.surefire.booter.ForkedBooter.runSuitesInProcess(ForkedBooter.java:428)\n\tat org.apache.maven.surefire.booter.ForkedBooter.execute(ForkedBooter.java:162)\n\tat org.apache.maven.surefire.booter.ForkedBooter.run(ForkedBooter.java:562)\n\tat org.apache.maven.surefire.booter.ForkedBooter.main(ForkedBooter.java:548)\nCaused by: java.lang.AssertionError: Element Action [GetMatchingElementsCount] failed.\n\tat org.testng.Assert.fail(Assert.java:87)\n\tat com.shaft.gui.element.PlayWrightElementActions.failAction(PlayWrightElementActions.java:687)\n\tat com.shaft.gui.element.PlayWrightElementActions.failAction(PlayWrightElementActions.java:679)\n\tat com.shaft.gui.element.PlayWrightElementActions.getMatchingElementsCount(PlayWrightElementActions.java:705)\n\tat com.shaft.gui.element.PlayWrightElementActions.identifyUniqueElement(PlayWrightElementActions.java:712)\n\tat com.shaft.gui.element.PlayWrightElementActions.identifyUniqueElement(PlayWrightElementActions.java:607)\n\tat com.shaft.gui.element.PlayWrightElementActions.getText(PlayWrightElementActions.java:319)\n\tat com.shaft.gui.element.PlayWrightElementActions.getText(PlayWrightElementActions.java:948)\n\tat com.shaft.validation.ValidationHelper.validateElementAttribute(ValidationHelper.java:188)\n\t... 36 more\nCaused by: com.microsoft.playwright.TimeoutError: Error {\n  message='Timeout 5000ms exceeded.\n=========================== logs ===========================\nwaiting for selector \"xpath=//div[@id='appbar']\"\n============================================================\n  name='TimeoutError\n  stack='TimeoutError: Timeout 5000ms exceeded.\n=========================== logs ===========================\nwaiting for selector \"xpath=//div[@id='appbar']\"\n============================================================\n    at ProgressController.run (/private/var/folders/24/8k48jl6d249_n_qfxwsl6xvm0000gn/T/playwright-java-1103900924772931611/package/lib/server/progress.js:84:26)\n    at Frame.waitForSelector (/private/var/folders/24/8k48jl6d249_n_qfxwsl6xvm0000gn/T/playwright-java-1103900924772931611/package/lib/server/frames.js:750:23)\n    at FrameDispatcher.waitForSelector (/private/var/folders/24/8k48jl6d249_n_qfxwsl6xvm0000gn/T/playwright-java-1103900924772931611/package/lib/dispatchers/frameDispatcher.js:103:110)\n    at DispatcherConnection.dispatch (/private/var/folders/24/8k48jl6d249_n_qfxwsl6xvm0000gn/T/playwright-java-1103900924772931611/package/lib/dispatchers/dispatcher.js:349:46)\n}\n\tat com.microsoft.playwright.impl.WaitableResult.get(WaitableResult.java:52)\n\tat com.microsoft.playwright.impl.ChannelOwner.runUntil(ChannelOwner.java:103)\n\tat com.microsoft.playwright.impl.Connection.sendMessage(Connection.java:112)\n\tat com.microsoft.playwright.impl.ChannelOwner.sendMessage(ChannelOwner.java:94)\n\tat com.microsoft.playwright.impl.FrameImpl.waitForSelectorImpl(FrameImpl.java:956)\n\tat com.microsoft.playwright.impl.PageImpl.lambda$waitForSelector$76(PageImpl.java:1372)\n\tat com.microsoft.playwright.impl.LoggingSupport.withLogging(LoggingSupport.java:47)\n\tat com.microsoft.playwright.impl.ChannelOwner.withLogging(ChannelOwner.java:79)\n\tat com.microsoft.playwright.impl.PageImpl.waitForSelector(PageImpl.java:1371)\n\tat com.shaft.gui.element.PlayWrightElementActions.getMatchingElementsCount(PlayWrightElementActions.java:701)\n\t... 41 more\nCaused by: com.microsoft.playwright.TimeoutError: Error {\n  message='Timeout 5000ms exceeded.\n=========================== logs ===========================\nwaiting for selector \"xpath=//div[@id='appbar']\"\n============================================================\n  name='TimeoutError\n  stack='TimeoutError: Timeout 5000ms exceeded.\n=========================== logs ===========================\nwaiting for selector \"xpath=//div[@id='appbar']\"\n============================================================\n    at ProgressController.run (/private/var/folders/24/8k48jl6d249_n_qfxwsl6xvm0000gn/T/playwright-java-1103900924772931611/package/lib/server/progress.js:84:26)\n    at Frame.waitForSelector (/private/var/folders/24/8k48jl6d249_n_qfxwsl6xvm0000gn/T/playwright-java-1103900924772931611/package/lib/server/frames.js:750:23)\n    at FrameDispatcher.waitForSelector (/private/var/folders/24/8k48jl6d249_n_qfxwsl6xvm0000gn/T/playwright-java-1103900924772931611/package/lib/dispatchers/frameDispatcher.js:103:110)\n    at DispatcherConnection.dispatch (/private/var/folders/24/8k48jl6d249_n_qfxwsl6xvm0000gn/T/playwright-java-1103900924772931611/package/lib/dispatchers/dispatcher.js:349:46)\n}\n\tat com.microsoft.playwright.impl.Connection.dispatch(Connection.java:230)\n\tat com.microsoft.playwright.impl.Connection.processOneMessage(Connection.java:212)\n\tat com.microsoft.playwright.impl.ChannelOwner.runUntil(ChannelOwner.java:101)\n\t... 49 more\n",
  "flaky" : false,
  "newFailed" : false,
  "beforeStages" : [ {
    "name" : "beforeClass",
    "time" : {
      "start" : 1633964971318,
      "stop" : 1633964998266,
      "duration" : 26948
    },
    "description" : "",
    "status" : "passed",
    "steps" : [ {
      "name" : "Successfully loaded the following test data file [src/test/resources/TestDataFiles/testSuite01/TestData.xlsx].",
      "time" : {
        "start" : 1633964971343,
        "stop" : 1633964971344,
        "duration" : 1
      },
      "status" : "passed",
      "steps" : [ ],
      "attachments" : [ {
        "uid" : "d088e796aa5dec3f",
        "name" : "Attachment: Test Data - Excel",
        "source" : "d088e796aa5dec3f.xlsx",
        "type" : "application/vnd.openxmlformats-officedocument.spreadsheetml.sheet",
        "size" : 12483
      } ],
      "parameters" : [ {
        "name" : "actionCounter",
        "value" : "549"
      }, {
        "name" : "logText",
        "value" : "Successfully loaded the following test data file [src/test/resources/TestDataFiles/testSuite01/TestData.xlsx]."
      }, {
        "name" : "attachments",
        "value" : "[[Test Data, Excel, java.io.FileInputStream@2667a07f]]"
      } ],
      "stepsCount" : 0,
      "attachmentsCount" : 1,
      "shouldDisplayMessage" : false,
      "hasContent" : true
    }, {
      "name" : "Attempting to run using Playwright locally on: [Mac-64], [Safari], Headless Execution.",
      "time" : {
        "start" : 1633964992545,
        "stop" : 1633964992545,
        "duration" : 0
      },
      "status" : "passed",
      "steps" : [ ],
      "attachments" : [ ],
      "parameters" : [ {
        "name" : "actionCounter",
        "value" : "550"
      }, {
        "name" : "logText",
        "value" : "Attempting to run using Playwright locally on: [Mac-64], [Safari], Headless Execution."
      } ],
      "stepsCount" : 0,
      "attachmentsCount" : 0,
      "shouldDisplayMessage" : false,
      "hasContent" : true
    }, {
      "name" : "Browser Action [MaximizeWindow] successfully performed. With the following test data [New screen size is now: (1920, 1080)].",
      "time" : {
        "start" : 1633964998265,
        "stop" : 1633964998265,
        "duration" : 0
      },
      "status" : "passed",
      "steps" : [ ],
      "attachments" : [ ],
      "parameters" : [ {
        "name" : "actionCounter",
        "value" : "551"
      }, {
        "name" : "logText",
        "value" : "Browser Action [MaximizeWindow] successfully performed. With the following test data [New screen size is now: (1920, 1080)]."
      }, {
        "name" : "attachments",
        "value" : "[null]"
      } ],
      "stepsCount" : 0,
      "attachmentsCount" : 0,
      "shouldDisplayMessage" : false,
      "hasContent" : true
    } ],
    "attachments" : [ {
      "uid" : "9b3535826a5161d5",
      "name" : "Attachment: SHAFT Engine Logs - Current Method log: beforeClass",
      "source" : "9b3535826a5161d5.txt",
      "type" : "text/plain",
      "size" : 937
    } ],
    "parameters" : [ ],
    "stepsCount" : 3,
    "attachmentsCount" : 2,
    "shouldDisplayMessage" : false,
    "hasContent" : true
  } ],
  "testStage" : {
    "status" : "failed",
    "statusMessage" : "Assertion [ValidateElementAttribute] FAILED. Expected [Value Should not be '' for the 'text' attribute, element locator 'xpath=//div[@id='appbar']'] and Actual [Failed to read the desired element attribute]. Comparison Type [EQUALS]. Validation Type [NEGATIVE].",
    "statusTrace" : "java.lang.AssertionError: Assertion [ValidateElementAttribute] FAILED. Expected [Value Should not be '' for the 'text' attribute, element locator 'xpath=//div[@id='appbar']'] and Actual [Failed to read the desired element attribute]. Comparison Type [EQUALS]. Validation Type [NEGATIVE].\n\tat org.testng.Assert.fail(Assert.java:87)\n\tat com.shaft.validation.ValidationHelper.reportValidationState(ValidationHelper.java:793)\n\tat com.shaft.validation.ValidationHelper.fail(ValidationHelper.java:558)\n\tat com.shaft.validation.ValidationHelper.validateElementAttribute(ValidationHelper.java:202)\n\tat com.shaft.validation.Assertions.assertElementAttribute(Assertions.java:292)\n\tat poms.GoogleSearchResults.assertResultsStatsExistsAndIsNotEmpty(GoogleSearchResults.java:36)\n\tat testPackage01.Test_google_playwright.searchForQueryandAssertResultsNumDisplayed(Test_google_playwright.java:35)\n\tat java.base/jdk.internal.reflect.NativeMethodAccessorImpl.invoke0(Native Method)\n\tat java.base/jdk.internal.reflect.NativeMethodAccessorImpl.invoke(NativeMethodAccessorImpl.java:77)\n\tat java.base/jdk.internal.reflect.DelegatingMethodAccessorImpl.invoke(DelegatingMethodAccessorImpl.java:43)\n\tat java.base/java.lang.reflect.Method.invoke(Method.java:568)\n\tat org.testng.internal.MethodInvocationHelper.invokeMethod(MethodInvocationHelper.java:133)\n\tat org.testng.internal.TestInvoker.invokeMethod(TestInvoker.java:598)\n\tat org.testng.internal.TestInvoker.invokeTestMethod(TestInvoker.java:173)\n\tat org.testng.internal.MethodRunner.runInSequence(MethodRunner.java:46)\n\tat org.testng.internal.TestInvoker$MethodInvocationAgent.invoke(TestInvoker.java:824)\n\tat org.testng.internal.TestInvoker.invokeTestMethods(TestInvoker.java:146)\n\tat org.testng.internal.TestMethodWorker.invokeTestMethods(TestMethodWorker.java:146)\n\tat org.testng.internal.TestMethodWorker.run(TestMethodWorker.java:128)\n\tat java.base/java.util.ArrayList.forEach(ArrayList.java:1511)\n\tat org.testng.TestRunner.privateRun(TestRunner.java:794)\n\tat org.testng.TestRunner.run(TestRunner.java:596)\n\tat org.testng.SuiteRunner.runTest(SuiteRunner.java:377)\n\tat org.testng.SuiteRunner.runSequentially(SuiteRunner.java:371)\n\tat org.testng.SuiteRunner.privateRun(SuiteRunner.java:332)\n\tat org.testng.SuiteRunner.run(SuiteRunner.java:276)\n\tat org.testng.SuiteRunnerWorker.runSuite(SuiteRunnerWorker.java:53)\n\tat org.testng.SuiteRunnerWorker.run(SuiteRunnerWorker.java:96)\n\tat org.testng.TestNG.runSuitesSequentially(TestNG.java:1212)\n\tat org.testng.TestNG.runSuitesLocally(TestNG.java:1134)\n\tat org.testng.TestNG.runSuites(TestNG.java:1063)\n\tat org.testng.TestNG.run(TestNG.java:1031)\n\tat org.apache.maven.surefire.testng.TestNGExecutor.run(TestNGExecutor.java:136)\n\tat org.apache.maven.surefire.testng.TestNGDirectoryTestSuite.executeMulti(TestNGDirectoryTestSuite.java:193)\n\tat org.apache.maven.surefire.testng.TestNGDirectoryTestSuite.execute(TestNGDirectoryTestSuite.java:94)\n\tat org.apache.maven.surefire.testng.TestNGProvider.invoke(TestNGProvider.java:145)\n\tat org.apache.maven.surefire.booter.ForkedBooter.runSuitesInProcess(ForkedBooter.java:428)\n\tat org.apache.maven.surefire.booter.ForkedBooter.execute(ForkedBooter.java:162)\n\tat org.apache.maven.surefire.booter.ForkedBooter.run(ForkedBooter.java:562)\n\tat org.apache.maven.surefire.booter.ForkedBooter.main(ForkedBooter.java:548)\nCaused by: java.lang.AssertionError: Element Action [GetMatchingElementsCount] failed.\n\tat org.testng.Assert.fail(Assert.java:87)\n\tat com.shaft.gui.element.PlayWrightElementActions.failAction(PlayWrightElementActions.java:687)\n\tat com.shaft.gui.element.PlayWrightElementActions.failAction(PlayWrightElementActions.java:679)\n\tat com.shaft.gui.element.PlayWrightElementActions.getMatchingElementsCount(PlayWrightElementActions.java:705)\n\tat com.shaft.gui.element.PlayWrightElementActions.identifyUniqueElement(PlayWrightElementActions.java:712)\n\tat com.shaft.gui.element.PlayWrightElementActions.identifyUniqueElement(PlayWrightElementActions.java:607)\n\tat com.shaft.gui.element.PlayWrightElementActions.getText(PlayWrightElementActions.java:319)\n\tat com.shaft.gui.element.PlayWrightElementActions.getText(PlayWrightElementActions.java:948)\n\tat com.shaft.validation.ValidationHelper.validateElementAttribute(ValidationHelper.java:188)\n\t... 36 more\nCaused by: com.microsoft.playwright.TimeoutError: Error {\n  message='Timeout 5000ms exceeded.\n=========================== logs ===========================\nwaiting for selector \"xpath=//div[@id='appbar']\"\n============================================================\n  name='TimeoutError\n  stack='TimeoutError: Timeout 5000ms exceeded.\n=========================== logs ===========================\nwaiting for selector \"xpath=//div[@id='appbar']\"\n============================================================\n    at ProgressController.run (/private/var/folders/24/8k48jl6d249_n_qfxwsl6xvm0000gn/T/playwright-java-1103900924772931611/package/lib/server/progress.js:84:26)\n    at Frame.waitForSelector (/private/var/folders/24/8k48jl6d249_n_qfxwsl6xvm0000gn/T/playwright-java-1103900924772931611/package/lib/server/frames.js:750:23)\n    at FrameDispatcher.waitForSelector (/private/var/folders/24/8k48jl6d249_n_qfxwsl6xvm0000gn/T/playwright-java-1103900924772931611/package/lib/dispatchers/frameDispatcher.js:103:110)\n    at DispatcherConnection.dispatch (/private/var/folders/24/8k48jl6d249_n_qfxwsl6xvm0000gn/T/playwright-java-1103900924772931611/package/lib/dispatchers/dispatcher.js:349:46)\n}\n\tat com.microsoft.playwright.impl.WaitableResult.get(WaitableResult.java:52)\n\tat com.microsoft.playwright.impl.ChannelOwner.runUntil(ChannelOwner.java:103)\n\tat com.microsoft.playwright.impl.Connection.sendMessage(Connection.java:112)\n\tat com.microsoft.playwright.impl.ChannelOwner.sendMessage(ChannelOwner.java:94)\n\tat com.microsoft.playwright.impl.FrameImpl.waitForSelectorImpl(FrameImpl.java:956)\n\tat com.microsoft.playwright.impl.PageImpl.lambda$waitForSelector$76(PageImpl.java:1372)\n\tat com.microsoft.playwright.impl.LoggingSupport.withLogging(LoggingSupport.java:47)\n\tat com.microsoft.playwright.impl.ChannelOwner.withLogging(ChannelOwner.java:79)\n\tat com.microsoft.playwright.impl.PageImpl.waitForSelector(PageImpl.java:1371)\n\tat com.shaft.gui.element.PlayWrightElementActions.getMatchingElementsCount(PlayWrightElementActions.java:701)\n\t... 41 more\nCaused by: com.microsoft.playwright.TimeoutError: Error {\n  message='Timeout 5000ms exceeded.\n=========================== logs ===========================\nwaiting for selector \"xpath=//div[@id='appbar']\"\n============================================================\n  name='TimeoutError\n  stack='TimeoutError: Timeout 5000ms exceeded.\n=========================== logs ===========================\nwaiting for selector \"xpath=//div[@id='appbar']\"\n============================================================\n    at ProgressController.run (/private/var/folders/24/8k48jl6d249_n_qfxwsl6xvm0000gn/T/playwright-java-1103900924772931611/package/lib/server/progress.js:84:26)\n    at Frame.waitForSelector (/private/var/folders/24/8k48jl6d249_n_qfxwsl6xvm0000gn/T/playwright-java-1103900924772931611/package/lib/server/frames.js:750:23)\n    at FrameDispatcher.waitForSelector (/private/var/folders/24/8k48jl6d249_n_qfxwsl6xvm0000gn/T/playwright-java-1103900924772931611/package/lib/dispatchers/frameDispatcher.js:103:110)\n    at DispatcherConnection.dispatch (/private/var/folders/24/8k48jl6d249_n_qfxwsl6xvm0000gn/T/playwright-java-1103900924772931611/package/lib/dispatchers/dispatcher.js:349:46)\n}\n\tat com.microsoft.playwright.impl.Connection.dispatch(Connection.java:230)\n\tat com.microsoft.playwright.impl.Connection.processOneMessage(Connection.java:212)\n\tat com.microsoft.playwright.impl.ChannelOwner.runUntil(ChannelOwner.java:101)\n\t... 49 more\n",
    "steps" : [ {
      "name" : "Element Action [Type] successfully performed. With the following test data [SHAFT_Engine].",
      "time" : {
        "start" : 1633965000846,
        "stop" : 1633965000846,
        "duration" : 0
      },
      "status" : "passed",
      "steps" : [ ],
      "attachments" : [ ],
      "parameters" : [ {
        "name" : "actionCounter",
        "value" : "554"
      }, {
        "name" : "logText",
        "value" : "Element Action [Type] successfully performed. With the following test data [SHAFT_Engine]."
      } ],
      "stepsCount" : 0,
      "attachmentsCount" : 0,
      "shouldDisplayMessage" : false,
      "hasContent" : true
    }, {
      "name" : "Element Action [KeyPress] successfully performed. With the following test data [Enter].",
      "time" : {
        "start" : 1633965000944,
        "stop" : 1633965000944,
        "duration" : 0
      },
      "status" : "passed",
      "steps" : [ ],
      "attachments" : [ ],
      "parameters" : [ {
        "name" : "actionCounter",
        "value" : "555"
      }, {
        "name" : "logText",
        "value" : "Element Action [KeyPress] successfully performed. With the following test data [Enter]."
      } ],
      "stepsCount" : 0,
      "attachmentsCount" : 0,
      "shouldDisplayMessage" : false,
      "hasContent" : true
    }, {
      "name" : "Element Action [GetMatchingElementsCount] failed.",
      "time" : {
        "start" : 1633965006166,
        "stop" : 1633965006167,
        "duration" : 1
      },
      "status" : "passed",
      "steps" : [ ],
      "attachments" : [ {
        "uid" : "2ab98121fca3ccb2",
        "name" : "Attachment: Screenshot - 1633965005990_searchForQueryandAssertResultsNumDisplayed_GetMatchingElementsCount_failed",
        "source" : "2ab98121fca3ccb2.png",
        "type" : "image/png",
        "size" : 62837
      } ],
      "parameters" : [ {
        "name" : "actionCounter",
        "value" : "556"
      }, {
        "name" : "logText",
        "value" : "Element Action [GetMatchingElementsCount] failed."
      }, {
        "name" : "attachments",
        "value" : "[[Screenshot, 1633965005990_searchForQueryandAssertResultsNumDisplayed_GetMatchingElementsCount_failed, java.io.ByteArrayInputStream@7dbad7ca]]"
      } ],
      "stepsCount" : 0,
      "attachmentsCount" : 1,
      "shouldDisplayMessage" : false,
      "hasContent" : true
    }, {
      "name" : "Assertion [ValidateElementAttribute] FAILED. Expected [Value Should not be '' for the 'text' attribute, element locator 'xpath=//div[@id='appbar']'] and Actual [Failed to read the desired element attribute]. Comparison Type [EQUALS]. Validation Type [NEGATIVE].",
      "time" : {
        "start" : 1633965006167,
        "stop" : 1633965006168,
        "duration" : 1
      },
      "status" : "passed",
      "steps" : [ ],
      "attachments" : [ ],
      "parameters" : [ {
        "name" : "actionCounter",
        "value" : "557"
      }, {
        "name" : "logText",
        "value" : "Assertion [ValidateElementAttribute] FAILED. Expected [Value Should not be '' for the 'text' attribute, element locator 'xpath=//div[@id='appbar']'] and Actual [Failed to read the desired element attribute]. Comparison Type [EQUALS]. Validation Type [NEGATIVE]."
      }, {
        "name" : "attachments",
        "value" : "null"
      } ],
      "stepsCount" : 0,
      "attachmentsCount" : 0,
      "shouldDisplayMessage" : false,
      "hasContent" : true
    } ],
    "attachments" : [ {
      "uid" : "2b5b78d92285f81c",
      "name" : "Attachment: SHAFT Engine Logs - Current Method log: searchForQueryandAssertResultsNumDisplayed",
      "source" : "2b5b78d92285f81c.txt",
      "type" : "text/plain",
      "size" : 1402
    } ],
    "parameters" : [ ],
    "stepsCount" : 4,
    "attachmentsCount" : 2,
    "shouldDisplayMessage" : true,
    "hasContent" : true
  },
  "afterStages" : [ {
    "name" : "afterClass",
    "time" : {
      "start" : 1633965006178,
      "stop" : 1633965006232,
      "duration" : 54
    },
    "description" : "",
    "status" : "passed",
    "steps" : [ {
      "name" : "Successfully Closed PlayWright Driver.",
      "time" : {
        "start" : 1633965006226,
        "stop" : 1633965006226,
        "duration" : 0
      },
      "status" : "passed",
      "steps" : [ ],
      "attachments" : [ ],
      "parameters" : [ {
        "name" : "actionCounter",
        "value" : "558"
      }, {
        "name" : "logText",
        "value" : "Successfully Closed PlayWright Driver."
      } ],
      "stepsCount" : 0,
      "attachmentsCount" : 0,
      "shouldDisplayMessage" : false,
      "hasContent" : true
    } ],
    "attachments" : [ {
      "uid" : "3576fcf6815d5740",
      "name" : "Attachment: SHAFT Engine Logs - Current Method log: afterClass",
      "source" : "3576fcf6815d5740.txt",
      "type" : "text/plain",
      "size" : 159
    } ],
    "parameters" : [ ],
    "stepsCount" : 1,
    "attachmentsCount" : 1,
    "shouldDisplayMessage" : false,
    "hasContent" : true
  }, {
    "name" : "closureActivities",
    "time" : {
      "start" : 1633965027741,
      "stop" : 1633965028363,
      "duration" : 622
    },
    "description" : "",
    "status" : "passed",
    "steps" : [ {
      "name" : "Successfully Closed All Drivers.",
      "time" : {
        "start" : 1633965027742,
        "stop" : 1633965027742,
        "duration" : 0
      },
      "status" : "passed",
      "steps" : [ ],
      "attachments" : [ ],
      "parameters" : [ {
        "name" : "actionCounter",
        "value" : "600"
      }, {
        "name" : "logText",
        "value" : "Successfully Closed All Drivers."
      } ],
      "stepsCount" : 0,
      "attachmentsCount" : 0,
      "shouldDisplayMessage" : false,
      "hasContent" : true
    }, {
      "name" : "Issue Summary: Total Issues = 7, New issues for Failed Tests = 5, Open issues for Passed Tests = 2, Open issues for Failed Tests = 0. Kindly check the attached Issue details.",
      "time" : {
        "start" : 1633965027761,
        "stop" : 1633965027762,
        "duration" : 1
      },
      "status" : "passed",
      "steps" : [ ],
      "attachments" : [ {
        "uid" : "6cbdd304eb58fe28",
        "name" : "Attachment: SHAFT Engine Logs - Issues log CSV: 20211011-151027",
        "source" : "6cbdd304eb58fe28.csv",
        "type" : "text/csv",
        "size" : 941
      } ],
      "parameters" : [ {
        "name" : "actionCounter",
        "value" : "601"
      }, {
        "name" : "logText",
        "value" : "Issue Summary: Total Issues = 7, New issues for Failed Tests = 5, Open issues for Passed Tests = 2, Open issues for Failed Tests = 0. Kindly check the attached Issue details."
      }, {
        "name" : "attachments",
        "value" : "[[SHAFT Engine Logs, Issues log CSV: 20211011-151027, java.io.ByteArrayInputStream@181000f7]]"
      } ],
      "stepsCount" : 0,
      "attachmentsCount" : 1,
      "shouldDisplayMessage" : false,
      "hasContent" : true
    } ],
    "attachments" : [ {
      "uid" : "b57f56def46caa09",
      "name" : "Attachment: SHAFT Engine Logs - Execution log: 20211011-151027",
      "source" : "b57f56def46caa09.txt",
      "type" : "text/plain",
      "size" : 253633
    }, {
      "uid" : "b26494039c280551",
      "name" : "Attachment: HTML - Extent Emailable Execution Report",
      "source" : "b26494039c280551.html",
      "type" : "text/html",
      "size" : 8183544
    } ],
    "parameters" : [ ],
    "stepsCount" : 2,
    "attachmentsCount" : 3,
    "shouldDisplayMessage" : false,
    "hasContent" : true
  } ],
  "labels" : [ {
    "name" : "package",
    "value" : "testPackage01.Test_google_playwright"
  }, {
    "name" : "testClass",
    "value" : "testPackage01.Test_google_playwright"
  }, {
    "name" : "testMethod",
    "value" : "searchForQueryandAssertResultsNumDisplayed"
  }, {
    "name" : "parentSuite",
    "value" : "SHAFT: Custom Suite"
  }, {
    "name" : "suite",
    "value" : "SHAFT: Custom Test"
  }, {
    "name" : "subSuite",
    "value" : "testPackage01.Test_google_playwright"
  }, {
    "name" : "host",
    "value" : "Mac-1633962559257.local"
  }, {
    "name" : "thread",
    "value" : "6992@Mac-1633962559257.local.main(1)"
  }, {
    "name" : "framework",
    "value" : "testng"
  }, {
    "name" : "language",
    "value" : "java"
  }, {
    "name" : "resultFormat",
    "value" : "allure2"
  } ],
  "parameters" : [ ],
  "links" : [ ],
  "hidden" : false,
  "retry" : false,
  "extra" : {
    "severity" : "normal",
    "retries" : [ ],
    "categories" : [ {
      "name" : "Product defects",
      "matchedStatuses" : [ ],
      "flaky" : false
    } ],
    "tags" : [ ]
  },
  "source" : "2f45fd8235e64c0d.json",
  "parameterValues" : [ ]
}