{
  "uid" : "7369b2fcc54f9126",
  "name" : "f33",
  "fullName" : "testPackage01.Test_NewValidationHelper.f33",
  "historyId" : "c86091caae292bffb9efd84314332710",
  "time" : {
    "start" : 1637102093231,
    "stop" : 1637102093246,
    "duration" : 15
  },
  "status" : "passed",
  "flaky" : false,
  "newFailed" : false,
  "beforeStages" : [ {
    "name" : "setupActivities",
    "time" : {
      "start" : 1637101872915,
      "stop" : 1637101876085,
      "duration" : 3170
    },
    "description" : "",
    "status" : "passed",
    "steps" : [ {
      "name" : "Folder [allure-results] was not found, it may have already been deleted.",
      "time" : {
        "start" : 1637101873055,
        "stop" : 1637101873057,
        "duration" : 2
      },
      "status" : "passed",
      "steps" : [ ],
      "attachments" : [ ],
      "parameters" : [ {
        "name" : "actionCounter",
        "value" : "1"
      }, {
        "name" : "logText",
        "value" : "Folder [allure-results] was not found, it may have already been deleted."
      } ],
      "stepsCount" : 0,
      "attachmentsCount" : 0,
      "shouldDisplayMessage" : false,
      "hasContent" : true
    }, {
      "name" : "Folder [/Users/runner/.m2/repository/allure/] was not found, it may have already been deleted.",
      "time" : {
        "start" : 1637101873059,
        "stop" : 1637101873059,
        "duration" : 0
      },
      "status" : "passed",
      "steps" : [ ],
      "attachments" : [ ],
      "parameters" : [ {
        "name" : "actionCounter",
        "value" : "2"
      }, {
        "name" : "logText",
        "value" : "Folder [/Users/runner/.m2/repository/allure/] was not found, it may have already been deleted."
      } ],
      "stepsCount" : 0,
      "attachmentsCount" : 0,
      "shouldDisplayMessage" : false,
      "hasContent" : true
    }, {
      "name" : "Downloading a file from this url [https://repo.maven.apache.org/maven2/io/qameta/allure/allure-commandline/2.16.1/allure-commandline-2.16.1.zip] to this directory [target/allureBinary.zip], please wait as downloading may take some time...",
      "time" : {
        "start" : 1637101873059,
        "stop" : 1637101873059,
        "duration" : 0
      },
      "status" : "passed",
      "steps" : [ ],
      "attachments" : [ ],
      "parameters" : [ {
        "name" : "actionCounter",
        "value" : "3"
      }, {
        "name" : "logText",
        "value" : "Downloading a file from this url [https://repo.maven.apache.org/maven2/io/qameta/allure/allure-commandline/2.16.1/allure-commandline-2.16.1.zip] to this directory [target/allureBinary.zip], please wait as downloading may take some time..."
      } ],
      "stepsCount" : 0,
      "attachmentsCount" : 0,
      "shouldDisplayMessage" : false,
      "hasContent" : true
    }, {
      "name" : "Terminal Action [PerformTerminalCommands] successfully performed. With the following test data [Host Name: \"localHost\" | Command: \"chmod u+x /Users/runner/.m2/repository/allure/allure-2.16.1/bin/allure\" | Exit Status: \"0\"].",
      "time" : {
        "start" : 1637101875134,
        "stop" : 1637101875134,
        "duration" : 0
      },
      "status" : "passed",
      "steps" : [ ],
      "attachments" : [ ],
      "parameters" : [ {
        "name" : "actionCounter",
        "value" : "4"
      }, {
        "name" : "logText",
        "value" : "Terminal Action [PerformTerminalCommands] successfully performed. With the following test data [Host Name: \"localHost\" | Command: \"chmod u+x /Users/runner/.m2/repository/allure/allure-2.16.1/bin/allure\" | Exit Status: \"0\"]."
      } ],
      "stepsCount" : 0,
      "attachmentsCount" : 0,
      "shouldDisplayMessage" : false,
      "hasContent" : true
    }, {
      "name" : "Terminal Action [PerformTerminalCommands] successfully performed. With the following test data [Host Name: \"localHost\" | Command: \"chmod u+x generate_allure_report.sh\" | Exit Status: \"0\"].",
      "time" : {
        "start" : 1637101875142,
        "stop" : 1637101875142,
        "duration" : 0
      },
      "status" : "passed",
      "steps" : [ ],
      "attachments" : [ ],
      "parameters" : [ {
        "name" : "actionCounter",
        "value" : "5"
      }, {
        "name" : "logText",
        "value" : "Terminal Action [PerformTerminalCommands] successfully performed. With the following test data [Host Name: \"localHost\" | Command: \"chmod u+x generate_allure_report.sh\" | Exit Status: \"0\"]."
      } ],
      "stepsCount" : 0,
      "attachmentsCount" : 0,
      "shouldDisplayMessage" : false,
      "hasContent" : true
    }, {
      "name" : "Folder [extent-reports] was not found, it may have already been deleted.",
      "time" : {
        "start" : 1637101875255,
        "stop" : 1637101875255,
        "duration" : 0
      },
      "status" : "passed",
      "steps" : [ ],
      "attachments" : [ ],
      "parameters" : [ {
        "name" : "actionCounter",
        "value" : "6"
      }, {
        "name" : "logText",
        "value" : "Folder [extent-reports] was not found, it may have already been deleted."
      } ],
      "stepsCount" : 0,
      "attachmentsCount" : 0,
      "shouldDisplayMessage" : false,
      "hasContent" : true
    } ],
    "attachments" : [ {
      "uid" : "a97c2992b733ed46",
      "name" : "Attachment: SHAFT Links - Important",
      "source" : "a97c2992b733ed46.uri",
      "type" : "text/uri-list",
      "size" : 346
    }, {
      "uid" : "63aa765535b4cf65",
      "name" : "Attachment: Properties - testNG",
      "source" : "63aa765535b4cf65.properties",
      "type" : "text/plain",
      "size" : 492
    }, {
      "uid" : "e7015eefdef2ed12",
      "name" : "Attachment: Properties - ExecutionPlatform",
      "source" : "e7015eefdef2ed12.properties",
      "type" : "text/plain",
      "size" : 394
    }, {
      "uid" : "2f67124533f33334",
      "name" : "Attachment: Properties - path",
      "source" : "2f67124533f33334.properties",
      "type" : "text/plain",
      "size" : 687
    }, {
      "uid" : "50171cd3e2e0988f",
      "name" : "Attachment: Properties - video",
      "source" : "50171cd3e2e0988f.properties",
      "type" : "text/plain",
      "size" : 763
    }, {
      "uid" : "e5bc0ab1473e488c",
      "name" : "Attachment: Properties - pattern",
      "source" : "e5bc0ab1473e488c.properties",
      "type" : "text/plain",
      "size" : 564
    }, {
      "uid" : "738f8366052ef1c",
      "name" : "Attachment: Properties - internal",
      "source" : "738f8366052ef1c.properties",
      "type" : "text/plain",
      "size" : 116
    }, {
      "uid" : "ed41a08488d37447",
      "name" : "Attachment: Properties - MobileCapabilities",
      "source" : "ed41a08488d37447.properties",
      "type" : "text/plain",
      "size" : 470
    }, {
      "uid" : "8ebeb7c11bb43e47",
      "name" : "Attachment: Properties - cucumber",
      "source" : "8ebeb7c11bb43e47.properties",
      "type" : "text/plain",
      "size" : 226
    }, {
      "uid" : "90b79c863b1cd50d",
      "name" : "Attachment: Properties - PlatformFlags",
      "source" : "90b79c863b1cd50d.properties",
      "type" : "text/plain",
      "size" : 722
    }, {
      "uid" : "16825217fe30319f",
      "name" : "Attachment: Properties - Timeouts",
      "source" : "16825217fe30319f.properties",
      "type" : "text/plain",
      "size" : 722
    }, {
      "uid" : "3034c8f976456819",
      "name" : "Attachment: Properties - Reporting",
      "source" : "3034c8f976456819.properties",
      "type" : "text/plain",
      "size" : 614
    }, {
      "uid" : "bd22a689826e6ed5",
      "name" : "Attachment: Properties - browserStack",
      "source" : "bd22a689826e6ed5.properties",
      "type" : "text/plain",
      "size" : 877
    }, {
      "uid" : "5f1c84b73f428c09",
      "name" : "Attachment: Properties - VisualValidations",
      "source" : "5f1c84b73f428c09.properties",
      "type" : "text/plain",
      "size" : 723
    } ],
    "parameters" : [ ],
    "stepsCount" : 6,
    "attachmentsCount" : 14,
    "shouldDisplayMessage" : false,
    "hasContent" : true
  } ],
  "testStage" : {
    "status" : "passed",
    "steps" : [ {
      "name" : "Assertion [ValidateTrue] FAILED. Expected [FALSE] and Actual [TRUE]. Validation Type [NEGATIVE].",
      "time" : {
        "start" : 1637102093232,
        "stop" : 1637102093232,
        "duration" : 0
      },
      "status" : "passed",
      "steps" : [ ],
      "attachments" : [ ],
      "parameters" : [ {
        "name" : "actionCounter",
        "value" : "265"
      }, {
        "name" : "logText",
        "value" : "Assertion [ValidateTrue] FAILED. Expected [FALSE] and Actual [TRUE]. Validation Type [NEGATIVE]."
      }, {
        "name" : "attachments",
        "value" : "null"
      } ],
      "stepsCount" : 0,
      "attachmentsCount" : 0,
      "shouldDisplayMessage" : false,
      "hasContent" : true
    } ],
    "attachments" : [ {
      "uid" : "d75d993b8a99d4b3",
      "name" : "Attachment: SHAFT Engine Logs - Current Method log: f33",
      "source" : "d75d993b8a99d4b3.txt",
      "type" : "text/plain",
      "size" : 559
    } ],
    "parameters" : [ ],
    "stepsCount" : 1,
    "attachmentsCount" : 1,
    "shouldDisplayMessage" : false,
    "hasContent" : true
  },
  "afterStages" : [ {
    "name" : "teardownActivities",
    "time" : {
      "start" : 1637102261596,
      "stop" : 1637102262162,
      "duration" : 566
    },
    "description" : "",
    "status" : "passed",
    "steps" : [ {
      "name" : "Successfully Closed All Drivers.",
      "time" : {
        "start" : 1637102261596,
        "stop" : 1637102261596,
        "duration" : 0
      },
      "status" : "passed",
      "steps" : [ ],
      "attachments" : [ ],
      "parameters" : [ {
        "name" : "actionCounter",
        "value" : "426"
      }, {
        "name" : "logText",
        "value" : "Successfully Closed All Drivers."
      } ],
      "stepsCount" : 0,
      "attachmentsCount" : 0,
      "shouldDisplayMessage" : false,
      "hasContent" : true
    }, {
      "name" : "Issue Summary: Total Issues = 6, New issues for Failed Tests = 4, Open issues for Passed Tests = 2, Open issues for Failed Tests = 0. Kindly check the attached Issue details.",
      "time" : {
        "start" : 1637102261611,
        "stop" : 1637102261612,
        "duration" : 1
      },
      "status" : "passed",
      "steps" : [ ],
      "attachments" : [ {
        "uid" : "bbe3440cb860da61",
        "name" : "Attachment: SHAFT Engine Logs - Issues log CSV: 20211116-223741",
        "source" : "bbe3440cb860da61.csv",
        "type" : "text/csv",
        "size" : 803
      } ],
      "parameters" : [ {
        "name" : "actionCounter",
        "value" : "427"
      }, {
        "name" : "logText",
        "value" : "Issue Summary: Total Issues = 6, New issues for Failed Tests = 4, Open issues for Passed Tests = 2, Open issues for Failed Tests = 0. Kindly check the attached Issue details."
      }, {
        "name" : "attachments",
        "value" : "[[SHAFT Engine Logs, Issues log CSV: 20211116-223741, java.io.ByteArrayInputStream@413634b6]]"
      } ],
      "stepsCount" : 0,
      "attachmentsCount" : 1,
      "shouldDisplayMessage" : false,
      "hasContent" : true
    } ],
    "attachments" : [ {
      "uid" : "8fae5f4a624218fa",
      "name" : "Attachment: SHAFT Engine Logs - Execution log: 20211116-223741",
      "source" : "8fae5f4a624218fa.txt",
      "type" : "text/plain",
      "size" : 292390
    }, {
      "uid" : "9f6ae1bebb6a21d6",
      "name" : "Attachment: HTML - Extent Emailable Execution Report",
      "source" : "9f6ae1bebb6a21d6.html",
      "type" : "text/html",
      "size" : 7383072
    } ],
    "parameters" : [ ],
    "stepsCount" : 2,
    "attachmentsCount" : 3,
    "shouldDisplayMessage" : false,
    "hasContent" : true
  } ],
  "labels" : [ {
    "name" : "package",
    "value" : "testPackage01.Test_NewValidationHelper"
  }, {
    "name" : "testClass",
    "value" : "testPackage01.Test_NewValidationHelper"
  }, {
    "name" : "testMethod",
    "value" : "f33"
  }, {
    "name" : "parentSuite",
    "value" : "SHAFT: Custom Suite"
  }, {
    "name" : "suite",
    "value" : "SHAFT: Custom Test"
  }, {
    "name" : "subSuite",
    "value" : "testPackage01.Test_NewValidationHelper"
  }, {
    "name" : "host",
    "value" : "Mac-1637101670607.local"
  }, {
    "name" : "thread",
    "value" : "2602@Mac-1637101670607.local.main(1)"
  }, {
    "name" : "framework",
    "value" : "testng"
  }, {
    "name" : "language",
    "value" : "java"
  }, {
    "name" : "resultFormat",
    "value" : "allure2"
  } ],
  "parameters" : [ ],
  "links" : [ ],
  "hidden" : false,
  "retry" : false,
  "extra" : {
    "severity" : "normal",
    "retries" : [ ],
    "categories" : [ ],
    "history" : {
      "statistic" : {
        "failed" : 0,
        "broken" : 0,
        "skipped" : 1,
        "passed" : 1,
        "unknown" : 0,
        "total" : 2
      },
      "items" : [ {
        "uid" : "397ef27192b752ab",
        "reportUrl" : "https://MohabMohie.github.io/SHAFT_ENGINE/allure/macOS/Web/906//#testresult/397ef27192b752ab",
        "status" : "skipped",
        "statusDetails" : "Could not initialize class org.openqa.selenium.remote.UnreachableBrowserException",
        "time" : {
          "start" : 1637099720677,
          "stop" : 1637099720691,
          "duration" : 14
        }
      } ]
    },
    "tags" : [ ]
  },
  "source" : "7369b2fcc54f9126.json",
  "parameterValues" : [ ]
}