{
  "uid" : "9660936152667045",
  "name" : "f31",
  "fullName" : "testPackage01.Test_NewValidationHelper.f31",
  "historyId" : "a56697260ac1ade7b44ceede44b0438a",
  "time" : {
    "start" : 1638323979267,
    "stop" : 1638323979269,
    "duration" : 2
  },
  "status" : "skipped",
  "statusMessage" : "Driver Factory Action [createNewLocalDriverInstance] failed. With the following test data [Failed to create new Browser Session].",
  "statusTrace" : "java.lang.AssertionError: Driver Factory Action [createNewLocalDriverInstance] failed. With the following test data [Failed to create new Browser Session].\r\n\tat org.testng.Assert.fail(Assert.java:87)\r\n\tat com.shaft.driver.DriverFactoryHelper.failAction(DriverFactoryHelper.java:304)\r\n\tat com.shaft.driver.DriverFactoryHelper.createNewLocalDriverInstance(DriverFactoryHelper.java:600)\r\n\tat com.shaft.driver.DriverFactoryHelper.getDriver(DriverFactoryHelper.java:815)\r\n\tat com.shaft.driver.DriverFactoryHelper.getDriver(DriverFactoryHelper.java:140)\r\n\tat com.shaft.driver.DriverFactory.getDriver(DriverFactory.java:27)\r\n\tat com.shaft.gui.browser.BrowserFactory.getBrowser(BrowserFactory.java:21)\r\n\tat testPackage01.Test_NewValidationHelper.openBrowser(Test_NewValidationHelper.java:326)\r\n\tat java.base/jdk.internal.reflect.NativeMethodAccessorImpl.invoke0(Native Method)\r\n\tat java.base/jdk.internal.reflect.NativeMethodAccessorImpl.invoke(NativeMethodAccessorImpl.java:77)\r\n\tat java.base/jdk.internal.reflect.DelegatingMethodAccessorImpl.invoke(DelegatingMethodAccessorImpl.java:43)\r\n\tat java.base/java.lang.reflect.Method.invoke(Method.java:568)\r\n\tat org.testng.internal.MethodInvocationHelper.invokeMethod(MethodInvocationHelper.java:133)\r\n\tat org.testng.internal.MethodInvocationHelper.invokeMethodConsideringTimeout(MethodInvocationHelper.java:62)\r\n\tat org.testng.internal.ConfigInvoker.invokeConfigurationMethod(ConfigInvoker.java:385)\r\n\tat org.testng.internal.ConfigInvoker.invokeConfigurations(ConfigInvoker.java:321)\r\n\tat org.testng.internal.TestInvoker.runConfigMethods(TestInvoker.java:700)\r\n\tat org.testng.internal.TestInvoker.invokeMethod(TestInvoker.java:527)\r\n\tat org.testng.internal.TestInvoker.invokeTestMethod(TestInvoker.java:173)\r\n\tat org.testng.internal.MethodRunner.runInSequence(MethodRunner.java:46)\r\n\tat org.testng.internal.TestInvoker$MethodInvocationAgent.invoke(TestInvoker.java:824)\r\n\tat org.testng.internal.TestInvoker.invokeTestMethods(TestInvoker.java:146)\r\n\tat org.testng.internal.TestMethodWorker.invokeTestMethods(TestMethodWorker.java:146)\r\n\tat org.testng.internal.TestMethodWorker.run(TestMethodWorker.java:128)\r\n\tat java.base/java.util.ArrayList.forEach(ArrayList.java:1511)\r\n\tat org.testng.TestRunner.privateRun(TestRunner.java:794)\r\n\tat org.testng.TestRunner.run(TestRunner.java:596)\r\n\tat org.testng.SuiteRunner.runTest(SuiteRunner.java:377)\r\n\tat org.testng.SuiteRunner.runSequentially(SuiteRunner.java:371)\r\n\tat org.testng.SuiteRunner.privateRun(SuiteRunner.java:332)\r\n\tat org.testng.SuiteRunner.run(SuiteRunner.java:276)\r\n\tat org.testng.SuiteRunnerWorker.runSuite(SuiteRunnerWorker.java:53)\r\n\tat org.testng.SuiteRunnerWorker.run(SuiteRunnerWorker.java:96)\r\n\tat org.testng.TestNG.runSuitesSequentially(TestNG.java:1212)\r\n\tat org.testng.TestNG.runSuitesLocally(TestNG.java:1134)\r\n\tat org.testng.TestNG.runSuites(TestNG.java:1063)\r\n\tat org.testng.TestNG.run(TestNG.java:1031)\r\n\tat org.apache.maven.surefire.testng.TestNGExecutor.run(TestNGExecutor.java:136)\r\n\tat org.apache.maven.surefire.testng.TestNGDirectoryTestSuite.executeMulti(TestNGDirectoryTestSuite.java:193)\r\n\tat org.apache.maven.surefire.testng.TestNGDirectoryTestSuite.execute(TestNGDirectoryTestSuite.java:94)\r\n\tat org.apache.maven.surefire.testng.TestNGProvider.invoke(TestNGProvider.java:145)\r\n\tat org.apache.maven.surefire.booter.ForkedBooter.runSuitesInProcess(ForkedBooter.java:428)\r\n\tat org.apache.maven.surefire.booter.ForkedBooter.execute(ForkedBooter.java:162)\r\n\tat org.apache.maven.surefire.booter.ForkedBooter.run(ForkedBooter.java:562)\r\n\tat org.apache.maven.surefire.booter.ForkedBooter.main(ForkedBooter.java:548)\r\nCaused by: org.openqa.selenium.SessionNotCreatedException: Could not start a new session. Response code 500. Message: unknown error: MSEdge failed to start: exited normally.\n  (unknown error: DevToolsActivePort file doesn't exist)\n  (The process started from msedge location C:\\Program Files (x86)\\Microsoft\\Edge\\Application\\msedge.exe is no longer running, so MSEdgeDriver is assuming that MSEdge has crashed.)\nBuild info: version: '4.1.0', revision: '87802e897b'\nSystem info: host: 'fv-az177-219', ip: '10.1.0.186', os.name: 'Windows Server 2019', os.arch: 'amd64', os.version: '10.0', java.version: '17.0.1'\nDriver info: org.openqa.selenium.edge.EdgeDriver\nCommand: [null, newSession {capabilities=[Capabilities {acceptInsecureCerts: true, goog:loggingPrefs: org.openqa.selenium.logging..., pageLoadStrategy: normal, platformName: windows, timeouts: {pageLoad: 30000, script: 30000}, unhandledPromptBehavior: accept and notify}, Capabilities {acceptInsecureCerts: true, browserName: MicrosoftEdge, ms:edgeOptions: {args: [--headless, --window-size=1920,1080, --start-maximized, --enable-automation, --no-sandbox, --disable-infobars, --disable-dev-shm-usage, --disable-browser-side-navi..., --disable-gpu, --remote-debugging-port=9222], extensions: [], prefs: {download.default_directory: D:\\a\\SHAFT_ENGINE\\SHAFT_ENG..., download.prompt_for_download: false, profile.default_content_settings.popups: 0}}, pageLoadStrategy: normal, platformName: windows, timeouts: {pageLoad: 30000, script: 30000}, unhandledPromptBehavior: accept and notify}], desiredCapabilities=Capabilities {acceptInsecureCerts: true, acceptSslCerts: true, browserName: MicrosoftEdge, loggingPrefs: org.openqa.selenium.logging..., ms:edgeOptions: {args: [--headless, --window-size=1920,1080, --start-maximized, --enable-automation, --no-sandbox, --disable-infobars, --disable-dev-shm-usage, --disable-browser-side-navi..., --disable-gpu, --remote-debugging-port=9222], extensions: [], prefs: {download.default_directory: D:\\a\\SHAFT_ENGINE\\SHAFT_ENG..., download.prompt_for_download: false, profile.default_content_settings.popups: 0}}, pageLoadStrategy: normal, platformName: WINDOWS, timeouts: {pageLoad: 30000, script: 30000}, unhandledPromptBehavior: accept and notify}}]\r\n\tat org.openqa.selenium.remote.ProtocolHandshake.createSession(ProtocolHandshake.java:126)\r\n\tat org.openqa.selenium.remote.ProtocolHandshake.createSession(ProtocolHandshake.java:84)\r\n\tat org.openqa.selenium.remote.ProtocolHandshake.createSession(ProtocolHandshake.java:62)\r\n\tat org.openqa.selenium.remote.HttpCommandExecutor.execute(HttpCommandExecutor.java:156)\r\n\tat org.openqa.selenium.remote.service.DriverCommandExecutor.invokeExecute(DriverCommandExecutor.java:164)\r\n\tat org.openqa.selenium.remote.service.DriverCommandExecutor.execute(DriverCommandExecutor.java:139)\r\n\tat org.openqa.selenium.remote.RemoteWebDriver.execute(RemoteWebDriver.java:559)\r\n\tat org.openqa.selenium.remote.RemoteWebDriver.startSession(RemoteWebDriver.java:246)\r\n\tat org.openqa.selenium.remote.RemoteWebDriver.<init>(RemoteWebDriver.java:168)\r\n\tat org.openqa.selenium.chromium.ChromiumDriver.<init>(ChromiumDriver.java:108)\r\n\tat org.openqa.selenium.edge.EdgeDriver.<init>(EdgeDriver.java:49)\r\n\tat org.openqa.selenium.edge.EdgeDriver.<init>(EdgeDriver.java:41)\r\n\tat com.shaft.driver.DriverFactoryHelper.createNewLocalDriverInstanceForEdge(DriverFactoryHelper.java:566)\r\n\tat com.shaft.driver.DriverFactoryHelper.createNewLocalDriverInstance(DriverFactoryHelper.java:595)\r\n\t... 42 more\r\n",
  "flaky" : false,
  "newFailed" : false,
  "newBroken" : false,
  "newPassed" : false,
  "retriesCount" : 0,
  "retriesStatusChange" : false,
  "beforeStages" : [ {
    "name" : "setupActivities",
    "time" : {
      "start" : 1638323781484,
      "stop" : 1638323784948,
      "duration" : 3464
    },
    "description" : "",
    "status" : "passed",
    "steps" : [ {
      "name" : "Folder [allure-results] was not found, it may have already been deleted.",
      "time" : {
        "start" : 1638323781547,
        "stop" : 1638323781550,
        "duration" : 3
      },
      "status" : "passed",
      "steps" : [ ],
      "attachments" : [ ],
      "parameters" : [ {
        "name" : "actionCounter",
        "value" : "1"
      }, {
        "name" : "logText",
        "value" : "Folder [allure-results] was not found, it may have already been deleted."
      } ],
      "shouldDisplayMessage" : false,
      "attachmentsCount" : 0,
      "stepsCount" : 0,
      "hasContent" : true
    }, {
      "name" : "Folder [C:\\Users\\runneradmin\\.m2\\repository\\allure\\] was not found, it may have already been deleted.",
      "time" : {
        "start" : 1638323781551,
        "stop" : 1638323781551,
        "duration" : 0
      },
      "status" : "passed",
      "steps" : [ ],
      "attachments" : [ ],
      "parameters" : [ {
        "name" : "actionCounter",
        "value" : "2"
      }, {
        "name" : "logText",
        "value" : "Folder [C:\\Users\\runneradmin\\.m2\\repository\\allure\\] was not found, it may have already been deleted."
      } ],
      "shouldDisplayMessage" : false,
      "attachmentsCount" : 0,
      "stepsCount" : 0,
      "hasContent" : true
    }, {
      "name" : "Downloading a file from this url [https://repo.maven.apache.org/maven2/io/qameta/allure/allure-commandline/2.16.1/allure-commandline-2.16.1.zip] to this directory [target\\allureBinary.zip], please wait as downloading may take some time...",
      "time" : {
        "start" : 1638323781552,
        "stop" : 1638323781552,
        "duration" : 0
      },
      "status" : "passed",
      "steps" : [ ],
      "attachments" : [ ],
      "parameters" : [ {
        "name" : "actionCounter",
        "value" : "3"
      }, {
        "name" : "logText",
        "value" : "Downloading a file from this url [https://repo.maven.apache.org/maven2/io/qameta/allure/allure-commandline/2.16.1/allure-commandline-2.16.1.zip] to this directory [target\\allureBinary.zip], please wait as downloading may take some time..."
      } ],
      "shouldDisplayMessage" : false,
      "attachmentsCount" : 0,
      "stepsCount" : 0,
      "hasContent" : true
    }, {
      "name" : "Folder [extent-reports] was not found, it may have already been deleted.",
      "time" : {
        "start" : 1638323784188,
        "stop" : 1638323784188,
        "duration" : 0
      },
      "status" : "passed",
      "steps" : [ ],
      "attachments" : [ ],
      "parameters" : [ {
        "name" : "actionCounter",
        "value" : "4"
      }, {
        "name" : "logText",
        "value" : "Folder [extent-reports] was not found, it may have already been deleted."
      } ],
      "shouldDisplayMessage" : false,
      "attachmentsCount" : 0,
      "stepsCount" : 0,
      "hasContent" : true
    } ],
    "attachments" : [ {
      "uid" : "2353322dc6d60679",
      "name" : "Attachment: SHAFT Links - Important",
      "source" : "2353322dc6d60679.uri",
      "type" : "text/uri-list",
      "size" : 335
    }, {
      "uid" : "4bc8003908d14ff3",
      "name" : "Attachment: Properties - browserStack",
      "source" : "4bc8003908d14ff3.properties",
      "type" : "text/plain",
      "size" : 899
    }, {
      "uid" : "9b2821a65343f835",
      "name" : "Attachment: Properties - cucumber",
      "source" : "9b2821a65343f835.properties",
      "type" : "text/plain",
      "size" : 230
    }, {
      "uid" : "d83cd06fa2982b53",
      "name" : "Attachment: Properties - ExecutionPlatform",
      "source" : "d83cd06fa2982b53.properties",
      "type" : "text/plain",
      "size" : 403
    }, {
      "uid" : "ffb720a58e8628b8",
      "name" : "Attachment: Properties - internal",
      "source" : "ffb720a58e8628b8.properties",
      "type" : "text/plain",
      "size" : 118
    }, {
      "uid" : "955c669e89461c60",
      "name" : "Attachment: Properties - MobileCapabilities",
      "source" : "955c669e89461c60.properties",
      "type" : "text/plain",
      "size" : 484
    }, {
      "uid" : "f959d0044d612dc2",
      "name" : "Attachment: Properties - path",
      "source" : "f959d0044d612dc2.properties",
      "type" : "text/plain",
      "size" : 704
    }, {
      "uid" : "aa77b4a63c0362da",
      "name" : "Attachment: Properties - pattern",
      "source" : "aa77b4a63c0362da.properties",
      "type" : "text/plain",
      "size" : 574
    }, {
      "uid" : "cdf7f87293cc4e6d",
      "name" : "Attachment: Properties - PlatformFlags",
      "source" : "cdf7f87293cc4e6d.properties",
      "type" : "text/plain",
      "size" : 783
    }, {
      "uid" : "b542ec9a1cc413a5",
      "name" : "Attachment: Properties - Reporting",
      "source" : "b542ec9a1cc413a5.properties",
      "type" : "text/plain",
      "size" : 629
    }, {
      "uid" : "55a54356215bafbf",
      "name" : "Attachment: Properties - testNG",
      "source" : "55a54356215bafbf.properties",
      "type" : "text/plain",
      "size" : 505
    }, {
      "uid" : "db7b0f94f6970c88",
      "name" : "Attachment: Properties - Timeouts",
      "source" : "db7b0f94f6970c88.properties",
      "type" : "text/plain",
      "size" : 744
    }, {
      "uid" : "d9aff2b54e32991a",
      "name" : "Attachment: Properties - video",
      "source" : "d9aff2b54e32991a.properties",
      "type" : "text/plain",
      "size" : 785
    }, {
      "uid" : "c990cd0fc1d1296f",
      "name" : "Attachment: Properties - VisualValidations",
      "source" : "c990cd0fc1d1296f.properties",
      "type" : "text/plain",
      "size" : 740
    } ],
    "parameters" : [ ],
    "shouldDisplayMessage" : false,
    "attachmentsCount" : 14,
    "stepsCount" : 4,
    "hasContent" : true
  } ],
  "testStage" : {
    "status" : "skipped",
    "statusMessage" : "Driver Factory Action [createNewLocalDriverInstance] failed. With the following test data [Failed to create new Browser Session].",
    "statusTrace" : "java.lang.AssertionError: Driver Factory Action [createNewLocalDriverInstance] failed. With the following test data [Failed to create new Browser Session].\r\n\tat org.testng.Assert.fail(Assert.java:87)\r\n\tat com.shaft.driver.DriverFactoryHelper.failAction(DriverFactoryHelper.java:304)\r\n\tat com.shaft.driver.DriverFactoryHelper.createNewLocalDriverInstance(DriverFactoryHelper.java:600)\r\n\tat com.shaft.driver.DriverFactoryHelper.getDriver(DriverFactoryHelper.java:815)\r\n\tat com.shaft.driver.DriverFactoryHelper.getDriver(DriverFactoryHelper.java:140)\r\n\tat com.shaft.driver.DriverFactory.getDriver(DriverFactory.java:27)\r\n\tat com.shaft.gui.browser.BrowserFactory.getBrowser(BrowserFactory.java:21)\r\n\tat testPackage01.Test_NewValidationHelper.openBrowser(Test_NewValidationHelper.java:326)\r\n\tat java.base/jdk.internal.reflect.NativeMethodAccessorImpl.invoke0(Native Method)\r\n\tat java.base/jdk.internal.reflect.NativeMethodAccessorImpl.invoke(NativeMethodAccessorImpl.java:77)\r\n\tat java.base/jdk.internal.reflect.DelegatingMethodAccessorImpl.invoke(DelegatingMethodAccessorImpl.java:43)\r\n\tat java.base/java.lang.reflect.Method.invoke(Method.java:568)\r\n\tat org.testng.internal.MethodInvocationHelper.invokeMethod(MethodInvocationHelper.java:133)\r\n\tat org.testng.internal.MethodInvocationHelper.invokeMethodConsideringTimeout(MethodInvocationHelper.java:62)\r\n\tat org.testng.internal.ConfigInvoker.invokeConfigurationMethod(ConfigInvoker.java:385)\r\n\tat org.testng.internal.ConfigInvoker.invokeConfigurations(ConfigInvoker.java:321)\r\n\tat org.testng.internal.TestInvoker.runConfigMethods(TestInvoker.java:700)\r\n\tat org.testng.internal.TestInvoker.invokeMethod(TestInvoker.java:527)\r\n\tat org.testng.internal.TestInvoker.invokeTestMethod(TestInvoker.java:173)\r\n\tat org.testng.internal.MethodRunner.runInSequence(MethodRunner.java:46)\r\n\tat org.testng.internal.TestInvoker$MethodInvocationAgent.invoke(TestInvoker.java:824)\r\n\tat org.testng.internal.TestInvoker.invokeTestMethods(TestInvoker.java:146)\r\n\tat org.testng.internal.TestMethodWorker.invokeTestMethods(TestMethodWorker.java:146)\r\n\tat org.testng.internal.TestMethodWorker.run(TestMethodWorker.java:128)\r\n\tat java.base/java.util.ArrayList.forEach(ArrayList.java:1511)\r\n\tat org.testng.TestRunner.privateRun(TestRunner.java:794)\r\n\tat org.testng.TestRunner.run(TestRunner.java:596)\r\n\tat org.testng.SuiteRunner.runTest(SuiteRunner.java:377)\r\n\tat org.testng.SuiteRunner.runSequentially(SuiteRunner.java:371)\r\n\tat org.testng.SuiteRunner.privateRun(SuiteRunner.java:332)\r\n\tat org.testng.SuiteRunner.run(SuiteRunner.java:276)\r\n\tat org.testng.SuiteRunnerWorker.runSuite(SuiteRunnerWorker.java:53)\r\n\tat org.testng.SuiteRunnerWorker.run(SuiteRunnerWorker.java:96)\r\n\tat org.testng.TestNG.runSuitesSequentially(TestNG.java:1212)\r\n\tat org.testng.TestNG.runSuitesLocally(TestNG.java:1134)\r\n\tat org.testng.TestNG.runSuites(TestNG.java:1063)\r\n\tat org.testng.TestNG.run(TestNG.java:1031)\r\n\tat org.apache.maven.surefire.testng.TestNGExecutor.run(TestNGExecutor.java:136)\r\n\tat org.apache.maven.surefire.testng.TestNGDirectoryTestSuite.executeMulti(TestNGDirectoryTestSuite.java:193)\r\n\tat org.apache.maven.surefire.testng.TestNGDirectoryTestSuite.execute(TestNGDirectoryTestSuite.java:94)\r\n\tat org.apache.maven.surefire.testng.TestNGProvider.invoke(TestNGProvider.java:145)\r\n\tat org.apache.maven.surefire.booter.ForkedBooter.runSuitesInProcess(ForkedBooter.java:428)\r\n\tat org.apache.maven.surefire.booter.ForkedBooter.execute(ForkedBooter.java:162)\r\n\tat org.apache.maven.surefire.booter.ForkedBooter.run(ForkedBooter.java:562)\r\n\tat org.apache.maven.surefire.booter.ForkedBooter.main(ForkedBooter.java:548)\r\nCaused by: org.openqa.selenium.SessionNotCreatedException: Could not start a new session. Response code 500. Message: unknown error: MSEdge failed to start: exited normally.\n  (unknown error: DevToolsActivePort file doesn't exist)\n  (The process started from msedge location C:\\Program Files (x86)\\Microsoft\\Edge\\Application\\msedge.exe is no longer running, so MSEdgeDriver is assuming that MSEdge has crashed.)\nBuild info: version: '4.1.0', revision: '87802e897b'\nSystem info: host: 'fv-az177-219', ip: '10.1.0.186', os.name: 'Windows Server 2019', os.arch: 'amd64', os.version: '10.0', java.version: '17.0.1'\nDriver info: org.openqa.selenium.edge.EdgeDriver\nCommand: [null, newSession {capabilities=[Capabilities {acceptInsecureCerts: true, goog:loggingPrefs: org.openqa.selenium.logging..., pageLoadStrategy: normal, platformName: windows, timeouts: {pageLoad: 30000, script: 30000}, unhandledPromptBehavior: accept and notify}, Capabilities {acceptInsecureCerts: true, browserName: MicrosoftEdge, ms:edgeOptions: {args: [--headless, --window-size=1920,1080, --start-maximized, --enable-automation, --no-sandbox, --disable-infobars, --disable-dev-shm-usage, --disable-browser-side-navi..., --disable-gpu, --remote-debugging-port=9222], extensions: [], prefs: {download.default_directory: D:\\a\\SHAFT_ENGINE\\SHAFT_ENG..., download.prompt_for_download: false, profile.default_content_settings.popups: 0}}, pageLoadStrategy: normal, platformName: windows, timeouts: {pageLoad: 30000, script: 30000}, unhandledPromptBehavior: accept and notify}], desiredCapabilities=Capabilities {acceptInsecureCerts: true, acceptSslCerts: true, browserName: MicrosoftEdge, loggingPrefs: org.openqa.selenium.logging..., ms:edgeOptions: {args: [--headless, --window-size=1920,1080, --start-maximized, --enable-automation, --no-sandbox, --disable-infobars, --disable-dev-shm-usage, --disable-browser-side-navi..., --disable-gpu, --remote-debugging-port=9222], extensions: [], prefs: {download.default_directory: D:\\a\\SHAFT_ENGINE\\SHAFT_ENG..., download.prompt_for_download: false, profile.default_content_settings.popups: 0}}, pageLoadStrategy: normal, platformName: WINDOWS, timeouts: {pageLoad: 30000, script: 30000}, unhandledPromptBehavior: accept and notify}}]\r\n\tat org.openqa.selenium.remote.ProtocolHandshake.createSession(ProtocolHandshake.java:126)\r\n\tat org.openqa.selenium.remote.ProtocolHandshake.createSession(ProtocolHandshake.java:84)\r\n\tat org.openqa.selenium.remote.ProtocolHandshake.createSession(ProtocolHandshake.java:62)\r\n\tat org.openqa.selenium.remote.HttpCommandExecutor.execute(HttpCommandExecutor.java:156)\r\n\tat org.openqa.selenium.remote.service.DriverCommandExecutor.invokeExecute(DriverCommandExecutor.java:164)\r\n\tat org.openqa.selenium.remote.service.DriverCommandExecutor.execute(DriverCommandExecutor.java:139)\r\n\tat org.openqa.selenium.remote.RemoteWebDriver.execute(RemoteWebDriver.java:559)\r\n\tat org.openqa.selenium.remote.RemoteWebDriver.startSession(RemoteWebDriver.java:246)\r\n\tat org.openqa.selenium.remote.RemoteWebDriver.<init>(RemoteWebDriver.java:168)\r\n\tat org.openqa.selenium.chromium.ChromiumDriver.<init>(ChromiumDriver.java:108)\r\n\tat org.openqa.selenium.edge.EdgeDriver.<init>(EdgeDriver.java:49)\r\n\tat org.openqa.selenium.edge.EdgeDriver.<init>(EdgeDriver.java:41)\r\n\tat com.shaft.driver.DriverFactoryHelper.createNewLocalDriverInstanceForEdge(DriverFactoryHelper.java:566)\r\n\tat com.shaft.driver.DriverFactoryHelper.createNewLocalDriverInstance(DriverFactoryHelper.java:595)\r\n\t... 42 more\r\n",
    "steps" : [ ],
    "attachments" : [ {
      "uid" : "ebfa7711ab118d69",
      "name" : "Attachment: SHAFT Engine Logs - Current Method log: f31",
      "source" : "ebfa7711ab118d69.txt",
      "type" : "text/plain",
      "size" : 420
    } ],
    "parameters" : [ ],
    "shouldDisplayMessage" : true,
    "attachmentsCount" : 1,
    "stepsCount" : 0,
    "hasContent" : true
  },
  "afterStages" : [ {
    "name" : "teardownActivities",
    "time" : {
      "start" : 1638324218792,
      "stop" : 1638324219456,
      "duration" : 664
    },
    "description" : "",
    "status" : "passed",
    "steps" : [ {
      "name" : "Successfully Closed All Drivers.",
      "time" : {
        "start" : 1638324218792,
        "stop" : 1638324218792,
        "duration" : 0
      },
      "status" : "passed",
      "steps" : [ ],
      "attachments" : [ ],
      "parameters" : [ {
        "name" : "actionCounter",
        "value" : "654"
      }, {
        "name" : "logText",
        "value" : "Successfully Closed All Drivers."
      } ],
      "shouldDisplayMessage" : false,
      "attachmentsCount" : 0,
      "stepsCount" : 0,
      "hasContent" : true
    }, {
      "name" : "Issue Summary: Total Issues = 2, New issues for Failed Tests = 0, Open issues for Passed Tests = 2, Open issues for Failed Tests = 0. Kindly check the attached Issue details.",
      "time" : {
        "start" : 1638324218799,
        "stop" : 1638324218800,
        "duration" : 1
      },
      "status" : "passed",
      "steps" : [ ],
      "attachments" : [ {
        "uid" : "e48d1e6176a6cb61",
        "name" : "Attachment: SHAFT Engine Logs - Issues log CSV: 20211201-020338",
        "source" : "e48d1e6176a6cb61.csv",
        "type" : "text/csv",
        "size" : 229
      } ],
      "parameters" : [ {
        "name" : "actionCounter",
        "value" : "655"
      }, {
        "name" : "logText",
        "value" : "Issue Summary: Total Issues = 2, New issues for Failed Tests = 0, Open issues for Passed Tests = 2, Open issues for Failed Tests = 0. Kindly check the attached Issue details."
      }, {
        "name" : "attachments",
        "value" : "[[SHAFT Engine Logs, Issues log CSV: 20211201-020338, java.io.ByteArrayInputStream@262adb7b]]"
      } ],
      "shouldDisplayMessage" : false,
      "attachmentsCount" : 1,
      "stepsCount" : 0,
      "hasContent" : true
    } ],
    "attachments" : [ {
      "uid" : "453c064dbc3fa0e2",
      "name" : "Attachment: SHAFT Engine Logs - Execution log: 20211201-020338",
      "source" : "453c064dbc3fa0e2.txt",
      "type" : "text/plain",
      "size" : 372326
    }, {
      "uid" : "c1b1aebc6b132e21",
      "name" : "Attachment: HTML - Extent Emailable Execution Report",
      "source" : "c1b1aebc6b132e21.html",
      "type" : "text/html",
      "size" : 13960500
    } ],
    "parameters" : [ ],
    "shouldDisplayMessage" : false,
    "attachmentsCount" : 3,
    "stepsCount" : 2,
    "hasContent" : true
  } ],
  "labels" : [ {
    "name" : "package",
    "value" : "testPackage01.Test_NewValidationHelper"
  }, {
    "name" : "testClass",
    "value" : "testPackage01.Test_NewValidationHelper"
  }, {
    "name" : "testMethod",
    "value" : "f31"
  }, {
    "name" : "parentSuite",
    "value" : "SHAFT: Custom Suite"
  }, {
    "name" : "suite",
    "value" : "SHAFT: Custom Test"
  }, {
    "name" : "subSuite",
    "value" : "testPackage01.Test_NewValidationHelper"
  }, {
    "name" : "host",
    "value" : "fv-az177-219"
  }, {
    "name" : "thread",
    "value" : "5376@fv-az177-219.main(1)"
  }, {
    "name" : "framework",
    "value" : "testng"
  }, {
    "name" : "language",
    "value" : "java"
  }, {
    "name" : "resultFormat",
    "value" : "allure2"
  } ],
  "parameters" : [ ],
  "links" : [ ],
  "hidden" : false,
  "retry" : false,
  "extra" : {
    "severity" : "normal",
    "retries" : [ ],
    "categories" : [ ],
    "history" : {
      "statistic" : {
        "failed" : 0,
        "broken" : 0,
        "skipped" : 1,
        "passed" : 7,
        "unknown" : 0,
        "total" : 8
      },
      "items" : [ {
        "uid" : "57833674382a01c2",
        "reportUrl" : "https://MohabMohie.github.io/SHAFT_ENGINE/allure/Windows/Web/948//#testresult/57833674382a01c2",
        "status" : "passed",
        "time" : {
          "start" : 1638236848632,
          "stop" : 1638236848634,
          "duration" : 2
        }
      }, {
        "uid" : "8db7ddb6723d4432",
        "reportUrl" : "https://MohabMohie.github.io/SHAFT_ENGINE/allure/Windows/Web/946//#testresult/8db7ddb6723d4432",
        "status" : "passed",
        "time" : {
          "start" : 1638150852200,
          "stop" : 1638150852201,
          "duration" : 1
        }
      }, {
        "uid" : "a3ee87edd2eaeee8",
        "reportUrl" : "https://MohabMohie.github.io/SHAFT_ENGINE/allure/Windows/Web/945//#testresult/a3ee87edd2eaeee8",
        "status" : "passed",
        "time" : {
          "start" : 1638064221385,
          "stop" : 1638064221387,
          "duration" : 2
        }
      }, {
        "uid" : "b929e9a2ae7003bc",
        "reportUrl" : "https://MohabMohie.github.io/SHAFT_ENGINE/allure/Windows/Web/944//#testresult/b929e9a2ae7003bc",
        "status" : "passed",
        "time" : {
          "start" : 1637977854187,
          "stop" : 1637977854188,
          "duration" : 1
        }
      }, {
        "uid" : "4f42c281ffb74a48",
        "reportUrl" : "https://MohabMohie.github.io/SHAFT_ENGINE/allure/Windows/Web/942//#testresult/4f42c281ffb74a48",
        "status" : "passed",
        "time" : {
          "start" : 1637891505979,
          "stop" : 1637891505980,
          "duration" : 1
        }
      }, {
        "uid" : "ba18af05a0d6958d",
        "reportUrl" : "https://MohabMohie.github.io/SHAFT_ENGINE/allure/Windows/Web/941//#testresult/ba18af05a0d6958d",
        "status" : "passed",
        "time" : {
          "start" : 1637805218459,
          "stop" : 1637805218460,
          "duration" : 1
        }
      }, {
        "uid" : "19b5c2a19bb72b6c",
        "reportUrl" : "https://MohabMohie.github.io/SHAFT_ENGINE/allure/Windows/Web/940//#testresult/19b5c2a19bb72b6c",
        "status" : "passed",
        "time" : {
          "start" : 1637739619948,
          "stop" : 1637739619949,
          "duration" : 1
        }
      } ]
    },
    "tags" : [ ]
  },
  "source" : "9660936152667045.json",
  "parameterValues" : [ ]
}