{
  "uid" : "e952d5259c0db478",
  "name" : "f30",
  "fullName" : "testPackage01.Test_NewValidationHelper.f30",
  "historyId" : "7b0f8854a7aed9a150b2fc57963781fa",
  "time" : {
    "start" : 1638410072535,
    "stop" : 1638410072617,
    "duration" : 82
  },
  "status" : "passed",
  "flaky" : false,
  "newFailed" : false,
  "beforeStages" : [ {
    "name" : "setupActivities",
    "time" : {
      "start" : 1638409895519,
      "stop" : 1638409898001,
      "duration" : 2482
    },
    "description" : "",
    "status" : "passed",
    "steps" : [ {
      "name" : "Folder [allure-results] was not found, it may have already been deleted.",
      "time" : {
        "start" : 1638409895601,
        "stop" : 1638409895604,
        "duration" : 3
      },
      "status" : "passed",
      "steps" : [ ],
      "attachments" : [ ],
      "parameters" : [ {
        "name" : "actionCounter",
        "value" : "1"
      }, {
        "name" : "logText",
        "value" : "Folder [allure-results] was not found, it may have already been deleted."
      } ],
      "stepsCount" : 0,
      "attachmentsCount" : 0,
      "shouldDisplayMessage" : false,
      "hasContent" : true
    }, {
      "name" : "Folder [/Users/runner/.m2/repository/allure/] was not found, it may have already been deleted.",
      "time" : {
        "start" : 1638409895606,
        "stop" : 1638409895606,
        "duration" : 0
      },
      "status" : "passed",
      "steps" : [ ],
      "attachments" : [ ],
      "parameters" : [ {
        "name" : "actionCounter",
        "value" : "2"
      }, {
        "name" : "logText",
        "value" : "Folder [/Users/runner/.m2/repository/allure/] was not found, it may have already been deleted."
      } ],
      "stepsCount" : 0,
      "attachmentsCount" : 0,
      "shouldDisplayMessage" : false,
      "hasContent" : true
    }, {
      "name" : "Downloading a file from this url [https://repo.maven.apache.org/maven2/io/qameta/allure/allure-commandline/2.16.1/allure-commandline-2.16.1.zip] to this directory [target/allureBinary.zip], please wait as downloading may take some time...",
      "time" : {
        "start" : 1638409895607,
        "stop" : 1638409895607,
        "duration" : 0
      },
      "status" : "passed",
      "steps" : [ ],
      "attachments" : [ ],
      "parameters" : [ {
        "name" : "actionCounter",
        "value" : "3"
      }, {
        "name" : "logText",
        "value" : "Downloading a file from this url [https://repo.maven.apache.org/maven2/io/qameta/allure/allure-commandline/2.16.1/allure-commandline-2.16.1.zip] to this directory [target/allureBinary.zip], please wait as downloading may take some time..."
      } ],
      "stepsCount" : 0,
      "attachmentsCount" : 0,
      "shouldDisplayMessage" : false,
      "hasContent" : true
    }, {
      "name" : "Terminal Action [PerformTerminalCommands] successfully performed. With the following test data [Host Name: \"localHost\" | Command: \"chmod u+x /Users/runner/.m2/repository/allure/allure-2.16.1/bin/allure\" | Exit Status: \"0\"].",
      "time" : {
        "start" : 1638409897202,
        "stop" : 1638409897202,
        "duration" : 0
      },
      "status" : "passed",
      "steps" : [ ],
      "attachments" : [ ],
      "parameters" : [ {
        "name" : "actionCounter",
        "value" : "4"
      }, {
        "name" : "logText",
        "value" : "Terminal Action [PerformTerminalCommands] successfully performed. With the following test data [Host Name: \"localHost\" | Command: \"chmod u+x /Users/runner/.m2/repository/allure/allure-2.16.1/bin/allure\" | Exit Status: \"0\"]."
      } ],
      "stepsCount" : 0,
      "attachmentsCount" : 0,
      "shouldDisplayMessage" : false,
      "hasContent" : true
    }, {
      "name" : "Terminal Action [PerformTerminalCommands] successfully performed. With the following test data [Host Name: \"localHost\" | Command: \"chmod u+x generate_allure_report.sh\" | Exit Status: \"0\"].",
      "time" : {
        "start" : 1638409897210,
        "stop" : 1638409897210,
        "duration" : 0
      },
      "status" : "passed",
      "steps" : [ ],
      "attachments" : [ ],
      "parameters" : [ {
        "name" : "actionCounter",
        "value" : "5"
      }, {
        "name" : "logText",
        "value" : "Terminal Action [PerformTerminalCommands] successfully performed. With the following test data [Host Name: \"localHost\" | Command: \"chmod u+x generate_allure_report.sh\" | Exit Status: \"0\"]."
      } ],
      "stepsCount" : 0,
      "attachmentsCount" : 0,
      "shouldDisplayMessage" : false,
      "hasContent" : true
    }, {
      "name" : "Folder [extent-reports] was not found, it may have already been deleted.",
      "time" : {
        "start" : 1638409897304,
        "stop" : 1638409897304,
        "duration" : 0
      },
      "status" : "passed",
      "steps" : [ ],
      "attachments" : [ ],
      "parameters" : [ {
        "name" : "actionCounter",
        "value" : "6"
      }, {
        "name" : "logText",
        "value" : "Folder [extent-reports] was not found, it may have already been deleted."
      } ],
      "stepsCount" : 0,
      "attachmentsCount" : 0,
      "shouldDisplayMessage" : false,
      "hasContent" : true
    } ],
    "attachments" : [ {
      "uid" : "402d05ec317fa037",
      "name" : "Attachment: SHAFT Links - Important",
      "source" : "402d05ec317fa037.uri",
      "type" : "text/uri-list",
      "size" : 346
    }, {
      "uid" : "1e49b431a66f5185",
      "name" : "Attachment: Properties - testNG",
      "source" : "1e49b431a66f5185.properties",
      "type" : "text/plain",
      "size" : 492
    }, {
      "uid" : "c1ba51b84a8d0b16",
      "name" : "Attachment: Properties - ExecutionPlatform",
      "source" : "c1ba51b84a8d0b16.properties",
      "type" : "text/plain",
      "size" : 394
    }, {
      "uid" : "c492476896414443",
      "name" : "Attachment: Properties - path",
      "source" : "c492476896414443.properties",
      "type" : "text/plain",
      "size" : 687
    }, {
      "uid" : "c393e70aefbfd64c",
      "name" : "Attachment: Properties - video",
      "source" : "c393e70aefbfd64c.properties",
      "type" : "text/plain",
      "size" : 763
    }, {
      "uid" : "78884633379019b1",
      "name" : "Attachment: Properties - pattern",
      "source" : "78884633379019b1.properties",
      "type" : "text/plain",
      "size" : 564
    }, {
      "uid" : "edd3f57af2c1ff2f",
      "name" : "Attachment: Properties - internal",
      "source" : "edd3f57af2c1ff2f.properties",
      "type" : "text/plain",
      "size" : 116
    }, {
      "uid" : "629dc158d8ba0057",
      "name" : "Attachment: Properties - MobileCapabilities",
      "source" : "629dc158d8ba0057.properties",
      "type" : "text/plain",
      "size" : 470
    }, {
      "uid" : "a620ef126ca1a7d7",
      "name" : "Attachment: Properties - cucumber",
      "source" : "a620ef126ca1a7d7.properties",
      "type" : "text/plain",
      "size" : 226
    }, {
      "uid" : "f3542b9f3e0b220c",
      "name" : "Attachment: Properties - PlatformFlags",
      "source" : "f3542b9f3e0b220c.properties",
      "type" : "text/plain",
      "size" : 765
    }, {
      "uid" : "280074db47e3b0dc",
      "name" : "Attachment: Properties - Timeouts",
      "source" : "280074db47e3b0dc.properties",
      "type" : "text/plain",
      "size" : 722
    }, {
      "uid" : "8abddf117def65df",
      "name" : "Attachment: Properties - Reporting",
      "source" : "8abddf117def65df.properties",
      "type" : "text/plain",
      "size" : 614
    }, {
      "uid" : "fc60cc225548e339",
      "name" : "Attachment: Properties - browserStack",
      "source" : "fc60cc225548e339.properties",
      "type" : "text/plain",
      "size" : 877
    }, {
      "uid" : "311a2ccbbb6413b9",
      "name" : "Attachment: Properties - VisualValidations",
      "source" : "311a2ccbbb6413b9.properties",
      "type" : "text/plain",
      "size" : 723
    } ],
    "parameters" : [ ],
    "stepsCount" : 6,
    "attachmentsCount" : 14,
    "shouldDisplayMessage" : false,
    "hasContent" : true
  } ],
  "testStage" : {
    "status" : "passed",
    "steps" : [ {
      "name" : "Assertion [ValidateComparativeRelation] FAILED. Expected [-9] and Actual [11]. Comparison Type [LESS_THAN_OR_EQUALS]. Validation Type [POSITIVE].",
      "time" : {
        "start" : 1638410072535,
        "stop" : 1638410072535,
        "duration" : 0
      },
      "status" : "passed",
      "steps" : [ ],
      "attachments" : [ ],
      "parameters" : [ {
        "name" : "actionCounter",
        "value" : "234"
      }, {
        "name" : "logText",
        "value" : "Assertion [ValidateComparativeRelation] FAILED. Expected [-9] and Actual [11]. Comparison Type [LESS_THAN_OR_EQUALS]. Validation Type [POSITIVE]."
      }, {
        "name" : "attachments",
        "value" : "null"
      } ],
      "stepsCount" : 0,
      "attachmentsCount" : 0,
      "shouldDisplayMessage" : false,
      "hasContent" : true
    } ],
    "attachments" : [ {
      "uid" : "33100e1706ad97e3",
      "name" : "Attachment: SHAFT Engine Logs - Current Method log: f30",
      "source" : "33100e1706ad97e3.txt",
      "type" : "text/plain",
      "size" : 607
    } ],
    "parameters" : [ ],
    "stepsCount" : 1,
    "attachmentsCount" : 1,
    "shouldDisplayMessage" : false,
    "hasContent" : true
  },
  "afterStages" : [ {
    "name" : "teardownActivities",
    "time" : {
      "start" : 1638410204620,
      "stop" : 1638410205202,
      "duration" : 582
    },
    "description" : "",
    "status" : "passed",
    "steps" : [ {
      "name" : "Successfully Closed All Drivers.",
      "time" : {
        "start" : 1638410204621,
        "stop" : 1638410204621,
        "duration" : 0
      },
      "status" : "passed",
      "steps" : [ ],
      "attachments" : [ ],
      "parameters" : [ {
        "name" : "actionCounter",
        "value" : "353"
      }, {
        "name" : "logText",
        "value" : "Successfully Closed All Drivers."
      } ],
      "stepsCount" : 0,
      "attachmentsCount" : 0,
      "shouldDisplayMessage" : false,
      "hasContent" : true
    }, {
      "name" : "Issue Summary: Total Issues = 3, New issues for Failed Tests = 1, Open issues for Passed Tests = 2, Open issues for Failed Tests = 0. Kindly check the attached Issue details.",
      "time" : {
        "start" : 1638410204635,
        "stop" : 1638410204635,
        "duration" : 0
      },
      "status" : "passed",
      "steps" : [ ],
      "attachments" : [ {
        "uid" : "43436454c52f79fa",
        "name" : "Attachment: SHAFT Engine Logs - Issues log CSV: 20211202-015644",
        "source" : "43436454c52f79fa.csv",
        "type" : "text/csv",
        "size" : 361
      } ],
      "parameters" : [ {
        "name" : "actionCounter",
        "value" : "354"
      }, {
        "name" : "logText",
        "value" : "Issue Summary: Total Issues = 3, New issues for Failed Tests = 1, Open issues for Passed Tests = 2, Open issues for Failed Tests = 0. Kindly check the attached Issue details."
      }, {
        "name" : "attachments",
        "value" : "[[SHAFT Engine Logs, Issues log CSV: 20211202-015644, java.io.ByteArrayInputStream@77a65ccd]]"
      } ],
      "stepsCount" : 0,
      "attachmentsCount" : 1,
      "shouldDisplayMessage" : false,
      "hasContent" : true
    } ],
    "attachments" : [ {
      "uid" : "14893160c4eac386",
      "name" : "Attachment: SHAFT Engine Logs - Execution log: 20211202-015644",
      "source" : "14893160c4eac386.txt",
      "type" : "text/plain",
      "size" : 221183
    }, {
      "uid" : "a5354cccdd6c575c",
      "name" : "Attachment: HTML - Extent Emailable Execution Report",
      "source" : "a5354cccdd6c575c.html",
      "type" : "text/html",
      "size" : 6228785
    } ],
    "parameters" : [ ],
    "stepsCount" : 2,
    "attachmentsCount" : 3,
    "shouldDisplayMessage" : false,
    "hasContent" : true
  } ],
  "labels" : [ {
    "name" : "package",
    "value" : "testPackage01.Test_NewValidationHelper"
  }, {
    "name" : "testClass",
    "value" : "testPackage01.Test_NewValidationHelper"
  }, {
    "name" : "testMethod",
    "value" : "f30"
  }, {
    "name" : "parentSuite",
    "value" : "SHAFT: Custom Suite"
  }, {
    "name" : "suite",
    "value" : "SHAFT: Custom Test"
  }, {
    "name" : "subSuite",
    "value" : "testPackage01.Test_NewValidationHelper"
  }, {
    "name" : "host",
    "value" : "Mac-1638409675603.local"
  }, {
    "name" : "thread",
    "value" : "2341@Mac-1638409675603.local.main(1)"
  }, {
    "name" : "framework",
    "value" : "testng"
  }, {
    "name" : "language",
    "value" : "java"
  }, {
    "name" : "resultFormat",
    "value" : "allure2"
  } ],
  "parameters" : [ ],
  "links" : [ ],
  "hidden" : false,
  "retry" : false,
  "extra" : {
    "severity" : "normal",
    "retries" : [ ],
    "categories" : [ ],
    "history" : {
      "statistic" : {
        "failed" : 0,
        "broken" : 0,
        "skipped" : 8,
        "passed" : 1,
        "unknown" : 0,
        "total" : 9
      },
      "items" : [ {
        "uid" : "b5e0cd23f5fb1377",
        "reportUrl" : "https://MohabMohie.github.io/SHAFT_ENGINE/allure/macOS/Web/953//#testresult/b5e0cd23f5fb1377",
        "status" : "skipped",
        "statusDetails" : "Driver Factory Action [createNewLocalDriverInstanceForSafari] failed. With the following test data [Failed to create a session on DESKTOP_SAFARI].",
        "time" : {
          "start" : 1638354698034,
          "stop" : 1638354698037,
          "duration" : 3
        }
      }, {
        "uid" : "95fa912e101cd215",
        "reportUrl" : "https://MohabMohie.github.io/SHAFT_ENGINE/allure/macOS/Web/951//#testresult/95fa912e101cd215",
        "status" : "skipped",
        "statusDetails" : "Driver Factory Action [createNewLocalDriverInstanceForSafari] failed. With the following test data [Failed to create a session on DESKTOP_SAFARI].",
        "time" : {
          "start" : 1638346228407,
          "stop" : 1638346228489,
          "duration" : 82
        }
      }, {
        "uid" : "6b158b11ab20c20d",
        "reportUrl" : "https://MohabMohie.github.io/SHAFT_ENGINE/allure/macOS/Web/950//#testresult/6b158b11ab20c20d",
        "status" : "skipped",
        "statusDetails" : "Driver Factory Action [createNewLocalDriverInstanceForSafari] failed. With the following test data [Failed to create a session on DESKTOP_SAFARI].",
        "time" : {
          "start" : 1638324059694,
          "stop" : 1638324059696,
          "duration" : 2
        }
      }, {
        "uid" : "5885ff4553518aef",
        "reportUrl" : "https://MohabMohie.github.io/SHAFT_ENGINE/allure/macOS/Web/946//#testresult/5885ff4553518aef",
        "status" : "skipped",
        "statusDetails" : "Driver Factory Action [createNewLocalDriverInstanceForSafari] failed. With the following test data [Failed to create a session on DESKTOP_SAFARI].",
        "time" : {
          "start" : 1638150701209,
          "stop" : 1638150701210,
          "duration" : 1
        }
      }, {
        "uid" : "da9e2500bc6e51b6",
        "reportUrl" : "https://MohabMohie.github.io/SHAFT_ENGINE/allure/macOS/Web/945//#testresult/da9e2500bc6e51b6",
        "status" : "skipped",
        "statusDetails" : "Driver Factory Action [createNewLocalDriverInstanceForSafari] failed. With the following test data [Failed to create a session on DESKTOP_SAFARI].",
        "time" : {
          "start" : 1638064168637,
          "stop" : 1638064168639,
          "duration" : 2
        }
      }, {
        "uid" : "9f35280be5d5be30",
        "reportUrl" : "https://MohabMohie.github.io/SHAFT_ENGINE/allure/macOS/Web/944//#testresult/9f35280be5d5be30",
        "status" : "skipped",
        "statusDetails" : "Driver Factory Action [createNewLocalDriverInstanceForSafari] failed. With the following test data [Failed to create a session on DESKTOP_SAFARI].",
        "time" : {
          "start" : 1637977730626,
          "stop" : 1637977730627,
          "duration" : 1
        }
      }, {
        "uid" : "b42ceeebd883e57b",
        "reportUrl" : "https://MohabMohie.github.io/SHAFT_ENGINE/allure/macOS/Web/942//#testresult/b42ceeebd883e57b",
        "status" : "skipped",
        "statusDetails" : "Driver Factory Action [createNewLocalDriverInstanceForSafari] failed. With the following test data [Failed to create a session on DESKTOP_SAFARI].",
        "time" : {
          "start" : 1637891428628,
          "stop" : 1637891428629,
          "duration" : 1
        }
      }, {
        "uid" : "21aa9ca6d5d74eff",
        "reportUrl" : "https://MohabMohie.github.io/SHAFT_ENGINE/allure/macOS/Web/940//#testresult/21aa9ca6d5d74eff",
        "status" : "skipped",
        "statusDetails" : "Driver Factory Action [createNewLocalDriverInstanceForSafari] failed. With the following test data [Failed to create a session on DESKTOP_SAFARI].",
        "time" : {
          "start" : 1637739643673,
          "stop" : 1637739643676,
          "duration" : 3
        }
      } ]
    },
    "tags" : [ ]
  },
  "source" : "e952d5259c0db478.json",
  "parameterValues" : [ ]
}