{
  "uid" : "96d98d110b2feeb1",
  "name" : "scrollInExpandableLists_verticalScrolling_insideElement2",
  "fullName" : "testPackage01.appium.AndroidBasicInteractionsTest.scrollInExpandableLists_verticalScrolling_insideElement2",
  "historyId" : "5a887665918e73cc9eca181adb2714c6",
  "time" : {
    "start" : 1637336567192,
    "stop" : 1637336575821,
    "duration" : 8629
  },
  "status" : "failed",
  "statusMessage" : "Element Action [SwipeElementIntoView] failed.",
  "statusTrace" : "java.lang.AssertionError: Element Action [SwipeElementIntoView] failed.\n\tat org.testng.Assert.fail(Assert.java:99)\n\tat com.shaft.gui.element.WebDriverElementActions.failAction(WebDriverElementActions.java:1454)\n\tat com.shaft.gui.element.WebDriverElementActions.failAction(WebDriverElementActions.java:1302)\n\tat com.shaft.gui.element.TouchActions.swipeElementIntoView(TouchActions.java:545)\n\tat com.shaft.gui.element.TouchActions.swipeElementIntoView(TouchActions.java:474)\n\tat testPackage01.appium.AndroidBasicInteractionsTest.scrollInExpandableLists_verticalScrolling_insideElement2(AndroidBasicInteractionsTest.java:49)\n\tat java.base/jdk.internal.reflect.NativeMethodAccessorImpl.invoke0(Native Method)\n\tat java.base/jdk.internal.reflect.NativeMethodAccessorImpl.invoke(NativeMethodAccessorImpl.java:77)\n\tat java.base/jdk.internal.reflect.DelegatingMethodAccessorImpl.invoke(DelegatingMethodAccessorImpl.java:43)\n\tat java.base/java.lang.reflect.Method.invoke(Method.java:568)\n\tat org.testng.internal.MethodInvocationHelper.invokeMethod(MethodInvocationHelper.java:133)\n\tat org.testng.internal.TestInvoker.invokeMethod(TestInvoker.java:598)\n\tat org.testng.internal.TestInvoker.invokeTestMethod(TestInvoker.java:173)\n\tat org.testng.internal.MethodRunner.runInSequence(MethodRunner.java:46)\n\tat org.testng.internal.TestInvoker$MethodInvocationAgent.invoke(TestInvoker.java:824)\n\tat org.testng.internal.TestInvoker.invokeTestMethods(TestInvoker.java:146)\n\tat org.testng.internal.TestMethodWorker.invokeTestMethods(TestMethodWorker.java:146)\n\tat org.testng.internal.TestMethodWorker.run(TestMethodWorker.java:128)\n\tat java.base/java.util.ArrayList.forEach(ArrayList.java:1511)\n\tat org.testng.TestRunner.privateRun(TestRunner.java:794)\n\tat org.testng.TestRunner.run(TestRunner.java:596)\n\tat org.testng.SuiteRunner.runTest(SuiteRunner.java:377)\n\tat org.testng.SuiteRunner.runSequentially(SuiteRunner.java:371)\n\tat org.testng.SuiteRunner.privateRun(SuiteRunner.java:332)\n\tat org.testng.SuiteRunner.run(SuiteRunner.java:276)\n\tat org.testng.SuiteRunnerWorker.runSuite(SuiteRunnerWorker.java:53)\n\tat org.testng.SuiteRunnerWorker.run(SuiteRunnerWorker.java:96)\n\tat org.testng.TestNG.runSuitesSequentially(TestNG.java:1212)\n\tat org.testng.TestNG.runSuitesLocally(TestNG.java:1134)\n\tat org.testng.TestNG.runSuites(TestNG.java:1063)\n\tat org.testng.TestNG.run(TestNG.java:1031)\n\tat org.apache.maven.surefire.testng.TestNGExecutor.run(TestNGExecutor.java:136)\n\tat org.apache.maven.surefire.testng.TestNGDirectoryTestSuite.executeSingleClass(TestNGDirectoryTestSuite.java:112)\n\tat org.apache.maven.surefire.testng.TestNGDirectoryTestSuite.execute(TestNGDirectoryTestSuite.java:99)\n\tat org.apache.maven.surefire.testng.TestNGProvider.invoke(TestNGProvider.java:145)\n\tat org.apache.maven.surefire.booter.ForkedBooter.runSuitesInProcess(ForkedBooter.java:428)\n\tat org.apache.maven.surefire.booter.ForkedBooter.execute(ForkedBooter.java:162)\n\tat org.apache.maven.surefire.booter.ForkedBooter.run(ForkedBooter.java:562)\n\tat org.apache.maven.surefire.booter.ForkedBooter.main(ForkedBooter.java:548)\n",
  "flaky" : false,
  "newFailed" : false,
  "newBroken" : false,
  "newPassed" : false,
  "retriesCount" : 0,
  "retriesStatusChange" : false,
  "beforeStages" : [ {
    "name" : "setupActivities",
    "time" : {
      "start" : 1637336503312,
      "stop" : 1637336506359,
      "duration" : 3047
    },
    "description" : "",
    "status" : "passed",
    "steps" : [ {
      "name" : "Folder [allure-results] was not found, it may have already been deleted.",
      "time" : {
        "start" : 1637336503385,
        "stop" : 1637336503388,
        "duration" : 3
      },
      "status" : "passed",
      "steps" : [ ],
      "attachments" : [ ],
      "parameters" : [ {
        "name" : "actionCounter",
        "value" : "1"
      }, {
        "name" : "logText",
        "value" : "Folder [allure-results] was not found, it may have already been deleted."
      } ],
      "stepsCount" : 0,
      "attachmentsCount" : 0,
      "shouldDisplayMessage" : false,
      "hasContent" : true
    }, {
      "name" : "Folder [/Users/runner/.m2/repository/allure/] was not found, it may have already been deleted.",
      "time" : {
        "start" : 1637336503390,
        "stop" : 1637336503390,
        "duration" : 0
      },
      "status" : "passed",
      "steps" : [ ],
      "attachments" : [ ],
      "parameters" : [ {
        "name" : "actionCounter",
        "value" : "2"
      }, {
        "name" : "logText",
        "value" : "Folder [/Users/runner/.m2/repository/allure/] was not found, it may have already been deleted."
      } ],
      "stepsCount" : 0,
      "attachmentsCount" : 0,
      "shouldDisplayMessage" : false,
      "hasContent" : true
    }, {
      "name" : "Downloading a file from this url [https://repo.maven.apache.org/maven2/io/qameta/allure/allure-commandline/2.16.1/allure-commandline-2.16.1.zip] to this directory [target/allureBinary.zip], please wait as downloading may take some time...",
      "time" : {
        "start" : 1637336503390,
        "stop" : 1637336503390,
        "duration" : 0
      },
      "status" : "passed",
      "steps" : [ ],
      "attachments" : [ ],
      "parameters" : [ {
        "name" : "actionCounter",
        "value" : "3"
      }, {
        "name" : "logText",
        "value" : "Downloading a file from this url [https://repo.maven.apache.org/maven2/io/qameta/allure/allure-commandline/2.16.1/allure-commandline-2.16.1.zip] to this directory [target/allureBinary.zip], please wait as downloading may take some time..."
      } ],
      "stepsCount" : 0,
      "attachmentsCount" : 0,
      "shouldDisplayMessage" : false,
      "hasContent" : true
    }, {
      "name" : "Terminal Action [PerformTerminalCommands] successfully performed. With the following test data [Host Name: \"localHost\" | Command: \"chmod u+x /Users/runner/.m2/repository/allure/allure-2.16.1/bin/allure\" | Exit Status: \"0\"].",
      "time" : {
        "start" : 1637336505325,
        "stop" : 1637336505325,
        "duration" : 0
      },
      "status" : "passed",
      "steps" : [ ],
      "attachments" : [ ],
      "parameters" : [ {
        "name" : "actionCounter",
        "value" : "4"
      }, {
        "name" : "logText",
        "value" : "Terminal Action [PerformTerminalCommands] successfully performed. With the following test data [Host Name: \"localHost\" | Command: \"chmod u+x /Users/runner/.m2/repository/allure/allure-2.16.1/bin/allure\" | Exit Status: \"0\"]."
      } ],
      "stepsCount" : 0,
      "attachmentsCount" : 0,
      "shouldDisplayMessage" : false,
      "hasContent" : true
    }, {
      "name" : "Terminal Action [PerformTerminalCommands] successfully performed. With the following test data [Host Name: \"localHost\" | Command: \"chmod u+x generate_allure_report.sh\" | Exit Status: \"0\"].",
      "time" : {
        "start" : 1637336505358,
        "stop" : 1637336505358,
        "duration" : 0
      },
      "status" : "passed",
      "steps" : [ ],
      "attachments" : [ ],
      "parameters" : [ {
        "name" : "actionCounter",
        "value" : "5"
      }, {
        "name" : "logText",
        "value" : "Terminal Action [PerformTerminalCommands] successfully performed. With the following test data [Host Name: \"localHost\" | Command: \"chmod u+x generate_allure_report.sh\" | Exit Status: \"0\"]."
      } ],
      "stepsCount" : 0,
      "attachmentsCount" : 0,
      "shouldDisplayMessage" : false,
      "hasContent" : true
    }, {
      "name" : "Folder [extent-reports] was not found, it may have already been deleted.",
      "time" : {
        "start" : 1637336505492,
        "stop" : 1637336505492,
        "duration" : 0
      },
      "status" : "passed",
      "steps" : [ ],
      "attachments" : [ ],
      "parameters" : [ {
        "name" : "actionCounter",
        "value" : "6"
      }, {
        "name" : "logText",
        "value" : "Folder [extent-reports] was not found, it may have already been deleted."
      } ],
      "stepsCount" : 0,
      "attachmentsCount" : 0,
      "shouldDisplayMessage" : false,
      "hasContent" : true
    } ],
    "attachments" : [ {
      "uid" : "dedca0d09b5c5c75",
      "name" : "Attachment: SHAFT Links - Important",
      "source" : "dedca0d09b5c5c75.uri",
      "type" : "text/uri-list",
      "size" : 346
    } ],
    "parameters" : [ ],
    "stepsCount" : 6,
    "attachmentsCount" : 1,
    "shouldDisplayMessage" : false,
    "hasContent" : true
  }, {
    "name" : "setup",
    "time" : {
      "start" : 1637336557826,
      "stop" : 1637336567182,
      "duration" : 9356
    },
    "description" : "",
    "status" : "passed",
    "steps" : [ {
      "name" : "Attempting to run remotely on: [Android], [http://0.0.0.0:4723/wd/hub].",
      "time" : {
        "start" : 1637336557827,
        "stop" : 1637336557827,
        "duration" : 0
      },
      "status" : "passed",
      "steps" : [ ],
      "attachments" : [ ],
      "parameters" : [ {
        "name" : "actionCounter",
        "value" : "17"
      }, {
        "name" : "logText",
        "value" : "Attempting to run remotely on: [Android], [http://0.0.0.0:4723/wd/hub]."
      } ],
      "stepsCount" : 0,
      "attachmentsCount" : 0,
      "shouldDisplayMessage" : false,
      "hasContent" : true
    }, {
      "name" : "Successfully Opened [NativeMobileApp].",
      "time" : {
        "start" : 1637336566341,
        "stop" : 1637336566341,
        "duration" : 0
      },
      "status" : "passed",
      "steps" : [ ],
      "attachments" : [ ],
      "parameters" : [ {
        "name" : "actionCounter",
        "value" : "18"
      }, {
        "name" : "logText",
        "value" : "Successfully Opened [NativeMobileApp]."
      } ],
      "stepsCount" : 0,
      "attachmentsCount" : 0,
      "shouldDisplayMessage" : false,
      "hasContent" : true
    } ],
    "attachments" : [ {
      "uid" : "7d56cf62c7543912",
      "name" : "Attachment: SHAFT Engine Logs - Current Method log: setup",
      "source" : "7d56cf62c7543912.txt",
      "type" : "text/plain",
      "size" : 667
    } ],
    "parameters" : [ ],
    "stepsCount" : 2,
    "attachmentsCount" : 1,
    "shouldDisplayMessage" : false,
    "hasContent" : true
  } ],
  "testStage" : {
    "status" : "failed",
    "statusMessage" : "Element Action [SwipeElementIntoView] failed.",
    "statusTrace" : "java.lang.AssertionError: Element Action [SwipeElementIntoView] failed.\n\tat org.testng.Assert.fail(Assert.java:99)\n\tat com.shaft.gui.element.WebDriverElementActions.failAction(WebDriverElementActions.java:1454)\n\tat com.shaft.gui.element.WebDriverElementActions.failAction(WebDriverElementActions.java:1302)\n\tat com.shaft.gui.element.TouchActions.swipeElementIntoView(TouchActions.java:545)\n\tat com.shaft.gui.element.TouchActions.swipeElementIntoView(TouchActions.java:474)\n\tat testPackage01.appium.AndroidBasicInteractionsTest.scrollInExpandableLists_verticalScrolling_insideElement2(AndroidBasicInteractionsTest.java:49)\n\tat java.base/jdk.internal.reflect.NativeMethodAccessorImpl.invoke0(Native Method)\n\tat java.base/jdk.internal.reflect.NativeMethodAccessorImpl.invoke(NativeMethodAccessorImpl.java:77)\n\tat java.base/jdk.internal.reflect.DelegatingMethodAccessorImpl.invoke(DelegatingMethodAccessorImpl.java:43)\n\tat java.base/java.lang.reflect.Method.invoke(Method.java:568)\n\tat org.testng.internal.MethodInvocationHelper.invokeMethod(MethodInvocationHelper.java:133)\n\tat org.testng.internal.TestInvoker.invokeMethod(TestInvoker.java:598)\n\tat org.testng.internal.TestInvoker.invokeTestMethod(TestInvoker.java:173)\n\tat org.testng.internal.MethodRunner.runInSequence(MethodRunner.java:46)\n\tat org.testng.internal.TestInvoker$MethodInvocationAgent.invoke(TestInvoker.java:824)\n\tat org.testng.internal.TestInvoker.invokeTestMethods(TestInvoker.java:146)\n\tat org.testng.internal.TestMethodWorker.invokeTestMethods(TestMethodWorker.java:146)\n\tat org.testng.internal.TestMethodWorker.run(TestMethodWorker.java:128)\n\tat java.base/java.util.ArrayList.forEach(ArrayList.java:1511)\n\tat org.testng.TestRunner.privateRun(TestRunner.java:794)\n\tat org.testng.TestRunner.run(TestRunner.java:596)\n\tat org.testng.SuiteRunner.runTest(SuiteRunner.java:377)\n\tat org.testng.SuiteRunner.runSequentially(SuiteRunner.java:371)\n\tat org.testng.SuiteRunner.privateRun(SuiteRunner.java:332)\n\tat org.testng.SuiteRunner.run(SuiteRunner.java:276)\n\tat org.testng.SuiteRunnerWorker.runSuite(SuiteRunnerWorker.java:53)\n\tat org.testng.SuiteRunnerWorker.run(SuiteRunnerWorker.java:96)\n\tat org.testng.TestNG.runSuitesSequentially(TestNG.java:1212)\n\tat org.testng.TestNG.runSuitesLocally(TestNG.java:1134)\n\tat org.testng.TestNG.runSuites(TestNG.java:1063)\n\tat org.testng.TestNG.run(TestNG.java:1031)\n\tat org.apache.maven.surefire.testng.TestNGExecutor.run(TestNGExecutor.java:136)\n\tat org.apache.maven.surefire.testng.TestNGDirectoryTestSuite.executeSingleClass(TestNGDirectoryTestSuite.java:112)\n\tat org.apache.maven.surefire.testng.TestNGDirectoryTestSuite.execute(TestNGDirectoryTestSuite.java:99)\n\tat org.apache.maven.surefire.testng.TestNGProvider.invoke(TestNGProvider.java:145)\n\tat org.apache.maven.surefire.booter.ForkedBooter.runSuitesInProcess(ForkedBooter.java:428)\n\tat org.apache.maven.surefire.booter.ForkedBooter.execute(ForkedBooter.java:162)\n\tat org.apache.maven.surefire.booter.ForkedBooter.run(ForkedBooter.java:562)\n\tat org.apache.maven.surefire.booter.ForkedBooter.main(ForkedBooter.java:548)\n",
    "steps" : [ {
      "name" : "Element Action [Tap] successfully performed. With the following test data [Views].",
      "time" : {
        "start" : 1637336569236,
        "stop" : 1637336569240,
        "duration" : 4
      },
      "status" : "passed",
      "steps" : [ ],
      "attachments" : [ ],
      "parameters" : [ {
        "name" : "actionCounter",
        "value" : "19"
      }, {
        "name" : "logText",
        "value" : "Element Action [Tap] successfully performed. With the following test data [Views]."
      } ],
      "stepsCount" : 0,
      "attachmentsCount" : 0,
      "shouldDisplayMessage" : false,
      "hasContent" : true
    }, {
      "name" : "Element Action [SwipeElementIntoView] failed.",
      "time" : {
        "start" : 1637336575779,
        "stop" : 1637336575792,
        "duration" : 13
      },
      "status" : "passed",
      "steps" : [ ],
      "attachments" : [ {
        "uid" : "b2bcc75be294ca9c",
        "name" : "Attachment: Screenshot - 1637336575517_scrollInExpandableLists_verticalScrolling_insideElement2_SwipeElementIntoView_failed",
        "source" : "b2bcc75be294ca9c.png",
        "type" : "image/png",
        "size" : 18100
      } ],
      "parameters" : [ {
        "name" : "actionCounter",
        "value" : "20"
      }, {
        "name" : "logText",
        "value" : "Element Action [SwipeElementIntoView] failed."
      }, {
        "name" : "attachments",
        "value" : "[[Screenshot, 1637336575517_scrollInExpandableLists_verticalScrolling_insideElement2_SwipeElementIntoView_failed, java.io.ByteArrayInputStream@aca2a0b]]"
      } ],
      "stepsCount" : 0,
      "attachmentsCount" : 1,
      "shouldDisplayMessage" : false,
      "hasContent" : true
    } ],
    "attachments" : [ {
      "uid" : "c583a033ee4a54f5",
      "name" : "Attachment: Animated Gif - scrollInExpandableLists_verticalScrolling_insideElement2",
      "source" : "c583a033ee4a54f5.gif",
      "type" : "image/gif",
      "size" : 150209
    }, {
      "uid" : "81b640778ed16133",
      "name" : "Attachment: SHAFT Engine Logs - Current Method log: scrollInExpandableLists_verticalScrolling_insideElement2",
      "source" : "81b640778ed16133.txt",
      "type" : "text/plain",
      "size" : 2130
    } ],
    "parameters" : [ ],
    "stepsCount" : 2,
    "attachmentsCount" : 3,
    "shouldDisplayMessage" : true,
    "hasContent" : true
  },
  "afterStages" : [ {
    "name" : "teardown",
    "time" : {
      "start" : 1637336575831,
      "stop" : 1637336577237,
      "duration" : 1406
    },
    "description" : "",
    "status" : "passed",
    "steps" : [ {
      "name" : "Successfully Closed All Drivers.",
      "time" : {
        "start" : 1637336577230,
        "stop" : 1637336577230,
        "duration" : 0
      },
      "status" : "passed",
      "steps" : [ ],
      "attachments" : [ ],
      "parameters" : [ {
        "name" : "actionCounter",
        "value" : "21"
      }, {
        "name" : "logText",
        "value" : "Successfully Closed All Drivers."
      } ],
      "stepsCount" : 0,
      "attachmentsCount" : 0,
      "shouldDisplayMessage" : false,
      "hasContent" : true
    } ],
    "attachments" : [ {
      "uid" : "d0480ff00d275178",
      "name" : "Attachment: Video Recording - teardown",
      "source" : "d0480ff00d275178.mp4",
      "type" : "video/mp4",
      "size" : 96306
    }, {
      "uid" : "51df36fa4e494e2e",
      "name" : "Attachment: SHAFT Engine Logs - Current Method log: teardown",
      "source" : "51df36fa4e494e2e.txt",
      "type" : "text/plain",
      "size" : 182
    } ],
    "parameters" : [ ],
    "stepsCount" : 1,
    "attachmentsCount" : 2,
    "shouldDisplayMessage" : false,
    "hasContent" : true
  }, {
    "name" : "teardownActivities",
    "time" : {
      "start" : 1637336649533,
      "stop" : 1637336650518,
      "duration" : 985
    },
    "description" : "",
    "status" : "passed",
    "steps" : [ {
      "name" : "Issue Summary: Total Issues = 4, New issues for Failed Tests = 4, Open issues for Passed Tests = 0, Open issues for Failed Tests = 0. Kindly check the attached Issue details.",
      "time" : {
        "start" : 1637336649544,
        "stop" : 1637336649551,
        "duration" : 7
      },
      "status" : "passed",
      "steps" : [ ],
      "attachments" : [ {
        "uid" : "4cee6413813f3949",
        "name" : "Attachment: SHAFT Engine Logs - Issues log CSV: 20211119-154409",
        "source" : "4cee6413813f3949.csv",
        "type" : "text/csv",
        "size" : 729
      } ],
      "parameters" : [ {
        "name" : "actionCounter",
        "value" : "41"
      }, {
        "name" : "logText",
        "value" : "Issue Summary: Total Issues = 4, New issues for Failed Tests = 4, Open issues for Passed Tests = 0, Open issues for Failed Tests = 0. Kindly check the attached Issue details."
      }, {
        "name" : "attachments",
        "value" : "[[SHAFT Engine Logs, Issues log CSV: 20211119-154409, java.io.ByteArrayInputStream@1488d1c]]"
      } ],
      "stepsCount" : 0,
      "attachmentsCount" : 1,
      "shouldDisplayMessage" : false,
      "hasContent" : true
    } ],
    "attachments" : [ {
      "uid" : "cfb106deb18e07c4",
      "name" : "Attachment: SHAFT Engine Logs - Execution log: 20211119-154409",
      "source" : "cfb106deb18e07c4.txt",
      "type" : "text/plain",
      "size" : 18478
    }, {
      "uid" : "6456dbe90d8b6ff0",
      "name" : "Attachment: HTML - Extent Emailable Execution Report",
      "source" : "6456dbe90d8b6ff0.html",
      "type" : "text/html",
      "size" : 2575997
    } ],
    "parameters" : [ ],
    "stepsCount" : 1,
    "attachmentsCount" : 3,
    "shouldDisplayMessage" : false,
    "hasContent" : true
  } ],
  "labels" : [ {
    "name" : "package",
    "value" : "testPackage01.appium.AndroidBasicInteractionsTest"
  }, {
    "name" : "testClass",
    "value" : "testPackage01.appium.AndroidBasicInteractionsTest"
  }, {
    "name" : "testMethod",
    "value" : "scrollInExpandableLists_verticalScrolling_insideElement2"
  }, {
    "name" : "parentSuite",
    "value" : "SHAFT: Custom Suite"
  }, {
    "name" : "suite",
    "value" : "SHAFT: Custom Test"
  }, {
    "name" : "subSuite",
    "value" : "testPackage01.appium.AndroidBasicInteractionsTest"
  }, {
    "name" : "host",
    "value" : "Mac-1637336182955.local"
  }, {
    "name" : "thread",
    "value" : "6986@Mac-1637336182955.local.main(1)"
  }, {
    "name" : "framework",
    "value" : "testng"
  }, {
    "name" : "language",
    "value" : "java"
  }, {
    "name" : "resultFormat",
    "value" : "allure2"
  } ],
  "parameters" : [ ],
  "links" : [ ],
  "hidden" : false,
  "retry" : false,
  "extra" : {
    "severity" : "normal",
    "retries" : [ ],
    "categories" : [ {
      "name" : "Product defects",
      "matchedStatuses" : [ ],
      "flaky" : false
    } ],
    "history" : {
      "statistic" : {
        "failed" : 2,
        "broken" : 0,
        "skipped" : 0,
        "passed" : 0,
        "unknown" : 0,
        "total" : 2
      },
      "items" : [ {
        "uid" : "99b160a530bc5d0",
        "reportUrl" : "https://MohabMohie.github.io/SHAFT_ENGINE/allure/MobileNative/Android/226//#testresult/99b160a530bc5d0",
        "status" : "failed",
        "statusDetails" : "Element Action [SwipeElementIntoView] failed.",
        "time" : {
          "start" : 1637335732999,
          "stop" : 1637335740697,
          "duration" : 7698
        }
      } ]
    },
    "tags" : [ ]
  },
  "source" : "96d98d110b2feeb1.json",
  "parameterValues" : [ ]
}