{
  "uid" : "263c5be6fec96a18",
  "name" : "specialCharacters",
  "fullName" : "testPackage01.Test_JsonCompareWithSpecialCharacters.specialCharacters",
  "historyId" : "b27c77614b887aad9233c87f6d999b88",
  "time" : {
    "start" : 1635970058011,
    "stop" : 1635970058019,
    "duration" : 8
  },
  "status" : "failed",
  "statusMessage" : "API Action [CompareJSON] failed. With the following test data [Couldn't parse the desired file. [nullspecialCharacters.json].].",
  "statusTrace" : "java.lang.AssertionError: API Action [CompareJSON] failed. With the following test data [Couldn't parse the desired file. [nullspecialCharacters.json].].\n\tat org.testng.Assert.fail(Assert.java:87)\n\tat com.shaft.api.RestActions.failAction(RestActions.java:89)\n\tat com.shaft.api.RestActions.failAction(RestActions.java:415)\n\tat com.shaft.api.RestActions.compareJSON(RestActions.java:392)\n\tat com.shaft.validation.ValidationsHelper.validateJSONFileContent(ValidationsHelper.java:615)\n\tat com.shaft.validation.Verifications.verifyJSONFileContent(Verifications.java:701)\n\tat testPackage01.Test_JsonCompareWithSpecialCharacters.specialCharacters(Test_JsonCompareWithSpecialCharacters.java:18)\n\tat java.base/jdk.internal.reflect.NativeMethodAccessorImpl.invoke0(Native Method)\n\tat java.base/jdk.internal.reflect.NativeMethodAccessorImpl.invoke(NativeMethodAccessorImpl.java:77)\n\tat java.base/jdk.internal.reflect.DelegatingMethodAccessorImpl.invoke(DelegatingMethodAccessorImpl.java:43)\n\tat java.base/java.lang.reflect.Method.invoke(Method.java:568)\n\tat org.testng.internal.MethodInvocationHelper.invokeMethod(MethodInvocationHelper.java:133)\n\tat org.testng.internal.TestInvoker.invokeMethod(TestInvoker.java:598)\n\tat org.testng.internal.TestInvoker.invokeTestMethod(TestInvoker.java:173)\n\tat org.testng.internal.MethodRunner.runInSequence(MethodRunner.java:46)\n\tat org.testng.internal.TestInvoker$MethodInvocationAgent.invoke(TestInvoker.java:824)\n\tat org.testng.internal.TestInvoker.invokeTestMethods(TestInvoker.java:146)\n\tat org.testng.internal.TestMethodWorker.invokeTestMethods(TestMethodWorker.java:146)\n\tat org.testng.internal.TestMethodWorker.run(TestMethodWorker.java:128)\n\tat java.base/java.util.ArrayList.forEach(ArrayList.java:1511)\n\tat org.testng.TestRunner.privateRun(TestRunner.java:794)\n\tat org.testng.TestRunner.run(TestRunner.java:596)\n\tat org.testng.SuiteRunner.runTest(SuiteRunner.java:377)\n\tat org.testng.SuiteRunner.runSequentially(SuiteRunner.java:371)\n\tat org.testng.SuiteRunner.privateRun(SuiteRunner.java:332)\n\tat org.testng.SuiteRunner.run(SuiteRunner.java:276)\n\tat org.testng.SuiteRunnerWorker.runSuite(SuiteRunnerWorker.java:53)\n\tat org.testng.SuiteRunnerWorker.run(SuiteRunnerWorker.java:96)\n\tat org.testng.TestNG.runSuitesSequentially(TestNG.java:1212)\n\tat org.testng.TestNG.runSuitesLocally(TestNG.java:1134)\n\tat org.testng.TestNG.runSuites(TestNG.java:1063)\n\tat org.testng.TestNG.run(TestNG.java:1031)\n\tat org.apache.maven.surefire.testng.TestNGExecutor.run(TestNGExecutor.java:136)\n\tat org.apache.maven.surefire.testng.TestNGDirectoryTestSuite.executeMulti(TestNGDirectoryTestSuite.java:193)\n\tat org.apache.maven.surefire.testng.TestNGDirectoryTestSuite.execute(TestNGDirectoryTestSuite.java:94)\n\tat org.apache.maven.surefire.testng.TestNGProvider.invoke(TestNGProvider.java:145)\n\tat org.apache.maven.surefire.booter.ForkedBooter.runSuitesInProcess(ForkedBooter.java:428)\n\tat org.apache.maven.surefire.booter.ForkedBooter.execute(ForkedBooter.java:162)\n\tat org.apache.maven.surefire.booter.ForkedBooter.run(ForkedBooter.java:562)\n\tat org.apache.maven.surefire.booter.ForkedBooter.main(ForkedBooter.java:548)\nCaused by: Unexpected token END OF FILE at position 0.\n\tat org.json.simple.parser.JSONParser.parse(JSONParser.java:257)\n\tat org.json.simple.parser.JSONParser.parse(JSONParser.java:81)\n\tat org.json.simple.parser.JSONParser.parse(JSONParser.java:75)\n\tat com.shaft.api.RestActions.compareJSON(RestActions.java:353)\n\t... 36 more\n",
  "flaky" : true,
  "newFailed" : true,
  "beforeStages" : [ {
    "name" : "setupActivities",
    "time" : {
      "start" : 1635969692521,
      "stop" : 1635969695527,
      "duration" : 3006
    },
    "description" : "",
    "status" : "passed",
    "steps" : [ {
      "name" : "Folder [allure-results] was not found, it may have already been deleted.",
      "time" : {
        "start" : 1635969692576,
        "stop" : 1635969692578,
        "duration" : 2
      },
      "status" : "passed",
      "steps" : [ ],
      "attachments" : [ ],
      "parameters" : [ {
        "name" : "actionCounter",
        "value" : "1"
      }, {
        "name" : "logText",
        "value" : "Folder [allure-results] was not found, it may have already been deleted."
      } ],
      "stepsCount" : 0,
      "attachmentsCount" : 0,
      "shouldDisplayMessage" : false,
      "hasContent" : true
    }, {
      "name" : "Folder [/Users/runner/.m2/repository/allure/] was not found, it may have already been deleted.",
      "time" : {
        "start" : 1635969692579,
        "stop" : 1635969692579,
        "duration" : 0
      },
      "status" : "passed",
      "steps" : [ ],
      "attachments" : [ ],
      "parameters" : [ {
        "name" : "actionCounter",
        "value" : "2"
      }, {
        "name" : "logText",
        "value" : "Folder [/Users/runner/.m2/repository/allure/] was not found, it may have already been deleted."
      } ],
      "stepsCount" : 0,
      "attachmentsCount" : 0,
      "shouldDisplayMessage" : false,
      "hasContent" : true
    }, {
      "name" : "Downloading a file from this url [https://repo.maven.apache.org/maven2/io/qameta/allure/allure-commandline/2.16.0/allure-commandline-2.16.0.zip] to this directory [target/allureBinary.zip], please wait as downloading may take some time...",
      "time" : {
        "start" : 1635969692580,
        "stop" : 1635969692580,
        "duration" : 0
      },
      "status" : "passed",
      "steps" : [ ],
      "attachments" : [ ],
      "parameters" : [ {
        "name" : "actionCounter",
        "value" : "3"
      }, {
        "name" : "logText",
        "value" : "Downloading a file from this url [https://repo.maven.apache.org/maven2/io/qameta/allure/allure-commandline/2.16.0/allure-commandline-2.16.0.zip] to this directory [target/allureBinary.zip], please wait as downloading may take some time..."
      } ],
      "stepsCount" : 0,
      "attachmentsCount" : 0,
      "shouldDisplayMessage" : false,
      "hasContent" : true
    }, {
      "name" : "Terminal Action [PerformTerminalCommands] successfully performed. With the following test data [Host Name: \"localHost\" | Command: \"chmod u+x /Users/runner/.m2/repository/allure/allure-2.16.0/bin/allure\" | Exit Status: \"0\"].",
      "time" : {
        "start" : 1635969694637,
        "stop" : 1635969694637,
        "duration" : 0
      },
      "status" : "passed",
      "steps" : [ ],
      "attachments" : [ ],
      "parameters" : [ {
        "name" : "actionCounter",
        "value" : "4"
      }, {
        "name" : "logText",
        "value" : "Terminal Action [PerformTerminalCommands] successfully performed. With the following test data [Host Name: \"localHost\" | Command: \"chmod u+x /Users/runner/.m2/repository/allure/allure-2.16.0/bin/allure\" | Exit Status: \"0\"]."
      } ],
      "stepsCount" : 0,
      "attachmentsCount" : 0,
      "shouldDisplayMessage" : false,
      "hasContent" : true
    }, {
      "name" : "Terminal Action [PerformTerminalCommands] successfully performed. With the following test data [Host Name: \"localHost\" | Command: \"chmod u+x generate_allure_report.sh\" | Exit Status: \"0\"].",
      "time" : {
        "start" : 1635969694644,
        "stop" : 1635969694644,
        "duration" : 0
      },
      "status" : "passed",
      "steps" : [ ],
      "attachments" : [ ],
      "parameters" : [ {
        "name" : "actionCounter",
        "value" : "5"
      }, {
        "name" : "logText",
        "value" : "Terminal Action [PerformTerminalCommands] successfully performed. With the following test data [Host Name: \"localHost\" | Command: \"chmod u+x generate_allure_report.sh\" | Exit Status: \"0\"]."
      } ],
      "stepsCount" : 0,
      "attachmentsCount" : 0,
      "shouldDisplayMessage" : false,
      "hasContent" : true
    }, {
      "name" : "Folder [extent-reports] was not found, it may have already been deleted.",
      "time" : {
        "start" : 1635969694753,
        "stop" : 1635969694753,
        "duration" : 0
      },
      "status" : "passed",
      "steps" : [ ],
      "attachments" : [ ],
      "parameters" : [ {
        "name" : "actionCounter",
        "value" : "6"
      }, {
        "name" : "logText",
        "value" : "Folder [extent-reports] was not found, it may have already been deleted."
      } ],
      "stepsCount" : 0,
      "attachmentsCount" : 0,
      "shouldDisplayMessage" : false,
      "hasContent" : true
    } ],
    "attachments" : [ {
      "uid" : "3ac097f4e97683ad",
      "name" : "Attachment: SHAFT Links - Important",
      "source" : "3ac097f4e97683ad.uri",
      "type" : "text/uri-list",
      "size" : 346
    }, {
      "uid" : "49cc6448b922bd10",
      "name" : "Attachment: Properties - testNG",
      "source" : "49cc6448b922bd10.properties",
      "type" : "text/plain",
      "size" : 492
    }, {
      "uid" : "859f7009014bf31",
      "name" : "Attachment: Properties - ExecutionPlatform",
      "source" : "859f7009014bf31.properties",
      "type" : "text/plain",
      "size" : 394
    }, {
      "uid" : "c1c33a967c992c9c",
      "name" : "Attachment: Properties - path",
      "source" : "c1c33a967c992c9c.properties",
      "type" : "text/plain",
      "size" : 687
    }, {
      "uid" : "a9f473a449a11716",
      "name" : "Attachment: Properties - video",
      "source" : "a9f473a449a11716.properties",
      "type" : "text/plain",
      "size" : 763
    }, {
      "uid" : "5a314a34a5d06881",
      "name" : "Attachment: Properties - pattern",
      "source" : "5a314a34a5d06881.properties",
      "type" : "text/plain",
      "size" : 564
    }, {
      "uid" : "f8f0622dcbabaf9a",
      "name" : "Attachment: Properties - internal",
      "source" : "f8f0622dcbabaf9a.properties",
      "type" : "text/plain",
      "size" : 117
    }, {
      "uid" : "7a620f90ce9293f4",
      "name" : "Attachment: Properties - MobileCapabilities",
      "source" : "7a620f90ce9293f4.properties",
      "type" : "text/plain",
      "size" : 470
    }, {
      "uid" : "981d16b64b348d54",
      "name" : "Attachment: Properties - cucumber",
      "source" : "981d16b64b348d54.properties",
      "type" : "text/plain",
      "size" : 226
    }, {
      "uid" : "6e7251f16b951fdd",
      "name" : "Attachment: Properties - PlatformFlags",
      "source" : "6e7251f16b951fdd.properties",
      "type" : "text/plain",
      "size" : 588
    }, {
      "uid" : "65e198bbf86e1440",
      "name" : "Attachment: Properties - Timeouts",
      "source" : "65e198bbf86e1440.properties",
      "type" : "text/plain",
      "size" : 722
    }, {
      "uid" : "62cf8bd369e71b9c",
      "name" : "Attachment: Properties - Reporting",
      "source" : "62cf8bd369e71b9c.properties",
      "type" : "text/plain",
      "size" : 583
    }, {
      "uid" : "74082898f902b913",
      "name" : "Attachment: Properties - browserStack",
      "source" : "74082898f902b913.properties",
      "type" : "text/plain",
      "size" : 877
    }, {
      "uid" : "15c30b5260077f7e",
      "name" : "Attachment: Properties - VisualValidations",
      "source" : "15c30b5260077f7e.properties",
      "type" : "text/plain",
      "size" : 723
    } ],
    "parameters" : [ ],
    "stepsCount" : 6,
    "attachmentsCount" : 14,
    "shouldDisplayMessage" : false,
    "hasContent" : true
  } ],
  "testStage" : {
    "status" : "failed",
    "statusMessage" : "API Action [CompareJSON] failed. With the following test data [Couldn't parse the desired file. [nullspecialCharacters.json].].",
    "statusTrace" : "java.lang.AssertionError: API Action [CompareJSON] failed. With the following test data [Couldn't parse the desired file. [nullspecialCharacters.json].].\n\tat org.testng.Assert.fail(Assert.java:87)\n\tat com.shaft.api.RestActions.failAction(RestActions.java:89)\n\tat com.shaft.api.RestActions.failAction(RestActions.java:415)\n\tat com.shaft.api.RestActions.compareJSON(RestActions.java:392)\n\tat com.shaft.validation.ValidationsHelper.validateJSONFileContent(ValidationsHelper.java:615)\n\tat com.shaft.validation.Verifications.verifyJSONFileContent(Verifications.java:701)\n\tat testPackage01.Test_JsonCompareWithSpecialCharacters.specialCharacters(Test_JsonCompareWithSpecialCharacters.java:18)\n\tat java.base/jdk.internal.reflect.NativeMethodAccessorImpl.invoke0(Native Method)\n\tat java.base/jdk.internal.reflect.NativeMethodAccessorImpl.invoke(NativeMethodAccessorImpl.java:77)\n\tat java.base/jdk.internal.reflect.DelegatingMethodAccessorImpl.invoke(DelegatingMethodAccessorImpl.java:43)\n\tat java.base/java.lang.reflect.Method.invoke(Method.java:568)\n\tat org.testng.internal.MethodInvocationHelper.invokeMethod(MethodInvocationHelper.java:133)\n\tat org.testng.internal.TestInvoker.invokeMethod(TestInvoker.java:598)\n\tat org.testng.internal.TestInvoker.invokeTestMethod(TestInvoker.java:173)\n\tat org.testng.internal.MethodRunner.runInSequence(MethodRunner.java:46)\n\tat org.testng.internal.TestInvoker$MethodInvocationAgent.invoke(TestInvoker.java:824)\n\tat org.testng.internal.TestInvoker.invokeTestMethods(TestInvoker.java:146)\n\tat org.testng.internal.TestMethodWorker.invokeTestMethods(TestMethodWorker.java:146)\n\tat org.testng.internal.TestMethodWorker.run(TestMethodWorker.java:128)\n\tat java.base/java.util.ArrayList.forEach(ArrayList.java:1511)\n\tat org.testng.TestRunner.privateRun(TestRunner.java:794)\n\tat org.testng.TestRunner.run(TestRunner.java:596)\n\tat org.testng.SuiteRunner.runTest(SuiteRunner.java:377)\n\tat org.testng.SuiteRunner.runSequentially(SuiteRunner.java:371)\n\tat org.testng.SuiteRunner.privateRun(SuiteRunner.java:332)\n\tat org.testng.SuiteRunner.run(SuiteRunner.java:276)\n\tat org.testng.SuiteRunnerWorker.runSuite(SuiteRunnerWorker.java:53)\n\tat org.testng.SuiteRunnerWorker.run(SuiteRunnerWorker.java:96)\n\tat org.testng.TestNG.runSuitesSequentially(TestNG.java:1212)\n\tat org.testng.TestNG.runSuitesLocally(TestNG.java:1134)\n\tat org.testng.TestNG.runSuites(TestNG.java:1063)\n\tat org.testng.TestNG.run(TestNG.java:1031)\n\tat org.apache.maven.surefire.testng.TestNGExecutor.run(TestNGExecutor.java:136)\n\tat org.apache.maven.surefire.testng.TestNGDirectoryTestSuite.executeMulti(TestNGDirectoryTestSuite.java:193)\n\tat org.apache.maven.surefire.testng.TestNGDirectoryTestSuite.execute(TestNGDirectoryTestSuite.java:94)\n\tat org.apache.maven.surefire.testng.TestNGProvider.invoke(TestNGProvider.java:145)\n\tat org.apache.maven.surefire.booter.ForkedBooter.runSuitesInProcess(ForkedBooter.java:428)\n\tat org.apache.maven.surefire.booter.ForkedBooter.execute(ForkedBooter.java:162)\n\tat org.apache.maven.surefire.booter.ForkedBooter.run(ForkedBooter.java:562)\n\tat org.apache.maven.surefire.booter.ForkedBooter.main(ForkedBooter.java:548)\nCaused by: Unexpected token END OF FILE at position 0.\n\tat org.json.simple.parser.JSONParser.parse(JSONParser.java:257)\n\tat org.json.simple.parser.JSONParser.parse(JSONParser.java:81)\n\tat org.json.simple.parser.JSONParser.parse(JSONParser.java:75)\n\tat com.shaft.api.RestActions.compareJSON(RestActions.java:353)\n\t... 36 more\n",
    "steps" : [ {
      "name" : "File Action [ReadFromFile] successfully performed. With the following test data [File Path: \"/Users/runner/work/SHAFT_ENGINE/SHAFT_ENGINE/nullspecialCharacters.json\"].",
      "time" : {
        "start" : 1635970058013,
        "stop" : 1635970058013,
        "duration" : 0
      },
      "status" : "passed",
      "steps" : [ ],
      "attachments" : [ ],
      "parameters" : [ {
        "name" : "actionCounter",
        "value" : "425"
      }, {
        "name" : "logText",
        "value" : "File Action [ReadFromFile] successfully performed. With the following test data [File Path: \"/Users/runner/work/SHAFT_ENGINE/SHAFT_ENGINE/nullspecialCharacters.json\"]."
      } ],
      "stepsCount" : 0,
      "attachmentsCount" : 0,
      "shouldDisplayMessage" : false,
      "hasContent" : true
    }, {
      "name" : "An Exception Occured",
      "time" : {
        "start" : 1635970058016,
        "stop" : 1635970058017,
        "duration" : 1
      },
      "status" : "passed",
      "steps" : [ ],
      "attachments" : [ {
        "uid" : "60c8a6c2ed229cf5",
        "name" : "Attachment: Exception Stack Trace - org.json.simple.parser.ParseException",
        "source" : "60c8a6c2ed229cf5.json",
        "type" : "text/json",
        "size" : 2891
      } ],
      "parameters" : [ {
        "name" : "actionCounter",
        "value" : "426"
      }, {
        "name" : "logText",
        "value" : "An Exception Occured"
      }, {
        "name" : "attachments",
        "value" : "[[Exception Stack Trace, org.json.simple.parser.ParseException, org.json.simple.parser.ParseException:\nnull\norg.json.simple.parser.JSONParser.parse(JSONParser.java:257)\norg.json.simple.parser.JSONParser.parse(JSONParser.java:81)\norg.json.simple.parser.JSONParser.parse(JSONParser.java:75)\ncom.shaft.api.RestActions.compareJSON(RestActions.java:353)\ncom.shaft.validation.ValidationsHelper.validateJSONFileContent(ValidationsHelper.java:615)\ncom.shaft.validation.Verifications.verifyJSONFileContent(Verifications.java:701)\ntestPackage01.Test_JsonCompareWithSpecialCharacters.specialCharacters(Test_JsonCompareWithSpecialCharacters.java:18)\njava.base/jdk.internal.reflect.NativeMethodAccessorImpl.invoke0(Native Method)\njava.base/jdk.internal.reflect.NativeMethodAccessorImpl.invoke(NativeMethodAccessorImpl.java:77)\njava.base/jdk.internal.reflect.DelegatingMethodAccessorImpl.invoke(DelegatingMethodAccessorImpl.java:43)\njava.base/java.lang.reflect.Method.invoke(Method.java:568)\norg.testng.internal.MethodInvocationHelper.invokeMethod(MethodInvocationHelper.java:133)\norg.testng.internal.TestInvoker.invokeMethod(TestInvoker.java:598)\norg.testng.internal.TestInvoker.invokeTestMethod(TestInvoker.java:173)\norg.testng.internal.MethodRunner.runInSequence(MethodRunner.java:46)\norg.testng.internal.TestInvoker$MethodInvocationAgent.invoke(TestInvoker.java:824)\norg.testng.internal.TestInvoker.invokeTestMethods(TestInvoker.java:146)\norg.testng.internal.TestMethodWorker.invokeTestMethods(TestMethodWorker.java:146)\norg.testng.internal.TestMethodWorker.run(TestMethodWorker.java:128)\njava.base/java.util.ArrayList.forEach(ArrayList.java:1511)\norg.testng.TestRunner.privateRun(TestRunner.java:794)\norg.testng.TestRunner.run(TestRunner.java:596)\norg.testng.SuiteRunner.runTest(SuiteRunner.java:377)\norg.testng.SuiteRunner.runSequentially(SuiteRunner.java:371)\norg.testng.SuiteRunner.privateRun(SuiteRunner.java:332)\norg.testng.SuiteRunner.run(SuiteRunner.java:276)\norg.testng.SuiteRunnerWorker.runSuite(SuiteRunnerWorker.java:53)\norg.testng.SuiteRunnerWorker.run(SuiteRunnerWorker.java:96)\norg.testng.TestNG.runSuitesSequentially(TestNG.java:1212)\norg.testng.TestNG.runSuitesLocally(TestNG.java:1134)\norg.testng.TestNG.runSuites(TestNG.java:1063)\norg.testng.TestNG.run(TestNG.java:1031)\norg.apache.maven.surefire.testng.TestNGExecutor.run(TestNGExecutor.java:136)\norg.apache.maven.surefire.testng.TestNGDirectoryTestSuite.executeMulti(TestNGDirectoryTestSuite.java:193)\norg.apache.maven.surefire.testng.TestNGDirectoryTestSuite.execute(TestNGDirectoryTestSuite.java:94)\norg.apache.maven.surefire.testng.TestNGProvider.invoke(TestNGProvider.java:145)\norg.apache.maven.surefire.booter.ForkedBooter.runSuitesInProcess(ForkedBooter.java:428)\norg.apache.maven.surefire.booter.ForkedBooter.execute(ForkedBooter.java:162)\norg.apache.maven.surefire.booter.ForkedBooter.run(ForkedBooter.java:562)\norg.apache.maven.surefire.booter.ForkedBooter.main(ForkedBooter.java:548)\n]]"
      } ],
      "stepsCount" : 0,
      "attachmentsCount" : 1,
      "shouldDisplayMessage" : false,
      "hasContent" : true
    }, {
      "name" : "API Action [CompareJSON] failed. With the following test data [Couldn't parse the desired file. [nullspecialCharacters.json].].",
      "time" : {
        "start" : 1635970058017,
        "stop" : 1635970058017,
        "duration" : 0
      },
      "status" : "passed",
      "steps" : [ ],
      "attachments" : [ ],
      "parameters" : [ {
        "name" : "actionCounter",
        "value" : "428"
      }, {
        "name" : "logText",
        "value" : "API Action [CompareJSON] failed. With the following test data [Couldn't parse the desired file. [nullspecialCharacters.json].]."
      }, {
        "name" : "attachments",
        "value" : "[[], null, null]"
      } ],
      "stepsCount" : 0,
      "attachmentsCount" : 0,
      "shouldDisplayMessage" : false,
      "hasContent" : true
    } ],
    "attachments" : [ {
      "uid" : "f20aa5f16dcf7a5c",
      "name" : "Attachment: SHAFT Engine Logs - Current Method log: specialCharacters",
      "source" : "f20aa5f16dcf7a5c.txt",
      "type" : "text/plain",
      "size" : 1382
    } ],
    "parameters" : [ ],
    "stepsCount" : 3,
    "attachmentsCount" : 2,
    "shouldDisplayMessage" : true,
    "hasContent" : true
  },
  "afterStages" : [ {
    "name" : "teardownActivities",
    "time" : {
      "start" : 1635970123221,
      "stop" : 1635970123854,
      "duration" : 633
    },
    "description" : "",
    "status" : "passed",
    "steps" : [ {
      "name" : "Successfully Closed All Drivers.",
      "time" : {
        "start" : 1635970123221,
        "stop" : 1635970123221,
        "duration" : 0
      },
      "status" : "passed",
      "steps" : [ ],
      "attachments" : [ ],
      "parameters" : [ {
        "name" : "actionCounter",
        "value" : "503"
      }, {
        "name" : "logText",
        "value" : "Successfully Closed All Drivers."
      } ],
      "stepsCount" : 0,
      "attachmentsCount" : 0,
      "shouldDisplayMessage" : false,
      "hasContent" : true
    }, {
      "name" : "Issue Summary: Total Issues = 9, New issues for Failed Tests = 7, Open issues for Passed Tests = 2, Open issues for Failed Tests = 0. Kindly check the attached Issue details.",
      "time" : {
        "start" : 1635970123231,
        "stop" : 1635970123232,
        "duration" : 1
      },
      "status" : "passed",
      "steps" : [ ],
      "attachments" : [ {
        "uid" : "facdf5f0d6c25006",
        "name" : "Attachment: SHAFT Engine Logs - Issues log CSV: 20211103-200843",
        "source" : "facdf5f0d6c25006.csv",
        "type" : "text/csv",
        "size" : 1158
      } ],
      "parameters" : [ {
        "name" : "actionCounter",
        "value" : "504"
      }, {
        "name" : "logText",
        "value" : "Issue Summary: Total Issues = 9, New issues for Failed Tests = 7, Open issues for Passed Tests = 2, Open issues for Failed Tests = 0. Kindly check the attached Issue details."
      }, {
        "name" : "attachments",
        "value" : "[[SHAFT Engine Logs, Issues log CSV: 20211103-200843, java.io.ByteArrayInputStream@56d1c985]]"
      } ],
      "stepsCount" : 0,
      "attachmentsCount" : 1,
      "shouldDisplayMessage" : false,
      "hasContent" : true
    } ],
    "attachments" : [ {
      "uid" : "5cf25f0f755aff70",
      "name" : "Attachment: SHAFT Engine Logs - Execution log: 20211103-200843",
      "source" : "5cf25f0f755aff70.txt",
      "type" : "text/plain",
      "size" : 233900
    }, {
      "uid" : "3cc7fe4242700ef1",
      "name" : "Attachment: HTML - Extent Emailable Execution Report",
      "source" : "3cc7fe4242700ef1.html",
      "type" : "text/html",
      "size" : 6815099
    } ],
    "parameters" : [ ],
    "stepsCount" : 2,
    "attachmentsCount" : 3,
    "shouldDisplayMessage" : false,
    "hasContent" : true
  } ],
  "labels" : [ {
    "name" : "package",
    "value" : "testPackage01.Test_JsonCompareWithSpecialCharacters"
  }, {
    "name" : "testClass",
    "value" : "testPackage01.Test_JsonCompareWithSpecialCharacters"
  }, {
    "name" : "testMethod",
    "value" : "specialCharacters"
  }, {
    "name" : "parentSuite",
    "value" : "SHAFT: Custom Suite"
  }, {
    "name" : "suite",
    "value" : "SHAFT: Custom Test"
  }, {
    "name" : "subSuite",
    "value" : "testPackage01.Test_JsonCompareWithSpecialCharacters"
  }, {
    "name" : "host",
    "value" : "Mac-1635969573457.local"
  }, {
    "name" : "thread",
    "value" : "2286@Mac-1635969573457.local.main(1)"
  }, {
    "name" : "framework",
    "value" : "testng"
  }, {
    "name" : "language",
    "value" : "java"
  }, {
    "name" : "resultFormat",
    "value" : "allure2"
  } ],
  "parameters" : [ ],
  "links" : [ ],
  "hidden" : false,
  "retry" : false,
  "extra" : {
    "severity" : "normal",
    "retries" : [ ],
    "categories" : [ {
      "name" : "Product defects",
      "matchedStatuses" : [ ],
      "flaky" : false
    } ],
    "history" : {
      "statistic" : {
        "failed" : 2,
        "broken" : 0,
        "skipped" : 0,
        "passed" : 19,
        "unknown" : 0,
        "total" : 21
      },
      "items" : [ {
        "uid" : "5b94f3853637b5d3",
        "reportUrl" : "https://MohabMohie.github.io/SHAFT_ENGINE/allure/macOS/Web/864//#testresult/5b94f3853637b5d3",
        "status" : "passed",
        "time" : {
          "start" : 1635917064807,
          "stop" : 1635917064830,
          "duration" : 23
        }
      }, {
        "uid" : "62f28c90c762a67e",
        "reportUrl" : "https://MohabMohie.github.io/SHAFT_ENGINE/allure/macOS/Web/856//#testresult/62f28c90c762a67e",
        "status" : "failed",
        "statusDetails" : "API Action [CompareJSON] failed. With the following test data [Couldn't parse the desired file. [nullspecialCharacters.json].].",
        "time" : {
          "start" : 1635804208080,
          "stop" : 1635804208118,
          "duration" : 38
        }
      }, {
        "uid" : "e72317d9d68e261e",
        "reportUrl" : "https://MohabMohie.github.io/SHAFT_ENGINE/allure/macOS/Web/853//#testresult/e72317d9d68e261e",
        "status" : "passed",
        "time" : {
          "start" : 1635751691439,
          "stop" : 1635751691466,
          "duration" : 27
        }
      }, {
        "uid" : "8a00223206dcc9f3",
        "reportUrl" : "https://MohabMohie.github.io/SHAFT_ENGINE/allure/macOS/Web/847//#testresult/8a00223206dcc9f3",
        "status" : "passed",
        "time" : {
          "start" : 1635625343680,
          "stop" : 1635625343702,
          "duration" : 22
        }
      }, {
        "uid" : "cbc925c159004cb8",
        "reportUrl" : "https://MohabMohie.github.io/SHAFT_ENGINE/allure/macOS/Web/845//#testresult/cbc925c159004cb8",
        "status" : "passed",
        "time" : {
          "start" : 1635621607645,
          "stop" : 1635621607679,
          "duration" : 34
        }
      }, {
        "uid" : "9597b998005f7f5b",
        "reportUrl" : "https://MohabMohie.github.io/SHAFT_ENGINE/allure/macOS/Web/844//#testresult/9597b998005f7f5b",
        "status" : "passed",
        "time" : {
          "start" : 1635621183826,
          "stop" : 1635621184558,
          "duration" : 732
        }
      }, {
        "uid" : "2d6c8edad1071eb2",
        "reportUrl" : "https://MohabMohie.github.io/SHAFT_ENGINE/allure/macOS/Web/842//#testresult/2d6c8edad1071eb2",
        "status" : "passed",
        "time" : {
          "start" : 1635558558005,
          "stop" : 1635558558028,
          "duration" : 23
        }
      }, {
        "uid" : "82acd0148da1e2bd",
        "reportUrl" : "https://MohabMohie.github.io/SHAFT_ENGINE/allure/macOS/Web/839//#testresult/82acd0148da1e2bd",
        "status" : "passed",
        "time" : {
          "start" : 1635472540431,
          "stop" : 1635472540455,
          "duration" : 24
        }
      }, {
        "uid" : "6e0ce480b3fdaf8e",
        "reportUrl" : "https://MohabMohie.github.io/SHAFT_ENGINE/allure/macOS/Web/836//#testresult/6e0ce480b3fdaf8e",
        "status" : "passed",
        "time" : {
          "start" : 1635415106401,
          "stop" : 1635415106485,
          "duration" : 84
        }
      }, {
        "uid" : "e403427c3fc73b2a",
        "reportUrl" : "https://MohabMohie.github.io/SHAFT_ENGINE/allure/macOS/Web/835//#testresult/e403427c3fc73b2a",
        "status" : "passed",
        "time" : {
          "start" : 1635386004871,
          "stop" : 1635386005297,
          "duration" : 426
        }
      }, {
        "uid" : "443dce7e56557729",
        "reportUrl" : "https://MohabMohie.github.io/SHAFT_ENGINE/allure/macOS/Web/832//#testresult/443dce7e56557729",
        "status" : "passed",
        "time" : {
          "start" : 1635274712218,
          "stop" : 1635274712245,
          "duration" : 27
        }
      }, {
        "uid" : "605f208798bace8e",
        "reportUrl" : "https://MohabMohie.github.io/SHAFT_ENGINE/allure/macOS/Web/828//#testresult/605f208798bace8e",
        "status" : "passed",
        "time" : {
          "start" : 1635213045474,
          "stop" : 1635213045511,
          "duration" : 37
        }
      }, {
        "uid" : "17ec0ac85da3bdf0",
        "reportUrl" : "https://MohabMohie.github.io/SHAFT_ENGINE/allure/macOS/Web/826//#testresult/17ec0ac85da3bdf0",
        "status" : "passed",
        "time" : {
          "start" : 1635170095197,
          "stop" : 1635170095224,
          "duration" : 27
        }
      }, {
        "uid" : "f00054912c31abeb",
        "reportUrl" : "https://MohabMohie.github.io/SHAFT_ENGINE/allure/macOS/Web/824//#testresult/f00054912c31abeb",
        "status" : "passed",
        "time" : {
          "start" : 1635127242186,
          "stop" : 1635127242213,
          "duration" : 27
        }
      }, {
        "uid" : "c2d538760f326d46",
        "reportUrl" : "https://MohabMohie.github.io/SHAFT_ENGINE/allure/macOS/Web/822//#testresult/c2d538760f326d46",
        "status" : "passed",
        "time" : {
          "start" : 1635023390201,
          "stop" : 1635023390233,
          "duration" : 32
        }
      }, {
        "uid" : "fb3dfca4273544ac",
        "reportUrl" : "https://MohabMohie.github.io/SHAFT_ENGINE/allure/macOS/Web/816//#testresult/fb3dfca4273544ac",
        "status" : "passed",
        "time" : {
          "start" : 1634782088756,
          "stop" : 1634782088783,
          "duration" : 27
        }
      }, {
        "uid" : "453de73cbb5d6bb2",
        "reportUrl" : "https://MohabMohie.github.io/SHAFT_ENGINE/allure/macOS/Web/813//#testresult/453de73cbb5d6bb2",
        "status" : "passed",
        "time" : {
          "start" : 1634608944050,
          "stop" : 1634608944076,
          "duration" : 26
        }
      }, {
        "uid" : "ecfac2ce6afba075",
        "reportUrl" : "https://MohabMohie.github.io/SHAFT_ENGINE/allure/macOS/Web/804//#testresult/ecfac2ce6afba075",
        "status" : "passed",
        "time" : {
          "start" : 1634158590920,
          "stop" : 1634158591010,
          "duration" : 90
        }
      }, {
        "uid" : "4a6b2294481b852f",
        "reportUrl" : "https://MohabMohie.github.io/SHAFT_ENGINE/allure/macOS/Web/801//#testresult/4a6b2294481b852f",
        "status" : "passed",
        "time" : {
          "start" : 1634004215045,
          "stop" : 1634004215121,
          "duration" : 76
        }
      }, {
        "uid" : "b1b4ab2b185fef13",
        "reportUrl" : "https://MohabMohie.github.io/SHAFT_ENGINE/allure/macOS/Web/800//#testresult/b1b4ab2b185fef13",
        "status" : "passed",
        "time" : {
          "start" : 1633964964327,
          "stop" : 1633964964351,
          "duration" : 24
        }
      } ]
    },
    "tags" : [ ]
  },
  "source" : "263c5be6fec96a18.json",
  "parameterValues" : [ ]
}