{
  "uid" : "8bf45cdbf603f578",
  "name" : "f33",
  "fullName" : "testPackage01.Test_NewValidationHelper.f33",
  "historyId" : "c86091caae292bffb9efd84314332710",
  "time" : {
    "start" : 1635970032657,
    "stop" : 1635970032740,
    "duration" : 83
  },
  "status" : "skipped",
  "statusMessage" : "Driver Factory Action [createNewLocalDriverInstanceForSafari] failed. With the following test data [Failed to create a session onDESKTOP_SAFARI].",
  "statusTrace" : "java.lang.AssertionError: Driver Factory Action [createNewLocalDriverInstanceForSafari] failed. With the following test data [Failed to create a session onDESKTOP_SAFARI].\n\tat org.testng.Assert.fail(Assert.java:99)\n\tat com.shaft.driver.DriverFactoryHelper.failAction(DriverFactoryHelper.java:306)\n\tat com.shaft.driver.DriverFactoryHelper.createNewLocalDriverInstanceForSafari(DriverFactoryHelper.java:576)\n\tat com.shaft.driver.DriverFactoryHelper.createNewLocalDriverInstance(DriverFactoryHelper.java:596)\n\tat com.shaft.driver.DriverFactoryHelper.getDriver(DriverFactoryHelper.java:815)\n\tat com.shaft.driver.DriverFactoryHelper.getDriver(DriverFactoryHelper.java:140)\n\tat com.shaft.driver.DriverFactory.getDriver(DriverFactory.java:27)\n\tat com.shaft.gui.browser.BrowserFactory.getBrowser(BrowserFactory.java:20)\n\tat testPackage01.Test_NewValidationHelper.openBrowser(Test_NewValidationHelper.java:326)\n\tat java.base/jdk.internal.reflect.NativeMethodAccessorImpl.invoke0(Native Method)\n\tat java.base/jdk.internal.reflect.NativeMethodAccessorImpl.invoke(NativeMethodAccessorImpl.java:77)\n\tat java.base/jdk.internal.reflect.DelegatingMethodAccessorImpl.invoke(DelegatingMethodAccessorImpl.java:43)\n\tat java.base/java.lang.reflect.Method.invoke(Method.java:568)\n\tat org.testng.internal.MethodInvocationHelper.invokeMethod(MethodInvocationHelper.java:133)\n\tat org.testng.internal.MethodInvocationHelper.invokeMethodConsideringTimeout(MethodInvocationHelper.java:62)\n\tat org.testng.internal.ConfigInvoker.invokeConfigurationMethod(ConfigInvoker.java:385)\n\tat org.testng.internal.ConfigInvoker.invokeConfigurations(ConfigInvoker.java:321)\n\tat org.testng.internal.TestInvoker.runConfigMethods(TestInvoker.java:700)\n\tat org.testng.internal.TestInvoker.invokeMethod(TestInvoker.java:527)\n\tat org.testng.internal.TestInvoker.invokeTestMethod(TestInvoker.java:173)\n\tat org.testng.internal.MethodRunner.runInSequence(MethodRunner.java:46)\n\tat org.testng.internal.TestInvoker$MethodInvocationAgent.invoke(TestInvoker.java:824)\n\tat org.testng.internal.TestInvoker.invokeTestMethods(TestInvoker.java:146)\n\tat org.testng.internal.TestMethodWorker.invokeTestMethods(TestMethodWorker.java:146)\n\tat org.testng.internal.TestMethodWorker.run(TestMethodWorker.java:128)\n\tat java.base/java.util.ArrayList.forEach(ArrayList.java:1511)\n\tat org.testng.TestRunner.privateRun(TestRunner.java:794)\n\tat org.testng.TestRunner.run(TestRunner.java:596)\n\tat org.testng.SuiteRunner.runTest(SuiteRunner.java:377)\n\tat org.testng.SuiteRunner.runSequentially(SuiteRunner.java:371)\n\tat org.testng.SuiteRunner.privateRun(SuiteRunner.java:332)\n\tat org.testng.SuiteRunner.run(SuiteRunner.java:276)\n\tat org.testng.SuiteRunnerWorker.runSuite(SuiteRunnerWorker.java:53)\n\tat org.testng.SuiteRunnerWorker.run(SuiteRunnerWorker.java:96)\n\tat org.testng.TestNG.runSuitesSequentially(TestNG.java:1212)\n\tat org.testng.TestNG.runSuitesLocally(TestNG.java:1134)\n\tat org.testng.TestNG.runSuites(TestNG.java:1063)\n\tat org.testng.TestNG.run(TestNG.java:1031)\n\tat org.apache.maven.surefire.testng.TestNGExecutor.run(TestNGExecutor.java:136)\n\tat org.apache.maven.surefire.testng.TestNGDirectoryTestSuite.executeMulti(TestNGDirectoryTestSuite.java:193)\n\tat org.apache.maven.surefire.testng.TestNGDirectoryTestSuite.execute(TestNGDirectoryTestSuite.java:94)\n\tat org.apache.maven.surefire.testng.TestNGProvider.invoke(TestNGProvider.java:145)\n\tat org.apache.maven.surefire.booter.ForkedBooter.runSuitesInProcess(ForkedBooter.java:428)\n\tat org.apache.maven.surefire.booter.ForkedBooter.execute(ForkedBooter.java:162)\n\tat org.apache.maven.surefire.booter.ForkedBooter.run(ForkedBooter.java:562)\n\tat org.apache.maven.surefire.booter.ForkedBooter.main(ForkedBooter.java:548)\n",
  "flaky" : false,
  "newFailed" : false,
  "beforeStages" : [ {
    "name" : "setupActivities",
    "time" : {
      "start" : 1635969692521,
      "stop" : 1635969695527,
      "duration" : 3006
    },
    "description" : "",
    "status" : "passed",
    "steps" : [ {
      "name" : "Folder [allure-results] was not found, it may have already been deleted.",
      "time" : {
        "start" : 1635969692576,
        "stop" : 1635969692578,
        "duration" : 2
      },
      "status" : "passed",
      "steps" : [ ],
      "attachments" : [ ],
      "parameters" : [ {
        "name" : "actionCounter",
        "value" : "1"
      }, {
        "name" : "logText",
        "value" : "Folder [allure-results] was not found, it may have already been deleted."
      } ],
      "stepsCount" : 0,
      "attachmentsCount" : 0,
      "shouldDisplayMessage" : false,
      "hasContent" : true
    }, {
      "name" : "Folder [/Users/runner/.m2/repository/allure/] was not found, it may have already been deleted.",
      "time" : {
        "start" : 1635969692579,
        "stop" : 1635969692579,
        "duration" : 0
      },
      "status" : "passed",
      "steps" : [ ],
      "attachments" : [ ],
      "parameters" : [ {
        "name" : "actionCounter",
        "value" : "2"
      }, {
        "name" : "logText",
        "value" : "Folder [/Users/runner/.m2/repository/allure/] was not found, it may have already been deleted."
      } ],
      "stepsCount" : 0,
      "attachmentsCount" : 0,
      "shouldDisplayMessage" : false,
      "hasContent" : true
    }, {
      "name" : "Downloading a file from this url [https://repo.maven.apache.org/maven2/io/qameta/allure/allure-commandline/2.16.0/allure-commandline-2.16.0.zip] to this directory [target/allureBinary.zip], please wait as downloading may take some time...",
      "time" : {
        "start" : 1635969692580,
        "stop" : 1635969692580,
        "duration" : 0
      },
      "status" : "passed",
      "steps" : [ ],
      "attachments" : [ ],
      "parameters" : [ {
        "name" : "actionCounter",
        "value" : "3"
      }, {
        "name" : "logText",
        "value" : "Downloading a file from this url [https://repo.maven.apache.org/maven2/io/qameta/allure/allure-commandline/2.16.0/allure-commandline-2.16.0.zip] to this directory [target/allureBinary.zip], please wait as downloading may take some time..."
      } ],
      "stepsCount" : 0,
      "attachmentsCount" : 0,
      "shouldDisplayMessage" : false,
      "hasContent" : true
    }, {
      "name" : "Terminal Action [PerformTerminalCommands] successfully performed. With the following test data [Host Name: \"localHost\" | Command: \"chmod u+x /Users/runner/.m2/repository/allure/allure-2.16.0/bin/allure\" | Exit Status: \"0\"].",
      "time" : {
        "start" : 1635969694637,
        "stop" : 1635969694637,
        "duration" : 0
      },
      "status" : "passed",
      "steps" : [ ],
      "attachments" : [ ],
      "parameters" : [ {
        "name" : "actionCounter",
        "value" : "4"
      }, {
        "name" : "logText",
        "value" : "Terminal Action [PerformTerminalCommands] successfully performed. With the following test data [Host Name: \"localHost\" | Command: \"chmod u+x /Users/runner/.m2/repository/allure/allure-2.16.0/bin/allure\" | Exit Status: \"0\"]."
      } ],
      "stepsCount" : 0,
      "attachmentsCount" : 0,
      "shouldDisplayMessage" : false,
      "hasContent" : true
    }, {
      "name" : "Terminal Action [PerformTerminalCommands] successfully performed. With the following test data [Host Name: \"localHost\" | Command: \"chmod u+x generate_allure_report.sh\" | Exit Status: \"0\"].",
      "time" : {
        "start" : 1635969694644,
        "stop" : 1635969694644,
        "duration" : 0
      },
      "status" : "passed",
      "steps" : [ ],
      "attachments" : [ ],
      "parameters" : [ {
        "name" : "actionCounter",
        "value" : "5"
      }, {
        "name" : "logText",
        "value" : "Terminal Action [PerformTerminalCommands] successfully performed. With the following test data [Host Name: \"localHost\" | Command: \"chmod u+x generate_allure_report.sh\" | Exit Status: \"0\"]."
      } ],
      "stepsCount" : 0,
      "attachmentsCount" : 0,
      "shouldDisplayMessage" : false,
      "hasContent" : true
    }, {
      "name" : "Folder [extent-reports] was not found, it may have already been deleted.",
      "time" : {
        "start" : 1635969694753,
        "stop" : 1635969694753,
        "duration" : 0
      },
      "status" : "passed",
      "steps" : [ ],
      "attachments" : [ ],
      "parameters" : [ {
        "name" : "actionCounter",
        "value" : "6"
      }, {
        "name" : "logText",
        "value" : "Folder [extent-reports] was not found, it may have already been deleted."
      } ],
      "stepsCount" : 0,
      "attachmentsCount" : 0,
      "shouldDisplayMessage" : false,
      "hasContent" : true
    } ],
    "attachments" : [ {
      "uid" : "3ac097f4e97683ad",
      "name" : "Attachment: SHAFT Links - Important",
      "source" : "3ac097f4e97683ad.uri",
      "type" : "text/uri-list",
      "size" : 346
    }, {
      "uid" : "49cc6448b922bd10",
      "name" : "Attachment: Properties - testNG",
      "source" : "49cc6448b922bd10.properties",
      "type" : "text/plain",
      "size" : 492
    }, {
      "uid" : "859f7009014bf31",
      "name" : "Attachment: Properties - ExecutionPlatform",
      "source" : "859f7009014bf31.properties",
      "type" : "text/plain",
      "size" : 394
    }, {
      "uid" : "c1c33a967c992c9c",
      "name" : "Attachment: Properties - path",
      "source" : "c1c33a967c992c9c.properties",
      "type" : "text/plain",
      "size" : 687
    }, {
      "uid" : "a9f473a449a11716",
      "name" : "Attachment: Properties - video",
      "source" : "a9f473a449a11716.properties",
      "type" : "text/plain",
      "size" : 763
    }, {
      "uid" : "5a314a34a5d06881",
      "name" : "Attachment: Properties - pattern",
      "source" : "5a314a34a5d06881.properties",
      "type" : "text/plain",
      "size" : 564
    }, {
      "uid" : "f8f0622dcbabaf9a",
      "name" : "Attachment: Properties - internal",
      "source" : "f8f0622dcbabaf9a.properties",
      "type" : "text/plain",
      "size" : 117
    }, {
      "uid" : "7a620f90ce9293f4",
      "name" : "Attachment: Properties - MobileCapabilities",
      "source" : "7a620f90ce9293f4.properties",
      "type" : "text/plain",
      "size" : 470
    }, {
      "uid" : "981d16b64b348d54",
      "name" : "Attachment: Properties - cucumber",
      "source" : "981d16b64b348d54.properties",
      "type" : "text/plain",
      "size" : 226
    }, {
      "uid" : "6e7251f16b951fdd",
      "name" : "Attachment: Properties - PlatformFlags",
      "source" : "6e7251f16b951fdd.properties",
      "type" : "text/plain",
      "size" : 588
    }, {
      "uid" : "65e198bbf86e1440",
      "name" : "Attachment: Properties - Timeouts",
      "source" : "65e198bbf86e1440.properties",
      "type" : "text/plain",
      "size" : 722
    }, {
      "uid" : "62cf8bd369e71b9c",
      "name" : "Attachment: Properties - Reporting",
      "source" : "62cf8bd369e71b9c.properties",
      "type" : "text/plain",
      "size" : 583
    }, {
      "uid" : "74082898f902b913",
      "name" : "Attachment: Properties - browserStack",
      "source" : "74082898f902b913.properties",
      "type" : "text/plain",
      "size" : 877
    }, {
      "uid" : "15c30b5260077f7e",
      "name" : "Attachment: Properties - VisualValidations",
      "source" : "15c30b5260077f7e.properties",
      "type" : "text/plain",
      "size" : 723
    } ],
    "parameters" : [ ],
    "stepsCount" : 6,
    "attachmentsCount" : 14,
    "shouldDisplayMessage" : false,
    "hasContent" : true
  } ],
  "testStage" : {
    "status" : "skipped",
    "statusMessage" : "Driver Factory Action [createNewLocalDriverInstanceForSafari] failed. With the following test data [Failed to create a session onDESKTOP_SAFARI].",
    "statusTrace" : "java.lang.AssertionError: Driver Factory Action [createNewLocalDriverInstanceForSafari] failed. With the following test data [Failed to create a session onDESKTOP_SAFARI].\n\tat org.testng.Assert.fail(Assert.java:99)\n\tat com.shaft.driver.DriverFactoryHelper.failAction(DriverFactoryHelper.java:306)\n\tat com.shaft.driver.DriverFactoryHelper.createNewLocalDriverInstanceForSafari(DriverFactoryHelper.java:576)\n\tat com.shaft.driver.DriverFactoryHelper.createNewLocalDriverInstance(DriverFactoryHelper.java:596)\n\tat com.shaft.driver.DriverFactoryHelper.getDriver(DriverFactoryHelper.java:815)\n\tat com.shaft.driver.DriverFactoryHelper.getDriver(DriverFactoryHelper.java:140)\n\tat com.shaft.driver.DriverFactory.getDriver(DriverFactory.java:27)\n\tat com.shaft.gui.browser.BrowserFactory.getBrowser(BrowserFactory.java:20)\n\tat testPackage01.Test_NewValidationHelper.openBrowser(Test_NewValidationHelper.java:326)\n\tat java.base/jdk.internal.reflect.NativeMethodAccessorImpl.invoke0(Native Method)\n\tat java.base/jdk.internal.reflect.NativeMethodAccessorImpl.invoke(NativeMethodAccessorImpl.java:77)\n\tat java.base/jdk.internal.reflect.DelegatingMethodAccessorImpl.invoke(DelegatingMethodAccessorImpl.java:43)\n\tat java.base/java.lang.reflect.Method.invoke(Method.java:568)\n\tat org.testng.internal.MethodInvocationHelper.invokeMethod(MethodInvocationHelper.java:133)\n\tat org.testng.internal.MethodInvocationHelper.invokeMethodConsideringTimeout(MethodInvocationHelper.java:62)\n\tat org.testng.internal.ConfigInvoker.invokeConfigurationMethod(ConfigInvoker.java:385)\n\tat org.testng.internal.ConfigInvoker.invokeConfigurations(ConfigInvoker.java:321)\n\tat org.testng.internal.TestInvoker.runConfigMethods(TestInvoker.java:700)\n\tat org.testng.internal.TestInvoker.invokeMethod(TestInvoker.java:527)\n\tat org.testng.internal.TestInvoker.invokeTestMethod(TestInvoker.java:173)\n\tat org.testng.internal.MethodRunner.runInSequence(MethodRunner.java:46)\n\tat org.testng.internal.TestInvoker$MethodInvocationAgent.invoke(TestInvoker.java:824)\n\tat org.testng.internal.TestInvoker.invokeTestMethods(TestInvoker.java:146)\n\tat org.testng.internal.TestMethodWorker.invokeTestMethods(TestMethodWorker.java:146)\n\tat org.testng.internal.TestMethodWorker.run(TestMethodWorker.java:128)\n\tat java.base/java.util.ArrayList.forEach(ArrayList.java:1511)\n\tat org.testng.TestRunner.privateRun(TestRunner.java:794)\n\tat org.testng.TestRunner.run(TestRunner.java:596)\n\tat org.testng.SuiteRunner.runTest(SuiteRunner.java:377)\n\tat org.testng.SuiteRunner.runSequentially(SuiteRunner.java:371)\n\tat org.testng.SuiteRunner.privateRun(SuiteRunner.java:332)\n\tat org.testng.SuiteRunner.run(SuiteRunner.java:276)\n\tat org.testng.SuiteRunnerWorker.runSuite(SuiteRunnerWorker.java:53)\n\tat org.testng.SuiteRunnerWorker.run(SuiteRunnerWorker.java:96)\n\tat org.testng.TestNG.runSuitesSequentially(TestNG.java:1212)\n\tat org.testng.TestNG.runSuitesLocally(TestNG.java:1134)\n\tat org.testng.TestNG.runSuites(TestNG.java:1063)\n\tat org.testng.TestNG.run(TestNG.java:1031)\n\tat org.apache.maven.surefire.testng.TestNGExecutor.run(TestNGExecutor.java:136)\n\tat org.apache.maven.surefire.testng.TestNGDirectoryTestSuite.executeMulti(TestNGDirectoryTestSuite.java:193)\n\tat org.apache.maven.surefire.testng.TestNGDirectoryTestSuite.execute(TestNGDirectoryTestSuite.java:94)\n\tat org.apache.maven.surefire.testng.TestNGProvider.invoke(TestNGProvider.java:145)\n\tat org.apache.maven.surefire.booter.ForkedBooter.runSuitesInProcess(ForkedBooter.java:428)\n\tat org.apache.maven.surefire.booter.ForkedBooter.execute(ForkedBooter.java:162)\n\tat org.apache.maven.surefire.booter.ForkedBooter.run(ForkedBooter.java:562)\n\tat org.apache.maven.surefire.booter.ForkedBooter.main(ForkedBooter.java:548)\n",
    "steps" : [ ],
    "attachments" : [ {
      "uid" : "2488fa7a3c788559",
      "name" : "Attachment: SHAFT Engine Logs - Current Method log: f33",
      "source" : "2488fa7a3c788559.txt",
      "type" : "text/plain",
      "size" : 417
    } ],
    "parameters" : [ ],
    "stepsCount" : 0,
    "attachmentsCount" : 1,
    "shouldDisplayMessage" : true,
    "hasContent" : true
  },
  "afterStages" : [ {
    "name" : "teardownActivities",
    "time" : {
      "start" : 1635970123221,
      "stop" : 1635970123854,
      "duration" : 633
    },
    "description" : "",
    "status" : "passed",
    "steps" : [ {
      "name" : "Successfully Closed All Drivers.",
      "time" : {
        "start" : 1635970123221,
        "stop" : 1635970123221,
        "duration" : 0
      },
      "status" : "passed",
      "steps" : [ ],
      "attachments" : [ ],
      "parameters" : [ {
        "name" : "actionCounter",
        "value" : "503"
      }, {
        "name" : "logText",
        "value" : "Successfully Closed All Drivers."
      } ],
      "stepsCount" : 0,
      "attachmentsCount" : 0,
      "shouldDisplayMessage" : false,
      "hasContent" : true
    }, {
      "name" : "Issue Summary: Total Issues = 9, New issues for Failed Tests = 7, Open issues for Passed Tests = 2, Open issues for Failed Tests = 0. Kindly check the attached Issue details.",
      "time" : {
        "start" : 1635970123231,
        "stop" : 1635970123232,
        "duration" : 1
      },
      "status" : "passed",
      "steps" : [ ],
      "attachments" : [ {
        "uid" : "facdf5f0d6c25006",
        "name" : "Attachment: SHAFT Engine Logs - Issues log CSV: 20211103-200843",
        "source" : "facdf5f0d6c25006.csv",
        "type" : "text/csv",
        "size" : 1158
      } ],
      "parameters" : [ {
        "name" : "actionCounter",
        "value" : "504"
      }, {
        "name" : "logText",
        "value" : "Issue Summary: Total Issues = 9, New issues for Failed Tests = 7, Open issues for Passed Tests = 2, Open issues for Failed Tests = 0. Kindly check the attached Issue details."
      }, {
        "name" : "attachments",
        "value" : "[[SHAFT Engine Logs, Issues log CSV: 20211103-200843, java.io.ByteArrayInputStream@56d1c985]]"
      } ],
      "stepsCount" : 0,
      "attachmentsCount" : 1,
      "shouldDisplayMessage" : false,
      "hasContent" : true
    } ],
    "attachments" : [ {
      "uid" : "5cf25f0f755aff70",
      "name" : "Attachment: SHAFT Engine Logs - Execution log: 20211103-200843",
      "source" : "5cf25f0f755aff70.txt",
      "type" : "text/plain",
      "size" : 233900
    }, {
      "uid" : "3cc7fe4242700ef1",
      "name" : "Attachment: HTML - Extent Emailable Execution Report",
      "source" : "3cc7fe4242700ef1.html",
      "type" : "text/html",
      "size" : 6815099
    } ],
    "parameters" : [ ],
    "stepsCount" : 2,
    "attachmentsCount" : 3,
    "shouldDisplayMessage" : false,
    "hasContent" : true
  } ],
  "labels" : [ {
    "name" : "package",
    "value" : "testPackage01.Test_NewValidationHelper"
  }, {
    "name" : "testClass",
    "value" : "testPackage01.Test_NewValidationHelper"
  }, {
    "name" : "testMethod",
    "value" : "f33"
  }, {
    "name" : "parentSuite",
    "value" : "SHAFT: Custom Suite"
  }, {
    "name" : "suite",
    "value" : "SHAFT: Custom Test"
  }, {
    "name" : "subSuite",
    "value" : "testPackage01.Test_NewValidationHelper"
  }, {
    "name" : "host",
    "value" : "Mac-1635969573457.local"
  }, {
    "name" : "thread",
    "value" : "2286@Mac-1635969573457.local.main(1)"
  }, {
    "name" : "framework",
    "value" : "testng"
  }, {
    "name" : "language",
    "value" : "java"
  }, {
    "name" : "resultFormat",
    "value" : "allure2"
  } ],
  "parameters" : [ ],
  "links" : [ ],
  "hidden" : false,
  "retry" : false,
  "extra" : {
    "severity" : "normal",
    "retries" : [ ],
    "categories" : [ ],
    "history" : {
      "statistic" : {
        "failed" : 0,
        "broken" : 0,
        "skipped" : 12,
        "passed" : 9,
        "unknown" : 0,
        "total" : 21
      },
      "items" : [ {
        "uid" : "87730377382a4e52",
        "reportUrl" : "https://MohabMohie.github.io/SHAFT_ENGINE/allure/macOS/Web/864//#testresult/87730377382a4e52",
        "status" : "skipped",
        "statusDetails" : "Could not initialize class org.openqa.selenium.remote.UnreachableBrowserException",
        "time" : {
          "start" : 1635917045549,
          "stop" : 1635917045550,
          "duration" : 1
        }
      }, {
        "uid" : "75c0cdcade3d2cb6",
        "reportUrl" : "https://MohabMohie.github.io/SHAFT_ENGINE/allure/macOS/Web/856//#testresult/75c0cdcade3d2cb6",
        "status" : "skipped",
        "statusDetails" : "Could not initialize class org.openqa.selenium.remote.UnreachableBrowserException",
        "time" : {
          "start" : 1635804180635,
          "stop" : 1635804180643,
          "duration" : 8
        }
      }, {
        "uid" : "6ee113b3fb2f9d9",
        "reportUrl" : "https://MohabMohie.github.io/SHAFT_ENGINE/allure/macOS/Web/853//#testresult/6ee113b3fb2f9d9",
        "status" : "skipped",
        "statusDetails" : "Could not initialize class org.openqa.selenium.remote.UnreachableBrowserException",
        "time" : {
          "start" : 1635751675065,
          "stop" : 1635751675066,
          "duration" : 1
        }
      }, {
        "uid" : "f729a62e13607edb",
        "reportUrl" : "https://MohabMohie.github.io/SHAFT_ENGINE/allure/macOS/Web/847//#testresult/f729a62e13607edb",
        "status" : "skipped",
        "statusDetails" : "Could not initialize class org.openqa.selenium.remote.UnreachableBrowserException",
        "time" : {
          "start" : 1635625327150,
          "stop" : 1635625327151,
          "duration" : 1
        }
      }, {
        "uid" : "24bfedc9d043bfc9",
        "reportUrl" : "https://MohabMohie.github.io/SHAFT_ENGINE/allure/macOS/Web/845//#testresult/24bfedc9d043bfc9",
        "status" : "skipped",
        "statusDetails" : "Could not initialize class org.openqa.selenium.remote.UnreachableBrowserException",
        "time" : {
          "start" : 1635621590622,
          "stop" : 1635621590623,
          "duration" : 1
        }
      }, {
        "uid" : "4dcac991f3931566",
        "reportUrl" : "https://MohabMohie.github.io/SHAFT_ENGINE/allure/macOS/Web/844//#testresult/4dcac991f3931566",
        "status" : "skipped",
        "statusDetails" : "Could not initialize class org.openqa.selenium.remote.UnreachableBrowserException",
        "time" : {
          "start" : 1635621144617,
          "stop" : 1635621144700,
          "duration" : 83
        }
      }, {
        "uid" : "e86d8e025bc82bf2",
        "reportUrl" : "https://MohabMohie.github.io/SHAFT_ENGINE/allure/macOS/Web/842//#testresult/e86d8e025bc82bf2",
        "status" : "skipped",
        "statusDetails" : "Could not initialize class org.openqa.selenium.remote.UnreachableBrowserException",
        "time" : {
          "start" : 1635558536093,
          "stop" : 1635558536095,
          "duration" : 2
        }
      }, {
        "uid" : "37e23896c444c772",
        "reportUrl" : "https://MohabMohie.github.io/SHAFT_ENGINE/allure/macOS/Web/839//#testresult/37e23896c444c772",
        "status" : "passed",
        "time" : {
          "start" : 1635472487748,
          "stop" : 1635472487751,
          "duration" : 3
        }
      }, {
        "uid" : "2e2324d9bf60f8b8",
        "reportUrl" : "https://MohabMohie.github.io/SHAFT_ENGINE/allure/macOS/Web/836//#testresult/2e2324d9bf60f8b8",
        "status" : "skipped",
        "statusDetails" : "Could not initialize class org.openqa.selenium.remote.UnreachableBrowserException",
        "time" : {
          "start" : 1635415089263,
          "stop" : 1635415089265,
          "duration" : 2
        }
      }, {
        "uid" : "70f711f9ee787b14",
        "reportUrl" : "https://MohabMohie.github.io/SHAFT_ENGINE/allure/macOS/Web/835//#testresult/70f711f9ee787b14",
        "status" : "skipped",
        "statusDetails" : "Could not initialize class org.openqa.selenium.remote.UnreachableBrowserException",
        "time" : {
          "start" : 1635385965344,
          "stop" : 1635385965428,
          "duration" : 84
        }
      }, {
        "uid" : "2be2b228f6d96519",
        "reportUrl" : "https://MohabMohie.github.io/SHAFT_ENGINE/allure/macOS/Web/832//#testresult/2be2b228f6d96519",
        "status" : "skipped",
        "statusDetails" : "Could not initialize class org.openqa.selenium.remote.UnreachableBrowserException",
        "time" : {
          "start" : 1635274700759,
          "stop" : 1635274700761,
          "duration" : 2
        }
      }, {
        "uid" : "4c390b60ce398b4c",
        "reportUrl" : "https://MohabMohie.github.io/SHAFT_ENGINE/allure/macOS/Web/828//#testresult/4c390b60ce398b4c",
        "status" : "skipped",
        "statusDetails" : "Could not initialize class org.openqa.selenium.remote.UnreachableBrowserException",
        "time" : {
          "start" : 1635213023696,
          "stop" : 1635213023697,
          "duration" : 1
        }
      }, {
        "uid" : "fde77bfb3fef4f45",
        "reportUrl" : "https://MohabMohie.github.io/SHAFT_ENGINE/allure/macOS/Web/826//#testresult/fde77bfb3fef4f45",
        "status" : "passed",
        "time" : {
          "start" : 1635170037205,
          "stop" : 1635170037207,
          "duration" : 2
        }
      }, {
        "uid" : "76fc5c42c813ad52",
        "reportUrl" : "https://MohabMohie.github.io/SHAFT_ENGINE/allure/macOS/Web/824//#testresult/76fc5c42c813ad52",
        "status" : "passed",
        "time" : {
          "start" : 1635127183871,
          "stop" : 1635127183873,
          "duration" : 2
        }
      }, {
        "uid" : "4bf7c7b0abdf7d42",
        "reportUrl" : "https://MohabMohie.github.io/SHAFT_ENGINE/allure/macOS/Web/822//#testresult/4bf7c7b0abdf7d42",
        "status" : "passed",
        "time" : {
          "start" : 1635023335797,
          "stop" : 1635023335799,
          "duration" : 2
        }
      }, {
        "uid" : "dd201f2af81274e9",
        "reportUrl" : "https://MohabMohie.github.io/SHAFT_ENGINE/allure/macOS/Web/816//#testresult/dd201f2af81274e9",
        "status" : "passed",
        "time" : {
          "start" : 1634782028699,
          "stop" : 1634782028700,
          "duration" : 1
        }
      }, {
        "uid" : "6f4bbaa2e84ac157",
        "reportUrl" : "https://MohabMohie.github.io/SHAFT_ENGINE/allure/macOS/Web/813//#testresult/6f4bbaa2e84ac157",
        "status" : "passed",
        "time" : {
          "start" : 1634608890771,
          "stop" : 1634608890772,
          "duration" : 1
        }
      }, {
        "uid" : "dd162246b506d5a1",
        "reportUrl" : "https://MohabMohie.github.io/SHAFT_ENGINE/allure/macOS/Web/804//#testresult/dd162246b506d5a1",
        "status" : "passed",
        "time" : {
          "start" : 1634158531217,
          "stop" : 1634158531232,
          "duration" : 15
        }
      }, {
        "uid" : "4e5c566c5e643dfa",
        "reportUrl" : "https://MohabMohie.github.io/SHAFT_ENGINE/allure/macOS/Web/801//#testresult/4e5c566c5e643dfa",
        "status" : "passed",
        "time" : {
          "start" : 1634004157179,
          "stop" : 1634004157182,
          "duration" : 3
        }
      }, {
        "uid" : "2f07af58b8783df1",
        "reportUrl" : "https://MohabMohie.github.io/SHAFT_ENGINE/allure/macOS/Web/800//#testresult/2f07af58b8783df1",
        "status" : "passed",
        "time" : {
          "start" : 1633964884202,
          "stop" : 1633964884204,
          "duration" : 2
        }
      } ]
    },
    "tags" : [ ]
  },
  "source" : "8bf45cdbf603f578.json",
  "parameterValues" : [ ]
}