{
  "uid" : "f4061bb8386fc83f",
  "name" : "f3_1",
  "fullName" : "testPackage01.Test_NewValidationHelper.f3_1",
  "historyId" : "eeb601a92e1e55857588ad433767f280",
  "time" : {
    "start" : 1635970033289,
    "stop" : 1635970033372,
    "duration" : 83
  },
  "status" : "skipped",
  "statusMessage" : "Driver Factory Action [createNewLocalDriverInstanceForSafari] failed. With the following test data [Failed to create a session onDESKTOP_SAFARI].",
  "statusTrace" : "java.lang.AssertionError: Driver Factory Action [createNewLocalDriverInstanceForSafari] failed. With the following test data [Failed to create a session onDESKTOP_SAFARI].\n\tat org.testng.Assert.fail(Assert.java:99)\n\tat com.shaft.driver.DriverFactoryHelper.failAction(DriverFactoryHelper.java:306)\n\tat com.shaft.driver.DriverFactoryHelper.createNewLocalDriverInstanceForSafari(DriverFactoryHelper.java:576)\n\tat com.shaft.driver.DriverFactoryHelper.createNewLocalDriverInstance(DriverFactoryHelper.java:596)\n\tat com.shaft.driver.DriverFactoryHelper.getDriver(DriverFactoryHelper.java:815)\n\tat com.shaft.driver.DriverFactoryHelper.getDriver(DriverFactoryHelper.java:140)\n\tat com.shaft.driver.DriverFactory.getDriver(DriverFactory.java:27)\n\tat com.shaft.gui.browser.BrowserFactory.getBrowser(BrowserFactory.java:20)\n\tat testPackage01.Test_NewValidationHelper.openBrowser(Test_NewValidationHelper.java:326)\n\tat java.base/jdk.internal.reflect.NativeMethodAccessorImpl.invoke0(Native Method)\n\tat java.base/jdk.internal.reflect.NativeMethodAccessorImpl.invoke(NativeMethodAccessorImpl.java:77)\n\tat java.base/jdk.internal.reflect.DelegatingMethodAccessorImpl.invoke(DelegatingMethodAccessorImpl.java:43)\n\tat java.base/java.lang.reflect.Method.invoke(Method.java:568)\n\tat org.testng.internal.MethodInvocationHelper.invokeMethod(MethodInvocationHelper.java:133)\n\tat org.testng.internal.MethodInvocationHelper.invokeMethodConsideringTimeout(MethodInvocationHelper.java:62)\n\tat org.testng.internal.ConfigInvoker.invokeConfigurationMethod(ConfigInvoker.java:385)\n\tat org.testng.internal.ConfigInvoker.invokeConfigurations(ConfigInvoker.java:321)\n\tat org.testng.internal.TestInvoker.runConfigMethods(TestInvoker.java:700)\n\tat org.testng.internal.TestInvoker.invokeMethod(TestInvoker.java:527)\n\tat org.testng.internal.TestInvoker.invokeTestMethod(TestInvoker.java:173)\n\tat org.testng.internal.MethodRunner.runInSequence(MethodRunner.java:46)\n\tat org.testng.internal.TestInvoker$MethodInvocationAgent.invoke(TestInvoker.java:824)\n\tat org.testng.internal.TestInvoker.invokeTestMethods(TestInvoker.java:146)\n\tat org.testng.internal.TestMethodWorker.invokeTestMethods(TestMethodWorker.java:146)\n\tat org.testng.internal.TestMethodWorker.run(TestMethodWorker.java:128)\n\tat java.base/java.util.ArrayList.forEach(ArrayList.java:1511)\n\tat org.testng.TestRunner.privateRun(TestRunner.java:794)\n\tat org.testng.TestRunner.run(TestRunner.java:596)\n\tat org.testng.SuiteRunner.runTest(SuiteRunner.java:377)\n\tat org.testng.SuiteRunner.runSequentially(SuiteRunner.java:371)\n\tat org.testng.SuiteRunner.privateRun(SuiteRunner.java:332)\n\tat org.testng.SuiteRunner.run(SuiteRunner.java:276)\n\tat org.testng.SuiteRunnerWorker.runSuite(SuiteRunnerWorker.java:53)\n\tat org.testng.SuiteRunnerWorker.run(SuiteRunnerWorker.java:96)\n\tat org.testng.TestNG.runSuitesSequentially(TestNG.java:1212)\n\tat org.testng.TestNG.runSuitesLocally(TestNG.java:1134)\n\tat org.testng.TestNG.runSuites(TestNG.java:1063)\n\tat org.testng.TestNG.run(TestNG.java:1031)\n\tat org.apache.maven.surefire.testng.TestNGExecutor.run(TestNGExecutor.java:136)\n\tat org.apache.maven.surefire.testng.TestNGDirectoryTestSuite.executeMulti(TestNGDirectoryTestSuite.java:193)\n\tat org.apache.maven.surefire.testng.TestNGDirectoryTestSuite.execute(TestNGDirectoryTestSuite.java:94)\n\tat org.apache.maven.surefire.testng.TestNGProvider.invoke(TestNGProvider.java:145)\n\tat org.apache.maven.surefire.booter.ForkedBooter.runSuitesInProcess(ForkedBooter.java:428)\n\tat org.apache.maven.surefire.booter.ForkedBooter.execute(ForkedBooter.java:162)\n\tat org.apache.maven.surefire.booter.ForkedBooter.run(ForkedBooter.java:562)\n\tat org.apache.maven.surefire.booter.ForkedBooter.main(ForkedBooter.java:548)\n",
  "flaky" : false,
  "newFailed" : false,
  "beforeStages" : [ {
    "name" : "setupActivities",
    "time" : {
      "start" : 1635969692521,
      "stop" : 1635969695527,
      "duration" : 3006
    },
    "description" : "",
    "status" : "passed",
    "steps" : [ {
      "name" : "Folder [allure-results] was not found, it may have already been deleted.",
      "time" : {
        "start" : 1635969692576,
        "stop" : 1635969692578,
        "duration" : 2
      },
      "status" : "passed",
      "steps" : [ ],
      "attachments" : [ ],
      "parameters" : [ {
        "name" : "actionCounter",
        "value" : "1"
      }, {
        "name" : "logText",
        "value" : "Folder [allure-results] was not found, it may have already been deleted."
      } ],
      "stepsCount" : 0,
      "attachmentsCount" : 0,
      "shouldDisplayMessage" : false,
      "hasContent" : true
    }, {
      "name" : "Folder [/Users/runner/.m2/repository/allure/] was not found, it may have already been deleted.",
      "time" : {
        "start" : 1635969692579,
        "stop" : 1635969692579,
        "duration" : 0
      },
      "status" : "passed",
      "steps" : [ ],
      "attachments" : [ ],
      "parameters" : [ {
        "name" : "actionCounter",
        "value" : "2"
      }, {
        "name" : "logText",
        "value" : "Folder [/Users/runner/.m2/repository/allure/] was not found, it may have already been deleted."
      } ],
      "stepsCount" : 0,
      "attachmentsCount" : 0,
      "shouldDisplayMessage" : false,
      "hasContent" : true
    }, {
      "name" : "Downloading a file from this url [https://repo.maven.apache.org/maven2/io/qameta/allure/allure-commandline/2.16.0/allure-commandline-2.16.0.zip] to this directory [target/allureBinary.zip], please wait as downloading may take some time...",
      "time" : {
        "start" : 1635969692580,
        "stop" : 1635969692580,
        "duration" : 0
      },
      "status" : "passed",
      "steps" : [ ],
      "attachments" : [ ],
      "parameters" : [ {
        "name" : "actionCounter",
        "value" : "3"
      }, {
        "name" : "logText",
        "value" : "Downloading a file from this url [https://repo.maven.apache.org/maven2/io/qameta/allure/allure-commandline/2.16.0/allure-commandline-2.16.0.zip] to this directory [target/allureBinary.zip], please wait as downloading may take some time..."
      } ],
      "stepsCount" : 0,
      "attachmentsCount" : 0,
      "shouldDisplayMessage" : false,
      "hasContent" : true
    }, {
      "name" : "Terminal Action [PerformTerminalCommands] successfully performed. With the following test data [Host Name: \"localHost\" | Command: \"chmod u+x /Users/runner/.m2/repository/allure/allure-2.16.0/bin/allure\" | Exit Status: \"0\"].",
      "time" : {
        "start" : 1635969694637,
        "stop" : 1635969694637,
        "duration" : 0
      },
      "status" : "passed",
      "steps" : [ ],
      "attachments" : [ ],
      "parameters" : [ {
        "name" : "actionCounter",
        "value" : "4"
      }, {
        "name" : "logText",
        "value" : "Terminal Action [PerformTerminalCommands] successfully performed. With the following test data [Host Name: \"localHost\" | Command: \"chmod u+x /Users/runner/.m2/repository/allure/allure-2.16.0/bin/allure\" | Exit Status: \"0\"]."
      } ],
      "stepsCount" : 0,
      "attachmentsCount" : 0,
      "shouldDisplayMessage" : false,
      "hasContent" : true
    }, {
      "name" : "Terminal Action [PerformTerminalCommands] successfully performed. With the following test data [Host Name: \"localHost\" | Command: \"chmod u+x generate_allure_report.sh\" | Exit Status: \"0\"].",
      "time" : {
        "start" : 1635969694644,
        "stop" : 1635969694644,
        "duration" : 0
      },
      "status" : "passed",
      "steps" : [ ],
      "attachments" : [ ],
      "parameters" : [ {
        "name" : "actionCounter",
        "value" : "5"
      }, {
        "name" : "logText",
        "value" : "Terminal Action [PerformTerminalCommands] successfully performed. With the following test data [Host Name: \"localHost\" | Command: \"chmod u+x generate_allure_report.sh\" | Exit Status: \"0\"]."
      } ],
      "stepsCount" : 0,
      "attachmentsCount" : 0,
      "shouldDisplayMessage" : false,
      "hasContent" : true
    }, {
      "name" : "Folder [extent-reports] was not found, it may have already been deleted.",
      "time" : {
        "start" : 1635969694753,
        "stop" : 1635969694753,
        "duration" : 0
      },
      "status" : "passed",
      "steps" : [ ],
      "attachments" : [ ],
      "parameters" : [ {
        "name" : "actionCounter",
        "value" : "6"
      }, {
        "name" : "logText",
        "value" : "Folder [extent-reports] was not found, it may have already been deleted."
      } ],
      "stepsCount" : 0,
      "attachmentsCount" : 0,
      "shouldDisplayMessage" : false,
      "hasContent" : true
    } ],
    "attachments" : [ {
      "uid" : "3ac097f4e97683ad",
      "name" : "Attachment: SHAFT Links - Important",
      "source" : "3ac097f4e97683ad.uri",
      "type" : "text/uri-list",
      "size" : 346
    }, {
      "uid" : "49cc6448b922bd10",
      "name" : "Attachment: Properties - testNG",
      "source" : "49cc6448b922bd10.properties",
      "type" : "text/plain",
      "size" : 492
    }, {
      "uid" : "859f7009014bf31",
      "name" : "Attachment: Properties - ExecutionPlatform",
      "source" : "859f7009014bf31.properties",
      "type" : "text/plain",
      "size" : 394
    }, {
      "uid" : "c1c33a967c992c9c",
      "name" : "Attachment: Properties - path",
      "source" : "c1c33a967c992c9c.properties",
      "type" : "text/plain",
      "size" : 687
    }, {
      "uid" : "a9f473a449a11716",
      "name" : "Attachment: Properties - video",
      "source" : "a9f473a449a11716.properties",
      "type" : "text/plain",
      "size" : 763
    }, {
      "uid" : "5a314a34a5d06881",
      "name" : "Attachment: Properties - pattern",
      "source" : "5a314a34a5d06881.properties",
      "type" : "text/plain",
      "size" : 564
    }, {
      "uid" : "f8f0622dcbabaf9a",
      "name" : "Attachment: Properties - internal",
      "source" : "f8f0622dcbabaf9a.properties",
      "type" : "text/plain",
      "size" : 117
    }, {
      "uid" : "7a620f90ce9293f4",
      "name" : "Attachment: Properties - MobileCapabilities",
      "source" : "7a620f90ce9293f4.properties",
      "type" : "text/plain",
      "size" : 470
    }, {
      "uid" : "981d16b64b348d54",
      "name" : "Attachment: Properties - cucumber",
      "source" : "981d16b64b348d54.properties",
      "type" : "text/plain",
      "size" : 226
    }, {
      "uid" : "6e7251f16b951fdd",
      "name" : "Attachment: Properties - PlatformFlags",
      "source" : "6e7251f16b951fdd.properties",
      "type" : "text/plain",
      "size" : 588
    }, {
      "uid" : "65e198bbf86e1440",
      "name" : "Attachment: Properties - Timeouts",
      "source" : "65e198bbf86e1440.properties",
      "type" : "text/plain",
      "size" : 722
    }, {
      "uid" : "62cf8bd369e71b9c",
      "name" : "Attachment: Properties - Reporting",
      "source" : "62cf8bd369e71b9c.properties",
      "type" : "text/plain",
      "size" : 583
    }, {
      "uid" : "74082898f902b913",
      "name" : "Attachment: Properties - browserStack",
      "source" : "74082898f902b913.properties",
      "type" : "text/plain",
      "size" : 877
    }, {
      "uid" : "15c30b5260077f7e",
      "name" : "Attachment: Properties - VisualValidations",
      "source" : "15c30b5260077f7e.properties",
      "type" : "text/plain",
      "size" : 723
    } ],
    "parameters" : [ ],
    "stepsCount" : 6,
    "attachmentsCount" : 14,
    "shouldDisplayMessage" : false,
    "hasContent" : true
  } ],
  "testStage" : {
    "status" : "skipped",
    "statusMessage" : "Driver Factory Action [createNewLocalDriverInstanceForSafari] failed. With the following test data [Failed to create a session onDESKTOP_SAFARI].",
    "statusTrace" : "java.lang.AssertionError: Driver Factory Action [createNewLocalDriverInstanceForSafari] failed. With the following test data [Failed to create a session onDESKTOP_SAFARI].\n\tat org.testng.Assert.fail(Assert.java:99)\n\tat com.shaft.driver.DriverFactoryHelper.failAction(DriverFactoryHelper.java:306)\n\tat com.shaft.driver.DriverFactoryHelper.createNewLocalDriverInstanceForSafari(DriverFactoryHelper.java:576)\n\tat com.shaft.driver.DriverFactoryHelper.createNewLocalDriverInstance(DriverFactoryHelper.java:596)\n\tat com.shaft.driver.DriverFactoryHelper.getDriver(DriverFactoryHelper.java:815)\n\tat com.shaft.driver.DriverFactoryHelper.getDriver(DriverFactoryHelper.java:140)\n\tat com.shaft.driver.DriverFactory.getDriver(DriverFactory.java:27)\n\tat com.shaft.gui.browser.BrowserFactory.getBrowser(BrowserFactory.java:20)\n\tat testPackage01.Test_NewValidationHelper.openBrowser(Test_NewValidationHelper.java:326)\n\tat java.base/jdk.internal.reflect.NativeMethodAccessorImpl.invoke0(Native Method)\n\tat java.base/jdk.internal.reflect.NativeMethodAccessorImpl.invoke(NativeMethodAccessorImpl.java:77)\n\tat java.base/jdk.internal.reflect.DelegatingMethodAccessorImpl.invoke(DelegatingMethodAccessorImpl.java:43)\n\tat java.base/java.lang.reflect.Method.invoke(Method.java:568)\n\tat org.testng.internal.MethodInvocationHelper.invokeMethod(MethodInvocationHelper.java:133)\n\tat org.testng.internal.MethodInvocationHelper.invokeMethodConsideringTimeout(MethodInvocationHelper.java:62)\n\tat org.testng.internal.ConfigInvoker.invokeConfigurationMethod(ConfigInvoker.java:385)\n\tat org.testng.internal.ConfigInvoker.invokeConfigurations(ConfigInvoker.java:321)\n\tat org.testng.internal.TestInvoker.runConfigMethods(TestInvoker.java:700)\n\tat org.testng.internal.TestInvoker.invokeMethod(TestInvoker.java:527)\n\tat org.testng.internal.TestInvoker.invokeTestMethod(TestInvoker.java:173)\n\tat org.testng.internal.MethodRunner.runInSequence(MethodRunner.java:46)\n\tat org.testng.internal.TestInvoker$MethodInvocationAgent.invoke(TestInvoker.java:824)\n\tat org.testng.internal.TestInvoker.invokeTestMethods(TestInvoker.java:146)\n\tat org.testng.internal.TestMethodWorker.invokeTestMethods(TestMethodWorker.java:146)\n\tat org.testng.internal.TestMethodWorker.run(TestMethodWorker.java:128)\n\tat java.base/java.util.ArrayList.forEach(ArrayList.java:1511)\n\tat org.testng.TestRunner.privateRun(TestRunner.java:794)\n\tat org.testng.TestRunner.run(TestRunner.java:596)\n\tat org.testng.SuiteRunner.runTest(SuiteRunner.java:377)\n\tat org.testng.SuiteRunner.runSequentially(SuiteRunner.java:371)\n\tat org.testng.SuiteRunner.privateRun(SuiteRunner.java:332)\n\tat org.testng.SuiteRunner.run(SuiteRunner.java:276)\n\tat org.testng.SuiteRunnerWorker.runSuite(SuiteRunnerWorker.java:53)\n\tat org.testng.SuiteRunnerWorker.run(SuiteRunnerWorker.java:96)\n\tat org.testng.TestNG.runSuitesSequentially(TestNG.java:1212)\n\tat org.testng.TestNG.runSuitesLocally(TestNG.java:1134)\n\tat org.testng.TestNG.runSuites(TestNG.java:1063)\n\tat org.testng.TestNG.run(TestNG.java:1031)\n\tat org.apache.maven.surefire.testng.TestNGExecutor.run(TestNGExecutor.java:136)\n\tat org.apache.maven.surefire.testng.TestNGDirectoryTestSuite.executeMulti(TestNGDirectoryTestSuite.java:193)\n\tat org.apache.maven.surefire.testng.TestNGDirectoryTestSuite.execute(TestNGDirectoryTestSuite.java:94)\n\tat org.apache.maven.surefire.testng.TestNGProvider.invoke(TestNGProvider.java:145)\n\tat org.apache.maven.surefire.booter.ForkedBooter.runSuitesInProcess(ForkedBooter.java:428)\n\tat org.apache.maven.surefire.booter.ForkedBooter.execute(ForkedBooter.java:162)\n\tat org.apache.maven.surefire.booter.ForkedBooter.run(ForkedBooter.java:562)\n\tat org.apache.maven.surefire.booter.ForkedBooter.main(ForkedBooter.java:548)\n",
    "steps" : [ ],
    "attachments" : [ {
      "uid" : "f1190cac1633e32f",
      "name" : "Attachment: SHAFT Engine Logs - Current Method log: f3_1",
      "source" : "f1190cac1633e32f.txt",
      "type" : "text/plain",
      "size" : 418
    } ],
    "parameters" : [ ],
    "stepsCount" : 0,
    "attachmentsCount" : 1,
    "shouldDisplayMessage" : true,
    "hasContent" : true
  },
  "afterStages" : [ {
    "name" : "teardownActivities",
    "time" : {
      "start" : 1635970123221,
      "stop" : 1635970123854,
      "duration" : 633
    },
    "description" : "",
    "status" : "passed",
    "steps" : [ {
      "name" : "Successfully Closed All Drivers.",
      "time" : {
        "start" : 1635970123221,
        "stop" : 1635970123221,
        "duration" : 0
      },
      "status" : "passed",
      "steps" : [ ],
      "attachments" : [ ],
      "parameters" : [ {
        "name" : "actionCounter",
        "value" : "503"
      }, {
        "name" : "logText",
        "value" : "Successfully Closed All Drivers."
      } ],
      "stepsCount" : 0,
      "attachmentsCount" : 0,
      "shouldDisplayMessage" : false,
      "hasContent" : true
    }, {
      "name" : "Issue Summary: Total Issues = 9, New issues for Failed Tests = 7, Open issues for Passed Tests = 2, Open issues for Failed Tests = 0. Kindly check the attached Issue details.",
      "time" : {
        "start" : 1635970123231,
        "stop" : 1635970123232,
        "duration" : 1
      },
      "status" : "passed",
      "steps" : [ ],
      "attachments" : [ {
        "uid" : "facdf5f0d6c25006",
        "name" : "Attachment: SHAFT Engine Logs - Issues log CSV: 20211103-200843",
        "source" : "facdf5f0d6c25006.csv",
        "type" : "text/csv",
        "size" : 1158
      } ],
      "parameters" : [ {
        "name" : "actionCounter",
        "value" : "504"
      }, {
        "name" : "logText",
        "value" : "Issue Summary: Total Issues = 9, New issues for Failed Tests = 7, Open issues for Passed Tests = 2, Open issues for Failed Tests = 0. Kindly check the attached Issue details."
      }, {
        "name" : "attachments",
        "value" : "[[SHAFT Engine Logs, Issues log CSV: 20211103-200843, java.io.ByteArrayInputStream@56d1c985]]"
      } ],
      "stepsCount" : 0,
      "attachmentsCount" : 1,
      "shouldDisplayMessage" : false,
      "hasContent" : true
    } ],
    "attachments" : [ {
      "uid" : "5cf25f0f755aff70",
      "name" : "Attachment: SHAFT Engine Logs - Execution log: 20211103-200843",
      "source" : "5cf25f0f755aff70.txt",
      "type" : "text/plain",
      "size" : 233900
    }, {
      "uid" : "3cc7fe4242700ef1",
      "name" : "Attachment: HTML - Extent Emailable Execution Report",
      "source" : "3cc7fe4242700ef1.html",
      "type" : "text/html",
      "size" : 6815099
    } ],
    "parameters" : [ ],
    "stepsCount" : 2,
    "attachmentsCount" : 3,
    "shouldDisplayMessage" : false,
    "hasContent" : true
  } ],
  "labels" : [ {
    "name" : "package",
    "value" : "testPackage01.Test_NewValidationHelper"
  }, {
    "name" : "testClass",
    "value" : "testPackage01.Test_NewValidationHelper"
  }, {
    "name" : "testMethod",
    "value" : "f3_1"
  }, {
    "name" : "parentSuite",
    "value" : "SHAFT: Custom Suite"
  }, {
    "name" : "suite",
    "value" : "SHAFT: Custom Test"
  }, {
    "name" : "subSuite",
    "value" : "testPackage01.Test_NewValidationHelper"
  }, {
    "name" : "host",
    "value" : "Mac-1635969573457.local"
  }, {
    "name" : "thread",
    "value" : "2286@Mac-1635969573457.local.main(1)"
  }, {
    "name" : "framework",
    "value" : "testng"
  }, {
    "name" : "language",
    "value" : "java"
  }, {
    "name" : "resultFormat",
    "value" : "allure2"
  } ],
  "parameters" : [ ],
  "links" : [ ],
  "hidden" : false,
  "retry" : false,
  "extra" : {
    "severity" : "normal",
    "retries" : [ ],
    "categories" : [ ],
    "history" : {
      "statistic" : {
        "failed" : 0,
        "broken" : 0,
        "skipped" : 12,
        "passed" : 9,
        "unknown" : 0,
        "total" : 21
      },
      "items" : [ {
        "uid" : "aee2b6cdea3b4bbf",
        "reportUrl" : "https://MohabMohie.github.io/SHAFT_ENGINE/allure/macOS/Web/864//#testresult/aee2b6cdea3b4bbf",
        "status" : "skipped",
        "statusDetails" : "Could not initialize class org.openqa.selenium.remote.UnreachableBrowserException",
        "time" : {
          "start" : 1635917045564,
          "stop" : 1635917045565,
          "duration" : 1
        }
      }, {
        "uid" : "a395d54a644b00d1",
        "reportUrl" : "https://MohabMohie.github.io/SHAFT_ENGINE/allure/macOS/Web/856//#testresult/a395d54a644b00d1",
        "status" : "skipped",
        "statusDetails" : "Could not initialize class org.openqa.selenium.remote.UnreachableBrowserException",
        "time" : {
          "start" : 1635804180742,
          "stop" : 1635804180756,
          "duration" : 14
        }
      }, {
        "uid" : "3a135270b118ab86",
        "reportUrl" : "https://MohabMohie.github.io/SHAFT_ENGINE/allure/macOS/Web/853//#testresult/3a135270b118ab86",
        "status" : "skipped",
        "statusDetails" : "Could not initialize class org.openqa.selenium.remote.UnreachableBrowserException",
        "time" : {
          "start" : 1635751675082,
          "stop" : 1635751675083,
          "duration" : 1
        }
      }, {
        "uid" : "fbf8b90febe3177",
        "reportUrl" : "https://MohabMohie.github.io/SHAFT_ENGINE/allure/macOS/Web/847//#testresult/fbf8b90febe3177",
        "status" : "skipped",
        "statusDetails" : "Could not initialize class org.openqa.selenium.remote.UnreachableBrowserException",
        "time" : {
          "start" : 1635625327166,
          "stop" : 1635625327168,
          "duration" : 2
        }
      }, {
        "uid" : "37a9c5b6c6bf2298",
        "reportUrl" : "https://MohabMohie.github.io/SHAFT_ENGINE/allure/macOS/Web/845//#testresult/37a9c5b6c6bf2298",
        "status" : "skipped",
        "statusDetails" : "Could not initialize class org.openqa.selenium.remote.UnreachableBrowserException",
        "time" : {
          "start" : 1635621590639,
          "stop" : 1635621590641,
          "duration" : 2
        }
      }, {
        "uid" : "590c7dd5ba8fd4fc",
        "reportUrl" : "https://MohabMohie.github.io/SHAFT_ENGINE/allure/macOS/Web/844//#testresult/590c7dd5ba8fd4fc",
        "status" : "skipped",
        "statusDetails" : "Could not initialize class org.openqa.selenium.remote.UnreachableBrowserException",
        "time" : {
          "start" : 1635621145248,
          "stop" : 1635621145331,
          "duration" : 83
        }
      }, {
        "uid" : "584341e988735dc4",
        "reportUrl" : "https://MohabMohie.github.io/SHAFT_ENGINE/allure/macOS/Web/842//#testresult/584341e988735dc4",
        "status" : "skipped",
        "statusDetails" : "Could not initialize class org.openqa.selenium.remote.UnreachableBrowserException",
        "time" : {
          "start" : 1635558536165,
          "stop" : 1635558536167,
          "duration" : 2
        }
      }, {
        "uid" : "d5a44e2ec3f6c19d",
        "reportUrl" : "https://MohabMohie.github.io/SHAFT_ENGINE/allure/macOS/Web/839//#testresult/d5a44e2ec3f6c19d",
        "status" : "passed",
        "time" : {
          "start" : 1635472487769,
          "stop" : 1635472487810,
          "duration" : 41
        }
      }, {
        "uid" : "67dfdac61c24f930",
        "reportUrl" : "https://MohabMohie.github.io/SHAFT_ENGINE/allure/macOS/Web/836//#testresult/67dfdac61c24f930",
        "status" : "skipped",
        "statusDetails" : "Could not initialize class org.openqa.selenium.remote.UnreachableBrowserException",
        "time" : {
          "start" : 1635415089291,
          "stop" : 1635415089292,
          "duration" : 1
        }
      }, {
        "uid" : "596875f1d7956c38",
        "reportUrl" : "https://MohabMohie.github.io/SHAFT_ENGINE/allure/macOS/Web/835//#testresult/596875f1d7956c38",
        "status" : "skipped",
        "statusDetails" : "Could not initialize class org.openqa.selenium.remote.UnreachableBrowserException",
        "time" : {
          "start" : 1635385966017,
          "stop" : 1635385966060,
          "duration" : 43
        }
      }, {
        "uid" : "85f315d0284c5fba",
        "reportUrl" : "https://MohabMohie.github.io/SHAFT_ENGINE/allure/macOS/Web/832//#testresult/85f315d0284c5fba",
        "status" : "skipped",
        "statusDetails" : "Could not initialize class org.openqa.selenium.remote.UnreachableBrowserException",
        "time" : {
          "start" : 1635274700827,
          "stop" : 1635274700828,
          "duration" : 1
        }
      }, {
        "uid" : "25f8e015f1bec5f2",
        "reportUrl" : "https://MohabMohie.github.io/SHAFT_ENGINE/allure/macOS/Web/828//#testresult/25f8e015f1bec5f2",
        "status" : "skipped",
        "statusDetails" : "Could not initialize class org.openqa.selenium.remote.UnreachableBrowserException",
        "time" : {
          "start" : 1635213023717,
          "stop" : 1635213023718,
          "duration" : 1
        }
      }, {
        "uid" : "7c58e457c2660bdf",
        "reportUrl" : "https://MohabMohie.github.io/SHAFT_ENGINE/allure/macOS/Web/826//#testresult/7c58e457c2660bdf",
        "status" : "passed",
        "time" : {
          "start" : 1635170037224,
          "stop" : 1635170037226,
          "duration" : 2
        }
      }, {
        "uid" : "2cfd3ae901a2ff82",
        "reportUrl" : "https://MohabMohie.github.io/SHAFT_ENGINE/allure/macOS/Web/824//#testresult/2cfd3ae901a2ff82",
        "status" : "passed",
        "time" : {
          "start" : 1635127183900,
          "stop" : 1635127183902,
          "duration" : 2
        }
      }, {
        "uid" : "7b0454822d4488c6",
        "reportUrl" : "https://MohabMohie.github.io/SHAFT_ENGINE/allure/macOS/Web/822//#testresult/7b0454822d4488c6",
        "status" : "passed",
        "time" : {
          "start" : 1635023335821,
          "stop" : 1635023335839,
          "duration" : 18
        }
      }, {
        "uid" : "10374e0ea3e85a3d",
        "reportUrl" : "https://MohabMohie.github.io/SHAFT_ENGINE/allure/macOS/Web/816//#testresult/10374e0ea3e85a3d",
        "status" : "passed",
        "time" : {
          "start" : 1634782028719,
          "stop" : 1634782028721,
          "duration" : 2
        }
      }, {
        "uid" : "9bd0ca2b21ab2cb",
        "reportUrl" : "https://MohabMohie.github.io/SHAFT_ENGINE/allure/macOS/Web/813//#testresult/9bd0ca2b21ab2cb",
        "status" : "passed",
        "time" : {
          "start" : 1634608890789,
          "stop" : 1634608890790,
          "duration" : 1
        }
      }, {
        "uid" : "6d7b217987b9c4aa",
        "reportUrl" : "https://MohabMohie.github.io/SHAFT_ENGINE/allure/macOS/Web/804//#testresult/6d7b217987b9c4aa",
        "status" : "passed",
        "time" : {
          "start" : 1634158531315,
          "stop" : 1634158531328,
          "duration" : 13
        }
      }, {
        "uid" : "32204c2a36427313",
        "reportUrl" : "https://MohabMohie.github.io/SHAFT_ENGINE/allure/macOS/Web/801//#testresult/32204c2a36427313",
        "status" : "passed",
        "time" : {
          "start" : 1634004157212,
          "stop" : 1634004157214,
          "duration" : 2
        }
      }, {
        "uid" : "827fe6667c50728d",
        "reportUrl" : "https://MohabMohie.github.io/SHAFT_ENGINE/allure/macOS/Web/800//#testresult/827fe6667c50728d",
        "status" : "passed",
        "time" : {
          "start" : 1633964884221,
          "stop" : 1633964884222,
          "duration" : 1
        }
      } ]
    },
    "tags" : [ ]
  },
  "source" : "f4061bb8386fc83f.json",
  "parameterValues" : [ ]
}