{
  "uid" : "fb6b714ef75ccf96",
  "name" : "checkAPI_ResponseSchema",
  "fullName" : "testPackage01.Test_MatchJsonSchema.checkAPI_ResponseSchema",
  "historyId" : "e025b82a7d1b9f5f8cfaebf774709daa",
  "time" : {
    "start" : 1636020545897,
    "stop" : 1636020546388,
    "duration" : 491
  },
  "status" : "broken",
  "statusMessage" : "java.io.FileNotFoundException: /home/runner/work/SHAFT_ENGINE/SHAFT_ENGINE/src/test/resources/testDataFiles/schema.json (No such file or directory)",
  "statusTrace" : "io.restassured.module.jsv.JsonSchemaValidationException: java.io.FileNotFoundException: /home/runner/work/SHAFT_ENGINE/SHAFT_ENGINE/src/test/resources/testDataFiles/schema.json (No such file or directory)\n\tat io.restassured.module.jsv.JsonSchemaValidator$JsonSchemaValidatorFactory.create(JsonSchemaValidator.java:286)\n\tat io.restassured.module.jsv.JsonSchemaValidator.matchesJsonSchema(JsonSchemaValidator.java:157)\n\tat com.shaft.validation.ValidationsHelper.validateResponseFileSchema(ValidationsHelper.java:650)\n\tat com.shaft.validation.ValidationsExecutor.perform(ValidationsExecutor.java:160)\n\tat testPackage01.Test_MatchJsonSchema.checkAPI_ResponseSchema(Test_MatchJsonSchema.java:23)\n\tat java.base/jdk.internal.reflect.NativeMethodAccessorImpl.invoke0(Native Method)\n\tat java.base/jdk.internal.reflect.NativeMethodAccessorImpl.invoke(NativeMethodAccessorImpl.java:77)\n\tat java.base/jdk.internal.reflect.DelegatingMethodAccessorImpl.invoke(DelegatingMethodAccessorImpl.java:43)\n\tat java.base/java.lang.reflect.Method.invoke(Method.java:568)\n\tat org.testng.internal.MethodInvocationHelper.invokeMethod(MethodInvocationHelper.java:133)\n\tat org.testng.internal.TestInvoker.invokeMethod(TestInvoker.java:598)\n\tat org.testng.internal.TestInvoker.invokeTestMethod(TestInvoker.java:173)\n\tat org.testng.internal.MethodRunner.runInSequence(MethodRunner.java:46)\n\tat org.testng.internal.TestInvoker$MethodInvocationAgent.invoke(TestInvoker.java:824)\n\tat org.testng.internal.TestInvoker.invokeTestMethods(TestInvoker.java:146)\n\tat org.testng.internal.TestMethodWorker.invokeTestMethods(TestMethodWorker.java:146)\n\tat org.testng.internal.TestMethodWorker.run(TestMethodWorker.java:128)\n\tat java.base/java.util.ArrayList.forEach(ArrayList.java:1511)\n\tat org.testng.TestRunner.privateRun(TestRunner.java:794)\n\tat org.testng.TestRunner.run(TestRunner.java:596)\n\tat org.testng.SuiteRunner.runTest(SuiteRunner.java:377)\n\tat org.testng.SuiteRunner.runSequentially(SuiteRunner.java:371)\n\tat org.testng.SuiteRunner.privateRun(SuiteRunner.java:332)\n\tat org.testng.SuiteRunner.run(SuiteRunner.java:276)\n\tat org.testng.SuiteRunnerWorker.runSuite(SuiteRunnerWorker.java:53)\n\tat org.testng.SuiteRunnerWorker.run(SuiteRunnerWorker.java:96)\n\tat org.testng.TestNG.runSuitesSequentially(TestNG.java:1212)\n\tat org.testng.TestNG.runSuitesLocally(TestNG.java:1134)\n\tat org.testng.TestNG.runSuites(TestNG.java:1063)\n\tat org.testng.TestNG.run(TestNG.java:1031)\n\tat org.apache.maven.surefire.testng.TestNGExecutor.run(TestNGExecutor.java:136)\n\tat org.apache.maven.surefire.testng.TestNGDirectoryTestSuite.executeMulti(TestNGDirectoryTestSuite.java:193)\n\tat org.apache.maven.surefire.testng.TestNGDirectoryTestSuite.execute(TestNGDirectoryTestSuite.java:94)\n\tat org.apache.maven.surefire.testng.TestNGProvider.invoke(TestNGProvider.java:145)\n\tat org.apache.maven.surefire.booter.ForkedBooter.runSuitesInProcess(ForkedBooter.java:428)\n\tat org.apache.maven.surefire.booter.ForkedBooter.execute(ForkedBooter.java:162)\n\tat org.apache.maven.surefire.booter.ForkedBooter.run(ForkedBooter.java:562)\n\tat org.apache.maven.surefire.booter.ForkedBooter.main(ForkedBooter.java:548)\nCaused by: java.io.FileNotFoundException: /home/runner/work/SHAFT_ENGINE/SHAFT_ENGINE/src/test/resources/testDataFiles/schema.json (No such file or directory)\n\tat java.base/java.io.FileInputStream.open0(Native Method)\n\tat java.base/java.io.FileInputStream.open(FileInputStream.java:216)\n\tat java.base/java.io.FileInputStream.<init>(FileInputStream.java:157)\n\tat com.github.fge.jackson.JsonLoader.fromFile(JsonLoader.java:165)\n\tat io.restassured.module.jsv.JsonSchemaValidator$3.createSchemaInstance(JsonSchemaValidator.java:155)\n\tat io.restassured.module.jsv.JsonSchemaValidator$3.createSchemaInstance(JsonSchemaValidator.java:152)\n\tat io.restassured.module.jsv.JsonSchemaValidator$JsonSchemaValidatorFactory.create(JsonSchemaValidator.java:284)\n\t... 37 more\n",
  "flaky" : false,
  "newFailed" : false,
  "beforeStages" : [ {
    "name" : "setupActivities",
    "time" : {
      "start" : 1636020517987,
      "stop" : 1636020519037,
      "duration" : 1050
    },
    "description" : "",
    "status" : "passed",
    "steps" : [ {
      "name" : "Folder [extent-reports] was not found, it may have already been deleted.",
      "time" : {
        "start" : 1636020518192,
        "stop" : 1636020518196,
        "duration" : 4
      },
      "status" : "passed",
      "steps" : [ ],
      "attachments" : [ ],
      "parameters" : [ {
        "name" : "actionCounter",
        "value" : "1"
      }, {
        "name" : "logText",
        "value" : "Folder [extent-reports] was not found, it may have already been deleted."
      } ],
      "stepsCount" : 0,
      "attachmentsCount" : 0,
      "shouldDisplayMessage" : false,
      "hasContent" : true
    } ],
    "attachments" : [ {
      "uid" : "31b536f94c3543cb",
      "name" : "Attachment: SHAFT Links - Important",
      "source" : "31b536f94c3543cb.uri",
      "type" : "text/uri-list",
      "size" : 346
    } ],
    "parameters" : [ ],
    "stepsCount" : 1,
    "attachmentsCount" : 1,
    "shouldDisplayMessage" : false,
    "hasContent" : true
  } ],
  "testStage" : {
    "status" : "broken",
    "statusMessage" : "java.io.FileNotFoundException: /home/runner/work/SHAFT_ENGINE/SHAFT_ENGINE/src/test/resources/testDataFiles/schema.json (No such file or directory)",
    "statusTrace" : "io.restassured.module.jsv.JsonSchemaValidationException: java.io.FileNotFoundException: /home/runner/work/SHAFT_ENGINE/SHAFT_ENGINE/src/test/resources/testDataFiles/schema.json (No such file or directory)\n\tat io.restassured.module.jsv.JsonSchemaValidator$JsonSchemaValidatorFactory.create(JsonSchemaValidator.java:286)\n\tat io.restassured.module.jsv.JsonSchemaValidator.matchesJsonSchema(JsonSchemaValidator.java:157)\n\tat com.shaft.validation.ValidationsHelper.validateResponseFileSchema(ValidationsHelper.java:650)\n\tat com.shaft.validation.ValidationsExecutor.perform(ValidationsExecutor.java:160)\n\tat testPackage01.Test_MatchJsonSchema.checkAPI_ResponseSchema(Test_MatchJsonSchema.java:23)\n\tat java.base/jdk.internal.reflect.NativeMethodAccessorImpl.invoke0(Native Method)\n\tat java.base/jdk.internal.reflect.NativeMethodAccessorImpl.invoke(NativeMethodAccessorImpl.java:77)\n\tat java.base/jdk.internal.reflect.DelegatingMethodAccessorImpl.invoke(DelegatingMethodAccessorImpl.java:43)\n\tat java.base/java.lang.reflect.Method.invoke(Method.java:568)\n\tat org.testng.internal.MethodInvocationHelper.invokeMethod(MethodInvocationHelper.java:133)\n\tat org.testng.internal.TestInvoker.invokeMethod(TestInvoker.java:598)\n\tat org.testng.internal.TestInvoker.invokeTestMethod(TestInvoker.java:173)\n\tat org.testng.internal.MethodRunner.runInSequence(MethodRunner.java:46)\n\tat org.testng.internal.TestInvoker$MethodInvocationAgent.invoke(TestInvoker.java:824)\n\tat org.testng.internal.TestInvoker.invokeTestMethods(TestInvoker.java:146)\n\tat org.testng.internal.TestMethodWorker.invokeTestMethods(TestMethodWorker.java:146)\n\tat org.testng.internal.TestMethodWorker.run(TestMethodWorker.java:128)\n\tat java.base/java.util.ArrayList.forEach(ArrayList.java:1511)\n\tat org.testng.TestRunner.privateRun(TestRunner.java:794)\n\tat org.testng.TestRunner.run(TestRunner.java:596)\n\tat org.testng.SuiteRunner.runTest(SuiteRunner.java:377)\n\tat org.testng.SuiteRunner.runSequentially(SuiteRunner.java:371)\n\tat org.testng.SuiteRunner.privateRun(SuiteRunner.java:332)\n\tat org.testng.SuiteRunner.run(SuiteRunner.java:276)\n\tat org.testng.SuiteRunnerWorker.runSuite(SuiteRunnerWorker.java:53)\n\tat org.testng.SuiteRunnerWorker.run(SuiteRunnerWorker.java:96)\n\tat org.testng.TestNG.runSuitesSequentially(TestNG.java:1212)\n\tat org.testng.TestNG.runSuitesLocally(TestNG.java:1134)\n\tat org.testng.TestNG.runSuites(TestNG.java:1063)\n\tat org.testng.TestNG.run(TestNG.java:1031)\n\tat org.apache.maven.surefire.testng.TestNGExecutor.run(TestNGExecutor.java:136)\n\tat org.apache.maven.surefire.testng.TestNGDirectoryTestSuite.executeMulti(TestNGDirectoryTestSuite.java:193)\n\tat org.apache.maven.surefire.testng.TestNGDirectoryTestSuite.execute(TestNGDirectoryTestSuite.java:94)\n\tat org.apache.maven.surefire.testng.TestNGProvider.invoke(TestNGProvider.java:145)\n\tat org.apache.maven.surefire.booter.ForkedBooter.runSuitesInProcess(ForkedBooter.java:428)\n\tat org.apache.maven.surefire.booter.ForkedBooter.execute(ForkedBooter.java:162)\n\tat org.apache.maven.surefire.booter.ForkedBooter.run(ForkedBooter.java:562)\n\tat org.apache.maven.surefire.booter.ForkedBooter.main(ForkedBooter.java:548)\nCaused by: java.io.FileNotFoundException: /home/runner/work/SHAFT_ENGINE/SHAFT_ENGINE/src/test/resources/testDataFiles/schema.json (No such file or directory)\n\tat java.base/java.io.FileInputStream.open0(Native Method)\n\tat java.base/java.io.FileInputStream.open(FileInputStream.java:216)\n\tat java.base/java.io.FileInputStream.<init>(FileInputStream.java:157)\n\tat com.github.fge.jackson.JsonLoader.fromFile(JsonLoader.java:165)\n\tat io.restassured.module.jsv.JsonSchemaValidator$3.createSchemaInstance(JsonSchemaValidator.java:155)\n\tat io.restassured.module.jsv.JsonSchemaValidator$3.createSchemaInstance(JsonSchemaValidator.java:152)\n\tat io.restassured.module.jsv.JsonSchemaValidator$JsonSchemaValidatorFactory.create(JsonSchemaValidator.java:284)\n\t... 37 more\n",
    "steps" : [ {
      "name" : "Assertion Passed: Evaluating the actual response status code against the expected one...",
      "time" : {
        "start" : 1636020546018,
        "stop" : 1636020546018,
        "duration" : 0
      },
      "status" : "passed",
      "steps" : [ ],
      "attachments" : [ ],
      "parameters" : [ {
        "name" : "actionCounter",
        "value" : "35"
      }, {
        "name" : "customLog",
        "value" : "Assertion Passed: Evaluating the actual response status code against the expected one..."
      }, {
        "name" : "stepLog",
        "value" : "Assertion [ValidateComparativeRelation] PASSED. Expected [200] and Actual [200]. Comparison Type [EQUALS]. Validation Type [POSITIVE]."
      }, {
        "name" : "attachments",
        "value" : "null"
      } ],
      "stepsCount" : 0,
      "attachmentsCount" : 0,
      "shouldDisplayMessage" : false,
      "hasContent" : true
    }, {
      "name" : "API Action [PerformRequest] successfully performed. With the following test data [Request Type: \"GET\" | Target Status Code: \"200\" | Service URL: \"http://api.zippopotam.us/us/90210\" | Content Type: \"*/*\" | Response Time: \"110ms\"].",
      "time" : {
        "start" : 1636020546036,
        "stop" : 1636020546038,
        "duration" : 2
      },
      "status" : "passed",
      "steps" : [ ],
      "attachments" : [ {
        "uid" : "1257fdc7b48cd66a",
        "name" : "Attachment: API Request - Specifications",
        "source" : "1257fdc7b48cd66a.txt",
        "type" : "text/plain",
        "size" : 44
      }, {
        "uid" : "871ba465742fcfcf",
        "name" : "Attachment: API Response - JSON Body",
        "source" : "871ba465742fcfcf.json",
        "type" : "text/json",
        "size" : 279
      } ],
      "parameters" : [ {
        "name" : "actionCounter",
        "value" : "36"
      }, {
        "name" : "logText",
        "value" : "API Action [PerformRequest] successfully performed. With the following test data [Request Type: \"GET\" | Target Status Code: \"200\" | Service URL: \"http://api.zippopotam.us/us/90210\" | Content Type: \"*/*\" | Response Time: \"110ms\"]."
      }, {
        "name" : "attachments",
        "value" : "[[API Request, Specifications, Headers:\n_______________\n\nContent-Type=*/*\n\n], null, [API Response, JSON Body, java.io.ByteArrayInputStream@759d44a3]]"
      } ],
      "stepsCount" : 0,
      "attachmentsCount" : 2,
      "shouldDisplayMessage" : false,
      "hasContent" : true
    } ],
    "attachments" : [ {
      "uid" : "6a83472181e46bdf",
      "name" : "Attachment: SHAFT Engine Logs - Current Method log: checkAPI_ResponseSchema",
      "source" : "6a83472181e46bdf.txt",
      "type" : "text/plain",
      "size" : 1537
    } ],
    "parameters" : [ ],
    "stepsCount" : 2,
    "attachmentsCount" : 3,
    "shouldDisplayMessage" : true,
    "hasContent" : true
  },
  "afterStages" : [ {
    "name" : "teardownActivities",
    "time" : {
      "start" : 1636021068768,
      "stop" : 1636021069392,
      "duration" : 624
    },
    "description" : "",
    "status" : "passed",
    "steps" : [ {
      "name" : "Successfully Closed All Drivers.",
      "time" : {
        "start" : 1636021068768,
        "stop" : 1636021068768,
        "duration" : 0
      },
      "status" : "passed",
      "steps" : [ ],
      "attachments" : [ ],
      "parameters" : [ {
        "name" : "actionCounter",
        "value" : "549"
      }, {
        "name" : "logText",
        "value" : "Successfully Closed All Drivers."
      } ],
      "stepsCount" : 0,
      "attachmentsCount" : 0,
      "shouldDisplayMessage" : false,
      "hasContent" : true
    }, {
      "name" : "Issue Summary: Total Issues = 8, New issues for Failed Tests = 6, Open issues for Passed Tests = 2, Open issues for Failed Tests = 0. Kindly check the attached Issue details.",
      "time" : {
        "start" : 1636021068781,
        "stop" : 1636021068781,
        "duration" : 0
      },
      "status" : "passed",
      "steps" : [ ],
      "attachments" : [ {
        "uid" : "e8cd3aa270fa300b",
        "name" : "Attachment: SHAFT Engine Logs - Issues log CSV: 20211104-101748",
        "source" : "e8cd3aa270fa300b.csv",
        "type" : "text/csv",
        "size" : 1014
      } ],
      "parameters" : [ {
        "name" : "actionCounter",
        "value" : "550"
      }, {
        "name" : "logText",
        "value" : "Issue Summary: Total Issues = 8, New issues for Failed Tests = 6, Open issues for Passed Tests = 2, Open issues for Failed Tests = 0. Kindly check the attached Issue details."
      }, {
        "name" : "attachments",
        "value" : "[[SHAFT Engine Logs, Issues log CSV: 20211104-101748, java.io.ByteArrayInputStream@6496a060]]"
      } ],
      "stepsCount" : 0,
      "attachmentsCount" : 1,
      "shouldDisplayMessage" : false,
      "hasContent" : true
    } ],
    "attachments" : [ {
      "uid" : "4a88ad690b399b0e",
      "name" : "Attachment: SHAFT Engine Logs - Execution log: 20211104-101748",
      "source" : "4a88ad690b399b0e.txt",
      "type" : "text/plain",
      "size" : 240233
    }, {
      "uid" : "b3a2d5c2e6ffc38b",
      "name" : "Attachment: HTML - Extent Emailable Execution Report",
      "source" : "b3a2d5c2e6ffc38b.html",
      "type" : "text/html",
      "size" : 15947241
    } ],
    "parameters" : [ ],
    "stepsCount" : 2,
    "attachmentsCount" : 3,
    "shouldDisplayMessage" : false,
    "hasContent" : true
  } ],
  "labels" : [ {
    "name" : "package",
    "value" : "testPackage01.Test_MatchJsonSchema"
  }, {
    "name" : "testClass",
    "value" : "testPackage01.Test_MatchJsonSchema"
  }, {
    "name" : "testMethod",
    "value" : "checkAPI_ResponseSchema"
  }, {
    "name" : "parentSuite",
    "value" : "SHAFT: Custom Suite"
  }, {
    "name" : "suite",
    "value" : "SHAFT: Custom Test"
  }, {
    "name" : "subSuite",
    "value" : "testPackage01.Test_MatchJsonSchema"
  }, {
    "name" : "host",
    "value" : "fv-az204-948"
  }, {
    "name" : "thread",
    "value" : "4324@fv-az204-948.main(1)"
  }, {
    "name" : "framework",
    "value" : "testng"
  }, {
    "name" : "language",
    "value" : "java"
  }, {
    "name" : "resultFormat",
    "value" : "allure2"
  } ],
  "parameters" : [ ],
  "links" : [ ],
  "hidden" : false,
  "retry" : false,
  "extra" : {
    "severity" : "normal",
    "retries" : [ ],
    "categories" : [ {
      "name" : "Test defects",
      "matchedStatuses" : [ ],
      "flaky" : false
    } ],
    "history" : {
      "statistic" : {
        "failed" : 0,
        "broken" : 5,
        "skipped" : 0,
        "passed" : 3,
        "unknown" : 0,
        "total" : 8
      },
      "items" : [ {
        "uid" : "26f2c47627eced1a",
        "reportUrl" : "https://MohabMohie.github.io/SHAFT_ENGINE/allure/Linux/Web/876//#testresult/26f2c47627eced1a",
        "status" : "broken",
        "statusDetails" : "java.io.FileNotFoundException: /home/runner/work/SHAFT_ENGINE/SHAFT_ENGINE/src/test/resources/testDataFiles/schema.json (No such file or directory)",
        "time" : {
          "start" : 1635990827284,
          "stop" : 1635990827775,
          "duration" : 491
        }
      }, {
        "uid" : "348320f8a7efbd31",
        "reportUrl" : "https://MohabMohie.github.io/SHAFT_ENGINE/allure/Linux/Web/874//#testresult/348320f8a7efbd31",
        "status" : "broken",
        "statusDetails" : "java.io.FileNotFoundException: /home/runner/work/SHAFT_ENGINE/SHAFT_ENGINE/src/test/resources/testDataFiles/schema.json (No such file or directory)",
        "time" : {
          "start" : 1635977006654,
          "stop" : 1635977007193,
          "duration" : 539
        }
      }, {
        "uid" : "bb43468ea619c639",
        "reportUrl" : "https://MohabMohie.github.io/SHAFT_ENGINE/allure/Linux/Web/872//#testresult/bb43468ea619c639",
        "status" : "broken",
        "statusDetails" : "java.io.FileNotFoundException: /home/runner/work/SHAFT_ENGINE/SHAFT_ENGINE/nullschema.json (No such file or directory)",
        "time" : {
          "start" : 1635974554276,
          "stop" : 1635974554696,
          "duration" : 420
        }
      }, {
        "uid" : "2a71bc6dacecc19a",
        "reportUrl" : "https://MohabMohie.github.io/SHAFT_ENGINE/allure/Linux/Web/870//#testresult/2a71bc6dacecc19a",
        "status" : "broken",
        "statusDetails" : "java.io.FileNotFoundException: /home/runner/work/SHAFT_ENGINE/SHAFT_ENGINE/nullschema.json (No such file or directory)",
        "time" : {
          "start" : 1635971000855,
          "stop" : 1635971001401,
          "duration" : 546
        }
      }, {
        "uid" : "b9ef1bd5e63068d5",
        "reportUrl" : "https://MohabMohie.github.io/SHAFT_ENGINE/allure/Linux/Web/869//#testresult/b9ef1bd5e63068d5",
        "status" : "passed",
        "time" : {
          "start" : 1635969879900,
          "stop" : 1635969880796,
          "duration" : 896
        }
      }, {
        "uid" : "f9525a285bfbba75",
        "reportUrl" : "https://MohabMohie.github.io/SHAFT_ENGINE/allure/Linux/Web/868//#testresult/f9525a285bfbba75",
        "status" : "passed",
        "time" : {
          "start" : 1635969854210,
          "stop" : 1635969855193,
          "duration" : 983
        }
      }, {
        "uid" : "d9703f08f6b2c445",
        "reportUrl" : "https://MohabMohie.github.io/SHAFT_ENGINE/allure/Linux/Web/864//#testresult/d9703f08f6b2c445",
        "status" : "passed",
        "time" : {
          "start" : 1635917236457,
          "stop" : 1635917237307,
          "duration" : 850
        }
      } ]
    },
    "tags" : [ ]
  },
  "source" : "fb6b714ef75ccf96.json",
  "parameterValues" : [ ]
}