{
  "uid" : "f4bb30262c49834d",
  "name" : "assertElementAttribute_true_caseInsensitiveComparison_expectedToPass",
  "fullName" : "unitTests.tests_validations_assertions.assertElementAttribute_true_caseInsensitiveComparison_expectedToPass",
  "historyId" : "f7cea628e60912dec54c96e154519b67",
  "time" : {
    "start" : 1639274398597,
    "stop" : 1639274398599,
    "duration" : 2
  },
  "status" : "skipped",
  "statusMessage" : "Driver Factory Action [createNewLocalDriverInstanceForSafari] failed. With the following test data [Failed to create a session on DESKTOP_SAFARI].",
  "statusTrace" : "java.lang.AssertionError: Driver Factory Action [createNewLocalDriverInstanceForSafari] failed. With the following test data [Failed to create a session on DESKTOP_SAFARI].\n\tat org.testng.Assert.fail(Assert.java:99)\n\tat com.shaft.driver.DriverFactoryHelper.failAction(DriverFactoryHelper.java:306)\n\tat com.shaft.driver.DriverFactoryHelper.createNewLocalDriverInstanceForSafari(DriverFactoryHelper.java:576)\n\tat com.shaft.driver.DriverFactoryHelper.createNewLocalDriverInstance(DriverFactoryHelper.java:596)\n\tat com.shaft.driver.DriverFactoryHelper.getDriver(DriverFactoryHelper.java:815)\n\tat com.shaft.driver.DriverFactoryHelper.getDriver(DriverFactoryHelper.java:140)\n\tat com.shaft.driver.DriverFactory.getDriver(DriverFactory.java:27)\n\tat com.shaft.gui.browser.BrowserFactory.getBrowser(BrowserFactory.java:21)\n\tat unitTests.tests_validations_assertions.beforeMethod(tests_validations_assertions.java:406)\n\tat java.base/jdk.internal.reflect.NativeMethodAccessorImpl.invoke0(Native Method)\n\tat java.base/jdk.internal.reflect.NativeMethodAccessorImpl.invoke(NativeMethodAccessorImpl.java:77)\n\tat java.base/jdk.internal.reflect.DelegatingMethodAccessorImpl.invoke(DelegatingMethodAccessorImpl.java:43)\n\tat java.base/java.lang.reflect.Method.invoke(Method.java:568)\n\tat org.testng.internal.MethodInvocationHelper.invokeMethod(MethodInvocationHelper.java:133)\n\tat org.testng.internal.MethodInvocationHelper.invokeMethodConsideringTimeout(MethodInvocationHelper.java:62)\n\tat org.testng.internal.ConfigInvoker.invokeConfigurationMethod(ConfigInvoker.java:385)\n\tat org.testng.internal.ConfigInvoker.invokeConfigurations(ConfigInvoker.java:321)\n\tat org.testng.internal.TestInvoker.runConfigMethods(TestInvoker.java:700)\n\tat org.testng.internal.TestInvoker.invokeMethod(TestInvoker.java:527)\n\tat org.testng.internal.TestInvoker.invokeTestMethod(TestInvoker.java:173)\n\tat org.testng.internal.MethodRunner.runInSequence(MethodRunner.java:46)\n\tat org.testng.internal.TestInvoker$MethodInvocationAgent.invoke(TestInvoker.java:824)\n\tat org.testng.internal.TestInvoker.invokeTestMethods(TestInvoker.java:146)\n\tat org.testng.internal.TestMethodWorker.invokeTestMethods(TestMethodWorker.java:146)\n\tat org.testng.internal.TestMethodWorker.run(TestMethodWorker.java:128)\n\tat java.base/java.util.ArrayList.forEach(ArrayList.java:1511)\n\tat org.testng.TestRunner.privateRun(TestRunner.java:794)\n\tat org.testng.TestRunner.run(TestRunner.java:596)\n\tat org.testng.SuiteRunner.runTest(SuiteRunner.java:377)\n\tat org.testng.SuiteRunner.runSequentially(SuiteRunner.java:371)\n\tat org.testng.SuiteRunner.privateRun(SuiteRunner.java:332)\n\tat org.testng.SuiteRunner.run(SuiteRunner.java:276)\n\tat org.testng.SuiteRunnerWorker.runSuite(SuiteRunnerWorker.java:53)\n\tat org.testng.SuiteRunnerWorker.run(SuiteRunnerWorker.java:96)\n\tat org.testng.TestNG.runSuitesSequentially(TestNG.java:1212)\n\tat org.testng.TestNG.runSuitesLocally(TestNG.java:1134)\n\tat org.testng.TestNG.runSuites(TestNG.java:1063)\n\tat org.testng.TestNG.run(TestNG.java:1031)\n\tat org.apache.maven.surefire.testng.TestNGExecutor.run(TestNGExecutor.java:136)\n\tat org.apache.maven.surefire.testng.TestNGDirectoryTestSuite.executeMulti(TestNGDirectoryTestSuite.java:193)\n\tat org.apache.maven.surefire.testng.TestNGDirectoryTestSuite.execute(TestNGDirectoryTestSuite.java:94)\n\tat org.apache.maven.surefire.testng.TestNGProvider.invoke(TestNGProvider.java:145)\n\tat org.apache.maven.surefire.booter.ForkedBooter.runSuitesInProcess(ForkedBooter.java:428)\n\tat org.apache.maven.surefire.booter.ForkedBooter.execute(ForkedBooter.java:162)\n\tat org.apache.maven.surefire.booter.ForkedBooter.run(ForkedBooter.java:562)\n\tat org.apache.maven.surefire.booter.ForkedBooter.main(ForkedBooter.java:548)\n",
  "flaky" : false,
  "newFailed" : false,
  "beforeStages" : [ {
    "name" : "beforeMethod",
    "time" : {
      "start" : 1639274398462,
      "stop" : 1639274398593,
      "duration" : 131
    },
    "description" : "",
    "status" : "failed",
    "statusMessage" : "Driver Factory Action [createNewLocalDriverInstanceForSafari] failed. With the following test data [Failed to create a session on DESKTOP_SAFARI].",
    "statusTrace" : "java.lang.AssertionError: Driver Factory Action [createNewLocalDriverInstanceForSafari] failed. With the following test data [Failed to create a session on DESKTOP_SAFARI].\n\tat org.testng.Assert.fail(Assert.java:99)\n\tat com.shaft.driver.DriverFactoryHelper.failAction(DriverFactoryHelper.java:306)\n\tat com.shaft.driver.DriverFactoryHelper.createNewLocalDriverInstanceForSafari(DriverFactoryHelper.java:576)\n\tat com.shaft.driver.DriverFactoryHelper.createNewLocalDriverInstance(DriverFactoryHelper.java:596)\n\tat com.shaft.driver.DriverFactoryHelper.getDriver(DriverFactoryHelper.java:815)\n\tat com.shaft.driver.DriverFactoryHelper.getDriver(DriverFactoryHelper.java:140)\n\tat com.shaft.driver.DriverFactory.getDriver(DriverFactory.java:27)\n\tat com.shaft.gui.browser.BrowserFactory.getBrowser(BrowserFactory.java:21)\n\tat unitTests.tests_validations_assertions.beforeMethod(tests_validations_assertions.java:406)\n\tat java.base/jdk.internal.reflect.NativeMethodAccessorImpl.invoke0(Native Method)\n\tat java.base/jdk.internal.reflect.NativeMethodAccessorImpl.invoke(NativeMethodAccessorImpl.java:77)\n\tat java.base/jdk.internal.reflect.DelegatingMethodAccessorImpl.invoke(DelegatingMethodAccessorImpl.java:43)\n\tat java.base/java.lang.reflect.Method.invoke(Method.java:568)\n\tat org.testng.internal.MethodInvocationHelper.invokeMethod(MethodInvocationHelper.java:133)\n\tat org.testng.internal.MethodInvocationHelper.invokeMethodConsideringTimeout(MethodInvocationHelper.java:62)\n\tat org.testng.internal.ConfigInvoker.invokeConfigurationMethod(ConfigInvoker.java:385)\n\tat org.testng.internal.ConfigInvoker.invokeConfigurations(ConfigInvoker.java:321)\n\tat org.testng.internal.TestInvoker.runConfigMethods(TestInvoker.java:700)\n\tat org.testng.internal.TestInvoker.invokeMethod(TestInvoker.java:527)\n\tat org.testng.internal.TestInvoker.invokeTestMethod(TestInvoker.java:173)\n\tat org.testng.internal.MethodRunner.runInSequence(MethodRunner.java:46)\n\tat org.testng.internal.TestInvoker$MethodInvocationAgent.invoke(TestInvoker.java:824)\n\tat org.testng.internal.TestInvoker.invokeTestMethods(TestInvoker.java:146)\n\tat org.testng.internal.TestMethodWorker.invokeTestMethods(TestMethodWorker.java:146)\n\tat org.testng.internal.TestMethodWorker.run(TestMethodWorker.java:128)\n\tat java.base/java.util.ArrayList.forEach(ArrayList.java:1511)\n\tat org.testng.TestRunner.privateRun(TestRunner.java:794)\n\tat org.testng.TestRunner.run(TestRunner.java:596)\n\tat org.testng.SuiteRunner.runTest(SuiteRunner.java:377)\n\tat org.testng.SuiteRunner.runSequentially(SuiteRunner.java:371)\n\tat org.testng.SuiteRunner.privateRun(SuiteRunner.java:332)\n\tat org.testng.SuiteRunner.run(SuiteRunner.java:276)\n\tat org.testng.SuiteRunnerWorker.runSuite(SuiteRunnerWorker.java:53)\n\tat org.testng.SuiteRunnerWorker.run(SuiteRunnerWorker.java:96)\n\tat org.testng.TestNG.runSuitesSequentially(TestNG.java:1212)\n\tat org.testng.TestNG.runSuitesLocally(TestNG.java:1134)\n\tat org.testng.TestNG.runSuites(TestNG.java:1063)\n\tat org.testng.TestNG.run(TestNG.java:1031)\n\tat org.apache.maven.surefire.testng.TestNGExecutor.run(TestNGExecutor.java:136)\n\tat org.apache.maven.surefire.testng.TestNGDirectoryTestSuite.executeMulti(TestNGDirectoryTestSuite.java:193)\n\tat org.apache.maven.surefire.testng.TestNGDirectoryTestSuite.execute(TestNGDirectoryTestSuite.java:94)\n\tat org.apache.maven.surefire.testng.TestNGProvider.invoke(TestNGProvider.java:145)\n\tat org.apache.maven.surefire.booter.ForkedBooter.runSuitesInProcess(ForkedBooter.java:428)\n\tat org.apache.maven.surefire.booter.ForkedBooter.execute(ForkedBooter.java:162)\n\tat org.apache.maven.surefire.booter.ForkedBooter.run(ForkedBooter.java:562)\n\tat org.apache.maven.surefire.booter.ForkedBooter.main(ForkedBooter.java:548)\n",
    "steps" : [ {
      "name" : "Attempting to run locally on: [Mac-64], [Safari], Headless Execution.",
      "time" : {
        "start" : 1639274398462,
        "stop" : 1639274398462,
        "duration" : 0
      },
      "status" : "passed",
      "steps" : [ ],
      "attachments" : [ ],
      "parameters" : [ {
        "name" : "actionCounter",
        "value" : "143"
      }, {
        "name" : "logText",
        "value" : "Attempting to run locally on: [Mac-64], [Safari], Headless Execution."
      } ],
      "stepsCount" : 0,
      "attachmentsCount" : 0,
      "shouldDisplayMessage" : false,
      "hasContent" : true
    }, {
      "name" : "An Exception Occured with this Message: Could not start a new session. Possible causes are invalid address of the remote server or browser start-up failure..",
      "time" : {
        "start" : 1639274398591,
        "stop" : 1639274398592,
        "duration" : 1
      },
      "status" : "passed",
      "steps" : [ ],
      "attachments" : [ {
        "uid" : "fda054c130f84991",
        "name" : "Attachment: Exception Stack Trace - org.openqa.selenium.SessionNotCreatedException",
        "source" : "fda054c130f84991.txt",
        "type" : "text/plain",
        "size" : 14750
      } ],
      "parameters" : [ {
        "name" : "actionCounter",
        "value" : "144"
      }, {
        "name" : "logText",
        "value" : "An Exception Occured with this Message: Could not start a new session. Possible causes are invalid address of the remote server or browser start-up failure.."
      }, {
        "name" : "attachments",
        "value" : "[[Exception Stack Trace, org.openqa.selenium.SessionNotCreatedException, org.openqa.selenium.SessionNotCreatedException:\nCould not start a new session. Possible causes are invalid address of the remote server or browser start-up failure.\norg.openqa.selenium.remote.RemoteWebDriver.execute(RemoteWebDriver.java:577)\norg.openqa.selenium.remote.RemoteWebDriver.startSession(RemoteWebDriver.java:246)\norg.openqa.selenium.remote.RemoteWebDriver.<init>(RemoteWebDriver.java:168)\norg.openqa.selenium.safari.SafariDriver.<init>(SafariDriver.java:87)\norg.openqa.selenium.safari.SafariDriver.<init>(SafariDriver.java:69)\ncom.shaft.driver.DriverFactoryHelper.createNewLocalDriverInstanceForSafari(DriverFactoryHelper.java:573)\ncom.shaft.driver.DriverFactoryHelper.createNewLocalDriverInstance(DriverFactoryHelper.java:596)\ncom.shaft.driver.DriverFactoryHelper.getDriver(DriverFactoryHelper.java:815)\ncom.shaft.driver.DriverFactoryHelper.getDriver(DriverFactoryHelper.java:140)\ncom.shaft.driver.DriverFactory.getDriver(DriverFactory.java:27)\ncom.shaft.gui.browser.BrowserFactory.getBrowser(BrowserFactory.java:21)\nunitTests.tests_validations_assertions.beforeMethod(tests_validations_assertions.java:406)\njava.base/jdk.internal.reflect.NativeMethodAccessorImpl.invoke0(Native Method)\njava.base/jdk.internal.reflect.NativeMethodAccessorImpl.invoke(NativeMethodAccessorImpl.java:77)\njava.base/jdk.internal.reflect.DelegatingMethodAccessorImpl.invoke(DelegatingMethodAccessorImpl.java:43)\njava.base/java.lang.reflect.Method.invoke(Method.java:568)\norg.testng.internal.MethodInvocationHelper.invokeMethod(MethodInvocationHelper.java:133)\norg.testng.internal.MethodInvocationHelper.invokeMethodConsideringTimeout(MethodInvocationHelper.java:62)\norg.testng.internal.ConfigInvoker.invokeConfigurationMethod(ConfigInvoker.java:385)\norg.testng.internal.ConfigInvoker.invokeConfigurations(ConfigInvoker.java:321)\norg.testng.internal.TestInvoker.runConfigMethods(TestInvoker.java:700)\norg.testng.internal.TestInvoker.invokeMethod(TestInvoker.java:527)\norg.testng.internal.TestInvoker.invokeTestMethod(TestInvoker.java:173)\norg.testng.internal.MethodRunner.runInSequence(MethodRunner.java:46)\norg.testng.internal.TestInvoker$MethodInvocationAgent.invoke(TestInvoker.java:824)\norg.testng.internal.TestInvoker.invokeTestMethods(TestInvoker.java:146)\norg.testng.internal.TestMethodWorker.invokeTestMethods(TestMethodWorker.java:146)\norg.testng.internal.TestMethodWorker.run(TestMethodWorker.java:128)\njava.base/java.util.ArrayList.forEach(ArrayList.java:1511)\norg.testng.TestRunner.privateRun(TestRunner.java:794)\norg.testng.TestRunner.run(TestRunner.java:596)\norg.testng.SuiteRunner.runTest(SuiteRunner.java:377)\norg.testng.SuiteRunner.runSequentially(SuiteRunner.java:371)\norg.testng.SuiteRunner.privateRun(SuiteRunner.java:332)\norg.testng.SuiteRunner.run(SuiteRunner.java:276)\norg.testng.SuiteRunnerWorker.runSuite(SuiteRunnerWorker.java:53)\norg.testng.SuiteRunnerWorker.run(SuiteRunnerWorker.java:96)\norg.testng.TestNG.runSuitesSequentially(TestNG.java:1212)\norg.testng.TestNG.runSuitesLocally(TestNG.java:1134)\norg.testng.TestNG.runSuites(TestNG.java:1063)\norg.testng.TestNG.run(TestNG.java:1031)\norg.apache.maven.surefire.testng.TestNGExecutor.run(TestNGExecutor.java:136)\norg.apache.maven.surefire.testng.TestNGDirectoryTestSuite.executeMulti(TestNGDirectoryTestSuite.java:193)\norg.apache.maven.surefire.testng.TestNGDirectoryTestSuite.execute(TestNGDirectoryTestSuite.java:94)\norg.apache.maven.surefire.testng.TestNGProvider.invoke(TestNGProvider.java:145)\norg.apache.maven.surefire.booter.ForkedBooter.runSuitesInProcess(ForkedBooter.java:428)\norg.apache.maven.surefire.booter.ForkedBooter.execute(ForkedBooter.java:162)\norg.apache.maven.surefire.booter.ForkedBooter.run(ForkedBooter.java:562)\norg.apache.maven.surefire.booter.ForkedBooter.main(ForkedBooter.java:548)\n\nCaused by: org.openqa.selenium.WebDriverException:\nTimed out waiting for driver server to start.\nBuild info: version: '4.1.0', revision: '87802e897b'\nSystem info: host: 'Mac-1639273872170.local', ip: '10.212.11.16', os.name: 'Mac OS X', os.arch: 'x86_64', os.version: '11.5', java.version: '17.0.1'\nDriver info: driver.version: SafariDriver\norg.openqa.selenium.remote.service.DriverService.start(DriverService.java:227)\norg.openqa.selenium.remote.service.DriverCommandExecutor.execute(DriverCommandExecutor.java:95)\norg.openqa.selenium.remote.RemoteWebDriver.execute(RemoteWebDriver.java:559)\norg.openqa.selenium.remote.RemoteWebDriver.startSession(RemoteWebDriver.java:246)\norg.openqa.selenium.remote.RemoteWebDriver.<init>(RemoteWebDriver.java:168)\norg.openqa.selenium.safari.SafariDriver.<init>(SafariDriver.java:87)\norg.openqa.selenium.safari.SafariDriver.<init>(SafariDriver.java:69)\ncom.shaft.driver.DriverFactoryHelper.createNewLocalDriverInstanceForSafari(DriverFactoryHelper.java:573)\ncom.shaft.driver.DriverFactoryHelper.createNewLocalDriverInstance(DriverFactoryHelper.java:596)\ncom.shaft.driver.DriverFactoryHelper.getDriver(DriverFactoryHelper.java:815)\ncom.shaft.driver.DriverFactoryHelper.getDriver(DriverFactoryHelper.java:140)\ncom.shaft.driver.DriverFactory.getDriver(DriverFactory.java:27)\ncom.shaft.gui.browser.BrowserFactory.getBrowser(BrowserFactory.java:21)\nunitTests.tests_validations_assertions.beforeMethod(tests_validations_assertions.java:406)\njava.base/jdk.internal.reflect.NativeMethodAccessorImpl.invoke0(Native Method)\njava.base/jdk.internal.reflect.NativeMethodAccessorImpl.invoke(NativeMethodAccessorImpl.java:77)\njava.base/jdk.internal.reflect.DelegatingMethodAccessorImpl.invoke(DelegatingMethodAccessorImpl.java:43)\njava.base/java.lang.reflect.Method.invoke(Method.java:568)\norg.testng.internal.MethodInvocationHelper.invokeMethod(MethodInvocationHelper.java:133)\norg.testng.internal.MethodInvocationHelper.invokeMethodConsideringTimeout(MethodInvocationHelper.java:62)\norg.testng.internal.ConfigInvoker.invokeConfigurationMethod(ConfigInvoker.java:385)\norg.testng.internal.ConfigInvoker.invokeConfigurations(ConfigInvoker.java:321)\norg.testng.internal.TestInvoker.runConfigMethods(TestInvoker.java:700)\norg.testng.internal.TestInvoker.invokeMethod(TestInvoker.java:527)\norg.testng.internal.TestInvoker.invokeTestMethod(TestInvoker.java:173)\norg.testng.internal.MethodRunner.runInSequence(MethodRunner.java:46)\norg.testng.internal.TestInvoker$MethodInvocationAgent.invoke(TestInvoker.java:824)\norg.testng.internal.TestInvoker.invokeTestMethods(TestInvoker.java:146)\norg.testng.internal.TestMethodWorker.invokeTestMethods(TestMethodWorker.java:146)\norg.testng.internal.TestMethodWorker.run(TestMethodWorker.java:128)\njava.base/java.util.ArrayList.forEach(ArrayList.java:1511)\norg.testng.TestRunner.privateRun(TestRunner.java:794)\norg.testng.TestRunner.run(TestRunner.java:596)\norg.testng.SuiteRunner.runTest(SuiteRunner.java:377)\norg.testng.SuiteRunner.runSequentially(SuiteRunner.java:371)\norg.testng.SuiteRunner.privateRun(SuiteRunner.java:332)\norg.testng.SuiteRunner.run(SuiteRunner.java:276)\norg.testng.SuiteRunnerWorker.runSuite(SuiteRunnerWorker.java:53)\norg.testng.SuiteRunnerWorker.run(SuiteRunnerWorker.java:96)\norg.testng.TestNG.runSuitesSequentially(TestNG.java:1212)\norg.testng.TestNG.runSuitesLocally(TestNG.java:1134)\norg.testng.TestNG.runSuites(TestNG.java:1063)\norg.testng.TestNG.run(TestNG.java:1031)\norg.apache.maven.surefire.testng.TestNGExecutor.run(TestNGExecutor.java:136)\norg.apache.maven.surefire.testng.TestNGDirectoryTestSuite.executeMulti(TestNGDirectoryTestSuite.java:193)\norg.apache.maven.surefire.testng.TestNGDirectoryTestSuite.execute(TestNGDirectoryTestSuite.java:94)\norg.apache.maven.surefire.testng.TestNGProvider.invoke(TestNGProvider.java:145)\norg.apache.maven.surefire.booter.ForkedBooter.runSuitesInProcess(ForkedBooter.java:428)\norg.apache.maven.surefire.booter.ForkedBooter.execute(ForkedBooter.java:162)\norg.apache.maven.surefire.booter.ForkedBooter.run(ForkedBooter.java:562)\norg.apache.maven.surefire.booter.ForkedBooter.main(ForkedBooter.java:548)\n\nCaused by: java.util.concurrent.ExecutionException:\norg.openqa.selenium.WebDriverException: java.lang.RuntimeException: java.net.SocketException: Invalid argument\nBuild info: version: '4.1.0', revision: '87802e897b'\nSystem info: host: 'Mac-1639273872170.local', ip: '10.212.11.16', os.name: 'Mac OS X', os.arch: 'x86_64', os.version: '11.5', java.version: '17.0.1'\nDriver info: driver.version: unknown\njava.base/java.util.concurrent.CompletableFuture.reportGet(CompletableFuture.java:396)\njava.base/java.util.concurrent.CompletableFuture.get(CompletableFuture.java:2096)\norg.openqa.selenium.remote.service.DriverService.start(DriverService.java:217)\norg.openqa.selenium.remote.service.DriverCommandExecutor.execute(DriverCommandExecutor.java:95)\norg.openqa.selenium.remote.RemoteWebDriver.execute(RemoteWebDriver.java:559)\norg.openqa.selenium.remote.RemoteWebDriver.startSession(RemoteWebDriver.java:246)\norg.openqa.selenium.remote.RemoteWebDriver.<init>(RemoteWebDriver.java:168)\norg.openqa.selenium.safari.SafariDriver.<init>(SafariDriver.java:87)\norg.openqa.selenium.safari.SafariDriver.<init>(SafariDriver.java:69)\ncom.shaft.driver.DriverFactoryHelper.createNewLocalDriverInstanceForSafari(DriverFactoryHelper.java:573)\ncom.shaft.driver.DriverFactoryHelper.createNewLocalDriverInstance(DriverFactoryHelper.java:596)\ncom.shaft.driver.DriverFactoryHelper.getDriver(DriverFactoryHelper.java:815)\ncom.shaft.driver.DriverFactoryHelper.getDriver(DriverFactoryHelper.java:140)\ncom.shaft.driver.DriverFactory.getDriver(DriverFactory.java:27)\ncom.shaft.gui.browser.BrowserFactory.getBrowser(BrowserFactory.java:21)\nunitTests.tests_validations_assertions.beforeMethod(tests_validations_assertions.java:406)\njava.base/jdk.internal.reflect.NativeMethodAccessorImpl.invoke0(Native Method)\njava.base/jdk.internal.reflect.NativeMethodAccessorImpl.invoke(NativeMethodAccessorImpl.java:77)\njava.base/jdk.internal.reflect.DelegatingMethodAccessorImpl.invoke(DelegatingMethodAccessorImpl.java:43)\njava.base/java.lang.reflect.Method.invoke(Method.java:568)\norg.testng.internal.MethodInvocationHelper.invokeMethod(MethodInvocationHelper.java:133)\norg.testng.internal.MethodInvocationHelper.invokeMethodConsideringTimeout(MethodInvocationHelper.java:62)\norg.testng.internal.ConfigInvoker.invokeConfigurationMethod(ConfigInvoker.java:385)\norg.testng.internal.ConfigInvoker.invokeConfigurations(ConfigInvoker.java:321)\norg.testng.internal.TestInvoker.runConfigMethods(TestInvoker.java:700)\norg.testng.internal.TestInvoker.invokeMethod(TestInvoker.java:527)\norg.testng.internal.TestInvoker.invokeTestMethod(TestInvoker.java:173)\norg.testng.internal.MethodRunner.runInSequence(MethodRunner.java:46)\norg.testng.internal.TestInvoker$MethodInvocationAgent.invoke(TestInvoker.java:824)\norg.testng.internal.TestInvoker.invokeTestMethods(TestInvoker.java:146)\norg.testng.internal.TestMethodWorker.invokeTestMethods(TestMethodWorker.java:146)\norg.testng.internal.TestMethodWorker.run(TestMethodWorker.java:128)\njava.base/java.util.ArrayList.forEach(ArrayList.java:1511)\norg.testng.TestRunner.privateRun(TestRunner.java:794)\norg.testng.TestRunner.run(TestRunner.java:596)\norg.testng.SuiteRunner.runTest(SuiteRunner.java:377)\norg.testng.SuiteRunner.runSequentially(SuiteRunner.java:371)\norg.testng.SuiteRunner.privateRun(SuiteRunner.java:332)\norg.testng.SuiteRunner.run(SuiteRunner.java:276)\norg.testng.SuiteRunnerWorker.runSuite(SuiteRunnerWorker.java:53)\norg.testng.SuiteRunnerWorker.run(SuiteRunnerWorker.java:96)\norg.testng.TestNG.runSuitesSequentially(TestNG.java:1212)\norg.testng.TestNG.runSuitesLocally(TestNG.java:1134)\norg.testng.TestNG.runSuites(TestNG.java:1063)\norg.testng.TestNG.run(TestNG.java:1031)\norg.apache.maven.surefire.testng.TestNGExecutor.run(TestNGExecutor.java:136)\norg.apache.maven.surefire.testng.TestNGDirectoryTestSuite.executeMulti(TestNGDirectoryTestSuite.java:193)\norg.apache.maven.surefire.testng.TestNGDirectoryTestSuite.execute(TestNGDirectoryTestSuite.java:94)\norg.apache.maven.surefire.testng.TestNGProvider.invoke(TestNGProvider.java:145)\norg.apache.maven.surefire.booter.ForkedBooter.runSuitesInProcess(ForkedBooter.java:428)\norg.apache.maven.surefire.booter.ForkedBooter.execute(ForkedBooter.java:162)\norg.apache.maven.surefire.booter.ForkedBooter.run(ForkedBooter.java:562)\norg.apache.maven.surefire.booter.ForkedBooter.main(ForkedBooter.java:548)\n\nCaused by: org.openqa.selenium.WebDriverException:\njava.lang.RuntimeException: java.net.SocketException: Invalid argument\nBuild info: version: '4.1.0', revision: '87802e897b'\nSystem info: host: 'Mac-1639273872170.local', ip: '10.212.11.16', os.name: 'Mac OS X', os.arch: 'x86_64', os.version: '11.5', java.version: '17.0.1'\nDriver info: driver.version: unknown\norg.openqa.selenium.safari.SafariDriverService.waitUntilAvailable(SafariDriverService.java:86)\norg.openqa.selenium.remote.service.DriverService.lambda$start$1(DriverService.java:202)\njava.base/java.util.concurrent.CompletableFuture$AsyncSupply.run(CompletableFuture.java:1768)\njava.base/java.util.concurrent.ThreadPoolExecutor.runWorker(ThreadPoolExecutor.java:1136)\njava.base/java.util.concurrent.ThreadPoolExecutor$Worker.run(ThreadPoolExecutor.java:635)\njava.base/java.lang.Thread.run(Thread.java:833)\n\nCaused by: java.lang.RuntimeException:\njava.net.SocketException: Invalid argument\norg.openqa.selenium.net.PortProber.waitForPortUp(PortProber.java:116)\norg.openqa.selenium.safari.SafariDriverService.waitUntilAvailable(SafariDriverService.java:84)\norg.openqa.selenium.remote.service.DriverService.lambda$start$1(DriverService.java:202)\njava.base/java.util.concurrent.CompletableFuture$AsyncSupply.run(CompletableFuture.java:1768)\njava.base/java.util.concurrent.ThreadPoolExecutor.runWorker(ThreadPoolExecutor.java:1136)\njava.base/java.util.concurrent.ThreadPoolExecutor$Worker.run(ThreadPoolExecutor.java:635)\njava.base/java.lang.Thread.run(Thread.java:833)\n\nCaused by: java.net.SocketException:\nInvalid argument\njava.base/sun.nio.ch.Net.connect0(Native Method)\njava.base/sun.nio.ch.Net.connect(Net.java:579)\njava.base/sun.nio.ch.Net.connect(Net.java:568)\njava.base/sun.nio.ch.NioSocketImpl.connect(NioSocketImpl.java:588)\njava.base/java.net.SocksSocketImpl.connect(SocksSocketImpl.java:327)\njava.base/java.net.Socket.connect(Socket.java:633)\norg.openqa.selenium.net.PortProber.waitForPortUp(PortProber.java:111)\norg.openqa.selenium.safari.SafariDriverService.waitUntilAvailable(SafariDriverService.java:84)\norg.openqa.selenium.remote.service.DriverService.lambda$start$1(DriverService.java:202)\njava.base/java.util.concurrent.CompletableFuture$AsyncSupply.run(CompletableFuture.java:1768)\njava.base/java.util.concurrent.ThreadPoolExecutor.runWorker(ThreadPoolExecutor.java:1136)\njava.base/java.util.concurrent.ThreadPoolExecutor$Worker.run(ThreadPoolExecutor.java:635)\njava.base/java.lang.Thread.run(Thread.java:833)\n]]"
      } ],
      "stepsCount" : 0,
      "attachmentsCount" : 1,
      "shouldDisplayMessage" : false,
      "hasContent" : true
    }, {
      "name" : "Driver Factory Action [createNewLocalDriverInstanceForSafari] failed. With the following test data [Failed to create a session on DESKTOP_SAFARI].",
      "time" : {
        "start" : 1639274398592,
        "stop" : 1639274398592,
        "duration" : 0
      },
      "status" : "passed",
      "steps" : [ ],
      "attachments" : [ ],
      "parameters" : [ {
        "name" : "actionCounter",
        "value" : "146"
      }, {
        "name" : "logText",
        "value" : "Driver Factory Action [createNewLocalDriverInstanceForSafari] failed. With the following test data [Failed to create a session on DESKTOP_SAFARI]."
      } ],
      "stepsCount" : 0,
      "attachmentsCount" : 0,
      "shouldDisplayMessage" : false,
      "hasContent" : true
    } ],
    "attachments" : [ ],
    "parameters" : [ ],
    "stepsCount" : 3,
    "attachmentsCount" : 1,
    "shouldDisplayMessage" : true,
    "hasContent" : true
  }, {
    "name" : "setupActivities",
    "time" : {
      "start" : 1639274306944,
      "stop" : 1639274309387,
      "duration" : 2443
    },
    "description" : "",
    "status" : "passed",
    "steps" : [ {
      "name" : "Folder [allure-results] was not found, it may have already been deleted.",
      "time" : {
        "start" : 1639274307013,
        "stop" : 1639274307015,
        "duration" : 2
      },
      "status" : "passed",
      "steps" : [ ],
      "attachments" : [ ],
      "parameters" : [ {
        "name" : "actionCounter",
        "value" : "1"
      }, {
        "name" : "logText",
        "value" : "Folder [allure-results] was not found, it may have already been deleted."
      } ],
      "stepsCount" : 0,
      "attachmentsCount" : 0,
      "shouldDisplayMessage" : false,
      "hasContent" : true
    }, {
      "name" : "Folder [/Users/runner/.m2/repository/allure/] was not found, it may have already been deleted.",
      "time" : {
        "start" : 1639274307016,
        "stop" : 1639274307016,
        "duration" : 0
      },
      "status" : "passed",
      "steps" : [ ],
      "attachments" : [ ],
      "parameters" : [ {
        "name" : "actionCounter",
        "value" : "2"
      }, {
        "name" : "logText",
        "value" : "Folder [/Users/runner/.m2/repository/allure/] was not found, it may have already been deleted."
      } ],
      "stepsCount" : 0,
      "attachmentsCount" : 0,
      "shouldDisplayMessage" : false,
      "hasContent" : true
    }, {
      "name" : "Downloading a file from this url [https://repo.maven.apache.org/maven2/io/qameta/allure/allure-commandline/2.17.1/allure-commandline-2.17.1.zip] to this directory [target/allureBinary.zip], please wait as downloading may take some time...",
      "time" : {
        "start" : 1639274307017,
        "stop" : 1639274307017,
        "duration" : 0
      },
      "status" : "passed",
      "steps" : [ ],
      "attachments" : [ ],
      "parameters" : [ {
        "name" : "actionCounter",
        "value" : "3"
      }, {
        "name" : "logText",
        "value" : "Downloading a file from this url [https://repo.maven.apache.org/maven2/io/qameta/allure/allure-commandline/2.17.1/allure-commandline-2.17.1.zip] to this directory [target/allureBinary.zip], please wait as downloading may take some time..."
      } ],
      "stepsCount" : 0,
      "attachmentsCount" : 0,
      "shouldDisplayMessage" : false,
      "hasContent" : true
    }, {
      "name" : "Terminal Action [PerformTerminalCommands] successfully performed. With the following test data [Host Name: \"localHost\" | Command: \"chmod u+x /Users/runner/.m2/repository/allure/allure-2.17.1/bin/allure\" | Exit Status: \"0\"].",
      "time" : {
        "start" : 1639274308611,
        "stop" : 1639274308611,
        "duration" : 0
      },
      "status" : "passed",
      "steps" : [ ],
      "attachments" : [ ],
      "parameters" : [ {
        "name" : "actionCounter",
        "value" : "4"
      }, {
        "name" : "logText",
        "value" : "Terminal Action [PerformTerminalCommands] successfully performed. With the following test data [Host Name: \"localHost\" | Command: \"chmod u+x /Users/runner/.m2/repository/allure/allure-2.17.1/bin/allure\" | Exit Status: \"0\"]."
      } ],
      "stepsCount" : 0,
      "attachmentsCount" : 0,
      "shouldDisplayMessage" : false,
      "hasContent" : true
    }, {
      "name" : "Terminal Action [PerformTerminalCommands] successfully performed. With the following test data [Host Name: \"localHost\" | Command: \"chmod u+x generate_allure_report.sh\" | Exit Status: \"0\"].",
      "time" : {
        "start" : 1639274308619,
        "stop" : 1639274308619,
        "duration" : 0
      },
      "status" : "passed",
      "steps" : [ ],
      "attachments" : [ ],
      "parameters" : [ {
        "name" : "actionCounter",
        "value" : "5"
      }, {
        "name" : "logText",
        "value" : "Terminal Action [PerformTerminalCommands] successfully performed. With the following test data [Host Name: \"localHost\" | Command: \"chmod u+x generate_allure_report.sh\" | Exit Status: \"0\"]."
      } ],
      "stepsCount" : 0,
      "attachmentsCount" : 0,
      "shouldDisplayMessage" : false,
      "hasContent" : true
    }, {
      "name" : "Folder [extent-reports] was not found, it may have already been deleted.",
      "time" : {
        "start" : 1639274308727,
        "stop" : 1639274308727,
        "duration" : 0
      },
      "status" : "passed",
      "steps" : [ ],
      "attachments" : [ ],
      "parameters" : [ {
        "name" : "actionCounter",
        "value" : "6"
      }, {
        "name" : "logText",
        "value" : "Folder [extent-reports] was not found, it may have already been deleted."
      } ],
      "stepsCount" : 0,
      "attachmentsCount" : 0,
      "shouldDisplayMessage" : false,
      "hasContent" : true
    } ],
    "attachments" : [ {
      "uid" : "4472269ab43efb0f",
      "name" : "Attachment: SHAFT Links - Important",
      "source" : "4472269ab43efb0f.uri",
      "type" : "text/uri-list",
      "size" : 346
    }, {
      "uid" : "7707a8187e9ed1e6",
      "name" : "Attachment: Properties - testNG",
      "source" : "7707a8187e9ed1e6.properties",
      "type" : "text/plain",
      "size" : 492
    }, {
      "uid" : "39a75b17c4aa19d5",
      "name" : "Attachment: Properties - ExecutionPlatform",
      "source" : "39a75b17c4aa19d5.properties",
      "type" : "text/plain",
      "size" : 394
    }, {
      "uid" : "1d09cb7e9652e227",
      "name" : "Attachment: Properties - path",
      "source" : "1d09cb7e9652e227.properties",
      "type" : "text/plain",
      "size" : 687
    }, {
      "uid" : "784e49d4960e4daf",
      "name" : "Attachment: Properties - video",
      "source" : "784e49d4960e4daf.properties",
      "type" : "text/plain",
      "size" : 763
    }, {
      "uid" : "72e4fc7a6728b8e",
      "name" : "Attachment: Properties - pattern",
      "source" : "72e4fc7a6728b8e.properties",
      "type" : "text/plain",
      "size" : 564
    }, {
      "uid" : "71ff5db9021026ec",
      "name" : "Attachment: Properties - internal",
      "source" : "71ff5db9021026ec.properties",
      "type" : "text/plain",
      "size" : 117
    }, {
      "uid" : "8c4f67d02dd32112",
      "name" : "Attachment: Properties - MobileCapabilities",
      "source" : "8c4f67d02dd32112.properties",
      "type" : "text/plain",
      "size" : 470
    }, {
      "uid" : "34c55947fd08db0d",
      "name" : "Attachment: Properties - cucumber",
      "source" : "34c55947fd08db0d.properties",
      "type" : "text/plain",
      "size" : 226
    }, {
      "uid" : "aed221ebd3e574cf",
      "name" : "Attachment: Properties - PlatformFlags",
      "source" : "aed221ebd3e574cf.properties",
      "type" : "text/plain",
      "size" : 765
    }, {
      "uid" : "32acced0bf0022fb",
      "name" : "Attachment: Properties - Timeouts",
      "source" : "32acced0bf0022fb.properties",
      "type" : "text/plain",
      "size" : 722
    }, {
      "uid" : "8e8dd3c4e1613b1c",
      "name" : "Attachment: Properties - Reporting",
      "source" : "8e8dd3c4e1613b1c.properties",
      "type" : "text/plain",
      "size" : 614
    }, {
      "uid" : "d2dad6df73de324e",
      "name" : "Attachment: Properties - browserStack",
      "source" : "d2dad6df73de324e.properties",
      "type" : "text/plain",
      "size" : 877
    }, {
      "uid" : "145faad44b9c91e2",
      "name" : "Attachment: Properties - VisualValidations",
      "source" : "145faad44b9c91e2.properties",
      "type" : "text/plain",
      "size" : 723
    } ],
    "parameters" : [ ],
    "stepsCount" : 6,
    "attachmentsCount" : 14,
    "shouldDisplayMessage" : false,
    "hasContent" : true
  } ],
  "testStage" : {
    "status" : "skipped",
    "statusMessage" : "Driver Factory Action [createNewLocalDriverInstanceForSafari] failed. With the following test data [Failed to create a session on DESKTOP_SAFARI].",
    "statusTrace" : "java.lang.AssertionError: Driver Factory Action [createNewLocalDriverInstanceForSafari] failed. With the following test data [Failed to create a session on DESKTOP_SAFARI].\n\tat org.testng.Assert.fail(Assert.java:99)\n\tat com.shaft.driver.DriverFactoryHelper.failAction(DriverFactoryHelper.java:306)\n\tat com.shaft.driver.DriverFactoryHelper.createNewLocalDriverInstanceForSafari(DriverFactoryHelper.java:576)\n\tat com.shaft.driver.DriverFactoryHelper.createNewLocalDriverInstance(DriverFactoryHelper.java:596)\n\tat com.shaft.driver.DriverFactoryHelper.getDriver(DriverFactoryHelper.java:815)\n\tat com.shaft.driver.DriverFactoryHelper.getDriver(DriverFactoryHelper.java:140)\n\tat com.shaft.driver.DriverFactory.getDriver(DriverFactory.java:27)\n\tat com.shaft.gui.browser.BrowserFactory.getBrowser(BrowserFactory.java:21)\n\tat unitTests.tests_validations_assertions.beforeMethod(tests_validations_assertions.java:406)\n\tat java.base/jdk.internal.reflect.NativeMethodAccessorImpl.invoke0(Native Method)\n\tat java.base/jdk.internal.reflect.NativeMethodAccessorImpl.invoke(NativeMethodAccessorImpl.java:77)\n\tat java.base/jdk.internal.reflect.DelegatingMethodAccessorImpl.invoke(DelegatingMethodAccessorImpl.java:43)\n\tat java.base/java.lang.reflect.Method.invoke(Method.java:568)\n\tat org.testng.internal.MethodInvocationHelper.invokeMethod(MethodInvocationHelper.java:133)\n\tat org.testng.internal.MethodInvocationHelper.invokeMethodConsideringTimeout(MethodInvocationHelper.java:62)\n\tat org.testng.internal.ConfigInvoker.invokeConfigurationMethod(ConfigInvoker.java:385)\n\tat org.testng.internal.ConfigInvoker.invokeConfigurations(ConfigInvoker.java:321)\n\tat org.testng.internal.TestInvoker.runConfigMethods(TestInvoker.java:700)\n\tat org.testng.internal.TestInvoker.invokeMethod(TestInvoker.java:527)\n\tat org.testng.internal.TestInvoker.invokeTestMethod(TestInvoker.java:173)\n\tat org.testng.internal.MethodRunner.runInSequence(MethodRunner.java:46)\n\tat org.testng.internal.TestInvoker$MethodInvocationAgent.invoke(TestInvoker.java:824)\n\tat org.testng.internal.TestInvoker.invokeTestMethods(TestInvoker.java:146)\n\tat org.testng.internal.TestMethodWorker.invokeTestMethods(TestMethodWorker.java:146)\n\tat org.testng.internal.TestMethodWorker.run(TestMethodWorker.java:128)\n\tat java.base/java.util.ArrayList.forEach(ArrayList.java:1511)\n\tat org.testng.TestRunner.privateRun(TestRunner.java:794)\n\tat org.testng.TestRunner.run(TestRunner.java:596)\n\tat org.testng.SuiteRunner.runTest(SuiteRunner.java:377)\n\tat org.testng.SuiteRunner.runSequentially(SuiteRunner.java:371)\n\tat org.testng.SuiteRunner.privateRun(SuiteRunner.java:332)\n\tat org.testng.SuiteRunner.run(SuiteRunner.java:276)\n\tat org.testng.SuiteRunnerWorker.runSuite(SuiteRunnerWorker.java:53)\n\tat org.testng.SuiteRunnerWorker.run(SuiteRunnerWorker.java:96)\n\tat org.testng.TestNG.runSuitesSequentially(TestNG.java:1212)\n\tat org.testng.TestNG.runSuitesLocally(TestNG.java:1134)\n\tat org.testng.TestNG.runSuites(TestNG.java:1063)\n\tat org.testng.TestNG.run(TestNG.java:1031)\n\tat org.apache.maven.surefire.testng.TestNGExecutor.run(TestNGExecutor.java:136)\n\tat org.apache.maven.surefire.testng.TestNGDirectoryTestSuite.executeMulti(TestNGDirectoryTestSuite.java:193)\n\tat org.apache.maven.surefire.testng.TestNGDirectoryTestSuite.execute(TestNGDirectoryTestSuite.java:94)\n\tat org.apache.maven.surefire.testng.TestNGProvider.invoke(TestNGProvider.java:145)\n\tat org.apache.maven.surefire.booter.ForkedBooter.runSuitesInProcess(ForkedBooter.java:428)\n\tat org.apache.maven.surefire.booter.ForkedBooter.execute(ForkedBooter.java:162)\n\tat org.apache.maven.surefire.booter.ForkedBooter.run(ForkedBooter.java:562)\n\tat org.apache.maven.surefire.booter.ForkedBooter.main(ForkedBooter.java:548)\n",
    "steps" : [ ],
    "attachments" : [ {
      "uid" : "1cfb0df8e96253bc",
      "name" : "Attachment: SHAFT Engine Logs - Current Method log: assertElementAttribute_true_caseInsensitiveComparison_expectedToPass",
      "source" : "1cfb0df8e96253bc.txt",
      "type" : "text/plain",
      "size" : 481
    } ],
    "parameters" : [ ],
    "stepsCount" : 0,
    "attachmentsCount" : 1,
    "shouldDisplayMessage" : true,
    "hasContent" : true
  },
  "afterStages" : [ {
    "name" : "afterMethod",
    "time" : {
      "start" : 1639274398600,
      "stop" : 1639274398600,
      "duration" : 0
    },
    "description" : "",
    "status" : "broken",
    "steps" : [ ],
    "attachments" : [ ],
    "parameters" : [ ],
    "stepsCount" : 0,
    "attachmentsCount" : 0,
    "shouldDisplayMessage" : false,
    "hasContent" : false
  }, {
    "name" : "teardownActivities",
    "time" : {
      "start" : 1639274555339,
      "stop" : 1639274555748,
      "duration" : 409
    },
    "description" : "",
    "status" : "passed",
    "steps" : [ {
      "name" : "Successfully Closed All Drivers.",
      "time" : {
        "start" : 1639274555339,
        "stop" : 1639274555339,
        "duration" : 0
      },
      "status" : "passed",
      "steps" : [ ],
      "attachments" : [ ],
      "parameters" : [ {
        "name" : "actionCounter",
        "value" : "363"
      }, {
        "name" : "logText",
        "value" : "Successfully Closed All Drivers."
      } ],
      "stepsCount" : 0,
      "attachmentsCount" : 0,
      "shouldDisplayMessage" : false,
      "hasContent" : true
    }, {
      "name" : "Issue Summary: Total Issues = 4, New issues for Failed Tests = 2, Open issues for Passed Tests = 2, Open issues for Failed Tests = 0. Kindly check the attached Issue details.",
      "time" : {
        "start" : 1639274555350,
        "stop" : 1639274555351,
        "duration" : 1
      },
      "status" : "passed",
      "steps" : [ ],
      "attachments" : [ {
        "uid" : "91f6229b63db8cb9",
        "name" : "Attachment: SHAFT Engine Logs - Issues log CSV: 20211212-020235",
        "source" : "91f6229b63db8cb9.csv",
        "type" : "text/csv",
        "size" : 502
      } ],
      "parameters" : [ {
        "name" : "actionCounter",
        "value" : "364"
      }, {
        "name" : "logText",
        "value" : "Issue Summary: Total Issues = 4, New issues for Failed Tests = 2, Open issues for Passed Tests = 2, Open issues for Failed Tests = 0. Kindly check the attached Issue details."
      }, {
        "name" : "attachments",
        "value" : "[[SHAFT Engine Logs, Issues log CSV: 20211212-020235, java.io.ByteArrayInputStream@6a0261d5]]"
      } ],
      "stepsCount" : 0,
      "attachmentsCount" : 1,
      "shouldDisplayMessage" : false,
      "hasContent" : true
    } ],
    "attachments" : [ {
      "uid" : "d55d65995d511a9c",
      "name" : "Attachment: SHAFT Engine Logs - Execution log: 20211212-020235",
      "source" : "d55d65995d511a9c.txt",
      "type" : "text/plain",
      "size" : 229068
    }, {
      "uid" : "f251996c244fb113",
      "name" : "Attachment: HTML - Extent Emailable Execution Report",
      "source" : "f251996c244fb113.html",
      "type" : "text/html",
      "size" : 6526199
    } ],
    "parameters" : [ ],
    "stepsCount" : 2,
    "attachmentsCount" : 3,
    "shouldDisplayMessage" : false,
    "hasContent" : true
  } ],
  "labels" : [ {
    "name" : "package",
    "value" : "unitTests.tests_validations_assertions"
  }, {
    "name" : "testClass",
    "value" : "unitTests.tests_validations_assertions"
  }, {
    "name" : "testMethod",
    "value" : "assertElementAttribute_true_caseInsensitiveComparison_expectedToPass"
  }, {
    "name" : "parentSuite",
    "value" : "SHAFT: Custom Suite"
  }, {
    "name" : "suite",
    "value" : "SHAFT: Custom Test"
  }, {
    "name" : "subSuite",
    "value" : "unitTests.tests_validations_assertions"
  }, {
    "name" : "host",
    "value" : "Mac-1639273872170.local"
  }, {
    "name" : "thread",
    "value" : "5262@Mac-1639273872170.local.main(1)"
  }, {
    "name" : "framework",
    "value" : "testng"
  }, {
    "name" : "language",
    "value" : "java"
  }, {
    "name" : "resultFormat",
    "value" : "allure2"
  } ],
  "parameters" : [ ],
  "links" : [ ],
  "hidden" : false,
  "retry" : false,
  "extra" : {
    "severity" : "normal",
    "retries" : [ ],
    "categories" : [ ],
    "history" : {
      "statistic" : {
        "failed" : 0,
        "broken" : 5,
        "skipped" : 12,
        "passed" : 5,
        "unknown" : 0,
        "total" : 22
      },
      "items" : [ {
        "uid" : "dbff3123406a04b7",
        "reportUrl" : "https://MohabMohie.github.io/SHAFT_ENGINE/allure/macOS/Web/981//#testresult/dbff3123406a04b7",
        "status" : "skipped",
        "statusDetails" : "Driver Factory Action [createNewLocalDriverInstanceForSafari] failed. With the following test data [Failed to create a session on DESKTOP_SAFARI].",
        "time" : {
          "start" : 1639247509282,
          "stop" : 1639247509292,
          "duration" : 10
        }
      }, {
        "uid" : "5e5aeb04687322f8",
        "reportUrl" : "https://MohabMohie.github.io/SHAFT_ENGINE/allure/macOS/Web/980//#testresult/5e5aeb04687322f8",
        "status" : "passed",
        "time" : {
          "start" : 1639247134947,
          "stop" : 1639247135762,
          "duration" : 815
        }
      }, {
        "uid" : "976f731b974c6d66",
        "reportUrl" : "https://MohabMohie.github.io/SHAFT_ENGINE/allure/macOS/Web/977//#testresult/976f731b974c6d66",
        "status" : "skipped",
        "statusDetails" : "Driver Factory Action [createNewLocalDriverInstanceForSafari] failed. With the following test data [Failed to create a session on DESKTOP_SAFARI].",
        "time" : {
          "start" : 1639246536495,
          "stop" : 1639246536496,
          "duration" : 1
        }
      }, {
        "uid" : "8b25b268a9c66712",
        "reportUrl" : "https://MohabMohie.github.io/SHAFT_ENGINE/allure/macOS/Web/976//#testresult/8b25b268a9c66712",
        "status" : "skipped",
        "statusDetails" : "Driver Factory Action [createNewLocalDriverInstanceForSafari] failed. With the following test data [Failed to create a session on DESKTOP_SAFARI].",
        "time" : {
          "start" : 1639187536308,
          "stop" : 1639187536313,
          "duration" : 5
        }
      }, {
        "uid" : "185cfbd88a2aa987",
        "reportUrl" : "https://MohabMohie.github.io/SHAFT_ENGINE/allure/macOS/Web/974//#testresult/185cfbd88a2aa987",
        "status" : "skipped",
        "statusDetails" : "Driver Factory Action [createNewLocalDriverInstanceForSafari] failed. With the following test data [Failed to create a session on DESKTOP_SAFARI].",
        "time" : {
          "start" : 1639101265066,
          "stop" : 1639101265067,
          "duration" : 1
        }
      }, {
        "uid" : "31c7ffbeba12899d",
        "reportUrl" : "https://MohabMohie.github.io/SHAFT_ENGINE/allure/macOS/Web/972//#testresult/31c7ffbeba12899d",
        "status" : "skipped",
        "statusDetails" : "Driver Factory Action [createNewLocalDriverInstanceForSafari] failed. With the following test data [Failed to create a session on DESKTOP_SAFARI].",
        "time" : {
          "start" : 1639014902374,
          "stop" : 1639014902376,
          "duration" : 2
        }
      }, {
        "uid" : "9cd57898c9597010",
        "reportUrl" : "https://MohabMohie.github.io/SHAFT_ENGINE/allure/macOS/Web/968//#testresult/9cd57898c9597010",
        "status" : "skipped",
        "statusDetails" : "Driver Factory Action [createNewLocalDriverInstanceForSafari] failed. With the following test data [Failed to create a session on DESKTOP_SAFARI].",
        "time" : {
          "start" : 1638842314381,
          "stop" : 1638842314383,
          "duration" : 2
        }
      }, {
        "uid" : "376786ce175ad622",
        "reportUrl" : "https://MohabMohie.github.io/SHAFT_ENGINE/allure/macOS/Web/967//#testresult/376786ce175ad622",
        "status" : "broken",
        "statusDetails" : "Cannot invoke \"com.aventstack.extentreports.ExtentReports.createTest(String)\" because \"com.shaft.tools.io.ReportManagerHelper.extentReport\" is null",
        "time" : {
          "start" : 1638794018505,
          "stop" : 1638794018505,
          "duration" : 0
        }
      }, {
        "uid" : "2a5ba8ba511eb4dc",
        "reportUrl" : "https://MohabMohie.github.io/SHAFT_ENGINE/allure/macOS/Web/964//#testresult/2a5ba8ba511eb4dc",
        "status" : "broken",
        "statusDetails" : "Cannot invoke \"com.aventstack.extentreports.ExtentReports.createTest(String)\" because \"com.shaft.tools.io.ReportManagerHelper.extentReport\" is null",
        "time" : {
          "start" : 1638669482869,
          "stop" : 1638669482869,
          "duration" : 0
        }
      }, {
        "uid" : "96d3780e46297728",
        "reportUrl" : "https://MohabMohie.github.io/SHAFT_ENGINE/allure/macOS/Web/963//#testresult/96d3780e46297728",
        "status" : "broken",
        "statusDetails" : "Cannot invoke \"com.aventstack.extentreports.ExtentReports.createTest(String)\" because \"com.shaft.tools.io.ReportManagerHelper.extentReport\" is null",
        "time" : {
          "start" : 1638631928176,
          "stop" : 1638631928176,
          "duration" : 0
        }
      }, {
        "uid" : "88b2d9de0781c0ac",
        "reportUrl" : "https://MohabMohie.github.io/SHAFT_ENGINE/allure/macOS/Web/962//#testresult/88b2d9de0781c0ac",
        "status" : "broken",
        "statusDetails" : "Cannot invoke \"com.aventstack.extentreports.ExtentReports.createTest(String)\" because \"com.shaft.tools.io.ReportManagerHelper.extentReport\" is null",
        "time" : {
          "start" : 1638582660871,
          "stop" : 1638582660871,
          "duration" : 0
        }
      }, {
        "uid" : "86e01a0afe45b9ca",
        "reportUrl" : "https://MohabMohie.github.io/SHAFT_ENGINE/allure/macOS/Web/959//#testresult/86e01a0afe45b9ca",
        "status" : "broken",
        "statusDetails" : "Cannot invoke \"com.aventstack.extentreports.ExtentReports.createTest(String)\" because \"com.shaft.tools.io.ReportManagerHelper.extentReport\" is null",
        "time" : {
          "start" : 1638437098400,
          "stop" : 1638437098401,
          "duration" : 1
        }
      }, {
        "uid" : "722af01b2aaa6bc8",
        "reportUrl" : "https://MohabMohie.github.io/SHAFT_ENGINE/allure/macOS/Web/956//#testresult/722af01b2aaa6bc8",
        "status" : "skipped",
        "statusDetails" : "Driver Factory Action [createNewLocalDriverInstanceForSafari] failed. With the following test data [Failed to create a session on DESKTOP_SAFARI].",
        "time" : {
          "start" : 1638409945800,
          "stop" : 1638409945801,
          "duration" : 1
        }
      }, {
        "uid" : "3b2fb6db86cdfc2f",
        "reportUrl" : "https://MohabMohie.github.io/SHAFT_ENGINE/allure/macOS/Web/953//#testresult/3b2fb6db86cdfc2f",
        "status" : "skipped",
        "statusDetails" : "Driver Factory Action [createNewLocalDriverInstanceForSafari] failed. With the following test data [Failed to create a session on DESKTOP_SAFARI].",
        "time" : {
          "start" : 1638354529391,
          "stop" : 1638354529475,
          "duration" : 84
        }
      }, {
        "uid" : "c9bc2cb66390c908",
        "reportUrl" : "https://MohabMohie.github.io/SHAFT_ENGINE/allure/macOS/Web/951//#testresult/c9bc2cb66390c908",
        "status" : "skipped",
        "statusDetails" : "Driver Factory Action [createNewLocalDriverInstanceForSafari] failed. With the following test data [Failed to create a session on DESKTOP_SAFARI].",
        "time" : {
          "start" : 1638346141696,
          "stop" : 1638346141700,
          "duration" : 4
        }
      }, {
        "uid" : "d1412fbd558887ae",
        "reportUrl" : "https://MohabMohie.github.io/SHAFT_ENGINE/allure/macOS/Web/950//#testresult/d1412fbd558887ae",
        "status" : "skipped",
        "statusDetails" : "Driver Factory Action [createNewLocalDriverInstanceForSafari] failed. With the following test data [Failed to create a session on DESKTOP_SAFARI].",
        "time" : {
          "start" : 1638323924815,
          "stop" : 1638323924820,
          "duration" : 5
        }
      }, {
        "uid" : "6db3b3da155d76c3",
        "reportUrl" : "https://MohabMohie.github.io/SHAFT_ENGINE/allure/macOS/Web/946//#testresult/6db3b3da155d76c3",
        "status" : "skipped",
        "statusDetails" : "Driver Factory Action [createNewLocalDriverInstanceForSafari] failed. With the following test data [Failed to create a session on DESKTOP_SAFARI].",
        "time" : {
          "start" : 1638150657278,
          "stop" : 1638150657280,
          "duration" : 2
        }
      }, {
        "uid" : "cd903428846c862a",
        "reportUrl" : "https://MohabMohie.github.io/SHAFT_ENGINE/allure/macOS/Web/945//#testresult/cd903428846c862a",
        "status" : "passed",
        "time" : {
          "start" : 1638064083332,
          "stop" : 1638064083735,
          "duration" : 403
        }
      }, {
        "uid" : "971fb3f48d586817",
        "reportUrl" : "https://MohabMohie.github.io/SHAFT_ENGINE/allure/macOS/Web/944//#testresult/971fb3f48d586817",
        "status" : "passed",
        "time" : {
          "start" : 1637977690027,
          "stop" : 1637977690420,
          "duration" : 393
        }
      }, {
        "uid" : "85493fccd5b85873",
        "reportUrl" : "https://MohabMohie.github.io/SHAFT_ENGINE/allure/macOS/Web/942//#testresult/85493fccd5b85873",
        "status" : "passed",
        "time" : {
          "start" : 1637891378786,
          "stop" : 1637891379238,
          "duration" : 452
        }
      } ]
    },
    "tags" : [ ]
  },
  "source" : "f4bb30262c49834d.json",
  "parameterValues" : [ ]
}