################################################################################################################################################
Detected SHAFT Engine Version: [SHAFT Engine v5.4.20211030-BETA]
################################################################################################################################################
[ReportManager] File Action [GetAbsolutePath] successfully performed. With the following test data [Relative Folder Path: "target/downloadedFiles/"]. @03-11-2021 20:22:51.0315 PM
[ReportManager] Attempting to run remotely on: [Linux-64], [GoogleChrome], [http://localhost:4444/wd/hub], Headless Execution. @03-11-2021 20:22:51.0335 PM
[ReportManager] Successfully Opened [GoogleChrome]. @03-11-2021 20:22:58.0015 P

################################################################################################################################################
Starting Execution:	[1 out of 145] test cases in the current suite
Test Method:		[testPackage01.Test_IsElementClickable.testIsElementClickable]
################################################################################################################################################
[ReportManager] Target URL: [https://the-internet.herokuapp.com/] @03-11-2021 20:22:58.0220 PM
[ReportManager] Initial URL: [data:,] @03-11-2021 20:22:58.0619 PM
[ReportManager] Browser Action [NavigateToURL] successfully performed. With the following test data [https://the-internet.herokuapp.com/]. @03-11-2021 20:22:59.0654 PM
[ReportManager] Element Action [IsElementClickable] successfully performed. @03-11-2021 20:23:00.0103 PM
[ReportManager] Assertion [ValidateTrue] PASSED. Expected [TRUE] and Actual [TRUE]. Validation Type [POSITIVE]. @03-11-2021 20:23:00.0121 P
[ReportManager] Browser Action [CloseCurrentWindow] successfully performed. @03-11-2021 20:23:00.0370 PM
[ReportManager] Successfully created attachment [Browser Action Test Data - CloseCurrentWindow - Actual Value] @03-11-2021 20:23:00.0371 P

################################################################################################################################################
Starting Execution:	[2 out of 145] test cases in the current suite
Test Method:		[testPackage01.Test_chainableElementActions.chainElementActions]
################################################################################################################################################
[ReportManager] File Action [GetAbsolutePath] successfully performed. With the following test data [Relative Folder Path: "target/downloadedFiles/"]. @03-11-2021 20:23:00.0394 PM
[ReportManager] Attempting to run remotely on: [Linux-64], [GoogleChrome], [http://localhost:4444/wd/hub], Headless Execution. @03-11-2021 20:23:00.0394 PM
[ReportManager] Successfully Opened [GoogleChrome]. @03-11-2021 20:23:02.0104 PM
[ReportManager] Target URL: [https://www.google.com/ncr], and after redirection: [https://www.google.com] @03-11-2021 20:23:02.0105 PM
[ReportManager] Initial URL: [data:,] @03-11-2021 20:23:02.0211 PM
[ReportManager] Browser Action [NavigateToURL] successfully performed. With the following test data [https://www.google.com/ncr]. @03-11-2021 20:23:03.0626 PM
[ReportManager] Element Action [Type] successfully performed. With the following test data [chained type 1]. @03-11-2021 20:23:04.0384 PM
[ReportManager] Element Action [Type] successfully performed. With the following test data [chained type 2]. @03-11-2021 20:23:05.0138 PM
[ReportManager] Element Action [TypeAppend] successfully performed. With the following test data [345]. @03-11-2021 20:23:05.0324 PM
[ReportManager] Element Action [GetText] successfully performed. With the following test data [chained type 2345]. @03-11-2021 20:23:05.0584 PM
[ReportManager] Loaded Shared OpenCV @03-11-2021 20:23:06.0499 PM
[ReportManager] Assertion [ValidateElementAttribute] PASSED. Expected [Value Should be 'chained type 2345' for the 'text' attribute, element locator 'By.name: q'] and Actual [chained type 2345]. Comparison Type [EQUALS]. Validation Type [POSITIVE]. @03-11-2021 20:23:07.0030 PM
[ReportManager] Successfully created attachment [Screenshot - 1635970985977_chainElementActions_ValidateElementAttribute_passed] @03-11-2021 20:23:07.0053 PM
[ReportManager] Browser Action [CloseCurrentWindow] successfully performed. @03-11-2021 20:23:07.0299 PM
[ReportManager] Successfully created attachment [Browser Action Test Data - CloseCurrentWindow - Actual Value] @03-11-2021 20:23:07.0314 P

################################################################################################################################################
Starting Execution:	[3 out of 145] test cases in the current suite
Test Method:		[testPackage01.Test_AssertApiResponseEquals.assertApiResponseEquals_expectedToPass]
################################################################################################################################################
[ReportManager] Response status code: [200], status line: [HTTP/1.1 200 OK] @03-11-2021 20:23:09.0737 PM
[ReportManager] Assertion Passed: Evaluating the actual response status code against the expected one... @03-11-2021 20:23:09.0742 PM
[ReportManager] Assertion [ValidateComparativeRelation] PASSED. Expected [200] and Actual [200]. Comparison Type [EQUALS]. Validation Type [POSITIVE]. @03-11-2021 20:23:09.0742 PM
[ReportManager] API Action [PerformRequest] successfully performed. With the following test data [Request Type: "GET" | Target Status Code: "200" | Service URL: "https://jsonplaceholder.typicode.com/users" | Content Type: "*/*" | Response Time: "908ms"]. @03-11-2021 20:23:11.0028 PM
[ReportManager] Successfully created attachment [API Request - Specifications] @03-11-2021 20:23:11.0029 PM
[ReportManager] Successfully created attachment [API Response - JSON Body] @03-11-2021 20:23:11.0350 PM
[ReportManager] API Action [GetResponseJSONValueAsList] successfully performed. With the following test data [$]. @03-11-2021 20:23:11.0365 PM
[ReportManager] API Action [GetResponseJSONValue] successfully performed. With the following test data [name]. @03-11-2021 20:23:11.0390 PM
[ReportManager] API Action [GetResponseJSONValue] successfully performed. With the following test data [email]. @03-11-2021 20:23:11.0411 PM
[ReportManager] Verification [ValidateEquals] PASSED. Expected [Sincere@april.biz] and Actual [Sincere@april.biz]. Comparison Type [EQUALS]. Validation Type [POSITIVE]. @03-11-2021 20:23:11.0411 PM
[ReportManager] API Action [GetResponseJSONValue] successfully performed. With the following test data [username]. @03-11-2021 20:23:11.0427 PM
[ReportManager] Assertion [ValidateEquals] PASSED. Expected [Bret] and Actual [Bret]. Comparison Type [EQUALS]. Validation Type [POSITIVE]. @03-11-2021 20:23:11.0428 PM
[ReportManager] API Action [GetResponseJSONValue] successfully performed. With the following test data [name]. @03-11-2021 20:23:11.0443 PM
[ReportManager] API Action [GetResponseJSONValue] successfully performed. With the following test data [name]. @03-11-2021 20:23:11.0457 PM
[ReportManager] API Action [GetResponseJSONValue] successfully performed. With the following test data [name]. @03-11-2021 20:23:11.0472 PM
[ReportManager] API Action [GetResponseJSONValue] successfully performed. With the following test data [name]. @03-11-2021 20:23:11.0491 PM
[ReportManager] API Action [GetResponseJSONValue] successfully performed. With the following test data [name]. @03-11-2021 20:23:11.0514 PM
[ReportManager] API Action [GetResponseJSONValue] successfully performed. With the following test data [name]. @03-11-2021 20:23:11.0535 PM
[ReportManager] API Action [GetResponseJSONValue] successfully performed. With the following test data [name]. @03-11-2021 20:23:11.0551 PM
[ReportManager] API Action [GetResponseJSONValue] successfully performed. With the following test data [name]. @03-11-2021 20:23:11.0565 PM
[ReportManager] API Action [GetResponseJSONValue] successfully performed. With the following test data [name]. @03-11-2021 20:23:11.0580 P
[ReportManager] File Action [GetAbsolutePath] successfully performed. With the following test data [Relative Folder Path: "target/downloadedFiles/"]. @03-11-2021 20:23:11.0599 PM
[ReportManager] Attempting to run remotely on: [Linux-64], [GoogleChrome], [http://localhost:4444/wd/hub], Headless Execution. @03-11-2021 20:23:11.0599 PM
[ReportManager] Successfully Opened [GoogleChrome]. @03-11-2021 20:23:12.0119 P

################################################################################################################################################
Starting Execution:	[4 out of 145] test cases in the current suite
Test Method:		[testPackage01.Test_assertEquals.test_assertElementAttribute]
################################################################################################################################################
[ReportManager] Target URL: [https://www.google.com/ncr], and after redirection: [https://www.google.com] @03-11-2021 20:23:12.0125 PM
[ReportManager] Initial URL: [data:,] @03-11-2021 20:23:12.0293 PM
[ReportManager] Browser Action [NavigateToURL] successfully performed. With the following test data [https://www.google.com/ncr]. @03-11-2021 20:23:13.0712 PM
[ReportManager] Element Action [Type] successfully performed. With the following test data [INC_004010050:Another SCHEDULER with the same name [Duplicate Job Name] already exists.]. @03-11-2021 20:23:14.0814 PM
[ReportManager] Element Action [GetText] successfully performed. With the following test data [INC_004010050:Another SCHEDULER with the same name [Duplicate Job Name] already exists.]. @03-11-2021 20:23:15.0161 PM
[ReportManager] Loaded Shared OpenCV @03-11-2021 20:23:15.0533 PM
[ReportManager] Assertion [ValidateElementAttribute] PASSED. Expected [Value Should be 'INC_004010050:Another SCHEDULER with the same name \[Duplicate Job Name\] already exists.' for the 'text' attribute, element locator 'By.name: q'] and Actual [INC_004010050:Another SCHEDULER with the same name [Duplicate Job Name] already exists.]. Comparison Type [MATCHES]. Validation Type [POSITIVE]. @03-11-2021 20:23:15.0857 PM
[ReportManager] Successfully created attachment [Screenshot - 1635970995533_test_assertElementAttribute_ValidateElementAttribute_passed] @03-11-2021 20:23:15.0861 P
[ReportManager] Browser Action [CloseCurrentWindow] successfully performed. @03-11-2021 20:23:16.0067 PM
[ReportManager] Successfully created attachment [Browser Action Test Data - CloseCurrentWindow - Actual Value] @03-11-2021 20:23:16.0068 P

################################################################################################################################################
Starting Execution:	[5 out of 145] test cases in the current suite
Test Method:		[testPackage01.Test_SkipDueToIssue.doNotSkip]
################################################################################################################################################
[ReportManager] This should not be skipped. @03-11-2021 20:23:16.0078 P

################################################################################################################################################
Starting Execution:	[6 out of 145] test cases in the current suite
Test Method:		[testPackage01.Test_SkipDueToIssue.skip]
################################################################################################################################################
[ReportManager] This should be skipped. @03-11-2021 20:23:16.0092 P

################################################################################################################################################
Starting Execution:	[7 out of 145] test cases in the current suite
Test Method:		[testPackage01.Test_SkipDueToIssue.skip2]
################################################################################################################################################
[ReportManager] This should be skipped. @03-11-2021 20:23:16.0106 P
[ReportManager] File Action [GetAbsolutePath] successfully performed. With the following test data [Relative Folder Path: "target/downloadedFiles/"]. @03-11-2021 20:23:16.0116 PM
[ReportManager] Attempting to run remotely on: [Linux-64], [GoogleChrome], [http://localhost:4444/wd/hub], Headless Execution. @03-11-2021 20:23:16.0117 PM
[ReportManager] Successfully Opened [GoogleChrome]. @03-11-2021 20:23:17.0144 P

################################################################################################################################################
Starting Execution:	[8 out of 145] test cases in the current suite
Test Method:		[testPackage01.Test_verifyEquals.test_assertElementAttribute]
################################################################################################################################################
[ReportManager] Target URL: [https://www.google.com/ncr], and after redirection: [https://www.google.com] @03-11-2021 20:23:17.0154 PM
[ReportManager] Initial URL: [data:,] @03-11-2021 20:23:17.0268 PM
[ReportManager] Browser Action [NavigateToURL] successfully performed. With the following test data [https://www.google.com/ncr]. @03-11-2021 20:23:18.0553 PM
[ReportManager] Element Action [Type] successfully performed. With the following test data [INC_004010050:Another SCHEDULER with the same name [Duplicate Job Name] already exists.]. @03-11-2021 20:23:19.0777 PM
[ReportManager] Element Action [GetText] successfully performed. With the following test data [INC_004010050:Another SCHEDULER with the same name [Duplicate Job Name] already exists.]. @03-11-2021 20:23:20.0007 PM
[ReportManager] Loaded Shared OpenCV @03-11-2021 20:23:20.0304 PM
[ReportManager] Verification [ValidateElementAttribute] PASSED. Expected [Value Should be 'INC_004010050:Another SCHEDULER with the same name \[Duplicate Job Name\] already exists.' for the 'text' attribute, element locator 'By.name: q'] and Actual [INC_004010050:Another SCHEDULER with the same name [Duplicate Job Name] already exists.]. Comparison Type [MATCHES]. Validation Type [POSITIVE]. @03-11-2021 20:23:20.0641 PM
[ReportManager] Successfully created attachment [Screenshot - 1635971000304_test_assertElementAttribute_ValidateElementAttribute_passed] @03-11-2021 20:23:20.0643 P
[ReportManager] Browser Action [CloseCurrentWindow] successfully performed. @03-11-2021 20:23:20.0848 PM
[ReportManager] Successfully created attachment [Browser Action Test Data - CloseCurrentWindow - Actual Value] @03-11-2021 20:23:20.0849 P

################################################################################################################################################
Starting Execution:	[9 out of 145] test cases in the current suite
Test Method:		[testPackage01.Test_MatchJsonSchema.checkAPI_ResponseSchema]
################################################################################################################################################
[ReportManager] Response status code: [200], status line: [HTTP/1.1 200 OK] @03-11-2021 20:23:20.0995 PM
[ReportManager] Assertion Passed: Evaluating the actual response status code against the expected one... @03-11-2021 20:23:20.0996 PM
[ReportManager] Assertion [ValidateComparativeRelation] PASSED. Expected [200] and Actual [200]. Comparison Type [EQUALS]. Validation Type [POSITIVE]. @03-11-2021 20:23:20.0996 PM
[ReportManager] API Action [PerformRequest] successfully performed. With the following test data [Request Type: "GET" | Target Status Code: "200" | Service URL: "http://api.zippopotam.us/us/90210" | Content Type: "*/*" | Response Time: "133ms"]. @03-11-2021 20:23:21.0015 PM
[ReportManager] Successfully created attachment [API Request - Specifications] @03-11-2021 20:23:21.0015 PM
[ReportManager] Successfully created attachment [API Response - JSON Body] @03-11-2021 20:23:21.0016 PM
[ReportManager] File Action [GetAbsolutePath] successfully performed. With the following test data [Relative Folder Path: "nullschema.json"]. @03-11-2021 20:23:21.0017 P

################################################################################################################################################
Starting Execution:	[10 out of 145] test cases in the current suite
Test Method:		[testPackage01.Test_PDF.testPDF1]
################################################################################################################################################
[ReportManager] File Action [DoesFileExist] successfully performed. With the following test data [File Path: "src/test/resources/TestDataFiles/sample.pdf"]. @03-11-2021 20:23:21.0408 PM
[ReportManager] File Action [GetAbsolutePath] successfully performed. With the following test data [Relative Folder Path: "src/test/resources/TestDataFiles/sample.pdf"]. @03-11-2021 20:23:21.0409 PM
[ReportManager] Assertion Passed: Checking to see that the pdf file contains [A Simple PDF File] @03-11-2021 20:23:22.0416 PM
[ReportManager] Successfully created attachment [Validation Test Data - Expected Value] @03-11-2021 20:23:22.0416 PM
[ReportManager] Successfully created attachment [Validation Test Data - Actual Value] @03-11-2021 20:23:22.0417 PM
[ReportManager] Assertion [ValidateEquals] PASSED. Expected and Actual values are attached. Comparison Type [CONTAINS]. Validation Type [POSITIVE]. @03-11-2021 20:23:22.0417 P

################################################################################################################################################
Starting Execution:	[11 out of 145] test cases in the current suite
Test Method:		[testPackage01.Test_PDF.testPDF2]
################################################################################################################################################
[ReportManager] File Action [DoesFileExist] successfully performed. With the following test data [File Path: "src/test/resources/TestDataFiles/sample.pdf"]. @03-11-2021 20:23:22.0424 PM
[ReportManager] File Action [GetAbsolutePath] successfully performed. With the following test data [Relative Folder Path: "src/test/resources/TestDataFiles/sample.pdf"]. @03-11-2021 20:23:22.0425 PM
[ReportManager] Assertion Passed: Checking to see that the pdf file contains [A Simple PDF File] @03-11-2021 20:23:22.0463 PM
[ReportManager] Successfully created attachment [Validation Test Data - Expected Value] @03-11-2021 20:23:22.0464 PM
[ReportManager] Successfully created attachment [Validation Test Data - Actual Value] @03-11-2021 20:23:22.0464 PM
[ReportManager] Assertion [ValidateEquals] PASSED. Expected and Actual values are attached. Comparison Type [CONTAINS]. Validation Type [POSITIVE]. @03-11-2021 20:23:22.0465 P

################################################################################################################################################
Starting Execution:	[12 out of 145] test cases in the current suite
Test Method:		[testPackage01.Test_testData.f]
################################################################################################################################################
[ReportManager] Successfully loaded the following test data file [src/test/resources/TestDataFiles/testSuite01/TestData.xlsx]. @03-11-2021 20:23:23.0604 PM
[ReportManager] Successfully created attachment [Test Data - Excel] @03-11-2021 20:23:23.0606 PM
[ReportManager] Last Column Number is: [3]. Zero-based. @03-11-2021 20:23:23.0616 P

################################################################################################################################################
Starting Execution:	[13 out of 145] test cases in the current suite
Test Method:		[testPackage01.Test_SelectedValue.multipleSelect]
################################################################################################################################################
[ReportManager] File Action [GetAbsolutePath] successfully performed. With the following test data [Relative Folder Path: "target/downloadedFiles/"]. @03-11-2021 20:23:23.0622 PM
[ReportManager] Attempting to run remotely on: [Linux-64], [GoogleChrome], [http://localhost:4444/wd/hub], Headless Execution. @03-11-2021 20:23:23.0622 PM
[ReportManager] Successfully Opened [GoogleChrome]. @03-11-2021 20:23:27.0116 PM
[ReportManager] Target URL: [https://yari-demos.prod.mdn.mozit.cloud/en-US/docs/Web/HTML/Element/select/_sample_.Advanced_select_with_multiple_features.html] @03-11-2021 20:23:27.0117 PM
[ReportManager] Initial URL: [data:,] @03-11-2021 20:23:27.0242 PM
[ReportManager] Browser Action [NavigateToURL] successfully performed. With the following test data [https://yari-demos.prod.mdn.mozit.cloud/en-US/docs/Web/HTML/Element/select/_sample_.Advanced_select_with_multiple_features.html]. @03-11-2021 20:23:27.0830 PM
[ReportManager] Element Action [Select] successfully performed. With the following test data [Dog]. @03-11-2021 20:23:28.0321 PM
[ReportManager] Element Action [Select] successfully performed. With the following test data [Cat]. @03-11-2021 20:23:28.0911 PM
[ReportManager] Element Action [GetSelectedText] successfully performed. With the following test data [DogCat]. @03-11-2021 20:23:29.0206 PM
[ReportManager] DogCat @03-11-2021 20:23:29.0206 PM
[ReportManager] Element Action [GetSelectedText] successfully performed. With the following test data [DogCat]. @03-11-2021 20:23:29.0452 PM
[ReportManager] Loaded Shared OpenCV @03-11-2021 20:23:29.0815 PM
[ReportManager] Assertion [ValidateElementAttribute] PASSED. Expected [Value Should be 'DogCat' for the 'selectedText' attribute, element locator 'By.tagName: select'] and Actual [DogCat]. Comparison Type [EQUALS]. Validation Type [POSITIVE]. @03-11-2021 20:23:30.0045 PM
[ReportManager] Successfully created attachment [Screenshot - 1635971009815_multipleSelect_ValidateElementAttribute_passed] @03-11-2021 20:23:30.0046 PM
[ReportManager] Browser Action [CloseCurrentWindow] successfully performed. @03-11-2021 20:23:30.0182 PM
[ReportManager] Successfully created attachment [Browser Action Test Data - CloseCurrentWindow - Actual Value] @03-11-2021 20:23:30.0182 P

################################################################################################################################################
Starting Execution:	[14 out of 145] test cases in the current suite
Test Method:		[testPackage01.Test_SelectedValue.simpleSelect]
################################################################################################################################################
[ReportManager] File Action [GetAbsolutePath] successfully performed. With the following test data [Relative Folder Path: "target/downloadedFiles/"]. @03-11-2021 20:23:30.0186 PM
[ReportManager] Attempting to run remotely on: [Linux-64], [GoogleChrome], [http://localhost:4444/wd/hub], Headless Execution. @03-11-2021 20:23:30.0187 PM
[ReportManager] Successfully Opened [GoogleChrome]. @03-11-2021 20:23:32.0016 PM
[ReportManager] Target URL: [https://yari-demos.prod.mdn.mozit.cloud/en-US/docs/Web/HTML/Element/select/_sample_.Basic_select.html] @03-11-2021 20:23:32.0017 PM
[ReportManager] Initial URL: [data:,] @03-11-2021 20:23:32.0114 PM
[ReportManager] Browser Action [NavigateToURL] successfully performed. With the following test data [https://yari-demos.prod.mdn.mozit.cloud/en-US/docs/Web/HTML/Element/select/_sample_.Basic_select.html]. @03-11-2021 20:23:32.0496 PM
[ReportManager] Element Action [Select] successfully performed. With the following test data [Third Value]. @03-11-2021 20:23:33.0031 PM
[ReportManager] Element Action [GetSelectedText] successfully performed. With the following test data [Third Value]. @03-11-2021 20:23:33.0281 PM
[ReportManager] Third Value @03-11-2021 20:23:33.0281 PM
[ReportManager] Element Action [GetSelectedText] successfully performed. With the following test data [Third Value]. @03-11-2021 20:23:33.0484 PM
[ReportManager] Loaded Shared OpenCV @03-11-2021 20:23:33.0795 PM
[ReportManager] Assertion [ValidateElementAttribute] PASSED. Expected [Value Should be 'Third Value' for the 'selectedText' attribute, element locator 'By.tagName: select'] and Actual [Third Value]. Comparison Type [EQUALS]. Validation Type [POSITIVE]. @03-11-2021 20:23:34.0013 PM
[ReportManager] Successfully created attachment [Screenshot - 1635971013795_simpleSelect_ValidateElementAttribute_passed] @03-11-2021 20:23:34.0013 PM
[ReportManager] Browser Action [CloseCurrentWindow] successfully performed. @03-11-2021 20:23:34.0140 PM
[ReportManager] Successfully created attachment [Browser Action Test Data - CloseCurrentWindow - Actual Value] @03-11-2021 20:23:34.0140 P
[ReportManager] Successfully loaded the following test data file [src/test/resources/TestDataFiles/testSuite01/TestData.xlsx]. @03-11-2021 20:23:34.0199 PM
[ReportManager] Successfully created attachment [Test Data - Excel] @03-11-2021 20:23:34.0199 PM
[ReportManager] Attempting to run using Playwright locally on: [Linux-64], [GoogleChrome], Headless Execution. @03-11-2021 20:23:55.0393 PM
[ReportManager] File Action [GetAbsolutePath] successfully performed. With the following test data [Relative Folder Path: "target/downloadedFiles/"]. @03-11-2021 20:23:55.0394 PM
[ReportManager] Initial window size: (1280, 720) @03-11-2021 20:23:55.0745 PM
[ReportManager] Window size after Toolkit: com.microsoft.playwright.options.ViewportSize@b412e77 @03-11-2021 20:23:55.0750 PM
[ReportManager] Browser Action [MaximizeWindow] successfully performed. With the following test data [New screen size is now: (1920, 1080)]. @03-11-2021 20:23:55.0751 P

################################################################################################################################################
Starting Execution:	[15 out of 145] test cases in the current suite
Test Method:		[testPackage01.Test_google_playwright.navigateToURLandVerifyGoogleLogoIsDisplayed]
Test Description:	[TC001 - Navigate to URL and Verify Google Logo is Displayed]
################################################################################################################################################
[ReportManager] Target URL: [https://www.google.com/ncr], and after redirection: [https://www.google.com] @03-11-2021 20:23:55.0776 PM
[ReportManager] Initial URL: [about:blank] @03-11-2021 20:23:56.0230 PM
[ReportManager] Browser Action [NavigateToURL] successfully performed. With the following test data [https://www.google.com/ncr]. @03-11-2021 20:23:58.0839 PM
[ReportManager] Loaded Shared OpenCV @03-11-2021 20:23:59.0104 PM
[ReportManager] Assertion [ValidateElementExists] PASSED. Expected [Element Should Exist, locator 'xpath=//*[@id='hplogo' or @alt='Google']'] and Actual [Element Exists]. Comparison Type [EQUALS]. Validation Type [POSITIVE]. @03-11-2021 20:23:59.0328 PM
[ReportManager] Successfully created attachment [Screenshot - 1635971039096_navigateToURLandVerifyGoogleLogoIsDisplayed_ValidateElementExists_passed] @03-11-2021 20:23:59.0329 P

################################################################################################################################################
Starting Execution:	[16 out of 145] test cases in the current suite
Test Method:		[testPackage01.Test_google_playwright.searchForQueryandAssertResultsNumDisplayed]
Test Description:	[TC002 - Search for Query and Assert that the number of results is displayed]
################################################################################################################################################
[ReportManager] Element Action [Type] successfully performed. With the following test data [SHAFT_Engine]. @03-11-2021 20:23:59.0633 PM
[ReportManager] Element Action [KeyPress] successfully performed. With the following test data [Enter]. @03-11-2021 20:23:59.0687 PM
[ReportManager] Element Action [GetText] successfully performed. With the following test data [About 1,120,000 results (0.65 seconds) ]. @03-11-2021 20:24:00.0607 PM
[ReportManager] Loaded Shared OpenCV @03-11-2021 20:24:02.0855 PM
[ReportManager] Assertion [ValidateElementAttribute] PASSED. Expected [Value Should not be '' for the 'text' attribute, element locator 'xpath=//div[@id='appbar']'] and Actual [About 1,120,000 results (0.65 seconds) ]. Comparison Type [EQUALS]. Validation Type [NEGATIVE]. @03-11-2021 20:24:03.0150 PM
[ReportManager] Successfully created attachment [Screenshot - 1635971042848_searchForQueryandAssertResultsNumDisplayed_ValidateElementAttribute_passed] @03-11-2021 20:24:03.0153 P

################################################################################################################################################
Starting Execution:	[17 out of 145] test cases in the current suite
Test Method:		[testPackage01.Test_google_playwright.clickNextThrice]
Test Description:	[TC003 - Clicks the next button to make sure that the framework can scroll element into view before clicking it]
################################################################################################################################################
[ReportManager] Element Action [Click] successfully performed. With the following test data [Next]. @03-11-2021 20:24:03.0425 P
[ReportManager] Failed to find video recording. @03-11-2021 20:24:03.0433 PM
[ReportManager] Successfully Closed PlayWright Driver. @03-11-2021 20:24:03.0491 P

################################################################################################################################################
Starting Execution:	[18 out of 145] test cases in the current suite
Test Method:		[testPackage01.Test_sendGraphqlRequest.sendGraphqlRequestUsingMutationAndVariables]
################################################################################################################################################
[ReportManager] GraphQl Request is being Performed with the Following Parameters [Service URL: https://api.spacex.land/graphql | Request Body: {"variables":"{\"name\": \"sherlock holmes\",\"rocket\": \"221B Baker Street\"}","query":"mutation ($name: String, $rocket: String) {\n  insert_users(objects: {name: $name, rocket: $rocket}) {\n    returning {\n      name\n      rocket\n    }\n  }\n}"}] @03-11-2021 20:24:03.0497 PM
[ReportManager] Response status code: [200], status line: [HTTP/1.1 200 OK] @03-11-2021 20:24:03.0938 PM
[ReportManager] Assertion Passed: Evaluating the actual response status code against the expected one... @03-11-2021 20:24:03.0939 PM
[ReportManager] Assertion [ValidateComparativeRelation] PASSED. Expected [200] and Actual [200]. Comparison Type [EQUALS]. Validation Type [POSITIVE]. @03-11-2021 20:24:03.0939 PM
[ReportManager] API Action [PerformRequest] successfully performed. With the following test data [Request Type: "POST" | Target Status Code: "200" | Service URL: "https://api.spacex.land/graphql" | Content Type: "application/json" | Response Time: "356ms"]. @03-11-2021 20:24:03.0975 PM
[ReportManager] Successfully created attachment [API Request - Specifications] @03-11-2021 20:24:03.0978 PM
[ReportManager] Successfully created attachment [API Request - JSON Body] @03-11-2021 20:24:03.0980 PM
[ReportManager] Successfully created attachment [API Response - JSON Body] @03-11-2021 20:24:03.0980 PM
[ReportManager] API Action [GetResponseJSONValue] successfully performed. With the following test data [data.insert_users.returning[0].name]. @03-11-2021 20:24:04.0073 PM
[ReportManager] Assertion [ValidateEquals] PASSED. Expected [sherlock holmes] and Actual [sherlock holmes]. Comparison Type [EQUALS]. Validation Type [POSITIVE]. @03-11-2021 20:24:04.0073 P

################################################################################################################################################
Starting Execution:	[19 out of 145] test cases in the current suite
Test Method:		[testPackage01.Test_sendGraphqlRequest.sendGraphqlRequestUsingQuery]
################################################################################################################################################
[ReportManager] GraphQl Request is being Performed with the Following Parameters [Service URL: https://api.spacex.land/graphql | Request Body: {"query":"{company {ceo}}"}] @03-11-2021 20:24:04.0087 PM
[ReportManager] Response status code: [200], status line: [HTTP/1.1 200 OK] @03-11-2021 20:24:04.0192 PM
[ReportManager] Assertion Passed: Evaluating the actual response status code against the expected one... @03-11-2021 20:24:04.0192 PM
[ReportManager] Assertion [ValidateComparativeRelation] PASSED. Expected [200] and Actual [200]. Comparison Type [EQUALS]. Validation Type [POSITIVE]. @03-11-2021 20:24:04.0192 PM
[ReportManager] API Action [PerformRequest] successfully performed. With the following test data [Request Type: "POST" | Target Status Code: "200" | Service URL: "https://api.spacex.land/graphql" | Content Type: "application/json" | Response Time: "92ms"]. @03-11-2021 20:24:04.0216 PM
[ReportManager] Successfully created attachment [API Request - Specifications] @03-11-2021 20:24:04.0217 PM
[ReportManager] Successfully created attachment [API Request - JSON Body] @03-11-2021 20:24:04.0217 PM
[ReportManager] Successfully created attachment [API Response - JSON Body] @03-11-2021 20:24:04.0218 PM
[ReportManager] API Action [GetResponseJSONValue] successfully performed. With the following test data [data.company.ceo]. @03-11-2021 20:24:04.0240 PM
[ReportManager] Assertion [ValidateEquals] PASSED. Expected [Elon Musk] and Actual [Elon Musk]. Comparison Type [EQUALS]. Validation Type [POSITIVE]. @03-11-2021 20:24:04.0240 P

################################################################################################################################################
Starting Execution:	[20 out of 145] test cases in the current suite
Test Method:		[testPackage01.Test_NewValidationHelper.f1]
################################################################################################################################################
[ReportManager] Assertion Passed: Checking valid user data @03-11-2021 20:24:04.0249 PM
[ReportManager] Successfully created attachment [Validation Test Data - Expected Value] @03-11-2021 20:24:04.0250 PM
[ReportManager] Successfully created attachment [Validation Test Data - Actual Value] @03-11-2021 20:24:04.0250 PM
[ReportManager] Assertion [ValidateEquals] PASSED. Expected and Actual values are attached. Comparison Type [EQUALS]. Validation Type [POSITIVE]. @03-11-2021 20:24:04.0250 P
[ReportManager] File Action [GetAbsolutePath] successfully performed. With the following test data [Relative Folder Path: "target/downloadedFiles/"]. @03-11-2021 20:24:04.0256 PM
[ReportManager] Attempting to run remotely on: [Linux-64], [GoogleChrome], [http://localhost:4444/wd/hub], Headless Execution. @03-11-2021 20:24:04.0257 PM
[ReportManager] Successfully Opened [GoogleChrome]. @03-11-2021 20:24:07.0014 PM
[ReportManager] Target URL: [https://the-internet.herokuapp.com/] @03-11-2021 20:24:07.0014 PM
[ReportManager] Initial URL: [data:,] @03-11-2021 20:24:07.0071 PM
[ReportManager] Browser Action [NavigateToURL] successfully performed. With the following test data [https://the-internet.herokuapp.com/]. @03-11-2021 20:24:07.0557 P

################################################################################################################################################
Starting Execution:	[21 out of 145] test cases in the current suite
Test Method:		[testPackage01.Test_NewValidationHelper.f10]
################################################################################################################################################
[ReportManager] Assertion [ValidateElementExists] FAILED. Expected [Element Should Exist, locator 'By.tagName: div'] and Actual [Element Exists but is not unique]. Comparison Type [EQUALS]. Validation Type [POSITIVE]. @03-11-2021 20:24:08.0225 PM
[ReportManager] Successfully created attachment [Screenshot - 1635971047981_f10_ValidateElementExists_failed] @03-11-2021 20:24:08.0226 P
[ReportManager] Successfully Closed All Drivers. @03-11-2021 20:24:08.0332 P
[ReportManager] File Action [GetAbsolutePath] successfully performed. With the following test data [Relative Folder Path: "target/downloadedFiles/"]. @03-11-2021 20:24:08.0339 PM
[ReportManager] Attempting to run remotely on: [Linux-64], [GoogleChrome], [http://localhost:4444/wd/hub], Headless Execution. @03-11-2021 20:24:08.0340 PM
[ReportManager] Successfully Opened [GoogleChrome]. @03-11-2021 20:24:12.0040 PM
[ReportManager] Target URL: [https://the-internet.herokuapp.com/] @03-11-2021 20:24:12.0040 PM
[ReportManager] Initial URL: [data:,] @03-11-2021 20:24:12.0114 PM
[ReportManager] Browser Action [NavigateToURL] successfully performed. With the following test data [https://the-internet.herokuapp.com/]. @03-11-2021 20:24:12.0701 P

################################################################################################################################################
Starting Execution:	[22 out of 145] test cases in the current suite
Test Method:		[testPackage01.Test_NewValidationHelper.f11]
################################################################################################################################################
[ReportManager] Assertion Passed: Checking that false tag doesn't exist @03-11-2021 20:24:23.0459 PM
[ReportManager] Successfully created attachment [Screenshot - 1635971063228_f11_ValidateElementExists_passed] @03-11-2021 20:24:23.0460 PM
[ReportManager] Assertion [ValidateElementExists] PASSED. Expected [Element Should not Exist, locator 'By.tagName: h3'] and Actual [Element Doesn't Exists]. Comparison Type [EQUALS]. Validation Type [NEGATIVE]. @03-11-2021 20:24:23.0460 P
[ReportManager] Successfully Closed All Drivers. @03-11-2021 20:24:23.0565 P
[ReportManager] File Action [GetAbsolutePath] successfully performed. With the following test data [Relative Folder Path: "target/downloadedFiles/"]. @03-11-2021 20:24:23.0569 PM
[ReportManager] Attempting to run remotely on: [Linux-64], [GoogleChrome], [http://localhost:4444/wd/hub], Headless Execution. @03-11-2021 20:24:23.0569 PM
[ReportManager] Successfully Opened [GoogleChrome]. @03-11-2021 20:24:27.0032 PM
[ReportManager] Target URL: [https://the-internet.herokuapp.com/] @03-11-2021 20:24:27.0032 PM
[ReportManager] Initial URL: [data:,] @03-11-2021 20:24:27.0113 PM
[ReportManager] Browser Action [NavigateToURL] successfully performed. With the following test data [https://the-internet.herokuapp.com/]. @03-11-2021 20:24:27.0654 P

################################################################################################################################################
Starting Execution:	[23 out of 145] test cases in the current suite
Test Method:		[testPackage01.Test_NewValidationHelper.f12]
################################################################################################################################################
[ReportManager] Loaded Shared OpenCV @03-11-2021 20:24:28.0089 PM
[ReportManager] Assertion [ValidateElementExists] FAILED. Expected [Element Should not Exist, locator 'By.tagName: h1'] and Actual [Element Exists]. Comparison Type [EQUALS]. Validation Type [NEGATIVE]. @03-11-2021 20:24:28.0367 PM
[ReportManager] Successfully created attachment [Screenshot - 1635971068088_f12_ValidateElementExists_failed] @03-11-2021 20:24:28.0369 P
[ReportManager] Successfully Closed All Drivers. @03-11-2021 20:24:28.0489 P
[ReportManager] File Action [GetAbsolutePath] successfully performed. With the following test data [Relative Folder Path: "target/downloadedFiles/"]. @03-11-2021 20:24:28.0508 PM
[ReportManager] Attempting to run remotely on: [Linux-64], [GoogleChrome], [http://localhost:4444/wd/hub], Headless Execution. @03-11-2021 20:24:28.0509 PM
[ReportManager] Successfully Opened [GoogleChrome]. @03-11-2021 20:24:32.0024 PM
[ReportManager] Target URL: [https://the-internet.herokuapp.com/] @03-11-2021 20:24:32.0024 PM
[ReportManager] Initial URL: [data:,] @03-11-2021 20:24:32.0133 PM
[ReportManager] Browser Action [NavigateToURL] successfully performed. With the following test data [https://the-internet.herokuapp.com/]. @03-11-2021 20:24:32.0671 P

################################################################################################################################################
Starting Execution:	[24 out of 145] test cases in the current suite
Test Method:		[testPackage01.Test_NewValidationHelper.f13]
################################################################################################################################################
[ReportManager] Assertion [ValidateElementExists] FAILED. Expected [Element Should not Exist, locator 'By.tagName: div'] and Actual [Element Exists but is not unique]. Comparison Type [EQUALS]. Validation Type [NEGATIVE]. @03-11-2021 20:24:33.0304 PM
[ReportManager] Successfully created attachment [Screenshot - 1635971073086_f13_ValidateElementExists_failed] @03-11-2021 20:24:33.0306 P
[ReportManager] Successfully Closed All Drivers. @03-11-2021 20:24:33.0407 P
[ReportManager] File Action [GetAbsolutePath] successfully performed. With the following test data [Relative Folder Path: "target/downloadedFiles/"]. @03-11-2021 20:24:33.0409 PM
[ReportManager] Attempting to run remotely on: [Linux-64], [GoogleChrome], [http://localhost:4444/wd/hub], Headless Execution. @03-11-2021 20:24:33.0409 PM
[ReportManager] Successfully Opened [GoogleChrome]. @03-11-2021 20:24:37.0021 PM
[ReportManager] Target URL: [https://the-internet.herokuapp.com/] @03-11-2021 20:24:37.0021 PM
[ReportManager] Initial URL: [data:,] @03-11-2021 20:24:37.0123 PM
[ReportManager] Browser Action [NavigateToURL] successfully performed. With the following test data [https://the-internet.herokuapp.com/]. @03-11-2021 20:24:37.0661 P

################################################################################################################################################
Starting Execution:	[25 out of 145] test cases in the current suite
Test Method:		[testPackage01.Test_NewValidationHelper.f14]
################################################################################################################################################
[ReportManager] Element Action [GetText] successfully performed. With the following test data [Welcome to the-internet]. @03-11-2021 20:24:37.0829 PM
[ReportManager] Loaded Shared OpenCV @03-11-2021 20:24:38.0191 PM
[ReportManager] Assertion Passed: Asserting that the header text is correct @03-11-2021 20:24:38.0457 PM
[ReportManager] Successfully created attachment [Screenshot - 1635971078191_f14_ValidateElementAttribute_passed] @03-11-2021 20:24:38.0459 PM
[ReportManager] Assertion [ValidateElementAttribute] PASSED. Expected [Value Should be 'Welcome to the-internet' for the 'text' attribute, element locator 'By.tagName: h1'] and Actual [Welcome to the-internet]. Comparison Type [EQUALS]. Validation Type [POSITIVE]. @03-11-2021 20:24:38.0459 P
[ReportManager] Successfully Closed All Drivers. @03-11-2021 20:24:38.0556 P
[ReportManager] File Action [GetAbsolutePath] successfully performed. With the following test data [Relative Folder Path: "target/downloadedFiles/"]. @03-11-2021 20:24:38.0561 PM
[ReportManager] Attempting to run remotely on: [Linux-64], [GoogleChrome], [http://localhost:4444/wd/hub], Headless Execution. @03-11-2021 20:24:38.0561 PM
[ReportManager] Successfully Opened [GoogleChrome]. @03-11-2021 20:24:42.0034 PM
[ReportManager] Target URL: [https://the-internet.herokuapp.com/] @03-11-2021 20:24:42.0034 PM
[ReportManager] Initial URL: [data:,] @03-11-2021 20:24:42.0104 PM
[ReportManager] Browser Action [NavigateToURL] successfully performed. With the following test data [https://the-internet.herokuapp.com/]. @03-11-2021 20:24:42.0605 P

################################################################################################################################################
Starting Execution:	[26 out of 145] test cases in the current suite
Test Method:		[testPackage01.Test_NewValidationHelper.f15]
################################################################################################################################################
[ReportManager] Element Action [GetText] successfully performed. With the following test data [Welcome to the-internet]. @03-11-2021 20:24:42.0752 PM
[ReportManager] Loaded Shared OpenCV @03-11-2021 20:24:43.0036 PM
[ReportManager] Assertion [ValidateElementAttribute] FAILED. Expected [Value Should not be 'Welcome' for the 'text' attribute, element locator 'By.tagName: h1'] and Actual [Welcome to the-internet]. Comparison Type [CONTAINS]. Validation Type [NEGATIVE]. @03-11-2021 20:24:43.0334 PM
[ReportManager] Successfully created attachment [Screenshot - 1635971083035_f15_ValidateElementAttribute_failed] @03-11-2021 20:24:43.0336 P
[ReportManager] Successfully Closed All Drivers. @03-11-2021 20:24:43.0493 P
[ReportManager] File Action [GetAbsolutePath] successfully performed. With the following test data [Relative Folder Path: "target/downloadedFiles/"]. @03-11-2021 20:24:43.0497 PM
[ReportManager] Attempting to run remotely on: [Linux-64], [GoogleChrome], [http://localhost:4444/wd/hub], Headless Execution. @03-11-2021 20:24:43.0498 PM
[ReportManager] Successfully Opened [GoogleChrome]. @03-11-2021 20:24:47.0026 PM
[ReportManager] Target URL: [https://the-internet.herokuapp.com/] @03-11-2021 20:24:47.0026 PM
[ReportManager] Initial URL: [data:,] @03-11-2021 20:24:47.0113 PM
[ReportManager] Browser Action [NavigateToURL] successfully performed. With the following test data [https://the-internet.herokuapp.com/]. @03-11-2021 20:24:47.0597 P

################################################################################################################################################
Starting Execution:	[27 out of 145] test cases in the current suite
Test Method:		[testPackage01.Test_NewValidationHelper.f16]
################################################################################################################################################
[ReportManager] Element Action [IdentifyUniqueElement] failed. With the following test data [zero elements found matching this locator "By.tagName: h3".]. @03-11-2021 20:25:13.0616 PM
[ReportManager] Successfully created attachment [Screenshot - 1635971113417_f16_IdentifyUniqueElement_failed] @03-11-2021 20:25:13.0617 PM
[ReportManager] Assertion [ValidateElementAttribute] FAILED. Expected [Value Should not be 'Welcome' for the 'text' attribute, element locator 'By.tagName: h3'] and Actual [Failed to read the desired element attribute]. Comparison Type [CONTAINS]. Validation Type [NEGATIVE]. @03-11-2021 20:25:13.0618 P
[ReportManager] Successfully Closed All Drivers. @03-11-2021 20:25:13.0717 P
[ReportManager] File Action [GetAbsolutePath] successfully performed. With the following test data [Relative Folder Path: "target/downloadedFiles/"]. @03-11-2021 20:25:13.0733 PM
[ReportManager] Attempting to run remotely on: [Linux-64], [GoogleChrome], [http://localhost:4444/wd/hub], Headless Execution. @03-11-2021 20:25:13.0733 PM
[ReportManager] Successfully Opened [GoogleChrome]. @03-11-2021 20:25:17.0076 PM
[ReportManager] Target URL: [https://the-internet.herokuapp.com/] @03-11-2021 20:25:17.0077 PM
[ReportManager] Initial URL: [data:,] @03-11-2021 20:25:17.0149 PM
[ReportManager] Browser Action [NavigateToURL] successfully performed. With the following test data [https://the-internet.herokuapp.com/]. @03-11-2021 20:25:17.0693 P

################################################################################################################################################
Starting Execution:	[28 out of 145] test cases in the current suite
Test Method:		[testPackage01.Test_NewValidationHelper.f17]
################################################################################################################################################
[ReportManager] Attempting to getAttribute [text2] from elementLocator [By.tagName: h1]. @03-11-2021 20:25:17.0703 PM
[ReportManager] Element Action [GetAttribute] successfully performed. @03-11-2021 20:25:17.0834 PM
[ReportManager] Loaded Shared OpenCV @03-11-2021 20:25:18.0139 PM
[ReportManager] Assertion [ValidateElementAttribute] PASSED. Expected [Value Should not be 'Welcome' for the 'text2' attribute, element locator 'By.tagName: h1'] and Actual [null]. Comparison Type [CONTAINS]. Validation Type [NEGATIVE]. @03-11-2021 20:25:18.0397 PM
[ReportManager] Successfully created attachment [Screenshot - 1635971118139_f17_ValidateElementAttribute_passed] @03-11-2021 20:25:18.0399 P
[ReportManager] Successfully Closed All Drivers. @03-11-2021 20:25:18.0499 P
[ReportManager] File Action [GetAbsolutePath] successfully performed. With the following test data [Relative Folder Path: "target/downloadedFiles/"]. @03-11-2021 20:25:18.0502 PM
[ReportManager] Attempting to run remotely on: [Linux-64], [GoogleChrome], [http://localhost:4444/wd/hub], Headless Execution. @03-11-2021 20:25:18.0503 PM
[ReportManager] Successfully Opened [GoogleChrome]. @03-11-2021 20:25:22.0028 PM
[ReportManager] Target URL: [https://the-internet.herokuapp.com/] @03-11-2021 20:25:22.0028 PM
[ReportManager] Initial URL: [data:,] @03-11-2021 20:25:22.0095 PM
[ReportManager] Browser Action [NavigateToURL] successfully performed. With the following test data [https://the-internet.herokuapp.com/]. @03-11-2021 20:25:22.0576 P

################################################################################################################################################
Starting Execution:	[29 out of 145] test cases in the current suite
Test Method:		[testPackage01.Test_NewValidationHelper.f18]
################################################################################################################################################
[ReportManager] Element Action [GetText] successfully performed. With the following test data [Welcome to the-internet]. @03-11-2021 20:25:22.0725 PM
[ReportManager] Loaded Shared OpenCV @03-11-2021 20:25:23.0043 PM
[ReportManager] Assertion [ValidateElementAttribute] PASSED. Expected [Value Should not be 'no' for the 'text' attribute, element locator 'By.tagName: h1'] and Actual [Welcome to the-internet]. Comparison Type [CONTAINS]. Validation Type [NEGATIVE]. @03-11-2021 20:25:23.0287 PM
[ReportManager] Successfully created attachment [Screenshot - 1635971123043_f18_ValidateElementAttribute_passed] @03-11-2021 20:25:23.0289 P
[ReportManager] Successfully Closed All Drivers. @03-11-2021 20:25:23.0383 P

################################################################################################################################################
Starting Execution:	[30 out of 145] test cases in the current suite
Test Method:		[testPackage01.Test_NewValidationHelper.f2]
################################################################################################################################################
[ReportManager] Assertion Failed: Checking valid user data @03-11-2021 20:25:23.0389 PM
[ReportManager] Assertion [ValidateEquals] FAILED. Expected [1] and Actual [2]. Comparison Type [EQUALS]. Validation Type [POSITIVE]. @03-11-2021 20:25:23.0389 P
[ReportManager] File Action [GetAbsolutePath] successfully performed. With the following test data [Relative Folder Path: "target/downloadedFiles/"]. @03-11-2021 20:25:23.0392 PM
[ReportManager] Attempting to run remotely on: [Linux-64], [GoogleChrome], [http://localhost:4444/wd/hub], Headless Execution. @03-11-2021 20:25:23.0392 PM
[ReportManager] Successfully Opened [GoogleChrome]. @03-11-2021 20:25:27.0047 PM
[ReportManager] Target URL: [https://the-internet.herokuapp.com/] @03-11-2021 20:25:27.0047 PM
[ReportManager] Initial URL: [data:,] @03-11-2021 20:25:27.0178 PM
[ReportManager] Browser Action [NavigateToURL] successfully performed. With the following test data [https://the-internet.herokuapp.com/]. @03-11-2021 20:25:27.0664 P

################################################################################################################################################
Starting Execution:	[31 out of 145] test cases in the current suite
Test Method:		[testPackage01.Test_NewValidationHelper.f20]
################################################################################################################################################
[ReportManager] Element Action [GetSize] successfully performed. With the following test data [(970, 61)]. @03-11-2021 20:25:27.0801 PM
[ReportManager] Loaded Shared OpenCV @03-11-2021 20:25:28.0131 PM
[ReportManager] Assertion [ValidateElementAttribute] PASSED. Expected [Value Should not be 'a' for the 'size' attribute, element locator 'By.tagName: h1'] and Actual [(970, 61)]. Comparison Type [CONTAINS]. Validation Type [NEGATIVE]. @03-11-2021 20:25:28.0417 PM
[ReportManager] Successfully created attachment [Screenshot - 1635971128131_f20_ValidateElementAttribute_passed] @03-11-2021 20:25:28.0444 P
[ReportManager] Successfully Closed All Drivers. @03-11-2021 20:25:28.0553 P
[ReportManager] File Action [GetAbsolutePath] successfully performed. With the following test data [Relative Folder Path: "target/downloadedFiles/"]. @03-11-2021 20:25:28.0556 PM
[ReportManager] Attempting to run remotely on: [Linux-64], [GoogleChrome], [http://localhost:4444/wd/hub], Headless Execution. @03-11-2021 20:25:28.0558 PM
[ReportManager] Successfully Opened [GoogleChrome]. @03-11-2021 20:25:32.0042 PM
[ReportManager] Target URL: [https://the-internet.herokuapp.com/] @03-11-2021 20:25:32.0042 PM
[ReportManager] Initial URL: [data:,] @03-11-2021 20:25:32.0140 PM
[ReportManager] Browser Action [NavigateToURL] successfully performed. With the following test data [https://the-internet.herokuapp.com/]. @03-11-2021 20:25:32.0650 P

################################################################################################################################################
Starting Execution:	[32 out of 145] test cases in the current suite
Test Method:		[testPackage01.Test_NewValidationHelper.f21]
################################################################################################################################################
[ReportManager] Element Action [IdentifyUniqueElement] failed. With the following test data [zero elements found matching this locator "By.tagName: h3".]. @03-11-2021 20:25:58.0580 PM
[ReportManager] Successfully created attachment [Screenshot - 1635971158374_f21_IdentifyUniqueElement_failed] @03-11-2021 20:25:58.0581 PM
[ReportManager] Assertion [ValidateElementAttribute] FAILED. Expected [Value Should be 'Welcome' for the 'text' attribute, element locator 'By.tagName: h3'] and Actual [Failed to read the desired element attribute]. Comparison Type [CONTAINS]. Validation Type [POSITIVE]. @03-11-2021 20:25:58.0583 P
[ReportManager] Successfully Closed All Drivers. @03-11-2021 20:25:58.0725 P
[ReportManager] File Action [GetAbsolutePath] successfully performed. With the following test data [Relative Folder Path: "target/downloadedFiles/"]. @03-11-2021 20:25:58.0728 PM
[ReportManager] Attempting to run remotely on: [Linux-64], [GoogleChrome], [http://localhost:4444/wd/hub], Headless Execution. @03-11-2021 20:25:58.0729 PM
[ReportManager] Successfully Opened [GoogleChrome]. @03-11-2021 20:26:02.0050 PM
[ReportManager] Target URL: [https://the-internet.herokuapp.com/] @03-11-2021 20:26:02.0050 PM
[ReportManager] Initial URL: [data:,] @03-11-2021 20:26:02.0136 PM
[ReportManager] Browser Action [NavigateToURL] successfully performed. With the following test data [https://the-internet.herokuapp.com/]. @03-11-2021 20:26:02.0838 P

################################################################################################################################################
Starting Execution:	[33 out of 145] test cases in the current suite
Test Method:		[testPackage01.Test_NewValidationHelper.f22]
################################################################################################################################################
[ReportManager] Element Action [GetText] successfully performed. With the following test data [Welcome to the-internet]. @03-11-2021 20:26:02.0985 PM
[ReportManager] Loaded Shared OpenCV @03-11-2021 20:26:03.0325 PM
[ReportManager] Assertion [ValidateElementAttribute] FAILED. Expected [Value Should be 'yyy' for the 'text' attribute, element locator 'By.tagName: h1'] and Actual [Welcome to the-internet]. Comparison Type [CONTAINS]. Validation Type [POSITIVE]. @03-11-2021 20:26:03.0587 PM
[ReportManager] Successfully created attachment [Screenshot - 1635971163325_f22_ValidateElementAttribute_failed] @03-11-2021 20:26:03.0589 P
[ReportManager] Successfully Closed All Drivers. @03-11-2021 20:26:03.0687 P

################################################################################################################################################
Starting Execution:	[34 out of 145] test cases in the current suite
Test Method:		[testPackage01.Test_NewValidationHelper.f23]
################################################################################################################################################
[ReportManager] Assertion Passed: confirming that the actual is greater than or equal to the expected @03-11-2021 20:26:03.0692 PM
[ReportManager] Assertion [ValidateComparativeRelation] PASSED. Expected [1] and Actual [1]. Comparison Type [GREATER_THAN_OR_EQUALS]. Validation Type [POSITIVE]. @03-11-2021 20:26:03.0692 P

################################################################################################################################################
Starting Execution:	[35 out of 145] test cases in the current suite
Test Method:		[testPackage01.Test_NewValidationHelper.f24]
################################################################################################################################################
[ReportManager] Assertion [ValidateComparativeRelation] PASSED. Expected [1] and Actual [10]. Comparison Type [GREATER_THAN_OR_EQUALS]. Validation Type [POSITIVE]. @03-11-2021 20:26:03.0695 P

################################################################################################################################################
Starting Execution:	[36 out of 145] test cases in the current suite
Test Method:		[testPackage01.Test_NewValidationHelper.f25]
################################################################################################################################################
[ReportManager] Assertion [ValidateComparativeRelation] PASSED. Expected [1] and Actual [1]. Comparison Type [EQUALS]. Validation Type [POSITIVE]. @03-11-2021 20:26:03.0701 P

################################################################################################################################################
Starting Execution:	[37 out of 145] test cases in the current suite
Test Method:		[testPackage01.Test_NewValidationHelper.f26]
################################################################################################################################################
[ReportManager] Assertion [ValidateComparativeRelation] PASSED. Expected [1] and Actual [5]. Comparison Type [GREATER_THAN]. Validation Type [POSITIVE]. @03-11-2021 20:26:03.0705 P

################################################################################################################################################
Starting Execution:	[38 out of 145] test cases in the current suite
Test Method:		[testPackage01.Test_NewValidationHelper.f27]
################################################################################################################################################
[ReportManager] Assertion [ValidateComparativeRelation] PASSED. Expected [11] and Actual [5]. Comparison Type [LESS_THAN]. Validation Type [POSITIVE]. @03-11-2021 20:26:03.0709 P

################################################################################################################################################
Starting Execution:	[39 out of 145] test cases in the current suite
Test Method:		[testPackage01.Test_NewValidationHelper.f28]
################################################################################################################################################
[ReportManager] Assertion [ValidateComparativeRelation] PASSED. Expected [11] and Actual [5]. Comparison Type [LESS_THAN_OR_EQUALS]. Validation Type [POSITIVE]. @03-11-2021 20:26:03.0714 P

################################################################################################################################################
Starting Execution:	[40 out of 145] test cases in the current suite
Test Method:		[testPackage01.Test_NewValidationHelper.f29]
################################################################################################################################################
[ReportManager] Assertion [ValidateComparativeRelation] PASSED. Expected [11] and Actual [11]. Comparison Type [LESS_THAN_OR_EQUALS]. Validation Type [POSITIVE]. @03-11-2021 20:26:03.0718 P

################################################################################################################################################
Starting Execution:	[41 out of 145] test cases in the current suite
Test Method:		[testPackage01.Test_NewValidationHelper.f3]
################################################################################################################################################
[ReportManager] Assertion [ValidateEquals] PASSED. Expected [1] and Actual [2]. Comparison Type [EQUALS]. Validation Type [NEGATIVE]. @03-11-2021 20:26:03.0723 P

################################################################################################################################################
Starting Execution:	[42 out of 145] test cases in the current suite
Test Method:		[testPackage01.Test_NewValidationHelper.f30]
################################################################################################################################################
[ReportManager] Assertion [ValidateComparativeRelation] FAILED. Expected [-9] and Actual [11]. Comparison Type [LESS_THAN_OR_EQUALS]. Validation Type [POSITIVE]. @03-11-2021 20:26:03.0727 P

################################################################################################################################################
Starting Execution:	[43 out of 145] test cases in the current suite
Test Method:		[testPackage01.Test_NewValidationHelper.f31]
################################################################################################################################################
[ReportManager] Assertion [ValidateTrue] PASSED. Expected [TRUE] and Actual [TRUE]. Validation Type [POSITIVE]. @03-11-2021 20:26:03.0732 P

################################################################################################################################################
Starting Execution:	[44 out of 145] test cases in the current suite
Test Method:		[testPackage01.Test_NewValidationHelper.f32]
################################################################################################################################################
[ReportManager] Assertion [ValidateTrue] PASSED. Expected [FALSE] and Actual [FALSE]. Validation Type [NEGATIVE]. @03-11-2021 20:26:03.0737 P

################################################################################################################################################
Starting Execution:	[45 out of 145] test cases in the current suite
Test Method:		[testPackage01.Test_NewValidationHelper.f33]
################################################################################################################################################
[ReportManager] Assertion [ValidateTrue] FAILED. Expected [FALSE] and Actual [TRUE]. Validation Type [NEGATIVE]. @03-11-2021 20:26:03.0741 P

################################################################################################################################################
Starting Execution:	[46 out of 145] test cases in the current suite
Test Method:		[testPackage01.Test_NewValidationHelper.f34]
################################################################################################################################################
[ReportManager] Assertion [ValidateTrue] FAILED. Expected [TRUE] and Actual [FALSE]. Validation Type [POSITIVE]. @03-11-2021 20:26:03.0747 P

################################################################################################################################################
Starting Execution:	[47 out of 145] test cases in the current suite
Test Method:		[testPackage01.Test_NewValidationHelper.f35]
################################################################################################################################################
[ReportManager] File Action [DoesFileExist] successfully performed. With the following test data [File Path: "pom.xml"]. @03-11-2021 20:26:03.0751 PM
[ReportManager] Assertion [ValidateFileExists] PASSED. Expected [File 'pom.xml' should exist, after up to '1' retries] and Actual [File exists]. Validation Type [POSITIVE]. @03-11-2021 20:26:03.0757 P

################################################################################################################################################
Starting Execution:	[48 out of 145] test cases in the current suite
Test Method:		[testPackage01.Test_NewValidationHelper.f36]
################################################################################################################################################
[ReportManager] File Action [DoesFileExist] successfully performed. With the following test data [File Path: "src/test/java/testPackage01/Test_NewValidationHelper.java"]. @03-11-2021 20:26:03.0763 PM
[ReportManager] Assertion [ValidateFileExists] PASSED. Expected [File 'src/test/java/testPackage01/Test_NewValidationHelper.java' should exist, after up to '1' retries] and Actual [File exists]. Validation Type [POSITIVE]. @03-11-2021 20:26:03.0763 P

################################################################################################################################################
Starting Execution:	[49 out of 145] test cases in the current suite
Test Method:		[testPackage01.Test_NewValidationHelper.f37]
################################################################################################################################################
[ReportManager] File Action [DoesFileExist] successfully performed. With the following test data [File Path: "pom.xml"]. @03-11-2021 20:26:03.0768 PM
[ReportManager] Assertion Failed: confirming that the file does't exist after 5 retries @03-11-2021 20:26:03.0769 PM
[ReportManager] Assertion [ValidateFileExists] FAILED. Expected [File 'pom.xml' should not exist, after up to '5' retries] and Actual [File exists]. Validation Type [NEGATIVE]. @03-11-2021 20:26:03.0769 P

################################################################################################################################################
Starting Execution:	[50 out of 145] test cases in the current suite
Test Method:		[testPackage01.Test_NewValidationHelper.f3_1]
################################################################################################################################################
[ReportManager] Assertion Passed: Checking valid user data @03-11-2021 20:26:03.0774 PM
[ReportManager] Assertion [ValidateEquals] PASSED. Expected [null] and Actual [null]. Comparison Type [EQUALS]. Validation Type [POSITIVE]. @03-11-2021 20:26:03.0774 P

################################################################################################################################################
Starting Execution:	[51 out of 145] test cases in the current suite
Test Method:		[testPackage01.Test_NewValidationHelper.f4]
################################################################################################################################################
[ReportManager] Assertion [ValidateEquals] PASSED. Expected [1] and Actual [123]. Comparison Type [CONTAINS]. Validation Type [POSITIVE]. @03-11-2021 20:26:03.0778 P

################################################################################################################################################
Starting Execution:	[52 out of 145] test cases in the current suite
Test Method:		[testPackage01.Test_NewValidationHelper.f5]
################################################################################################################################################
[ReportManager] Assertion [ValidateNull] PASSED. Expected [NULL] and Actual [1]. Comparison Type [EQUALS]. Validation Type [NEGATIVE]. @03-11-2021 20:26:03.0783 P

################################################################################################################################################
Starting Execution:	[53 out of 145] test cases in the current suite
Test Method:		[testPackage01.Test_NewValidationHelper.f6]
################################################################################################################################################
[ReportManager] Assertion Failed: Making sure that null string is not equal to null object @03-11-2021 20:26:03.0786 PM
[ReportManager] Assertion [ValidateNull] FAILED. Expected [NULL] and Actual [NULL]. Comparison Type [EQUALS]. Validation Type [POSITIVE]. @03-11-2021 20:26:03.0787 P

################################################################################################################################################
Starting Execution:	[54 out of 145] test cases in the current suite
Test Method:		[testPackage01.Test_NewValidationHelper.f6_1]
################################################################################################################################################
[ReportManager] Assertion [ValidateNull] FAILED. Expected [NULL] and Actual [NULL]. Comparison Type [EQUALS]. Validation Type [NEGATIVE]. @03-11-2021 20:26:03.0791 P

################################################################################################################################################
Starting Execution:	[55 out of 145] test cases in the current suite
Test Method:		[testPackage01.Test_NewValidationHelper.f6_2]
################################################################################################################################################
[ReportManager] Assertion Failed: Making sure that null string is not equal to null object @03-11-2021 20:26:03.0795 PM
[ReportManager] Assertion [ValidateNull] FAILED. Expected [NULL] and Actual [not null]. Comparison Type [EQUALS]. Validation Type [POSITIVE]. @03-11-2021 20:26:03.0795 P

################################################################################################################################################
Starting Execution:	[56 out of 145] test cases in the current suite
Test Method:		[testPackage01.Test_NewValidationHelper.f7]
################################################################################################################################################
[ReportManager] Assertion [ValidateNull] PASSED. Expected [NULL] and Actual [NULL]. Comparison Type [EQUALS]. Validation Type [POSITIVE]. @03-11-2021 20:26:03.0799 P
[ReportManager] File Action [GetAbsolutePath] successfully performed. With the following test data [Relative Folder Path: "target/downloadedFiles/"]. @03-11-2021 20:26:03.0803 PM
[ReportManager] Attempting to run remotely on: [Linux-64], [GoogleChrome], [http://localhost:4444/wd/hub], Headless Execution. @03-11-2021 20:26:03.0803 PM
[ReportManager] Successfully Opened [GoogleChrome]. @03-11-2021 20:26:07.0019 PM
[ReportManager] Target URL: [https://the-internet.herokuapp.com/] @03-11-2021 20:26:07.0019 PM
[ReportManager] Initial URL: [data:,] @03-11-2021 20:26:07.0141 PM
[ReportManager] Browser Action [NavigateToURL] successfully performed. With the following test data [https://the-internet.herokuapp.com/]. @03-11-2021 20:26:07.0718 P

################################################################################################################################################
Starting Execution:	[57 out of 145] test cases in the current suite
Test Method:		[testPackage01.Test_NewValidationHelper.f8]
################################################################################################################################################
[ReportManager] Loaded Shared OpenCV @03-11-2021 20:26:08.0113 PM
[ReportManager] Assertion [ValidateElementExists] PASSED. Expected [Element Should Exist, locator 'By.tagName: h1'] and Actual [Element Exists]. Comparison Type [EQUALS]. Validation Type [POSITIVE]. @03-11-2021 20:26:08.0359 PM
[ReportManager] Successfully created attachment [Screenshot - 1635971168113_f8_ValidateElementExists_passed] @03-11-2021 20:26:08.0361 P
[ReportManager] Successfully Closed All Drivers. @03-11-2021 20:26:08.0457 P
[ReportManager] File Action [GetAbsolutePath] successfully performed. With the following test data [Relative Folder Path: "target/downloadedFiles/"]. @03-11-2021 20:26:08.0459 PM
[ReportManager] Attempting to run remotely on: [Linux-64], [GoogleChrome], [http://localhost:4444/wd/hub], Headless Execution. @03-11-2021 20:26:08.0459 PM
[ReportManager] Successfully Opened [GoogleChrome]. @03-11-2021 20:26:12.0037 PM
[ReportManager] Target URL: [https://the-internet.herokuapp.com/] @03-11-2021 20:26:12.0037 PM
[ReportManager] Initial URL: [data:,] @03-11-2021 20:26:12.0132 PM
[ReportManager] Browser Action [NavigateToURL] successfully performed. With the following test data [https://the-internet.herokuapp.com/]. @03-11-2021 20:26:12.0623 P

################################################################################################################################################
Starting Execution:	[58 out of 145] test cases in the current suite
Test Method:		[testPackage01.Test_NewValidationHelper.f9]
################################################################################################################################################
[ReportManager] Assertion [ValidateElementExists] FAILED. Expected [Element Should Exist, locator 'By.tagName: h3'] and Actual [Element Doesn't Exists]. Comparison Type [EQUALS]. Validation Type [POSITIVE]. @03-11-2021 20:26:43.0673 PM
[ReportManager] Successfully created attachment [Screenshot - 1635971203478_f9_ValidateElementExists_failed] @03-11-2021 20:26:43.0674 P
[ReportManager] Successfully Closed All Drivers. @03-11-2021 20:26:43.0806 P

################################################################################################################################################
Starting Execution:	[59 out of 145] test cases in the current suite
Test Method:		[testPackage01.Test_NewValidationHelper.forceFail]
################################################################################################################################################
[ReportManager] Assertion [ValidateFail] FAILED. Successfully force failed the test. @03-11-2021 20:26:43.0810 P

################################################################################################################################################
Starting Execution:	[60 out of 145] test cases in the current suite
Test Method:		[testPackage01.Test_NewValidationHelper.forceFail2]
################################################################################################################################################
[ReportManager] Assertion Failed: Custom Message @03-11-2021 20:26:43.0813 PM
[ReportManager] Assertion [ValidateFail] FAILED. Successfully force failed the test. @03-11-2021 20:26:43.0813 P
[ReportManager] Successfully loaded the following test data file [src/test/resources/TestDataFiles/testSuite01/TestData.xlsx]. @03-11-2021 20:26:43.0877 PM
[ReportManager] Successfully created attachment [Test Data - Excel] @03-11-2021 20:26:43.0878 PM
[ReportManager] File Action [GetAbsolutePath] successfully performed. With the following test data [Relative Folder Path: "target/downloadedFiles/"]. @03-11-2021 20:26:43.0878 PM
[ReportManager] Attempting to run remotely on: [Linux-64], [GoogleChrome], [http://localhost:4444/wd/hub], Headless Execution. @03-11-2021 20:26:43.0878 PM
[ReportManager] Successfully Opened [GoogleChrome]. @03-11-2021 20:26:47.0036 P

################################################################################################################################################
Starting Execution:	[61 out of 145] test cases in the current suite
Test Method:		[testPackage01.Test_google.navigateToURLandVerifyGoogleLogoIsDisplayed]
Test Description:	[TC001 - Navigate to URL and Verify Google Logo is Displayed]
################################################################################################################################################
[ReportManager] Target URL: [https://www.google.com/ncr], and after redirection: [https://www.google.com] @03-11-2021 20:26:47.0043 PM
[ReportManager] Initial URL: [data:,] @03-11-2021 20:26:47.0106 PM
[ReportManager] Browser Action [NavigateToURL] successfully performed. With the following test data [https://www.google.com/ncr]. @03-11-2021 20:26:48.0202 PM
[ReportManager] Loaded Shared OpenCV @03-11-2021 20:26:48.0547 PM
[ReportManager] Assertion [ValidateElementExists] PASSED. Expected [Element Should Exist, locator 'By.xpath: //*[@id='hplogo' or @alt='Google']'] and Actual [Element Exists]. Comparison Type [EQUALS]. Validation Type [POSITIVE]. @03-11-2021 20:26:48.0791 PM
[ReportManager] Successfully created attachment [Screenshot - 1635971208547_navigateToURLandVerifyGoogleLogoIsDisplayed_ValidateElementExists_passed] @03-11-2021 20:26:48.0792 P

################################################################################################################################################
Starting Execution:	[62 out of 145] test cases in the current suite
Test Method:		[testPackage01.Test_google.searchForQueryandAssertResultsNumDisplayed]
Test Description:	[TC002 - Search for Query and Assert that the number of results is displayed]
################################################################################################################################################
[ReportManager] Element Action [Type] successfully performed. With the following test data [SHAFT_Engine]. @03-11-2021 20:26:49.0352 PM
[ReportManager] Element Action [KeyPress] successfully performed. With the following test data [Enter]. @03-11-2021 20:26:50.0871 PM
[ReportManager] Element Action [GetText] successfully performed. With the following test data [About 1,120,000 results (0.65 seconds) ]. @03-11-2021 20:26:50.0959 PM
[ReportManager] Loaded Shared OpenCV @03-11-2021 20:26:51.0312 PM
[ReportManager] Assertion [ValidateElementAttribute] PASSED. Expected [Value Should not be '' for the 'Text' attribute, element locator 'By.id: appbar'] and Actual [About 1,120,000 results (0.65 seconds) ]. Comparison Type [EQUALS]. Validation Type [NEGATIVE]. @03-11-2021 20:26:51.0884 PM
[ReportManager] Successfully created attachment [Screenshot - 1635971211312_searchForQueryandAssertResultsNumDisplayed_ValidateElementAttribute_passed] @03-11-2021 20:26:51.0887 P

################################################################################################################################################
Starting Execution:	[63 out of 145] test cases in the current suite
Test Method:		[testPackage01.Test_google.clickNextThrice]
Test Description:	[TC003 - Clicks the next button to make sure that the framework can scroll element into view before clicking it]
################################################################################################################################################
[ReportManager] Element Action [Click] successfully performed. With the following test data [Next]. @03-11-2021 20:26:53.0796 P
[ReportManager] Browser Action [CloseCurrentWindow] successfully performed. @03-11-2021 20:26:54.0014 PM
[ReportManager] Successfully created attachment [Browser Action Test Data - CloseCurrentWindow - Actual Value] @03-11-2021 20:26:54.0035 P
[ReportManager] File Action [GetAbsolutePath] successfully performed. With the following test data [Relative Folder Path: "target/downloadedFiles/"]. @03-11-2021 20:26:54.0036 PM
[ReportManager] Attempting to run remotely on: [Linux-64], [GoogleChrome], [http://localhost:4444/wd/hub], Headless Execution. @03-11-2021 20:26:54.0036 PM
[ReportManager] Successfully Opened [GoogleChrome]. @03-11-2021 20:26:57.0051 P

################################################################################################################################################
Starting Execution:	[64 out of 145] test cases in the current suite
Test Method:		[testPackage01.Test_clipboardActions.typeTextAndCopyPaste]
################################################################################################################################################
[ReportManager] Target URL: [https://www.google.com/ncr], and after redirection: [https://www.google.com] @03-11-2021 20:26:57.0063 PM
[ReportManager] Initial URL: [data:,] @03-11-2021 20:26:57.0116 PM
[ReportManager] Browser Action [NavigateToURL] successfully performed. With the following test data [https://www.google.com/ncr]. @03-11-2021 20:26:58.0247 PM
[ReportManager] Element Action [Type] successfully performed. With the following test data [FIRST]. @03-11-2021 20:26:58.0727 PM
[ReportManager] Element Action [ClipboardActions] successfully performed. With the following test data [select all]. @03-11-2021 20:26:58.0789 PM
[ReportManager] Element Action [ClipboardActions] successfully performed. With the following test data [copy]. @03-11-2021 20:26:58.0877 PM
[ReportManager] Element Action [ClipboardActions] successfully performed. With the following test data [unselect]. @03-11-2021 20:26:59.0072 PM
[ReportManager] Element Action [ClipboardActions] successfully performed. With the following test data [paste]. @03-11-2021 20:26:59.0137 PM
[ReportManager] Element Action [ClipboardActions] successfully performed. With the following test data [select all]. @03-11-2021 20:26:59.0238 PM
[ReportManager] Element Action [Type] successfully performed. @03-11-2021 20:26:59.0734 PM
[ReportManager] Element Action [ClipboardActions] successfully performed. With the following test data [cut]. @03-11-2021 20:26:59.0735 PM
[ReportManager] Element Action [ClipboardActions] successfully performed. With the following test data [paste]. @03-11-2021 20:26:59.0792 PM
[ReportManager] Element Action [ClipboardActions] successfully performed. With the following test data [paste]. @03-11-2021 20:26:59.0869 P
[ReportManager] Browser Action [CloseCurrentWindow] successfully performed. @03-11-2021 20:27:00.0019 PM
[ReportManager] Successfully created attachment [Browser Action Test Data - CloseCurrentWindow - Actual Value] @03-11-2021 20:27:00.0020 P

################################################################################################################################################
Starting Execution:	[65 out of 145] test cases in the current suite
Test Method:		[testPackage01.Test_JSONFileManager.readStringFromJson]
################################################################################################################################################
[ReportManager] An Exception Occured with this Message: src/test/resources/testDataFiles/simpleJSON.json (No such file or directory). @03-11-2021 20:27:00.0031 PM
[ReportManager] Successfully created attachment [Exception Stack Trace - java.io.FileNotFoundException] @03-11-2021 20:27:00.0033 PM
[ReportManager] Couldn't find the desired file. [src/test/resources/testDataFiles/simpleJSON.json]. @03-11-2021 20:27:00.0033 P
[ReportManager] File Action [GetAbsolutePath] successfully performed. With the following test data [Relative Folder Path: "target/downloadedFiles/"]. @03-11-2021 20:27:00.0050 PM
[ReportManager] Attempting to run remotely on: [Linux-64], [GoogleChrome], [http://localhost:4444/wd/hub], Headless Execution. @03-11-2021 20:27:00.0050 PM
[ReportManager] Successfully Opened [GoogleChrome]. @03-11-2021 20:27:02.0061 P

################################################################################################################################################
Starting Execution:	[66 out of 145] test cases in the current suite
Test Method:		[testPackage01.Test_uploadFile.uploadFile_invisibleUploadInput]
################################################################################################################################################
[ReportManager] Target URL: [https://fineuploader.com/demos.html#gallery-view] @03-11-2021 20:27:02.0079 PM
[ReportManager] Initial URL: [data:,] @03-11-2021 20:27:02.0164 PM
[ReportManager] Browser Action [NavigateToURL] successfully performed. With the following test data [https://fineuploader.com/demos.html#gallery-view]. @03-11-2021 20:27:03.0623 PM
[ReportManager] File Action [GetAbsolutePath] successfully performed. With the following test data [Relative File Path: "src/main/resources/images/shaft.png"]. @03-11-2021 20:27:03.0624 PM
[ReportManager] Successfully created attachment [File Action Actual Result - Command Log] @03-11-2021 20:27:03.0624 PM
[ReportManager] Element Action [TypeFileLocationForUpload] successfully performed. With the following test data [/home/runner/work/SHAFT_ENGINE/SHAFT_ENGINE/src/main/resources/images/shaft.png]. @03-11-2021 20:27:03.0818 PM
[ReportManager] Attempting to getAttribute [src] from elementLocator [By.xpath: //div[@id='fine-uploader-gallery']//div[@class='qq-thumbnail-wrapper']/img]. @03-11-2021 20:27:03.0819 PM
[ReportManager] Element Action [GetAttribute] successfully performed. @03-11-2021 20:27:03.0976 PM
[ReportManager] Successfully created attachment [Element Action Test Data - GetAttribute - Actual Value] @03-11-2021 20:27:03.0977 PM
[ReportManager] Loaded Shared OpenCV @03-11-2021 20:27:04.0288 PM
[ReportManager] Assertion [ValidateElementAttribute] PASSED. Expected and Actual values are attached. Comparison Type [CONTAINS]. Validation Type [POSITIVE]. @03-11-2021 20:27:04.0537 PM
[ReportManager] Successfully created attachment [Validation Test Data - Expected Value] @03-11-2021 20:27:04.0538 PM
[ReportManager] Successfully created attachment [Validation Test Data - Actual Value] @03-11-2021 20:27:04.0538 PM
[ReportManager] Successfully created attachment [Screenshot - 1635971224288_uploadFile_invisibleUploadInput_ValidateElementAttribute_passed] @03-11-2021 20:27:04.0544 P
[ReportManager] Browser Action [CloseCurrentWindow] successfully performed. @03-11-2021 20:27:04.0681 PM
[ReportManager] Successfully created attachment [Browser Action Test Data - CloseCurrentWindow - Actual Value] @03-11-2021 20:27:04.0681 P
[ReportManager] File Action [GetAbsolutePath] successfully performed. With the following test data [Relative Folder Path: "target/downloadedFiles/"]. @03-11-2021 20:27:04.0684 PM
[ReportManager] Attempting to run remotely on: [Linux-64], [GoogleChrome], [http://localhost:4444/wd/hub], Headless Execution. @03-11-2021 20:27:04.0684 PM
[ReportManager] Successfully Opened [GoogleChrome]. @03-11-2021 20:27:07.0049 P

################################################################################################################################################
Starting Execution:	[67 out of 145] test cases in the current suite
Test Method:		[testPackage01.Test_uploadFile.uploadFile_visibleUploadInput]
################################################################################################################################################
[ReportManager] Target URL: [http://demo.guru99.com/test/upload/] @03-11-2021 20:27:07.0052 PM
[ReportManager] Initial URL: [data:,] @03-11-2021 20:27:07.0112 PM
[ReportManager] Browser Action [NavigateToURL] successfully performed. With the following test data [http://demo.guru99.com/test/upload/]. @03-11-2021 20:27:08.0975 PM
[ReportManager] File Action [GetAbsolutePath] successfully performed. With the following test data [Relative File Path: "src/main/resources/images/shaft.png"]. @03-11-2021 20:27:08.0975 PM
[ReportManager] Successfully created attachment [File Action Actual Result - Command Log] @03-11-2021 20:27:08.0975 PM
[ReportManager] Element Action [TypeFileLocationForUpload] successfully performed. With the following test data [/home/runner/work/SHAFT_ENGINE/SHAFT_ENGINE/src/main/resources/images/shaft.png]. @03-11-2021 20:27:09.0113 PM
[ReportManager] Element Action [Click] successfully performed. With the following test data [on]. @03-11-2021 20:27:09.0686 PM
[ReportManager] Element Action [Click] successfully performed. With the following test data [Submit File]. @03-11-2021 20:27:10.0157 PM
[ReportManager] Element Action [GetText] successfully performed. With the following test data [1 file
has been successfully uploaded.]. @03-11-2021 20:27:10.0790 PM
[ReportManager] Loaded Shared OpenCV @03-11-2021 20:27:11.0075 PM
[ReportManager] Assertion [ValidateElementAttribute] PASSED. Expected [Value Should be '1 file' for the 'Text' attribute, element locator 'By.id: res'] and Actual [1 file
has been successfully uploaded.]. Comparison Type [CONTAINS]. Validation Type [POSITIVE]. @03-11-2021 20:27:11.0292 PM
[ReportManager] Successfully created attachment [Screenshot - 1635971231075_uploadFile_visibleUploadInput_ValidateElementAttribute_passed] @03-11-2021 20:27:11.0293 P
[ReportManager] Browser Action [CloseCurrentWindow] successfully performed. @03-11-2021 20:27:11.0464 PM
[ReportManager] Successfully created attachment [Browser Action Test Data - CloseCurrentWindow - Actual Value] @03-11-2021 20:27:11.0465 P
[ReportManager] File Action [GetAbsolutePath] successfully performed. With the following test data [Relative Folder Path: "target/downloadedFiles/"]. @03-11-2021 20:27:11.0467 PM
[ReportManager] Attempting to run remotely on: [Linux-64], [GoogleChrome], [http://localhost:4444/wd/hub], Headless Execution. @03-11-2021 20:27:11.0467 PM
[ReportManager] Successfully Opened [GoogleChrome]. @03-11-2021 20:27:12.0016 P

################################################################################################################################################
Starting Execution:	[68 out of 145] test cases in the current suite
Test Method:		[testPackage01.Test_dragAndDrop.dragAndDropJquery]
################################################################################################################################################
[ReportManager] Target URL: [https://jqueryui.com/resources/demos/droppable/default.html] @03-11-2021 20:27:12.0026 PM
[ReportManager] Initial URL: [data:,] @03-11-2021 20:27:12.0074 PM
[ReportManager] Browser Action [NavigateToURL] successfully performed. With the following test data [https://jqueryui.com/resources/demos/droppable/default.html]. @03-11-2021 20:27:12.0538 PM
[ReportManager] Element Action [GetText] successfully performed. With the following test data [Drop here]. @03-11-2021 20:27:12.0624 PM
[ReportManager] Element Action [DragAndDrop] successfully performed. With the following test data [Start point: (8, 18), End point: (8, 18)]. @03-11-2021 20:27:14.0162 PM
[ReportManager] Element Action [GetText] successfully performed. With the following test data [Dropped!]. @03-11-2021 20:27:14.0303 PM
[ReportManager] Assertion Passed: Checking to see if the text has changed after performing drag and drop @03-11-2021 20:27:14.0303 PM
[ReportManager] Assertion [ValidateEquals] PASSED. Expected [Drop here] and Actual [Dropped!]. Comparison Type [EQUALS]. Validation Type [NEGATIVE]. @03-11-2021 20:27:14.0303 P
[ReportManager] Browser Action [CloseCurrentWindow] successfully performed. @03-11-2021 20:27:14.0432 PM
[ReportManager] Successfully created attachment [Browser Action Test Data - CloseCurrentWindow - Actual Value] @03-11-2021 20:27:14.0432 P
[ReportManager] File Action [GetAbsolutePath] successfully performed. With the following test data [Relative Folder Path: "target/downloadedFiles/"]. @03-11-2021 20:27:14.0434 PM
[ReportManager] Attempting to run remotely on: [Linux-64], [GoogleChrome], [http://localhost:4444/wd/hub], Headless Execution. @03-11-2021 20:27:14.0435 PM
[ReportManager] Successfully Opened [GoogleChrome]. @03-11-2021 20:27:17.0100 P

################################################################################################################################################
Starting Execution:	[69 out of 145] test cases in the current suite
Test Method:		[testPackage01.Test_dragAndDrop.dragAndDrop]
Test Description:	[TC001 - Test Drag and Drop function.]
################################################################################################################################################
[ReportManager] Target URL: [http://the-internet.herokuapp.com/drag_and_drop] @03-11-2021 20:27:17.0105 PM
[ReportManager] Initial URL: [data:,] @03-11-2021 20:27:17.0157 PM
[ReportManager] Browser Action [NavigateToURL] successfully performed. With the following test data [http://the-internet.herokuapp.com/drag_and_drop]. @03-11-2021 20:27:17.0647 PM
[ReportManager] Attempting Drag and Drop @03-11-2021 20:27:17.0647 PM
[ReportManager] Element Action [DragAndDrop] successfully performed. With the following test data [Start point: (492, 89), End point: (707, 89)]. @03-11-2021 20:27:18.0859 P
[ReportManager] Browser Action [CloseCurrentWindow] successfully performed. @03-11-2021 20:27:19.0011 PM
[ReportManager] Successfully created attachment [Browser Action Test Data - CloseCurrentWindow - Actual Value] @03-11-2021 20:27:19.0011 P
[ReportManager] File Action [GetAbsolutePath] successfully performed. With the following test data [Relative Folder Path: "target/downloadedFiles/"]. @03-11-2021 20:27:19.0019 PM
[ReportManager] Attempting to run remotely on: [Linux-64], [GoogleChrome], [http://localhost:4444/wd/hub], Headless Execution. @03-11-2021 20:27:19.0019 PM
[ReportManager] Successfully Opened [GoogleChrome]. @03-11-2021 20:27:22.0028 P

################################################################################################################################################
Starting Execution:	[70 out of 145] test cases in the current suite
Test Method:		[testPackage01.Test_dragAndDrop.dragAndDropByOffset]
Test Description:	[TC002 - Test Drag and Drop by offset function.]
################################################################################################################################################
[ReportManager] Target URL: [https://jqueryui.com/resources/demos/draggable/default.html] @03-11-2021 20:27:22.0033 PM
[ReportManager] Initial URL: [data:,] @03-11-2021 20:27:22.0082 PM
[ReportManager] Browser Action [NavigateToURL] successfully performed. With the following test data [https://jqueryui.com/resources/demos/draggable/default.html]. @03-11-2021 20:27:22.0465 PM
[ReportManager] Element Action [DragAndDropByOffset] successfully performed. With the following test data [Start point: (8, 8), End point: (108, 58)]. @03-11-2021 20:27:22.0955 P
[ReportManager] Browser Action [CloseCurrentWindow] successfully performed. @03-11-2021 20:27:23.0081 PM
[ReportManager] Successfully created attachment [Browser Action Test Data - CloseCurrentWindow - Actual Value] @03-11-2021 20:27:23.0081 P

################################################################################################################################################
Starting Execution:	[71 out of 145] test cases in the current suite
Test Method:		[testPackage01.Test_JsonActions.f]
###############################################################################################################################################

################################################################################################################################################
Starting Execution:	[72 out of 145] test cases in the current suite
Test Method:		[testPackage01.Test_JsonActions.f2]
###############################################################################################################################################
[ReportManager] File Action [GetAbsolutePath] successfully performed. With the following test data [Relative Folder Path: "target/downloadedFiles/"]. @03-11-2021 20:27:23.0098 PM
[ReportManager] Attempting to run remotely on: [Linux-64], [GoogleChrome], [http://localhost:4444/wd/hub], Headless Execution. @03-11-2021 20:27:23.0099 PM
[ReportManager] Successfully Opened [GoogleChrome]. @03-11-2021 20:27:27.0016 P

################################################################################################################################################
Starting Execution:	[73 out of 145] test cases in the current suite
Test Method:		[testPackage01.Test_dynamicLoading.dynamicLoading_elementIsHidden]
################################################################################################################################################
[ReportManager] Target URL: [https://the-internet.herokuapp.com/dynamic_loading/1] @03-11-2021 20:27:27.0022 PM
[ReportManager] Initial URL: [data:,] @03-11-2021 20:27:27.0100 PM
[ReportManager] Browser Action [NavigateToURL] successfully performed. With the following test data [https://the-internet.herokuapp.com/dynamic_loading/1]. @03-11-2021 20:27:27.0536 PM
[ReportManager] Element Action [Click] successfully performed. With the following test data [Start]. @03-11-2021 20:27:28.0163 PM
[ReportManager] Element Action [GetText] successfully performed. With the following test data [
    Hello World!
  ]. @03-11-2021 20:27:28.0322 PM
[ReportManager] Loaded Shared OpenCV @03-11-2021 20:27:28.0663 PM
[ReportManager] Assertion [ValidateElementAttribute] PASSED. Expected [Value Should be 'Hello World!' for the 'text' attribute, element locator 'By.id: finish'] and Actual [
    Hello World!
  ]. Comparison Type [CONTAINS]. Validation Type [POSITIVE]. @03-11-2021 20:27:28.0897 PM
[ReportManager] Successfully created attachment [Screenshot - 1635971248663_dynamicLoading_elementIsHidden_ValidateElementAttribute_passed] @03-11-2021 20:27:28.0898 P
[ReportManager] Browser Action [CloseCurrentWindow] successfully performed. @03-11-2021 20:27:29.0018 PM
[ReportManager] Successfully created attachment [Browser Action Test Data - CloseCurrentWindow - Actual Value] @03-11-2021 20:27:29.0018 P
[ReportManager] File Action [GetAbsolutePath] successfully performed. With the following test data [Relative Folder Path: "target/downloadedFiles/"]. @03-11-2021 20:27:29.0020 PM
[ReportManager] Attempting to run remotely on: [Linux-64], [GoogleChrome], [http://localhost:4444/wd/hub], Headless Execution. @03-11-2021 20:27:29.0020 PM
[ReportManager] Successfully Opened [GoogleChrome]. @03-11-2021 20:27:32.0019 P

################################################################################################################################################
Starting Execution:	[74 out of 145] test cases in the current suite
Test Method:		[testPackage01.Test_dynamicLoading.dynamicLoading_elementIsRendered]
################################################################################################################################################
[ReportManager] Target URL: [https://the-internet.herokuapp.com/dynamic_loading/2] @03-11-2021 20:27:32.0025 PM
[ReportManager] Initial URL: [data:,] @03-11-2021 20:27:32.0108 PM
[ReportManager] Browser Action [NavigateToURL] successfully performed. With the following test data [https://the-internet.herokuapp.com/dynamic_loading/2]. @03-11-2021 20:27:32.0614 PM
[ReportManager] Element Action [Click] successfully performed. With the following test data [Start]. @03-11-2021 20:27:33.0203 PM
[ReportManager] Element Action [GetText] successfully performed. With the following test data [Hello World!]. @03-11-2021 20:27:38.0373 PM
[ReportManager] Loaded Shared OpenCV @03-11-2021 20:27:38.0643 PM
[ReportManager] Assertion [ValidateElementAttribute] PASSED. Expected [Value Should be 'Hello World!' for the 'text' attribute, element locator 'By.id: finish'] and Actual [Hello World!]. Comparison Type [CONTAINS]. Validation Type [POSITIVE]. @03-11-2021 20:27:38.0849 PM
[ReportManager] Successfully created attachment [Screenshot - 1635971258643_dynamicLoading_elementIsRendered_ValidateElementAttribute_passed] @03-11-2021 20:27:38.0850 P
[ReportManager] Browser Action [CloseCurrentWindow] successfully performed. @03-11-2021 20:27:38.0999 PM
[ReportManager] Successfully created attachment [Browser Action Test Data - CloseCurrentWindow - Actual Value] @03-11-2021 20:27:39.0000 P

################################################################################################################################################
Starting Execution:	[75 out of 145] test cases in the current suite
Test Method:		[testPackage01.Test_JsonCompareWithSpecialCharacters.specialCharacters]
################################################################################################################################################
[ReportManager] File Action [GetAbsolutePath] successfully performed. With the following test data [Relative Folder Path: "nullspecialCharacters.json"]. @03-11-2021 20:27:39.0004 PM
[ReportManager] File Action [ReadFromFile] successfully performed. With the following test data [File Path: "/home/runner/work/SHAFT_ENGINE/SHAFT_ENGINE/nullspecialCharacters.json"]. @03-11-2021 20:27:39.0012 PM
[ReportManager] Comparing the provided API response with the file at this path "nullspecialCharacters.json", comparison type "EQUALS" @03-11-2021 20:27:39.0013 PM
[ReportManager] An Exception Occured @03-11-2021 20:27:39.0016 PM
[ReportManager] Successfully created attachment [Exception Stack Trace - org.json.simple.parser.ParseException] @03-11-2021 20:27:39.0016 PM
[ReportManager] API Action [CompareJSON] failed. With the following test data [Couldn't parse the desired file. [nullspecialCharacters.json].]. @03-11-2021 20:27:39.0017 P

################################################################################################################################################
Starting Execution:	[76 out of 145] test cases in the current suite
Test Method:		[testPackage01.Test_JsonCompareWithSpecialCharacters.specialCharacters_assertion]
################################################################################################################################################
[ReportManager] File Action [GetAbsolutePath] successfully performed. With the following test data [Relative Folder Path: "nullspecialCharacters.json"]. @03-11-2021 20:27:39.0020 PM
[ReportManager] File Action [ReadFromFile] successfully performed. With the following test data [File Path: "/home/runner/work/SHAFT_ENGINE/SHAFT_ENGINE/nullspecialCharacters.json"]. @03-11-2021 20:27:39.0020 PM
[ReportManager] Comparing the provided API response with the file at this path "nullspecialCharacters.json", comparison type "CONTAINS" @03-11-2021 20:27:39.0020 PM
[ReportManager] An Exception Occured @03-11-2021 20:27:39.0020 PM
[ReportManager] Successfully created attachment [Exception Stack Trace - org.json.simple.parser.ParseException] @03-11-2021 20:27:39.0021 PM
[ReportManager] API Action [CompareJSON] failed. With the following test data [Couldn't parse the desired file. [nullspecialCharacters.json].]. @03-11-2021 20:27:39.0021 P
[ReportManager] File Action [GetAbsolutePath] successfully performed. With the following test data [Relative Folder Path: "target/downloadedFiles/"]. @03-11-2021 20:27:39.0024 PM
[ReportManager] Attempting to run remotely on: [Linux-64], [GoogleChrome], [http://localhost:4444/wd/hub], Headless Execution. @03-11-2021 20:27:39.0024 PM
[ReportManager] Successfully Opened [GoogleChrome]. @03-11-2021 20:27:42.0032 P

################################################################################################################################################
Starting Execution:	[77 out of 145] test cases in the current suite
Test Method:		[testPackage01.Test_ShadowDOM.shadowdom]
################################################################################################################################################
[ReportManager] Target URL: [https://mdn.github.io/web-components-examples/popup-info-box-web-component/] @03-11-2021 20:27:42.0036 PM
[ReportManager] Initial URL: [data:,] @03-11-2021 20:27:42.0087 PM
[ReportManager] Browser Action [NavigateToURL] successfully performed. With the following test data [https://mdn.github.io/web-components-examples/popup-info-box-web-component/]. @03-11-2021 20:27:42.0417 PM
[ReportManager] Element Action [Type] successfully performed. With the following test data [Typing into SHADOW DOM...]. @03-11-2021 20:27:42.0776 PM
[ReportManager] Element Action [GetText] successfully performed. With the following test data [Typing into SHADOW DOM...]. @03-11-2021 20:27:42.0942 PM
[ReportManager] Loaded Shared OpenCV @03-11-2021 20:27:43.0212 PM
[ReportManager] Assertion [ValidateElementAttribute] PASSED. Expected [Value Should be 'Typing into SHADOW DOM...' for the 'Text' attribute, element locator 'By.id: cvc'] and Actual [Typing into SHADOW DOM...]. Comparison Type [EQUALS]. Validation Type [POSITIVE]. @03-11-2021 20:27:43.0419 PM
[ReportManager] Successfully created attachment [Screenshot - 1635971263212_shadowdom_ValidateElementAttribute_passed] @03-11-2021 20:27:43.0420 P
[ReportManager] Browser Action [CloseCurrentWindow] successfully performed. @03-11-2021 20:27:43.0531 PM
[ReportManager] Successfully created attachment [Browser Action Test Data - CloseCurrentWindow - Actual Value] @03-11-2021 20:27:43.0531 P
[ReportManager] File Action [GetAbsolutePath] successfully performed. With the following test data [Relative Folder Path: "target/downloadedFiles/"]. @03-11-2021 20:27:43.0533 PM
[ReportManager] Attempting to run remotely on: [Linux-64], [GoogleChrome], [http://localhost:4444/wd/hub], Headless Execution. @03-11-2021 20:27:43.0533 PM
[ReportManager] Successfully Opened [GoogleChrome]. @03-11-2021 20:27:47.0027 PM
[ReportManager] Target URL: [https://duckduckgo.com] @03-11-2021 20:27:47.0028 PM
[ReportManager] Initial URL: [data:,] @03-11-2021 20:27:47.0132 PM
[ReportManager] Browser Action [NavigateToURL] successfully performed. With the following test data [https://duckduckgo.com]. @03-11-2021 20:27:47.0746 P

################################################################################################################################################
Starting Execution:	[78 out of 145] test cases in the current suite
Test Method:		[unitTests.tests_browserActions.fullScreenWindow]
################################################################################################################################################
[ReportManager] Initial Windows Size: 1920x1080 @03-11-2021 20:27:47.0770 PM
[ReportManager] Initial window size: (1920, 1080) @03-11-2021 20:27:47.0777 PM
[ReportManager] Window size after Toolkit: (1920, 1080) @03-11-2021 20:27:48.0007 PM
[ReportManager] Browser Action [MaximizeWindow] successfully performed. With the following test data [New screen size is now: (1920, 1080)]. @03-11-2021 20:27:48.0013 PM
[ReportManager] Current Windows Size after fullScreen: 1920x1080 @03-11-2021 20:27:48.0022 PM
[ReportManager] Browser Action [FullScreenWindow] successfully performed. @03-11-2021 20:27:48.0035 PM
[ReportManager] Successfully created attachment [Browser Action Test Data - FullScreenWindow - Actual Value] @03-11-2021 20:27:48.0036 P
[ReportManager] Target URL: [https://duckduckgo.com] @03-11-2021 20:27:48.0041 PM
[ReportManager] Initial URL: [https://duckduckgo.com] @03-11-2021 20:27:48.0112 PM
[ReportManager] Browser Action [NavigateToURL] successfully performed. With the following test data [https://duckduckgo.com]. @03-11-2021 20:27:48.0641 PM
[ReportManager] Browser Action [CloseCurrentWindow] successfully performed. @03-11-2021 20:27:48.0752 PM
[ReportManager] Successfully created attachment [Browser Action Test Data - CloseCurrentWindow - Actual Value] @03-11-2021 20:27:48.0756 P
[ReportManager] File Action [GetAbsolutePath] successfully performed. With the following test data [Relative Folder Path: "target/downloadedFiles/"]. @03-11-2021 20:27:48.0763 PM
[ReportManager] Attempting to run remotely on: [Linux-64], [GoogleChrome], [http://localhost:4444/wd/hub], Headless Execution. @03-11-2021 20:27:48.0763 PM
[ReportManager] Successfully Opened [GoogleChrome]. @03-11-2021 20:27:52.0030 PM
[ReportManager] Target URL: [https://duckduckgo.com] @03-11-2021 20:27:52.0030 PM
[ReportManager] Initial URL: [data:,] @03-11-2021 20:27:52.0092 PM
[ReportManager] Browser Action [NavigateToURL] successfully performed. With the following test data [https://duckduckgo.com]. @03-11-2021 20:27:52.0725 P

################################################################################################################################################
Starting Execution:	[79 out of 145] test cases in the current suite
Test Method:		[unitTests.tests_browserActions.getCurrentURL]
################################################################################################################################################
[ReportManager] Browser Action [GetCurrentURL] successfully performed. With the following test data [https://duckduckgo.com/]. @03-11-2021 20:27:52.0770 P
[ReportManager] Target URL: [https://duckduckgo.com] @03-11-2021 20:27:52.0772 PM
[ReportManager] Initial URL: [https://duckduckgo.com] @03-11-2021 20:27:52.0855 PM
[ReportManager] Browser Action [NavigateToURL] successfully performed. With the following test data [https://duckduckgo.com]. @03-11-2021 20:27:53.0351 PM
[ReportManager] Browser Action [CloseCurrentWindow] successfully performed. @03-11-2021 20:27:53.0469 PM
[ReportManager] Successfully created attachment [Browser Action Test Data - CloseCurrentWindow - Actual Value] @03-11-2021 20:27:53.0469 P
[ReportManager] File Action [GetAbsolutePath] successfully performed. With the following test data [Relative Folder Path: "target/downloadedFiles/"]. @03-11-2021 20:27:53.0471 PM
[ReportManager] Attempting to run remotely on: [Linux-64], [GoogleChrome], [http://localhost:4444/wd/hub], Headless Execution. @03-11-2021 20:27:53.0471 PM
[ReportManager] Successfully Opened [GoogleChrome]. @03-11-2021 20:27:57.0025 PM
[ReportManager] Target URL: [https://duckduckgo.com] @03-11-2021 20:27:57.0025 PM
[ReportManager] Initial URL: [data:,] @03-11-2021 20:27:57.0116 PM
[ReportManager] Browser Action [NavigateToURL] successfully performed. With the following test data [https://duckduckgo.com]. @03-11-2021 20:27:57.0681 P

################################################################################################################################################
Starting Execution:	[80 out of 145] test cases in the current suite
Test Method:		[unitTests.tests_browserActions.getCurrentWindowTitle]
################################################################################################################################################
[ReportManager] Browser Action [GetCurrentWindowTitle] successfully performed. With the following test data [DuckDuckGo — Privacy, simplified.]. @03-11-2021 20:27:57.0797 P
[ReportManager] Target URL: [https://duckduckgo.com] @03-11-2021 20:27:57.0799 PM
[ReportManager] Initial URL: [https://duckduckgo.com] @03-11-2021 20:27:57.0853 PM
[ReportManager] Browser Action [NavigateToURL] successfully performed. With the following test data [https://duckduckgo.com]. @03-11-2021 20:27:58.0220 PM
[ReportManager] Browser Action [CloseCurrentWindow] successfully performed. @03-11-2021 20:27:58.0361 PM
[ReportManager] Successfully created attachment [Browser Action Test Data - CloseCurrentWindow - Actual Value] @03-11-2021 20:27:58.0362 P
[ReportManager] File Action [GetAbsolutePath] successfully performed. With the following test data [Relative Folder Path: "target/downloadedFiles/"]. @03-11-2021 20:27:58.0364 PM
[ReportManager] Attempting to run remotely on: [Linux-64], [GoogleChrome], [http://localhost:4444/wd/hub], Headless Execution. @03-11-2021 20:27:58.0364 PM
[ReportManager] Successfully Opened [GoogleChrome]. @03-11-2021 20:28:02.0038 PM
[ReportManager] Target URL: [https://duckduckgo.com] @03-11-2021 20:28:02.0038 PM
[ReportManager] Initial URL: [data:,] @03-11-2021 20:28:02.0101 PM
[ReportManager] Browser Action [NavigateToURL] successfully performed. With the following test data [https://duckduckgo.com]. @03-11-2021 20:28:02.0793 P

################################################################################################################################################
Starting Execution:	[81 out of 145] test cases in the current suite
Test Method:		[unitTests.tests_browserActions.getPageSource]
################################################################################################################################################
[ReportManager] Browser Action [GetPageSource] successfully performed. @03-11-2021 20:28:02.0851 PM
[ReportManager] Successfully created attachment [Browser Action Test Data - GetPageSource - Actual Value] @03-11-2021 20:28:02.0852 P
[ReportManager] Target URL: [https://duckduckgo.com] @03-11-2021 20:28:02.0863 PM
[ReportManager] Initial URL: [https://duckduckgo.com] @03-11-2021 20:28:02.0934 PM
[ReportManager] Browser Action [NavigateToURL] successfully performed. With the following test data [https://duckduckgo.com]. @03-11-2021 20:28:03.0331 PM
[ReportManager] Browser Action [CloseCurrentWindow] successfully performed. @03-11-2021 20:28:03.0481 PM
[ReportManager] Successfully created attachment [Browser Action Test Data - CloseCurrentWindow - Actual Value] @03-11-2021 20:28:03.0481 P
[ReportManager] File Action [GetAbsolutePath] successfully performed. With the following test data [Relative Folder Path: "target/downloadedFiles/"]. @03-11-2021 20:28:03.0483 PM
[ReportManager] Attempting to run remotely on: [Linux-64], [GoogleChrome], [http://localhost:4444/wd/hub], Headless Execution. @03-11-2021 20:28:03.0483 PM
[ReportManager] Successfully Opened [GoogleChrome]. @03-11-2021 20:28:07.0083 PM
[ReportManager] Target URL: [https://duckduckgo.com] @03-11-2021 20:28:07.0083 PM
[ReportManager] Initial URL: [data:,] @03-11-2021 20:28:07.0146 PM
[ReportManager] Browser Action [NavigateToURL] successfully performed. With the following test data [https://duckduckgo.com]. @03-11-2021 20:28:07.0764 P

################################################################################################################################################
Starting Execution:	[82 out of 145] test cases in the current suite
Test Method:		[unitTests.tests_browserActions.getWindowHandle]
################################################################################################################################################
[ReportManager] Browser Action [GetWindowHandle] successfully performed. With the following test data [CDwindow-3FAE458072AECAB97CA8ED43C32D0A1A]. @03-11-2021 20:28:07.0818 P
[ReportManager] Target URL: [https://duckduckgo.com] @03-11-2021 20:28:07.0820 PM
[ReportManager] Initial URL: [https://duckduckgo.com] @03-11-2021 20:28:07.0955 PM
[ReportManager] Browser Action [NavigateToURL] successfully performed. With the following test data [https://duckduckgo.com]. @03-11-2021 20:28:08.0249 PM
[ReportManager] Browser Action [CloseCurrentWindow] successfully performed. @03-11-2021 20:28:08.0423 PM
[ReportManager] Successfully created attachment [Browser Action Test Data - CloseCurrentWindow - Actual Value] @03-11-2021 20:28:08.0423 P
[ReportManager] File Action [GetAbsolutePath] successfully performed. With the following test data [Relative Folder Path: "target/downloadedFiles/"]. @03-11-2021 20:28:08.0425 PM
[ReportManager] Attempting to run remotely on: [Linux-64], [GoogleChrome], [http://localhost:4444/wd/hub], Headless Execution. @03-11-2021 20:28:08.0425 PM
[ReportManager] Successfully Opened [GoogleChrome]. @03-11-2021 20:28:12.0024 PM
[ReportManager] Target URL: [https://duckduckgo.com] @03-11-2021 20:28:12.0024 PM
[ReportManager] Initial URL: [data:,] @03-11-2021 20:28:12.0069 PM
[ReportManager] Browser Action [NavigateToURL] successfully performed. With the following test data [https://duckduckgo.com]. @03-11-2021 20:28:12.0667 P

################################################################################################################################################
Starting Execution:	[83 out of 145] test cases in the current suite
Test Method:		[unitTests.tests_browserActions.getWindowPosition]
################################################################################################################################################
[ReportManager] Browser Action [GetWindowPosition] successfully performed. With the following test data [(0, 0)]. @03-11-2021 20:28:12.0715 P
[ReportManager] Target URL: [https://duckduckgo.com] @03-11-2021 20:28:12.0718 PM
[ReportManager] Initial URL: [https://duckduckgo.com] @03-11-2021 20:28:12.0807 PM
[ReportManager] Browser Action [NavigateToURL] successfully performed. With the following test data [https://duckduckgo.com]. @03-11-2021 20:28:13.0276 PM
[ReportManager] Browser Action [CloseCurrentWindow] successfully performed. @03-11-2021 20:28:13.0435 PM
[ReportManager] Successfully created attachment [Browser Action Test Data - CloseCurrentWindow - Actual Value] @03-11-2021 20:28:13.0435 P
[ReportManager] File Action [GetAbsolutePath] successfully performed. With the following test data [Relative Folder Path: "target/downloadedFiles/"]. @03-11-2021 20:28:13.0437 PM
[ReportManager] Attempting to run remotely on: [Linux-64], [GoogleChrome], [http://localhost:4444/wd/hub], Headless Execution. @03-11-2021 20:28:13.0437 PM
[ReportManager] Successfully Opened [GoogleChrome]. @03-11-2021 20:28:17.0039 PM
[ReportManager] Target URL: [https://duckduckgo.com] @03-11-2021 20:28:17.0039 PM
[ReportManager] Initial URL: [data:,] @03-11-2021 20:28:17.0100 PM
[ReportManager] Browser Action [NavigateToURL] successfully performed. With the following test data [https://duckduckgo.com]. @03-11-2021 20:28:17.0762 P

################################################################################################################################################
Starting Execution:	[84 out of 145] test cases in the current suite
Test Method:		[unitTests.tests_browserActions.getWindowSize]
################################################################################################################################################
[ReportManager] Browser Action [GetWindowSize] successfully performed. With the following test data [(1920, 1080)]. @03-11-2021 20:28:17.0796 P
[ReportManager] Target URL: [https://duckduckgo.com] @03-11-2021 20:28:17.0798 PM
[ReportManager] Initial URL: [https://duckduckgo.com] @03-11-2021 20:28:17.0873 PM
[ReportManager] Browser Action [NavigateToURL] successfully performed. With the following test data [https://duckduckgo.com]. @03-11-2021 20:28:18.0259 PM
[ReportManager] Browser Action [CloseCurrentWindow] successfully performed. @03-11-2021 20:28:18.0390 PM
[ReportManager] Successfully created attachment [Browser Action Test Data - CloseCurrentWindow - Actual Value] @03-11-2021 20:28:18.0391 P
[ReportManager] File Action [GetAbsolutePath] successfully performed. With the following test data [Relative Folder Path: "target/downloadedFiles/"]. @03-11-2021 20:28:18.0394 PM
[ReportManager] Attempting to run remotely on: [Linux-64], [GoogleChrome], [http://localhost:4444/wd/hub], Headless Execution. @03-11-2021 20:28:18.0394 PM
[ReportManager] Successfully Opened [GoogleChrome]. @03-11-2021 20:28:22.0040 PM
[ReportManager] Target URL: [https://duckduckgo.com] @03-11-2021 20:28:22.0040 PM
[ReportManager] Initial URL: [data:,] @03-11-2021 20:28:22.0110 PM
[ReportManager] Browser Action [NavigateToURL] successfully performed. With the following test data [https://duckduckgo.com]. @03-11-2021 20:28:22.0807 P

################################################################################################################################################
Starting Execution:	[85 out of 145] test cases in the current suite
Test Method:		[unitTests.tests_browserActions.maximizeWindow]
################################################################################################################################################
[ReportManager] Initial window size: (1920, 1080) @03-11-2021 20:28:22.0820 PM
[ReportManager] Window size after Toolkit: (1920, 1080) @03-11-2021 20:28:23.0070 PM
[ReportManager] Browser Action [MaximizeWindow] successfully performed. With the following test data [New screen size is now: (1920, 1080)]. @03-11-2021 20:28:23.0075 P
[ReportManager] Target URL: [https://duckduckgo.com] @03-11-2021 20:28:23.0078 PM
[ReportManager] Initial URL: [https://duckduckgo.com] @03-11-2021 20:28:23.0164 PM
[ReportManager] Browser Action [NavigateToURL] successfully performed. With the following test data [https://duckduckgo.com]. @03-11-2021 20:28:23.0529 PM
[ReportManager] Browser Action [CloseCurrentWindow] successfully performed. @03-11-2021 20:28:23.0659 PM
[ReportManager] Successfully created attachment [Browser Action Test Data - CloseCurrentWindow - Actual Value] @03-11-2021 20:28:23.0660 P
[ReportManager] File Action [GetAbsolutePath] successfully performed. With the following test data [Relative Folder Path: "target/downloadedFiles/"]. @03-11-2021 20:28:23.0662 PM
[ReportManager] Attempting to run remotely on: [Linux-64], [GoogleChrome], [http://localhost:4444/wd/hub], Headless Execution. @03-11-2021 20:28:23.0662 PM
[ReportManager] Successfully Opened [GoogleChrome]. @03-11-2021 20:28:27.0045 PM
[ReportManager] Target URL: [https://duckduckgo.com] @03-11-2021 20:28:27.0045 PM
[ReportManager] Initial URL: [data:,] @03-11-2021 20:28:27.0123 PM
[ReportManager] Browser Action [NavigateToURL] successfully performed. With the following test data [https://duckduckgo.com]. @03-11-2021 20:28:27.0798 P

################################################################################################################################################
Starting Execution:	[86 out of 145] test cases in the current suite
Test Method:		[unitTests.tests_browserActions.navigateBack]
################################################################################################################################################
[ReportManager] Target URL: [https://www.google.com/ncr], and after redirection: [https://www.google.com] @03-11-2021 20:28:27.0807 PM
[ReportManager] Initial URL: [https://duckduckgo.com] @03-11-2021 20:28:27.0874 PM
[ReportManager] Browser Action [NavigateToURL] successfully performed. With the following test data [https://www.google.com/ncr]. @03-11-2021 20:28:29.0067 PM
[ReportManager] Browser Action [NavigateBack] successfully performed. With the following test data [https://duckduckgo.com/]. @03-11-2021 20:28:29.0574 PM
[ReportManager] Browser Action [GetCurrentURL] successfully performed. With the following test data [https://duckduckgo.com/]. @03-11-2021 20:28:29.0618 PM
[ReportManager] Assertion Passed: Confirming that navigating back was successful @03-11-2021 20:28:30.0112 PM
[ReportManager] Successfully created attachment [Screenshot - 1635971309854_navigateBack_ValidateBrowserAttribute_passed] @03-11-2021 20:28:30.0113 PM
[ReportManager] Assertion [ValidateBrowserAttribute] PASSED. Expected [Value Should be 'https://duckduckgo.com' for the 'CurrentUrl' attribute] and Actual [https://duckduckgo.com/]. Comparison Type [CONTAINS]. Validation Type [POSITIVE]. @03-11-2021 20:28:30.0113 P
[ReportManager] Target URL: [https://duckduckgo.com] @03-11-2021 20:28:30.0115 PM
[ReportManager] Initial URL: [https://duckduckgo.com] @03-11-2021 20:28:30.0219 PM
[ReportManager] Browser Action [NavigateToURL] successfully performed. With the following test data [https://duckduckgo.com]. @03-11-2021 20:28:30.0653 PM
[ReportManager] Browser Action [CloseCurrentWindow] successfully performed. @03-11-2021 20:28:30.0793 PM
[ReportManager] Successfully created attachment [Browser Action Test Data - CloseCurrentWindow - Actual Value] @03-11-2021 20:28:30.0794 P
[ReportManager] File Action [GetAbsolutePath] successfully performed. With the following test data [Relative Folder Path: "target/downloadedFiles/"]. @03-11-2021 20:28:30.0796 PM
[ReportManager] Attempting to run remotely on: [Linux-64], [GoogleChrome], [http://localhost:4444/wd/hub], Headless Execution. @03-11-2021 20:28:30.0796 PM
[ReportManager] Successfully Opened [GoogleChrome]. @03-11-2021 20:28:32.0035 PM
[ReportManager] Target URL: [https://duckduckgo.com] @03-11-2021 20:28:32.0035 PM
[ReportManager] Initial URL: [data:,] @03-11-2021 20:28:32.0103 PM
[ReportManager] Browser Action [NavigateToURL] successfully performed. With the following test data [https://duckduckgo.com]. @03-11-2021 20:28:32.0736 P

################################################################################################################################################
Starting Execution:	[87 out of 145] test cases in the current suite
Test Method:		[unitTests.tests_browserActions.navigateForward]
################################################################################################################################################
[ReportManager] Target URL: [https://www.google.com/ncr], and after redirection: [https://www.google.com] @03-11-2021 20:28:32.0739 PM
[ReportManager] Initial URL: [https://duckduckgo.com] @03-11-2021 20:28:32.0812 PM
[ReportManager] Browser Action [NavigateToURL] successfully performed. With the following test data [https://www.google.com/ncr]. @03-11-2021 20:28:33.0865 PM
[ReportManager] Browser Action [NavigateBack] successfully performed. With the following test data [https://duckduckgo.com/]. @03-11-2021 20:28:34.0330 PM
[ReportManager] Browser Action [NavigateForward] successfully performed. With the following test data [https://www.google.com/]. @03-11-2021 20:28:34.0834 P
[ReportManager] Target URL: [https://duckduckgo.com] @03-11-2021 20:28:34.0839 PM
[ReportManager] Initial URL: [https://www.google.com] @03-11-2021 20:28:34.0948 PM
[ReportManager] Browser Action [NavigateToURL] successfully performed. With the following test data [https://duckduckgo.com]. @03-11-2021 20:28:35.0478 PM
[ReportManager] Browser Action [CloseCurrentWindow] successfully performed. @03-11-2021 20:28:35.0628 PM
[ReportManager] Successfully created attachment [Browser Action Test Data - CloseCurrentWindow - Actual Value] @03-11-2021 20:28:35.0629 P
[ReportManager] File Action [GetAbsolutePath] successfully performed. With the following test data [Relative Folder Path: "target/downloadedFiles/"]. @03-11-2021 20:28:35.0631 PM
[ReportManager] Attempting to run remotely on: [Linux-64], [GoogleChrome], [http://localhost:4444/wd/hub], Headless Execution. @03-11-2021 20:28:35.0631 PM
[ReportManager] Successfully Opened [GoogleChrome]. @03-11-2021 20:28:37.0027 PM
[ReportManager] Target URL: [https://duckduckgo.com] @03-11-2021 20:28:37.0028 PM
[ReportManager] Initial URL: [data:,] @03-11-2021 20:28:37.0078 PM
[ReportManager] Browser Action [NavigateToURL] successfully performed. With the following test data [https://duckduckgo.com]. @03-11-2021 20:28:37.0735 P

################################################################################################################################################
Starting Execution:	[88 out of 145] test cases in the current suite
Test Method:		[unitTests.tests_browserActions.navigateToURL]
################################################################################################################################################
[ReportManager] Target URL: [https://duckduckgo.com] @03-11-2021 20:28:37.0739 PM
[ReportManager] Initial URL: [https://duckduckgo.com] @03-11-2021 20:28:37.0793 PM
[ReportManager] Browser Action [NavigateToURL] successfully performed. With the following test data [https://duckduckgo.com]. @03-11-2021 20:28:38.0194 P
[ReportManager] Target URL: [https://duckduckgo.com] @03-11-2021 20:28:38.0198 PM
[ReportManager] Initial URL: [https://duckduckgo.com] @03-11-2021 20:28:38.0257 PM
[ReportManager] Browser Action [NavigateToURL] successfully performed. With the following test data [https://duckduckgo.com]. @03-11-2021 20:28:38.0616 PM
[ReportManager] Browser Action [CloseCurrentWindow] successfully performed. @03-11-2021 20:28:38.0752 PM
[ReportManager] Successfully created attachment [Browser Action Test Data - CloseCurrentWindow - Actual Value] @03-11-2021 20:28:38.0753 P
[ReportManager] File Action [GetAbsolutePath] successfully performed. With the following test data [Relative Folder Path: "target/downloadedFiles/"]. @03-11-2021 20:28:38.0760 PM
[ReportManager] Attempting to run remotely on: [Linux-64], [GoogleChrome], [http://localhost:4444/wd/hub], Headless Execution. @03-11-2021 20:28:38.0760 PM
[ReportManager] Successfully Opened [GoogleChrome]. @03-11-2021 20:28:42.0047 PM
[ReportManager] Target URL: [https://duckduckgo.com] @03-11-2021 20:28:42.0047 PM
[ReportManager] Initial URL: [data:,] @03-11-2021 20:28:42.0099 PM
[ReportManager] Browser Action [NavigateToURL] successfully performed. With the following test data [https://duckduckgo.com]. @03-11-2021 20:28:42.0718 P

################################################################################################################################################
Starting Execution:	[89 out of 145] test cases in the current suite
Test Method:		[unitTests.tests_browserActions.navigateToURLWithRedirection]
################################################################################################################################################
[ReportManager] Target URL: [https://www.google.com/ncr], and after redirection: [https://www.google.com] @03-11-2021 20:28:42.0723 PM
[ReportManager] Initial URL: [https://duckduckgo.com] @03-11-2021 20:28:42.0783 PM
[ReportManager] Browser Action [NavigateToURL] successfully performed. With the following test data [https://www.google.com/ncr]. @03-11-2021 20:28:43.0845 P
[ReportManager] Target URL: [https://duckduckgo.com] @03-11-2021 20:28:43.0847 PM
[ReportManager] Initial URL: [https://www.google.com] @03-11-2021 20:28:43.0905 PM
[ReportManager] Browser Action [NavigateToURL] successfully performed. With the following test data [https://duckduckgo.com]. @03-11-2021 20:28:44.0575 PM
[ReportManager] Browser Action [CloseCurrentWindow] successfully performed. @03-11-2021 20:28:44.0687 PM
[ReportManager] Successfully created attachment [Browser Action Test Data - CloseCurrentWindow - Actual Value] @03-11-2021 20:28:44.0688 P
[ReportManager] File Action [GetAbsolutePath] successfully performed. With the following test data [Relative Folder Path: "target/downloadedFiles/"]. @03-11-2021 20:28:44.0692 PM
[ReportManager] Attempting to run remotely on: [Linux-64], [GoogleChrome], [http://localhost:4444/wd/hub], Headless Execution. @03-11-2021 20:28:44.0692 PM
[ReportManager] Successfully Opened [GoogleChrome]. @03-11-2021 20:28:47.0033 PM
[ReportManager] Target URL: [https://duckduckgo.com] @03-11-2021 20:28:47.0034 PM
[ReportManager] Initial URL: [data:,] @03-11-2021 20:28:47.0086 PM
[ReportManager] Browser Action [NavigateToURL] successfully performed. With the following test data [https://duckduckgo.com]. @03-11-2021 20:28:47.0696 P

################################################################################################################################################
Starting Execution:	[90 out of 145] test cases in the current suite
Test Method:		[unitTests.tests_browserActions.refreshCurrentPage]
################################################################################################################################################
[ReportManager] Browser Action [RefreshCurrentPage] successfully performed. @03-11-2021 20:28:48.0006 PM
[ReportManager] Successfully created attachment [Browser Action Test Data - RefreshCurrentPage - Actual Value] @03-11-2021 20:28:48.0006 P
[ReportManager] Target URL: [https://duckduckgo.com] @03-11-2021 20:28:48.0008 PM
[ReportManager] Initial URL: [https://duckduckgo.com] @03-11-2021 20:28:48.0065 PM
[ReportManager] Browser Action [NavigateToURL] successfully performed. With the following test data [https://duckduckgo.com]. @03-11-2021 20:28:48.0411 PM
[ReportManager] Browser Action [CloseCurrentWindow] successfully performed. @03-11-2021 20:28:48.0553 PM
[ReportManager] Successfully created attachment [Browser Action Test Data - CloseCurrentWindow - Actual Value] @03-11-2021 20:28:48.0553 P
[ReportManager] File Action [GetAbsolutePath] successfully performed. With the following test data [Relative Folder Path: "target/downloadedFiles/"]. @03-11-2021 20:28:48.0556 PM
[ReportManager] Attempting to run remotely on: [Linux-64], [GoogleChrome], [http://localhost:4444/wd/hub], Headless Execution. @03-11-2021 20:28:48.0561 PM
[ReportManager] Successfully Opened [GoogleChrome]. @03-11-2021 20:28:52.0018 PM
[ReportManager] Target URL: [https://duckduckgo.com] @03-11-2021 20:28:52.0018 PM
[ReportManager] Initial URL: [data:,] @03-11-2021 20:28:52.0083 PM
[ReportManager] Browser Action [NavigateToURL] successfully performed. With the following test data [https://duckduckgo.com]. @03-11-2021 20:28:52.0664 P

################################################################################################################################################
Starting Execution:	[91 out of 145] test cases in the current suite
Test Method:		[unitTests.tests_browserActions.setWindowSize]
################################################################################################################################################
[ReportManager] Initial window size: (1920, 1080) @03-11-2021 20:28:52.0677 PM
[ReportManager] Window size after SWD: (1280, 720) @03-11-2021 20:28:52.0909 PM
[ReportManager] Browser Action [SetWindowSize] successfully performed. With the following test data [New screen size is now: (1280, 720)]. @03-11-2021 20:28:52.0910 P
[ReportManager] Target URL: [https://duckduckgo.com] @03-11-2021 20:28:52.0926 PM
[ReportManager] Initial URL: [https://duckduckgo.com] @03-11-2021 20:28:53.0011 PM
[ReportManager] Browser Action [NavigateToURL] successfully performed. With the following test data [https://duckduckgo.com]. @03-11-2021 20:28:53.0362 PM
[ReportManager] Browser Action [CloseCurrentWindow] successfully performed. @03-11-2021 20:28:53.0506 PM
[ReportManager] Successfully created attachment [Browser Action Test Data - CloseCurrentWindow - Actual Value] @03-11-2021 20:28:53.0507 P

################################################################################################################################################
Starting Execution:	[92 out of 145] test cases in the current suite
Test Method:		[unitTests.tests_restActions.getPostsAndAssertBodyForSpecificTitle]
################################################################################################################################################
[ReportManager] Response status code: [200], status line: [HTTP/1.1 200 OK] @03-11-2021 20:28:53.0643 PM
[ReportManager] Assertion Passed: Evaluating the actual response status code against the expected one... @03-11-2021 20:28:53.0643 PM
[ReportManager] Assertion [ValidateComparativeRelation] PASSED. Expected [200] and Actual [200]. Comparison Type [EQUALS]. Validation Type [POSITIVE]. @03-11-2021 20:28:53.0643 PM
[ReportManager] API Action [PerformRequest] successfully performed. With the following test data [Request Type: "GET" | Target Status Code: "200" | Service URL: "https://jsonplaceholder.typicode.com/posts" | Content Type: "*/*" | Response Time: "123ms"]. @03-11-2021 20:28:53.0683 PM
[ReportManager] Successfully created attachment [API Request - Specifications] @03-11-2021 20:28:53.0683 PM
[ReportManager] Successfully created attachment [API Response - JSON Body] @03-11-2021 20:28:53.0684 PM
[ReportManager] API Action [GetResponseJSONValueAsList] successfully performed. @03-11-2021 20:28:53.0712 PM
[ReportManager] API Action [GetResponseJSONValue] successfully performed. With the following test data [title]. @03-11-2021 20:28:53.0731 PM
[ReportManager] API Action [GetResponseJSONValue] successfully performed. With the following test data [title]. @03-11-2021 20:28:53.0742 PM
[ReportManager] API Action [GetResponseJSONValue] successfully performed. With the following test data [body]. @03-11-2021 20:28:53.0752 PM
[ReportManager] Assertion [ValidateEquals] PASSED. Expected [qui neque nisi nulla] and Actual [est rerum tempore vitae
sequi sint nihil reprehenderit dolor beatae ea dolores neque
fugiat blanditiis voluptate porro vel nihil molestiae ut reiciendis
qui aperiam non debitis possimus qui neque nisi nulla]. Comparison Type [CONTAINS]. Validation Type [POSITIVE]. @03-11-2021 20:28:53.0752 PM
[ReportManager] API Action [GetResponseJSONValue] successfully performed. With the following test data [title]. @03-11-2021 20:28:53.0762 PM
[ReportManager] API Action [GetResponseJSONValue] successfully performed. With the following test data [title]. @03-11-2021 20:28:53.0772 PM
[ReportManager] API Action [GetResponseJSONValue] successfully performed. With the following test data [title]. @03-11-2021 20:28:53.0782 PM
[ReportManager] API Action [GetResponseJSONValue] successfully performed. With the following test data [title]. @03-11-2021 20:28:53.0798 PM
[ReportManager] API Action [GetResponseJSONValue] successfully performed. With the following test data [title]. @03-11-2021 20:28:53.0815 PM
[ReportManager] API Action [GetResponseJSONValue] successfully performed. With the following test data [title]. @03-11-2021 20:28:53.0833 PM
[ReportManager] API Action [GetResponseJSONValue] successfully performed. With the following test data [title]. @03-11-2021 20:28:53.0851 PM
[ReportManager] API Action [GetResponseJSONValue] successfully performed. With the following test data [title]. @03-11-2021 20:28:53.0865 PM
[ReportManager] API Action [GetResponseJSONValue] successfully performed. With the following test data [title]. @03-11-2021 20:28:53.0878 PM
[ReportManager] API Action [GetResponseJSONValue] successfully performed. With the following test data [title]. @03-11-2021 20:28:53.0901 PM
[ReportManager] API Action [GetResponseJSONValue] successfully performed. With the following test data [title]. @03-11-2021 20:28:53.0919 PM
[ReportManager] API Action [GetResponseJSONValue] successfully performed. With the following test data [title]. @03-11-2021 20:28:53.0930 PM
[ReportManager] API Action [GetResponseJSONValue] successfully performed. With the following test data [title]. @03-11-2021 20:28:53.0939 PM
[ReportManager] API Action [GetResponseJSONValue] successfully performed. With the following test data [title]. @03-11-2021 20:28:53.0948 PM
[ReportManager] API Action [GetResponseJSONValue] successfully performed. With the following test data [title]. @03-11-2021 20:28:53.0957 PM
[ReportManager] API Action [GetResponseJSONValue] successfully performed. With the following test data [title]. @03-11-2021 20:28:53.0967 PM
[ReportManager] API Action [GetResponseJSONValue] successfully performed. With the following test data [title]. @03-11-2021 20:28:53.0977 PM
[ReportManager] API Action [GetResponseJSONValue] successfully performed. With the following test data [title]. @03-11-2021 20:28:53.0986 PM
[ReportManager] API Action [GetResponseJSONValue] successfully performed. With the following test data [title]. @03-11-2021 20:28:53.0995 PM
[ReportManager] API Action [GetResponseJSONValue] successfully performed. With the following test data [title]. @03-11-2021 20:28:54.0005 PM
[ReportManager] API Action [GetResponseJSONValue] successfully performed. With the following test data [title]. @03-11-2021 20:28:54.0014 PM
[ReportManager] API Action [GetResponseJSONValue] successfully performed. With the following test data [title]. @03-11-2021 20:28:54.0027 PM
[ReportManager] API Action [GetResponseJSONValue] successfully performed. With the following test data [title]. @03-11-2021 20:28:54.0037 PM
[ReportManager] API Action [GetResponseJSONValue] successfully performed. With the following test data [title]. @03-11-2021 20:28:54.0046 PM
[ReportManager] API Action [GetResponseJSONValue] successfully performed. With the following test data [title]. @03-11-2021 20:28:54.0056 PM
[ReportManager] API Action [GetResponseJSONValue] successfully performed. With the following test data [title]. @03-11-2021 20:28:54.0065 PM
[ReportManager] API Action [GetResponseJSONValue] successfully performed. With the following test data [title]. @03-11-2021 20:28:54.0075 PM
[ReportManager] API Action [GetResponseJSONValue] successfully performed. With the following test data [title]. @03-11-2021 20:28:54.0084 PM
[ReportManager] API Action [GetResponseJSONValue] successfully performed. With the following test data [title]. @03-11-2021 20:28:54.0093 PM
[ReportManager] API Action [GetResponseJSONValue] successfully performed. With the following test data [title]. @03-11-2021 20:28:54.0101 PM
[ReportManager] API Action [GetResponseJSONValue] successfully performed. With the following test data [title]. @03-11-2021 20:28:54.0110 PM
[ReportManager] API Action [GetResponseJSONValue] successfully performed. With the following test data [title]. @03-11-2021 20:28:54.0119 PM
[ReportManager] API Action [GetResponseJSONValue] successfully performed. With the following test data [title]. @03-11-2021 20:28:54.0128 PM
[ReportManager] API Action [GetResponseJSONValue] successfully performed. With the following test data [title]. @03-11-2021 20:28:54.0138 PM
[ReportManager] API Action [GetResponseJSONValue] successfully performed. With the following test data [title]. @03-11-2021 20:28:54.0147 PM
[ReportManager] API Action [GetResponseJSONValue] successfully performed. With the following test data [title]. @03-11-2021 20:28:54.0156 PM
[ReportManager] API Action [GetResponseJSONValue] successfully performed. With the following test data [title]. @03-11-2021 20:28:54.0164 PM
[ReportManager] API Action [GetResponseJSONValue] successfully performed. With the following test data [title]. @03-11-2021 20:28:54.0173 PM
[ReportManager] API Action [GetResponseJSONValue] successfully performed. With the following test data [title]. @03-11-2021 20:28:54.0182 PM
[ReportManager] API Action [GetResponseJSONValue] successfully performed. With the following test data [title]. @03-11-2021 20:28:54.0192 PM
[ReportManager] API Action [GetResponseJSONValue] successfully performed. With the following test data [title]. @03-11-2021 20:28:54.0202 PM
[ReportManager] API Action [GetResponseJSONValue] successfully performed. With the following test data [title]. @03-11-2021 20:28:54.0226 PM
[ReportManager] API Action [GetResponseJSONValue] successfully performed. With the following test data [title]. @03-11-2021 20:28:54.0235 PM
[ReportManager] API Action [GetResponseJSONValue] successfully performed. With the following test data [title]. @03-11-2021 20:28:54.0247 PM
[ReportManager] API Action [GetResponseJSONValue] successfully performed. With the following test data [title]. @03-11-2021 20:28:54.0257 PM
[ReportManager] API Action [GetResponseJSONValue] successfully performed. With the following test data [title]. @03-11-2021 20:28:54.0267 PM
[ReportManager] API Action [GetResponseJSONValue] successfully performed. With the following test data [title]. @03-11-2021 20:28:54.0276 PM
[ReportManager] API Action [GetResponseJSONValue] successfully performed. With the following test data [title]. @03-11-2021 20:28:54.0285 PM
[ReportManager] API Action [GetResponseJSONValue] successfully performed. With the following test data [title]. @03-11-2021 20:28:54.0295 PM
[ReportManager] API Action [GetResponseJSONValue] successfully performed. With the following test data [title]. @03-11-2021 20:28:54.0304 PM
[ReportManager] API Action [GetResponseJSONValue] successfully performed. With the following test data [title]. @03-11-2021 20:28:54.0312 PM
[ReportManager] API Action [GetResponseJSONValue] successfully performed. With the following test data [title]. @03-11-2021 20:28:54.0322 PM
[ReportManager] API Action [GetResponseJSONValue] successfully performed. With the following test data [title]. @03-11-2021 20:28:54.0331 PM
[ReportManager] API Action [GetResponseJSONValue] successfully performed. With the following test data [title]. @03-11-2021 20:28:54.0341 PM
[ReportManager] API Action [GetResponseJSONValue] successfully performed. With the following test data [title]. @03-11-2021 20:28:54.0350 PM
[ReportManager] API Action [GetResponseJSONValue] successfully performed. With the following test data [title]. @03-11-2021 20:28:54.0359 PM
[ReportManager] API Action [GetResponseJSONValue] successfully performed. With the following test data [title]. @03-11-2021 20:28:54.0368 PM
[ReportManager] API Action [GetResponseJSONValue] successfully performed. With the following test data [title]. @03-11-2021 20:28:54.0377 PM
[ReportManager] API Action [GetResponseJSONValue] successfully performed. With the following test data [title]. @03-11-2021 20:28:54.0386 PM
[ReportManager] API Action [GetResponseJSONValue] successfully performed. With the following test data [title]. @03-11-2021 20:28:54.0395 PM
[ReportManager] API Action [GetResponseJSONValue] successfully performed. With the following test data [title]. @03-11-2021 20:28:54.0403 PM
[ReportManager] API Action [GetResponseJSONValue] successfully performed. With the following test data [title]. @03-11-2021 20:28:54.0412 PM
[ReportManager] API Action [GetResponseJSONValue] successfully performed. With the following test data [title]. @03-11-2021 20:28:54.0421 PM
[ReportManager] API Action [GetResponseJSONValue] successfully performed. With the following test data [title]. @03-11-2021 20:28:54.0430 PM
[ReportManager] API Action [GetResponseJSONValue] successfully performed. With the following test data [title]. @03-11-2021 20:28:54.0439 PM
[ReportManager] API Action [GetResponseJSONValue] successfully performed. With the following test data [title]. @03-11-2021 20:28:54.0447 PM
[ReportManager] API Action [GetResponseJSONValue] successfully performed. With the following test data [title]. @03-11-2021 20:28:54.0456 PM
[ReportManager] API Action [GetResponseJSONValue] successfully performed. With the following test data [title]. @03-11-2021 20:28:54.0465 PM
[ReportManager] API Action [GetResponseJSONValue] successfully performed. With the following test data [title]. @03-11-2021 20:28:54.0474 PM
[ReportManager] API Action [GetResponseJSONValue] successfully performed. With the following test data [title]. @03-11-2021 20:28:54.0482 PM
[ReportManager] API Action [GetResponseJSONValue] successfully performed. With the following test data [title]. @03-11-2021 20:28:54.0491 PM
[ReportManager] API Action [GetResponseJSONValue] successfully performed. With the following test data [title]. @03-11-2021 20:28:54.0502 PM
[ReportManager] API Action [GetResponseJSONValue] successfully performed. With the following test data [title]. @03-11-2021 20:28:54.0511 PM
[ReportManager] API Action [GetResponseJSONValue] successfully performed. With the following test data [title]. @03-11-2021 20:28:54.0520 PM
[ReportManager] API Action [GetResponseJSONValue] successfully performed. With the following test data [title]. @03-11-2021 20:28:54.0529 PM
[ReportManager] API Action [GetResponseJSONValue] successfully performed. With the following test data [title]. @03-11-2021 20:28:54.0538 PM
[ReportManager] API Action [GetResponseJSONValue] successfully performed. With the following test data [title]. @03-11-2021 20:28:54.0548 PM
[ReportManager] API Action [GetResponseJSONValue] successfully performed. With the following test data [title]. @03-11-2021 20:28:54.0556 PM
[ReportManager] API Action [GetResponseJSONValue] successfully performed. With the following test data [title]. @03-11-2021 20:28:54.0565 PM
[ReportManager] API Action [GetResponseJSONValue] successfully performed. With the following test data [title]. @03-11-2021 20:28:54.0573 PM
[ReportManager] API Action [GetResponseJSONValue] successfully performed. With the following test data [title]. @03-11-2021 20:28:54.0584 PM
[ReportManager] API Action [GetResponseJSONValue] successfully performed. With the following test data [title]. @03-11-2021 20:28:54.0596 PM
[ReportManager] API Action [GetResponseJSONValue] successfully performed. With the following test data [title]. @03-11-2021 20:28:54.0605 PM
[ReportManager] API Action [GetResponseJSONValue] successfully performed. With the following test data [title]. @03-11-2021 20:28:54.0614 PM
[ReportManager] API Action [GetResponseJSONValue] successfully performed. With the following test data [title]. @03-11-2021 20:28:54.0628 PM
[ReportManager] API Action [GetResponseJSONValue] successfully performed. With the following test data [title]. @03-11-2021 20:28:54.0643 PM
[ReportManager] API Action [GetResponseJSONValue] successfully performed. With the following test data [title]. @03-11-2021 20:28:54.0653 PM
[ReportManager] API Action [GetResponseJSONValue] successfully performed. With the following test data [title]. @03-11-2021 20:28:54.0661 PM
[ReportManager] API Action [GetResponseJSONValue] successfully performed. With the following test data [title]. @03-11-2021 20:28:54.0669 PM
[ReportManager] API Action [GetResponseJSONValue] successfully performed. With the following test data [title]. @03-11-2021 20:28:54.0677 PM
[ReportManager] API Action [GetResponseJSONValue] successfully performed. With the following test data [title]. @03-11-2021 20:28:54.0686 PM
[ReportManager] API Action [GetResponseJSONValue] successfully performed. With the following test data [title]. @03-11-2021 20:28:54.0695 PM
[ReportManager] API Action [GetResponseJSONValue] successfully performed. With the following test data [title]. @03-11-2021 20:28:54.0703 PM
[ReportManager] API Action [GetResponseJSONValue] successfully performed. With the following test data [title]. @03-11-2021 20:28:54.0711 PM
[ReportManager] API Action [GetResponseJSONValue] successfully performed. With the following test data [title]. @03-11-2021 20:28:54.0720 PM
[ReportManager] API Action [GetResponseJSONValue] successfully performed. With the following test data [title]. @03-11-2021 20:28:54.0729 PM
[ReportManager] API Action [GetResponseJSONValue] successfully performed. With the following test data [title]. @03-11-2021 20:28:54.0738 PM
[ReportManager] API Action [GetResponseJSONValue] successfully performed. With the following test data [title]. @03-11-2021 20:28:54.0761 P

################################################################################################################################################
Starting Execution:	[93 out of 145] test cases in the current suite
Test Method:		[unitTests.tests_restActions.validateUserEmail]
################################################################################################################################################
[ReportManager] Response status code: [200], status line: [HTTP/1.1 200 OK] @03-11-2021 20:28:54.0859 PM
[ReportManager] Assertion Passed: Evaluating the actual response status code against the expected one... @03-11-2021 20:28:54.0859 PM
[ReportManager] Assertion [ValidateComparativeRelation] PASSED. Expected [200] and Actual [200]. Comparison Type [EQUALS]. Validation Type [POSITIVE]. @03-11-2021 20:28:54.0859 PM
[ReportManager] API Action [PerformRequest] successfully performed. With the following test data [Request Type: "GET" | Target Status Code: "200" | Service URL: "https://jsonplaceholder.typicode.com/users" | Content Type: "*/*" | Response Time: "60ms"]. @03-11-2021 20:28:54.0876 PM
[ReportManager] Successfully created attachment [API Request - Specifications] @03-11-2021 20:28:54.0876 PM
[ReportManager] Successfully created attachment [API Response - JSON Body] @03-11-2021 20:28:54.0876 PM
[ReportManager] Assertion [ValidateEquals] PASSED. Expected and Actual values are attached. Comparison Type [CONTAINS]. Validation Type [POSITIVE]. @03-11-2021 20:28:54.0877 PM
[ReportManager] Successfully created attachment [Validation Test Data - Expected Value] @03-11-2021 20:28:54.0877 PM
[ReportManager] Successfully created attachment [Validation Test Data - Actual Value] @03-11-2021 20:28:54.0877 PM
[ReportManager] API Action [GetResponseJSONValueAsList] successfully performed. With the following test data [$]. @03-11-2021 20:28:54.0880 PM
[ReportManager] API Action [GetResponseJSONValue] successfully performed. With the following test data [name]. @03-11-2021 20:28:54.0890 PM
[ReportManager] API Action [GetResponseJSONValue] successfully performed. With the following test data [email]. @03-11-2021 20:28:54.0909 PM
[ReportManager] Assertion [ValidateEquals] PASSED. Expected [Sincere@april.biz] and Actual [Sincere@april.biz]. Comparison Type [EQUALS]. Validation Type [POSITIVE]. @03-11-2021 20:28:54.0909 PM
[ReportManager] API Action [GetResponseJSONValue] successfully performed. With the following test data [name]. @03-11-2021 20:28:54.0919 PM
[ReportManager] API Action [GetResponseJSONValue] successfully performed. With the following test data [name]. @03-11-2021 20:28:54.0929 PM
[ReportManager] API Action [GetResponseJSONValue] successfully performed. With the following test data [name]. @03-11-2021 20:28:54.0944 PM
[ReportManager] API Action [GetResponseJSONValue] successfully performed. With the following test data [name]. @03-11-2021 20:28:54.0959 PM
[ReportManager] API Action [GetResponseJSONValue] successfully performed. With the following test data [name]. @03-11-2021 20:28:54.0997 PM
[ReportManager] API Action [GetResponseJSONValue] successfully performed. With the following test data [name]. @03-11-2021 20:28:55.0010 PM
[ReportManager] API Action [GetResponseJSONValue] successfully performed. With the following test data [name]. @03-11-2021 20:28:55.0019 PM
[ReportManager] API Action [GetResponseJSONValue] successfully performed. With the following test data [name]. @03-11-2021 20:28:55.0028 PM
[ReportManager] API Action [GetResponseJSONValue] successfully performed. With the following test data [name]. @03-11-2021 20:28:55.0037 P
[ReportManager] Successfully loaded the following test data file [src/test/resources/TestDataFiles/testSuite01/TestData.xlsx]. @03-11-2021 20:28:55.0093 PM
[ReportManager] Successfully created attachment [Test Data - Excel] @03-11-2021 20:28:55.0094 P

################################################################################################################################################
Starting Execution:	[94 out of 145] test cases in the current suite
Test Method:		[unitTests.tests_io_excelFileManager.getCellData_rowName_expectedToPass]
################################################################################################################################################
[ReportManager] testRowData. @03-11-2021 20:28:55.0097 P

################################################################################################################################################
Starting Execution:	[95 out of 145] test cases in the current suite
Test Method:		[unitTests.tests_validations_assertions.assertComparativeRelation_greaterThanOrEquals_false_equals_expectedToFail]
################################################################################################################################################
[ReportManager] Assertion [ValidateComparativeRelation] FAILED. Expected [1] and Actual [1]. Comparison Type [GREATER_THAN_OR_EQUALS]. Validation Type [NEGATIVE]. @03-11-2021 20:28:55.0101 P

################################################################################################################################################
Starting Execution:	[96 out of 145] test cases in the current suite
Test Method:		[unitTests.tests_validations_assertions.assertComparativeRelation_greaterThanOrEquals_false_equals_expectedToPass]
################################################################################################################################################
[ReportManager] Assertion [ValidateComparativeRelation] PASSED. Expected [2] and Actual [1]. Comparison Type [GREATER_THAN_OR_EQUALS]. Validation Type [NEGATIVE]. @03-11-2021 20:28:55.0105 P

################################################################################################################################################
Starting Execution:	[97 out of 145] test cases in the current suite
Test Method:		[unitTests.tests_validations_assertions.assertComparativeRelation_greaterThanOrEquals_false_greaterThan_expectedToFail]
################################################################################################################################################
[ReportManager] Assertion [ValidateComparativeRelation] FAILED. Expected [1] and Actual [2]. Comparison Type [GREATER_THAN_OR_EQUALS]. Validation Type [NEGATIVE]. @03-11-2021 20:28:55.0113 P

################################################################################################################################################
Starting Execution:	[98 out of 145] test cases in the current suite
Test Method:		[unitTests.tests_validations_assertions.assertComparativeRelation_greaterThanOrEquals_false_greaterThan_expectedToPass]
################################################################################################################################################
[ReportManager] Assertion [ValidateComparativeRelation] PASSED. Expected [2] and Actual [1]. Comparison Type [GREATER_THAN_OR_EQUALS]. Validation Type [NEGATIVE]. @03-11-2021 20:28:55.0116 P

################################################################################################################################################
Starting Execution:	[99 out of 145] test cases in the current suite
Test Method:		[unitTests.tests_validations_assertions.assertComparativeRelation_greaterThanOrEquals_true_equals_expectedToFail]
################################################################################################################################################
[ReportManager] Assertion [ValidateComparativeRelation] FAILED. Expected [1] and Actual [0]. Comparison Type [GREATER_THAN_OR_EQUALS]. Validation Type [POSITIVE]. @03-11-2021 20:28:55.0118 P

################################################################################################################################################
Starting Execution:	[100 out of 145] test cases in the current suite
Test Method:		[unitTests.tests_validations_assertions.assertComparativeRelation_greaterThanOrEquals_true_equals_expectedToPass]
################################################################################################################################################
[ReportManager] Assertion [ValidateComparativeRelation] PASSED. Expected [1] and Actual [1]. Comparison Type [GREATER_THAN_OR_EQUALS]. Validation Type [POSITIVE]. @03-11-2021 20:28:55.0121 P

################################################################################################################################################
Starting Execution:	[101 out of 145] test cases in the current suite
Test Method:		[unitTests.tests_validations_assertions.assertComparativeRelation_greaterThanOrEquals_true_greaterThan_expectedToFail]
################################################################################################################################################
[ReportManager] Assertion [ValidateComparativeRelation] FAILED. Expected [2] and Actual [1]. Comparison Type [GREATER_THAN_OR_EQUALS]. Validation Type [POSITIVE]. @03-11-2021 20:28:55.0127 P

################################################################################################################################################
Starting Execution:	[102 out of 145] test cases in the current suite
Test Method:		[unitTests.tests_validations_assertions.assertComparativeRelation_greaterThanOrEquals_true_greaterThan_expectedToPass]
################################################################################################################################################
[ReportManager] Assertion [ValidateComparativeRelation] PASSED. Expected [1] and Actual [2]. Comparison Type [GREATER_THAN_OR_EQUALS]. Validation Type [POSITIVE]. @03-11-2021 20:28:55.0130 P
[ReportManager] File Action [GetAbsolutePath] successfully performed. With the following test data [Relative Folder Path: "target/downloadedFiles/"]. @03-11-2021 20:28:55.0137 PM
[ReportManager] Attempting to run remotely on: [Linux-64], [GoogleChrome], [http://localhost:4444/wd/hub], Headless Execution. @03-11-2021 20:28:55.0138 PM
[ReportManager] Successfully Opened [GoogleChrome]. @03-11-2021 20:28:57.0055 PM
[ReportManager] Target URL: [https://www.google.com/ncr], and after redirection: [www.google.com] @03-11-2021 20:28:57.0055 PM
[ReportManager] Initial URL: [data:,] @03-11-2021 20:28:57.0100 PM
[ReportManager] Browser Action [NavigateToURL] successfully performed. With the following test data [https://www.google.com/ncr]. @03-11-2021 20:28:58.0337 P

################################################################################################################################################
Starting Execution:	[103 out of 145] test cases in the current suite
Test Method:		[unitTests.tests_validations_assertions.assertElementAttribute_false_caseInsensitiveComparison_expectedToFail]
################################################################################################################################################
[ReportManager] Element Action [Type] successfully performed. With the following test data [AUTOMATION]. @03-11-2021 20:28:58.0761 PM
[ReportManager] Element Action [GetText] successfully performed. With the following test data [AUTOMATION]. @03-11-2021 20:28:58.0892 PM
[ReportManager] Loaded Shared OpenCV @03-11-2021 20:28:59.0218 PM
[ReportManager] Assertion [ValidateElementAttribute] FAILED. Expected [Value Should not be 'AutomaTion' for the 'text' attribute, element locator 'By.name: q'] and Actual [AUTOMATION]. Comparison Type [CASE_INSENSITIVE]. Validation Type [NEGATIVE]. @03-11-2021 20:28:59.0453 PM
[ReportManager] Successfully created attachment [Screenshot - 1635971339218_assertElementAttribute_false_caseInsensitiveComparison_expectedToFail_ValidateElementAttribute_failed] @03-11-2021 20:28:59.0455 P
[ReportManager] Browser Action [CloseCurrentWindow] successfully performed. @03-11-2021 20:28:59.0582 PM
[ReportManager] Successfully created attachment [Browser Action Test Data - CloseCurrentWindow - Actual Value] @03-11-2021 20:28:59.0583 P
[ReportManager] File Action [GetAbsolutePath] successfully performed. With the following test data [Relative Folder Path: "target/downloadedFiles/"]. @03-11-2021 20:28:59.0592 PM
[ReportManager] Attempting to run remotely on: [Linux-64], [GoogleChrome], [http://localhost:4444/wd/hub], Headless Execution. @03-11-2021 20:28:59.0592 PM
[ReportManager] Successfully Opened [GoogleChrome]. @03-11-2021 20:29:02.0033 PM
[ReportManager] Target URL: [https://www.google.com/ncr], and after redirection: [www.google.com] @03-11-2021 20:29:02.0034 PM
[ReportManager] Initial URL: [data:,] @03-11-2021 20:29:02.0104 PM
[ReportManager] Browser Action [NavigateToURL] successfully performed. With the following test data [https://www.google.com/ncr]. @03-11-2021 20:29:03.0124 P

################################################################################################################################################
Starting Execution:	[104 out of 145] test cases in the current suite
Test Method:		[unitTests.tests_validations_assertions.assertElementAttribute_false_caseInsensitiveComparison_expectedToPass]
################################################################################################################################################
[ReportManager] Element Action [Type] successfully performed. With the following test data [AUTOMATION]. @03-11-2021 20:29:03.0561 PM
[ReportManager] Element Action [GetText] successfully performed. With the following test data [AUTOMATION]. @03-11-2021 20:29:03.0721 PM
[ReportManager] Loaded Shared OpenCV @03-11-2021 20:29:03.0977 PM
[ReportManager] Assertion [ValidateElementAttribute] PASSED. Expected [Value Should not be 'AutomaTion123' for the 'text' attribute, element locator 'By.name: q'] and Actual [AUTOMATION]. Comparison Type [CASE_INSENSITIVE]. Validation Type [NEGATIVE]. @03-11-2021 20:29:04.0198 PM
[ReportManager] Successfully created attachment [Screenshot - 1635971343977_assertElementAttribute_false_caseInsensitiveComparison_expectedToPass_ValidateElementAttribute_passed] @03-11-2021 20:29:04.0199 P
[ReportManager] Browser Action [CloseCurrentWindow] successfully performed. @03-11-2021 20:29:04.0331 PM
[ReportManager] Successfully created attachment [Browser Action Test Data - CloseCurrentWindow - Actual Value] @03-11-2021 20:29:04.0332 P
[ReportManager] File Action [GetAbsolutePath] successfully performed. With the following test data [Relative Folder Path: "target/downloadedFiles/"]. @03-11-2021 20:29:04.0334 PM
[ReportManager] Attempting to run remotely on: [Linux-64], [GoogleChrome], [http://localhost:4444/wd/hub], Headless Execution. @03-11-2021 20:29:04.0334 PM
[ReportManager] Successfully Opened [GoogleChrome]. @03-11-2021 20:29:07.0031 PM
[ReportManager] Target URL: [https://www.google.com/ncr], and after redirection: [www.google.com] @03-11-2021 20:29:07.0031 PM
[ReportManager] Initial URL: [data:,] @03-11-2021 20:29:07.0099 PM
[ReportManager] Browser Action [NavigateToURL] successfully performed. With the following test data [https://www.google.com/ncr]. @03-11-2021 20:29:08.0155 P

################################################################################################################################################
Starting Execution:	[105 out of 145] test cases in the current suite
Test Method:		[unitTests.tests_validations_assertions.assertElementAttribute_false_containsComparison_expectedToFail]
################################################################################################################################################
[ReportManager] Element Action [Type] successfully performed. With the following test data [Automation123]. @03-11-2021 20:29:08.0570 PM
[ReportManager] Element Action [GetText] successfully performed. With the following test data [Automation123]. @03-11-2021 20:29:08.0702 PM
[ReportManager] Loaded Shared OpenCV @03-11-2021 20:29:09.0008 PM
[ReportManager] Assertion [ValidateElementAttribute] FAILED. Expected [Value Should not be 'Automation' for the 'text' attribute, element locator 'By.name: q'] and Actual [Automation123]. Comparison Type [CONTAINS]. Validation Type [NEGATIVE]. @03-11-2021 20:29:09.0219 PM
[ReportManager] Successfully created attachment [Screenshot - 1635971349008_assertElementAttribute_false_containsComparison_expectedToFail_ValidateElementAttribute_failed] @03-11-2021 20:29:09.0220 P
[ReportManager] Browser Action [CloseCurrentWindow] successfully performed. @03-11-2021 20:29:09.0364 PM
[ReportManager] Successfully created attachment [Browser Action Test Data - CloseCurrentWindow - Actual Value] @03-11-2021 20:29:09.0365 P
[ReportManager] File Action [GetAbsolutePath] successfully performed. With the following test data [Relative Folder Path: "target/downloadedFiles/"]. @03-11-2021 20:29:09.0370 PM
[ReportManager] Attempting to run remotely on: [Linux-64], [GoogleChrome], [http://localhost:4444/wd/hub], Headless Execution. @03-11-2021 20:29:09.0371 PM
[ReportManager] Successfully Opened [GoogleChrome]. @03-11-2021 20:29:12.0033 PM
[ReportManager] Target URL: [https://www.google.com/ncr], and after redirection: [www.google.com] @03-11-2021 20:29:12.0033 PM
[ReportManager] Initial URL: [data:,] @03-11-2021 20:29:12.0091 PM
[ReportManager] Browser Action [NavigateToURL] successfully performed. With the following test data [https://www.google.com/ncr]. @03-11-2021 20:29:14.0221 P

################################################################################################################################################
Starting Execution:	[106 out of 145] test cases in the current suite
Test Method:		[unitTests.tests_validations_assertions.assertElementAttribute_false_containsComparison_expectedToPass]
################################################################################################################################################
[ReportManager] Element Action [Type] successfully performed. With the following test data [Automation123]. @03-11-2021 20:29:14.0718 PM
[ReportManager] Element Action [GetText] successfully performed. With the following test data [Automation123]. @03-11-2021 20:29:14.0829 PM
[ReportManager] Loaded Shared OpenCV @03-11-2021 20:29:15.0121 PM
[ReportManager] Assertion [ValidateElementAttribute] PASSED. Expected [Value Should not be 'Automation1234' for the 'text' attribute, element locator 'By.name: q'] and Actual [Automation123]. Comparison Type [CONTAINS]. Validation Type [NEGATIVE]. @03-11-2021 20:29:15.0375 PM
[ReportManager] Successfully created attachment [Screenshot - 1635971355120_assertElementAttribute_false_containsComparison_expectedToPass_ValidateElementAttribute_passed] @03-11-2021 20:29:15.0376 P
[ReportManager] Browser Action [CloseCurrentWindow] successfully performed. @03-11-2021 20:29:15.0562 PM
[ReportManager] Successfully created attachment [Browser Action Test Data - CloseCurrentWindow - Actual Value] @03-11-2021 20:29:15.0562 P
[ReportManager] File Action [GetAbsolutePath] successfully performed. With the following test data [Relative Folder Path: "target/downloadedFiles/"]. @03-11-2021 20:29:15.0573 PM
[ReportManager] Attempting to run remotely on: [Linux-64], [GoogleChrome], [http://localhost:4444/wd/hub], Headless Execution. @03-11-2021 20:29:15.0574 PM
[ReportManager] Successfully Opened [GoogleChrome]. @03-11-2021 20:29:17.0048 PM
[ReportManager] Target URL: [https://www.google.com/ncr], and after redirection: [www.google.com] @03-11-2021 20:29:17.0049 PM
[ReportManager] Initial URL: [data:,] @03-11-2021 20:29:17.0094 PM
[ReportManager] Browser Action [NavigateToURL] successfully performed. With the following test data [https://www.google.com/ncr]. @03-11-2021 20:29:18.0157 P

################################################################################################################################################
Starting Execution:	[107 out of 145] test cases in the current suite
Test Method:		[unitTests.tests_validations_assertions.assertElementAttribute_false_literalComparison_expectedToFail]
################################################################################################################################################
[ReportManager] Element Action [Type] successfully performed. With the following test data [Automation!@#$%^&*()_+{}[]\';/.,]. @03-11-2021 20:29:18.0735 PM
[ReportManager] Element Action [GetText] successfully performed. With the following test data [Automation!@#$%^&*()_+{}[]\';/.,]. @03-11-2021 20:29:18.0882 PM
[ReportManager] Loaded Shared OpenCV @03-11-2021 20:29:19.0181 PM
[ReportManager] Assertion [ValidateElementAttribute] PASSED. Expected [Value Should not be 'Automation!@#$%^&*()_+{}[]\\';/.,' for the 'text' attribute, element locator 'By.name: q'] and Actual [Automation!@#$%^&*()_+{}[]\';/.,]. Comparison Type [EQUALS]. Validation Type [NEGATIVE]. @03-11-2021 20:29:19.0400 PM
[ReportManager] Successfully created attachment [Screenshot - 1635971359181_assertElementAttribute_false_literalComparison_expectedToFail_ValidateElementAttribute_passed] @03-11-2021 20:29:19.0401 P
[ReportManager] Browser Action [CloseCurrentWindow] successfully performed. @03-11-2021 20:29:19.0527 PM
[ReportManager] Successfully created attachment [Browser Action Test Data - CloseCurrentWindow - Actual Value] @03-11-2021 20:29:19.0528 P
[ReportManager] File Action [GetAbsolutePath] successfully performed. With the following test data [Relative Folder Path: "target/downloadedFiles/"]. @03-11-2021 20:29:19.0530 PM
[ReportManager] Attempting to run remotely on: [Linux-64], [GoogleChrome], [http://localhost:4444/wd/hub], Headless Execution. @03-11-2021 20:29:19.0531 PM
[ReportManager] Successfully Opened [GoogleChrome]. @03-11-2021 20:29:22.0032 PM
[ReportManager] Target URL: [https://www.google.com/ncr], and after redirection: [www.google.com] @03-11-2021 20:29:22.0032 PM
[ReportManager] Initial URL: [data:,] @03-11-2021 20:29:22.0116 PM
[ReportManager] Browser Action [NavigateToURL] successfully performed. With the following test data [https://www.google.com/ncr]. @03-11-2021 20:29:23.0481 P

################################################################################################################################################
Starting Execution:	[108 out of 145] test cases in the current suite
Test Method:		[unitTests.tests_validations_assertions.assertElementAttribute_false_literalComparison_expectedToPass]
################################################################################################################################################
[ReportManager] Element Action [Type] successfully performed. With the following test data [Automation!@#$%^&*()_+{}[]\';/.,]. @03-11-2021 20:29:24.0074 PM
[ReportManager] Element Action [GetText] successfully performed. With the following test data [Automation!@#$%^&*()_+{}[]\';/.,]. @03-11-2021 20:29:24.0228 PM
[ReportManager] Loaded Shared OpenCV @03-11-2021 20:29:24.0500 PM
[ReportManager] Assertion [ValidateElementAttribute] PASSED. Expected [Value Should not be 'Automation' for the 'text' attribute, element locator 'By.name: q'] and Actual [Automation!@#$%^&*()_+{}[]\';/.,]. Comparison Type [EQUALS]. Validation Type [NEGATIVE]. @03-11-2021 20:29:24.0720 PM
[ReportManager] Successfully created attachment [Screenshot - 1635971364500_assertElementAttribute_false_literalComparison_expectedToPass_ValidateElementAttribute_passed] @03-11-2021 20:29:24.0722 P
[ReportManager] Browser Action [CloseCurrentWindow] successfully performed. @03-11-2021 20:29:24.0845 PM
[ReportManager] Successfully created attachment [Browser Action Test Data - CloseCurrentWindow - Actual Value] @03-11-2021 20:29:24.0846 P
[ReportManager] File Action [GetAbsolutePath] successfully performed. With the following test data [Relative Folder Path: "target/downloadedFiles/"]. @03-11-2021 20:29:24.0849 PM
[ReportManager] Attempting to run remotely on: [Linux-64], [GoogleChrome], [http://localhost:4444/wd/hub], Headless Execution. @03-11-2021 20:29:24.0849 PM
[ReportManager] Successfully Opened [GoogleChrome]. @03-11-2021 20:29:27.0047 PM
[ReportManager] Target URL: [https://www.google.com/ncr], and after redirection: [www.google.com] @03-11-2021 20:29:27.0048 PM
[ReportManager] Initial URL: [data:,] @03-11-2021 20:29:27.0116 PM
[ReportManager] Browser Action [NavigateToURL] successfully performed. With the following test data [https://www.google.com/ncr]. @03-11-2021 20:29:28.0208 P

################################################################################################################################################
Starting Execution:	[109 out of 145] test cases in the current suite
Test Method:		[unitTests.tests_validations_assertions.assertElementAttribute_false_regexComparison_expectedToFail]
################################################################################################################################################
[ReportManager] Element Action [Type] successfully performed. With the following test data [Automation123]. @03-11-2021 20:29:28.0767 PM
[ReportManager] Element Action [GetText] successfully performed. With the following test data [Automation123]. @03-11-2021 20:29:28.0890 PM
[ReportManager] Loaded Shared OpenCV @03-11-2021 20:29:29.0165 PM
[ReportManager] Assertion [ValidateElementAttribute] FAILED. Expected [Value Should not be 'Automation.*' for the 'text' attribute, element locator 'By.name: q'] and Actual [Automation123]. Comparison Type [MATCHES]. Validation Type [NEGATIVE]. @03-11-2021 20:29:29.0407 PM
[ReportManager] Successfully created attachment [Screenshot - 1635971369165_assertElementAttribute_false_regexComparison_expectedToFail_ValidateElementAttribute_failed] @03-11-2021 20:29:29.0408 P
[ReportManager] Browser Action [CloseCurrentWindow] successfully performed. @03-11-2021 20:29:29.0558 PM
[ReportManager] Successfully created attachment [Browser Action Test Data - CloseCurrentWindow - Actual Value] @03-11-2021 20:29:29.0563 P
[ReportManager] File Action [GetAbsolutePath] successfully performed. With the following test data [Relative Folder Path: "target/downloadedFiles/"]. @03-11-2021 20:29:29.0566 PM
[ReportManager] Attempting to run remotely on: [Linux-64], [GoogleChrome], [http://localhost:4444/wd/hub], Headless Execution. @03-11-2021 20:29:29.0566 PM
[ReportManager] Successfully Opened [GoogleChrome]. @03-11-2021 20:29:32.0035 PM
[ReportManager] Target URL: [https://www.google.com/ncr], and after redirection: [www.google.com] @03-11-2021 20:29:32.0035 PM
[ReportManager] Initial URL: [data:,] @03-11-2021 20:29:32.0082 PM
[ReportManager] Browser Action [NavigateToURL] successfully performed. With the following test data [https://www.google.com/ncr]. @03-11-2021 20:29:33.0144 P

################################################################################################################################################
Starting Execution:	[110 out of 145] test cases in the current suite
Test Method:		[unitTests.tests_validations_assertions.assertElementAttribute_false_regexComparison_expectedToPass]
################################################################################################################################################
[ReportManager] Element Action [Type] successfully performed. With the following test data [Automation123]. @03-11-2021 20:29:33.0615 PM
[ReportManager] Element Action [GetText] successfully performed. With the following test data [Automation123]. @03-11-2021 20:29:33.0738 PM
[ReportManager] Loaded Shared OpenCV @03-11-2021 20:29:34.0007 PM
[ReportManager] Assertion [ValidateElementAttribute] PASSED. Expected [Value Should not be 'Automation' for the 'text' attribute, element locator 'By.name: q'] and Actual [Automation123]. Comparison Type [MATCHES]. Validation Type [NEGATIVE]. @03-11-2021 20:29:34.0235 PM
[ReportManager] Successfully created attachment [Screenshot - 1635971374007_assertElementAttribute_false_regexComparison_expectedToPass_ValidateElementAttribute_passed] @03-11-2021 20:29:34.0236 P
[ReportManager] Browser Action [CloseCurrentWindow] successfully performed. @03-11-2021 20:29:34.0361 PM
[ReportManager] Successfully created attachment [Browser Action Test Data - CloseCurrentWindow - Actual Value] @03-11-2021 20:29:34.0364 P
[ReportManager] File Action [GetAbsolutePath] successfully performed. With the following test data [Relative Folder Path: "target/downloadedFiles/"]. @03-11-2021 20:29:34.0367 PM
[ReportManager] Attempting to run remotely on: [Linux-64], [GoogleChrome], [http://localhost:4444/wd/hub], Headless Execution. @03-11-2021 20:29:34.0367 PM
[ReportManager] Successfully Opened [GoogleChrome]. @03-11-2021 20:29:37.0041 PM
[ReportManager] Target URL: [https://www.google.com/ncr], and after redirection: [www.google.com] @03-11-2021 20:29:37.0041 PM
[ReportManager] Initial URL: [data:,] @03-11-2021 20:29:37.0114 PM
[ReportManager] Browser Action [NavigateToURL] successfully performed. With the following test data [https://www.google.com/ncr]. @03-11-2021 20:29:38.0234 P

################################################################################################################################################
Starting Execution:	[111 out of 145] test cases in the current suite
Test Method:		[unitTests.tests_validations_assertions.assertElementAttribute_true_caseInsensitiveComparison_expectedToFail]
################################################################################################################################################
[ReportManager] Element Action [Type] successfully performed. With the following test data [AUTOMATION]. @03-11-2021 20:29:38.0701 PM
[ReportManager] Element Action [GetText] successfully performed. With the following test data [AUTOMATION]. @03-11-2021 20:29:38.0825 PM
[ReportManager] Loaded Shared OpenCV @03-11-2021 20:29:39.0095 PM
[ReportManager] Assertion [ValidateElementAttribute] FAILED. Expected [Value Should be 'AutomaTion123' for the 'text' attribute, element locator 'By.name: q'] and Actual [AUTOMATION]. Comparison Type [CASE_INSENSITIVE]. Validation Type [POSITIVE]. @03-11-2021 20:29:39.0320 PM
[ReportManager] Successfully created attachment [Screenshot - 1635971379095_assertElementAttribute_true_caseInsensitiveComparison_expectedToFail_ValidateElementAttribute_failed] @03-11-2021 20:29:39.0321 P
[ReportManager] Browser Action [CloseCurrentWindow] successfully performed. @03-11-2021 20:29:39.0451 PM
[ReportManager] Successfully created attachment [Browser Action Test Data - CloseCurrentWindow - Actual Value] @03-11-2021 20:29:39.0452 P
[ReportManager] File Action [GetAbsolutePath] successfully performed. With the following test data [Relative Folder Path: "target/downloadedFiles/"]. @03-11-2021 20:29:39.0455 PM
[ReportManager] Attempting to run remotely on: [Linux-64], [GoogleChrome], [http://localhost:4444/wd/hub], Headless Execution. @03-11-2021 20:29:39.0455 PM
[ReportManager] Successfully Opened [GoogleChrome]. @03-11-2021 20:29:42.0018 PM
[ReportManager] Target URL: [https://www.google.com/ncr], and after redirection: [www.google.com] @03-11-2021 20:29:42.0019 PM
[ReportManager] Initial URL: [data:,] @03-11-2021 20:29:42.0074 PM
[ReportManager] Browser Action [NavigateToURL] successfully performed. With the following test data [https://www.google.com/ncr]. @03-11-2021 20:29:43.0177 P

################################################################################################################################################
Starting Execution:	[112 out of 145] test cases in the current suite
Test Method:		[unitTests.tests_validations_assertions.assertElementAttribute_true_caseInsensitiveComparison_expectedToPass]
################################################################################################################################################
[ReportManager] Element Action [Type] successfully performed. With the following test data [AUTOMATION]. @03-11-2021 20:29:43.0642 PM
[ReportManager] Element Action [GetText] successfully performed. With the following test data [AUTOMATION]. @03-11-2021 20:29:43.0759 PM
[ReportManager] Loaded Shared OpenCV @03-11-2021 20:29:44.0049 PM
[ReportManager] Assertion [ValidateElementAttribute] PASSED. Expected [Value Should be 'AutomaTion' for the 'text' attribute, element locator 'By.name: q'] and Actual [AUTOMATION]. Comparison Type [CASE_INSENSITIVE]. Validation Type [POSITIVE]. @03-11-2021 20:29:44.0273 PM
[ReportManager] Successfully created attachment [Screenshot - 1635971384049_assertElementAttribute_true_caseInsensitiveComparison_expectedToPass_ValidateElementAttribute_passed] @03-11-2021 20:29:44.0274 P
[ReportManager] Browser Action [CloseCurrentWindow] successfully performed. @03-11-2021 20:29:44.0408 PM
[ReportManager] Successfully created attachment [Browser Action Test Data - CloseCurrentWindow - Actual Value] @03-11-2021 20:29:44.0409 P
[ReportManager] File Action [GetAbsolutePath] successfully performed. With the following test data [Relative Folder Path: "target/downloadedFiles/"]. @03-11-2021 20:29:44.0411 PM
[ReportManager] Attempting to run remotely on: [Linux-64], [GoogleChrome], [http://localhost:4444/wd/hub], Headless Execution. @03-11-2021 20:29:44.0412 PM
[ReportManager] Successfully Opened [GoogleChrome]. @03-11-2021 20:29:47.0066 PM
[ReportManager] Target URL: [https://www.google.com/ncr], and after redirection: [www.google.com] @03-11-2021 20:29:47.0066 PM
[ReportManager] Initial URL: [data:,] @03-11-2021 20:29:47.0129 PM
[ReportManager] Browser Action [NavigateToURL] successfully performed. With the following test data [https://www.google.com/ncr]. @03-11-2021 20:29:48.0188 P

################################################################################################################################################
Starting Execution:	[113 out of 145] test cases in the current suite
Test Method:		[unitTests.tests_validations_assertions.assertElementAttribute_true_containsComparison_expectedToFail]
################################################################################################################################################
[ReportManager] Element Action [Type] successfully performed. With the following test data [Automation123]. @03-11-2021 20:29:48.0602 PM
[ReportManager] Element Action [GetText] successfully performed. With the following test data [Automation123]. @03-11-2021 20:29:48.0720 PM
[ReportManager] Loaded Shared OpenCV @03-11-2021 20:29:48.0975 PM
[ReportManager] Assertion [ValidateElementAttribute] FAILED. Expected [Value Should be 'Automation1234' for the 'text' attribute, element locator 'By.name: q'] and Actual [Automation123]. Comparison Type [CONTAINS]. Validation Type [POSITIVE]. @03-11-2021 20:29:49.0209 PM
[ReportManager] Successfully created attachment [Screenshot - 1635971388975_assertElementAttribute_true_containsComparison_expectedToFail_ValidateElementAttribute_failed] @03-11-2021 20:29:49.0210 P
[ReportManager] Browser Action [CloseCurrentWindow] successfully performed. @03-11-2021 20:29:49.0384 PM
[ReportManager] Successfully created attachment [Browser Action Test Data - CloseCurrentWindow - Actual Value] @03-11-2021 20:29:49.0385 P
[ReportManager] File Action [GetAbsolutePath] successfully performed. With the following test data [Relative Folder Path: "target/downloadedFiles/"]. @03-11-2021 20:29:49.0387 PM
[ReportManager] Attempting to run remotely on: [Linux-64], [GoogleChrome], [http://localhost:4444/wd/hub], Headless Execution. @03-11-2021 20:29:49.0388 PM
[ReportManager] Successfully Opened [GoogleChrome]. @03-11-2021 20:29:52.0029 PM
[ReportManager] Target URL: [https://www.google.com/ncr], and after redirection: [www.google.com] @03-11-2021 20:29:52.0029 PM
[ReportManager] Initial URL: [data:,] @03-11-2021 20:29:52.0070 PM
[ReportManager] Browser Action [NavigateToURL] successfully performed. With the following test data [https://www.google.com/ncr]. @03-11-2021 20:29:53.0142 P

################################################################################################################################################
Starting Execution:	[114 out of 145] test cases in the current suite
Test Method:		[unitTests.tests_validations_assertions.assertElementAttribute_true_containsComparison_expectedToPass]
################################################################################################################################################
[ReportManager] Element Action [Type] successfully performed. With the following test data [Automation123]. @03-11-2021 20:29:53.0542 PM
[ReportManager] Element Action [GetText] successfully performed. With the following test data [Automation123]. @03-11-2021 20:29:53.0662 PM
[ReportManager] Loaded Shared OpenCV @03-11-2021 20:29:53.0905 PM
[ReportManager] Assertion [ValidateElementAttribute] PASSED. Expected [Value Should be 'Automation' for the 'text' attribute, element locator 'By.name: q'] and Actual [Automation123]. Comparison Type [CONTAINS]. Validation Type [POSITIVE]. @03-11-2021 20:29:54.0123 PM
[ReportManager] Successfully created attachment [Screenshot - 1635971393905_assertElementAttribute_true_containsComparison_expectedToPass_ValidateElementAttribute_passed] @03-11-2021 20:29:54.0124 P
[ReportManager] Browser Action [CloseCurrentWindow] successfully performed. @03-11-2021 20:29:54.0256 PM
[ReportManager] Successfully created attachment [Browser Action Test Data - CloseCurrentWindow - Actual Value] @03-11-2021 20:29:54.0257 P
[ReportManager] File Action [GetAbsolutePath] successfully performed. With the following test data [Relative Folder Path: "target/downloadedFiles/"]. @03-11-2021 20:29:54.0260 PM
[ReportManager] Attempting to run remotely on: [Linux-64], [GoogleChrome], [http://localhost:4444/wd/hub], Headless Execution. @03-11-2021 20:29:54.0260 PM
[ReportManager] Successfully Opened [GoogleChrome]. @03-11-2021 20:29:57.0029 PM
[ReportManager] Target URL: [https://www.google.com/ncr], and after redirection: [www.google.com] @03-11-2021 20:29:57.0030 PM
[ReportManager] Initial URL: [data:,] @03-11-2021 20:29:57.0133 PM
[ReportManager] Browser Action [NavigateToURL] successfully performed. With the following test data [https://www.google.com/ncr]. @03-11-2021 20:29:58.0184 P

################################################################################################################################################
Starting Execution:	[115 out of 145] test cases in the current suite
Test Method:		[unitTests.tests_validations_assertions.assertElementAttribute_true_literalComparison_expectedToFail]
################################################################################################################################################
[ReportManager] Element Action [Type] successfully performed. With the following test data [Automation!@#$%^&*()_+{}[]\';/.,]. @03-11-2021 20:29:58.0744 PM
[ReportManager] Element Action [GetText] successfully performed. With the following test data [Automation!@#$%^&*()_+{}[]\';/.,]. @03-11-2021 20:29:58.0857 PM
[ReportManager] Loaded Shared OpenCV @03-11-2021 20:29:59.0148 PM
[ReportManager] Assertion [ValidateElementAttribute] FAILED. Expected [Value Should be 'Automation' for the 'text' attribute, element locator 'By.name: q'] and Actual [Automation!@#$%^&*()_+{}[]\';/.,]. Comparison Type [EQUALS]. Validation Type [POSITIVE]. @03-11-2021 20:29:59.0382 PM
[ReportManager] Successfully created attachment [Screenshot - 1635971399148_assertElementAttribute_true_literalComparison_expectedToFail_ValidateElementAttribute_failed] @03-11-2021 20:29:59.0384 P
[ReportManager] Browser Action [CloseCurrentWindow] successfully performed. @03-11-2021 20:29:59.0512 PM
[ReportManager] Successfully created attachment [Browser Action Test Data - CloseCurrentWindow - Actual Value] @03-11-2021 20:29:59.0512 P
[ReportManager] File Action [GetAbsolutePath] successfully performed. With the following test data [Relative Folder Path: "target/downloadedFiles/"]. @03-11-2021 20:29:59.0515 PM
[ReportManager] Attempting to run remotely on: [Linux-64], [GoogleChrome], [http://localhost:4444/wd/hub], Headless Execution. @03-11-2021 20:29:59.0516 PM
[ReportManager] Successfully Opened [GoogleChrome]. @03-11-2021 20:30:02.0061 PM
[ReportManager] Target URL: [https://www.google.com/ncr], and after redirection: [www.google.com] @03-11-2021 20:30:02.0065 PM
[ReportManager] Initial URL: [data:,] @03-11-2021 20:30:02.0113 PM
[ReportManager] Browser Action [NavigateToURL] successfully performed. With the following test data [https://www.google.com/ncr]. @03-11-2021 20:30:03.0205 P

################################################################################################################################################
Starting Execution:	[116 out of 145] test cases in the current suite
Test Method:		[unitTests.tests_validations_assertions.assertElementAttribute_true_literalComparison_expectedToPass]
################################################################################################################################################
[ReportManager] Element Action [Type] successfully performed. With the following test data [Automation!@#$%^&*()_+{}[]\';/.,]. @03-11-2021 20:30:03.0771 PM
[ReportManager] Element Action [GetText] successfully performed. With the following test data [Automation!@#$%^&*()_+{}[]\';/.,]. @03-11-2021 20:30:03.0892 PM
[ReportManager] Loaded Shared OpenCV @03-11-2021 20:30:04.0163 PM
[ReportManager] Assertion [ValidateElementAttribute] PASSED. Expected [Value Should be 'Automation!@#$%^&*()_+{}[]\';/.,' for the 'text' attribute, element locator 'By.name: q'] and Actual [Automation!@#$%^&*()_+{}[]\';/.,]. Comparison Type [EQUALS]. Validation Type [POSITIVE]. @03-11-2021 20:30:04.0402 PM
[ReportManager] Successfully created attachment [Screenshot - 1635971404163_assertElementAttribute_true_literalComparison_expectedToPass_ValidateElementAttribute_passed] @03-11-2021 20:30:04.0404 P
[ReportManager] Browser Action [CloseCurrentWindow] successfully performed. @03-11-2021 20:30:04.0529 PM
[ReportManager] Successfully created attachment [Browser Action Test Data - CloseCurrentWindow - Actual Value] @03-11-2021 20:30:04.0530 P
[ReportManager] File Action [GetAbsolutePath] successfully performed. With the following test data [Relative Folder Path: "target/downloadedFiles/"]. @03-11-2021 20:30:04.0532 PM
[ReportManager] Attempting to run remotely on: [Linux-64], [GoogleChrome], [http://localhost:4444/wd/hub], Headless Execution. @03-11-2021 20:30:04.0532 PM
[ReportManager] Successfully Opened [GoogleChrome]. @03-11-2021 20:30:07.0050 PM
[ReportManager] Target URL: [https://www.google.com/ncr], and after redirection: [www.google.com] @03-11-2021 20:30:07.0050 PM
[ReportManager] Initial URL: [data:,] @03-11-2021 20:30:07.0103 PM
[ReportManager] Browser Action [NavigateToURL] successfully performed. With the following test data [https://www.google.com/ncr]. @03-11-2021 20:30:08.0392 P

################################################################################################################################################
Starting Execution:	[117 out of 145] test cases in the current suite
Test Method:		[unitTests.tests_validations_assertions.assertElementAttribute_true_regexComparison_expectedToFail]
################################################################################################################################################
[ReportManager] Element Action [Type] successfully performed. With the following test data [Automation123]. @03-11-2021 20:30:08.0854 PM
[ReportManager] Element Action [GetText] successfully performed. With the following test data [Automation123]. @03-11-2021 20:30:09.0013 PM
[ReportManager] Loaded Shared OpenCV @03-11-2021 20:30:09.0261 PM
[ReportManager] Assertion [ValidateElementAttribute] FAILED. Expected [Value Should be 'Automation' for the 'text' attribute, element locator 'By.name: q'] and Actual [Automation123]. Comparison Type [MATCHES]. Validation Type [POSITIVE]. @03-11-2021 20:30:09.0492 PM
[ReportManager] Successfully created attachment [Screenshot - 1635971409261_assertElementAttribute_true_regexComparison_expectedToFail_ValidateElementAttribute_failed] @03-11-2021 20:30:09.0493 P
[ReportManager] Browser Action [CloseCurrentWindow] successfully performed. @03-11-2021 20:30:09.0656 PM
[ReportManager] Successfully created attachment [Browser Action Test Data - CloseCurrentWindow - Actual Value] @03-11-2021 20:30:09.0657 P
[ReportManager] File Action [GetAbsolutePath] successfully performed. With the following test data [Relative Folder Path: "target/downloadedFiles/"]. @03-11-2021 20:30:09.0671 PM
[ReportManager] Attempting to run remotely on: [Linux-64], [GoogleChrome], [http://localhost:4444/wd/hub], Headless Execution. @03-11-2021 20:30:09.0671 PM
[ReportManager] Successfully Opened [GoogleChrome]. @03-11-2021 20:30:12.0034 PM
[ReportManager] Target URL: [https://www.google.com/ncr], and after redirection: [www.google.com] @03-11-2021 20:30:12.0034 PM
[ReportManager] Initial URL: [data:,] @03-11-2021 20:30:12.0081 PM
[ReportManager] Browser Action [NavigateToURL] successfully performed. With the following test data [https://www.google.com/ncr]. @03-11-2021 20:30:13.0200 P

################################################################################################################################################
Starting Execution:	[118 out of 145] test cases in the current suite
Test Method:		[unitTests.tests_validations_assertions.assertElementAttribute_true_regexComparison_expectedToPass]
################################################################################################################################################
[ReportManager] Element Action [Type] successfully performed. With the following test data [Automation123]. @03-11-2021 20:30:13.0671 PM
[ReportManager] Element Action [GetText] successfully performed. With the following test data [Automation123]. @03-11-2021 20:30:13.0792 PM
[ReportManager] Loaded Shared OpenCV @03-11-2021 20:30:14.0044 PM
[ReportManager] Assertion [ValidateElementAttribute] PASSED. Expected [Value Should be 'Automation.*' for the 'text' attribute, element locator 'By.name: q'] and Actual [Automation123]. Comparison Type [MATCHES]. Validation Type [POSITIVE]. @03-11-2021 20:30:14.0268 PM
[ReportManager] Successfully created attachment [Screenshot - 1635971414044_assertElementAttribute_true_regexComparison_expectedToPass_ValidateElementAttribute_passed] @03-11-2021 20:30:14.0269 P
[ReportManager] Browser Action [CloseCurrentWindow] successfully performed. @03-11-2021 20:30:14.0401 PM
[ReportManager] Successfully created attachment [Browser Action Test Data - CloseCurrentWindow - Actual Value] @03-11-2021 20:30:14.0402 P
[ReportManager] File Action [GetAbsolutePath] successfully performed. With the following test data [Relative Folder Path: "target/downloadedFiles/"]. @03-11-2021 20:30:14.0405 PM
[ReportManager] Attempting to run remotely on: [Linux-64], [GoogleChrome], [http://localhost:4444/wd/hub], Headless Execution. @03-11-2021 20:30:14.0405 PM
[ReportManager] Successfully Opened [GoogleChrome]. @03-11-2021 20:30:17.0042 PM
[ReportManager] Target URL: [https://www.google.com/ncr], and after redirection: [www.google.com] @03-11-2021 20:30:17.0042 PM
[ReportManager] Initial URL: [data:,] @03-11-2021 20:30:17.0121 PM
[ReportManager] Browser Action [NavigateToURL] successfully performed. With the following test data [https://www.google.com/ncr]. @03-11-2021 20:30:18.0176 P

################################################################################################################################################
Starting Execution:	[119 out of 145] test cases in the current suite
Test Method:		[unitTests.tests_validations_assertions.assertElementAttribute_type_true_literalComparison_expectedToPass]
################################################################################################################################################
[ReportManager] Element Action [Type] successfully performed. With the following test data [Automation!@#$%^&*()_+{}[]\';/.,]. @03-11-2021 20:30:18.0760 PM
[ReportManager] Element Action [GetText] successfully performed. With the following test data [Automation!@#$%^&*()_+{}[]\';/.,]. @03-11-2021 20:30:18.0871 PM
[ReportManager] Loaded Shared OpenCV @03-11-2021 20:30:19.0179 PM
[ReportManager] Assertion [ValidateElementAttribute] PASSED. Expected [Value Should be 'Automation!@#$%^&*()_+{}[]\';/.,' for the 'text' attribute, element locator 'By.name: q'] and Actual [Automation!@#$%^&*()_+{}[]\';/.,]. Comparison Type [EQUALS]. Validation Type [POSITIVE]. @03-11-2021 20:30:19.0418 PM
[ReportManager] Successfully created attachment [Screenshot - 1635971419179_assertElementAttribute_type_true_literalComparison_expectedToPass_ValidateElementAttribute_passed] @03-11-2021 20:30:19.0419 P
[ReportManager] Browser Action [CloseCurrentWindow] successfully performed. @03-11-2021 20:30:19.0544 PM
[ReportManager] Successfully created attachment [Browser Action Test Data - CloseCurrentWindow - Actual Value] @03-11-2021 20:30:19.0544 P
[ReportManager] File Action [GetAbsolutePath] successfully performed. With the following test data [Relative Folder Path: "target/downloadedFiles/"]. @03-11-2021 20:30:19.0547 PM
[ReportManager] Attempting to run remotely on: [Linux-64], [GoogleChrome], [http://localhost:4444/wd/hub], Headless Execution. @03-11-2021 20:30:19.0547 PM
[ReportManager] Successfully Opened [GoogleChrome]. @03-11-2021 20:30:22.0054 PM
[ReportManager] Target URL: [https://www.google.com/ncr], and after redirection: [www.google.com] @03-11-2021 20:30:22.0054 PM
[ReportManager] Initial URL: [data:,] @03-11-2021 20:30:22.0094 PM
[ReportManager] Browser Action [NavigateToURL] successfully performed. With the following test data [https://www.google.com/ncr]. @03-11-2021 20:30:23.0165 P

################################################################################################################################################
Starting Execution:	[120 out of 145] test cases in the current suite
Test Method:		[unitTests.tests_validations_assertions.assertElementExists_false_expectedToFail]
################################################################################################################################################
[ReportManager] Assertion [ValidateElementExists] PASSED. Expected [Element Should not Exist, locator 'By.id: hplogo'] and Actual [Element Doesn't Exists]. Comparison Type [EQUALS]. Validation Type [NEGATIVE]. @03-11-2021 20:30:33.0786 PM
[ReportManager] Successfully created attachment [Screenshot - 1635971433588_assertElementExists_false_expectedToFail_ValidateElementExists_passed] @03-11-2021 20:30:33.0787 P
[ReportManager] Browser Action [CloseCurrentWindow] successfully performed. @03-11-2021 20:30:33.0905 PM
[ReportManager] Successfully created attachment [Browser Action Test Data - CloseCurrentWindow - Actual Value] @03-11-2021 20:30:33.0906 P
[ReportManager] File Action [GetAbsolutePath] successfully performed. With the following test data [Relative Folder Path: "target/downloadedFiles/"]. @03-11-2021 20:30:33.0908 PM
[ReportManager] Attempting to run remotely on: [Linux-64], [GoogleChrome], [http://localhost:4444/wd/hub], Headless Execution. @03-11-2021 20:30:33.0909 PM
[ReportManager] Successfully Opened [GoogleChrome]. @03-11-2021 20:30:37.0042 PM
[ReportManager] Target URL: [https://www.google.com/ncr], and after redirection: [www.google.com] @03-11-2021 20:30:37.0043 PM
[ReportManager] Initial URL: [data:,] @03-11-2021 20:30:37.0107 PM
[ReportManager] Browser Action [NavigateToURL] successfully performed. With the following test data [https://www.google.com/ncr]. @03-11-2021 20:30:37.0918 P

################################################################################################################################################
Starting Execution:	[121 out of 145] test cases in the current suite
Test Method:		[unitTests.tests_validations_assertions.assertElementExists_false_expectedToPass]
################################################################################################################################################
[ReportManager] Assertion [ValidateElementExists] PASSED. Expected [Element Should not Exist, locator 'By.id: fakeElement'] and Actual [Element Doesn't Exists]. Comparison Type [EQUALS]. Validation Type [NEGATIVE]. @03-11-2021 20:30:48.0573 PM
[ReportManager] Successfully created attachment [Screenshot - 1635971448370_assertElementExists_false_expectedToPass_ValidateElementExists_passed] @03-11-2021 20:30:48.0574 P
[ReportManager] Browser Action [CloseCurrentWindow] successfully performed. @03-11-2021 20:30:48.0711 PM
[ReportManager] Successfully created attachment [Browser Action Test Data - CloseCurrentWindow - Actual Value] @03-11-2021 20:30:48.0712 P
[ReportManager] File Action [GetAbsolutePath] successfully performed. With the following test data [Relative Folder Path: "target/downloadedFiles/"]. @03-11-2021 20:30:48.0723 PM
[ReportManager] Attempting to run remotely on: [Linux-64], [GoogleChrome], [http://localhost:4444/wd/hub], Headless Execution. @03-11-2021 20:30:48.0723 PM
[ReportManager] Successfully Opened [GoogleChrome]. @03-11-2021 20:30:52.0048 PM
[ReportManager] Target URL: [https://www.google.com/ncr], and after redirection: [www.google.com] @03-11-2021 20:30:52.0049 PM
[ReportManager] Initial URL: [data:,] @03-11-2021 20:30:52.0094 PM
[ReportManager] Browser Action [NavigateToURL] successfully performed. With the following test data [https://www.google.com/ncr]. @03-11-2021 20:30:53.0420 P

################################################################################################################################################
Starting Execution:	[122 out of 145] test cases in the current suite
Test Method:		[unitTests.tests_validations_assertions.assertElementExists_false_multipleElementsFound_expectedToFail]
################################################################################################################################################
[ReportManager] Assertion [ValidateElementExists] FAILED. Expected [Element Should not Exist, locator 'By.xpath: //div'] and Actual [Element Exists but is not unique]. Comparison Type [EQUALS]. Validation Type [NEGATIVE]. @03-11-2021 20:30:53.0894 PM
[ReportManager] Successfully created attachment [Screenshot - 1635971453718_assertElementExists_false_multipleElementsFound_expectedToFail_ValidateElementExists_failed] @03-11-2021 20:30:53.0894 P
[ReportManager] Browser Action [CloseCurrentWindow] successfully performed. @03-11-2021 20:30:54.0015 PM
[ReportManager] Successfully created attachment [Browser Action Test Data - CloseCurrentWindow - Actual Value] @03-11-2021 20:30:54.0016 P
[ReportManager] File Action [GetAbsolutePath] successfully performed. With the following test data [Relative Folder Path: "target/downloadedFiles/"]. @03-11-2021 20:30:54.0019 PM
[ReportManager] Attempting to run remotely on: [Linux-64], [GoogleChrome], [http://localhost:4444/wd/hub], Headless Execution. @03-11-2021 20:30:54.0019 PM
[ReportManager] Successfully Opened [GoogleChrome]. @03-11-2021 20:30:57.0037 PM
[ReportManager] Target URL: [https://www.google.com/ncr], and after redirection: [www.google.com] @03-11-2021 20:30:57.0037 PM
[ReportManager] Initial URL: [data:,] @03-11-2021 20:30:57.0105 PM
[ReportManager] Browser Action [NavigateToURL] successfully performed. With the following test data [https://www.google.com/ncr]. @03-11-2021 20:30:58.0228 P

################################################################################################################################################
Starting Execution:	[123 out of 145] test cases in the current suite
Test Method:		[unitTests.tests_validations_assertions.assertElementExists_true_expectedToFail]
################################################################################################################################################
[ReportManager] Assertion [ValidateElementExists] FAILED. Expected [Element Should Exist, locator 'By.id: fakeElement'] and Actual [Element Doesn't Exists]. Comparison Type [EQUALS]. Validation Type [POSITIVE]. @03-11-2021 20:31:29.0170 PM
[ReportManager] Successfully created attachment [Screenshot - 1635971488990_assertElementExists_true_expectedToFail_ValidateElementExists_failed] @03-11-2021 20:31:29.0171 P
[ReportManager] Browser Action [CloseCurrentWindow] successfully performed. @03-11-2021 20:31:29.0305 PM
[ReportManager] Successfully created attachment [Browser Action Test Data - CloseCurrentWindow - Actual Value] @03-11-2021 20:31:29.0306 P
[ReportManager] File Action [GetAbsolutePath] successfully performed. With the following test data [Relative Folder Path: "target/downloadedFiles/"]. @03-11-2021 20:31:29.0308 PM
[ReportManager] Attempting to run remotely on: [Linux-64], [GoogleChrome], [http://localhost:4444/wd/hub], Headless Execution. @03-11-2021 20:31:29.0308 PM
[ReportManager] Successfully Opened [GoogleChrome]. @03-11-2021 20:31:32.0043 PM
[ReportManager] Target URL: [https://www.google.com/ncr], and after redirection: [www.google.com] @03-11-2021 20:31:32.0043 PM
[ReportManager] Initial URL: [data:,] @03-11-2021 20:31:32.0094 PM
[ReportManager] Browser Action [NavigateToURL] successfully performed. With the following test data [https://www.google.com/ncr]. @03-11-2021 20:31:33.0288 P

################################################################################################################################################
Starting Execution:	[124 out of 145] test cases in the current suite
Test Method:		[unitTests.tests_validations_assertions.assertElementExists_true_expectedToPass]
################################################################################################################################################
[ReportManager] Loaded Shared OpenCV @03-11-2021 20:31:33.0604 PM
[ReportManager] Assertion [ValidateElementExists] PASSED. Expected [Element Should Exist, locator 'By.xpath: //*[@id='hplogo' or @alt='Google']'] and Actual [Element Exists]. Comparison Type [EQUALS]. Validation Type [POSITIVE]. @03-11-2021 20:31:33.0839 PM
[ReportManager] Successfully created attachment [Screenshot - 1635971493603_assertElementExists_true_expectedToPass_ValidateElementExists_passed] @03-11-2021 20:31:33.0840 P
[ReportManager] Browser Action [CloseCurrentWindow] successfully performed. @03-11-2021 20:31:33.0983 PM
[ReportManager] Successfully created attachment [Browser Action Test Data - CloseCurrentWindow - Actual Value] @03-11-2021 20:31:33.0983 P
[ReportManager] File Action [GetAbsolutePath] successfully performed. With the following test data [Relative Folder Path: "target/downloadedFiles/"]. @03-11-2021 20:31:33.0995 PM
[ReportManager] Attempting to run remotely on: [Linux-64], [GoogleChrome], [http://localhost:4444/wd/hub], Headless Execution. @03-11-2021 20:31:33.0995 PM
[ReportManager] Successfully Opened [GoogleChrome]. @03-11-2021 20:31:37.0047 PM
[ReportManager] Target URL: [https://www.google.com/ncr], and after redirection: [www.google.com] @03-11-2021 20:31:37.0047 PM
[ReportManager] Initial URL: [data:,] @03-11-2021 20:31:37.0092 PM
[ReportManager] Browser Action [NavigateToURL] successfully performed. With the following test data [https://www.google.com/ncr]. @03-11-2021 20:31:38.0397 P

################################################################################################################################################
Starting Execution:	[125 out of 145] test cases in the current suite
Test Method:		[unitTests.tests_validations_assertions.assertElementExists_true_multipleElementsFound_expectedToFail]
################################################################################################################################################
[ReportManager] Assertion [ValidateElementExists] FAILED. Expected [Element Should Exist, locator 'By.xpath: //div'] and Actual [Element Exists but is not unique]. Comparison Type [EQUALS]. Validation Type [POSITIVE]. @03-11-2021 20:31:38.0907 PM
[ReportManager] Successfully created attachment [Screenshot - 1635971498720_assertElementExists_true_multipleElementsFound_expectedToFail_ValidateElementExists_failed] @03-11-2021 20:31:38.0908 P
[ReportManager] Browser Action [CloseCurrentWindow] successfully performed. @03-11-2021 20:31:39.0041 PM
[ReportManager] Successfully created attachment [Browser Action Test Data - CloseCurrentWindow - Actual Value] @03-11-2021 20:31:39.0042 P

################################################################################################################################################
Starting Execution:	[126 out of 145] test cases in the current suite
Test Method:		[unitTests.tests_validations_assertions.assertEquals_false_expectedToFail]
################################################################################################################################################
[ReportManager] Assertion [ValidateEquals] FAILED. Expected [1] and Actual [1]. Comparison Type [EQUALS]. Validation Type [NEGATIVE]. @03-11-2021 20:31:39.0049 P

################################################################################################################################################
Starting Execution:	[127 out of 145] test cases in the current suite
Test Method:		[unitTests.tests_validations_assertions.assertEquals_false_expectedToPass]
################################################################################################################################################
[ReportManager] Assertion [ValidateEquals] PASSED. Expected [1] and Actual [2]. Comparison Type [EQUALS]. Validation Type [NEGATIVE]. @03-11-2021 20:31:39.0053 P

################################################################################################################################################
Starting Execution:	[128 out of 145] test cases in the current suite
Test Method:		[unitTests.tests_validations_assertions.assertEquals_longCharacters]
################################################################################################################################################
[ReportManager] Verification [ValidateEquals] PASSED. Expected and Actual values are attached. Comparison Type [EQUALS]. Validation Type [POSITIVE]. @03-11-2021 20:31:39.0060 PM
[ReportManager] Successfully created attachment [Validation Test Data - Expected Value] @03-11-2021 20:31:39.0061 PM
[ReportManager] Successfully created attachment [Validation Test Data - Actual Value] @03-11-2021 20:31:39.0061 PM
[ReportManager] Assertion [ValidateEquals] PASSED. Expected and Actual values are attached. Comparison Type [EQUALS]. Validation Type [POSITIVE]. @03-11-2021 20:31:39.0061 PM
[ReportManager] Successfully created attachment [Validation Test Data - Expected Value] @03-11-2021 20:31:39.0061 PM
[ReportManager] Successfully created attachment [Validation Test Data - Actual Value] @03-11-2021 20:31:39.0061 P

################################################################################################################################################
Starting Execution:	[129 out of 145] test cases in the current suite
Test Method:		[unitTests.tests_validations_assertions.assertEquals_longCharacters_Discreet]
################################################################################################################################################
[ReportManager] Assertion [ValidateEquals] PASSED. Expected [1LH5pROcDBjjQk0t0mCr0lXuzQu9lcGj28kY8R1H81X67eVAQJgWQhILiRWVPUgZ6uCtK5cnBkF55Jr9vYngjGO1Iyf0Mktv6lruDlL9T8MAUPcUZJGHZtji6nIeadujDSNmWMj5d6C8zlFqw0CRqBU0hO5adIasHgBSNoLotAjce3NGXoDwAlp3rYreeV16VIyZXROQY] and Actual [1LH5pROcDBjjQk0t0mCr0lXuzQu9lcGj28kY8R1H81X67eVAQJgWQhILiRWVPUgZ6uCtK5cnBkF55Jr9vYngjGO1Iyf0Mktv6lruDlL9T8MAUPcUZJGHZtji6nIeadujDSNmWMj5d6C8zlFqw0CRqBU0hO5adIasHgBSNoLotAjce3NGXoDwAlp3rYreeV16VIyZXROQY]. Comparison Type [EQUALS]. Validation Type [POSITIVE]. @03-11-2021 20:31:39.0070 P

################################################################################################################################################
Starting Execution:	[130 out of 145] test cases in the current suite
Test Method:		[unitTests.tests_validations_assertions.assertEquals_true_expectedToFail]
################################################################################################################################################
[ReportManager] Assertion [ValidateEquals] FAILED. Expected [1] and Actual [2]. Comparison Type [EQUALS]. Validation Type [POSITIVE]. @03-11-2021 20:31:39.0073 P

################################################################################################################################################
Starting Execution:	[131 out of 145] test cases in the current suite
Test Method:		[unitTests.tests_validations_assertions.assertEquals_true_expectedToPass]
Test Description:	[Assert that assertEquals works as expected when the two values are equal.]
################################################################################################################################################
[ReportManager] Verification [ValidateEquals] PASSED. Expected [1] and Actual [1]. Comparison Type [EQUALS]. Validation Type [POSITIVE]. @03-11-2021 20:31:39.0088 PM
[ReportManager] Assertion [ValidateEquals] PASSED. Expected [1] and Actual [1]. Comparison Type [EQUALS]. Validation Type [POSITIVE]. @03-11-2021 20:31:39.0088 P

################################################################################################################################################
Starting Execution:	[132 out of 145] test cases in the current suite
Test Method:		[unitTests.tests_validations_assertions.assertEquals_true_expectedToPass__]
################################################################################################################################################
[ReportManager] Assertion [ValidateEquals] PASSED. Expected [1] and Actual [1]. Comparison Type [EQUALS]. Validation Type [POSITIVE]. @03-11-2021 20:31:39.0093 P

################################################################################################################################################
Starting Execution:	[133 out of 145] test cases in the current suite
Test Method:		[unitTests.tests_validations_assertions.assertFileExists_false_expectedToFail]
################################################################################################################################################
[ReportManager] File Action [DoesFileExist] successfully performed. With the following test data [File Path: "src/main/java/com/shaft/gui/element/ElementActions.java"]. @03-11-2021 20:31:39.0098 PM
[ReportManager] Assertion [ValidateFileExists] FAILED. Expected [File 'src/main/java/com/shaft/gui/element/ElementActions.java' should not exist, after up to '1' retries] and Actual [File exists]. Validation Type [NEGATIVE]. @03-11-2021 20:31:39.0106 P

################################################################################################################################################
Starting Execution:	[134 out of 145] test cases in the current suite
Test Method:		[unitTests.tests_validations_assertions.assertFileExists_false_expectedToPass]
################################################################################################################################################
[ReportManager] File Action [DoesFileExist] successfully performed. With the following test data [File Path: "src/main/java/com/shaft/gui/element/ElementActions.java_fail"]. @03-11-2021 20:31:39.0613 PM
[ReportManager] Assertion [ValidateFileExists] PASSED. Expected [File 'src/main/java/com/shaft/gui/element/ElementActions.java_fail' should not exist, after up to '1' retries] and Actual [File does not exist]. Validation Type [NEGATIVE]. @03-11-2021 20:31:39.0613 P

################################################################################################################################################
Starting Execution:	[135 out of 145] test cases in the current suite
Test Method:		[unitTests.tests_validations_assertions.assertFileExists_true_expectedToFail]
################################################################################################################################################
[ReportManager] File Action [DoesFileExist] successfully performed. With the following test data [File Path: "src/main/java/com/shaft/gui/element/ElementActions.java_fail"]. @03-11-2021 20:31:40.0122 PM
[ReportManager] Assertion [ValidateFileExists] FAILED. Expected [File 'src/main/java/com/shaft/gui/element/ElementActions.java_fail' should exist, after up to '1' retries] and Actual [File does not exist]. Validation Type [POSITIVE]. @03-11-2021 20:31:40.0123 P

################################################################################################################################################
Starting Execution:	[136 out of 145] test cases in the current suite
Test Method:		[unitTests.tests_validations_assertions.assertFileExists_true_expectedToPass]
################################################################################################################################################
[ReportManager] File Action [DoesFileExist] successfully performed. With the following test data [File Path: "src/main/java/com/shaft/gui/element/ElementActions.java"]. @03-11-2021 20:31:40.0128 PM
[ReportManager] Assertion [ValidateFileExists] PASSED. Expected [File 'src/main/java/com/shaft/gui/element/ElementActions.java' should exist, after up to '1' retries] and Actual [File exists]. Validation Type [POSITIVE]. @03-11-2021 20:31:40.0128 P

################################################################################################################################################
Starting Execution:	[137 out of 145] test cases in the current suite
Test Method:		[unitTests.tests_validations_assertions.assertNull_false_expectedToFail]
################################################################################################################################################
[ReportManager] Assertion [ValidateNull] FAILED. Expected [NULL] and Actual [NULL]. Comparison Type [EQUALS]. Validation Type [NEGATIVE]. @03-11-2021 20:31:40.0130 P

################################################################################################################################################
Starting Execution:	[138 out of 145] test cases in the current suite
Test Method:		[unitTests.tests_validations_assertions.assertNull_false_expectedToPass]
################################################################################################################################################
[ReportManager] Assertion [ValidateNull] PASSED. Expected [NULL] and Actual [1]. Comparison Type [EQUALS]. Validation Type [NEGATIVE]. @03-11-2021 20:31:40.0135 P

################################################################################################################################################
Starting Execution:	[139 out of 145] test cases in the current suite
Test Method:		[unitTests.tests_validations_assertions.assertNull_true_expectedToFail]
################################################################################################################################################
[ReportManager] Assertion [ValidateNull] FAILED. Expected [NULL] and Actual [1]. Comparison Type [EQUALS]. Validation Type [POSITIVE]. @03-11-2021 20:31:40.0138 P

################################################################################################################################################
Starting Execution:	[140 out of 145] test cases in the current suite
Test Method:		[unitTests.tests_validations_assertions.assertNull_true_expectedToPass]
################################################################################################################################################
[ReportManager] Assertion [ValidateNull] PASSED. Expected [NULL] and Actual [NULL]. Comparison Type [EQUALS]. Validation Type [POSITIVE]. @03-11-2021 20:31:40.0140 P
[ReportManager] File Action [GetAbsolutePath] successfully performed. With the following test data [Relative Folder Path: "target/downloadedFiles/"]. @03-11-2021 20:31:40.0144 PM
[ReportManager] Attempting to run remotely on: [Linux-64], [GoogleChrome], [http://localhost:4444/wd/hub], Headless Execution. @03-11-2021 20:31:40.0144 PM
[ReportManager] Successfully Opened [GoogleChrome]. @03-11-2021 20:31:42.0039 P

################################################################################################################################################
Starting Execution:	[141 out of 145] test cases in the current suite
Test Method:		[unitTests.tests_element_elementActions.waitForElementToBePresent_false_expectedToFail]
################################################################################################################################################
[ReportManager] Target URL: [https://www.google.com/ncr], and after redirection: [www.google.com] @03-11-2021 20:31:42.0041 PM
[ReportManager] Initial URL: [data:,] @03-11-2021 20:31:42.0095 PM
[ReportManager] Browser Action [NavigateToURL] successfully performed. With the following test data [https://www.google.com/ncr]. @03-11-2021 20:31:43.0350 PM
[ReportManager] Waiting for element to be present; elementLocator [By.xpath: //*[@id='hplogo' or @alt='Google']], numberOfTries[1], stateOfPresence[false]... @03-11-2021 20:31:43.0353 PM
[ReportManager] Element Action [WaitForElementToBePresent] failed. With the following test data [waited for the element's state of presence to be (false). Element locator (By.xpath: //*[@id='hplogo' or @alt='Google'])]. @03-11-2021 20:31:43.0802 PM
[ReportManager] Successfully created attachment [Screenshot - 1635971503636_waitForElementToBePresent_false_expectedToFail_WaitForElementToBePresent_failed] @03-11-2021 20:31:43.0803 P
[ReportManager] Browser Action [CloseCurrentWindow] successfully performed. @03-11-2021 20:31:43.0947 PM
[ReportManager] Successfully created attachment [Browser Action Test Data - CloseCurrentWindow - Actual Value] @03-11-2021 20:31:43.0948 P
[ReportManager] File Action [GetAbsolutePath] successfully performed. With the following test data [Relative Folder Path: "target/downloadedFiles/"]. @03-11-2021 20:31:43.0951 PM
[ReportManager] Attempting to run remotely on: [Linux-64], [GoogleChrome], [http://localhost:4444/wd/hub], Headless Execution. @03-11-2021 20:31:43.0951 PM
[ReportManager] Successfully Opened [GoogleChrome]. @03-11-2021 20:31:47.0036 P

################################################################################################################################################
Starting Execution:	[142 out of 145] test cases in the current suite
Test Method:		[unitTests.tests_element_elementActions.waitForElementToBePresent_false_expectedToPass]
################################################################################################################################################
[ReportManager] Target URL: [https://www.google.com/ncr], and after redirection: [www.google.com] @03-11-2021 20:31:47.0043 PM
[ReportManager] Initial URL: [data:,] @03-11-2021 20:31:47.0085 PM
[ReportManager] Browser Action [NavigateToURL] successfully performed. With the following test data [https://www.google.com/ncr]. @03-11-2021 20:31:48.0311 PM
[ReportManager] Waiting for element to be present; elementLocator [By.id: bla], numberOfTries[1], stateOfPresence[false]... @03-11-2021 20:31:48.0311 PM
[ReportManager] Element Action [WaitForElementToBePresent] successfully performed. With the following test data [waited for the element's state of presence to be (false). Element locator (By.id: bla)]. @03-11-2021 20:31:53.0446 P
[ReportManager] Browser Action [CloseCurrentWindow] successfully performed. @03-11-2021 20:31:53.0578 PM
[ReportManager] Successfully created attachment [Browser Action Test Data - CloseCurrentWindow - Actual Value] @03-11-2021 20:31:53.0579 P
[ReportManager] File Action [GetAbsolutePath] successfully performed. With the following test data [Relative Folder Path: "target/downloadedFiles/"]. @03-11-2021 20:31:53.0581 PM
[ReportManager] Attempting to run remotely on: [Linux-64], [GoogleChrome], [http://localhost:4444/wd/hub], Headless Execution. @03-11-2021 20:31:53.0581 PM
[ReportManager] Successfully Opened [GoogleChrome]. @03-11-2021 20:31:57.0044 P

################################################################################################################################################
Starting Execution:	[143 out of 145] test cases in the current suite
Test Method:		[unitTests.tests_element_elementActions.waitForElementToBePresent_moreThanOneElement_expectedToFail]
################################################################################################################################################
[ReportManager] Target URL: [https://www.google.com/ncr], and after redirection: [www.google.com] @03-11-2021 20:31:57.0051 PM
[ReportManager] Initial URL: [data:,] @03-11-2021 20:31:57.0104 PM
[ReportManager] Browser Action [NavigateToURL] successfully performed. With the following test data [https://www.google.com/ncr]. @03-11-2021 20:31:58.0268 PM
[ReportManager] Waiting for element to be present; elementLocator [By.xpath: //*], numberOfTries[1], stateOfPresence[false]... @03-11-2021 20:31:58.0269 PM
[ReportManager] Element Action [WaitForElementToBePresent] failed. With the following test data [waited for the element's state of presence to be (false). Element locator (By.xpath: //*)]. @03-11-2021 20:31:58.0747 PM
[ReportManager] Successfully created attachment [Screenshot - 1635971518564_waitForElementToBePresent_moreThanOneElement_expectedToFail_WaitForElementToBePresent_failed] @03-11-2021 20:31:58.0748 P
[ReportManager] Browser Action [CloseCurrentWindow] successfully performed. @03-11-2021 20:31:58.0872 PM
[ReportManager] Successfully created attachment [Browser Action Test Data - CloseCurrentWindow - Actual Value] @03-11-2021 20:31:58.0873 P
[ReportManager] File Action [GetAbsolutePath] successfully performed. With the following test data [Relative Folder Path: "target/downloadedFiles/"]. @03-11-2021 20:31:58.0875 PM
[ReportManager] Attempting to run remotely on: [Linux-64], [GoogleChrome], [http://localhost:4444/wd/hub], Headless Execution. @03-11-2021 20:31:58.0875 PM
[ReportManager] Successfully Opened [GoogleChrome]. @03-11-2021 20:32:02.0051 P

################################################################################################################################################
Starting Execution:	[144 out of 145] test cases in the current suite
Test Method:		[unitTests.tests_element_elementActions.waitForElementToBePresent_true_expectedToFail]
################################################################################################################################################
[ReportManager] Target URL: [https://www.google.com/ncr], and after redirection: [www.google.com] @03-11-2021 20:32:02.0059 PM
[ReportManager] Initial URL: [data:,] @03-11-2021 20:32:02.0150 PM
[ReportManager] Browser Action [NavigateToURL] successfully performed. With the following test data [https://www.google.com/ncr]. @03-11-2021 20:32:03.0420 PM
[ReportManager] Waiting for element to be present; elementLocator [By.id: bla], numberOfTries[1], stateOfPresence[true]... @03-11-2021 20:32:03.0420 PM
[ReportManager] Element Action [WaitForElementToBePresent] failed. With the following test data [waited for the element's state of presence to be (true). Element locator (By.id: bla)]. @03-11-2021 20:32:08.0958 PM
[ReportManager] Successfully created attachment [Screenshot - 1635971528748_waitForElementToBePresent_true_expectedToFail_WaitForElementToBePresent_failed] @03-11-2021 20:32:08.0959 P
[ReportManager] Browser Action [CloseCurrentWindow] successfully performed. @03-11-2021 20:32:09.0095 PM
[ReportManager] Successfully created attachment [Browser Action Test Data - CloseCurrentWindow - Actual Value] @03-11-2021 20:32:09.0096 P
[ReportManager] File Action [GetAbsolutePath] successfully performed. With the following test data [Relative Folder Path: "target/downloadedFiles/"]. @03-11-2021 20:32:09.0103 PM
[ReportManager] Attempting to run remotely on: [Linux-64], [GoogleChrome], [http://localhost:4444/wd/hub], Headless Execution. @03-11-2021 20:32:09.0103 PM
[ReportManager] Successfully Opened [GoogleChrome]. @03-11-2021 20:32:12.0049 P

################################################################################################################################################
Starting Execution:	[145 out of 145] test cases in the current suite
Test Method:		[unitTests.tests_element_elementActions.waitForElementToBePresent_true_expectedToPass]
################################################################################################################################################
[ReportManager] Target URL: [https://www.google.com/ncr], and after redirection: [www.google.com] @03-11-2021 20:32:12.0059 PM
[ReportManager] Initial URL: [data:,] @03-11-2021 20:32:12.0108 PM
[ReportManager] Browser Action [NavigateToURL] successfully performed. With the following test data [https://www.google.com/ncr]. @03-11-2021 20:32:13.0314 PM
[ReportManager] Waiting for element to be present; elementLocator [By.xpath: //*[@id='hplogo' or @alt='Google']], numberOfTries[1], stateOfPresence[true]... @03-11-2021 20:32:13.0314 PM
[ReportManager] Element Action [WaitForElementToBePresent] successfully performed. With the following test data [waited for the element's state of presence to be (true). Element locator (By.xpath: //*[@id='hplogo' or @alt='Google'])]. @03-11-2021 20:32:13.0372 PM
[ReportManager] File Action [DoesFileExist] successfully performed. With the following test data [File Path: "src/main/resources/dynamicObjectRepository/unitTests_tests_element_elementActions_waitForElementToBePresent_true_expectedToPass_By_xpath_id_hplogo_or_alt_Google.png"]. @03-11-2021 20:32:13.0376 PM
[ReportManager] File Action [DoesFileExist] successfully performed. With the following test data [File Path: "src/main/resources/dynamicObjectRepository/unitTests_tests_element_elementActions_waitForElementToBePresent_true_expectedToPass_By_xpath_id_hplogo_or_alt_Google.png"]. @03-11-2021 20:32:13.0519 PM
[ReportManager] Passing the test and saving a reference image @03-11-2021 20:32:13.0519 PM
[ReportManager] File Action [GetAbsolutePath] successfully performed. With the following test data [Relative File Path: "src/main/resources/dynamicObjectRepository/unitTests_tests_element_elementActions_waitForElementToBePresent_true_expectedToPass_By_xpath_id_hplogo_or_alt_Google.png"]. @03-11-2021 20:32:13.0519 PM
[ReportManager] File Action [WriteToFile] successfully performed. With the following test data [Target File Path: "/home/runner/work/SHAFT_ENGINE/SHAFT_ENGINE/src/main/resources/dynamicObjectRepository/unitTests_tests_element_elementActions_waitForElementToBePresent_true_expectedToPass_By_xpath_id_hplogo_or_alt_Google.png"]. @03-11-2021 20:32:13.0520 PM
[ReportManager] Assertion Passed: Using Visual AI; OpenCV @03-11-2021 20:32:13.0521 PM
[ReportManager] Successfully created attachment [Validation Test Data - Actual Screenshot] @03-11-2021 20:32:13.0521 PM
[ReportManager] Assertion [ValidateElementMatches] PASSED. Expected [Element should match the reference screenshot] and Actual [TRUE]. Comparison Type [EXACT_OPENCV]. Validation Type [POSITIVE]. @03-11-2021 20:32:13.0521 P
[ReportManager] Browser Action [CloseCurrentWindow] successfully performed. @03-11-2021 20:32:13.0674 PM
[ReportManager] Successfully created attachment [Browser Action Test Data - CloseCurrentWindow - Actual Value] @03-11-2021 20:32:13.0675 P
[ReportManager] Successfully created attachment [SHAFT Engine Logs - Execution log] @03-11-2021 20:32:13.0715 PM

################################################################################################################################################
This test run was powered by SHAFT Engine Version: [SHAFT Engine v5.4.20211030-BETA]
SHAFT Engine is licensed under the MIT License: [https://github.com/MohabMohie/SHAFT_ENGINE/blob/master/LICENSE].
################################################################################################################################################