{
  "uid" : "2c0a3f571b133b3d",
  "name" : "assertNull_true_expectedToPass",
  "fullName" : "unitTests.tests_validations_assertions.assertNull_true_expectedToPass",
  "historyId" : "4604ee6340e8cffa6c36a592668ef42b",
  "time" : {
    "start" : 1639188151948,
    "stop" : 1639188151950,
    "duration" : 2
  },
  "status" : "skipped",
  "statusMessage" : "Browser Action [NavigateToNewURL] failed. With the following test data [https://www.google.com/ncr].",
  "statusTrace" : "java.lang.AssertionError: Browser Action [NavigateToNewURL] failed. With the following test data [https://www.google.com/ncr].\n\tat org.testng.Assert.fail(Assert.java:87)\n\tat com.shaft.gui.browser.WebDriverBrowserActions.failAction(WebDriverBrowserActions.java:610)\n\tat com.shaft.gui.browser.WebDriverBrowserActions.failAction(WebDriverBrowserActions.java:603)\n\tat com.shaft.gui.browser.WebDriverBrowserActions.navigateToNewURL(WebDriverBrowserActions.java:662)\n\tat com.shaft.gui.browser.WebDriverBrowserActions.navigateToURL(WebDriverBrowserActions.java:285)\n\tat com.shaft.gui.browser.BrowserActions.navigateToURL(BrowserActions.java:107)\n\tat unitTests.tests_validations_assertions.beforeMethod(tests_validations_assertions.java:407)\n\tat jdk.internal.reflect.GeneratedMethodAccessor125.invoke(Unknown Source)\n\tat java.base/jdk.internal.reflect.DelegatingMethodAccessorImpl.invoke(DelegatingMethodAccessorImpl.java:43)\n\tat java.base/java.lang.reflect.Method.invoke(Method.java:568)\n\tat org.testng.internal.MethodInvocationHelper.invokeMethod(MethodInvocationHelper.java:133)\n\tat org.testng.internal.MethodInvocationHelper.invokeMethodConsideringTimeout(MethodInvocationHelper.java:62)\n\tat org.testng.internal.ConfigInvoker.invokeConfigurationMethod(ConfigInvoker.java:385)\n\tat org.testng.internal.ConfigInvoker.invokeConfigurations(ConfigInvoker.java:321)\n\tat org.testng.internal.TestInvoker.runConfigMethods(TestInvoker.java:700)\n\tat org.testng.internal.TestInvoker.invokeMethod(TestInvoker.java:527)\n\tat org.testng.internal.TestInvoker.invokeTestMethod(TestInvoker.java:173)\n\tat org.testng.internal.MethodRunner.runInSequence(MethodRunner.java:46)\n\tat org.testng.internal.TestInvoker$MethodInvocationAgent.invoke(TestInvoker.java:824)\n\tat org.testng.internal.TestInvoker.invokeTestMethods(TestInvoker.java:146)\n\tat org.testng.internal.TestMethodWorker.invokeTestMethods(TestMethodWorker.java:146)\n\tat org.testng.internal.TestMethodWorker.run(TestMethodWorker.java:128)\n\tat java.base/java.util.ArrayList.forEach(ArrayList.java:1511)\n\tat org.testng.TestRunner.privateRun(TestRunner.java:794)\n\tat org.testng.TestRunner.run(TestRunner.java:596)\n\tat org.testng.SuiteRunner.runTest(SuiteRunner.java:377)\n\tat org.testng.SuiteRunner.runSequentially(SuiteRunner.java:371)\n\tat org.testng.SuiteRunner.privateRun(SuiteRunner.java:332)\n\tat org.testng.SuiteRunner.run(SuiteRunner.java:276)\n\tat org.testng.SuiteRunnerWorker.runSuite(SuiteRunnerWorker.java:53)\n\tat org.testng.SuiteRunnerWorker.run(SuiteRunnerWorker.java:96)\n\tat org.testng.TestNG.runSuitesSequentially(TestNG.java:1212)\n\tat org.testng.TestNG.runSuitesLocally(TestNG.java:1134)\n\tat org.testng.TestNG.runSuites(TestNG.java:1063)\n\tat org.testng.TestNG.run(TestNG.java:1031)\n\tat org.apache.maven.surefire.testng.TestNGExecutor.run(TestNGExecutor.java:136)\n\tat org.apache.maven.surefire.testng.TestNGDirectoryTestSuite.executeMulti(TestNGDirectoryTestSuite.java:193)\n\tat org.apache.maven.surefire.testng.TestNGDirectoryTestSuite.execute(TestNGDirectoryTestSuite.java:94)\n\tat org.apache.maven.surefire.testng.TestNGProvider.invoke(TestNGProvider.java:145)\n\tat org.apache.maven.surefire.booter.ForkedBooter.runSuitesInProcess(ForkedBooter.java:428)\n\tat org.apache.maven.surefire.booter.ForkedBooter.execute(ForkedBooter.java:162)\n\tat org.apache.maven.surefire.booter.ForkedBooter.run(ForkedBooter.java:562)\n\tat org.apache.maven.surefire.booter.ForkedBooter.main(ForkedBooter.java:548)\nCaused by: org.openqa.selenium.TimeoutException: java.util.concurrent.TimeoutException\nBuild info: version: '4.1.0', revision: '87802e897b'\nSystem info: host: 'fv-az212-936', ip: '10.1.0.26', os.name: 'Linux', os.arch: 'amd64', os.version: '5.11.0-1021-azure', java.version: '17.0.1'\nDriver info: org.openqa.selenium.remote.RemoteWebDriver\nCommand: [8a2f7c694bf69f07eb3de3e94b333c0f, get {url=https://www.google.com/ncr}]\nCapabilities {acceptInsecureCerts: true, browserName: chrome, browserVersion: 95.0.4638.69, chrome: {chromedriverVersion: 95.0.4638.54 (d31a821ec901f..., userDataDir: /tmp/.com.google.Chrome.xUEqXX}, goog:chromeOptions: {debuggerAddress: localhost:9222}, javascriptEnabled: true, networkConnectionEnabled: false, pageLoadStrategy: normal, platform: LINUX, platformName: LINUX, proxy: Proxy(), se:cdp: ws://0.0.0.0:4444/session/8..., se:cdpVersion: 95.0.4638.69, se:vnc: ws://0.0.0.0:4444/session/8..., se:vncEnabled: true, se:vncLocalAddress: ws://172.18.0.3:7900, setWindowRect: true, strictFileInteractability: false, timeouts: {implicit: 0, pageLoad: 30000, script: 30000}, unhandledPromptBehavior: accept and notify, webauthn:extension:credBlob: true, webauthn:extension:largeBlob: true, webauthn:virtualAuthenticators: true}\nSession ID: 8a2f7c694bf69f07eb3de3e94b333c0f\n\tat org.openqa.selenium.remote.http.netty.NettyHttpHandler.makeCall(NettyHttpHandler.java:72)\n\tat org.openqa.selenium.remote.http.RetryRequest.lambda$apply$6(RetryRequest.java:82)\n\tat net.jodah.failsafe.Functions.lambda$get$0(Functions.java:48)\n\tat net.jodah.failsafe.RetryPolicyExecutor.lambda$supply$0(RetryPolicyExecutor.java:66)\n\tat net.jodah.failsafe.RetryPolicyExecutor.lambda$supply$0(RetryPolicyExecutor.java:66)\n\tat net.jodah.failsafe.RetryPolicyExecutor.lambda$supply$0(RetryPolicyExecutor.java:66)\n\tat net.jodah.failsafe.Execution.executeSync(Execution.java:128)\n\tat net.jodah.failsafe.FailsafeExecutor.call(FailsafeExecutor.java:379)\n\tat net.jodah.failsafe.FailsafeExecutor.get(FailsafeExecutor.java:68)\n\tat org.openqa.selenium.remote.http.RetryRequest.lambda$apply$7(RetryRequest.java:82)\n\tat org.openqa.selenium.remote.http.AddSeleniumUserAgent.lambda$apply$0(AddSeleniumUserAgent.java:42)\n\tat org.openqa.selenium.remote.http.Filter.lambda$andFinally$1(Filter.java:56)\n\tat org.openqa.selenium.remote.http.netty.NettyHttpHandler.execute(NettyHttpHandler.java:51)\n\tat org.openqa.selenium.remote.http.RetryRequest.lambda$apply$6(RetryRequest.java:82)\n\tat net.jodah.failsafe.Functions.lambda$get$0(Functions.java:48)\n\tat net.jodah.failsafe.RetryPolicyExecutor.lambda$supply$0(RetryPolicyExecutor.java:66)\n\tat net.jodah.failsafe.RetryPolicyExecutor.lambda$supply$0(RetryPolicyExecutor.java:66)\n\tat net.jodah.failsafe.RetryPolicyExecutor.lambda$supply$0(RetryPolicyExecutor.java:66)\n\tat net.jodah.failsafe.Execution.executeSync(Execution.java:128)\n\tat net.jodah.failsafe.FailsafeExecutor.call(FailsafeExecutor.java:379)\n\tat net.jodah.failsafe.FailsafeExecutor.get(FailsafeExecutor.java:68)\n\tat org.openqa.selenium.remote.http.RetryRequest.lambda$apply$7(RetryRequest.java:82)\n\tat org.openqa.selenium.remote.http.AddSeleniumUserAgent.lambda$apply$0(AddSeleniumUserAgent.java:42)\n\tat org.openqa.selenium.remote.http.Filter.lambda$andFinally$1(Filter.java:56)\n\tat org.openqa.selenium.remote.http.netty.NettyClient.execute(NettyClient.java:108)\n\tat org.openqa.selenium.remote.tracing.TracedHttpClient.execute(TracedHttpClient.java:55)\n\tat org.openqa.selenium.remote.HttpCommandExecutor.execute(HttpCommandExecutor.java:181)\n\tat org.openqa.selenium.remote.TracedCommandExecutor.execute(TracedCommandExecutor.java:50)\n\tat org.openqa.selenium.remote.RemoteWebDriver.execute(RemoteWebDriver.java:559)\n\tat org.openqa.selenium.remote.RemoteWebDriver.get(RemoteWebDriver.java:328)\n\tat org.openqa.selenium.remote.RemoteWebDriver$RemoteNavigation.to(RemoteWebDriver.java:957)\n\tat com.shaft.gui.browser.WebDriverBrowserActions.navigateToNewURL(WebDriverBrowserActions.java:660)\n\t... 39 more\nCaused by: java.util.concurrent.TimeoutException\n\tat java.base/java.util.concurrent.CompletableFuture.timedGet(CompletableFuture.java:1960)\n\tat java.base/java.util.concurrent.CompletableFuture.get(CompletableFuture.java:2095)\n\tat org.asynchttpclient.netty.NettyResponseFuture.get(NettyResponseFuture.java:206)\n\tat org.openqa.selenium.remote.http.netty.NettyHttpHandler.makeCall(NettyHttpHandler.java:66)\n\t... 70 more\n",
  "flaky" : false,
  "newFailed" : false,
  "beforeStages" : [ {
    "name" : "setupActivities",
    "time" : {
      "start" : 1639187534105,
      "stop" : 1639187534963,
      "duration" : 858
    },
    "description" : "",
    "status" : "passed",
    "steps" : [ {
      "name" : "Folder [extent-reports] was not found, it may have already been deleted.",
      "time" : {
        "start" : 1639187534240,
        "stop" : 1639187534242,
        "duration" : 2
      },
      "status" : "passed",
      "steps" : [ ],
      "attachments" : [ ],
      "parameters" : [ {
        "name" : "actionCounter",
        "value" : "1"
      }, {
        "name" : "logText",
        "value" : "Folder [extent-reports] was not found, it may have already been deleted."
      } ],
      "stepsCount" : 0,
      "attachmentsCount" : 0,
      "shouldDisplayMessage" : false,
      "hasContent" : true
    } ],
    "attachments" : [ {
      "uid" : "21b22f0653abe5d0",
      "name" : "Attachment: SHAFT Links - Important",
      "source" : "21b22f0653abe5d0.uri",
      "type" : "text/uri-list",
      "size" : 346
    } ],
    "parameters" : [ ],
    "stepsCount" : 1,
    "attachmentsCount" : 1,
    "shouldDisplayMessage" : false,
    "hasContent" : true
  } ],
  "testStage" : {
    "status" : "skipped",
    "statusMessage" : "Browser Action [NavigateToNewURL] failed. With the following test data [https://www.google.com/ncr].",
    "statusTrace" : "java.lang.AssertionError: Browser Action [NavigateToNewURL] failed. With the following test data [https://www.google.com/ncr].\n\tat org.testng.Assert.fail(Assert.java:87)\n\tat com.shaft.gui.browser.WebDriverBrowserActions.failAction(WebDriverBrowserActions.java:610)\n\tat com.shaft.gui.browser.WebDriverBrowserActions.failAction(WebDriverBrowserActions.java:603)\n\tat com.shaft.gui.browser.WebDriverBrowserActions.navigateToNewURL(WebDriverBrowserActions.java:662)\n\tat com.shaft.gui.browser.WebDriverBrowserActions.navigateToURL(WebDriverBrowserActions.java:285)\n\tat com.shaft.gui.browser.BrowserActions.navigateToURL(BrowserActions.java:107)\n\tat unitTests.tests_validations_assertions.beforeMethod(tests_validations_assertions.java:407)\n\tat jdk.internal.reflect.GeneratedMethodAccessor125.invoke(Unknown Source)\n\tat java.base/jdk.internal.reflect.DelegatingMethodAccessorImpl.invoke(DelegatingMethodAccessorImpl.java:43)\n\tat java.base/java.lang.reflect.Method.invoke(Method.java:568)\n\tat org.testng.internal.MethodInvocationHelper.invokeMethod(MethodInvocationHelper.java:133)\n\tat org.testng.internal.MethodInvocationHelper.invokeMethodConsideringTimeout(MethodInvocationHelper.java:62)\n\tat org.testng.internal.ConfigInvoker.invokeConfigurationMethod(ConfigInvoker.java:385)\n\tat org.testng.internal.ConfigInvoker.invokeConfigurations(ConfigInvoker.java:321)\n\tat org.testng.internal.TestInvoker.runConfigMethods(TestInvoker.java:700)\n\tat org.testng.internal.TestInvoker.invokeMethod(TestInvoker.java:527)\n\tat org.testng.internal.TestInvoker.invokeTestMethod(TestInvoker.java:173)\n\tat org.testng.internal.MethodRunner.runInSequence(MethodRunner.java:46)\n\tat org.testng.internal.TestInvoker$MethodInvocationAgent.invoke(TestInvoker.java:824)\n\tat org.testng.internal.TestInvoker.invokeTestMethods(TestInvoker.java:146)\n\tat org.testng.internal.TestMethodWorker.invokeTestMethods(TestMethodWorker.java:146)\n\tat org.testng.internal.TestMethodWorker.run(TestMethodWorker.java:128)\n\tat java.base/java.util.ArrayList.forEach(ArrayList.java:1511)\n\tat org.testng.TestRunner.privateRun(TestRunner.java:794)\n\tat org.testng.TestRunner.run(TestRunner.java:596)\n\tat org.testng.SuiteRunner.runTest(SuiteRunner.java:377)\n\tat org.testng.SuiteRunner.runSequentially(SuiteRunner.java:371)\n\tat org.testng.SuiteRunner.privateRun(SuiteRunner.java:332)\n\tat org.testng.SuiteRunner.run(SuiteRunner.java:276)\n\tat org.testng.SuiteRunnerWorker.runSuite(SuiteRunnerWorker.java:53)\n\tat org.testng.SuiteRunnerWorker.run(SuiteRunnerWorker.java:96)\n\tat org.testng.TestNG.runSuitesSequentially(TestNG.java:1212)\n\tat org.testng.TestNG.runSuitesLocally(TestNG.java:1134)\n\tat org.testng.TestNG.runSuites(TestNG.java:1063)\n\tat org.testng.TestNG.run(TestNG.java:1031)\n\tat org.apache.maven.surefire.testng.TestNGExecutor.run(TestNGExecutor.java:136)\n\tat org.apache.maven.surefire.testng.TestNGDirectoryTestSuite.executeMulti(TestNGDirectoryTestSuite.java:193)\n\tat org.apache.maven.surefire.testng.TestNGDirectoryTestSuite.execute(TestNGDirectoryTestSuite.java:94)\n\tat org.apache.maven.surefire.testng.TestNGProvider.invoke(TestNGProvider.java:145)\n\tat org.apache.maven.surefire.booter.ForkedBooter.runSuitesInProcess(ForkedBooter.java:428)\n\tat org.apache.maven.surefire.booter.ForkedBooter.execute(ForkedBooter.java:162)\n\tat org.apache.maven.surefire.booter.ForkedBooter.run(ForkedBooter.java:562)\n\tat org.apache.maven.surefire.booter.ForkedBooter.main(ForkedBooter.java:548)\nCaused by: org.openqa.selenium.TimeoutException: java.util.concurrent.TimeoutException\nBuild info: version: '4.1.0', revision: '87802e897b'\nSystem info: host: 'fv-az212-936', ip: '10.1.0.26', os.name: 'Linux', os.arch: 'amd64', os.version: '5.11.0-1021-azure', java.version: '17.0.1'\nDriver info: org.openqa.selenium.remote.RemoteWebDriver\nCommand: [8a2f7c694bf69f07eb3de3e94b333c0f, get {url=https://www.google.com/ncr}]\nCapabilities {acceptInsecureCerts: true, browserName: chrome, browserVersion: 95.0.4638.69, chrome: {chromedriverVersion: 95.0.4638.54 (d31a821ec901f..., userDataDir: /tmp/.com.google.Chrome.xUEqXX}, goog:chromeOptions: {debuggerAddress: localhost:9222}, javascriptEnabled: true, networkConnectionEnabled: false, pageLoadStrategy: normal, platform: LINUX, platformName: LINUX, proxy: Proxy(), se:cdp: ws://0.0.0.0:4444/session/8..., se:cdpVersion: 95.0.4638.69, se:vnc: ws://0.0.0.0:4444/session/8..., se:vncEnabled: true, se:vncLocalAddress: ws://172.18.0.3:7900, setWindowRect: true, strictFileInteractability: false, timeouts: {implicit: 0, pageLoad: 30000, script: 30000}, unhandledPromptBehavior: accept and notify, webauthn:extension:credBlob: true, webauthn:extension:largeBlob: true, webauthn:virtualAuthenticators: true}\nSession ID: 8a2f7c694bf69f07eb3de3e94b333c0f\n\tat org.openqa.selenium.remote.http.netty.NettyHttpHandler.makeCall(NettyHttpHandler.java:72)\n\tat org.openqa.selenium.remote.http.RetryRequest.lambda$apply$6(RetryRequest.java:82)\n\tat net.jodah.failsafe.Functions.lambda$get$0(Functions.java:48)\n\tat net.jodah.failsafe.RetryPolicyExecutor.lambda$supply$0(RetryPolicyExecutor.java:66)\n\tat net.jodah.failsafe.RetryPolicyExecutor.lambda$supply$0(RetryPolicyExecutor.java:66)\n\tat net.jodah.failsafe.RetryPolicyExecutor.lambda$supply$0(RetryPolicyExecutor.java:66)\n\tat net.jodah.failsafe.Execution.executeSync(Execution.java:128)\n\tat net.jodah.failsafe.FailsafeExecutor.call(FailsafeExecutor.java:379)\n\tat net.jodah.failsafe.FailsafeExecutor.get(FailsafeExecutor.java:68)\n\tat org.openqa.selenium.remote.http.RetryRequest.lambda$apply$7(RetryRequest.java:82)\n\tat org.openqa.selenium.remote.http.AddSeleniumUserAgent.lambda$apply$0(AddSeleniumUserAgent.java:42)\n\tat org.openqa.selenium.remote.http.Filter.lambda$andFinally$1(Filter.java:56)\n\tat org.openqa.selenium.remote.http.netty.NettyHttpHandler.execute(NettyHttpHandler.java:51)\n\tat org.openqa.selenium.remote.http.RetryRequest.lambda$apply$6(RetryRequest.java:82)\n\tat net.jodah.failsafe.Functions.lambda$get$0(Functions.java:48)\n\tat net.jodah.failsafe.RetryPolicyExecutor.lambda$supply$0(RetryPolicyExecutor.java:66)\n\tat net.jodah.failsafe.RetryPolicyExecutor.lambda$supply$0(RetryPolicyExecutor.java:66)\n\tat net.jodah.failsafe.RetryPolicyExecutor.lambda$supply$0(RetryPolicyExecutor.java:66)\n\tat net.jodah.failsafe.Execution.executeSync(Execution.java:128)\n\tat net.jodah.failsafe.FailsafeExecutor.call(FailsafeExecutor.java:379)\n\tat net.jodah.failsafe.FailsafeExecutor.get(FailsafeExecutor.java:68)\n\tat org.openqa.selenium.remote.http.RetryRequest.lambda$apply$7(RetryRequest.java:82)\n\tat org.openqa.selenium.remote.http.AddSeleniumUserAgent.lambda$apply$0(AddSeleniumUserAgent.java:42)\n\tat org.openqa.selenium.remote.http.Filter.lambda$andFinally$1(Filter.java:56)\n\tat org.openqa.selenium.remote.http.netty.NettyClient.execute(NettyClient.java:108)\n\tat org.openqa.selenium.remote.tracing.TracedHttpClient.execute(TracedHttpClient.java:55)\n\tat org.openqa.selenium.remote.HttpCommandExecutor.execute(HttpCommandExecutor.java:181)\n\tat org.openqa.selenium.remote.TracedCommandExecutor.execute(TracedCommandExecutor.java:50)\n\tat org.openqa.selenium.remote.RemoteWebDriver.execute(RemoteWebDriver.java:559)\n\tat org.openqa.selenium.remote.RemoteWebDriver.get(RemoteWebDriver.java:328)\n\tat org.openqa.selenium.remote.RemoteWebDriver$RemoteNavigation.to(RemoteWebDriver.java:957)\n\tat com.shaft.gui.browser.WebDriverBrowserActions.navigateToNewURL(WebDriverBrowserActions.java:660)\n\t... 39 more\nCaused by: java.util.concurrent.TimeoutException\n\tat java.base/java.util.concurrent.CompletableFuture.timedGet(CompletableFuture.java:1960)\n\tat java.base/java.util.concurrent.CompletableFuture.get(CompletableFuture.java:2095)\n\tat org.asynchttpclient.netty.NettyResponseFuture.get(NettyResponseFuture.java:206)\n\tat org.openqa.selenium.remote.http.netty.NettyHttpHandler.makeCall(NettyHttpHandler.java:66)\n\t... 70 more\n",
    "steps" : [ ],
    "attachments" : [ {
      "uid" : "e9eec955b8fb63dc",
      "name" : "Attachment: SHAFT Engine Logs - Current Method log: assertNull_true_expectedToPass",
      "source" : "e9eec955b8fb63dc.txt",
      "type" : "text/plain",
      "size" : 444
    } ],
    "parameters" : [ ],
    "stepsCount" : 0,
    "attachmentsCount" : 1,
    "shouldDisplayMessage" : true,
    "hasContent" : true
  },
  "afterStages" : [ {
    "name" : "teardownActivities",
    "time" : {
      "start" : 1639188383158,
      "stop" : 1639188384044,
      "duration" : 886
    },
    "description" : "",
    "status" : "passed",
    "steps" : [ {
      "name" : "Successfully Closed All Drivers.",
      "time" : {
        "start" : 1639188383176,
        "stop" : 1639188383176,
        "duration" : 0
      },
      "status" : "passed",
      "steps" : [ ],
      "attachments" : [ ],
      "parameters" : [ {
        "name" : "actionCounter",
        "value" : "537"
      }, {
        "name" : "logText",
        "value" : "Successfully Closed All Drivers."
      } ],
      "stepsCount" : 0,
      "attachmentsCount" : 0,
      "shouldDisplayMessage" : false,
      "hasContent" : true
    }, {
      "name" : "Issue Summary: Total Issues = 2, New issues for Failed Tests = 0, Open issues for Passed Tests = 2, Open issues for Failed Tests = 0. Kindly check the attached Issue details.",
      "time" : {
        "start" : 1639188383209,
        "stop" : 1639188383210,
        "duration" : 1
      },
      "status" : "passed",
      "steps" : [ ],
      "attachments" : [ {
        "uid" : "338f3a5d8b22eb5",
        "name" : "Attachment: SHAFT Engine Logs - Issues log CSV: 20211211-020623",
        "source" : "338f3a5d8b22eb5.csv",
        "type" : "text/csv",
        "size" : 228
      } ],
      "parameters" : [ {
        "name" : "actionCounter",
        "value" : "538"
      }, {
        "name" : "logText",
        "value" : "Issue Summary: Total Issues = 2, New issues for Failed Tests = 0, Open issues for Passed Tests = 2, Open issues for Failed Tests = 0. Kindly check the attached Issue details."
      }, {
        "name" : "attachments",
        "value" : "[[SHAFT Engine Logs, Issues log CSV: 20211211-020623, java.io.ByteArrayInputStream@55d2ae94]]"
      } ],
      "stepsCount" : 0,
      "attachmentsCount" : 1,
      "shouldDisplayMessage" : false,
      "hasContent" : true
    } ],
    "attachments" : [ {
      "uid" : "f0d7c6bdef35c7bf",
      "name" : "Attachment: SHAFT Engine Logs - Execution log: 20211211-020623",
      "source" : "f0d7c6bdef35c7bf.txt",
      "type" : "text/plain",
      "size" : 354297
    }, {
      "uid" : "e12d3501f2ba06f1",
      "name" : "Attachment: HTML - Extent Emailable Execution Report",
      "source" : "e12d3501f2ba06f1.html",
      "type" : "text/html",
      "size" : 14109477
    } ],
    "parameters" : [ ],
    "stepsCount" : 2,
    "attachmentsCount" : 3,
    "shouldDisplayMessage" : false,
    "hasContent" : true
  } ],
  "labels" : [ {
    "name" : "package",
    "value" : "unitTests.tests_validations_assertions"
  }, {
    "name" : "testClass",
    "value" : "unitTests.tests_validations_assertions"
  }, {
    "name" : "testMethod",
    "value" : "assertNull_true_expectedToPass"
  }, {
    "name" : "parentSuite",
    "value" : "SHAFT: Custom Suite"
  }, {
    "name" : "suite",
    "value" : "SHAFT: Custom Test"
  }, {
    "name" : "subSuite",
    "value" : "unitTests.tests_validations_assertions"
  }, {
    "name" : "host",
    "value" : "fv-az212-936"
  }, {
    "name" : "thread",
    "value" : "4165@fv-az212-936.main(1)"
  }, {
    "name" : "framework",
    "value" : "testng"
  }, {
    "name" : "language",
    "value" : "java"
  }, {
    "name" : "resultFormat",
    "value" : "allure2"
  } ],
  "parameters" : [ ],
  "links" : [ ],
  "hidden" : false,
  "retry" : false,
  "extra" : {
    "severity" : "normal",
    "retries" : [ ],
    "categories" : [ ],
    "history" : {
      "statistic" : {
        "failed" : 0,
        "broken" : 0,
        "skipped" : 2,
        "passed" : 14,
        "unknown" : 0,
        "total" : 16
      },
      "items" : [ {
        "uid" : "6b043cc5f50991ab",
        "reportUrl" : "https://MohabMohie.github.io/SHAFT_ENGINE/allure/Linux/Web/972//#testresult/6b043cc5f50991ab",
        "status" : "passed",
        "time" : {
          "start" : 1639015357562,
          "stop" : 1639015357564,
          "duration" : 2
        }
      }, {
        "uid" : "336579074b74a3a4",
        "reportUrl" : "https://MohabMohie.github.io/SHAFT_ENGINE/allure/Linux/Web/969//#testresult/336579074b74a3a4",
        "status" : "passed",
        "time" : {
          "start" : 1638929009227,
          "stop" : 1638929009229,
          "duration" : 2
        }
      }, {
        "uid" : "1eafd2c7e24f71a",
        "reportUrl" : "https://MohabMohie.github.io/SHAFT_ENGINE/allure/Linux/Web/968//#testresult/1eafd2c7e24f71a",
        "status" : "passed",
        "time" : {
          "start" : 1638842748044,
          "stop" : 1638842748047,
          "duration" : 3
        }
      }, {
        "uid" : "5b3e83fb1245b3be",
        "reportUrl" : "https://MohabMohie.github.io/SHAFT_ENGINE/allure/Linux/Web/967//#testresult/5b3e83fb1245b3be",
        "status" : "passed",
        "time" : {
          "start" : 1638794575827,
          "stop" : 1638794575828,
          "duration" : 1
        }
      }, {
        "uid" : "b29f8ee7651e7631",
        "reportUrl" : "https://MohabMohie.github.io/SHAFT_ENGINE/allure/Linux/Web/964//#testresult/b29f8ee7651e7631",
        "status" : "passed",
        "time" : {
          "start" : 1638670196011,
          "stop" : 1638670196012,
          "duration" : 1
        }
      }, {
        "uid" : "d98859c0b5caab6",
        "reportUrl" : "https://MohabMohie.github.io/SHAFT_ENGINE/allure/Linux/Web/963//#testresult/d98859c0b5caab6",
        "status" : "passed",
        "time" : {
          "start" : 1638632434855,
          "stop" : 1638632434859,
          "duration" : 4
        }
      }, {
        "uid" : "f785e186d6fbc14c",
        "reportUrl" : "https://MohabMohie.github.io/SHAFT_ENGINE/allure/Linux/Web/962//#testresult/f785e186d6fbc14c",
        "status" : "passed",
        "time" : {
          "start" : 1638583135259,
          "stop" : 1638583135260,
          "duration" : 1
        }
      }, {
        "uid" : "536ebeea4bda4182",
        "reportUrl" : "https://MohabMohie.github.io/SHAFT_ENGINE/allure/Linux/Web/960//#testresult/536ebeea4bda4182",
        "status" : "passed",
        "time" : {
          "start" : 1638496798421,
          "stop" : 1638496798422,
          "duration" : 1
        }
      }, {
        "uid" : "e9d3e6d31128c4bb",
        "reportUrl" : "https://MohabMohie.github.io/SHAFT_ENGINE/allure/Linux/Web/957//#testresult/e9d3e6d31128c4bb",
        "status" : "passed",
        "time" : {
          "start" : 1638437495097,
          "stop" : 1638437495099,
          "duration" : 2
        }
      }, {
        "uid" : "dd9b13765530c76f",
        "reportUrl" : "https://MohabMohie.github.io/SHAFT_ENGINE/allure/Linux/Web/946//#testresult/dd9b13765530c76f",
        "status" : "passed",
        "time" : {
          "start" : 1638151297601,
          "stop" : 1638151297602,
          "duration" : 1
        }
      }, {
        "uid" : "cd7892b9a2132336",
        "reportUrl" : "https://MohabMohie.github.io/SHAFT_ENGINE/allure/Linux/Web/945//#testresult/cd7892b9a2132336",
        "status" : "skipped",
        "statusDetails" : "Browser Action [NavigateToNewURL] failed. With the following test data [https://www.google.com/ncr].",
        "time" : {
          "start" : 1638064650145,
          "stop" : 1638064650148,
          "duration" : 3
        }
      }, {
        "uid" : "4069e8054c0b23f9",
        "reportUrl" : "https://MohabMohie.github.io/SHAFT_ENGINE/allure/Linux/Web/944//#testresult/4069e8054c0b23f9",
        "status" : "passed",
        "time" : {
          "start" : 1637978210791,
          "stop" : 1637978210792,
          "duration" : 1
        }
      }, {
        "uid" : "dfe042a8ed97d378",
        "reportUrl" : "https://MohabMohie.github.io/SHAFT_ENGINE/allure/Linux/Web/942//#testresult/dfe042a8ed97d378",
        "status" : "passed",
        "time" : {
          "start" : 1637891896954,
          "stop" : 1637891896955,
          "duration" : 1
        }
      }, {
        "uid" : "5ac2db3fa47ea676",
        "reportUrl" : "https://MohabMohie.github.io/SHAFT_ENGINE/allure/Linux/Web/941//#testresult/5ac2db3fa47ea676",
        "status" : "passed",
        "time" : {
          "start" : 1637805644366,
          "stop" : 1637805644367,
          "duration" : 1
        }
      }, {
        "uid" : "bb93661ebb83080c",
        "reportUrl" : "https://MohabMohie.github.io/SHAFT_ENGINE/allure/Linux/Web/940//#testresult/bb93661ebb83080c",
        "status" : "passed",
        "time" : {
          "start" : 1637739979127,
          "stop" : 1637739979128,
          "duration" : 1
        }
      } ]
    },
    "tags" : [ ]
  },
  "source" : "2c0a3f571b133b3d.json",
  "parameterValues" : [ ]
}