{
  "uid" : "61cf0340b908560",
  "name" : "visualElementIdentification_samedpi",
  "fullName" : "testPackage01.appium.AndroidBasicInteractionsTest.visualElementIdentification_samedpi",
  "historyId" : "400927def6193b091203ec0a55fad150",
  "time" : {
    "start" : 1638437686779,
    "stop" : 1638437718988,
    "duration" : 32209
  },
  "status" : "failed",
  "statusMessage" : "Assertion [ValidateElementExists] FAILED. Expected [Element Should Exist, locator 'AppiumBy.accessibilityId: Assets'] and Actual [Element Doesn't Exists]. Comparison Type [EQUALS]. Validation Type [POSITIVE].",
  "statusTrace" : "java.lang.AssertionError: Assertion [ValidateElementExists] FAILED. Expected [Element Should Exist, locator 'AppiumBy.accessibilityId: Assets'] and Actual [Element Doesn't Exists]. Comparison Type [EQUALS]. Validation Type [POSITIVE].\n\tat org.testng.Assert.fail(Assert.java:99)\n\tat com.shaft.validation.ValidationsHelper.reportValidationState(ValidationsHelper.java:860)\n\tat com.shaft.validation.ValidationsHelper.fail(ValidationsHelper.java:588)\n\tat com.shaft.validation.ValidationsHelper.validateElementExists(ValidationsHelper.java:155)\n\tat com.shaft.validation.ValidationsExecutor.perform(ValidationsExecutor.java:146)\n\tat testPackage01.appium.AndroidBasicInteractionsTest.visualElementIdentification_samedpi(AndroidBasicInteractionsTest.java:81)\n\tat java.base/jdk.internal.reflect.NativeMethodAccessorImpl.invoke0(Native Method)\n\tat java.base/jdk.internal.reflect.NativeMethodAccessorImpl.invoke(NativeMethodAccessorImpl.java:77)\n\tat java.base/jdk.internal.reflect.DelegatingMethodAccessorImpl.invoke(DelegatingMethodAccessorImpl.java:43)\n\tat java.base/java.lang.reflect.Method.invoke(Method.java:568)\n\tat org.testng.internal.MethodInvocationHelper.invokeMethod(MethodInvocationHelper.java:133)\n\tat org.testng.internal.TestInvoker.invokeMethod(TestInvoker.java:598)\n\tat org.testng.internal.TestInvoker.invokeTestMethod(TestInvoker.java:173)\n\tat org.testng.internal.MethodRunner.runInSequence(MethodRunner.java:46)\n\tat org.testng.internal.TestInvoker$MethodInvocationAgent.invoke(TestInvoker.java:824)\n\tat org.testng.internal.TestInvoker.invokeTestMethods(TestInvoker.java:146)\n\tat org.testng.internal.TestMethodWorker.invokeTestMethods(TestMethodWorker.java:146)\n\tat org.testng.internal.TestMethodWorker.run(TestMethodWorker.java:128)\n\tat java.base/java.util.ArrayList.forEach(ArrayList.java:1511)\n\tat org.testng.TestRunner.privateRun(TestRunner.java:794)\n\tat org.testng.TestRunner.run(TestRunner.java:596)\n\tat org.testng.SuiteRunner.runTest(SuiteRunner.java:377)\n\tat org.testng.SuiteRunner.runSequentially(SuiteRunner.java:371)\n\tat org.testng.SuiteRunner.privateRun(SuiteRunner.java:332)\n\tat org.testng.SuiteRunner.run(SuiteRunner.java:276)\n\tat org.testng.SuiteRunnerWorker.runSuite(SuiteRunnerWorker.java:53)\n\tat org.testng.SuiteRunnerWorker.run(SuiteRunnerWorker.java:96)\n\tat org.testng.TestNG.runSuitesSequentially(TestNG.java:1212)\n\tat org.testng.TestNG.runSuitesLocally(TestNG.java:1134)\n\tat org.testng.TestNG.runSuites(TestNG.java:1063)\n\tat org.testng.TestNG.run(TestNG.java:1031)\n\tat org.apache.maven.surefire.testng.TestNGExecutor.run(TestNGExecutor.java:136)\n\tat org.apache.maven.surefire.testng.TestNGDirectoryTestSuite.executeSingleClass(TestNGDirectoryTestSuite.java:112)\n\tat org.apache.maven.surefire.testng.TestNGDirectoryTestSuite.execute(TestNGDirectoryTestSuite.java:99)\n\tat org.apache.maven.surefire.testng.TestNGProvider.invoke(TestNGProvider.java:145)\n\tat org.apache.maven.surefire.booter.ForkedBooter.runSuitesInProcess(ForkedBooter.java:428)\n\tat org.apache.maven.surefire.booter.ForkedBooter.execute(ForkedBooter.java:162)\n\tat org.apache.maven.surefire.booter.ForkedBooter.run(ForkedBooter.java:562)\n\tat org.apache.maven.surefire.booter.ForkedBooter.main(ForkedBooter.java:548)\n",
  "flaky" : false,
  "newFailed" : false,
  "newBroken" : false,
  "newPassed" : false,
  "retriesCount" : 0,
  "retriesStatusChange" : false,
  "beforeStages" : [ {
    "name" : "setupActivities",
    "time" : {
      "start" : 1638437325917,
      "stop" : 1638437330062,
      "duration" : 4145
    },
    "description" : "",
    "status" : "passed",
    "steps" : [ {
      "name" : "Folder [allure-results] was not found, it may have already been deleted.",
      "time" : {
        "start" : 1638437326175,
        "stop" : 1638437326178,
        "duration" : 3
      },
      "status" : "passed",
      "steps" : [ ],
      "attachments" : [ ],
      "parameters" : [ {
        "name" : "actionCounter",
        "value" : "1"
      }, {
        "name" : "logText",
        "value" : "Folder [allure-results] was not found, it may have already been deleted."
      } ],
      "stepsCount" : 0,
      "attachmentsCount" : 0,
      "shouldDisplayMessage" : false,
      "hasContent" : true
    }, {
      "name" : "Folder [/Users/runner/.m2/repository/allure/] was not found, it may have already been deleted.",
      "time" : {
        "start" : 1638437326179,
        "stop" : 1638437326179,
        "duration" : 0
      },
      "status" : "passed",
      "steps" : [ ],
      "attachments" : [ ],
      "parameters" : [ {
        "name" : "actionCounter",
        "value" : "2"
      }, {
        "name" : "logText",
        "value" : "Folder [/Users/runner/.m2/repository/allure/] was not found, it may have already been deleted."
      } ],
      "stepsCount" : 0,
      "attachmentsCount" : 0,
      "shouldDisplayMessage" : false,
      "hasContent" : true
    }, {
      "name" : "Downloading a file from this url [https://repo.maven.apache.org/maven2/io/qameta/allure/allure-commandline/2.16.1/allure-commandline-2.16.1.zip] to this directory [target/allureBinary.zip], please wait as downloading may take some time...",
      "time" : {
        "start" : 1638437326180,
        "stop" : 1638437326180,
        "duration" : 0
      },
      "status" : "passed",
      "steps" : [ ],
      "attachments" : [ ],
      "parameters" : [ {
        "name" : "actionCounter",
        "value" : "3"
      }, {
        "name" : "logText",
        "value" : "Downloading a file from this url [https://repo.maven.apache.org/maven2/io/qameta/allure/allure-commandline/2.16.1/allure-commandline-2.16.1.zip] to this directory [target/allureBinary.zip], please wait as downloading may take some time..."
      } ],
      "stepsCount" : 0,
      "attachmentsCount" : 0,
      "shouldDisplayMessage" : false,
      "hasContent" : true
    }, {
      "name" : "Terminal Action [PerformTerminalCommands] successfully performed. With the following test data [Host Name: \"localHost\" | Command: \"chmod u+x /Users/runner/.m2/repository/allure/allure-2.16.1/bin/allure\" | Exit Status: \"0\"].",
      "time" : {
        "start" : 1638437328562,
        "stop" : 1638437328562,
        "duration" : 0
      },
      "status" : "passed",
      "steps" : [ ],
      "attachments" : [ ],
      "parameters" : [ {
        "name" : "actionCounter",
        "value" : "4"
      }, {
        "name" : "logText",
        "value" : "Terminal Action [PerformTerminalCommands] successfully performed. With the following test data [Host Name: \"localHost\" | Command: \"chmod u+x /Users/runner/.m2/repository/allure/allure-2.16.1/bin/allure\" | Exit Status: \"0\"]."
      } ],
      "stepsCount" : 0,
      "attachmentsCount" : 0,
      "shouldDisplayMessage" : false,
      "hasContent" : true
    }, {
      "name" : "Terminal Action [PerformTerminalCommands] successfully performed. With the following test data [Host Name: \"localHost\" | Command: \"chmod u+x generate_allure_report.sh\" | Exit Status: \"0\"].",
      "time" : {
        "start" : 1638437328590,
        "stop" : 1638437328590,
        "duration" : 0
      },
      "status" : "passed",
      "steps" : [ ],
      "attachments" : [ ],
      "parameters" : [ {
        "name" : "actionCounter",
        "value" : "5"
      }, {
        "name" : "logText",
        "value" : "Terminal Action [PerformTerminalCommands] successfully performed. With the following test data [Host Name: \"localHost\" | Command: \"chmod u+x generate_allure_report.sh\" | Exit Status: \"0\"]."
      } ],
      "stepsCount" : 0,
      "attachmentsCount" : 0,
      "shouldDisplayMessage" : false,
      "hasContent" : true
    }, {
      "name" : "Folder [extent-reports] was not found, it may have already been deleted.",
      "time" : {
        "start" : 1638437328764,
        "stop" : 1638437328764,
        "duration" : 0
      },
      "status" : "passed",
      "steps" : [ ],
      "attachments" : [ ],
      "parameters" : [ {
        "name" : "actionCounter",
        "value" : "6"
      }, {
        "name" : "logText",
        "value" : "Folder [extent-reports] was not found, it may have already been deleted."
      } ],
      "stepsCount" : 0,
      "attachmentsCount" : 0,
      "shouldDisplayMessage" : false,
      "hasContent" : true
    } ],
    "attachments" : [ {
      "uid" : "dc8f87530f0bacd0",
      "name" : "Attachment: SHAFT Links - Important",
      "source" : "dc8f87530f0bacd0.uri",
      "type" : "text/uri-list",
      "size" : 346
    } ],
    "parameters" : [ ],
    "stepsCount" : 6,
    "attachmentsCount" : 1,
    "shouldDisplayMessage" : false,
    "hasContent" : true
  }, {
    "name" : "setup",
    "time" : {
      "start" : 1638437678869,
      "stop" : 1638437686774,
      "duration" : 7905
    },
    "description" : "",
    "status" : "passed",
    "steps" : [ {
      "name" : "Attempting to run remotely on: [Android], [http://0.0.0.0:4723/wd/hub].",
      "time" : {
        "start" : 1638437678869,
        "stop" : 1638437678869,
        "duration" : 0
      },
      "status" : "passed",
      "steps" : [ ],
      "attachments" : [ ],
      "parameters" : [ {
        "name" : "actionCounter",
        "value" : "62"
      }, {
        "name" : "logText",
        "value" : "Attempting to run remotely on: [Android], [http://0.0.0.0:4723/wd/hub]."
      } ],
      "stepsCount" : 0,
      "attachmentsCount" : 0,
      "shouldDisplayMessage" : false,
      "hasContent" : true
    }, {
      "name" : "Successfully Opened [NativeMobileApp].",
      "time" : {
        "start" : 1638437686210,
        "stop" : 1638437686211,
        "duration" : 1
      },
      "status" : "passed",
      "steps" : [ ],
      "attachments" : [ ],
      "parameters" : [ {
        "name" : "actionCounter",
        "value" : "63"
      }, {
        "name" : "logText",
        "value" : "Successfully Opened [NativeMobileApp]."
      } ],
      "stepsCount" : 0,
      "attachmentsCount" : 0,
      "shouldDisplayMessage" : false,
      "hasContent" : true
    } ],
    "attachments" : [ ],
    "parameters" : [ ],
    "stepsCount" : 2,
    "attachmentsCount" : 0,
    "shouldDisplayMessage" : false,
    "hasContent" : true
  } ],
  "testStage" : {
    "status" : "failed",
    "statusMessage" : "Assertion [ValidateElementExists] FAILED. Expected [Element Should Exist, locator 'AppiumBy.accessibilityId: Assets'] and Actual [Element Doesn't Exists]. Comparison Type [EQUALS]. Validation Type [POSITIVE].",
    "statusTrace" : "java.lang.AssertionError: Assertion [ValidateElementExists] FAILED. Expected [Element Should Exist, locator 'AppiumBy.accessibilityId: Assets'] and Actual [Element Doesn't Exists]. Comparison Type [EQUALS]. Validation Type [POSITIVE].\n\tat org.testng.Assert.fail(Assert.java:99)\n\tat com.shaft.validation.ValidationsHelper.reportValidationState(ValidationsHelper.java:860)\n\tat com.shaft.validation.ValidationsHelper.fail(ValidationsHelper.java:588)\n\tat com.shaft.validation.ValidationsHelper.validateElementExists(ValidationsHelper.java:155)\n\tat com.shaft.validation.ValidationsExecutor.perform(ValidationsExecutor.java:146)\n\tat testPackage01.appium.AndroidBasicInteractionsTest.visualElementIdentification_samedpi(AndroidBasicInteractionsTest.java:81)\n\tat java.base/jdk.internal.reflect.NativeMethodAccessorImpl.invoke0(Native Method)\n\tat java.base/jdk.internal.reflect.NativeMethodAccessorImpl.invoke(NativeMethodAccessorImpl.java:77)\n\tat java.base/jdk.internal.reflect.DelegatingMethodAccessorImpl.invoke(DelegatingMethodAccessorImpl.java:43)\n\tat java.base/java.lang.reflect.Method.invoke(Method.java:568)\n\tat org.testng.internal.MethodInvocationHelper.invokeMethod(MethodInvocationHelper.java:133)\n\tat org.testng.internal.TestInvoker.invokeMethod(TestInvoker.java:598)\n\tat org.testng.internal.TestInvoker.invokeTestMethod(TestInvoker.java:173)\n\tat org.testng.internal.MethodRunner.runInSequence(MethodRunner.java:46)\n\tat org.testng.internal.TestInvoker$MethodInvocationAgent.invoke(TestInvoker.java:824)\n\tat org.testng.internal.TestInvoker.invokeTestMethods(TestInvoker.java:146)\n\tat org.testng.internal.TestMethodWorker.invokeTestMethods(TestMethodWorker.java:146)\n\tat org.testng.internal.TestMethodWorker.run(TestMethodWorker.java:128)\n\tat java.base/java.util.ArrayList.forEach(ArrayList.java:1511)\n\tat org.testng.TestRunner.privateRun(TestRunner.java:794)\n\tat org.testng.TestRunner.run(TestRunner.java:596)\n\tat org.testng.SuiteRunner.runTest(SuiteRunner.java:377)\n\tat org.testng.SuiteRunner.runSequentially(SuiteRunner.java:371)\n\tat org.testng.SuiteRunner.privateRun(SuiteRunner.java:332)\n\tat org.testng.SuiteRunner.run(SuiteRunner.java:276)\n\tat org.testng.SuiteRunnerWorker.runSuite(SuiteRunnerWorker.java:53)\n\tat org.testng.SuiteRunnerWorker.run(SuiteRunnerWorker.java:96)\n\tat org.testng.TestNG.runSuitesSequentially(TestNG.java:1212)\n\tat org.testng.TestNG.runSuitesLocally(TestNG.java:1134)\n\tat org.testng.TestNG.runSuites(TestNG.java:1063)\n\tat org.testng.TestNG.run(TestNG.java:1031)\n\tat org.apache.maven.surefire.testng.TestNGExecutor.run(TestNGExecutor.java:136)\n\tat org.apache.maven.surefire.testng.TestNGDirectoryTestSuite.executeSingleClass(TestNGDirectoryTestSuite.java:112)\n\tat org.apache.maven.surefire.testng.TestNGDirectoryTestSuite.execute(TestNGDirectoryTestSuite.java:99)\n\tat org.apache.maven.surefire.testng.TestNGProvider.invoke(TestNGProvider.java:145)\n\tat org.apache.maven.surefire.booter.ForkedBooter.runSuitesInProcess(ForkedBooter.java:428)\n\tat org.apache.maven.surefire.booter.ForkedBooter.execute(ForkedBooter.java:162)\n\tat org.apache.maven.surefire.booter.ForkedBooter.run(ForkedBooter.java:562)\n\tat org.apache.maven.surefire.booter.ForkedBooter.main(ForkedBooter.java:548)\n",
    "steps" : [ {
      "name" : "Element Action [Tap] successfully performed.",
      "time" : {
        "start" : 1638437687323,
        "stop" : 1638437687323,
        "duration" : 0
      },
      "status" : "passed",
      "steps" : [ ],
      "attachments" : [ ],
      "parameters" : [ {
        "name" : "actionCounter",
        "value" : "64"
      }, {
        "name" : "logText",
        "value" : "Element Action [Tap] successfully performed."
      } ],
      "stepsCount" : 0,
      "attachmentsCount" : 0,
      "shouldDisplayMessage" : false,
      "hasContent" : true
    }, {
      "name" : "Assertion Failed: Then I Assert that the element found by [AppiumBy.accessibilityId: Assets] exists.",
      "time" : {
        "start" : 1638437718984,
        "stop" : 1638437718985,
        "duration" : 1
      },
      "status" : "passed",
      "steps" : [ ],
      "attachments" : [ {
        "uid" : "42138767ff6c8fce",
        "name" : "Attachment: Screenshot - 1638437718288_visualElementIdentification_samedpi_ValidateElementExists_failed",
        "source" : "42138767ff6c8fce.png",
        "type" : "image/png",
        "size" : 7662
      } ],
      "parameters" : [ {
        "name" : "actionCounter",
        "value" : "65"
      }, {
        "name" : "customLog",
        "value" : "Assertion Failed: Then I Assert that the element found by [AppiumBy.accessibilityId: Assets] exists."
      }, {
        "name" : "stepLog",
        "value" : "Assertion [ValidateElementExists] FAILED. Expected [Element Should Exist, locator 'AppiumBy.accessibilityId: Assets'] and Actual [Element Doesn't Exists]. Comparison Type [EQUALS]. Validation Type [POSITIVE]."
      }, {
        "name" : "attachments",
        "value" : "[[Screenshot, 1638437718288_visualElementIdentification_samedpi_ValidateElementExists_failed, java.io.ByteArrayInputStream@e87c4cf]]"
      } ],
      "stepsCount" : 0,
      "attachmentsCount" : 1,
      "shouldDisplayMessage" : false,
      "hasContent" : true
    } ],
    "attachments" : [ {
      "uid" : "6d9c0b82f0ec8751",
      "name" : "Attachment: Animated Gif - visualElementIdentification_samedpi",
      "source" : "6d9c0b82f0ec8751.gif",
      "type" : "image/gif",
      "size" : 7151
    }, {
      "uid" : "c1fe84ab5fe7f475",
      "name" : "Attachment: SHAFT Engine Logs - Current Method log: visualElementIdentification_samedpi",
      "source" : "c1fe84ab5fe7f475.txt",
      "type" : "text/plain",
      "size" : 21828
    } ],
    "parameters" : [ ],
    "stepsCount" : 2,
    "attachmentsCount" : 3,
    "shouldDisplayMessage" : true,
    "hasContent" : true
  },
  "afterStages" : [ {
    "name" : "teardown",
    "time" : {
      "start" : 1638437718989,
      "stop" : 1638437720154,
      "duration" : 1165
    },
    "description" : "",
    "status" : "passed",
    "steps" : [ {
      "name" : "Successfully Closed All Drivers.",
      "time" : {
        "start" : 1638437720154,
        "stop" : 1638437720154,
        "duration" : 0
      },
      "status" : "passed",
      "steps" : [ ],
      "attachments" : [ ],
      "parameters" : [ {
        "name" : "actionCounter",
        "value" : "66"
      }, {
        "name" : "logText",
        "value" : "Successfully Closed All Drivers."
      } ],
      "stepsCount" : 0,
      "attachmentsCount" : 0,
      "shouldDisplayMessage" : false,
      "hasContent" : true
    } ],
    "attachments" : [ {
      "uid" : "a9898241c0ccd211",
      "name" : "Attachment: Video Recording - teardown",
      "source" : "a9898241c0ccd211.mp4",
      "type" : "video/mp4",
      "size" : 4808
    } ],
    "parameters" : [ ],
    "stepsCount" : 1,
    "attachmentsCount" : 1,
    "shouldDisplayMessage" : false,
    "hasContent" : true
  }, {
    "name" : "teardownActivities",
    "time" : {
      "start" : 1638437720165,
      "stop" : 1638437720817,
      "duration" : 652
    },
    "description" : "",
    "status" : "passed",
    "steps" : [ {
      "name" : "Issue Summary: Total Issues = 3, New issues for Failed Tests = 3, Open issues for Passed Tests = 0, Open issues for Failed Tests = 0. Kindly check the attached Issue details.",
      "time" : {
        "start" : 1638437720176,
        "stop" : 1638437720177,
        "duration" : 1
      },
      "status" : "passed",
      "steps" : [ ],
      "attachments" : [ {
        "uid" : "d3e4b619885b8733",
        "name" : "Attachment: SHAFT Engine Logs - Issues log CSV: 20211202-093520",
        "source" : "d3e4b619885b8733.csv",
        "type" : "text/csv",
        "size" : 518
      } ],
      "parameters" : [ {
        "name" : "actionCounter",
        "value" : "67"
      }, {
        "name" : "logText",
        "value" : "Issue Summary: Total Issues = 3, New issues for Failed Tests = 3, Open issues for Passed Tests = 0, Open issues for Failed Tests = 0. Kindly check the attached Issue details."
      }, {
        "name" : "attachments",
        "value" : "[[SHAFT Engine Logs, Issues log CSV: 20211202-093520, java.io.ByteArrayInputStream@214fe287]]"
      } ],
      "stepsCount" : 0,
      "attachmentsCount" : 1,
      "shouldDisplayMessage" : false,
      "hasContent" : true
    } ],
    "attachments" : [ {
      "uid" : "f4163afd1d387404",
      "name" : "Attachment: SHAFT Engine Logs - Execution log: 20211202-093520",
      "source" : "f4163afd1d387404.txt",
      "type" : "text/plain",
      "size" : 90349
    }, {
      "uid" : "8752eaf1e8d8c90f",
      "name" : "Attachment: HTML - Extent Emailable Execution Report",
      "source" : "8752eaf1e8d8c90f.html",
      "type" : "text/html",
      "size" : 453699
    } ],
    "parameters" : [ ],
    "stepsCount" : 1,
    "attachmentsCount" : 3,
    "shouldDisplayMessage" : false,
    "hasContent" : true
  } ],
  "labels" : [ {
    "name" : "package",
    "value" : "testPackage01.appium.AndroidBasicInteractionsTest"
  }, {
    "name" : "testClass",
    "value" : "testPackage01.appium.AndroidBasicInteractionsTest"
  }, {
    "name" : "testMethod",
    "value" : "visualElementIdentification_samedpi"
  }, {
    "name" : "parentSuite",
    "value" : "SHAFT: Custom Suite"
  }, {
    "name" : "suite",
    "value" : "SHAFT: Custom Test"
  }, {
    "name" : "subSuite",
    "value" : "testPackage01.appium.AndroidBasicInteractionsTest"
  }, {
    "name" : "host",
    "value" : "Mac-1638436813065.local"
  }, {
    "name" : "thread",
    "value" : "10033@Mac-1638436813065.local.main(1)"
  }, {
    "name" : "framework",
    "value" : "testng"
  }, {
    "name" : "language",
    "value" : "java"
  }, {
    "name" : "resultFormat",
    "value" : "allure2"
  } ],
  "parameters" : [ ],
  "links" : [ ],
  "hidden" : false,
  "retry" : false,
  "extra" : {
    "severity" : "normal",
    "retries" : [ ],
    "categories" : [ {
      "name" : "Product defects",
      "matchedStatuses" : [ ],
      "flaky" : false
    } ],
    "history" : {
      "statistic" : {
        "failed" : 14,
        "broken" : 0,
        "skipped" : 0,
        "passed" : 0,
        "unknown" : 0,
        "total" : 14
      },
      "items" : [ {
        "uid" : "a7dfba43a1a89679",
        "reportUrl" : "https://MohabMohie.github.io/SHAFT_ENGINE/allure/MobileNative/Android/262//#testresult/a7dfba43a1a89679",
        "status" : "failed",
        "statusDetails" : "Assertion [ValidateElementExists] FAILED. Expected [Element Should Exist, locator 'AppiumBy.accessibilityId: Assets'] and Actual [Element Doesn't Exists]. Comparison Type [EQUALS]. Validation Type [POSITIVE].",
        "time" : {
          "start" : 1638410858548,
          "stop" : 1638410891075,
          "duration" : 32527
        }
      }, {
        "uid" : "8bd4c78830f5d85d",
        "reportUrl" : "https://MohabMohie.github.io/SHAFT_ENGINE/allure/MobileNative/Android/259//#testresult/8bd4c78830f5d85d",
        "status" : "failed",
        "statusDetails" : "Assertion [ValidateElementExists] FAILED. Expected [Element Should Exist, locator 'AppiumBy.accessibilityId: Assets'] and Actual [Element Doesn't Exists]. Comparison Type [EQUALS]. Validation Type [POSITIVE].",
        "time" : {
          "start" : 1638355057368,
          "stop" : 1638355089935,
          "duration" : 32567
        }
      }, {
        "uid" : "79875198f1f6877f",
        "reportUrl" : "https://MohabMohie.github.io/SHAFT_ENGINE/allure/MobileNative/Android/257//#testresult/79875198f1f6877f",
        "status" : "failed",
        "statusDetails" : "Assertion [ValidateElementExists] FAILED. Expected [Element Should Exist, locator 'AppiumBy.accessibilityId: Assets'] and Actual [Element Doesn't Exists]. Comparison Type [EQUALS]. Validation Type [POSITIVE].",
        "time" : {
          "start" : 1638346934009,
          "stop" : 1638346966390,
          "duration" : 32381
        }
      }, {
        "uid" : "ad15b53adc48dea2",
        "reportUrl" : "https://MohabMohie.github.io/SHAFT_ENGINE/allure/MobileNative/Android/258//#testresult/ad15b53adc48dea2",
        "status" : "failed",
        "statusDetails" : "Assertion [ValidateElementExists] FAILED. Expected [Element Should Exist, locator 'AppiumBy.accessibilityId: Assets'] and Actual [Element Doesn't Exists]. Comparison Type [EQUALS]. Validation Type [POSITIVE].",
        "time" : {
          "start" : 1638346647765,
          "stop" : 1638346680499,
          "duration" : 32734
        }
      }, {
        "uid" : "fa4df22b1e2f709a",
        "reportUrl" : "https://MohabMohie.github.io/SHAFT_ENGINE/allure/MobileNative/Android/256//#testresult/fa4df22b1e2f709a",
        "status" : "failed",
        "statusDetails" : "Assertion [ValidateElementExists] FAILED. Expected [Element Should Exist, locator 'AppiumBy.accessibilityId: Assets'] and Actual [Element Doesn't Exists]. Comparison Type [EQUALS]. Validation Type [POSITIVE].",
        "time" : {
          "start" : 1638324616848,
          "stop" : 1638324649659,
          "duration" : 32811
        }
      }, {
        "uid" : "d5178478260a6e8a",
        "reportUrl" : "https://MohabMohie.github.io/SHAFT_ENGINE/allure/MobileNative/Android/254//#testresult/d5178478260a6e8a",
        "status" : "failed",
        "statusDetails" : "Assertion [ValidateElementExists] FAILED. Expected [Element Should Exist, locator 'AppiumBy.accessibilityId: Assets'] and Actual [Element Doesn't Exists]. Comparison Type [EQUALS]. Validation Type [POSITIVE].",
        "time" : {
          "start" : 1638237410087,
          "stop" : 1638237442487,
          "duration" : 32400
        }
      }, {
        "uid" : "3775613d7a2d3bd6",
        "reportUrl" : "https://MohabMohie.github.io/SHAFT_ENGINE/allure/MobileNative/Android/252//#testresult/3775613d7a2d3bd6",
        "status" : "failed",
        "statusDetails" : "Assertion [ValidateElementExists] FAILED. Expected [Element Should Exist, locator 'AppiumBy.accessibilityId: Assets'] and Actual [Element Doesn't Exists]. Comparison Type [EQUALS]. Validation Type [POSITIVE].",
        "time" : {
          "start" : 1638151498750,
          "stop" : 1638151530989,
          "duration" : 32239
        }
      }, {
        "uid" : "c7d9d4a7ac275211",
        "reportUrl" : "https://MohabMohie.github.io/SHAFT_ENGINE/allure/MobileNative/Android/251//#testresult/c7d9d4a7ac275211",
        "status" : "failed",
        "statusDetails" : "Assertion [ValidateElementExists] FAILED. Expected [Element Should Exist, locator 'AppiumBy.accessibilityId: Assets'] and Actual [Element Doesn't Exists]. Comparison Type [EQUALS]. Validation Type [POSITIVE].",
        "time" : {
          "start" : 1638064830584,
          "stop" : 1638064863015,
          "duration" : 32431
        }
      }, {
        "uid" : "883b62f2b8bc838f",
        "reportUrl" : "https://MohabMohie.github.io/SHAFT_ENGINE/allure/MobileNative/Android/250//#testresult/883b62f2b8bc838f",
        "status" : "failed",
        "statusDetails" : "Assertion [ValidateElementExists] FAILED. Expected [Element Should Exist, locator 'AppiumBy.accessibilityId: Assets'] and Actual [Element Doesn't Exists]. Comparison Type [EQUALS]. Validation Type [POSITIVE].",
        "time" : {
          "start" : 1637978446316,
          "stop" : 1637978478460,
          "duration" : 32144
        }
      }, {
        "uid" : "6e700fd6e96c2fc9",
        "reportUrl" : "https://MohabMohie.github.io/SHAFT_ENGINE/allure/MobileNative/Android/248//#testresult/6e700fd6e96c2fc9",
        "status" : "failed",
        "statusDetails" : "Assertion [ValidateElementExists] FAILED. Expected [Element Should Exist, locator 'AppiumBy.accessibilityId: Assets'] and Actual [Element Doesn't Exists]. Comparison Type [EQUALS]. Validation Type [POSITIVE].",
        "time" : {
          "start" : 1637892082208,
          "stop" : 1637892114337,
          "duration" : 32129
        }
      }, {
        "uid" : "8164d0f2299c5af",
        "reportUrl" : "https://MohabMohie.github.io/SHAFT_ENGINE/allure/MobileNative/Android/247//#testresult/8164d0f2299c5af",
        "status" : "failed",
        "statusDetails" : "Assertion [ValidateElementExists] FAILED. Expected [Element Should Exist, locator 'AppiumBy.accessibilityId: Assets'] and Actual [Element Doesn't Exists]. Comparison Type [EQUALS]. Validation Type [POSITIVE].",
        "time" : {
          "start" : 1637805978222,
          "stop" : 1637806010885,
          "duration" : 32663
        }
      }, {
        "uid" : "e6ee236af2f7f06",
        "reportUrl" : "https://MohabMohie.github.io/SHAFT_ENGINE/allure/MobileNative/Android/246//#testresult/e6ee236af2f7f06",
        "status" : "failed",
        "statusDetails" : "Assertion [ValidateElementExists] FAILED. Expected [Element Should Exist, locator 'AppiumBy.accessibilityId: Assets'] and Actual [Element Doesn't Exists]. Comparison Type [EQUALS]. Validation Type [POSITIVE].",
        "time" : {
          "start" : 1637740420909,
          "stop" : 1637740453549,
          "duration" : 32640
        }
      }, {
        "uid" : "fe1a0b9522870c33",
        "reportUrl" : "https://MohabMohie.github.io/SHAFT_ENGINE/allure/MobileNative/Android/245//#testresult/fe1a0b9522870c33",
        "status" : "failed",
        "statusDetails" : "Assertion [ValidateElementExists] FAILED. Expected [Element Should Exist, locator 'AppiumBy.accessibilityId: Assets'] and Actual [Element Doesn't Exists]. Comparison Type [EQUALS]. Validation Type [POSITIVE].",
        "time" : {
          "start" : 1637739150564,
          "stop" : 1637739183238,
          "duration" : 32674
        }
      } ]
    },
    "tags" : [ ]
  },
  "source" : "61cf0340b908560.json",
  "parameterValues" : [ ]
}