{
  "uid" : "2b97418dfa717b7",
  "name" : "assertFileExists_true_expectedToFail",
  "fullName" : "unitTests.tests_validations_assertions.assertFileExists_true_expectedToFail",
  "historyId" : "fa8089fdd54895368300d31f35070cea",
  "time" : {
    "start" : 1637133131650,
    "stop" : 1637133132153,
    "duration" : 503
  },
  "status" : "passed",
  "flaky" : false,
  "newFailed" : false,
  "beforeStages" : [ {
    "name" : "setupActivities",
    "time" : {
      "start" : 1637132584285,
      "stop" : 1637132585274,
      "duration" : 989
    },
    "description" : "",
    "status" : "passed",
    "steps" : [ {
      "name" : "Folder [extent-reports] was not found, it may have already been deleted.",
      "time" : {
        "start" : 1637132584446,
        "stop" : 1637132584448,
        "duration" : 2
      },
      "status" : "passed",
      "steps" : [ ],
      "attachments" : [ ],
      "parameters" : [ {
        "name" : "actionCounter",
        "value" : "1"
      }, {
        "name" : "logText",
        "value" : "Folder [extent-reports] was not found, it may have already been deleted."
      } ],
      "stepsCount" : 0,
      "attachmentsCount" : 0,
      "shouldDisplayMessage" : false,
      "hasContent" : true
    } ],
    "attachments" : [ {
      "uid" : "ed7d83a67e2b20d7",
      "name" : "Attachment: SHAFT Links - Important",
      "source" : "ed7d83a67e2b20d7.uri",
      "type" : "text/uri-list",
      "size" : 346
    } ],
    "parameters" : [ ],
    "stepsCount" : 1,
    "attachmentsCount" : 1,
    "shouldDisplayMessage" : false,
    "hasContent" : true
  } ],
  "testStage" : {
    "status" : "passed",
    "steps" : [ {
      "name" : "Assertion [ValidateFileExists] FAILED. Expected [File 'src/main/java/com/shaft/gui/element/ElementActions.java_fail' should exist, after up to '1' retries] and Actual [File does not exist]. Validation Type [POSITIVE].",
      "time" : {
        "start" : 1637133132151,
        "stop" : 1637133132152,
        "duration" : 1
      },
      "status" : "passed",
      "steps" : [ ],
      "attachments" : [ ],
      "parameters" : [ {
        "name" : "actionCounter",
        "value" : "516"
      }, {
        "name" : "logText",
        "value" : "Assertion [ValidateFileExists] FAILED. Expected [File 'src/main/java/com/shaft/gui/element/ElementActions.java_fail' should exist, after up to '1' retries] and Actual [File does not exist]. Validation Type [POSITIVE]."
      }, {
        "name" : "attachments",
        "value" : "null"
      } ],
      "stepsCount" : 0,
      "attachmentsCount" : 0,
      "shouldDisplayMessage" : false,
      "hasContent" : true
    } ],
    "attachments" : [ {
      "uid" : "7ef9843a073fe2cb",
      "name" : "Attachment: SHAFT Engine Logs - Current Method log: assertFileExists_true_expectedToFail",
      "source" : "7ef9843a073fe2cb.txt",
      "type" : "text/plain",
      "size" : 916
    } ],
    "parameters" : [ ],
    "stepsCount" : 1,
    "attachmentsCount" : 1,
    "shouldDisplayMessage" : false,
    "hasContent" : true
  },
  "afterStages" : [ {
    "name" : "teardownActivities",
    "time" : {
      "start" : 1637133165851,
      "stop" : 1637133166542,
      "duration" : 691
    },
    "description" : "",
    "status" : "passed",
    "steps" : [ {
      "name" : "Successfully Closed All Drivers.",
      "time" : {
        "start" : 1637133165851,
        "stop" : 1637133165851,
        "duration" : 0
      },
      "status" : "passed",
      "steps" : [ ],
      "attachments" : [ ],
      "parameters" : [ {
        "name" : "actionCounter",
        "value" : "548"
      }, {
        "name" : "logText",
        "value" : "Successfully Closed All Drivers."
      } ],
      "stepsCount" : 0,
      "attachmentsCount" : 0,
      "shouldDisplayMessage" : false,
      "hasContent" : true
    }, {
      "name" : "Issue Summary: Total Issues = 2, New issues for Failed Tests = 0, Open issues for Passed Tests = 2, Open issues for Failed Tests = 0. Kindly check the attached Issue details.",
      "time" : {
        "start" : 1637133165861,
        "stop" : 1637133165862,
        "duration" : 1
      },
      "status" : "passed",
      "steps" : [ ],
      "attachments" : [ {
        "uid" : "dc697668dce91663",
        "name" : "Attachment: SHAFT Engine Logs - Issues log CSV: 20211117-071245",
        "source" : "dc697668dce91663.csv",
        "type" : "text/csv",
        "size" : 228
      } ],
      "parameters" : [ {
        "name" : "actionCounter",
        "value" : "549"
      }, {
        "name" : "logText",
        "value" : "Issue Summary: Total Issues = 2, New issues for Failed Tests = 0, Open issues for Passed Tests = 2, Open issues for Failed Tests = 0. Kindly check the attached Issue details."
      }, {
        "name" : "attachments",
        "value" : "[[SHAFT Engine Logs, Issues log CSV: 20211117-071245, java.io.ByteArrayInputStream@3aa2f9aa]]"
      } ],
      "stepsCount" : 0,
      "attachmentsCount" : 1,
      "shouldDisplayMessage" : false,
      "hasContent" : true
    } ],
    "attachments" : [ {
      "uid" : "32a1d787795d9b7e",
      "name" : "Attachment: SHAFT Engine Logs - Execution log: 20211117-071245",
      "source" : "32a1d787795d9b7e.txt",
      "type" : "text/plain",
      "size" : 379555
    }, {
      "uid" : "e53111fdfa5d3e26",
      "name" : "Attachment: HTML - Extent Emailable Execution Report",
      "source" : "e53111fdfa5d3e26.html",
      "type" : "text/html",
      "size" : 13434755
    } ],
    "parameters" : [ ],
    "stepsCount" : 2,
    "attachmentsCount" : 3,
    "shouldDisplayMessage" : false,
    "hasContent" : true
  } ],
  "labels" : [ {
    "name" : "package",
    "value" : "unitTests.tests_validations_assertions"
  }, {
    "name" : "testClass",
    "value" : "unitTests.tests_validations_assertions"
  }, {
    "name" : "testMethod",
    "value" : "assertFileExists_true_expectedToFail"
  }, {
    "name" : "parentSuite",
    "value" : "SHAFT: Custom Suite"
  }, {
    "name" : "suite",
    "value" : "SHAFT: Custom Test"
  }, {
    "name" : "subSuite",
    "value" : "unitTests.tests_validations_assertions"
  }, {
    "name" : "host",
    "value" : "fv-az219-138"
  }, {
    "name" : "thread",
    "value" : "4473@fv-az219-138.main(1)"
  }, {
    "name" : "framework",
    "value" : "testng"
  }, {
    "name" : "language",
    "value" : "java"
  }, {
    "name" : "resultFormat",
    "value" : "allure2"
  } ],
  "parameters" : [ ],
  "links" : [ ],
  "hidden" : false,
  "retry" : false,
  "extra" : {
    "severity" : "normal",
    "retries" : [ ],
    "categories" : [ ],
    "history" : {
      "statistic" : {
        "failed" : 0,
        "broken" : 0,
        "skipped" : 1,
        "passed" : 3,
        "unknown" : 0,
        "total" : 4
      },
      "items" : [ {
        "uid" : "33fc210b27c1efe9",
        "reportUrl" : "https://MohabMohie.github.io/SHAFT_ENGINE/allure/Linux/Web/908//#testresult/33fc210b27c1efe9",
        "status" : "passed",
        "time" : {
          "start" : 1637114567853,
          "stop" : 1637114568355,
          "duration" : 502
        }
      }, {
        "uid" : "d735760b2c99bdce",
        "reportUrl" : "https://MohabMohie.github.io/SHAFT_ENGINE/allure/Linux/Web/907//#testresult/d735760b2c99bdce",
        "status" : "passed",
        "time" : {
          "start" : 1637102428960,
          "stop" : 1637102429462,
          "duration" : 502
        }
      }, {
        "uid" : "6823af854bd0888b",
        "reportUrl" : "https://MohabMohie.github.io/SHAFT_ENGINE/allure/Linux/Web/906//#testresult/6823af854bd0888b",
        "status" : "skipped",
        "statusDetails" : "Driver Factory Action [createNewRemoteDriverInstance] failed. With the following test data [Unhandled Error.].",
        "time" : {
          "start" : 1637101902615,
          "stop" : 1637101902633,
          "duration" : 18
        }
      } ]
    },
    "tags" : [ ]
  },
  "source" : "2b97418dfa717b7.json",
  "parameterValues" : [ ]
}