{
  "uid" : "1a88738c4b99dae0",
  "name" : "readStringFromJson",
  "fullName" : "testPackage01.Test_JSONFileManager.readStringFromJson",
  "historyId" : "f5f5d884f40a700315cef26011f085c6",
  "time" : {
    "start" : 1637047016198,
    "stop" : 1637047016202,
    "duration" : 4
  },
  "status" : "failed",
  "statusMessage" : "Couldn't find the desired file. [src/test/resources/testDataFiles/simpleJSON.json].",
  "statusTrace" : "java.lang.AssertionError: Couldn't find the desired file. [src/test/resources/testDataFiles/simpleJSON.json].\n\tat org.testng.Assert.fail(Assert.java:99)\n\tat com.shaft.tools.io.JSONFileManager.initializeReader(JSONFileManager.java:139)\n\tat com.shaft.tools.io.JSONFileManager.<init>(JSONFileManager.java:28)\n\tat testPackage01.Test_JSONFileManager.readStringFromJson(Test_JSONFileManager.java:12)\n\tat java.base/jdk.internal.reflect.NativeMethodAccessorImpl.invoke0(Native Method)\n\tat java.base/jdk.internal.reflect.NativeMethodAccessorImpl.invoke(NativeMethodAccessorImpl.java:77)\n\tat java.base/jdk.internal.reflect.DelegatingMethodAccessorImpl.invoke(DelegatingMethodAccessorImpl.java:43)\n\tat java.base/java.lang.reflect.Method.invoke(Method.java:568)\n\tat org.testng.internal.MethodInvocationHelper.invokeMethod(MethodInvocationHelper.java:133)\n\tat org.testng.internal.TestInvoker.invokeMethod(TestInvoker.java:598)\n\tat org.testng.internal.TestInvoker.invokeTestMethod(TestInvoker.java:173)\n\tat org.testng.internal.MethodRunner.runInSequence(MethodRunner.java:46)\n\tat org.testng.internal.TestInvoker$MethodInvocationAgent.invoke(TestInvoker.java:824)\n\tat org.testng.internal.TestInvoker.invokeTestMethods(TestInvoker.java:146)\n\tat org.testng.internal.TestMethodWorker.invokeTestMethods(TestMethodWorker.java:146)\n\tat org.testng.internal.TestMethodWorker.run(TestMethodWorker.java:128)\n\tat java.base/java.util.ArrayList.forEach(ArrayList.java:1511)\n\tat org.testng.TestRunner.privateRun(TestRunner.java:794)\n\tat org.testng.TestRunner.run(TestRunner.java:596)\n\tat org.testng.SuiteRunner.runTest(SuiteRunner.java:377)\n\tat org.testng.SuiteRunner.runSequentially(SuiteRunner.java:371)\n\tat org.testng.SuiteRunner.privateRun(SuiteRunner.java:332)\n\tat org.testng.SuiteRunner.run(SuiteRunner.java:276)\n\tat org.testng.SuiteRunnerWorker.runSuite(SuiteRunnerWorker.java:53)\n\tat org.testng.SuiteRunnerWorker.run(SuiteRunnerWorker.java:96)\n\tat org.testng.TestNG.runSuitesSequentially(TestNG.java:1212)\n\tat org.testng.TestNG.runSuitesLocally(TestNG.java:1134)\n\tat org.testng.TestNG.runSuites(TestNG.java:1063)\n\tat org.testng.TestNG.run(TestNG.java:1031)\n\tat org.apache.maven.surefire.testng.TestNGExecutor.run(TestNGExecutor.java:136)\n\tat org.apache.maven.surefire.testng.TestNGDirectoryTestSuite.executeMulti(TestNGDirectoryTestSuite.java:193)\n\tat org.apache.maven.surefire.testng.TestNGDirectoryTestSuite.execute(TestNGDirectoryTestSuite.java:94)\n\tat org.apache.maven.surefire.testng.TestNGProvider.invoke(TestNGProvider.java:145)\n\tat org.apache.maven.surefire.booter.ForkedBooter.runSuitesInProcess(ForkedBooter.java:428)\n\tat org.apache.maven.surefire.booter.ForkedBooter.execute(ForkedBooter.java:162)\n\tat org.apache.maven.surefire.booter.ForkedBooter.run(ForkedBooter.java:562)\n\tat org.apache.maven.surefire.booter.ForkedBooter.main(ForkedBooter.java:548)\n",
  "flaky" : false,
  "newFailed" : false,
  "beforeStages" : [ {
    "name" : "setupActivities",
    "time" : {
      "start" : 1637046761765,
      "stop" : 1637046762734,
      "duration" : 969
    },
    "description" : "",
    "status" : "passed",
    "steps" : [ {
      "name" : "Folder [extent-reports] was not found, it may have already been deleted.",
      "time" : {
        "start" : 1637046761914,
        "stop" : 1637046761916,
        "duration" : 2
      },
      "status" : "passed",
      "steps" : [ ],
      "attachments" : [ ],
      "parameters" : [ {
        "name" : "actionCounter",
        "value" : "1"
      }, {
        "name" : "logText",
        "value" : "Folder [extent-reports] was not found, it may have already been deleted."
      } ],
      "shouldDisplayMessage" : false,
      "hasContent" : true,
      "stepsCount" : 0,
      "attachmentsCount" : 0
    } ],
    "attachments" : [ {
      "uid" : "c471d9c7339f8cfe",
      "name" : "Attachment: SHAFT Links - Important",
      "source" : "c471d9c7339f8cfe.uri",
      "type" : "text/uri-list",
      "size" : 346
    } ],
    "parameters" : [ ],
    "shouldDisplayMessage" : false,
    "hasContent" : true,
    "stepsCount" : 1,
    "attachmentsCount" : 1
  } ],
  "testStage" : {
    "status" : "failed",
    "statusMessage" : "Couldn't find the desired file. [src/test/resources/testDataFiles/simpleJSON.json].",
    "statusTrace" : "java.lang.AssertionError: Couldn't find the desired file. [src/test/resources/testDataFiles/simpleJSON.json].\n\tat org.testng.Assert.fail(Assert.java:99)\n\tat com.shaft.tools.io.JSONFileManager.initializeReader(JSONFileManager.java:139)\n\tat com.shaft.tools.io.JSONFileManager.<init>(JSONFileManager.java:28)\n\tat testPackage01.Test_JSONFileManager.readStringFromJson(Test_JSONFileManager.java:12)\n\tat java.base/jdk.internal.reflect.NativeMethodAccessorImpl.invoke0(Native Method)\n\tat java.base/jdk.internal.reflect.NativeMethodAccessorImpl.invoke(NativeMethodAccessorImpl.java:77)\n\tat java.base/jdk.internal.reflect.DelegatingMethodAccessorImpl.invoke(DelegatingMethodAccessorImpl.java:43)\n\tat java.base/java.lang.reflect.Method.invoke(Method.java:568)\n\tat org.testng.internal.MethodInvocationHelper.invokeMethod(MethodInvocationHelper.java:133)\n\tat org.testng.internal.TestInvoker.invokeMethod(TestInvoker.java:598)\n\tat org.testng.internal.TestInvoker.invokeTestMethod(TestInvoker.java:173)\n\tat org.testng.internal.MethodRunner.runInSequence(MethodRunner.java:46)\n\tat org.testng.internal.TestInvoker$MethodInvocationAgent.invoke(TestInvoker.java:824)\n\tat org.testng.internal.TestInvoker.invokeTestMethods(TestInvoker.java:146)\n\tat org.testng.internal.TestMethodWorker.invokeTestMethods(TestMethodWorker.java:146)\n\tat org.testng.internal.TestMethodWorker.run(TestMethodWorker.java:128)\n\tat java.base/java.util.ArrayList.forEach(ArrayList.java:1511)\n\tat org.testng.TestRunner.privateRun(TestRunner.java:794)\n\tat org.testng.TestRunner.run(TestRunner.java:596)\n\tat org.testng.SuiteRunner.runTest(SuiteRunner.java:377)\n\tat org.testng.SuiteRunner.runSequentially(SuiteRunner.java:371)\n\tat org.testng.SuiteRunner.privateRun(SuiteRunner.java:332)\n\tat org.testng.SuiteRunner.run(SuiteRunner.java:276)\n\tat org.testng.SuiteRunnerWorker.runSuite(SuiteRunnerWorker.java:53)\n\tat org.testng.SuiteRunnerWorker.run(SuiteRunnerWorker.java:96)\n\tat org.testng.TestNG.runSuitesSequentially(TestNG.java:1212)\n\tat org.testng.TestNG.runSuitesLocally(TestNG.java:1134)\n\tat org.testng.TestNG.runSuites(TestNG.java:1063)\n\tat org.testng.TestNG.run(TestNG.java:1031)\n\tat org.apache.maven.surefire.testng.TestNGExecutor.run(TestNGExecutor.java:136)\n\tat org.apache.maven.surefire.testng.TestNGDirectoryTestSuite.executeMulti(TestNGDirectoryTestSuite.java:193)\n\tat org.apache.maven.surefire.testng.TestNGDirectoryTestSuite.execute(TestNGDirectoryTestSuite.java:94)\n\tat org.apache.maven.surefire.testng.TestNGProvider.invoke(TestNGProvider.java:145)\n\tat org.apache.maven.surefire.booter.ForkedBooter.runSuitesInProcess(ForkedBooter.java:428)\n\tat org.apache.maven.surefire.booter.ForkedBooter.execute(ForkedBooter.java:162)\n\tat org.apache.maven.surefire.booter.ForkedBooter.run(ForkedBooter.java:562)\n\tat org.apache.maven.surefire.booter.ForkedBooter.main(ForkedBooter.java:548)\n",
    "steps" : [ {
      "name" : "An Exception Occured with this Message: /home/runner/work/SHAFT_ENGINE/SHAFT_ENGINE/src/test/resources/testDataFiles/simpleJSON.json (No such file or directory).",
      "time" : {
        "start" : 1637047016200,
        "stop" : 1637047016200,
        "duration" : 0
      },
      "status" : "passed",
      "steps" : [ ],
      "attachments" : [ {
        "uid" : "20a47f6ce5f0185",
        "name" : "Attachment: Exception Stack Trace - java.io.FileNotFoundException",
        "source" : "20a47f6ce5f0185.txt",
        "type" : "text/plain",
        "size" : 3008
      } ],
      "parameters" : [ {
        "name" : "actionCounter",
        "value" : "204"
      }, {
        "name" : "logText",
        "value" : "An Exception Occured with this Message: /home/runner/work/SHAFT_ENGINE/SHAFT_ENGINE/src/test/resources/testDataFiles/simpleJSON.json (No such file or directory)."
      }, {
        "name" : "attachments",
        "value" : "[[Exception Stack Trace, java.io.FileNotFoundException, java.io.FileNotFoundException:\n/home/runner/work/SHAFT_ENGINE/SHAFT_ENGINE/src/test/resources/testDataFiles/simpleJSON.json (No such file or directory)\njava.base/java.io.FileInputStream.open0(Native Method)\njava.base/java.io.FileInputStream.open(FileInputStream.java:216)\njava.base/java.io.FileInputStream.<init>(FileInputStream.java:157)\njava.base/java.io.FileInputStream.<init>(FileInputStream.java:111)\njava.base/java.io.FileReader.<init>(FileReader.java:60)\ncom.shaft.tools.io.JSONFileManager.initializeReader(JSONFileManager.java:135)\ncom.shaft.tools.io.JSONFileManager.<init>(JSONFileManager.java:28)\ntestPackage01.Test_JSONFileManager.readStringFromJson(Test_JSONFileManager.java:12)\njava.base/jdk.internal.reflect.NativeMethodAccessorImpl.invoke0(Native Method)\njava.base/jdk.internal.reflect.NativeMethodAccessorImpl.invoke(NativeMethodAccessorImpl.java:77)\njava.base/jdk.internal.reflect.DelegatingMethodAccessorImpl.invoke(DelegatingMethodAccessorImpl.java:43)\njava.base/java.lang.reflect.Method.invoke(Method.java:568)\norg.testng.internal.MethodInvocationHelper.invokeMethod(MethodInvocationHelper.java:133)\norg.testng.internal.TestInvoker.invokeMethod(TestInvoker.java:598)\norg.testng.internal.TestInvoker.invokeTestMethod(TestInvoker.java:173)\norg.testng.internal.MethodRunner.runInSequence(MethodRunner.java:46)\norg.testng.internal.TestInvoker$MethodInvocationAgent.invoke(TestInvoker.java:824)\norg.testng.internal.TestInvoker.invokeTestMethods(TestInvoker.java:146)\norg.testng.internal.TestMethodWorker.invokeTestMethods(TestMethodWorker.java:146)\norg.testng.internal.TestMethodWorker.run(TestMethodWorker.java:128)\njava.base/java.util.ArrayList.forEach(ArrayList.java:1511)\norg.testng.TestRunner.privateRun(TestRunner.java:794)\norg.testng.TestRunner.run(TestRunner.java:596)\norg.testng.SuiteRunner.runTest(SuiteRunner.java:377)\norg.testng.SuiteRunner.runSequentially(SuiteRunner.java:371)\norg.testng.SuiteRunner.privateRun(SuiteRunner.java:332)\norg.testng.SuiteRunner.run(SuiteRunner.java:276)\norg.testng.SuiteRunnerWorker.runSuite(SuiteRunnerWorker.java:53)\norg.testng.SuiteRunnerWorker.run(SuiteRunnerWorker.java:96)\norg.testng.TestNG.runSuitesSequentially(TestNG.java:1212)\norg.testng.TestNG.runSuitesLocally(TestNG.java:1134)\norg.testng.TestNG.runSuites(TestNG.java:1063)\norg.testng.TestNG.run(TestNG.java:1031)\norg.apache.maven.surefire.testng.TestNGExecutor.run(TestNGExecutor.java:136)\norg.apache.maven.surefire.testng.TestNGDirectoryTestSuite.executeMulti(TestNGDirectoryTestSuite.java:193)\norg.apache.maven.surefire.testng.TestNGDirectoryTestSuite.execute(TestNGDirectoryTestSuite.java:94)\norg.apache.maven.surefire.testng.TestNGProvider.invoke(TestNGProvider.java:145)\norg.apache.maven.surefire.booter.ForkedBooter.runSuitesInProcess(ForkedBooter.java:428)\norg.apache.maven.surefire.booter.ForkedBooter.execute(ForkedBooter.java:162)\norg.apache.maven.surefire.booter.ForkedBooter.run(ForkedBooter.java:562)\norg.apache.maven.surefire.booter.ForkedBooter.main(ForkedBooter.java:548)\n]]"
      } ],
      "shouldDisplayMessage" : false,
      "hasContent" : true,
      "stepsCount" : 0,
      "attachmentsCount" : 1
    }, {
      "name" : "Couldn't find the desired file. [src/test/resources/testDataFiles/simpleJSON.json].",
      "time" : {
        "start" : 1637047016200,
        "stop" : 1637047016200,
        "duration" : 0
      },
      "status" : "passed",
      "steps" : [ ],
      "attachments" : [ ],
      "parameters" : [ {
        "name" : "actionCounter",
        "value" : "206"
      }, {
        "name" : "logText",
        "value" : "Couldn't find the desired file. [src/test/resources/testDataFiles/simpleJSON.json]."
      } ],
      "shouldDisplayMessage" : false,
      "hasContent" : true,
      "stepsCount" : 0,
      "attachmentsCount" : 0
    } ],
    "attachments" : [ {
      "uid" : "9fc3087ac133fd6b",
      "name" : "Attachment: SHAFT Engine Logs - Current Method log: readStringFromJson",
      "source" : "9fc3087ac133fd6b.json",
      "type" : "text/json",
      "size" : 1100
    } ],
    "parameters" : [ ],
    "shouldDisplayMessage" : true,
    "hasContent" : true,
    "stepsCount" : 2,
    "attachmentsCount" : 2
  },
  "afterStages" : [ {
    "name" : "teardownActivities",
    "time" : {
      "start" : 1637047329544,
      "stop" : 1637047330278,
      "duration" : 734
    },
    "description" : "",
    "status" : "passed",
    "steps" : [ {
      "name" : "Successfully Closed All Drivers.",
      "time" : {
        "start" : 1637047329544,
        "stop" : 1637047329544,
        "duration" : 0
      },
      "status" : "passed",
      "steps" : [ ],
      "attachments" : [ ],
      "parameters" : [ {
        "name" : "actionCounter",
        "value" : "548"
      }, {
        "name" : "logText",
        "value" : "Successfully Closed All Drivers."
      } ],
      "shouldDisplayMessage" : false,
      "hasContent" : true,
      "stepsCount" : 0,
      "attachmentsCount" : 0
    }, {
      "name" : "Issue Summary: Total Issues = 9, New issues for Failed Tests = 7, Open issues for Passed Tests = 2, Open issues for Failed Tests = 0. Kindly check the attached Issue details.",
      "time" : {
        "start" : 1637047329565,
        "stop" : 1637047329566,
        "duration" : 1
      },
      "status" : "passed",
      "steps" : [ ],
      "attachments" : [ {
        "uid" : "fb050c56217a8fcd",
        "name" : "Attachment: SHAFT Engine Logs - Issues log CSV: 20211116-072209",
        "source" : "fb050c56217a8fcd.csv",
        "type" : "text/csv",
        "size" : 1148
      } ],
      "parameters" : [ {
        "name" : "actionCounter",
        "value" : "549"
      }, {
        "name" : "logText",
        "value" : "Issue Summary: Total Issues = 9, New issues for Failed Tests = 7, Open issues for Passed Tests = 2, Open issues for Failed Tests = 0. Kindly check the attached Issue details."
      }, {
        "name" : "attachments",
        "value" : "[[SHAFT Engine Logs, Issues log CSV: 20211116-072209, java.io.ByteArrayInputStream@4eee1b8]]"
      } ],
      "shouldDisplayMessage" : false,
      "hasContent" : true,
      "stepsCount" : 0,
      "attachmentsCount" : 1
    } ],
    "attachments" : [ {
      "uid" : "b57508bed5ad663a",
      "name" : "Attachment: SHAFT Engine Logs - Execution log: 20211116-072209",
      "source" : "b57508bed5ad663a.txt",
      "type" : "text/plain",
      "size" : 376297
    }, {
      "uid" : "68483ba4011c0b27",
      "name" : "Attachment: HTML - Extent Emailable Execution Report",
      "source" : "68483ba4011c0b27.html",
      "type" : "text/html",
      "size" : 13115532
    } ],
    "parameters" : [ ],
    "shouldDisplayMessage" : false,
    "hasContent" : true,
    "stepsCount" : 2,
    "attachmentsCount" : 3
  } ],
  "labels" : [ {
    "name" : "package",
    "value" : "testPackage01.Test_JSONFileManager"
  }, {
    "name" : "testClass",
    "value" : "testPackage01.Test_JSONFileManager"
  }, {
    "name" : "testMethod",
    "value" : "readStringFromJson"
  }, {
    "name" : "parentSuite",
    "value" : "SHAFT: Custom Suite"
  }, {
    "name" : "suite",
    "value" : "SHAFT: Custom Test"
  }, {
    "name" : "subSuite",
    "value" : "testPackage01.Test_JSONFileManager"
  }, {
    "name" : "host",
    "value" : "fv-az154-477"
  }, {
    "name" : "thread",
    "value" : "4276@fv-az154-477.main(1)"
  }, {
    "name" : "framework",
    "value" : "testng"
  }, {
    "name" : "language",
    "value" : "java"
  }, {
    "name" : "resultFormat",
    "value" : "allure2"
  } ],
  "parameters" : [ ],
  "links" : [ ],
  "hidden" : false,
  "retry" : false,
  "extra" : {
    "severity" : "normal",
    "retries" : [ ],
    "categories" : [ {
      "name" : "Product defects",
      "matchedStatuses" : [ ],
      "flaky" : false
    } ],
    "history" : {
      "statistic" : {
        "failed" : 13,
        "broken" : 0,
        "skipped" : 0,
        "passed" : 27,
        "unknown" : 0,
        "total" : 40
      },
      "items" : [ {
        "uid" : "2a0719cf1151f3a9",
        "reportUrl" : "https://MohabMohie.github.io/SHAFT_ENGINE/allure/Linux/Web/900//#testresult/2a0719cf1151f3a9",
        "status" : "failed",
        "statusDetails" : "Couldn't find the desired file. [src/test/resources/testDataFiles/simpleJSON.json].",
        "time" : {
          "start" : 1637008629741,
          "stop" : 1637008629745,
          "duration" : 4
        }
      }, {
        "uid" : "5403602d46bccf34",
        "reportUrl" : "https://MohabMohie.github.io/SHAFT_ENGINE/allure/Linux/Web/898//#testresult/5403602d46bccf34",
        "status" : "failed",
        "statusDetails" : "Couldn't find the desired file. [src/test/resources/testDataFiles/simpleJSON.json].",
        "time" : {
          "start" : 1636941255882,
          "stop" : 1636941255886,
          "duration" : 4
        }
      }, {
        "uid" : "6ab6bc20705edb11",
        "reportUrl" : "https://MohabMohie.github.io/SHAFT_ENGINE/allure/Linux/Web/897//#testresult/6ab6bc20705edb11",
        "status" : "failed",
        "statusDetails" : "Couldn't find the desired file. [src/test/resources/testDataFiles/simpleJSON.json].",
        "time" : {
          "start" : 1636855008496,
          "stop" : 1636855008502,
          "duration" : 6
        }
      }, {
        "uid" : "b4208a89766aba57",
        "reportUrl" : "https://MohabMohie.github.io/SHAFT_ENGINE/allure/Linux/Web/893//#testresult/b4208a89766aba57",
        "status" : "failed",
        "statusDetails" : "Couldn't find the desired file. [src/test/resources/testDataFiles/simpleJSON.json].",
        "time" : {
          "start" : 1636768631067,
          "stop" : 1636768631073,
          "duration" : 6
        }
      }, {
        "uid" : "6179a3df62c8a2d8",
        "reportUrl" : "https://MohabMohie.github.io/SHAFT_ENGINE/allure/Linux/Web/888//#testresult/6179a3df62c8a2d8",
        "status" : "failed",
        "statusDetails" : "Couldn't find the desired file. [src/test/resources/testDataFiles/simpleJSON.json].",
        "time" : {
          "start" : 1636422898107,
          "stop" : 1636422898116,
          "duration" : 9
        }
      }, {
        "uid" : "a09faef9e83696d4",
        "reportUrl" : "https://MohabMohie.github.io/SHAFT_ENGINE/allure/Linux/Web/886//#testresult/a09faef9e83696d4",
        "status" : "failed",
        "statusDetails" : "Couldn't find the desired file. [src/test/resources/testDataFiles/simpleJSON.json].",
        "time" : {
          "start" : 1636272236092,
          "stop" : 1636272236098,
          "duration" : 6
        }
      }, {
        "uid" : "df4d22119e6a2ed",
        "reportUrl" : "https://MohabMohie.github.io/SHAFT_ENGINE/allure/Linux/Web/882//#testresult/df4d22119e6a2ed",
        "status" : "failed",
        "statusDetails" : "Couldn't find the desired file. [src/test/resources/testDataFiles/simpleJSON.json].",
        "time" : {
          "start" : 1636055186366,
          "stop" : 1636055186374,
          "duration" : 8
        }
      }, {
        "uid" : "36a8e4b1ab94387e",
        "reportUrl" : "https://MohabMohie.github.io/SHAFT_ENGINE/allure/Linux/Web/878//#testresult/36a8e4b1ab94387e",
        "status" : "failed",
        "statusDetails" : "Couldn't find the desired file. [src/test/resources/testDataFiles/simpleJSON.json].",
        "time" : {
          "start" : 1636020587785,
          "stop" : 1636020587793,
          "duration" : 8
        }
      }, {
        "uid" : "ce8096d4024f8246",
        "reportUrl" : "https://MohabMohie.github.io/SHAFT_ENGINE/allure/Linux/Web/876//#testresult/ce8096d4024f8246",
        "status" : "failed",
        "statusDetails" : "Couldn't find the desired file. [src/test/resources/testDataFiles/simpleJSON.json].",
        "time" : {
          "start" : 1635991332527,
          "stop" : 1635991332533,
          "duration" : 6
        }
      }, {
        "uid" : "1846c3fa44849494",
        "reportUrl" : "https://MohabMohie.github.io/SHAFT_ENGINE/allure/Linux/Web/874//#testresult/1846c3fa44849494",
        "status" : "failed",
        "statusDetails" : "Couldn't find the desired file. [src/test/resources/testDataFiles/simpleJSON.json].",
        "time" : {
          "start" : 1635977226686,
          "stop" : 1635977226698,
          "duration" : 12
        }
      }, {
        "uid" : "3653dd6f1e4bbb55",
        "reportUrl" : "https://MohabMohie.github.io/SHAFT_ENGINE/allure/Linux/Web/872//#testresult/3653dd6f1e4bbb55",
        "status" : "failed",
        "statusDetails" : "Couldn't find the desired file. [src/test/resources/testDataFiles/simpleJSON.json].",
        "time" : {
          "start" : 1635974779145,
          "stop" : 1635974779154,
          "duration" : 9
        }
      }, {
        "uid" : "e4431e6dbf8d1d1d",
        "reportUrl" : "https://MohabMohie.github.io/SHAFT_ENGINE/allure/Linux/Web/870//#testresult/e4431e6dbf8d1d1d",
        "status" : "failed",
        "statusDetails" : "Couldn't find the desired file. [src/test/resources/testDataFiles/simpleJSON.json].",
        "time" : {
          "start" : 1635971220028,
          "stop" : 1635971220048,
          "duration" : 20
        }
      }, {
        "uid" : "6390c047099cc97c",
        "reportUrl" : "https://MohabMohie.github.io/SHAFT_ENGINE/allure/Linux/Web/869//#testresult/6390c047099cc97c",
        "status" : "passed",
        "time" : {
          "start" : 1635970405142,
          "stop" : 1635970405202,
          "duration" : 60
        }
      }, {
        "uid" : "2e67c77d52093f2e",
        "reportUrl" : "https://MohabMohie.github.io/SHAFT_ENGINE/allure/Linux/Web/868//#testresult/2e67c77d52093f2e",
        "status" : "passed",
        "time" : {
          "start" : 1635970068639,
          "stop" : 1635970068702,
          "duration" : 63
        }
      }, {
        "uid" : "8cc879b4da904c79",
        "reportUrl" : "https://MohabMohie.github.io/SHAFT_ENGINE/allure/Linux/Web/864//#testresult/8cc879b4da904c79",
        "status" : "passed",
        "time" : {
          "start" : 1635917485510,
          "stop" : 1635917485526,
          "duration" : 16
        }
      }, {
        "uid" : "321ea7f1e2198903",
        "reportUrl" : "https://MohabMohie.github.io/SHAFT_ENGINE/allure/Linux/Web/855//#testresult/321ea7f1e2198903",
        "status" : "passed",
        "time" : {
          "start" : 1635767289574,
          "stop" : 1635767289591,
          "duration" : 17
        }
      }, {
        "uid" : "bfb7525e2efa5c65",
        "reportUrl" : "https://MohabMohie.github.io/SHAFT_ENGINE/allure/Linux/Web/854//#testresult/bfb7525e2efa5c65",
        "status" : "passed",
        "time" : {
          "start" : 1635759213751,
          "stop" : 1635759213767,
          "duration" : 16
        }
      }, {
        "uid" : "bb7c9a1b93593683",
        "reportUrl" : "https://MohabMohie.github.io/SHAFT_ENGINE/allure/Linux/Web/853//#testresult/bb7c9a1b93593683",
        "status" : "passed",
        "time" : {
          "start" : 1635752144732,
          "stop" : 1635752144777,
          "duration" : 45
        }
      }, {
        "uid" : "cfedff915d921bd5",
        "reportUrl" : "https://MohabMohie.github.io/SHAFT_ENGINE/allure/Linux/Web/849//#testresult/cfedff915d921bd5",
        "status" : "passed",
        "time" : {
          "start" : 1635645756887,
          "stop" : 1635645756913,
          "duration" : 26
        }
      }, {
        "uid" : "189768534ac47880",
        "reportUrl" : "https://MohabMohie.github.io/SHAFT_ENGINE/allure/Linux/Web/847//#testresult/189768534ac47880",
        "status" : "passed",
        "time" : {
          "start" : 1635625752250,
          "stop" : 1635625752303,
          "duration" : 53
        }
      } ]
    },
    "tags" : [ ]
  },
  "source" : "1a88738c4b99dae0.json",
  "parameterValues" : [ ]
}