{
  "uid" : "392d408d989f129c",
  "name" : "specialCharacters",
  "fullName" : "testPackage01.Test_JsonCompareWithSpecialCharacters.specialCharacters",
  "historyId" : "b27c77614b887aad9233c87f6d999b88",
  "time" : {
    "start" : 1637047055299,
    "stop" : 1637047055324,
    "duration" : 25
  },
  "status" : "failed",
  "statusMessage" : "API Action [CompareJSON] failed. With the following test data [Couldn't parse the desired file. [src/test/resources/testDataFiles/specialCharacters.json].].",
  "statusTrace" : "java.lang.AssertionError: API Action [CompareJSON] failed. With the following test data [Couldn't parse the desired file. [src/test/resources/testDataFiles/specialCharacters.json].].\n\tat org.testng.Assert.fail(Assert.java:87)\n\tat com.shaft.api.RestActions.failAction(RestActions.java:89)\n\tat com.shaft.api.RestActions.failAction(RestActions.java:415)\n\tat com.shaft.api.RestActions.compareJSON(RestActions.java:392)\n\tat com.shaft.validation.ValidationsHelper.validateJSONFileContent(ValidationsHelper.java:615)\n\tat com.shaft.validation.Verifications.verifyJSONFileContent(Verifications.java:701)\n\tat testPackage01.Test_JsonCompareWithSpecialCharacters.specialCharacters(Test_JsonCompareWithSpecialCharacters.java:18)\n\tat java.base/jdk.internal.reflect.NativeMethodAccessorImpl.invoke0(Native Method)\n\tat java.base/jdk.internal.reflect.NativeMethodAccessorImpl.invoke(NativeMethodAccessorImpl.java:77)\n\tat java.base/jdk.internal.reflect.DelegatingMethodAccessorImpl.invoke(DelegatingMethodAccessorImpl.java:43)\n\tat java.base/java.lang.reflect.Method.invoke(Method.java:568)\n\tat org.testng.internal.MethodInvocationHelper.invokeMethod(MethodInvocationHelper.java:133)\n\tat org.testng.internal.TestInvoker.invokeMethod(TestInvoker.java:598)\n\tat org.testng.internal.TestInvoker.invokeTestMethod(TestInvoker.java:173)\n\tat org.testng.internal.MethodRunner.runInSequence(MethodRunner.java:46)\n\tat org.testng.internal.TestInvoker$MethodInvocationAgent.invoke(TestInvoker.java:824)\n\tat org.testng.internal.TestInvoker.invokeTestMethods(TestInvoker.java:146)\n\tat org.testng.internal.TestMethodWorker.invokeTestMethods(TestMethodWorker.java:146)\n\tat org.testng.internal.TestMethodWorker.run(TestMethodWorker.java:128)\n\tat java.base/java.util.ArrayList.forEach(ArrayList.java:1511)\n\tat org.testng.TestRunner.privateRun(TestRunner.java:794)\n\tat org.testng.TestRunner.run(TestRunner.java:596)\n\tat org.testng.SuiteRunner.runTest(SuiteRunner.java:377)\n\tat org.testng.SuiteRunner.runSequentially(SuiteRunner.java:371)\n\tat org.testng.SuiteRunner.privateRun(SuiteRunner.java:332)\n\tat org.testng.SuiteRunner.run(SuiteRunner.java:276)\n\tat org.testng.SuiteRunnerWorker.runSuite(SuiteRunnerWorker.java:53)\n\tat org.testng.SuiteRunnerWorker.run(SuiteRunnerWorker.java:96)\n\tat org.testng.TestNG.runSuitesSequentially(TestNG.java:1212)\n\tat org.testng.TestNG.runSuitesLocally(TestNG.java:1134)\n\tat org.testng.TestNG.runSuites(TestNG.java:1063)\n\tat org.testng.TestNG.run(TestNG.java:1031)\n\tat org.apache.maven.surefire.testng.TestNGExecutor.run(TestNGExecutor.java:136)\n\tat org.apache.maven.surefire.testng.TestNGDirectoryTestSuite.executeMulti(TestNGDirectoryTestSuite.java:193)\n\tat org.apache.maven.surefire.testng.TestNGDirectoryTestSuite.execute(TestNGDirectoryTestSuite.java:94)\n\tat org.apache.maven.surefire.testng.TestNGProvider.invoke(TestNGProvider.java:145)\n\tat org.apache.maven.surefire.booter.ForkedBooter.runSuitesInProcess(ForkedBooter.java:428)\n\tat org.apache.maven.surefire.booter.ForkedBooter.execute(ForkedBooter.java:162)\n\tat org.apache.maven.surefire.booter.ForkedBooter.run(ForkedBooter.java:562)\n\tat org.apache.maven.surefire.booter.ForkedBooter.main(ForkedBooter.java:548)\nCaused by: Unexpected token END OF FILE at position 0.\n\tat org.json.simple.parser.JSONParser.parse(JSONParser.java:257)\n\tat org.json.simple.parser.JSONParser.parse(JSONParser.java:81)\n\tat org.json.simple.parser.JSONParser.parse(JSONParser.java:75)\n\tat com.shaft.api.RestActions.compareJSON(RestActions.java:353)\n\t... 36 more\n",
  "flaky" : false,
  "newFailed" : false,
  "beforeStages" : [ {
    "name" : "setupActivities",
    "time" : {
      "start" : 1637046761765,
      "stop" : 1637046762734,
      "duration" : 969
    },
    "description" : "",
    "status" : "passed",
    "steps" : [ {
      "name" : "Folder [extent-reports] was not found, it may have already been deleted.",
      "time" : {
        "start" : 1637046761914,
        "stop" : 1637046761916,
        "duration" : 2
      },
      "status" : "passed",
      "steps" : [ ],
      "attachments" : [ ],
      "parameters" : [ {
        "name" : "actionCounter",
        "value" : "1"
      }, {
        "name" : "logText",
        "value" : "Folder [extent-reports] was not found, it may have already been deleted."
      } ],
      "shouldDisplayMessage" : false,
      "hasContent" : true,
      "stepsCount" : 0,
      "attachmentsCount" : 0
    } ],
    "attachments" : [ {
      "uid" : "c471d9c7339f8cfe",
      "name" : "Attachment: SHAFT Links - Important",
      "source" : "c471d9c7339f8cfe.uri",
      "type" : "text/uri-list",
      "size" : 346
    } ],
    "parameters" : [ ],
    "shouldDisplayMessage" : false,
    "hasContent" : true,
    "stepsCount" : 1,
    "attachmentsCount" : 1
  } ],
  "testStage" : {
    "status" : "failed",
    "statusMessage" : "API Action [CompareJSON] failed. With the following test data [Couldn't parse the desired file. [src/test/resources/testDataFiles/specialCharacters.json].].",
    "statusTrace" : "java.lang.AssertionError: API Action [CompareJSON] failed. With the following test data [Couldn't parse the desired file. [src/test/resources/testDataFiles/specialCharacters.json].].\n\tat org.testng.Assert.fail(Assert.java:87)\n\tat com.shaft.api.RestActions.failAction(RestActions.java:89)\n\tat com.shaft.api.RestActions.failAction(RestActions.java:415)\n\tat com.shaft.api.RestActions.compareJSON(RestActions.java:392)\n\tat com.shaft.validation.ValidationsHelper.validateJSONFileContent(ValidationsHelper.java:615)\n\tat com.shaft.validation.Verifications.verifyJSONFileContent(Verifications.java:701)\n\tat testPackage01.Test_JsonCompareWithSpecialCharacters.specialCharacters(Test_JsonCompareWithSpecialCharacters.java:18)\n\tat java.base/jdk.internal.reflect.NativeMethodAccessorImpl.invoke0(Native Method)\n\tat java.base/jdk.internal.reflect.NativeMethodAccessorImpl.invoke(NativeMethodAccessorImpl.java:77)\n\tat java.base/jdk.internal.reflect.DelegatingMethodAccessorImpl.invoke(DelegatingMethodAccessorImpl.java:43)\n\tat java.base/java.lang.reflect.Method.invoke(Method.java:568)\n\tat org.testng.internal.MethodInvocationHelper.invokeMethod(MethodInvocationHelper.java:133)\n\tat org.testng.internal.TestInvoker.invokeMethod(TestInvoker.java:598)\n\tat org.testng.internal.TestInvoker.invokeTestMethod(TestInvoker.java:173)\n\tat org.testng.internal.MethodRunner.runInSequence(MethodRunner.java:46)\n\tat org.testng.internal.TestInvoker$MethodInvocationAgent.invoke(TestInvoker.java:824)\n\tat org.testng.internal.TestInvoker.invokeTestMethods(TestInvoker.java:146)\n\tat org.testng.internal.TestMethodWorker.invokeTestMethods(TestMethodWorker.java:146)\n\tat org.testng.internal.TestMethodWorker.run(TestMethodWorker.java:128)\n\tat java.base/java.util.ArrayList.forEach(ArrayList.java:1511)\n\tat org.testng.TestRunner.privateRun(TestRunner.java:794)\n\tat org.testng.TestRunner.run(TestRunner.java:596)\n\tat org.testng.SuiteRunner.runTest(SuiteRunner.java:377)\n\tat org.testng.SuiteRunner.runSequentially(SuiteRunner.java:371)\n\tat org.testng.SuiteRunner.privateRun(SuiteRunner.java:332)\n\tat org.testng.SuiteRunner.run(SuiteRunner.java:276)\n\tat org.testng.SuiteRunnerWorker.runSuite(SuiteRunnerWorker.java:53)\n\tat org.testng.SuiteRunnerWorker.run(SuiteRunnerWorker.java:96)\n\tat org.testng.TestNG.runSuitesSequentially(TestNG.java:1212)\n\tat org.testng.TestNG.runSuitesLocally(TestNG.java:1134)\n\tat org.testng.TestNG.runSuites(TestNG.java:1063)\n\tat org.testng.TestNG.run(TestNG.java:1031)\n\tat org.apache.maven.surefire.testng.TestNGExecutor.run(TestNGExecutor.java:136)\n\tat org.apache.maven.surefire.testng.TestNGDirectoryTestSuite.executeMulti(TestNGDirectoryTestSuite.java:193)\n\tat org.apache.maven.surefire.testng.TestNGDirectoryTestSuite.execute(TestNGDirectoryTestSuite.java:94)\n\tat org.apache.maven.surefire.testng.TestNGProvider.invoke(TestNGProvider.java:145)\n\tat org.apache.maven.surefire.booter.ForkedBooter.runSuitesInProcess(ForkedBooter.java:428)\n\tat org.apache.maven.surefire.booter.ForkedBooter.execute(ForkedBooter.java:162)\n\tat org.apache.maven.surefire.booter.ForkedBooter.run(ForkedBooter.java:562)\n\tat org.apache.maven.surefire.booter.ForkedBooter.main(ForkedBooter.java:548)\nCaused by: Unexpected token END OF FILE at position 0.\n\tat org.json.simple.parser.JSONParser.parse(JSONParser.java:257)\n\tat org.json.simple.parser.JSONParser.parse(JSONParser.java:81)\n\tat org.json.simple.parser.JSONParser.parse(JSONParser.java:75)\n\tat com.shaft.api.RestActions.compareJSON(RestActions.java:353)\n\t... 36 more\n",
    "steps" : [ {
      "name" : "File Action [ReadFromFile] successfully performed. With the following test data [File Path: \"/home/runner/work/SHAFT_ENGINE/SHAFT_ENGINE/src/test/resources/testDataFiles/specialCharacters.json\"].",
      "time" : {
        "start" : 1637047055317,
        "stop" : 1637047055317,
        "duration" : 0
      },
      "status" : "passed",
      "steps" : [ ],
      "attachments" : [ ],
      "parameters" : [ {
        "name" : "actionCounter",
        "value" : "253"
      }, {
        "name" : "logText",
        "value" : "File Action [ReadFromFile] successfully performed. With the following test data [File Path: \"/home/runner/work/SHAFT_ENGINE/SHAFT_ENGINE/src/test/resources/testDataFiles/specialCharacters.json\"]."
      } ],
      "shouldDisplayMessage" : false,
      "hasContent" : true,
      "stepsCount" : 0,
      "attachmentsCount" : 0
    }, {
      "name" : "An Exception Occured",
      "time" : {
        "start" : 1637047055321,
        "stop" : 1637047055322,
        "duration" : 1
      },
      "status" : "passed",
      "steps" : [ ],
      "attachments" : [ {
        "uid" : "39a82063ce242e7d",
        "name" : "Attachment: Exception Stack Trace - org.json.simple.parser.ParseException",
        "source" : "39a82063ce242e7d.json",
        "type" : "text/json",
        "size" : 2891
      } ],
      "parameters" : [ {
        "name" : "actionCounter",
        "value" : "254"
      }, {
        "name" : "logText",
        "value" : "An Exception Occured"
      }, {
        "name" : "attachments",
        "value" : "[[Exception Stack Trace, org.json.simple.parser.ParseException, org.json.simple.parser.ParseException:\nnull\norg.json.simple.parser.JSONParser.parse(JSONParser.java:257)\norg.json.simple.parser.JSONParser.parse(JSONParser.java:81)\norg.json.simple.parser.JSONParser.parse(JSONParser.java:75)\ncom.shaft.api.RestActions.compareJSON(RestActions.java:353)\ncom.shaft.validation.ValidationsHelper.validateJSONFileContent(ValidationsHelper.java:615)\ncom.shaft.validation.Verifications.verifyJSONFileContent(Verifications.java:701)\ntestPackage01.Test_JsonCompareWithSpecialCharacters.specialCharacters(Test_JsonCompareWithSpecialCharacters.java:18)\njava.base/jdk.internal.reflect.NativeMethodAccessorImpl.invoke0(Native Method)\njava.base/jdk.internal.reflect.NativeMethodAccessorImpl.invoke(NativeMethodAccessorImpl.java:77)\njava.base/jdk.internal.reflect.DelegatingMethodAccessorImpl.invoke(DelegatingMethodAccessorImpl.java:43)\njava.base/java.lang.reflect.Method.invoke(Method.java:568)\norg.testng.internal.MethodInvocationHelper.invokeMethod(MethodInvocationHelper.java:133)\norg.testng.internal.TestInvoker.invokeMethod(TestInvoker.java:598)\norg.testng.internal.TestInvoker.invokeTestMethod(TestInvoker.java:173)\norg.testng.internal.MethodRunner.runInSequence(MethodRunner.java:46)\norg.testng.internal.TestInvoker$MethodInvocationAgent.invoke(TestInvoker.java:824)\norg.testng.internal.TestInvoker.invokeTestMethods(TestInvoker.java:146)\norg.testng.internal.TestMethodWorker.invokeTestMethods(TestMethodWorker.java:146)\norg.testng.internal.TestMethodWorker.run(TestMethodWorker.java:128)\njava.base/java.util.ArrayList.forEach(ArrayList.java:1511)\norg.testng.TestRunner.privateRun(TestRunner.java:794)\norg.testng.TestRunner.run(TestRunner.java:596)\norg.testng.SuiteRunner.runTest(SuiteRunner.java:377)\norg.testng.SuiteRunner.runSequentially(SuiteRunner.java:371)\norg.testng.SuiteRunner.privateRun(SuiteRunner.java:332)\norg.testng.SuiteRunner.run(SuiteRunner.java:276)\norg.testng.SuiteRunnerWorker.runSuite(SuiteRunnerWorker.java:53)\norg.testng.SuiteRunnerWorker.run(SuiteRunnerWorker.java:96)\norg.testng.TestNG.runSuitesSequentially(TestNG.java:1212)\norg.testng.TestNG.runSuitesLocally(TestNG.java:1134)\norg.testng.TestNG.runSuites(TestNG.java:1063)\norg.testng.TestNG.run(TestNG.java:1031)\norg.apache.maven.surefire.testng.TestNGExecutor.run(TestNGExecutor.java:136)\norg.apache.maven.surefire.testng.TestNGDirectoryTestSuite.executeMulti(TestNGDirectoryTestSuite.java:193)\norg.apache.maven.surefire.testng.TestNGDirectoryTestSuite.execute(TestNGDirectoryTestSuite.java:94)\norg.apache.maven.surefire.testng.TestNGProvider.invoke(TestNGProvider.java:145)\norg.apache.maven.surefire.booter.ForkedBooter.runSuitesInProcess(ForkedBooter.java:428)\norg.apache.maven.surefire.booter.ForkedBooter.execute(ForkedBooter.java:162)\norg.apache.maven.surefire.booter.ForkedBooter.run(ForkedBooter.java:562)\norg.apache.maven.surefire.booter.ForkedBooter.main(ForkedBooter.java:548)\n]]"
      } ],
      "shouldDisplayMessage" : false,
      "hasContent" : true,
      "stepsCount" : 0,
      "attachmentsCount" : 1
    }, {
      "name" : "API Action [CompareJSON] failed. With the following test data [Couldn't parse the desired file. [src/test/resources/testDataFiles/specialCharacters.json].].",
      "time" : {
        "start" : 1637047055323,
        "stop" : 1637047055323,
        "duration" : 0
      },
      "status" : "passed",
      "steps" : [ ],
      "attachments" : [ ],
      "parameters" : [ {
        "name" : "actionCounter",
        "value" : "256"
      }, {
        "name" : "logText",
        "value" : "API Action [CompareJSON] failed. With the following test data [Couldn't parse the desired file. [src/test/resources/testDataFiles/specialCharacters.json].]."
      }, {
        "name" : "attachments",
        "value" : "[[], null, null]"
      } ],
      "shouldDisplayMessage" : false,
      "hasContent" : true,
      "stepsCount" : 0,
      "attachmentsCount" : 0
    } ],
    "attachments" : [ {
      "uid" : "369e9d48c237a02b",
      "name" : "Attachment: SHAFT Engine Logs - Current Method log: specialCharacters",
      "source" : "369e9d48c237a02b.txt",
      "type" : "text/plain",
      "size" : 1496
    } ],
    "parameters" : [ ],
    "shouldDisplayMessage" : true,
    "hasContent" : true,
    "stepsCount" : 3,
    "attachmentsCount" : 2
  },
  "afterStages" : [ {
    "name" : "teardownActivities",
    "time" : {
      "start" : 1637047329544,
      "stop" : 1637047330278,
      "duration" : 734
    },
    "description" : "",
    "status" : "passed",
    "steps" : [ {
      "name" : "Successfully Closed All Drivers.",
      "time" : {
        "start" : 1637047329544,
        "stop" : 1637047329544,
        "duration" : 0
      },
      "status" : "passed",
      "steps" : [ ],
      "attachments" : [ ],
      "parameters" : [ {
        "name" : "actionCounter",
        "value" : "548"
      }, {
        "name" : "logText",
        "value" : "Successfully Closed All Drivers."
      } ],
      "shouldDisplayMessage" : false,
      "hasContent" : true,
      "stepsCount" : 0,
      "attachmentsCount" : 0
    }, {
      "name" : "Issue Summary: Total Issues = 9, New issues for Failed Tests = 7, Open issues for Passed Tests = 2, Open issues for Failed Tests = 0. Kindly check the attached Issue details.",
      "time" : {
        "start" : 1637047329565,
        "stop" : 1637047329566,
        "duration" : 1
      },
      "status" : "passed",
      "steps" : [ ],
      "attachments" : [ {
        "uid" : "fb050c56217a8fcd",
        "name" : "Attachment: SHAFT Engine Logs - Issues log CSV: 20211116-072209",
        "source" : "fb050c56217a8fcd.csv",
        "type" : "text/csv",
        "size" : 1148
      } ],
      "parameters" : [ {
        "name" : "actionCounter",
        "value" : "549"
      }, {
        "name" : "logText",
        "value" : "Issue Summary: Total Issues = 9, New issues for Failed Tests = 7, Open issues for Passed Tests = 2, Open issues for Failed Tests = 0. Kindly check the attached Issue details."
      }, {
        "name" : "attachments",
        "value" : "[[SHAFT Engine Logs, Issues log CSV: 20211116-072209, java.io.ByteArrayInputStream@4eee1b8]]"
      } ],
      "shouldDisplayMessage" : false,
      "hasContent" : true,
      "stepsCount" : 0,
      "attachmentsCount" : 1
    } ],
    "attachments" : [ {
      "uid" : "b57508bed5ad663a",
      "name" : "Attachment: SHAFT Engine Logs - Execution log: 20211116-072209",
      "source" : "b57508bed5ad663a.txt",
      "type" : "text/plain",
      "size" : 376297
    }, {
      "uid" : "68483ba4011c0b27",
      "name" : "Attachment: HTML - Extent Emailable Execution Report",
      "source" : "68483ba4011c0b27.html",
      "type" : "text/html",
      "size" : 13115532
    } ],
    "parameters" : [ ],
    "shouldDisplayMessage" : false,
    "hasContent" : true,
    "stepsCount" : 2,
    "attachmentsCount" : 3
  } ],
  "labels" : [ {
    "name" : "package",
    "value" : "testPackage01.Test_JsonCompareWithSpecialCharacters"
  }, {
    "name" : "testClass",
    "value" : "testPackage01.Test_JsonCompareWithSpecialCharacters"
  }, {
    "name" : "testMethod",
    "value" : "specialCharacters"
  }, {
    "name" : "parentSuite",
    "value" : "SHAFT: Custom Suite"
  }, {
    "name" : "suite",
    "value" : "SHAFT: Custom Test"
  }, {
    "name" : "subSuite",
    "value" : "testPackage01.Test_JsonCompareWithSpecialCharacters"
  }, {
    "name" : "host",
    "value" : "fv-az154-477"
  }, {
    "name" : "thread",
    "value" : "4276@fv-az154-477.main(1)"
  }, {
    "name" : "framework",
    "value" : "testng"
  }, {
    "name" : "language",
    "value" : "java"
  }, {
    "name" : "resultFormat",
    "value" : "allure2"
  } ],
  "parameters" : [ ],
  "links" : [ ],
  "hidden" : false,
  "retry" : false,
  "extra" : {
    "severity" : "normal",
    "retries" : [ ],
    "categories" : [ {
      "name" : "Product defects",
      "matchedStatuses" : [ ],
      "flaky" : false
    } ],
    "history" : {
      "statistic" : {
        "failed" : 13,
        "broken" : 0,
        "skipped" : 0,
        "passed" : 27,
        "unknown" : 0,
        "total" : 40
      },
      "items" : [ {
        "uid" : "2300ceda5978e091",
        "reportUrl" : "https://MohabMohie.github.io/SHAFT_ENGINE/allure/Linux/Web/900//#testresult/2300ceda5978e091",
        "status" : "failed",
        "statusDetails" : "API Action [CompareJSON] failed. With the following test data [Couldn't parse the desired file. [src/test/resources/testDataFiles/specialCharacters.json].].",
        "time" : {
          "start" : 1637008668609,
          "stop" : 1637008668625,
          "duration" : 16
        }
      }, {
        "uid" : "867d94ce0feacaf2",
        "reportUrl" : "https://MohabMohie.github.io/SHAFT_ENGINE/allure/Linux/Web/898//#testresult/867d94ce0feacaf2",
        "status" : "failed",
        "statusDetails" : "API Action [CompareJSON] failed. With the following test data [Couldn't parse the desired file. [src/test/resources/testDataFiles/specialCharacters.json].].",
        "time" : {
          "start" : 1636941295119,
          "stop" : 1636941295135,
          "duration" : 16
        }
      }, {
        "uid" : "1e3c9c71aace5aa8",
        "reportUrl" : "https://MohabMohie.github.io/SHAFT_ENGINE/allure/Linux/Web/897//#testresult/1e3c9c71aace5aa8",
        "status" : "failed",
        "statusDetails" : "API Action [CompareJSON] failed. With the following test data [Couldn't parse the desired file. [src/test/resources/testDataFiles/specialCharacters.json].].",
        "time" : {
          "start" : 1636855048122,
          "stop" : 1636855048138,
          "duration" : 16
        }
      }, {
        "uid" : "ed590fa1364ca7dc",
        "reportUrl" : "https://MohabMohie.github.io/SHAFT_ENGINE/allure/Linux/Web/893//#testresult/ed590fa1364ca7dc",
        "status" : "failed",
        "statusDetails" : "API Action [CompareJSON] failed. With the following test data [Couldn't parse the desired file. [src/test/resources/testDataFiles/specialCharacters.json].].",
        "time" : {
          "start" : 1636768849840,
          "stop" : 1636768849865,
          "duration" : 25
        }
      }, {
        "uid" : "1da841701888af8a",
        "reportUrl" : "https://MohabMohie.github.io/SHAFT_ENGINE/allure/Linux/Web/888//#testresult/1da841701888af8a",
        "status" : "failed",
        "statusDetails" : "API Action [CompareJSON] failed. With the following test data [Couldn't parse the desired file. [src/test/resources/testDataFiles/specialCharacters.json].].",
        "time" : {
          "start" : 1636422937264,
          "stop" : 1636422937295,
          "duration" : 31
        }
      }, {
        "uid" : "b4d686cd6d2d611c",
        "reportUrl" : "https://MohabMohie.github.io/SHAFT_ENGINE/allure/Linux/Web/886//#testresult/b4d686cd6d2d611c",
        "status" : "failed",
        "statusDetails" : "API Action [CompareJSON] failed. With the following test data [Couldn't parse the desired file. [src/test/resources/testDataFiles/specialCharacters.json].].",
        "time" : {
          "start" : 1636272275274,
          "stop" : 1636272275294,
          "duration" : 20
        }
      }, {
        "uid" : "9387db7ba79447f",
        "reportUrl" : "https://MohabMohie.github.io/SHAFT_ENGINE/allure/Linux/Web/882//#testresult/9387db7ba79447f",
        "status" : "failed",
        "statusDetails" : "API Action [CompareJSON] failed. With the following test data [Couldn't parse the desired file. [src/test/resources/testDataFiles/specialCharacters.json].].",
        "time" : {
          "start" : 1636055225120,
          "stop" : 1636055225147,
          "duration" : 27
        }
      }, {
        "uid" : "4742ec5b80fd79cd",
        "reportUrl" : "https://MohabMohie.github.io/SHAFT_ENGINE/allure/Linux/Web/878//#testresult/4742ec5b80fd79cd",
        "status" : "failed",
        "statusDetails" : "API Action [CompareJSON] failed. With the following test data [Couldn't parse the desired file. [src/test/resources/testDataFiles/specialCharacters.json].].",
        "time" : {
          "start" : 1636020626918,
          "stop" : 1636020626939,
          "duration" : 21
        }
      }, {
        "uid" : "e12966e0b46c07c3",
        "reportUrl" : "https://MohabMohie.github.io/SHAFT_ENGINE/allure/Linux/Web/876//#testresult/e12966e0b46c07c3",
        "status" : "failed",
        "statusDetails" : "API Action [CompareJSON] failed. With the following test data [Couldn't parse the desired file. [src/test/resources/testDataFiles/specialCharacters.json].].",
        "time" : {
          "start" : 1635991376366,
          "stop" : 1635991376394,
          "duration" : 28
        }
      }, {
        "uid" : "422f7f3b53161ef9",
        "reportUrl" : "https://MohabMohie.github.io/SHAFT_ENGINE/allure/Linux/Web/874//#testresult/422f7f3b53161ef9",
        "status" : "failed",
        "statusDetails" : "API Action [CompareJSON] failed. With the following test data [Couldn't parse the desired file. [src/test/resources/testDataFiles/specialCharacters.json].].",
        "time" : {
          "start" : 1635977265535,
          "stop" : 1635977265551,
          "duration" : 16
        }
      }, {
        "uid" : "7da0913478d1b91f",
        "reportUrl" : "https://MohabMohie.github.io/SHAFT_ENGINE/allure/Linux/Web/872//#testresult/7da0913478d1b91f",
        "status" : "failed",
        "statusDetails" : "API Action [CompareJSON] failed. With the following test data [Couldn't parse the desired file. [nullspecialCharacters.json].].",
        "time" : {
          "start" : 1635974818428,
          "stop" : 1635974818448,
          "duration" : 20
        }
      }, {
        "uid" : "a814d64c0ce012fb",
        "reportUrl" : "https://MohabMohie.github.io/SHAFT_ENGINE/allure/Linux/Web/870//#testresult/a814d64c0ce012fb",
        "status" : "failed",
        "statusDetails" : "API Action [CompareJSON] failed. With the following test data [Couldn't parse the desired file. [nullspecialCharacters.json].].",
        "time" : {
          "start" : 1635971259002,
          "stop" : 1635971259018,
          "duration" : 16
        }
      }, {
        "uid" : "8cf17bd1210c7c6a",
        "reportUrl" : "https://MohabMohie.github.io/SHAFT_ENGINE/allure/Linux/Web/869//#testresult/8cf17bd1210c7c6a",
        "status" : "passed",
        "time" : {
          "start" : 1635970443626,
          "stop" : 1635970443660,
          "duration" : 34
        }
      }, {
        "uid" : "7686c208f611a1d6",
        "reportUrl" : "https://MohabMohie.github.io/SHAFT_ENGINE/allure/Linux/Web/868//#testresult/7686c208f611a1d6",
        "status" : "passed",
        "time" : {
          "start" : 1635970107953,
          "stop" : 1635970107990,
          "duration" : 37
        }
      }, {
        "uid" : "b4f463e12dde011e",
        "reportUrl" : "https://MohabMohie.github.io/SHAFT_ENGINE/allure/Linux/Web/864//#testresult/b4f463e12dde011e",
        "status" : "passed",
        "time" : {
          "start" : 1635917419803,
          "stop" : 1635917419824,
          "duration" : 21
        }
      }, {
        "uid" : "318fac763ab91f86",
        "reportUrl" : "https://MohabMohie.github.io/SHAFT_ENGINE/allure/Linux/Web/855//#testresult/318fac763ab91f86",
        "status" : "passed",
        "time" : {
          "start" : 1635767223603,
          "stop" : 1635767223640,
          "duration" : 37
        }
      }, {
        "uid" : "af91a20df143dbdd",
        "reportUrl" : "https://MohabMohie.github.io/SHAFT_ENGINE/allure/Linux/Web/854//#testresult/af91a20df143dbdd",
        "status" : "passed",
        "time" : {
          "start" : 1635759148803,
          "stop" : 1635759148840,
          "duration" : 37
        }
      }, {
        "uid" : "7bc25f89c7b12c87",
        "reportUrl" : "https://MohabMohie.github.io/SHAFT_ENGINE/allure/Linux/Web/853//#testresult/7bc25f89c7b12c87",
        "status" : "passed",
        "time" : {
          "start" : 1635752078870,
          "stop" : 1635752078899,
          "duration" : 29
        }
      }, {
        "uid" : "34ffb7b9629e61ff",
        "reportUrl" : "https://MohabMohie.github.io/SHAFT_ENGINE/allure/Linux/Web/849//#testresult/34ffb7b9629e61ff",
        "status" : "passed",
        "time" : {
          "start" : 1635645691309,
          "stop" : 1635645691343,
          "duration" : 34
        }
      }, {
        "uid" : "f3974cd7acd53fd0",
        "reportUrl" : "https://MohabMohie.github.io/SHAFT_ENGINE/allure/Linux/Web/847//#testresult/f3974cd7acd53fd0",
        "status" : "passed",
        "time" : {
          "start" : 1635625686657,
          "stop" : 1635625686684,
          "duration" : 27
        }
      } ]
    },
    "tags" : [ ]
  },
  "source" : "392d408d989f129c.json",
  "parameterValues" : [ ]
}