{
  "uid" : "ed9354b2fb5d98ff",
  "name" : "f19",
  "fullName" : "testPackage01.Test_NewValidationHelper.f19",
  "historyId" : "d8162f29d0baac2d1cd8a2bce5ffeadc",
  "time" : {
    "start" : 1632387168893,
    "stop" : 1632387169341,
    "duration" : 448
  },
  "status" : "failed",
  "statusMessage" : "Assertion [ValidateElementAttribute] FAILED. Expected [Value Should be 'h' for the 'tagname' attribute, element locator 'By.tagName: h1'] and Actual [H1]. Comparison Type [CONTAINS]. Validation Type [POSITIVE].",
  "statusTrace" : "java.lang.AssertionError: Assertion [ValidateElementAttribute] FAILED. Expected [Value Should be 'h' for the 'tagname' attribute, element locator 'By.tagName: h1'] and Actual [H1]. Comparison Type [CONTAINS]. Validation Type [POSITIVE].\n\tat org.testng.Assert.fail(Assert.java:99)\n\tat com.shaft.validation.ValidationHelper.reportValidationState(ValidationHelper.java:795)\n\tat com.shaft.validation.ValidationHelper.fail(ValidationHelper.java:558)\n\tat com.shaft.validation.ValidationHelper.reportValidationResultOfElementAttribute(ValidationHelper.java:627)\n\tat com.shaft.validation.ValidationHelper.validateElementAttribute(ValidationHelper.java:260)\n\tat com.shaft.validation.Assertions.assertElementAttribute(Assertions.java:200)\n\tat testPackage01.Test_NewValidationHelper.f19(Test_NewValidationHelper.java:203)\n\tat java.base/jdk.internal.reflect.NativeMethodAccessorImpl.invoke0(Native Method)\n\tat java.base/jdk.internal.reflect.NativeMethodAccessorImpl.invoke(NativeMethodAccessorImpl.java:78)\n\tat java.base/jdk.internal.reflect.DelegatingMethodAccessorImpl.invoke(DelegatingMethodAccessorImpl.java:43)\n\tat java.base/java.lang.reflect.Method.invoke(Method.java:567)\n\tat org.testng.internal.MethodInvocationHelper.invokeMethod(MethodInvocationHelper.java:133)\n\tat org.testng.internal.TestInvoker.invokeMethod(TestInvoker.java:598)\n\tat org.testng.internal.TestInvoker.invokeTestMethod(TestInvoker.java:173)\n\tat org.testng.internal.MethodRunner.runInSequence(MethodRunner.java:46)\n\tat org.testng.internal.TestInvoker$MethodInvocationAgent.invoke(TestInvoker.java:824)\n\tat org.testng.internal.TestInvoker.invokeTestMethods(TestInvoker.java:146)\n\tat org.testng.internal.TestMethodWorker.invokeTestMethods(TestMethodWorker.java:146)\n\tat org.testng.internal.TestMethodWorker.run(TestMethodWorker.java:128)\n\tat java.base/java.util.ArrayList.forEach(ArrayList.java:1511)\n\tat org.testng.TestRunner.privateRun(TestRunner.java:794)\n\tat org.testng.TestRunner.run(TestRunner.java:596)\n\tat org.testng.SuiteRunner.runTest(SuiteRunner.java:377)\n\tat org.testng.SuiteRunner.runSequentially(SuiteRunner.java:371)\n\tat org.testng.SuiteRunner.privateRun(SuiteRunner.java:332)\n\tat org.testng.SuiteRunner.run(SuiteRunner.java:276)\n\tat org.testng.SuiteRunnerWorker.runSuite(SuiteRunnerWorker.java:53)\n\tat org.testng.SuiteRunnerWorker.run(SuiteRunnerWorker.java:96)\n\tat org.testng.TestNG.runSuitesSequentially(TestNG.java:1212)\n\tat org.testng.TestNG.runSuitesLocally(TestNG.java:1134)\n\tat org.testng.TestNG.runSuites(TestNG.java:1063)\n\tat org.testng.TestNG.run(TestNG.java:1031)\n\tat org.apache.maven.surefire.testng.TestNGExecutor.run(TestNGExecutor.java:136)\n\tat org.apache.maven.surefire.testng.TestNGDirectoryTestSuite.executeMulti(TestNGDirectoryTestSuite.java:193)\n\tat org.apache.maven.surefire.testng.TestNGDirectoryTestSuite.execute(TestNGDirectoryTestSuite.java:94)\n\tat org.apache.maven.surefire.testng.TestNGProvider.invoke(TestNGProvider.java:145)\n\tat org.apache.maven.surefire.booter.ForkedBooter.runSuitesInProcess(ForkedBooter.java:428)\n\tat org.apache.maven.surefire.booter.ForkedBooter.execute(ForkedBooter.java:162)\n\tat org.apache.maven.surefire.booter.ForkedBooter.run(ForkedBooter.java:562)\n\tat org.apache.maven.surefire.booter.ForkedBooter.main(ForkedBooter.java:548)\n",
  "flaky" : false,
  "newFailed" : false,
  "beforeStages" : [ {
    "name" : "openBrowser",
    "time" : {
      "start" : 1632387167479,
      "stop" : 1632387168892,
      "duration" : 1413
    },
    "description" : "",
    "status" : "passed",
    "steps" : [ {
      "name" : "Attempting to run locally on: [Mac-64], [Safari], Headless Execution.",
      "time" : {
        "start" : 1632387167479,
        "stop" : 1632387167479,
        "duration" : 0
      },
      "status" : "passed",
      "steps" : [ ],
      "attachments" : [ ],
      "parameters" : [ {
        "name" : "actionCounter",
        "value" : "404"
      }, {
        "name" : "logText",
        "value" : "Attempting to run locally on: [Mac-64], [Safari], Headless Execution."
      } ],
      "stepsCount" : 0,
      "attachmentsCount" : 0,
      "shouldDisplayMessage" : false,
      "hasContent" : true
    }, {
      "name" : "Successfully Opened Safari.",
      "time" : {
        "start" : 1632387168285,
        "stop" : 1632387168285,
        "duration" : 0
      },
      "status" : "passed",
      "steps" : [ ],
      "attachments" : [ ],
      "parameters" : [ {
        "name" : "actionCounter",
        "value" : "405"
      }, {
        "name" : "logText",
        "value" : "Successfully Opened Safari."
      } ],
      "stepsCount" : 0,
      "attachmentsCount" : 0,
      "shouldDisplayMessage" : false,
      "hasContent" : true
    }, {
      "name" : "Browser Action [MaximizeWindow] successfully performed. With the following test data [New screen size is now: (1176, 811)].",
      "time" : {
        "start" : 1632387168334,
        "stop" : 1632387168334,
        "duration" : 0
      },
      "status" : "passed",
      "steps" : [ ],
      "attachments" : [ ],
      "parameters" : [ {
        "name" : "actionCounter",
        "value" : "406"
      }, {
        "name" : "logText",
        "value" : "Browser Action [MaximizeWindow] successfully performed. With the following test data [New screen size is now: (1176, 811)]."
      }, {
        "name" : "attachments",
        "value" : "[null]"
      } ],
      "stepsCount" : 0,
      "attachmentsCount" : 0,
      "shouldDisplayMessage" : false,
      "hasContent" : true
    }, {
      "name" : "Browser Action [NavigateToURL] successfully performed. With the following test data [https://the-internet.herokuapp.com/].",
      "time" : {
        "start" : 1632387168891,
        "stop" : 1632387168891,
        "duration" : 0
      },
      "status" : "passed",
      "steps" : [ ],
      "attachments" : [ ],
      "parameters" : [ {
        "name" : "actionCounter",
        "value" : "407"
      }, {
        "name" : "logText",
        "value" : "Browser Action [NavigateToURL] successfully performed. With the following test data [https://the-internet.herokuapp.com/]."
      }, {
        "name" : "attachments",
        "value" : "[null]"
      } ],
      "stepsCount" : 0,
      "attachmentsCount" : 0,
      "shouldDisplayMessage" : false,
      "hasContent" : true
    } ],
    "attachments" : [ {
      "uid" : "efe7dffc66f9dfb7",
      "name" : "Attachment: SHAFT Engine Logs - Current Method log: openBrowser",
      "source" : "efe7dffc66f9dfb7.txt",
      "type" : "text/plain",
      "size" : 1024
    } ],
    "parameters" : [ ],
    "stepsCount" : 4,
    "attachmentsCount" : 1,
    "shouldDisplayMessage" : false,
    "hasContent" : true
  } ],
  "testStage" : {
    "status" : "failed",
    "statusMessage" : "Assertion [ValidateElementAttribute] FAILED. Expected [Value Should be 'h' for the 'tagname' attribute, element locator 'By.tagName: h1'] and Actual [H1]. Comparison Type [CONTAINS]. Validation Type [POSITIVE].",
    "statusTrace" : "java.lang.AssertionError: Assertion [ValidateElementAttribute] FAILED. Expected [Value Should be 'h' for the 'tagname' attribute, element locator 'By.tagName: h1'] and Actual [H1]. Comparison Type [CONTAINS]. Validation Type [POSITIVE].\n\tat org.testng.Assert.fail(Assert.java:99)\n\tat com.shaft.validation.ValidationHelper.reportValidationState(ValidationHelper.java:795)\n\tat com.shaft.validation.ValidationHelper.fail(ValidationHelper.java:558)\n\tat com.shaft.validation.ValidationHelper.reportValidationResultOfElementAttribute(ValidationHelper.java:627)\n\tat com.shaft.validation.ValidationHelper.validateElementAttribute(ValidationHelper.java:260)\n\tat com.shaft.validation.Assertions.assertElementAttribute(Assertions.java:200)\n\tat testPackage01.Test_NewValidationHelper.f19(Test_NewValidationHelper.java:203)\n\tat java.base/jdk.internal.reflect.NativeMethodAccessorImpl.invoke0(Native Method)\n\tat java.base/jdk.internal.reflect.NativeMethodAccessorImpl.invoke(NativeMethodAccessorImpl.java:78)\n\tat java.base/jdk.internal.reflect.DelegatingMethodAccessorImpl.invoke(DelegatingMethodAccessorImpl.java:43)\n\tat java.base/java.lang.reflect.Method.invoke(Method.java:567)\n\tat org.testng.internal.MethodInvocationHelper.invokeMethod(MethodInvocationHelper.java:133)\n\tat org.testng.internal.TestInvoker.invokeMethod(TestInvoker.java:598)\n\tat org.testng.internal.TestInvoker.invokeTestMethod(TestInvoker.java:173)\n\tat org.testng.internal.MethodRunner.runInSequence(MethodRunner.java:46)\n\tat org.testng.internal.TestInvoker$MethodInvocationAgent.invoke(TestInvoker.java:824)\n\tat org.testng.internal.TestInvoker.invokeTestMethods(TestInvoker.java:146)\n\tat org.testng.internal.TestMethodWorker.invokeTestMethods(TestMethodWorker.java:146)\n\tat org.testng.internal.TestMethodWorker.run(TestMethodWorker.java:128)\n\tat java.base/java.util.ArrayList.forEach(ArrayList.java:1511)\n\tat org.testng.TestRunner.privateRun(TestRunner.java:794)\n\tat org.testng.TestRunner.run(TestRunner.java:596)\n\tat org.testng.SuiteRunner.runTest(SuiteRunner.java:377)\n\tat org.testng.SuiteRunner.runSequentially(SuiteRunner.java:371)\n\tat org.testng.SuiteRunner.privateRun(SuiteRunner.java:332)\n\tat org.testng.SuiteRunner.run(SuiteRunner.java:276)\n\tat org.testng.SuiteRunnerWorker.runSuite(SuiteRunnerWorker.java:53)\n\tat org.testng.SuiteRunnerWorker.run(SuiteRunnerWorker.java:96)\n\tat org.testng.TestNG.runSuitesSequentially(TestNG.java:1212)\n\tat org.testng.TestNG.runSuitesLocally(TestNG.java:1134)\n\tat org.testng.TestNG.runSuites(TestNG.java:1063)\n\tat org.testng.TestNG.run(TestNG.java:1031)\n\tat org.apache.maven.surefire.testng.TestNGExecutor.run(TestNGExecutor.java:136)\n\tat org.apache.maven.surefire.testng.TestNGDirectoryTestSuite.executeMulti(TestNGDirectoryTestSuite.java:193)\n\tat org.apache.maven.surefire.testng.TestNGDirectoryTestSuite.execute(TestNGDirectoryTestSuite.java:94)\n\tat org.apache.maven.surefire.testng.TestNGProvider.invoke(TestNGProvider.java:145)\n\tat org.apache.maven.surefire.booter.ForkedBooter.runSuitesInProcess(ForkedBooter.java:428)\n\tat org.apache.maven.surefire.booter.ForkedBooter.execute(ForkedBooter.java:162)\n\tat org.apache.maven.surefire.booter.ForkedBooter.run(ForkedBooter.java:562)\n\tat org.apache.maven.surefire.booter.ForkedBooter.main(ForkedBooter.java:548)\n",
    "steps" : [ {
      "name" : "Assertion [ValidateElementAttribute] FAILED. Expected [Value Should be 'h' for the 'tagname' attribute, element locator 'By.tagName: h1'] and Actual [H1]. Comparison Type [CONTAINS]. Validation Type [POSITIVE].",
      "time" : {
        "start" : 1632387169336,
        "stop" : 1632387169340,
        "duration" : 4
      },
      "status" : "passed",
      "steps" : [ ],
      "attachments" : [ {
        "uid" : "2d24d9b03a6bf393",
        "name" : "Attachment: Screenshot - 1632387169182_f19_ValidateElementAttribute_failed",
        "source" : "2d24d9b03a6bf393.png",
        "type" : "image/png",
        "size" : 199632
      } ],
      "parameters" : [ {
        "name" : "actionCounter",
        "value" : "408"
      }, {
        "name" : "logText",
        "value" : "Assertion [ValidateElementAttribute] FAILED. Expected [Value Should be 'h' for the 'tagname' attribute, element locator 'By.tagName: h1'] and Actual [H1]. Comparison Type [CONTAINS]. Validation Type [POSITIVE]."
      }, {
        "name" : "attachments",
        "value" : "[[Screenshot, 1632387169182_f19_ValidateElementAttribute_failed, java.io.ByteArrayInputStream@4785f49c]]"
      } ],
      "stepsCount" : 0,
      "attachmentsCount" : 1,
      "shouldDisplayMessage" : false,
      "hasContent" : true
    } ],
    "attachments" : [ {
      "uid" : "3e6d3e146a8c1f7c",
      "name" : "Attachment: SHAFT Engine Logs - Current Method log: f19",
      "source" : "3e6d3e146a8c1f7c.txt",
      "type" : "text/plain",
      "size" : 1012
    } ],
    "parameters" : [ ],
    "stepsCount" : 1,
    "attachmentsCount" : 2,
    "shouldDisplayMessage" : true,
    "hasContent" : true
  },
  "afterStages" : [ {
    "name" : "closeBrowser",
    "time" : {
      "start" : 1632387169343,
      "stop" : 1632387169395,
      "duration" : 52
    },
    "description" : "",
    "status" : "passed",
    "steps" : [ {
      "name" : "Successfully Closed All Drivers.",
      "time" : {
        "start" : 1632387169394,
        "stop" : 1632387169394,
        "duration" : 0
      },
      "status" : "passed",
      "steps" : [ ],
      "attachments" : [ ],
      "parameters" : [ {
        "name" : "actionCounter",
        "value" : "409"
      }, {
        "name" : "logText",
        "value" : "Successfully Closed All Drivers."
      } ],
      "stepsCount" : 0,
      "attachmentsCount" : 0,
      "shouldDisplayMessage" : false,
      "hasContent" : true
    } ],
    "attachments" : [ {
      "uid" : "76469154b4b550a9",
      "name" : "Attachment: SHAFT Engine Logs - Current Method log: closeBrowser",
      "source" : "76469154b4b550a9.txt",
      "type" : "text/plain",
      "size" : 76
    } ],
    "parameters" : [ ],
    "stepsCount" : 1,
    "attachmentsCount" : 1,
    "shouldDisplayMessage" : false,
    "hasContent" : true
  }, {
    "name" : "closureActivities",
    "time" : {
      "start" : 1632387321114,
      "stop" : 1632387322370,
      "duration" : 1256
    },
    "description" : "",
    "status" : "passed",
    "steps" : [ {
      "name" : "Successfully Closed All Drivers.",
      "time" : {
        "start" : 1632387321116,
        "stop" : 1632387321116,
        "duration" : 0
      },
      "status" : "passed",
      "steps" : [ ],
      "attachments" : [ ],
      "parameters" : [ {
        "name" : "actionCounter",
        "value" : "590"
      }, {
        "name" : "logText",
        "value" : "Successfully Closed All Drivers."
      } ],
      "stepsCount" : 0,
      "attachmentsCount" : 0,
      "shouldDisplayMessage" : false,
      "hasContent" : true
    }, {
      "name" : "Issue Summary: Total Issues = 6, New issues for Failed Tests = 4, Open issues for Passed Tests = 2, Open issues for Failed Tests = 0. Kindly check the attached Issue details.",
      "time" : {
        "start" : 1632387321156,
        "stop" : 1632387321157,
        "duration" : 1
      },
      "status" : "passed",
      "steps" : [ ],
      "attachments" : [ {
        "uid" : "59f3f0c8120a8b7b",
        "name" : "Attachment: SHAFT Engine Logs - Issues log CSV: 20210923-085521",
        "source" : "59f3f0c8120a8b7b.csv",
        "type" : "text/csv",
        "size" : 759
      } ],
      "parameters" : [ {
        "name" : "actionCounter",
        "value" : "591"
      }, {
        "name" : "logText",
        "value" : "Issue Summary: Total Issues = 6, New issues for Failed Tests = 4, Open issues for Passed Tests = 2, Open issues for Failed Tests = 0. Kindly check the attached Issue details."
      }, {
        "name" : "attachments",
        "value" : "[[SHAFT Engine Logs, Issues log CSV: 20210923-085521, java.io.ByteArrayInputStream@a967b28]]"
      } ],
      "stepsCount" : 0,
      "attachmentsCount" : 1,
      "shouldDisplayMessage" : false,
      "hasContent" : true
    } ],
    "attachments" : [ {
      "uid" : "158476d5818f65eb",
      "name" : "Attachment: SHAFT Engine Logs - Execution log: 20210923-085521",
      "source" : "158476d5818f65eb.txt",
      "type" : "text/plain",
      "size" : 257041
    }, {
      "uid" : "1d3a1a0cc3f97b4",
      "name" : "Attachment: HTML - Extent Emailable Execution Report",
      "source" : "1d3a1a0cc3f97b4.html",
      "type" : "text/html",
      "size" : 9328124
    } ],
    "parameters" : [ ],
    "stepsCount" : 2,
    "attachmentsCount" : 3,
    "shouldDisplayMessage" : false,
    "hasContent" : true
  } ],
  "labels" : [ {
    "name" : "package",
    "value" : "testPackage01.Test_NewValidationHelper"
  }, {
    "name" : "testClass",
    "value" : "testPackage01.Test_NewValidationHelper"
  }, {
    "name" : "testMethod",
    "value" : "f19"
  }, {
    "name" : "parentSuite",
    "value" : "SHAFT: Custom Suite"
  }, {
    "name" : "suite",
    "value" : "SHAFT: Custom Test"
  }, {
    "name" : "subSuite",
    "value" : "testPackage01.Test_NewValidationHelper"
  }, {
    "name" : "host",
    "value" : "Mac-1632386482563.local"
  }, {
    "name" : "thread",
    "value" : "3796@Mac-1632386482563.local.main(1)"
  }, {
    "name" : "framework",
    "value" : "testng"
  }, {
    "name" : "language",
    "value" : "java"
  }, {
    "name" : "resultFormat",
    "value" : "allure2"
  } ],
  "parameters" : [ ],
  "links" : [ ],
  "hidden" : false,
  "retry" : false,
  "extra" : {
    "severity" : "normal",
    "retries" : [ ],
    "categories" : [ {
      "name" : "Product defects",
      "matchedStatuses" : [ ],
      "flaky" : false
    } ],
    "history" : {
      "statistic" : {
        "failed" : 8,
        "broken" : 0,
        "skipped" : 0,
        "passed" : 0,
        "unknown" : 0,
        "total" : 8
      },
      "items" : [ {
        "uid" : "3148a04db0badb49",
        "reportUrl" : "https://MohabMohie.github.io/SHAFT_ENGINE/allure/macOS/Web/754//#testresult/3148a04db0badb49",
        "status" : "failed",
        "statusDetails" : "Assertion [ValidateElementAttribute] FAILED. Expected [Value Should be 'h' for the 'tagname' attribute, element locator 'By.tagName: h1'] and Actual [H1]. Comparison Type [CONTAINS]. Validation Type [POSITIVE].",
        "time" : {
          "start" : 1632362475972,
          "stop" : 1632362476200,
          "duration" : 228
        }
      }, {
        "uid" : "15f8d59a6a7e33e2",
        "reportUrl" : "https://MohabMohie.github.io/SHAFT_ENGINE/allure/macOS/Web/752//#testresult/15f8d59a6a7e33e2",
        "status" : "failed",
        "statusDetails" : "Assertion [ValidateElementAttribute] FAILED. Expected [Value Should be 'h' for the 'tagname' attribute, element locator 'By.tagName: h1'] and Actual [H1]. Comparison Type [CONTAINS]. Validation Type [POSITIVE].",
        "time" : {
          "start" : 1632320384713,
          "stop" : 1632320385227,
          "duration" : 514
        }
      }, {
        "uid" : "5dc39dde25acfe90",
        "reportUrl" : "https://MohabMohie.github.io/SHAFT_ENGINE/allure/macOS/Web/750//#testresult/5dc39dde25acfe90",
        "status" : "failed",
        "statusDetails" : "Assertion [ValidateElementAttribute] FAILED. Expected [Value Should be 'h' for the 'tagname' attribute, element locator 'By.tagName: h1'] and Actual [H1]. Comparison Type [CONTAINS]. Validation Type [POSITIVE].",
        "time" : {
          "start" : 1632276094694,
          "stop" : 1632276094909,
          "duration" : 215
        }
      }, {
        "uid" : "a3f46618a6348a8b",
        "reportUrl" : "https://MohabMohie.github.io/SHAFT_ENGINE/allure/macOS/Web/738//#testresult/a3f46618a6348a8b",
        "status" : "failed",
        "statusDetails" : "Assertion [ValidateElementAttribute] FAILED. Expected [Value Should be 'h' for the 'tagname' attribute, element locator 'By.tagName: h1'] and Actual [H1]. Comparison Type [CONTAINS]. Validation Type [POSITIVE].",
        "time" : {
          "start" : 1632103226671,
          "stop" : 1632103226871,
          "duration" : 200
        }
      }, {
        "uid" : "9950bea3c554cd6e",
        "reportUrl" : "https://MohabMohie.github.io/SHAFT_ENGINE/allure/macOS/Web/736//#testresult/9950bea3c554cd6e",
        "status" : "failed",
        "statusDetails" : "Assertion [ValidateElementAttribute] FAILED. Expected [Value Should be 'h' for the 'tagname' attribute, element locator 'By.tagName: h1'] and Actual [H1]. Comparison Type [CONTAINS]. Validation Type [POSITIVE].",
        "time" : {
          "start" : 1631930242847,
          "stop" : 1631930243049,
          "duration" : 202
        }
      }, {
        "uid" : "3623e228e3d708f6",
        "reportUrl" : "https://MohabMohie.github.io/SHAFT_ENGINE/allure/macOS/Web/735//#testresult/3623e228e3d708f6",
        "status" : "failed",
        "statusDetails" : "Assertion [ValidateElementAttribute] FAILED. Expected [Value Should be 'h' for the 'tagname' attribute, element locator 'By.tagName: h1'] and Actual [H1]. Comparison Type [CONTAINS]. Validation Type [POSITIVE].",
        "time" : {
          "start" : 1631844077467,
          "stop" : 1631844077677,
          "duration" : 210
        }
      }, {
        "uid" : "dfe9364d2872eeeb",
        "reportUrl" : "https://MohabMohie.github.io/SHAFT_ENGINE/allure/macOS/Web/734//#testresult/dfe9364d2872eeeb",
        "status" : "failed",
        "statusDetails" : "Assertion [ValidateElementAttribute] FAILED. Expected [Value Should be 'h' for the 'tagname' attribute, element locator 'By.tagName: h1'] and Actual [H1]. Comparison Type [CONTAINS]. Validation Type [POSITIVE].",
        "time" : {
          "start" : 1631821042541,
          "stop" : 1631821042754,
          "duration" : 213
        }
      } ]
    },
    "tags" : [ ]
  },
  "source" : "ed9354b2fb5d98ff.json",
  "parameterValues" : [ ]
}