{
  "uid" : "14df50f944d6b17f",
  "name" : "f21",
  "fullName" : "testPackage01.Test_NewValidationHelper.f21",
  "historyId" : "259a17265cbc92933de3cafb98400a6e",
  "time" : {
    "start" : 1635317321142,
    "stop" : 1635317321144,
    "duration" : 2
  },
  "status" : "skipped",
  "statusMessage" : "Driver Factory Action [createNewLocalDriverInstance] failed. With the following test data [Failed to create new Browser Session].",
  "statusTrace" : "java.lang.AssertionError: Driver Factory Action [createNewLocalDriverInstance] failed. With the following test data [Failed to create new Browser Session].\r\n\tat org.testng.Assert.fail(Assert.java:87)\r\n\tat com.shaft.driver.DriverFactoryHelper.failAction(DriverFactoryHelper.java:305)\r\n\tat com.shaft.driver.DriverFactoryHelper.createNewLocalDriverInstance(DriverFactoryHelper.java:606)\r\n\tat com.shaft.driver.DriverFactoryHelper.getDriver(DriverFactoryHelper.java:821)\r\n\tat com.shaft.driver.DriverFactoryHelper.getDriver(DriverFactoryHelper.java:141)\r\n\tat com.shaft.driver.DriverFactory.getDriver(DriverFactory.java:27)\r\n\tat com.shaft.gui.browser.BrowserFactory.getBrowser(BrowserFactory.java:20)\r\n\tat testPackage01.Test_NewValidationHelper.openBrowser(Test_NewValidationHelper.java:326)\r\n\tat java.base/jdk.internal.reflect.NativeMethodAccessorImpl.invoke0(Native Method)\r\n\tat java.base/jdk.internal.reflect.NativeMethodAccessorImpl.invoke(NativeMethodAccessorImpl.java:77)\r\n\tat java.base/jdk.internal.reflect.DelegatingMethodAccessorImpl.invoke(DelegatingMethodAccessorImpl.java:43)\r\n\tat java.base/java.lang.reflect.Method.invoke(Method.java:568)\r\n\tat org.testng.internal.MethodInvocationHelper.invokeMethod(MethodInvocationHelper.java:133)\r\n\tat org.testng.internal.MethodInvocationHelper.invokeMethodConsideringTimeout(MethodInvocationHelper.java:62)\r\n\tat org.testng.internal.ConfigInvoker.invokeConfigurationMethod(ConfigInvoker.java:385)\r\n\tat org.testng.internal.ConfigInvoker.invokeConfigurations(ConfigInvoker.java:321)\r\n\tat org.testng.internal.TestInvoker.runConfigMethods(TestInvoker.java:700)\r\n\tat org.testng.internal.TestInvoker.invokeMethod(TestInvoker.java:527)\r\n\tat org.testng.internal.TestInvoker.invokeTestMethod(TestInvoker.java:173)\r\n\tat org.testng.internal.MethodRunner.runInSequence(MethodRunner.java:46)\r\n\tat org.testng.internal.TestInvoker$MethodInvocationAgent.invoke(TestInvoker.java:824)\r\n\tat org.testng.internal.TestInvoker.invokeTestMethods(TestInvoker.java:146)\r\n\tat org.testng.internal.TestMethodWorker.invokeTestMethods(TestMethodWorker.java:146)\r\n\tat org.testng.internal.TestMethodWorker.run(TestMethodWorker.java:128)\r\n\tat java.base/java.util.ArrayList.forEach(ArrayList.java:1511)\r\n\tat org.testng.TestRunner.privateRun(TestRunner.java:794)\r\n\tat org.testng.TestRunner.run(TestRunner.java:596)\r\n\tat org.testng.SuiteRunner.runTest(SuiteRunner.java:377)\r\n\tat org.testng.SuiteRunner.runSequentially(SuiteRunner.java:371)\r\n\tat org.testng.SuiteRunner.privateRun(SuiteRunner.java:332)\r\n\tat org.testng.SuiteRunner.run(SuiteRunner.java:276)\r\n\tat org.testng.SuiteRunnerWorker.runSuite(SuiteRunnerWorker.java:53)\r\n\tat org.testng.SuiteRunnerWorker.run(SuiteRunnerWorker.java:96)\r\n\tat org.testng.TestNG.runSuitesSequentially(TestNG.java:1212)\r\n\tat org.testng.TestNG.runSuitesLocally(TestNG.java:1134)\r\n\tat org.testng.TestNG.runSuites(TestNG.java:1063)\r\n\tat org.testng.TestNG.run(TestNG.java:1031)\r\n\tat org.apache.maven.surefire.testng.TestNGExecutor.run(TestNGExecutor.java:136)\r\n\tat org.apache.maven.surefire.testng.TestNGDirectoryTestSuite.executeMulti(TestNGDirectoryTestSuite.java:193)\r\n\tat org.apache.maven.surefire.testng.TestNGDirectoryTestSuite.execute(TestNGDirectoryTestSuite.java:94)\r\n\tat org.apache.maven.surefire.testng.TestNGProvider.invoke(TestNGProvider.java:145)\r\n\tat org.apache.maven.surefire.booter.ForkedBooter.runSuitesInProcess(ForkedBooter.java:428)\r\n\tat org.apache.maven.surefire.booter.ForkedBooter.execute(ForkedBooter.java:162)\r\n\tat org.apache.maven.surefire.booter.ForkedBooter.run(ForkedBooter.java:562)\r\n\tat org.apache.maven.surefire.booter.ForkedBooter.main(ForkedBooter.java:548)\r\nCaused by: org.openqa.selenium.SessionNotCreatedException: Could not start a new session. Response code 500. Message: unknown error: MSEdge failed to start: exited normally.\n  (unknown error: DevToolsActivePort file doesn't exist)\n  (The process started from msedge location C:\\Program Files (x86)\\Microsoft\\Edge\\Application\\msedge.exe is no longer running, so MSEdgeDriver is assuming that MSEdge has crashed.)\nBuild info: version: '4.0.0', revision: '3a21814679'\nSystem info: host: 'fv-az177-140', ip: '10.1.0.41', os.name: 'Windows Server 2019', os.arch: 'amd64', os.version: '10.0', java.version: '17.0.1'\nDriver info: org.openqa.selenium.edge.EdgeDriver\nCommand: [null, newSession {capabilities=[Capabilities {goog:loggingPrefs: org.openqa.selenium.logging..., pageLoadStrategy: normal, platformName: windows, timeouts: {pageLoad: 30000, script: 30000}}, Capabilities {browserName: MicrosoftEdge, ms:edgeOptions: {args: [], extensions: []}, pageLoadStrategy: normal, platformName: windows, timeouts: {pageLoad: 30000, script: 30000}}], desiredCapabilities=Capabilities {browserName: MicrosoftEdge, loggingPrefs: org.openqa.selenium.logging..., ms:edgeOptions: {args: [], extensions: []}, pageLoadStrategy: normal, platformName: WINDOWS, timeouts: {pageLoad: 30000, script: 30000}}}]\r\n\tat org.openqa.selenium.remote.ProtocolHandshake.createSession(ProtocolHandshake.java:126)\r\n\tat org.openqa.selenium.remote.ProtocolHandshake.createSession(ProtocolHandshake.java:84)\r\n\tat org.openqa.selenium.remote.ProtocolHandshake.createSession(ProtocolHandshake.java:62)\r\n\tat org.openqa.selenium.remote.HttpCommandExecutor.execute(HttpCommandExecutor.java:156)\r\n\tat org.openqa.selenium.remote.service.DriverCommandExecutor.invokeExecute(DriverCommandExecutor.java:164)\r\n\tat org.openqa.selenium.remote.service.DriverCommandExecutor.execute(DriverCommandExecutor.java:139)\r\n\tat org.openqa.selenium.remote.RemoteWebDriver.execute(RemoteWebDriver.java:559)\r\n\tat org.openqa.selenium.remote.RemoteWebDriver.startSession(RemoteWebDriver.java:246)\r\n\tat org.openqa.selenium.remote.RemoteWebDriver.<init>(RemoteWebDriver.java:168)\r\n\tat org.openqa.selenium.chromium.ChromiumDriver.<init>(ChromiumDriver.java:108)\r\n\tat org.openqa.selenium.edge.EdgeDriver.<init>(EdgeDriver.java:49)\r\n\tat org.openqa.selenium.edge.EdgeDriver.<init>(EdgeDriver.java:41)\r\n\tat com.shaft.driver.DriverFactoryHelper.createNewLocalDriverInstanceForEdge(DriverFactoryHelper.java:572)\r\n\tat com.shaft.driver.DriverFactoryHelper.createNewLocalDriverInstance(DriverFactoryHelper.java:601)\r\n\t... 42 more\r\n",
  "flaky" : false,
  "newFailed" : false,
  "beforeStages" : [ {
    "name" : "openBrowser",
    "time" : {
      "start" : 1635317321140,
      "stop" : 1635317321140,
      "duration" : 0
    },
    "description" : "",
    "status" : "broken",
    "steps" : [ ],
    "attachments" : [ ],
    "parameters" : [ ],
    "stepsCount" : 0,
    "hasContent" : false,
    "attachmentsCount" : 0,
    "shouldDisplayMessage" : false
  } ],
  "testStage" : {
    "status" : "skipped",
    "statusMessage" : "Driver Factory Action [createNewLocalDriverInstance] failed. With the following test data [Failed to create new Browser Session].",
    "statusTrace" : "java.lang.AssertionError: Driver Factory Action [createNewLocalDriverInstance] failed. With the following test data [Failed to create new Browser Session].\r\n\tat org.testng.Assert.fail(Assert.java:87)\r\n\tat com.shaft.driver.DriverFactoryHelper.failAction(DriverFactoryHelper.java:305)\r\n\tat com.shaft.driver.DriverFactoryHelper.createNewLocalDriverInstance(DriverFactoryHelper.java:606)\r\n\tat com.shaft.driver.DriverFactoryHelper.getDriver(DriverFactoryHelper.java:821)\r\n\tat com.shaft.driver.DriverFactoryHelper.getDriver(DriverFactoryHelper.java:141)\r\n\tat com.shaft.driver.DriverFactory.getDriver(DriverFactory.java:27)\r\n\tat com.shaft.gui.browser.BrowserFactory.getBrowser(BrowserFactory.java:20)\r\n\tat testPackage01.Test_NewValidationHelper.openBrowser(Test_NewValidationHelper.java:326)\r\n\tat java.base/jdk.internal.reflect.NativeMethodAccessorImpl.invoke0(Native Method)\r\n\tat java.base/jdk.internal.reflect.NativeMethodAccessorImpl.invoke(NativeMethodAccessorImpl.java:77)\r\n\tat java.base/jdk.internal.reflect.DelegatingMethodAccessorImpl.invoke(DelegatingMethodAccessorImpl.java:43)\r\n\tat java.base/java.lang.reflect.Method.invoke(Method.java:568)\r\n\tat org.testng.internal.MethodInvocationHelper.invokeMethod(MethodInvocationHelper.java:133)\r\n\tat org.testng.internal.MethodInvocationHelper.invokeMethodConsideringTimeout(MethodInvocationHelper.java:62)\r\n\tat org.testng.internal.ConfigInvoker.invokeConfigurationMethod(ConfigInvoker.java:385)\r\n\tat org.testng.internal.ConfigInvoker.invokeConfigurations(ConfigInvoker.java:321)\r\n\tat org.testng.internal.TestInvoker.runConfigMethods(TestInvoker.java:700)\r\n\tat org.testng.internal.TestInvoker.invokeMethod(TestInvoker.java:527)\r\n\tat org.testng.internal.TestInvoker.invokeTestMethod(TestInvoker.java:173)\r\n\tat org.testng.internal.MethodRunner.runInSequence(MethodRunner.java:46)\r\n\tat org.testng.internal.TestInvoker$MethodInvocationAgent.invoke(TestInvoker.java:824)\r\n\tat org.testng.internal.TestInvoker.invokeTestMethods(TestInvoker.java:146)\r\n\tat org.testng.internal.TestMethodWorker.invokeTestMethods(TestMethodWorker.java:146)\r\n\tat org.testng.internal.TestMethodWorker.run(TestMethodWorker.java:128)\r\n\tat java.base/java.util.ArrayList.forEach(ArrayList.java:1511)\r\n\tat org.testng.TestRunner.privateRun(TestRunner.java:794)\r\n\tat org.testng.TestRunner.run(TestRunner.java:596)\r\n\tat org.testng.SuiteRunner.runTest(SuiteRunner.java:377)\r\n\tat org.testng.SuiteRunner.runSequentially(SuiteRunner.java:371)\r\n\tat org.testng.SuiteRunner.privateRun(SuiteRunner.java:332)\r\n\tat org.testng.SuiteRunner.run(SuiteRunner.java:276)\r\n\tat org.testng.SuiteRunnerWorker.runSuite(SuiteRunnerWorker.java:53)\r\n\tat org.testng.SuiteRunnerWorker.run(SuiteRunnerWorker.java:96)\r\n\tat org.testng.TestNG.runSuitesSequentially(TestNG.java:1212)\r\n\tat org.testng.TestNG.runSuitesLocally(TestNG.java:1134)\r\n\tat org.testng.TestNG.runSuites(TestNG.java:1063)\r\n\tat org.testng.TestNG.run(TestNG.java:1031)\r\n\tat org.apache.maven.surefire.testng.TestNGExecutor.run(TestNGExecutor.java:136)\r\n\tat org.apache.maven.surefire.testng.TestNGDirectoryTestSuite.executeMulti(TestNGDirectoryTestSuite.java:193)\r\n\tat org.apache.maven.surefire.testng.TestNGDirectoryTestSuite.execute(TestNGDirectoryTestSuite.java:94)\r\n\tat org.apache.maven.surefire.testng.TestNGProvider.invoke(TestNGProvider.java:145)\r\n\tat org.apache.maven.surefire.booter.ForkedBooter.runSuitesInProcess(ForkedBooter.java:428)\r\n\tat org.apache.maven.surefire.booter.ForkedBooter.execute(ForkedBooter.java:162)\r\n\tat org.apache.maven.surefire.booter.ForkedBooter.run(ForkedBooter.java:562)\r\n\tat org.apache.maven.surefire.booter.ForkedBooter.main(ForkedBooter.java:548)\r\nCaused by: org.openqa.selenium.SessionNotCreatedException: Could not start a new session. Response code 500. Message: unknown error: MSEdge failed to start: exited normally.\n  (unknown error: DevToolsActivePort file doesn't exist)\n  (The process started from msedge location C:\\Program Files (x86)\\Microsoft\\Edge\\Application\\msedge.exe is no longer running, so MSEdgeDriver is assuming that MSEdge has crashed.)\nBuild info: version: '4.0.0', revision: '3a21814679'\nSystem info: host: 'fv-az177-140', ip: '10.1.0.41', os.name: 'Windows Server 2019', os.arch: 'amd64', os.version: '10.0', java.version: '17.0.1'\nDriver info: org.openqa.selenium.edge.EdgeDriver\nCommand: [null, newSession {capabilities=[Capabilities {goog:loggingPrefs: org.openqa.selenium.logging..., pageLoadStrategy: normal, platformName: windows, timeouts: {pageLoad: 30000, script: 30000}}, Capabilities {browserName: MicrosoftEdge, ms:edgeOptions: {args: [], extensions: []}, pageLoadStrategy: normal, platformName: windows, timeouts: {pageLoad: 30000, script: 30000}}], desiredCapabilities=Capabilities {browserName: MicrosoftEdge, loggingPrefs: org.openqa.selenium.logging..., ms:edgeOptions: {args: [], extensions: []}, pageLoadStrategy: normal, platformName: WINDOWS, timeouts: {pageLoad: 30000, script: 30000}}}]\r\n\tat org.openqa.selenium.remote.ProtocolHandshake.createSession(ProtocolHandshake.java:126)\r\n\tat org.openqa.selenium.remote.ProtocolHandshake.createSession(ProtocolHandshake.java:84)\r\n\tat org.openqa.selenium.remote.ProtocolHandshake.createSession(ProtocolHandshake.java:62)\r\n\tat org.openqa.selenium.remote.HttpCommandExecutor.execute(HttpCommandExecutor.java:156)\r\n\tat org.openqa.selenium.remote.service.DriverCommandExecutor.invokeExecute(DriverCommandExecutor.java:164)\r\n\tat org.openqa.selenium.remote.service.DriverCommandExecutor.execute(DriverCommandExecutor.java:139)\r\n\tat org.openqa.selenium.remote.RemoteWebDriver.execute(RemoteWebDriver.java:559)\r\n\tat org.openqa.selenium.remote.RemoteWebDriver.startSession(RemoteWebDriver.java:246)\r\n\tat org.openqa.selenium.remote.RemoteWebDriver.<init>(RemoteWebDriver.java:168)\r\n\tat org.openqa.selenium.chromium.ChromiumDriver.<init>(ChromiumDriver.java:108)\r\n\tat org.openqa.selenium.edge.EdgeDriver.<init>(EdgeDriver.java:49)\r\n\tat org.openqa.selenium.edge.EdgeDriver.<init>(EdgeDriver.java:41)\r\n\tat com.shaft.driver.DriverFactoryHelper.createNewLocalDriverInstanceForEdge(DriverFactoryHelper.java:572)\r\n\tat com.shaft.driver.DriverFactoryHelper.createNewLocalDriverInstance(DriverFactoryHelper.java:601)\r\n\t... 42 more\r\n",
    "steps" : [ ],
    "attachments" : [ {
      "uid" : "c6185a9bf7659ed0",
      "name" : "Attachment: SHAFT Engine Logs - Current Method log: f21",
      "source" : "c6185a9bf7659ed0.txt",
      "type" : "text/plain",
      "size" : 420
    } ],
    "parameters" : [ ],
    "stepsCount" : 0,
    "hasContent" : true,
    "attachmentsCount" : 1,
    "shouldDisplayMessage" : true
  },
  "afterStages" : [ {
    "name" : "closeBrowser",
    "time" : {
      "start" : 1635317321145,
      "stop" : 1635317321145,
      "duration" : 0
    },
    "description" : "",
    "status" : "broken",
    "steps" : [ ],
    "attachments" : [ ],
    "parameters" : [ ],
    "stepsCount" : 0,
    "hasContent" : false,
    "attachmentsCount" : 0,
    "shouldDisplayMessage" : false
  }, {
    "name" : "closureActivities",
    "time" : {
      "start" : 1635317535692,
      "stop" : 1635317536698,
      "duration" : 1006
    },
    "description" : "",
    "status" : "passed",
    "steps" : [ {
      "name" : "Successfully Closed All Drivers.",
      "time" : {
        "start" : 1635317535693,
        "stop" : 1635317535693,
        "duration" : 0
      },
      "status" : "passed",
      "steps" : [ ],
      "attachments" : [ ],
      "parameters" : [ {
        "name" : "actionCounter",
        "value" : "605"
      }, {
        "name" : "logText",
        "value" : "Successfully Closed All Drivers."
      } ],
      "stepsCount" : 0,
      "hasContent" : true,
      "attachmentsCount" : 0,
      "shouldDisplayMessage" : false
    }, {
      "name" : "Issue Summary: Total Issues = 2, New issues for Failed Tests = 0, Open issues for Passed Tests = 2, Open issues for Failed Tests = 0. Kindly check the attached Issue details.",
      "time" : {
        "start" : 1635317535720,
        "stop" : 1635317535721,
        "duration" : 1
      },
      "status" : "passed",
      "steps" : [ ],
      "attachments" : [ {
        "uid" : "36aabf5f8f65495a",
        "name" : "Attachment: SHAFT Engine Logs - Issues log CSV: 20211027-065215",
        "source" : "36aabf5f8f65495a.csv",
        "type" : "text/csv",
        "size" : 229
      } ],
      "parameters" : [ {
        "name" : "actionCounter",
        "value" : "606"
      }, {
        "name" : "logText",
        "value" : "Issue Summary: Total Issues = 2, New issues for Failed Tests = 0, Open issues for Passed Tests = 2, Open issues for Failed Tests = 0. Kindly check the attached Issue details."
      }, {
        "name" : "attachments",
        "value" : "[[SHAFT Engine Logs, Issues log CSV: 20211027-065215, java.io.ByteArrayInputStream@3f4cf52e]]"
      } ],
      "stepsCount" : 0,
      "hasContent" : true,
      "attachmentsCount" : 1,
      "shouldDisplayMessage" : false
    } ],
    "attachments" : [ {
      "uid" : "3195a5e7c8b98dee",
      "name" : "Attachment: SHAFT Engine Logs - Execution log: 20211027-065215",
      "source" : "3195a5e7c8b98dee.txt",
      "type" : "text/plain",
      "size" : 257209
    }, {
      "uid" : "ee84672f07bb9881",
      "name" : "Attachment: HTML - Extent Emailable Execution Report",
      "source" : "ee84672f07bb9881.html",
      "type" : "text/html",
      "size" : 9859851
    } ],
    "parameters" : [ ],
    "stepsCount" : 2,
    "hasContent" : true,
    "attachmentsCount" : 3,
    "shouldDisplayMessage" : false
  } ],
  "labels" : [ {
    "name" : "package",
    "value" : "testPackage01.Test_NewValidationHelper"
  }, {
    "name" : "testClass",
    "value" : "testPackage01.Test_NewValidationHelper"
  }, {
    "name" : "testMethod",
    "value" : "f21"
  }, {
    "name" : "parentSuite",
    "value" : "SHAFT: Custom Suite"
  }, {
    "name" : "suite",
    "value" : "SHAFT: Custom Test"
  }, {
    "name" : "subSuite",
    "value" : "testPackage01.Test_NewValidationHelper"
  }, {
    "name" : "host",
    "value" : "fv-az177-140"
  }, {
    "name" : "thread",
    "value" : "5800@fv-az177-140.main(1)"
  }, {
    "name" : "framework",
    "value" : "testng"
  }, {
    "name" : "language",
    "value" : "java"
  }, {
    "name" : "resultFormat",
    "value" : "allure2"
  } ],
  "parameters" : [ ],
  "links" : [ ],
  "hidden" : false,
  "retry" : false,
  "extra" : {
    "severity" : "normal",
    "retries" : [ ],
    "categories" : [ ],
    "history" : {
      "statistic" : {
        "failed" : 0,
        "broken" : 0,
        "skipped" : 3,
        "passed" : 18,
        "unknown" : 0,
        "total" : 21
      },
      "items" : [ {
        "uid" : "e06d5b64d61b8a00",
        "reportUrl" : "https://MohabMohie.github.io/SHAFT_ENGINE/allure/Windows/Web/830//#testresult/e06d5b64d61b8a00",
        "status" : "skipped",
        "statusDetails" : "Browser Action [NavigateToURL] failed. With the following test data [https://the-internet.herokuapp.com/].",
        "time" : {
          "start" : 1635247666935,
          "stop" : 1635247666936,
          "duration" : 1
        }
      }, {
        "uid" : "4ef0a63a51e8430f",
        "reportUrl" : "https://MohabMohie.github.io/SHAFT_ENGINE/allure/Windows/Web/822//#testresult/4ef0a63a51e8430f",
        "status" : "skipped",
        "statusDetails" : "unknown error: MSEdge failed to start: exited normally.\n  (unknown error: DevToolsActivePort file doesn't exist)\n  (The process started from msedge location C:\\Program Files (x86)\\Microsoft\\Edge\\Application\\msedge.exe is no longer running, so MSEdgeDriver is assuming that MSEdge has crashed.)\nBuild info: version: '3.141.59', revision: 'e82be7d358', time: '2018-11-14T08:17:03'\nSystem info: host: 'fv-az177-140', ip: '10.1.1.222', os.name: 'Windows Server 2019', os.arch: 'amd64', os.version: '10.0', java.version: '17'\nDriver info: driver.version: EdgeDriver\nremote stacktrace: Backtrace:\n\tMicrosoft::Applications::Events::EventProperties::SetName [0x00007FF731533202+11666]\n\tMicrosoft::Applications::Events::EventProperty::to_string [0x00007FF7311691D3+943811]\n\tMicrosoft::Applications::Events::EventProperty::to_string [0x00007FF731191EA8+1110936]\n\tMicrosoft::Applications::Events::EventProperty::to_string [0x00007FF731189296+1075078]\n\tMicrosoft::Applications::Events::EventProperty::to_string [0x00007FF7311C4420+1317136]\n\tMicrosoft::Applications::Events::EventProperty::to_string [0x00007FF7311BF61F+1297167]\n\tMicrosoft::Applications::Events::EventProperty::to_string [0x00007FF73119577F+1125487]\n\tMicrosoft::Applications::Events::EventProperty::to_string [0x00007FF73119688F+1129855]\n\tMicrosoft::Applications::Events::EventProperty::~EventProperty [0x00007FF73124E9CD+17933]\n\tMicrosoft::Applications::Events::EventProperty::to_string [0x00007FF7311FDB41+1552433]\n\tMicrosoft::Applications::Events::EventProperty::EventProperty [0x00007FF731401729+2633]\n\tMicrosoft::Applications::Events::EventProperty::to_string [0x00007FF7311FEBC9+1556665]\n\tMicrosoft::Applications::Events::EventProperties::SetName [0x00007FF731533AC8+13912]\n\tMicrosoft::Applications::Events::EventProperties::SetName [0x00007FF731533534+12484]\n\tMicrosoft::Applications::Events::EventProperties::SetName [0x00007FF731533386+12054]\n\tMicrosoft::Applications::Events::EventProperty::EventProperty [0x00007FF7314D465C+73452]\n\tBaseThreadInitThunk [0x00007FFCB2117974+20]\n\tRtlUserThreadStart [0x00007FFCB226A2F1+33]\n",
        "time" : {
          "start" : 1635022384036,
          "stop" : 1635022384039,
          "duration" : 3
        }
      }, {
        "uid" : "a324d81802e824af",
        "reportUrl" : "https://MohabMohie.github.io/SHAFT_ENGINE/allure/Windows/Web/801//#testresult/a324d81802e824af",
        "status" : "passed",
        "time" : {
          "start" : 1634004269518,
          "stop" : 1634004294952,
          "duration" : 25434
        }
      }, {
        "uid" : "dc6cec558cef5cb4",
        "reportUrl" : "https://MohabMohie.github.io/SHAFT_ENGINE/allure/Windows/Web/794//#testresult/dc6cec558cef5cb4",
        "status" : "passed",
        "time" : {
          "start" : 1633830969468,
          "stop" : 1633830994942,
          "duration" : 25474
        }
      }, {
        "uid" : "7600cb3af8458267",
        "reportUrl" : "https://MohabMohie.github.io/SHAFT_ENGINE/allure/Windows/Web/785//#testresult/7600cb3af8458267",
        "status" : "passed",
        "time" : {
          "start" : 1633524234004,
          "stop" : 1633524259525,
          "duration" : 25521
        }
      }, {
        "uid" : "f4fe7f237245491a",
        "reportUrl" : "https://MohabMohie.github.io/SHAFT_ENGINE/allure/Windows/Web/783//#testresult/f4fe7f237245491a",
        "status" : "passed",
        "time" : {
          "start" : 1633485647437,
          "stop" : 1633485672935,
          "duration" : 25498
        }
      }, {
        "uid" : "474700734a278c9f",
        "reportUrl" : "https://MohabMohie.github.io/SHAFT_ENGINE/allure/Windows/Web/779//#testresult/474700734a278c9f",
        "status" : "passed",
        "time" : {
          "start" : 1633226300381,
          "stop" : 1633226325849,
          "duration" : 25468
        }
      }, {
        "uid" : "d4e5a2f51925d54f",
        "reportUrl" : "https://MohabMohie.github.io/SHAFT_ENGINE/allure/Windows/Web/776//#testresult/d4e5a2f51925d54f",
        "status" : "passed",
        "time" : {
          "start" : 1633053713690,
          "stop" : 1633053739132,
          "duration" : 25442
        }
      }, {
        "uid" : "a08978250820a55a",
        "reportUrl" : "https://MohabMohie.github.io/SHAFT_ENGINE/allure/Windows/Web/775//#testresult/a08978250820a55a",
        "status" : "passed",
        "time" : {
          "start" : 1633038443147,
          "stop" : 1633038468583,
          "duration" : 25436
        }
      }, {
        "uid" : "b710ba56722e1d1c",
        "reportUrl" : "https://MohabMohie.github.io/SHAFT_ENGINE/allure/Windows/Web/774//#testresult/b710ba56722e1d1c",
        "status" : "passed",
        "time" : {
          "start" : 1633037578620,
          "stop" : 1633037604082,
          "duration" : 25462
        }
      }, {
        "uid" : "52472493d834f582",
        "reportUrl" : "https://MohabMohie.github.io/SHAFT_ENGINE/allure/Windows/Web/760//#testresult/52472493d834f582",
        "status" : "passed",
        "time" : {
          "start" : 1632534773959,
          "stop" : 1632534799455,
          "duration" : 25496
        }
      }, {
        "uid" : "325436b81fb7acd3",
        "reportUrl" : "https://MohabMohie.github.io/SHAFT_ENGINE/allure/Windows/Web/759//#testresult/325436b81fb7acd3",
        "status" : "passed",
        "time" : {
          "start" : 1632448509437,
          "stop" : 1632448534880,
          "duration" : 25443
        }
      }, {
        "uid" : "8dd719186aaee9e7",
        "reportUrl" : "https://MohabMohie.github.io/SHAFT_ENGINE/allure/Windows/Web/756//#testresult/8dd719186aaee9e7",
        "status" : "passed",
        "time" : {
          "start" : 1632387051983,
          "stop" : 1632387077439,
          "duration" : 25456
        }
      }, {
        "uid" : "54455fb3171388c1",
        "reportUrl" : "https://MohabMohie.github.io/SHAFT_ENGINE/allure/Windows/Web/753//#testresult/54455fb3171388c1",
        "status" : "passed",
        "time" : {
          "start" : 1632320588887,
          "stop" : 1632320614484,
          "duration" : 25597
        }
      }, {
        "uid" : "59032746e5090241",
        "reportUrl" : "https://MohabMohie.github.io/SHAFT_ENGINE/allure/Windows/Web/750//#testresult/59032746e5090241",
        "status" : "passed",
        "time" : {
          "start" : 1632275793973,
          "stop" : 1632275819448,
          "duration" : 25475
        }
      }, {
        "uid" : "5a3951485d15105",
        "reportUrl" : "https://MohabMohie.github.io/SHAFT_ENGINE/allure/Windows/Web/748//#testresult/5a3951485d15105",
        "status" : "passed",
        "time" : {
          "start" : 1632155032839,
          "stop" : 1632155058295,
          "duration" : 25456
        }
      }, {
        "uid" : "f35c23184084a1c6",
        "reportUrl" : "https://MohabMohie.github.io/SHAFT_ENGINE/allure/Windows/Web/738//#testresult/f35c23184084a1c6",
        "status" : "passed",
        "time" : {
          "start" : 1632102981954,
          "stop" : 1632103007389,
          "duration" : 25435
        }
      }, {
        "uid" : "6bc751d76c136693",
        "reportUrl" : "https://MohabMohie.github.io/SHAFT_ENGINE/allure/Windows/Web/737//#testresult/6bc751d76c136693",
        "status" : "passed",
        "time" : {
          "start" : 1632016533256,
          "stop" : 1632016558736,
          "duration" : 25480
        }
      }, {
        "uid" : "4ee90e74bb35415",
        "reportUrl" : "https://MohabMohie.github.io/SHAFT_ENGINE/allure/Windows/Web/736//#testresult/4ee90e74bb35415",
        "status" : "passed",
        "time" : {
          "start" : 1631930156183,
          "stop" : 1631930181611,
          "duration" : 25428
        }
      }, {
        "uid" : "18c90ab79237a911",
        "reportUrl" : "https://MohabMohie.github.io/SHAFT_ENGINE/allure/Windows/Web/734//#testresult/18c90ab79237a911",
        "status" : "passed",
        "time" : {
          "start" : 1631821063933,
          "stop" : 1631821089412,
          "duration" : 25479
        }
      } ]
    },
    "tags" : [ ]
  },
  "source" : "14df50f944d6b17f.json",
  "parameterValues" : [ ]
}