################################################################################################################################################
Detected SHAFT Engine Version: [SHAFT Engine v5.3.20210902]
################################################################################################################################################
[ReportManager] File Action [GetAbsolutePath] successfully performed. With the following test data [Relative Folder Path: "target/downloadedFiles/"]. @07-10-2021 01:55:51.0731 AM
[ReportManager] Attempting to run locally on: [Mac-64], [Safari], Headless Execution. @07-10-2021 01:55:51.0743 AM
[ReportManager] Successfully Opened Safari. @07-10-2021 01:55:55.0394 AM
[ReportManager] Initial window size: (800, 600) @07-10-2021 01:55:55.0418 AM
[ReportManager] Window size after SWD Maximize: (1176, 810) @07-10-2021 01:55:55.0439 AM
[ReportManager] Browser Action [MaximizeWindow] successfully performed. With the following test data [New screen size is now: (1176, 810)]. @07-10-2021 01:55:55.0459 A

################################################################################################################################################
Starting Execution:	[1 out of 144] test cases in the current suite
Test Method:		[unitTests.tests_element_elementActions.waitForElementToBePresent_false_expectedToFail]
################################################################################################################################################
[ReportManager] Target URL: [https://www.google.com/ncr], and after redirection: [www.google.com] @07-10-2021 01:55:55.0621 AM
[ReportManager] Initial URL: [] @07-10-2021 01:55:55.0687 AM
[ReportManager] Browser Action [NavigateToURL] successfully performed. With the following test data [https://www.google.com/ncr]. @07-10-2021 01:55:57.0041 AM
[ReportManager] Waiting for element to be present; elementLocator [By.xpath: //*[@id='hplogo' or @alt='Google']], numberOfTries[1], stateOfPresence[false]... @07-10-2021 01:55:57.0049 AM
[ReportManager] Element Action [WaitForElementToBePresent] failed. With the following test data [waited for the element's state of presence to be (false). Element locator (By.xpath: //*[@id='hplogo' or @alt='Google'])]. @07-10-2021 01:55:59.0260 AM
[ReportManager] Successfully created attachment [Screenshot - 1633571757110_waitForElementToBePresent_false_expectedToFail_WaitForElementToBePresent_failed] @07-10-2021 01:55:59.0270 A
[ReportManager] Browser Action [CloseCurrentWindow] successfully performed. @07-10-2021 01:55:59.0377 AM
[ReportManager] Successfully created attachment [Browser Action Test Data - CloseCurrentWindow - Actual Value] @07-10-2021 01:55:59.0378 A
[ReportManager] File Action [GetAbsolutePath] successfully performed. With the following test data [Relative Folder Path: "target/downloadedFiles/"]. @07-10-2021 01:55:59.0392 AM
[ReportManager] Attempting to run locally on: [Mac-64], [Safari], Headless Execution. @07-10-2021 01:55:59.0392 AM
[ReportManager] Successfully Opened Safari. @07-10-2021 01:56:00.0163 AM
[ReportManager] Initial window size: (800, 600) @07-10-2021 01:56:00.0180 AM
[ReportManager] Window size after SWD Maximize: (1176, 811) @07-10-2021 01:56:00.0199 AM
[ReportManager] Browser Action [MaximizeWindow] successfully performed. With the following test data [New screen size is now: (1176, 811)]. @07-10-2021 01:56:00.0199 A

################################################################################################################################################
Starting Execution:	[2 out of 144] test cases in the current suite
Test Method:		[unitTests.tests_element_elementActions.waitForElementToBePresent_false_expectedToPass]
################################################################################################################################################
[ReportManager] Target URL: [https://www.google.com/ncr], and after redirection: [www.google.com] @07-10-2021 01:56:00.0205 AM
[ReportManager] Initial URL: [] @07-10-2021 01:56:00.0289 AM
[ReportManager] Browser Action [NavigateToURL] successfully performed. With the following test data [https://www.google.com/ncr]. @07-10-2021 01:56:01.0069 AM
[ReportManager] Waiting for element to be present; elementLocator [By.id: bla], numberOfTries[1], stateOfPresence[false]... @07-10-2021 01:56:01.0069 AM
[ReportManager] Element Action [WaitForElementToBePresent] successfully performed. With the following test data [waited for the element's state of presence to be (false). Element locator (By.id: bla)]. @07-10-2021 01:56:06.0381 A
[ReportManager] Browser Action [CloseCurrentWindow] successfully performed. @07-10-2021 01:56:06.0566 AM
[ReportManager] Successfully created attachment [Browser Action Test Data - CloseCurrentWindow - Actual Value] @07-10-2021 01:56:06.0567 A
[ReportManager] File Action [GetAbsolutePath] successfully performed. With the following test data [Relative Folder Path: "target/downloadedFiles/"]. @07-10-2021 01:56:06.0573 AM
[ReportManager] Attempting to run locally on: [Mac-64], [Safari], Headless Execution. @07-10-2021 01:56:06.0574 AM
[ReportManager] Successfully Opened Safari. @07-10-2021 01:56:07.0424 AM
[ReportManager] Initial window size: (800, 600) @07-10-2021 01:56:07.0452 AM
[ReportManager] Window size after SWD Maximize: (1176, 811) @07-10-2021 01:56:07.0473 AM
[ReportManager] Browser Action [MaximizeWindow] successfully performed. With the following test data [New screen size is now: (1176, 811)]. @07-10-2021 01:56:07.0473 A

################################################################################################################################################
Starting Execution:	[3 out of 144] test cases in the current suite
Test Method:		[unitTests.tests_element_elementActions.waitForElementToBePresent_moreThanOneElement_expectedToFail]
################################################################################################################################################
[ReportManager] Target URL: [https://www.google.com/ncr], and after redirection: [www.google.com] @07-10-2021 01:56:07.0483 AM
[ReportManager] Initial URL: [] @07-10-2021 01:56:07.0539 AM
[ReportManager] Browser Action [NavigateToURL] successfully performed. With the following test data [https://www.google.com/ncr]. @07-10-2021 01:56:08.0777 AM
[ReportManager] Waiting for element to be present; elementLocator [By.xpath: //*], numberOfTries[1], stateOfPresence[false]... @07-10-2021 01:56:08.0780 AM
[ReportManager] Element Action [WaitForElementToBePresent] failed. With the following test data [waited for the element's state of presence to be (false). Element locator (By.xpath: //*)]. @07-10-2021 01:56:09.0031 AM
[ReportManager] Successfully created attachment [Screenshot - 1633571768935_waitForElementToBePresent_moreThanOneElement_expectedToFail_WaitForElementToBePresent_failed] @07-10-2021 01:56:09.0034 A
[ReportManager] Browser Action [CloseCurrentWindow] successfully performed. @07-10-2021 01:56:09.0158 AM
[ReportManager] Successfully created attachment [Browser Action Test Data - CloseCurrentWindow - Actual Value] @07-10-2021 01:56:09.0159 A
[ReportManager] File Action [GetAbsolutePath] successfully performed. With the following test data [Relative Folder Path: "target/downloadedFiles/"]. @07-10-2021 01:56:09.0168 AM
[ReportManager] Attempting to run locally on: [Mac-64], [Safari], Headless Execution. @07-10-2021 01:56:09.0168 AM
[ReportManager] Successfully Opened Safari. @07-10-2021 01:56:09.0952 AM
[ReportManager] Initial window size: (800, 600) @07-10-2021 01:56:10.0008 AM
[ReportManager] Window size after SWD Maximize: (1176, 811) @07-10-2021 01:56:10.0061 AM
[ReportManager] Browser Action [MaximizeWindow] successfully performed. With the following test data [New screen size is now: (1176, 811)]. @07-10-2021 01:56:10.0061 A

################################################################################################################################################
Starting Execution:	[4 out of 144] test cases in the current suite
Test Method:		[unitTests.tests_element_elementActions.waitForElementToBePresent_true_expectedToFail]
################################################################################################################################################
[ReportManager] Target URL: [https://www.google.com/ncr], and after redirection: [www.google.com] @07-10-2021 01:56:10.0064 AM
[ReportManager] Initial URL: [] @07-10-2021 01:56:10.0127 AM
[ReportManager] Browser Action [NavigateToURL] successfully performed. With the following test data [https://www.google.com/ncr]. @07-10-2021 01:56:11.0449 AM
[ReportManager] Waiting for element to be present; elementLocator [By.id: bla], numberOfTries[1], stateOfPresence[true]... @07-10-2021 01:56:11.0449 AM
[ReportManager] Element Action [WaitForElementToBePresent] failed. With the following test data [waited for the element's state of presence to be (true). Element locator (By.id: bla)]. @07-10-2021 01:56:16.0816 AM
[ReportManager] Successfully created attachment [Screenshot - 1633571776739_waitForElementToBePresent_true_expectedToFail_WaitForElementToBePresent_failed] @07-10-2021 01:56:16.0819 A
[ReportManager] Browser Action [CloseCurrentWindow] successfully performed. @07-10-2021 01:56:16.0954 AM
[ReportManager] Successfully created attachment [Browser Action Test Data - CloseCurrentWindow - Actual Value] @07-10-2021 01:56:16.0955 A
[ReportManager] File Action [GetAbsolutePath] successfully performed. With the following test data [Relative Folder Path: "target/downloadedFiles/"]. @07-10-2021 01:56:16.0959 AM
[ReportManager] Attempting to run locally on: [Mac-64], [Safari], Headless Execution. @07-10-2021 01:56:16.0960 AM
[ReportManager] Successfully Opened Safari. @07-10-2021 01:56:17.0775 AM
[ReportManager] Initial window size: (800, 600) @07-10-2021 01:56:17.0789 AM
[ReportManager] Window size after SWD Maximize: (1176, 811) @07-10-2021 01:56:17.0811 AM
[ReportManager] Browser Action [MaximizeWindow] successfully performed. With the following test data [New screen size is now: (1176, 811)]. @07-10-2021 01:56:17.0811 A

################################################################################################################################################
Starting Execution:	[5 out of 144] test cases in the current suite
Test Method:		[unitTests.tests_element_elementActions.waitForElementToBePresent_true_expectedToPass]
################################################################################################################################################
[ReportManager] Target URL: [https://www.google.com/ncr], and after redirection: [www.google.com] @07-10-2021 01:56:17.0818 AM
[ReportManager] Initial URL: [] @07-10-2021 01:56:17.0884 AM
[ReportManager] Browser Action [NavigateToURL] successfully performed. With the following test data [https://www.google.com/ncr]. @07-10-2021 01:56:18.0580 AM
[ReportManager] Waiting for element to be present; elementLocator [By.xpath: //*[@id='hplogo' or @alt='Google']], numberOfTries[1], stateOfPresence[true]... @07-10-2021 01:56:18.0580 AM
[ReportManager] Element Action [WaitForElementToBePresent] successfully performed. With the following test data [waited for the element's state of presence to be (true). Element locator (By.xpath: //*[@id='hplogo' or @alt='Google'])]. @07-10-2021 01:56:18.0622 AM
[ReportManager] File Action [DoesFileExist] successfully performed. With the following test data [File Path: "src/test/resources/DynamicObjectRepository/unitTests_tests_element_elementActions_waitForElementToBePresent_true_expectedToPass_By_xpath_id_hplogo_or_alt_Google.png"]. @07-10-2021 01:56:18.0641 AM
[ReportManager] File Action [DoesFileExist] successfully performed. With the following test data [File Path: "src/test/resources/DynamicObjectRepository/unitTests_tests_element_elementActions_waitForElementToBePresent_true_expectedToPass_By_xpath_id_hplogo_or_alt_Google.png"]. @07-10-2021 01:56:18.0745 AM
[ReportManager] Passing the test and saving a reference image @07-10-2021 01:56:18.0745 AM
[ReportManager] File Action [GetAbsolutePath] successfully performed. With the following test data [Relative File Path: "src/test/resources/DynamicObjectRepository/unitTests_tests_element_elementActions_waitForElementToBePresent_true_expectedToPass_By_xpath_id_hplogo_or_alt_Google.png"]. @07-10-2021 01:56:18.0746 AM
[ReportManager] File Action [WriteToFile] successfully performed. With the following test data [Target File Path: "/Users/runner/work/SHAFT_ENGINE/SHAFT_ENGINE/src/test/resources/DynamicObjectRepository/unitTests_tests_element_elementActions_waitForElementToBePresent_true_expectedToPass_By_xpath_id_hplogo_or_alt_Google.png"]. @07-10-2021 01:56:18.0747 AM
[ReportManager] Assertion Passed: Using Visual AI; OpenCV @07-10-2021 01:56:18.0749 AM
[ReportManager] Successfully created attachment [Validation Test Data - Actual Screenshot] @07-10-2021 01:56:18.0750 AM
[ReportManager] Assertion [ValidateElementMatches] PASSED. Expected [Element should match the reference screenshot] and Actual [TRUE]. Comparison Type [EXACT_OPENCV]. Validation Type [POSITIVE]. @07-10-2021 01:56:18.0750 A
[ReportManager] Browser Action [CloseCurrentWindow] successfully performed. @07-10-2021 01:56:18.0813 AM
[ReportManager] Successfully created attachment [Browser Action Test Data - CloseCurrentWindow - Actual Value] @07-10-2021 01:56:18.0814 A
[ReportManager] File Action [GetAbsolutePath] successfully performed. With the following test data [Relative Folder Path: "target/downloadedFiles/"]. @07-10-2021 01:56:18.0822 AM
[ReportManager] Attempting to run locally on: [Mac-64], [Safari], Headless Execution. @07-10-2021 01:56:18.0822 AM
[ReportManager] Successfully Opened Safari. @07-10-2021 01:56:19.0647 AM
[ReportManager] Initial window size: (800, 600) @07-10-2021 01:56:19.0670 AM
[ReportManager] Window size after SWD Maximize: (1176, 811) @07-10-2021 01:56:19.0685 AM
[ReportManager] Browser Action [MaximizeWindow] successfully performed. With the following test data [New screen size is now: (1176, 811)]. @07-10-2021 01:56:19.0685 AM
[ReportManager] Target URL: [https://duckduckgo.com] @07-10-2021 01:56:19.0685 AM
[ReportManager] Initial URL: [] @07-10-2021 01:56:19.0746 AM
[ReportManager] Browser Action [NavigateToURL] successfully performed. With the following test data [https://duckduckgo.com]. @07-10-2021 01:56:20.0455 A

################################################################################################################################################
Starting Execution:	[6 out of 144] test cases in the current suite
Test Method:		[unitTests.tests_browserActions.fullScreenWindow]
################################################################################################################################################
[ReportManager] Initial Windows Size: 1176x811 @07-10-2021 01:56:20.0468 AM
[ReportManager] Current Windows Size after fullScreen: 1176x885 @07-10-2021 01:56:20.0644 AM
[ReportManager] Browser Action [FullScreenWindow] successfully performed. @07-10-2021 01:56:20.0674 AM
[ReportManager] Successfully created attachment [Browser Action Test Data - FullScreenWindow - Actual Value] @07-10-2021 01:56:20.0677 A
[ReportManager] Target URL: [https://duckduckgo.com] @07-10-2021 01:56:20.0684 AM
[ReportManager] Initial URL: [https://duckduckgo.com] @07-10-2021 01:56:20.0777 AM
[ReportManager] Browser Action [NavigateToURL] successfully performed. With the following test data [https://duckduckgo.com]. @07-10-2021 01:56:21.0247 AM
[ReportManager] Browser Action [CloseCurrentWindow] successfully performed. @07-10-2021 01:56:21.0287 AM
[ReportManager] Successfully created attachment [Browser Action Test Data - CloseCurrentWindow - Actual Value] @07-10-2021 01:56:21.0290 A
[ReportManager] File Action [GetAbsolutePath] successfully performed. With the following test data [Relative Folder Path: "target/downloadedFiles/"]. @07-10-2021 01:56:21.0294 AM
[ReportManager] Attempting to run locally on: [Mac-64], [Safari], Headless Execution. @07-10-2021 01:56:21.0294 AM
[ReportManager] An Exception Occured with this Message: Could not create a session: The Safari instance terminated while trying to pair with it.. @07-10-2021 01:56:21.0721 AM
[ReportManager] Successfully created attachment [Exception Stack Trace - org.openqa.selenium.SessionNotCreatedException] @07-10-2021 01:56:21.0722 AM
[ReportManager] Driver Factory Action [createNewLocalDriverInstanceForSafari] failed. With the following test data [Failed to create a session onDESKTOP_SAFARI]. @07-10-2021 01:56:21.0723 A

################################################################################################################################################
Starting Execution:	[7 out of 144] test cases in the current suite
Test Method:		[unitTests.tests_browserActions.getCurrentURL]
###############################################################################################################################################



################################################################################################################################################
Starting Execution:	[8 out of 144] test cases in the current suite
Test Method:		[unitTests.tests_browserActions.getCurrentWindowTitle]
###############################################################################################################################################



################################################################################################################################################
Starting Execution:	[9 out of 144] test cases in the current suite
Test Method:		[unitTests.tests_browserActions.getPageSource]
###############################################################################################################################################



################################################################################################################################################
Starting Execution:	[10 out of 144] test cases in the current suite
Test Method:		[unitTests.tests_browserActions.getWindowHandle]
###############################################################################################################################################



################################################################################################################################################
Starting Execution:	[11 out of 144] test cases in the current suite
Test Method:		[unitTests.tests_browserActions.getWindowPosition]
###############################################################################################################################################



################################################################################################################################################
Starting Execution:	[12 out of 144] test cases in the current suite
Test Method:		[unitTests.tests_browserActions.getWindowSize]
###############################################################################################################################################



################################################################################################################################################
Starting Execution:	[13 out of 144] test cases in the current suite
Test Method:		[unitTests.tests_browserActions.maximizeWindow]
###############################################################################################################################################



################################################################################################################################################
Starting Execution:	[14 out of 144] test cases in the current suite
Test Method:		[unitTests.tests_browserActions.navigateBack]
###############################################################################################################################################



################################################################################################################################################
Starting Execution:	[15 out of 144] test cases in the current suite
Test Method:		[unitTests.tests_browserActions.navigateForward]
###############################################################################################################################################



################################################################################################################################################
Starting Execution:	[16 out of 144] test cases in the current suite
Test Method:		[unitTests.tests_browserActions.navigateToURL]
###############################################################################################################################################



################################################################################################################################################
Starting Execution:	[17 out of 144] test cases in the current suite
Test Method:		[unitTests.tests_browserActions.navigateToURLWithRedirection]
###############################################################################################################################################



################################################################################################################################################
Starting Execution:	[18 out of 144] test cases in the current suite
Test Method:		[unitTests.tests_browserActions.refreshCurrentPage]
###############################################################################################################################################



################################################################################################################################################
Starting Execution:	[19 out of 144] test cases in the current suite
Test Method:		[unitTests.tests_browserActions.setWindowSize]
###############################################################################################################################################

[ReportManager] Successfully loaded the following test data file [src/test/resources/TestDataFiles/testSuite01/TestData.xlsx]. @07-10-2021 01:56:22.0696 AM
[ReportManager] Successfully created attachment [Test Data - Excel] @07-10-2021 01:56:22.0697 A

################################################################################################################################################
Starting Execution:	[20 out of 144] test cases in the current suite
Test Method:		[unitTests.tests_io_excelFileManager.getCellData_rowName_expectedToPass]
################################################################################################################################################
[ReportManager] testRowData. @07-10-2021 01:56:22.0710 A

################################################################################################################################################
Starting Execution:	[21 out of 144] test cases in the current suite
Test Method:		[unitTests.tests_validations_assertions.assertComparativeRelation_greaterThanOrEquals_false_equals_expectedToFail]
################################################################################################################################################
[ReportManager] Assertion [ValidateComparativeRelation] FAILED. Expected [1] and Actual [1]. Comparison Type [GREATER_THAN_OR_EQUALS]. Validation Type [NEGATIVE]. @07-10-2021 01:56:22.0717 A

################################################################################################################################################
Starting Execution:	[22 out of 144] test cases in the current suite
Test Method:		[unitTests.tests_validations_assertions.assertComparativeRelation_greaterThanOrEquals_false_equals_expectedToPass]
################################################################################################################################################
[ReportManager] Assertion [ValidateComparativeRelation] PASSED. Expected [2] and Actual [1]. Comparison Type [GREATER_THAN_OR_EQUALS]. Validation Type [NEGATIVE]. @07-10-2021 01:56:22.0722 A

################################################################################################################################################
Starting Execution:	[23 out of 144] test cases in the current suite
Test Method:		[unitTests.tests_validations_assertions.assertComparativeRelation_greaterThanOrEquals_false_greaterThan_expectedToFail]
################################################################################################################################################
[ReportManager] Assertion [ValidateComparativeRelation] FAILED. Expected [1] and Actual [2]. Comparison Type [GREATER_THAN_OR_EQUALS]. Validation Type [NEGATIVE]. @07-10-2021 01:56:22.0727 A

################################################################################################################################################
Starting Execution:	[24 out of 144] test cases in the current suite
Test Method:		[unitTests.tests_validations_assertions.assertComparativeRelation_greaterThanOrEquals_false_greaterThan_expectedToPass]
################################################################################################################################################
[ReportManager] Assertion [ValidateComparativeRelation] PASSED. Expected [2] and Actual [1]. Comparison Type [GREATER_THAN_OR_EQUALS]. Validation Type [NEGATIVE]. @07-10-2021 01:56:22.0731 A

################################################################################################################################################
Starting Execution:	[25 out of 144] test cases in the current suite
Test Method:		[unitTests.tests_validations_assertions.assertComparativeRelation_greaterThanOrEquals_true_equals_expectedToFail]
################################################################################################################################################
[ReportManager] Assertion [ValidateComparativeRelation] FAILED. Expected [1] and Actual [0]. Comparison Type [GREATER_THAN_OR_EQUALS]. Validation Type [POSITIVE]. @07-10-2021 01:56:22.0736 A

################################################################################################################################################
Starting Execution:	[26 out of 144] test cases in the current suite
Test Method:		[unitTests.tests_validations_assertions.assertComparativeRelation_greaterThanOrEquals_true_equals_expectedToPass]
################################################################################################################################################
[ReportManager] Assertion [ValidateComparativeRelation] PASSED. Expected [1] and Actual [1]. Comparison Type [GREATER_THAN_OR_EQUALS]. Validation Type [POSITIVE]. @07-10-2021 01:56:22.0741 A

################################################################################################################################################
Starting Execution:	[27 out of 144] test cases in the current suite
Test Method:		[unitTests.tests_validations_assertions.assertComparativeRelation_greaterThanOrEquals_true_greaterThan_expectedToFail]
################################################################################################################################################
[ReportManager] Assertion [ValidateComparativeRelation] FAILED. Expected [2] and Actual [1]. Comparison Type [GREATER_THAN_OR_EQUALS]. Validation Type [POSITIVE]. @07-10-2021 01:56:22.0745 A

################################################################################################################################################
Starting Execution:	[28 out of 144] test cases in the current suite
Test Method:		[unitTests.tests_validations_assertions.assertComparativeRelation_greaterThanOrEquals_true_greaterThan_expectedToPass]
################################################################################################################################################
[ReportManager] Assertion [ValidateComparativeRelation] PASSED. Expected [1] and Actual [2]. Comparison Type [GREATER_THAN_OR_EQUALS]. Validation Type [POSITIVE]. @07-10-2021 01:56:22.0750 A
[ReportManager] File Action [GetAbsolutePath] successfully performed. With the following test data [Relative Folder Path: "target/downloadedFiles/"]. @07-10-2021 01:56:22.0753 AM
[ReportManager] Attempting to run locally on: [Mac-64], [Safari], Headless Execution. @07-10-2021 01:56:22.0754 AM
[ReportManager] Successfully Opened Safari. @07-10-2021 01:56:23.0503 AM
[ReportManager] Initial window size: (800, 600) @07-10-2021 01:56:23.0517 AM
[ReportManager] Window size after SWD Maximize: (1176, 811) @07-10-2021 01:56:23.0538 AM
[ReportManager] Browser Action [MaximizeWindow] successfully performed. With the following test data [New screen size is now: (1176, 811)]. @07-10-2021 01:56:23.0538 AM
[ReportManager] Target URL: [https://www.google.com/ncr], and after redirection: [www.google.com] @07-10-2021 01:56:23.0538 AM
[ReportManager] Initial URL: [] @07-10-2021 01:56:23.0593 AM
[ReportManager] Browser Action [NavigateToURL] successfully performed. With the following test data [https://www.google.com/ncr]. @07-10-2021 01:56:24.0471 A

################################################################################################################################################
Starting Execution:	[29 out of 144] test cases in the current suite
Test Method:		[unitTests.tests_validations_assertions.assertElementAttribute_false_caseInsensitiveComparison_expectedToFail]
################################################################################################################################################
[ReportManager] Element Action [Type] successfully performed. With the following test data [AUTOMATION]. @07-10-2021 01:56:24.0927 AM
[ReportManager] Element Action [GetText] successfully performed. With the following test data [AUTOMATION]. @07-10-2021 01:56:24.0984 AM
[ReportManager] Loaded Shared OpenCV @07-10-2021 01:56:26.0060 AM
[ReportManager] Assertion [ValidateElementAttribute] FAILED. Expected [Value Should not be 'AutomaTion' for the 'text' attribute, element locator 'By.name: q'] and Actual [AUTOMATION]. Comparison Type [CASE_INSENSITIVE]. Validation Type [NEGATIVE]. @07-10-2021 01:56:26.0331 AM
[ReportManager] Successfully created attachment [Screenshot - 1633571785069_assertElementAttribute_false_caseInsensitiveComparison_expectedToFail_ValidateElementAttribute_failed] @07-10-2021 01:56:26.0340 A
[ReportManager] Browser Action [CloseCurrentWindow] successfully performed. @07-10-2021 01:56:26.0485 AM
[ReportManager] Successfully created attachment [Browser Action Test Data - CloseCurrentWindow - Actual Value] @07-10-2021 01:56:26.0486 A
[ReportManager] File Action [GetAbsolutePath] successfully performed. With the following test data [Relative Folder Path: "target/downloadedFiles/"]. @07-10-2021 01:56:26.0491 AM
[ReportManager] Attempting to run locally on: [Mac-64], [Safari], Headless Execution. @07-10-2021 01:56:26.0491 AM
[ReportManager] Successfully Opened Safari. @07-10-2021 01:56:27.0366 AM
[ReportManager] Initial window size: (800, 600) @07-10-2021 01:56:27.0387 AM
[ReportManager] Window size after SWD Maximize: (1176, 811) @07-10-2021 01:56:27.0399 AM
[ReportManager] Browser Action [MaximizeWindow] successfully performed. With the following test data [New screen size is now: (1176, 811)]. @07-10-2021 01:56:27.0399 AM
[ReportManager] Target URL: [https://www.google.com/ncr], and after redirection: [www.google.com] @07-10-2021 01:56:27.0400 AM
[ReportManager] Initial URL: [] @07-10-2021 01:56:27.0455 AM
[ReportManager] Browser Action [NavigateToURL] successfully performed. With the following test data [https://www.google.com/ncr]. @07-10-2021 01:56:28.0157 A

################################################################################################################################################
Starting Execution:	[30 out of 144] test cases in the current suite
Test Method:		[unitTests.tests_validations_assertions.assertElementAttribute_false_caseInsensitiveComparison_expectedToPass]
################################################################################################################################################
[ReportManager] Element Action [Type] successfully performed. With the following test data [AUTOMATION]. @07-10-2021 01:56:28.0556 AM
[ReportManager] Element Action [GetText] successfully performed. With the following test data [AUTOMATION]. @07-10-2021 01:56:28.0627 AM
[ReportManager] Loaded Shared OpenCV @07-10-2021 01:56:28.0689 AM
[ReportManager] Assertion [ValidateElementAttribute] PASSED. Expected [Value Should not be 'AutomaTion123' for the 'text' attribute, element locator 'By.name: q'] and Actual [AUTOMATION]. Comparison Type [CASE_INSENSITIVE]. Validation Type [NEGATIVE]. @07-10-2021 01:56:28.0791 AM
[ReportManager] Successfully created attachment [Screenshot - 1633571788689_assertElementAttribute_false_caseInsensitiveComparison_expectedToPass_ValidateElementAttribute_passed] @07-10-2021 01:56:28.0794 A
[ReportManager] Browser Action [CloseCurrentWindow] successfully performed. @07-10-2021 01:56:28.0969 AM
[ReportManager] Successfully created attachment [Browser Action Test Data - CloseCurrentWindow - Actual Value] @07-10-2021 01:56:28.0970 A
[ReportManager] File Action [GetAbsolutePath] successfully performed. With the following test data [Relative Folder Path: "target/downloadedFiles/"]. @07-10-2021 01:56:28.0974 AM
[ReportManager] Attempting to run locally on: [Mac-64], [Safari], Headless Execution. @07-10-2021 01:56:28.0974 AM
[ReportManager] Successfully Opened Safari. @07-10-2021 01:56:29.0790 AM
[ReportManager] Initial window size: (800, 600) @07-10-2021 01:56:29.0802 AM
[ReportManager] Window size after SWD Maximize: (1176, 811) @07-10-2021 01:56:29.0824 AM
[ReportManager] Browser Action [MaximizeWindow] successfully performed. With the following test data [New screen size is now: (1176, 811)]. @07-10-2021 01:56:29.0825 AM
[ReportManager] Target URL: [https://www.google.com/ncr], and after redirection: [www.google.com] @07-10-2021 01:56:29.0825 AM
[ReportManager] Initial URL: [] @07-10-2021 01:56:29.0889 AM
[ReportManager] Browser Action [NavigateToURL] successfully performed. With the following test data [https://www.google.com/ncr]. @07-10-2021 01:56:31.0057 A

################################################################################################################################################
Starting Execution:	[31 out of 144] test cases in the current suite
Test Method:		[unitTests.tests_validations_assertions.assertElementAttribute_false_containsComparison_expectedToFail]
################################################################################################################################################
[ReportManager] Element Action [Type] successfully performed. With the following test data [Automation123]. @07-10-2021 01:56:31.0595 AM
[ReportManager] Element Action [GetText] successfully performed. With the following test data [Automation123]. @07-10-2021 01:56:31.0663 AM
[ReportManager] Loaded Shared OpenCV @07-10-2021 01:56:31.0737 AM
[ReportManager] Assertion [ValidateElementAttribute] FAILED. Expected [Value Should not be 'Automation' for the 'text' attribute, element locator 'By.name: q'] and Actual [Automation123]. Comparison Type [CONTAINS]. Validation Type [NEGATIVE]. @07-10-2021 01:56:31.0892 AM
[ReportManager] Successfully created attachment [Screenshot - 1633571791737_assertElementAttribute_false_containsComparison_expectedToFail_ValidateElementAttribute_failed] @07-10-2021 01:56:31.0894 A
[ReportManager] Browser Action [CloseCurrentWindow] successfully performed. @07-10-2021 01:56:31.0961 AM
[ReportManager] Successfully created attachment [Browser Action Test Data - CloseCurrentWindow - Actual Value] @07-10-2021 01:56:31.0968 A
[ReportManager] File Action [GetAbsolutePath] successfully performed. With the following test data [Relative Folder Path: "target/downloadedFiles/"]. @07-10-2021 01:56:31.0975 AM
[ReportManager] Attempting to run locally on: [Mac-64], [Safari], Headless Execution. @07-10-2021 01:56:31.0975 AM
[ReportManager] Successfully Opened Safari. @07-10-2021 01:56:32.0788 AM
[ReportManager] Initial window size: (800, 600) @07-10-2021 01:56:32.0802 AM
[ReportManager] Window size after SWD Maximize: (1176, 811) @07-10-2021 01:56:32.0839 AM
[ReportManager] Browser Action [MaximizeWindow] successfully performed. With the following test data [New screen size is now: (1176, 811)]. @07-10-2021 01:56:32.0840 AM
[ReportManager] Target URL: [https://www.google.com/ncr], and after redirection: [www.google.com] @07-10-2021 01:56:32.0840 AM
[ReportManager] Initial URL: [] @07-10-2021 01:56:32.0909 AM
[ReportManager] Browser Action [NavigateToURL] successfully performed. With the following test data [https://www.google.com/ncr]. @07-10-2021 01:56:33.0622 A

################################################################################################################################################
Starting Execution:	[32 out of 144] test cases in the current suite
Test Method:		[unitTests.tests_validations_assertions.assertElementAttribute_false_containsComparison_expectedToPass]
################################################################################################################################################
[ReportManager] Element Action [Type] successfully performed. With the following test data [Automation123]. @07-10-2021 01:56:34.0189 AM
[ReportManager] Element Action [GetText] successfully performed. With the following test data [Automation123]. @07-10-2021 01:56:34.0250 AM
[ReportManager] Loaded Shared OpenCV @07-10-2021 01:56:34.0311 AM
[ReportManager] Assertion [ValidateElementAttribute] PASSED. Expected [Value Should not be 'Automation1234' for the 'text' attribute, element locator 'By.name: q'] and Actual [Automation123]. Comparison Type [CONTAINS]. Validation Type [NEGATIVE]. @07-10-2021 01:56:34.0438 AM
[ReportManager] Successfully created attachment [Screenshot - 1633571794311_assertElementAttribute_false_containsComparison_expectedToPass_ValidateElementAttribute_passed] @07-10-2021 01:56:34.0440 A
[ReportManager] Browser Action [CloseCurrentWindow] successfully performed. @07-10-2021 01:56:34.0640 AM
[ReportManager] Successfully created attachment [Browser Action Test Data - CloseCurrentWindow - Actual Value] @07-10-2021 01:56:34.0642 A
[ReportManager] File Action [GetAbsolutePath] successfully performed. With the following test data [Relative Folder Path: "target/downloadedFiles/"]. @07-10-2021 01:56:34.0647 AM
[ReportManager] Attempting to run locally on: [Mac-64], [Safari], Headless Execution. @07-10-2021 01:56:34.0647 AM
[ReportManager] Successfully Opened Safari. @07-10-2021 01:56:35.0459 AM
[ReportManager] Initial window size: (800, 600) @07-10-2021 01:56:35.0470 AM
[ReportManager] Window size after SWD Maximize: (1176, 811) @07-10-2021 01:56:35.0492 AM
[ReportManager] Browser Action [MaximizeWindow] successfully performed. With the following test data [New screen size is now: (1176, 811)]. @07-10-2021 01:56:35.0492 AM
[ReportManager] Target URL: [https://www.google.com/ncr], and after redirection: [www.google.com] @07-10-2021 01:56:35.0493 AM
[ReportManager] Initial URL: [] @07-10-2021 01:56:35.0545 AM
[ReportManager] Browser Action [NavigateToURL] successfully performed. With the following test data [https://www.google.com/ncr]. @07-10-2021 01:56:36.0373 A

################################################################################################################################################
Starting Execution:	[33 out of 144] test cases in the current suite
Test Method:		[unitTests.tests_validations_assertions.assertElementAttribute_false_literalComparison_expectedToFail]
################################################################################################################################################
[ReportManager] Element Action [Type] successfully performed. With the following test data [Automation!@#$%^&*()_+{}[]\';/.,]. @07-10-2021 01:56:37.0549 AM
[ReportManager] Element Action [GetText] successfully performed. With the following test data [Automation!@#$%^&*()_+{}[]\';/.,]. @07-10-2021 01:56:37.0599 AM
[ReportManager] Loaded Shared OpenCV @07-10-2021 01:56:37.0664 AM
[ReportManager] Assertion [ValidateElementAttribute] PASSED. Expected [Value Should not be 'Automation!@#$%^&*()_+{}[]\\';/.,' for the 'text' attribute, element locator 'By.name: q'] and Actual [Automation!@#$%^&*()_+{}[]\';/.,]. Comparison Type [EQUALS]. Validation Type [NEGATIVE]. @07-10-2021 01:56:37.0772 AM
[ReportManager] Successfully created attachment [Screenshot - 1633571797664_assertElementAttribute_false_literalComparison_expectedToFail_ValidateElementAttribute_passed] @07-10-2021 01:56:37.0774 A
[ReportManager] Browser Action [CloseCurrentWindow] successfully performed. @07-10-2021 01:56:37.0949 AM
[ReportManager] Successfully created attachment [Browser Action Test Data - CloseCurrentWindow - Actual Value] @07-10-2021 01:56:37.0950 A
[ReportManager] File Action [GetAbsolutePath] successfully performed. With the following test data [Relative Folder Path: "target/downloadedFiles/"]. @07-10-2021 01:56:37.0956 AM
[ReportManager] Attempting to run locally on: [Mac-64], [Safari], Headless Execution. @07-10-2021 01:56:37.0956 AM
[ReportManager] Successfully Opened Safari. @07-10-2021 01:56:38.0775 AM
[ReportManager] Initial window size: (800, 600) @07-10-2021 01:56:38.0787 AM
[ReportManager] Window size after SWD Maximize: (1176, 811) @07-10-2021 01:56:38.0805 AM
[ReportManager] Browser Action [MaximizeWindow] successfully performed. With the following test data [New screen size is now: (1176, 811)]. @07-10-2021 01:56:38.0806 AM
[ReportManager] Target URL: [https://www.google.com/ncr], and after redirection: [www.google.com] @07-10-2021 01:56:38.0806 AM
[ReportManager] Initial URL: [] @07-10-2021 01:56:38.0866 AM
[ReportManager] Browser Action [NavigateToURL] successfully performed. With the following test data [https://www.google.com/ncr]. @07-10-2021 01:56:40.0129 A

################################################################################################################################################
Starting Execution:	[34 out of 144] test cases in the current suite
Test Method:		[unitTests.tests_validations_assertions.assertElementAttribute_false_literalComparison_expectedToPass]
################################################################################################################################################
[ReportManager] Element Action [Type] successfully performed. With the following test data [Automation!@#$%^&*()_+{}[]\';/.,]. @07-10-2021 01:56:41.0372 AM
[ReportManager] Element Action [GetText] successfully performed. With the following test data [Automation!@#$%^&*()_+{}[]\';/.,]. @07-10-2021 01:56:41.0420 AM
[ReportManager] Loaded Shared OpenCV @07-10-2021 01:56:41.0475 AM
[ReportManager] Assertion [ValidateElementAttribute] PASSED. Expected [Value Should not be 'Automation' for the 'text' attribute, element locator 'By.name: q'] and Actual [Automation!@#$%^&*()_+{}[]\';/.,]. Comparison Type [EQUALS]. Validation Type [NEGATIVE]. @07-10-2021 01:56:41.0566 AM
[ReportManager] Successfully created attachment [Screenshot - 1633571801475_assertElementAttribute_false_literalComparison_expectedToPass_ValidateElementAttribute_passed] @07-10-2021 01:56:41.0570 A
[ReportManager] Browser Action [CloseCurrentWindow] successfully performed. @07-10-2021 01:56:41.0737 AM
[ReportManager] Successfully created attachment [Browser Action Test Data - CloseCurrentWindow - Actual Value] @07-10-2021 01:56:41.0738 A
[ReportManager] File Action [GetAbsolutePath] successfully performed. With the following test data [Relative Folder Path: "target/downloadedFiles/"]. @07-10-2021 01:56:41.0741 AM
[ReportManager] Attempting to run locally on: [Mac-64], [Safari], Headless Execution. @07-10-2021 01:56:41.0741 AM
[ReportManager] Successfully Opened Safari. @07-10-2021 01:56:42.0625 AM
[ReportManager] Initial window size: (800, 600) @07-10-2021 01:56:42.0685 AM
[ReportManager] Window size after SWD Maximize: (1176, 811) @07-10-2021 01:56:42.0706 AM
[ReportManager] Browser Action [MaximizeWindow] successfully performed. With the following test data [New screen size is now: (1176, 811)]. @07-10-2021 01:56:42.0707 AM
[ReportManager] Target URL: [https://www.google.com/ncr], and after redirection: [www.google.com] @07-10-2021 01:56:42.0707 AM
[ReportManager] Initial URL: [] @07-10-2021 01:56:42.0761 AM
[ReportManager] Browser Action [NavigateToURL] successfully performed. With the following test data [https://www.google.com/ncr]. @07-10-2021 01:56:44.0130 A

################################################################################################################################################
Starting Execution:	[35 out of 144] test cases in the current suite
Test Method:		[unitTests.tests_validations_assertions.assertElementAttribute_false_regexComparison_expectedToFail]
################################################################################################################################################
[ReportManager] Element Action [Type] successfully performed. With the following test data [Automation123]. @07-10-2021 01:56:44.0668 AM
[ReportManager] Element Action [GetText] successfully performed. With the following test data [Automation123]. @07-10-2021 01:56:44.0722 AM
[ReportManager] Loaded Shared OpenCV @07-10-2021 01:56:44.0784 AM
[ReportManager] Assertion [ValidateElementAttribute] FAILED. Expected [Value Should not be 'Automation.*' for the 'text' attribute, element locator 'By.name: q'] and Actual [Automation123]. Comparison Type [MATCHES]. Validation Type [NEGATIVE]. @07-10-2021 01:56:44.0873 AM
[ReportManager] Successfully created attachment [Screenshot - 1633571804784_assertElementAttribute_false_regexComparison_expectedToFail_ValidateElementAttribute_failed] @07-10-2021 01:56:44.0874 A
[ReportManager] Browser Action [CloseCurrentWindow] successfully performed. @07-10-2021 01:56:45.0023 AM
[ReportManager] Successfully created attachment [Browser Action Test Data - CloseCurrentWindow - Actual Value] @07-10-2021 01:56:45.0024 A
[ReportManager] File Action [GetAbsolutePath] successfully performed. With the following test data [Relative Folder Path: "target/downloadedFiles/"]. @07-10-2021 01:56:45.0028 AM
[ReportManager] Attempting to run locally on: [Mac-64], [Safari], Headless Execution. @07-10-2021 01:56:45.0028 AM
[ReportManager] Successfully Opened Safari. @07-10-2021 01:56:45.0866 AM
[ReportManager] Initial window size: (800, 600) @07-10-2021 01:56:45.0882 AM
[ReportManager] Window size after SWD Maximize: (1176, 811) @07-10-2021 01:56:45.0903 AM
[ReportManager] Browser Action [MaximizeWindow] successfully performed. With the following test data [New screen size is now: (1176, 811)]. @07-10-2021 01:56:45.0904 AM
[ReportManager] Target URL: [https://www.google.com/ncr], and after redirection: [www.google.com] @07-10-2021 01:56:45.0904 AM
[ReportManager] Initial URL: [] @07-10-2021 01:56:45.0951 AM
[ReportManager] Browser Action [NavigateToURL] successfully performed. With the following test data [https://www.google.com/ncr]. @07-10-2021 01:56:47.0186 A

################################################################################################################################################
Starting Execution:	[36 out of 144] test cases in the current suite
Test Method:		[unitTests.tests_validations_assertions.assertElementAttribute_false_regexComparison_expectedToPass]
################################################################################################################################################
[ReportManager] Element Action [Type] successfully performed. With the following test data [Automation123]. @07-10-2021 01:56:47.0807 AM
[ReportManager] Element Action [GetText] successfully performed. With the following test data [Automation123]. @07-10-2021 01:56:47.0866 AM
[ReportManager] Loaded Shared OpenCV @07-10-2021 01:56:47.0922 AM
[ReportManager] Assertion [ValidateElementAttribute] PASSED. Expected [Value Should not be 'Automation' for the 'text' attribute, element locator 'By.name: q'] and Actual [Automation123]. Comparison Type [MATCHES]. Validation Type [NEGATIVE]. @07-10-2021 01:56:48.0010 AM
[ReportManager] Successfully created attachment [Screenshot - 1633571807922_assertElementAttribute_false_regexComparison_expectedToPass_ValidateElementAttribute_passed] @07-10-2021 01:56:48.0011 A
[ReportManager] Browser Action [CloseCurrentWindow] successfully performed. @07-10-2021 01:56:48.0181 AM
[ReportManager] Successfully created attachment [Browser Action Test Data - CloseCurrentWindow - Actual Value] @07-10-2021 01:56:48.0182 A
[ReportManager] File Action [GetAbsolutePath] successfully performed. With the following test data [Relative Folder Path: "target/downloadedFiles/"]. @07-10-2021 01:56:48.0186 AM
[ReportManager] Attempting to run locally on: [Mac-64], [Safari], Headless Execution. @07-10-2021 01:56:48.0186 AM
[ReportManager] Successfully Opened Safari. @07-10-2021 01:56:48.0990 AM
[ReportManager] Initial window size: (800, 600) @07-10-2021 01:56:49.0015 AM
[ReportManager] Window size after SWD Maximize: (1176, 811) @07-10-2021 01:56:49.0035 AM
[ReportManager] Browser Action [MaximizeWindow] successfully performed. With the following test data [New screen size is now: (1176, 811)]. @07-10-2021 01:56:49.0036 AM
[ReportManager] Target URL: [https://www.google.com/ncr], and after redirection: [www.google.com] @07-10-2021 01:56:49.0036 AM
[ReportManager] Initial URL: [] @07-10-2021 01:56:49.0170 AM
[ReportManager] Browser Action [NavigateToURL] successfully performed. With the following test data [https://www.google.com/ncr]. @07-10-2021 01:56:50.0033 A

################################################################################################################################################
Starting Execution:	[37 out of 144] test cases in the current suite
Test Method:		[unitTests.tests_validations_assertions.assertElementAttribute_true_caseInsensitiveComparison_expectedToFail]
################################################################################################################################################
[ReportManager] Element Action [Type] successfully performed. With the following test data [AUTOMATION]. @07-10-2021 01:56:50.0449 AM
[ReportManager] Element Action [GetText] successfully performed. With the following test data [AUTOMATION]. @07-10-2021 01:56:50.0499 AM
[ReportManager] Loaded Shared OpenCV @07-10-2021 01:56:50.0575 AM
[ReportManager] Assertion [ValidateElementAttribute] FAILED. Expected [Value Should be 'AutomaTion123' for the 'text' attribute, element locator 'By.name: q'] and Actual [AUTOMATION]. Comparison Type [CASE_INSENSITIVE]. Validation Type [POSITIVE]. @07-10-2021 01:56:50.0683 AM
[ReportManager] Successfully created attachment [Screenshot - 1633571810575_assertElementAttribute_true_caseInsensitiveComparison_expectedToFail_ValidateElementAttribute_failed] @07-10-2021 01:56:50.0685 A
[ReportManager] Browser Action [CloseCurrentWindow] successfully performed. @07-10-2021 01:56:50.0806 AM
[ReportManager] Successfully created attachment [Browser Action Test Data - CloseCurrentWindow - Actual Value] @07-10-2021 01:56:50.0807 A
[ReportManager] File Action [GetAbsolutePath] successfully performed. With the following test data [Relative Folder Path: "target/downloadedFiles/"]. @07-10-2021 01:56:50.0810 AM
[ReportManager] Attempting to run locally on: [Mac-64], [Safari], Headless Execution. @07-10-2021 01:56:50.0810 AM
[ReportManager] Successfully Opened Safari. @07-10-2021 01:56:51.0623 AM
[ReportManager] Initial window size: (800, 600) @07-10-2021 01:56:51.0636 AM
[ReportManager] Window size after SWD Maximize: (1176, 811) @07-10-2021 01:56:51.0729 AM
[ReportManager] Browser Action [MaximizeWindow] successfully performed. With the following test data [New screen size is now: (1176, 811)]. @07-10-2021 01:56:51.0729 AM
[ReportManager] Target URL: [https://www.google.com/ncr], and after redirection: [www.google.com] @07-10-2021 01:56:51.0729 AM
[ReportManager] Initial URL: [] @07-10-2021 01:56:51.0794 AM
[ReportManager] Browser Action [NavigateToURL] successfully performed. With the following test data [https://www.google.com/ncr]. @07-10-2021 01:56:52.0988 A

################################################################################################################################################
Starting Execution:	[38 out of 144] test cases in the current suite
Test Method:		[unitTests.tests_validations_assertions.assertElementAttribute_true_caseInsensitiveComparison_expectedToPass]
################################################################################################################################################
[ReportManager] Element Action [Type] successfully performed. With the following test data [AUTOMATION]. @07-10-2021 01:56:53.0395 AM
[ReportManager] Element Action [GetText] successfully performed. With the following test data [AUTOMATION]. @07-10-2021 01:56:53.0454 AM
[ReportManager] Loaded Shared OpenCV @07-10-2021 01:56:53.0550 AM
[ReportManager] Assertion [ValidateElementAttribute] PASSED. Expected [Value Should be 'AutomaTion' for the 'text' attribute, element locator 'By.name: q'] and Actual [AUTOMATION]. Comparison Type [CASE_INSENSITIVE]. Validation Type [POSITIVE]. @07-10-2021 01:56:53.0640 AM
[ReportManager] Successfully created attachment [Screenshot - 1633571813550_assertElementAttribute_true_caseInsensitiveComparison_expectedToPass_ValidateElementAttribute_passed] @07-10-2021 01:56:53.0642 A
[ReportManager] Browser Action [CloseCurrentWindow] successfully performed. @07-10-2021 01:56:53.0742 AM
[ReportManager] Successfully created attachment [Browser Action Test Data - CloseCurrentWindow - Actual Value] @07-10-2021 01:56:53.0743 A
[ReportManager] File Action [GetAbsolutePath] successfully performed. With the following test data [Relative Folder Path: "target/downloadedFiles/"]. @07-10-2021 01:56:53.0746 AM
[ReportManager] Attempting to run locally on: [Mac-64], [Safari], Headless Execution. @07-10-2021 01:56:53.0747 AM
[ReportManager] Successfully Opened Safari. @07-10-2021 01:56:54.0523 AM
[ReportManager] Initial window size: (800, 600) @07-10-2021 01:56:54.0545 AM
[ReportManager] Window size after SWD Maximize: (1176, 811) @07-10-2021 01:56:54.0558 AM
[ReportManager] Browser Action [MaximizeWindow] successfully performed. With the following test data [New screen size is now: (1176, 811)]. @07-10-2021 01:56:54.0558 AM
[ReportManager] Target URL: [https://www.google.com/ncr], and after redirection: [www.google.com] @07-10-2021 01:56:54.0562 AM
[ReportManager] Initial URL: [] @07-10-2021 01:56:54.0632 AM
[ReportManager] Browser Action [NavigateToURL] successfully performed. With the following test data [https://www.google.com/ncr]. @07-10-2021 01:56:55.0839 A

################################################################################################################################################
Starting Execution:	[39 out of 144] test cases in the current suite
Test Method:		[unitTests.tests_validations_assertions.assertElementAttribute_true_containsComparison_expectedToFail]
################################################################################################################################################
[ReportManager] Element Action [Type] successfully performed. With the following test data [Automation123]. @07-10-2021 01:56:56.0324 AM
[ReportManager] Element Action [GetText] successfully performed. With the following test data [Automation123]. @07-10-2021 01:56:56.0379 AM
[ReportManager] Loaded Shared OpenCV @07-10-2021 01:56:56.0443 AM
[ReportManager] Assertion [ValidateElementAttribute] FAILED. Expected [Value Should be 'Automation1234' for the 'text' attribute, element locator 'By.name: q'] and Actual [Automation123]. Comparison Type [CONTAINS]. Validation Type [POSITIVE]. @07-10-2021 01:56:56.0533 AM
[ReportManager] Successfully created attachment [Screenshot - 1633571816443_assertElementAttribute_true_containsComparison_expectedToFail_ValidateElementAttribute_failed] @07-10-2021 01:56:56.0534 A
[ReportManager] Browser Action [CloseCurrentWindow] successfully performed. @07-10-2021 01:56:56.0702 AM
[ReportManager] Successfully created attachment [Browser Action Test Data - CloseCurrentWindow - Actual Value] @07-10-2021 01:56:56.0703 A
[ReportManager] File Action [GetAbsolutePath] successfully performed. With the following test data [Relative Folder Path: "target/downloadedFiles/"]. @07-10-2021 01:56:56.0707 AM
[ReportManager] Attempting to run locally on: [Mac-64], [Safari], Headless Execution. @07-10-2021 01:56:56.0707 AM
[ReportManager] Successfully Opened Safari. @07-10-2021 01:56:57.0554 AM
[ReportManager] Initial window size: (800, 600) @07-10-2021 01:56:57.0569 AM
[ReportManager] Window size after SWD Maximize: (1176, 811) @07-10-2021 01:56:57.0592 AM
[ReportManager] Browser Action [MaximizeWindow] successfully performed. With the following test data [New screen size is now: (1176, 811)]. @07-10-2021 01:56:57.0592 AM
[ReportManager] Target URL: [https://www.google.com/ncr], and after redirection: [www.google.com] @07-10-2021 01:56:57.0592 AM
[ReportManager] Initial URL: [] @07-10-2021 01:56:57.0661 AM
[ReportManager] Browser Action [NavigateToURL] successfully performed. With the following test data [https://www.google.com/ncr]. @07-10-2021 01:56:59.0514 A

################################################################################################################################################
Starting Execution:	[40 out of 144] test cases in the current suite
Test Method:		[unitTests.tests_validations_assertions.assertElementAttribute_true_containsComparison_expectedToPass]
################################################################################################################################################
[ReportManager] Element Action [Type] successfully performed. With the following test data [Automation123]. @07-10-2021 01:56:59.0952 AM
[ReportManager] Element Action [GetText] successfully performed. With the following test data [Automation123]. @07-10-2021 01:57:00.0005 AM
[ReportManager] Loaded Shared OpenCV @07-10-2021 01:57:00.0065 AM
[ReportManager] Assertion [ValidateElementAttribute] PASSED. Expected [Value Should be 'Automation' for the 'text' attribute, element locator 'By.name: q'] and Actual [Automation123]. Comparison Type [CONTAINS]. Validation Type [POSITIVE]. @07-10-2021 01:57:00.0154 AM
[ReportManager] Successfully created attachment [Screenshot - 1633571820065_assertElementAttribute_true_containsComparison_expectedToPass_ValidateElementAttribute_passed] @07-10-2021 01:57:00.0155 A
[ReportManager] Browser Action [CloseCurrentWindow] successfully performed. @07-10-2021 01:57:00.0288 AM
[ReportManager] Successfully created attachment [Browser Action Test Data - CloseCurrentWindow - Actual Value] @07-10-2021 01:57:00.0289 A
[ReportManager] File Action [GetAbsolutePath] successfully performed. With the following test data [Relative Folder Path: "target/downloadedFiles/"]. @07-10-2021 01:57:00.0293 AM
[ReportManager] Attempting to run locally on: [Mac-64], [Safari], Headless Execution. @07-10-2021 01:57:00.0293 AM
[ReportManager] Successfully Opened Safari. @07-10-2021 01:57:01.0190 AM
[ReportManager] Initial window size: (800, 600) @07-10-2021 01:57:01.0215 AM
[ReportManager] Window size after SWD Maximize: (1176, 811) @07-10-2021 01:57:01.0232 AM
[ReportManager] Browser Action [MaximizeWindow] successfully performed. With the following test data [New screen size is now: (1176, 811)]. @07-10-2021 01:57:01.0233 AM
[ReportManager] Target URL: [https://www.google.com/ncr], and after redirection: [www.google.com] @07-10-2021 01:57:01.0233 AM
[ReportManager] Initial URL: [] @07-10-2021 01:57:01.0313 AM
[ReportManager] Browser Action [NavigateToURL] successfully performed. With the following test data [https://www.google.com/ncr]. @07-10-2021 01:57:02.0545 A

################################################################################################################################################
Starting Execution:	[41 out of 144] test cases in the current suite
Test Method:		[unitTests.tests_validations_assertions.assertElementAttribute_true_literalComparison_expectedToFail]
################################################################################################################################################
[ReportManager] Element Action [Type] successfully performed. With the following test data [Automation!@#$%^&*()_+{}[]\';/.,]. @07-10-2021 01:57:03.0714 AM
[ReportManager] Element Action [GetText] successfully performed. With the following test data [Automation!@#$%^&*()_+{}[]\';/.,]. @07-10-2021 01:57:03.0768 AM
[ReportManager] Loaded Shared OpenCV @07-10-2021 01:57:03.0830 AM
[ReportManager] Assertion [ValidateElementAttribute] FAILED. Expected [Value Should be 'Automation' for the 'text' attribute, element locator 'By.name: q'] and Actual [Automation!@#$%^&*()_+{}[]\';/.,]. Comparison Type [EQUALS]. Validation Type [POSITIVE]. @07-10-2021 01:57:03.0927 AM
[ReportManager] Successfully created attachment [Screenshot - 1633571823830_assertElementAttribute_true_literalComparison_expectedToFail_ValidateElementAttribute_failed] @07-10-2021 01:57:03.0928 A
[ReportManager] Browser Action [CloseCurrentWindow] successfully performed. @07-10-2021 01:57:04.0082 AM
[ReportManager] Successfully created attachment [Browser Action Test Data - CloseCurrentWindow - Actual Value] @07-10-2021 01:57:04.0082 A
[ReportManager] File Action [GetAbsolutePath] successfully performed. With the following test data [Relative Folder Path: "target/downloadedFiles/"]. @07-10-2021 01:57:04.0086 AM
[ReportManager] Attempting to run locally on: [Mac-64], [Safari], Headless Execution. @07-10-2021 01:57:04.0086 AM
[ReportManager] Successfully Opened Safari. @07-10-2021 01:57:04.0864 AM
[ReportManager] Initial window size: (800, 600) @07-10-2021 01:57:04.0900 AM
[ReportManager] Window size after SWD Maximize: (1176, 811) @07-10-2021 01:57:04.0927 AM
[ReportManager] Browser Action [MaximizeWindow] successfully performed. With the following test data [New screen size is now: (1176, 811)]. @07-10-2021 01:57:04.0928 AM
[ReportManager] Target URL: [https://www.google.com/ncr], and after redirection: [www.google.com] @07-10-2021 01:57:04.0928 AM
[ReportManager] Initial URL: [] @07-10-2021 01:57:05.0037 AM
[ReportManager] Browser Action [NavigateToURL] successfully performed. With the following test data [https://www.google.com/ncr]. @07-10-2021 01:57:06.0303 A

################################################################################################################################################
Starting Execution:	[42 out of 144] test cases in the current suite
Test Method:		[unitTests.tests_validations_assertions.assertElementAttribute_true_literalComparison_expectedToPass]
################################################################################################################################################
[ReportManager] Element Action [Type] successfully performed. With the following test data [Automation!@#$%^&*()_+{}[]\';/.,]. @07-10-2021 01:57:07.0412 AM
[ReportManager] Element Action [GetText] successfully performed. With the following test data [Automation!@#$%^&*()_+{}[]\';/.,]. @07-10-2021 01:57:07.0461 AM
[ReportManager] Loaded Shared OpenCV @07-10-2021 01:57:07.0519 AM
[ReportManager] Assertion [ValidateElementAttribute] PASSED. Expected [Value Should be 'Automation!@#$%^&*()_+{}[]\';/.,' for the 'text' attribute, element locator 'By.name: q'] and Actual [Automation!@#$%^&*()_+{}[]\';/.,]. Comparison Type [EQUALS]. Validation Type [POSITIVE]. @07-10-2021 01:57:07.0610 AM
[ReportManager] Successfully created attachment [Screenshot - 1633571827519_assertElementAttribute_true_literalComparison_expectedToPass_ValidateElementAttribute_passed] @07-10-2021 01:57:07.0612 A
[ReportManager] Browser Action [CloseCurrentWindow] successfully performed. @07-10-2021 01:57:07.0721 AM
[ReportManager] Successfully created attachment [Browser Action Test Data - CloseCurrentWindow - Actual Value] @07-10-2021 01:57:07.0722 A
[ReportManager] File Action [GetAbsolutePath] successfully performed. With the following test data [Relative Folder Path: "target/downloadedFiles/"]. @07-10-2021 01:57:07.0725 AM
[ReportManager] Attempting to run locally on: [Mac-64], [Safari], Headless Execution. @07-10-2021 01:57:07.0726 AM
[ReportManager] Successfully Opened Safari. @07-10-2021 01:57:08.0532 AM
[ReportManager] Initial window size: (800, 600) @07-10-2021 01:57:08.0560 AM
[ReportManager] Window size after SWD Maximize: (1176, 811) @07-10-2021 01:57:08.0574 AM
[ReportManager] Browser Action [MaximizeWindow] successfully performed. With the following test data [New screen size is now: (1176, 811)]. @07-10-2021 01:57:08.0574 AM
[ReportManager] Target URL: [https://www.google.com/ncr], and after redirection: [www.google.com] @07-10-2021 01:57:08.0574 AM
[ReportManager] Initial URL: [] @07-10-2021 01:57:08.0642 AM
[ReportManager] Browser Action [NavigateToURL] successfully performed. With the following test data [https://www.google.com/ncr]. @07-10-2021 01:57:09.0515 A

################################################################################################################################################
Starting Execution:	[43 out of 144] test cases in the current suite
Test Method:		[unitTests.tests_validations_assertions.assertElementAttribute_true_regexComparison_expectedToFail]
################################################################################################################################################
[ReportManager] Element Action [Type] successfully performed. With the following test data [Automation123]. @07-10-2021 01:57:09.0979 AM
[ReportManager] Element Action [GetText] successfully performed. With the following test data [Automation123]. @07-10-2021 01:57:10.0051 AM
[ReportManager] Loaded Shared OpenCV @07-10-2021 01:57:10.0127 AM
[ReportManager] Assertion [ValidateElementAttribute] FAILED. Expected [Value Should be 'Automation' for the 'text' attribute, element locator 'By.name: q'] and Actual [Automation123]. Comparison Type [MATCHES]. Validation Type [POSITIVE]. @07-10-2021 01:57:10.0223 AM
[ReportManager] Successfully created attachment [Screenshot - 1633571830127_assertElementAttribute_true_regexComparison_expectedToFail_ValidateElementAttribute_failed] @07-10-2021 01:57:10.0225 A
[ReportManager] Browser Action [CloseCurrentWindow] successfully performed. @07-10-2021 01:57:10.0406 AM
[ReportManager] Successfully created attachment [Browser Action Test Data - CloseCurrentWindow - Actual Value] @07-10-2021 01:57:10.0407 A
[ReportManager] File Action [GetAbsolutePath] successfully performed. With the following test data [Relative Folder Path: "target/downloadedFiles/"]. @07-10-2021 01:57:10.0411 AM
[ReportManager] Attempting to run locally on: [Mac-64], [Safari], Headless Execution. @07-10-2021 01:57:10.0411 AM
[ReportManager] Successfully Opened Safari. @07-10-2021 01:57:11.0208 AM
[ReportManager] Initial window size: (800, 600) @07-10-2021 01:57:11.0224 AM
[ReportManager] Window size after SWD Maximize: (1176, 811) @07-10-2021 01:57:11.0256 AM
[ReportManager] Browser Action [MaximizeWindow] successfully performed. With the following test data [New screen size is now: (1176, 811)]. @07-10-2021 01:57:11.0256 AM
[ReportManager] Target URL: [https://www.google.com/ncr], and after redirection: [www.google.com] @07-10-2021 01:57:11.0256 AM
[ReportManager] Initial URL: [] @07-10-2021 01:57:11.0347 AM
[ReportManager] Browser Action [NavigateToURL] successfully performed. With the following test data [https://www.google.com/ncr]. @07-10-2021 01:57:12.0603 A

################################################################################################################################################
Starting Execution:	[44 out of 144] test cases in the current suite
Test Method:		[unitTests.tests_validations_assertions.assertElementAttribute_true_regexComparison_expectedToPass]
################################################################################################################################################
[ReportManager] Element Action [Type] successfully performed. With the following test data [Automation123]. @07-10-2021 01:57:13.0213 AM
[ReportManager] Element Action [GetText] successfully performed. With the following test data [Automation123]. @07-10-2021 01:57:13.0270 AM
[ReportManager] Loaded Shared OpenCV @07-10-2021 01:57:13.0332 AM
[ReportManager] Assertion [ValidateElementAttribute] PASSED. Expected [Value Should be 'Automation.*' for the 'text' attribute, element locator 'By.name: q'] and Actual [Automation123]. Comparison Type [MATCHES]. Validation Type [POSITIVE]. @07-10-2021 01:57:13.0421 AM
[ReportManager] Successfully created attachment [Screenshot - 1633571833332_assertElementAttribute_true_regexComparison_expectedToPass_ValidateElementAttribute_passed] @07-10-2021 01:57:13.0422 A
[ReportManager] Browser Action [CloseCurrentWindow] successfully performed. @07-10-2021 01:57:13.0584 AM
[ReportManager] Successfully created attachment [Browser Action Test Data - CloseCurrentWindow - Actual Value] @07-10-2021 01:57:13.0585 A
[ReportManager] File Action [GetAbsolutePath] successfully performed. With the following test data [Relative Folder Path: "target/downloadedFiles/"]. @07-10-2021 01:57:13.0589 AM
[ReportManager] Attempting to run locally on: [Mac-64], [Safari], Headless Execution. @07-10-2021 01:57:13.0589 AM
[ReportManager] Successfully Opened Safari. @07-10-2021 01:57:14.0365 AM
[ReportManager] Initial window size: (800, 600) @07-10-2021 01:57:14.0389 AM
[ReportManager] Window size after SWD Maximize: (1176, 811) @07-10-2021 01:57:14.0402 AM
[ReportManager] Browser Action [MaximizeWindow] successfully performed. With the following test data [New screen size is now: (1176, 811)]. @07-10-2021 01:57:14.0403 AM
[ReportManager] Target URL: [https://www.google.com/ncr], and after redirection: [www.google.com] @07-10-2021 01:57:14.0403 AM
[ReportManager] Initial URL: [] @07-10-2021 01:57:14.0465 AM
[ReportManager] Browser Action [NavigateToURL] successfully performed. With the following test data [https://www.google.com/ncr]. @07-10-2021 01:57:15.0526 A

################################################################################################################################################
Starting Execution:	[45 out of 144] test cases in the current suite
Test Method:		[unitTests.tests_validations_assertions.assertElementAttribute_type_true_literalComparison_expectedToPass]
################################################################################################################################################
[ReportManager] Element Action [Type] successfully performed. With the following test data [Automation!@#$%^&*()_+{}[]\';/.,]. @07-10-2021 01:57:16.0732 AM
[ReportManager] Element Action [GetText] successfully performed. With the following test data [Automation!@#$%^&*()_+{}[]\';/.,]. @07-10-2021 01:57:16.0793 AM
[ReportManager] Loaded Shared OpenCV @07-10-2021 01:57:16.0861 AM
[ReportManager] Assertion [ValidateElementAttribute] PASSED. Expected [Value Should be 'Automation!@#$%^&*()_+{}[]\';/.,' for the 'text' attribute, element locator 'By.name: q'] and Actual [Automation!@#$%^&*()_+{}[]\';/.,]. Comparison Type [EQUALS]. Validation Type [POSITIVE]. @07-10-2021 01:57:16.0954 AM
[ReportManager] Successfully created attachment [Screenshot - 1633571836861_assertElementAttribute_type_true_literalComparison_expectedToPass_ValidateElementAttribute_passed] @07-10-2021 01:57:16.0955 A
[ReportManager] Browser Action [CloseCurrentWindow] successfully performed. @07-10-2021 01:57:17.0136 AM
[ReportManager] Successfully created attachment [Browser Action Test Data - CloseCurrentWindow - Actual Value] @07-10-2021 01:57:17.0137 A
[ReportManager] File Action [GetAbsolutePath] successfully performed. With the following test data [Relative Folder Path: "target/downloadedFiles/"]. @07-10-2021 01:57:17.0141 AM
[ReportManager] Attempting to run locally on: [Mac-64], [Safari], Headless Execution. @07-10-2021 01:57:17.0141 AM
[ReportManager] Successfully Opened Safari. @07-10-2021 01:57:18.0000 AM
[ReportManager] Initial window size: (800, 600) @07-10-2021 01:57:18.0062 AM
[ReportManager] Window size after SWD Maximize: (1176, 811) @07-10-2021 01:57:18.0098 AM
[ReportManager] Browser Action [MaximizeWindow] successfully performed. With the following test data [New screen size is now: (1176, 811)]. @07-10-2021 01:57:18.0098 AM
[ReportManager] Target URL: [https://www.google.com/ncr], and after redirection: [www.google.com] @07-10-2021 01:57:18.0098 AM
[ReportManager] Initial URL: [] @07-10-2021 01:57:18.0135 AM
[ReportManager] Browser Action [NavigateToURL] successfully performed. With the following test data [https://www.google.com/ncr]. @07-10-2021 01:57:19.0035 A

################################################################################################################################################
Starting Execution:	[46 out of 144] test cases in the current suite
Test Method:		[unitTests.tests_validations_assertions.assertElementExists_false_expectedToFail]
################################################################################################################################################
[ReportManager] Assertion [ValidateElementExists] PASSED. Expected [Element Should not Exist, locator 'By.id: hplogo'] and Actual [Element Doesn't Exists]. Comparison Type [EQUALS]. Validation Type [NEGATIVE]. @07-10-2021 01:57:29.0596 AM
[ReportManager] Successfully created attachment [Screenshot - 1633571849524_assertElementExists_false_expectedToFail_ValidateElementExists_passed] @07-10-2021 01:57:29.0597 A
[ReportManager] Browser Action [CloseCurrentWindow] successfully performed. @07-10-2021 01:57:29.0692 AM
[ReportManager] Successfully created attachment [Browser Action Test Data - CloseCurrentWindow - Actual Value] @07-10-2021 01:57:29.0693 A
[ReportManager] File Action [GetAbsolutePath] successfully performed. With the following test data [Relative Folder Path: "target/downloadedFiles/"]. @07-10-2021 01:57:29.0696 AM
[ReportManager] Attempting to run locally on: [Mac-64], [Safari], Headless Execution. @07-10-2021 01:57:29.0697 AM
[ReportManager] Successfully Opened Safari. @07-10-2021 01:57:30.0517 AM
[ReportManager] Initial window size: (800, 600) @07-10-2021 01:57:30.0539 AM
[ReportManager] Window size after SWD Maximize: (1176, 811) @07-10-2021 01:57:30.0557 AM
[ReportManager] Browser Action [MaximizeWindow] successfully performed. With the following test data [New screen size is now: (1176, 811)]. @07-10-2021 01:57:30.0557 AM
[ReportManager] Target URL: [https://www.google.com/ncr], and after redirection: [www.google.com] @07-10-2021 01:57:30.0557 AM
[ReportManager] Initial URL: [] @07-10-2021 01:57:30.0615 AM
[ReportManager] Browser Action [NavigateToURL] successfully performed. With the following test data [https://www.google.com/ncr]. @07-10-2021 01:57:31.0813 A

################################################################################################################################################
Starting Execution:	[47 out of 144] test cases in the current suite
Test Method:		[unitTests.tests_validations_assertions.assertElementExists_false_expectedToPass]
################################################################################################################################################
[ReportManager] Assertion [ValidateElementExists] PASSED. Expected [Element Should not Exist, locator 'By.id: fakeElement'] and Actual [Element Doesn't Exists]. Comparison Type [EQUALS]. Validation Type [NEGATIVE]. @07-10-2021 01:57:42.0332 AM
[ReportManager] Successfully created attachment [Screenshot - 1633571862263_assertElementExists_false_expectedToPass_ValidateElementExists_passed] @07-10-2021 01:57:42.0333 A
[ReportManager] Browser Action [CloseCurrentWindow] successfully performed. @07-10-2021 01:57:42.0482 AM
[ReportManager] Successfully created attachment [Browser Action Test Data - CloseCurrentWindow - Actual Value] @07-10-2021 01:57:42.0483 A
[ReportManager] File Action [GetAbsolutePath] successfully performed. With the following test data [Relative Folder Path: "target/downloadedFiles/"]. @07-10-2021 01:57:42.0486 AM
[ReportManager] Attempting to run locally on: [Mac-64], [Safari], Headless Execution. @07-10-2021 01:57:42.0486 AM
[ReportManager] Successfully Opened Safari. @07-10-2021 01:57:43.0303 AM
[ReportManager] Initial window size: (800, 600) @07-10-2021 01:57:43.0328 AM
[ReportManager] Window size after SWD Maximize: (1176, 811) @07-10-2021 01:57:43.0340 AM
[ReportManager] Browser Action [MaximizeWindow] successfully performed. With the following test data [New screen size is now: (1176, 811)]. @07-10-2021 01:57:43.0340 AM
[ReportManager] Target URL: [https://www.google.com/ncr], and after redirection: [www.google.com] @07-10-2021 01:57:43.0340 AM
[ReportManager] Initial URL: [] @07-10-2021 01:57:43.0405 AM
[ReportManager] Browser Action [NavigateToURL] successfully performed. With the following test data [https://www.google.com/ncr]. @07-10-2021 01:57:44.0792 A

################################################################################################################################################
Starting Execution:	[48 out of 144] test cases in the current suite
Test Method:		[unitTests.tests_validations_assertions.assertElementExists_false_multipleElementsFound_expectedToFail]
################################################################################################################################################
[ReportManager] Assertion [ValidateElementExists] FAILED. Expected [Element Should not Exist, locator 'By.xpath: //div'] and Actual [Element Exists but is not unique]. Comparison Type [EQUALS]. Validation Type [NEGATIVE]. @07-10-2021 01:57:44.0935 AM
[ReportManager] Successfully created attachment [Screenshot - 1633571864860_assertElementExists_false_multipleElementsFound_expectedToFail_ValidateElementExists_failed] @07-10-2021 01:57:44.0936 A
[ReportManager] Browser Action [CloseCurrentWindow] successfully performed. @07-10-2021 01:57:45.0068 AM
[ReportManager] Successfully created attachment [Browser Action Test Data - CloseCurrentWindow - Actual Value] @07-10-2021 01:57:45.0069 A
[ReportManager] File Action [GetAbsolutePath] successfully performed. With the following test data [Relative Folder Path: "target/downloadedFiles/"]. @07-10-2021 01:57:45.0072 AM
[ReportManager] Attempting to run locally on: [Mac-64], [Safari], Headless Execution. @07-10-2021 01:57:45.0072 AM
[ReportManager] Successfully Opened Safari. @07-10-2021 01:57:45.0853 AM
[ReportManager] Initial window size: (800, 600) @07-10-2021 01:57:45.0870 AM
[ReportManager] Window size after SWD Maximize: (1176, 811) @07-10-2021 01:57:45.0886 AM
[ReportManager] Browser Action [MaximizeWindow] successfully performed. With the following test data [New screen size is now: (1176, 811)]. @07-10-2021 01:57:45.0886 AM
[ReportManager] Target URL: [https://www.google.com/ncr], and after redirection: [www.google.com] @07-10-2021 01:57:45.0886 AM
[ReportManager] Initial URL: [] @07-10-2021 01:57:45.0926 AM
[ReportManager] Browser Action [NavigateToURL] successfully performed. With the following test data [https://www.google.com/ncr]. @07-10-2021 01:57:47.0139 A

################################################################################################################################################
Starting Execution:	[49 out of 144] test cases in the current suite
Test Method:		[unitTests.tests_validations_assertions.assertElementExists_true_expectedToFail]
################################################################################################################################################
[ReportManager] Assertion [ValidateElementExists] FAILED. Expected [Element Should Exist, locator 'By.id: fakeElement'] and Actual [Element Doesn't Exists]. Comparison Type [EQUALS]. Validation Type [POSITIVE]. @07-10-2021 01:58:18.0240 AM
[ReportManager] Successfully created attachment [Screenshot - 1633571898170_assertElementExists_true_expectedToFail_ValidateElementExists_failed] @07-10-2021 01:58:18.0241 A
[ReportManager] Browser Action [CloseCurrentWindow] successfully performed. @07-10-2021 01:58:18.0551 AM
[ReportManager] Successfully created attachment [Browser Action Test Data - CloseCurrentWindow - Actual Value] @07-10-2021 01:58:18.0552 A
[ReportManager] File Action [GetAbsolutePath] successfully performed. With the following test data [Relative Folder Path: "target/downloadedFiles/"]. @07-10-2021 01:58:18.0556 AM
[ReportManager] Attempting to run locally on: [Mac-64], [Safari], Headless Execution. @07-10-2021 01:58:18.0556 AM
[ReportManager] Successfully Opened Safari. @07-10-2021 01:58:19.0312 AM
[ReportManager] Initial window size: (800, 600) @07-10-2021 01:58:19.0385 AM
[ReportManager] Window size after SWD Maximize: (1176, 811) @07-10-2021 01:58:19.0437 AM
[ReportManager] Browser Action [MaximizeWindow] successfully performed. With the following test data [New screen size is now: (1176, 811)]. @07-10-2021 01:58:19.0438 AM
[ReportManager] Target URL: [https://www.google.com/ncr], and after redirection: [www.google.com] @07-10-2021 01:58:19.0438 AM
[ReportManager] Initial URL: [] @07-10-2021 01:58:19.0475 AM
[ReportManager] Browser Action [NavigateToURL] successfully performed. With the following test data [https://www.google.com/ncr]. @07-10-2021 01:58:20.0389 A

################################################################################################################################################
Starting Execution:	[50 out of 144] test cases in the current suite
Test Method:		[unitTests.tests_validations_assertions.assertElementExists_true_expectedToPass]
################################################################################################################################################
[ReportManager] Loaded Shared OpenCV @07-10-2021 01:58:20.0699 AM
[ReportManager] Assertion [ValidateElementExists] PASSED. Expected [Element Should Exist, locator 'By.xpath: //*[@id='hplogo' or @alt='Google']'] and Actual [Element Exists]. Comparison Type [EQUALS]. Validation Type [POSITIVE]. @07-10-2021 01:58:20.0787 AM
[ReportManager] Successfully created attachment [Screenshot - 1633571900699_assertElementExists_true_expectedToPass_ValidateElementExists_passed] @07-10-2021 01:58:20.0788 A
[ReportManager] Browser Action [CloseCurrentWindow] successfully performed. @07-10-2021 01:58:20.0996 AM
[ReportManager] Successfully created attachment [Browser Action Test Data - CloseCurrentWindow - Actual Value] @07-10-2021 01:58:20.0997 A
[ReportManager] File Action [GetAbsolutePath] successfully performed. With the following test data [Relative Folder Path: "target/downloadedFiles/"]. @07-10-2021 01:58:21.0000 AM
[ReportManager] Attempting to run locally on: [Mac-64], [Safari], Headless Execution. @07-10-2021 01:58:21.0000 AM
[ReportManager] Successfully Opened Safari. @07-10-2021 01:58:21.0762 AM
[ReportManager] Initial window size: (800, 600) @07-10-2021 01:58:21.0772 AM
[ReportManager] Window size after SWD Maximize: (1176, 811) @07-10-2021 01:58:21.0790 AM
[ReportManager] Browser Action [MaximizeWindow] successfully performed. With the following test data [New screen size is now: (1176, 811)]. @07-10-2021 01:58:21.0791 AM
[ReportManager] Target URL: [https://www.google.com/ncr], and after redirection: [www.google.com] @07-10-2021 01:58:21.0791 AM
[ReportManager] Initial URL: [] @07-10-2021 01:58:21.0854 AM
[ReportManager] Browser Action [NavigateToURL] successfully performed. With the following test data [https://www.google.com/ncr]. @07-10-2021 01:58:23.0097 A

################################################################################################################################################
Starting Execution:	[51 out of 144] test cases in the current suite
Test Method:		[unitTests.tests_validations_assertions.assertElementExists_true_multipleElementsFound_expectedToFail]
################################################################################################################################################
[ReportManager] Assertion [ValidateElementExists] FAILED. Expected [Element Should Exist, locator 'By.xpath: //div'] and Actual [Element Exists but is not unique]. Comparison Type [EQUALS]. Validation Type [POSITIVE]. @07-10-2021 01:58:23.0248 AM
[ReportManager] Successfully created attachment [Screenshot - 1633571903177_assertElementExists_true_multipleElementsFound_expectedToFail_ValidateElementExists_failed] @07-10-2021 01:58:23.0249 A
[ReportManager] Browser Action [CloseCurrentWindow] successfully performed. @07-10-2021 01:58:23.0349 AM
[ReportManager] Successfully created attachment [Browser Action Test Data - CloseCurrentWindow - Actual Value] @07-10-2021 01:58:23.0350 A

################################################################################################################################################
Starting Execution:	[52 out of 144] test cases in the current suite
Test Method:		[unitTests.tests_validations_assertions.assertEquals_false_expectedToFail]
################################################################################################################################################
[ReportManager] Assertion [ValidateEquals] FAILED. Expected [1] and Actual [1]. Comparison Type [EQUALS]. Validation Type [NEGATIVE]. @07-10-2021 01:58:23.0354 A

################################################################################################################################################
Starting Execution:	[53 out of 144] test cases in the current suite
Test Method:		[unitTests.tests_validations_assertions.assertEquals_false_expectedToPass]
################################################################################################################################################
[ReportManager] Assertion [ValidateEquals] PASSED. Expected [1] and Actual [2]. Comparison Type [EQUALS]. Validation Type [NEGATIVE]. @07-10-2021 01:58:23.0358 A

################################################################################################################################################
Starting Execution:	[54 out of 144] test cases in the current suite
Test Method:		[unitTests.tests_validations_assertions.assertEquals_longCharacters]
################################################################################################################################################
[ReportManager] Verification [ValidateEquals] PASSED. Expected and Actual values are attached. Comparison Type [EQUALS]. Validation Type [POSITIVE]. @07-10-2021 01:58:23.0364 AM
[ReportManager] Successfully created attachment [Validation Test Data - Expected Value] @07-10-2021 01:58:23.0365 AM
[ReportManager] Successfully created attachment [Validation Test Data - Actual Value] @07-10-2021 01:58:23.0365 AM
[ReportManager] Assertion [ValidateEquals] PASSED. Expected and Actual values are attached. Comparison Type [EQUALS]. Validation Type [POSITIVE]. @07-10-2021 01:58:23.0366 AM
[ReportManager] Successfully created attachment [Validation Test Data - Expected Value] @07-10-2021 01:58:23.0366 AM
[ReportManager] Successfully created attachment [Validation Test Data - Actual Value] @07-10-2021 01:58:23.0366 A

################################################################################################################################################
Starting Execution:	[55 out of 144] test cases in the current suite
Test Method:		[unitTests.tests_validations_assertions.assertEquals_longCharacters_Discreet]
################################################################################################################################################
[ReportManager] Assertion [ValidateEquals] PASSED. Expected [1LH5pROcDBjjQk0t0mCr0lXuzQu9lcGj28kY8R1H81X67eVAQJgWQhILiRWVPUgZ6uCtK5cnBkF55Jr9vYngjGO1Iyf0Mktv6lruDlL9T8MAUPcUZJGHZtji6nIeadujDSNmWMj5d6C8zlFqw0CRqBU0hO5adIasHgBSNoLotAjce3NGXoDwAlp3rYreeV16VIyZXROQY] and Actual [1LH5pROcDBjjQk0t0mCr0lXuzQu9lcGj28kY8R1H81X67eVAQJgWQhILiRWVPUgZ6uCtK5cnBkF55Jr9vYngjGO1Iyf0Mktv6lruDlL9T8MAUPcUZJGHZtji6nIeadujDSNmWMj5d6C8zlFqw0CRqBU0hO5adIasHgBSNoLotAjce3NGXoDwAlp3rYreeV16VIyZXROQY]. Comparison Type [EQUALS]. Validation Type [POSITIVE]. @07-10-2021 01:58:23.0373 A

################################################################################################################################################
Starting Execution:	[56 out of 144] test cases in the current suite
Test Method:		[unitTests.tests_validations_assertions.assertEquals_true_expectedToFail]
################################################################################################################################################
[ReportManager] Assertion [ValidateEquals] FAILED. Expected [1] and Actual [2]. Comparison Type [EQUALS]. Validation Type [POSITIVE]. @07-10-2021 01:58:23.0377 A

################################################################################################################################################
Starting Execution:	[57 out of 144] test cases in the current suite
Test Method:		[unitTests.tests_validations_assertions.assertEquals_true_expectedToPass]
Test Description:	[Assert that assertEquals works as expected when the two values are equal.]
################################################################################################################################################
[ReportManager] Verification [ValidateEquals] PASSED. Expected [1] and Actual [1]. Comparison Type [EQUALS]. Validation Type [POSITIVE]. @07-10-2021 01:58:23.0386 AM
[ReportManager] Assertion [ValidateEquals] PASSED. Expected [1] and Actual [1]. Comparison Type [EQUALS]. Validation Type [POSITIVE]. @07-10-2021 01:58:23.0386 A

################################################################################################################################################
Starting Execution:	[58 out of 144] test cases in the current suite
Test Method:		[unitTests.tests_validations_assertions.assertEquals_true_expectedToPass__]
################################################################################################################################################
[ReportManager] Assertion [ValidateEquals] PASSED. Expected [1] and Actual [1]. Comparison Type [EQUALS]. Validation Type [POSITIVE]. @07-10-2021 01:58:23.0390 A

################################################################################################################################################
Starting Execution:	[59 out of 144] test cases in the current suite
Test Method:		[unitTests.tests_validations_assertions.assertFileExists_false_expectedToFail]
################################################################################################################################################
[ReportManager] File Action [DoesFileExist] successfully performed. With the following test data [File Path: "src/main/java/com/shaft/gui/element/ElementActions.java"]. @07-10-2021 01:58:23.0395 AM
[ReportManager] Assertion [ValidateFileExists] FAILED. Expected [File 'src/main/java/com/shaft/gui/element/ElementActions.java' should not exist, after up to '1' retries] and Actual [File exists]. Validation Type [NEGATIVE]. @07-10-2021 01:58:23.0404 A

################################################################################################################################################
Starting Execution:	[60 out of 144] test cases in the current suite
Test Method:		[unitTests.tests_validations_assertions.assertFileExists_false_expectedToPass]
################################################################################################################################################
[ReportManager] File Action [DoesFileExist] successfully performed. With the following test data [File Path: "src/main/java/com/shaft/gui/element/ElementActions.java_fail"]. @07-10-2021 01:58:23.0910 AM
[ReportManager] Assertion [ValidateFileExists] PASSED. Expected [File 'src/main/java/com/shaft/gui/element/ElementActions.java_fail' should not exist, after up to '1' retries] and Actual [File does not exist]. Validation Type [NEGATIVE]. @07-10-2021 01:58:23.0910 A

################################################################################################################################################
Starting Execution:	[61 out of 144] test cases in the current suite
Test Method:		[unitTests.tests_validations_assertions.assertFileExists_true_expectedToFail]
################################################################################################################################################
[ReportManager] File Action [DoesFileExist] successfully performed. With the following test data [File Path: "src/main/java/com/shaft/gui/element/ElementActions.java_fail"]. @07-10-2021 01:58:24.0414 AM
[ReportManager] Assertion [ValidateFileExists] FAILED. Expected [File 'src/main/java/com/shaft/gui/element/ElementActions.java_fail' should exist, after up to '1' retries] and Actual [File does not exist]. Validation Type [POSITIVE]. @07-10-2021 01:58:24.0415 A

################################################################################################################################################
Starting Execution:	[62 out of 144] test cases in the current suite
Test Method:		[unitTests.tests_validations_assertions.assertFileExists_true_expectedToPass]
################################################################################################################################################
[ReportManager] File Action [DoesFileExist] successfully performed. With the following test data [File Path: "src/main/java/com/shaft/gui/element/ElementActions.java"]. @07-10-2021 01:58:24.0418 AM
[ReportManager] Assertion [ValidateFileExists] PASSED. Expected [File 'src/main/java/com/shaft/gui/element/ElementActions.java' should exist, after up to '1' retries] and Actual [File exists]. Validation Type [POSITIVE]. @07-10-2021 01:58:24.0419 A

################################################################################################################################################
Starting Execution:	[63 out of 144] test cases in the current suite
Test Method:		[unitTests.tests_validations_assertions.assertNull_false_expectedToFail]
################################################################################################################################################
[ReportManager] Assertion [ValidateNull] FAILED. Expected [NULL] and Actual [NULL]. Comparison Type [EQUALS]. Validation Type [NEGATIVE]. @07-10-2021 01:58:24.0423 A

################################################################################################################################################
Starting Execution:	[64 out of 144] test cases in the current suite
Test Method:		[unitTests.tests_validations_assertions.assertNull_false_expectedToPass]
################################################################################################################################################
[ReportManager] Assertion [ValidateNull] PASSED. Expected [NULL] and Actual [1]. Comparison Type [EQUALS]. Validation Type [NEGATIVE]. @07-10-2021 01:58:24.0426 A

################################################################################################################################################
Starting Execution:	[65 out of 144] test cases in the current suite
Test Method:		[unitTests.tests_validations_assertions.assertNull_true_expectedToFail]
################################################################################################################################################
[ReportManager] Assertion [ValidateNull] FAILED. Expected [NULL] and Actual [1]. Comparison Type [EQUALS]. Validation Type [POSITIVE]. @07-10-2021 01:58:24.0430 A

################################################################################################################################################
Starting Execution:	[66 out of 144] test cases in the current suite
Test Method:		[unitTests.tests_validations_assertions.assertNull_true_expectedToPass]
################################################################################################################################################
[ReportManager] Assertion [ValidateNull] PASSED. Expected [NULL] and Actual [NULL]. Comparison Type [EQUALS]. Validation Type [POSITIVE]. @07-10-2021 01:58:24.0433 A

################################################################################################################################################
Starting Execution:	[67 out of 144] test cases in the current suite
Test Method:		[unitTests.tests_restActions.getPostsAndAssertBodyForSpecificTitle]
################################################################################################################################################
[ReportManager] Response status code: [200], status line: [HTTP/1.1 200 OK] @07-10-2021 01:58:26.0418 AM
[ReportManager] Assertion Passed: Evaluating the actual response status code against the expected one... @07-10-2021 01:58:26.0418 AM
[ReportManager] Assertion [ValidateEquals] PASSED. Expected [200] and Actual [200]. Comparison Type [EQUALS]. Validation Type [POSITIVE]. @07-10-2021 01:58:26.0418 AM
[ReportManager] API Action [PerformRequest] successfully performed. With the following test data [Request Type: "GET" | Target Status Code: "200" | Service URL: "https://jsonplaceholder.typicode.com/posts" | Content Type: "*/*" | Response Time: "636ms"]. @07-10-2021 01:58:27.0476 AM
[ReportManager] Successfully created attachment [API Request - Specifications] @07-10-2021 01:58:27.0476 AM
[ReportManager] Successfully created attachment [API Response - JSON Body] @07-10-2021 01:58:27.0768 AM
[ReportManager] API Action [GetResponseJSONValueAsList] successfully performed. @07-10-2021 01:58:27.0792 AM
[ReportManager] API Action [GetResponseJSONValue] successfully performed. With the following test data [title]. @07-10-2021 01:58:27.0815 AM
[ReportManager] API Action [GetResponseJSONValue] successfully performed. With the following test data [title]. @07-10-2021 01:58:27.0831 AM
[ReportManager] API Action [GetResponseJSONValue] successfully performed. With the following test data [body]. @07-10-2021 01:58:27.0844 AM
[ReportManager] Assertion [ValidateEquals] PASSED. Expected [qui neque nisi nulla] and Actual [est rerum tempore vitae
sequi sint nihil reprehenderit dolor beatae ea dolores neque
fugiat blanditiis voluptate porro vel nihil molestiae ut reiciendis
qui aperiam non debitis possimus qui neque nisi nulla]. Comparison Type [CONTAINS]. Validation Type [POSITIVE]. @07-10-2021 01:58:27.0845 AM
[ReportManager] API Action [GetResponseJSONValue] successfully performed. With the following test data [title]. @07-10-2021 01:58:27.0859 AM
[ReportManager] API Action [GetResponseJSONValue] successfully performed. With the following test data [title]. @07-10-2021 01:58:27.0873 AM
[ReportManager] API Action [GetResponseJSONValue] successfully performed. With the following test data [title]. @07-10-2021 01:58:27.0886 AM
[ReportManager] API Action [GetResponseJSONValue] successfully performed. With the following test data [title]. @07-10-2021 01:58:27.0900 AM
[ReportManager] API Action [GetResponseJSONValue] successfully performed. With the following test data [title]. @07-10-2021 01:58:27.0914 AM
[ReportManager] API Action [GetResponseJSONValue] successfully performed. With the following test data [title]. @07-10-2021 01:58:27.0929 AM
[ReportManager] API Action [GetResponseJSONValue] successfully performed. With the following test data [title]. @07-10-2021 01:58:27.0942 AM
[ReportManager] API Action [GetResponseJSONValue] successfully performed. With the following test data [title]. @07-10-2021 01:58:27.0955 AM
[ReportManager] API Action [GetResponseJSONValue] successfully performed. With the following test data [title]. @07-10-2021 01:58:27.0968 AM
[ReportManager] API Action [GetResponseJSONValue] successfully performed. With the following test data [title]. @07-10-2021 01:58:27.0982 AM
[ReportManager] API Action [GetResponseJSONValue] successfully performed. With the following test data [title]. @07-10-2021 01:58:28.0005 AM
[ReportManager] API Action [GetResponseJSONValue] successfully performed. With the following test data [title]. @07-10-2021 01:58:28.0022 AM
[ReportManager] API Action [GetResponseJSONValue] successfully performed. With the following test data [title]. @07-10-2021 01:58:28.0038 AM
[ReportManager] API Action [GetResponseJSONValue] successfully performed. With the following test data [title]. @07-10-2021 01:58:28.0052 AM
[ReportManager] API Action [GetResponseJSONValue] successfully performed. With the following test data [title]. @07-10-2021 01:58:28.0067 AM
[ReportManager] API Action [GetResponseJSONValue] successfully performed. With the following test data [title]. @07-10-2021 01:58:28.0083 AM
[ReportManager] API Action [GetResponseJSONValue] successfully performed. With the following test data [title]. @07-10-2021 01:58:28.0098 AM
[ReportManager] API Action [GetResponseJSONValue] successfully performed. With the following test data [title]. @07-10-2021 01:58:28.0116 AM
[ReportManager] API Action [GetResponseJSONValue] successfully performed. With the following test data [title]. @07-10-2021 01:58:28.0134 AM
[ReportManager] API Action [GetResponseJSONValue] successfully performed. With the following test data [title]. @07-10-2021 01:58:28.0151 AM
[ReportManager] API Action [GetResponseJSONValue] successfully performed. With the following test data [title]. @07-10-2021 01:58:28.0165 AM
[ReportManager] API Action [GetResponseJSONValue] successfully performed. With the following test data [title]. @07-10-2021 01:58:28.0177 AM
[ReportManager] API Action [GetResponseJSONValue] successfully performed. With the following test data [title]. @07-10-2021 01:58:28.0189 AM
[ReportManager] API Action [GetResponseJSONValue] successfully performed. With the following test data [title]. @07-10-2021 01:58:28.0202 AM
[ReportManager] API Action [GetResponseJSONValue] successfully performed. With the following test data [title]. @07-10-2021 01:58:28.0215 AM
[ReportManager] API Action [GetResponseJSONValue] successfully performed. With the following test data [title]. @07-10-2021 01:58:28.0227 AM
[ReportManager] API Action [GetResponseJSONValue] successfully performed. With the following test data [title]. @07-10-2021 01:58:28.0239 AM
[ReportManager] API Action [GetResponseJSONValue] successfully performed. With the following test data [title]. @07-10-2021 01:58:28.0252 AM
[ReportManager] API Action [GetResponseJSONValue] successfully performed. With the following test data [title]. @07-10-2021 01:58:28.0263 AM
[ReportManager] API Action [GetResponseJSONValue] successfully performed. With the following test data [title]. @07-10-2021 01:58:28.0275 AM
[ReportManager] API Action [GetResponseJSONValue] successfully performed. With the following test data [title]. @07-10-2021 01:58:28.0287 AM
[ReportManager] API Action [GetResponseJSONValue] successfully performed. With the following test data [title]. @07-10-2021 01:58:28.0299 AM
[ReportManager] API Action [GetResponseJSONValue] successfully performed. With the following test data [title]. @07-10-2021 01:58:28.0312 AM
[ReportManager] API Action [GetResponseJSONValue] successfully performed. With the following test data [title]. @07-10-2021 01:58:28.0324 AM
[ReportManager] API Action [GetResponseJSONValue] successfully performed. With the following test data [title]. @07-10-2021 01:58:28.0336 AM
[ReportManager] API Action [GetResponseJSONValue] successfully performed. With the following test data [title]. @07-10-2021 01:58:28.0348 AM
[ReportManager] API Action [GetResponseJSONValue] successfully performed. With the following test data [title]. @07-10-2021 01:58:28.0364 AM
[ReportManager] API Action [GetResponseJSONValue] successfully performed. With the following test data [title]. @07-10-2021 01:58:28.0388 AM
[ReportManager] API Action [GetResponseJSONValue] successfully performed. With the following test data [title]. @07-10-2021 01:58:28.0420 AM
[ReportManager] API Action [GetResponseJSONValue] successfully performed. With the following test data [title]. @07-10-2021 01:58:28.0437 AM
[ReportManager] API Action [GetResponseJSONValue] successfully performed. With the following test data [title]. @07-10-2021 01:58:28.0449 AM
[ReportManager] API Action [GetResponseJSONValue] successfully performed. With the following test data [title]. @07-10-2021 01:58:28.0462 AM
[ReportManager] API Action [GetResponseJSONValue] successfully performed. With the following test data [title]. @07-10-2021 01:58:28.0475 AM
[ReportManager] API Action [GetResponseJSONValue] successfully performed. With the following test data [title]. @07-10-2021 01:58:28.0488 AM
[ReportManager] API Action [GetResponseJSONValue] successfully performed. With the following test data [title]. @07-10-2021 01:58:28.0502 AM
[ReportManager] API Action [GetResponseJSONValue] successfully performed. With the following test data [title]. @07-10-2021 01:58:28.0515 AM
[ReportManager] API Action [GetResponseJSONValue] successfully performed. With the following test data [title]. @07-10-2021 01:58:28.0528 AM
[ReportManager] API Action [GetResponseJSONValue] successfully performed. With the following test data [title]. @07-10-2021 01:58:28.0541 AM
[ReportManager] API Action [GetResponseJSONValue] successfully performed. With the following test data [title]. @07-10-2021 01:58:28.0554 AM
[ReportManager] API Action [GetResponseJSONValue] successfully performed. With the following test data [title]. @07-10-2021 01:58:28.0567 AM
[ReportManager] API Action [GetResponseJSONValue] successfully performed. With the following test data [title]. @07-10-2021 01:58:28.0581 AM
[ReportManager] API Action [GetResponseJSONValue] successfully performed. With the following test data [title]. @07-10-2021 01:58:28.0593 AM
[ReportManager] API Action [GetResponseJSONValue] successfully performed. With the following test data [title]. @07-10-2021 01:58:28.0605 AM
[ReportManager] API Action [GetResponseJSONValue] successfully performed. With the following test data [title]. @07-10-2021 01:58:28.0617 AM
[ReportManager] API Action [GetResponseJSONValue] successfully performed. With the following test data [title]. @07-10-2021 01:58:28.0629 AM
[ReportManager] API Action [GetResponseJSONValue] successfully performed. With the following test data [title]. @07-10-2021 01:58:28.0641 AM
[ReportManager] API Action [GetResponseJSONValue] successfully performed. With the following test data [title]. @07-10-2021 01:58:28.0652 AM
[ReportManager] API Action [GetResponseJSONValue] successfully performed. With the following test data [title]. @07-10-2021 01:58:28.0664 AM
[ReportManager] API Action [GetResponseJSONValue] successfully performed. With the following test data [title]. @07-10-2021 01:58:28.0677 AM
[ReportManager] API Action [GetResponseJSONValue] successfully performed. With the following test data [title]. @07-10-2021 01:58:28.0719 AM
[ReportManager] API Action [GetResponseJSONValue] successfully performed. With the following test data [title]. @07-10-2021 01:58:28.0734 AM
[ReportManager] API Action [GetResponseJSONValue] successfully performed. With the following test data [title]. @07-10-2021 01:58:28.0746 AM
[ReportManager] API Action [GetResponseJSONValue] successfully performed. With the following test data [title]. @07-10-2021 01:58:28.0758 AM
[ReportManager] API Action [GetResponseJSONValue] successfully performed. With the following test data [title]. @07-10-2021 01:58:28.0770 AM
[ReportManager] API Action [GetResponseJSONValue] successfully performed. With the following test data [title]. @07-10-2021 01:58:28.0784 AM
[ReportManager] API Action [GetResponseJSONValue] successfully performed. With the following test data [title]. @07-10-2021 01:58:28.0798 AM
[ReportManager] API Action [GetResponseJSONValue] successfully performed. With the following test data [title]. @07-10-2021 01:58:28.0810 AM
[ReportManager] API Action [GetResponseJSONValue] successfully performed. With the following test data [title]. @07-10-2021 01:58:28.0822 AM
[ReportManager] API Action [GetResponseJSONValue] successfully performed. With the following test data [title]. @07-10-2021 01:58:28.0839 AM
[ReportManager] API Action [GetResponseJSONValue] successfully performed. With the following test data [title]. @07-10-2021 01:58:28.0852 AM
[ReportManager] API Action [GetResponseJSONValue] successfully performed. With the following test data [title]. @07-10-2021 01:58:28.0864 AM
[ReportManager] API Action [GetResponseJSONValue] successfully performed. With the following test data [title]. @07-10-2021 01:58:28.0876 AM
[ReportManager] API Action [GetResponseJSONValue] successfully performed. With the following test data [title]. @07-10-2021 01:58:28.0888 AM
[ReportManager] API Action [GetResponseJSONValue] successfully performed. With the following test data [title]. @07-10-2021 01:58:28.0899 AM
[ReportManager] API Action [GetResponseJSONValue] successfully performed. With the following test data [title]. @07-10-2021 01:58:28.0912 AM
[ReportManager] API Action [GetResponseJSONValue] successfully performed. With the following test data [title]. @07-10-2021 01:58:28.0924 AM
[ReportManager] API Action [GetResponseJSONValue] successfully performed. With the following test data [title]. @07-10-2021 01:58:28.0952 AM
[ReportManager] API Action [GetResponseJSONValue] successfully performed. With the following test data [title]. @07-10-2021 01:58:28.0964 AM
[ReportManager] API Action [GetResponseJSONValue] successfully performed. With the following test data [title]. @07-10-2021 01:58:28.0975 AM
[ReportManager] API Action [GetResponseJSONValue] successfully performed. With the following test data [title]. @07-10-2021 01:58:28.0987 AM
[ReportManager] API Action [GetResponseJSONValue] successfully performed. With the following test data [title]. @07-10-2021 01:58:28.0997 AM
[ReportManager] API Action [GetResponseJSONValue] successfully performed. With the following test data [title]. @07-10-2021 01:58:29.0007 AM
[ReportManager] API Action [GetResponseJSONValue] successfully performed. With the following test data [title]. @07-10-2021 01:58:29.0017 AM
[ReportManager] API Action [GetResponseJSONValue] successfully performed. With the following test data [title]. @07-10-2021 01:58:29.0027 AM
[ReportManager] API Action [GetResponseJSONValue] successfully performed. With the following test data [title]. @07-10-2021 01:58:29.0038 AM
[ReportManager] API Action [GetResponseJSONValue] successfully performed. With the following test data [title]. @07-10-2021 01:58:29.0048 AM
[ReportManager] API Action [GetResponseJSONValue] successfully performed. With the following test data [title]. @07-10-2021 01:58:29.0058 AM
[ReportManager] API Action [GetResponseJSONValue] successfully performed. With the following test data [title]. @07-10-2021 01:58:29.0069 AM
[ReportManager] API Action [GetResponseJSONValue] successfully performed. With the following test data [title]. @07-10-2021 01:58:29.0079 AM
[ReportManager] API Action [GetResponseJSONValue] successfully performed. With the following test data [title]. @07-10-2021 01:58:29.0095 AM
[ReportManager] API Action [GetResponseJSONValue] successfully performed. With the following test data [title]. @07-10-2021 01:58:29.0112 AM
[ReportManager] API Action [GetResponseJSONValue] successfully performed. With the following test data [title]. @07-10-2021 01:58:29.0142 AM
[ReportManager] API Action [GetResponseJSONValue] successfully performed. With the following test data [title]. @07-10-2021 01:58:29.0153 AM
[ReportManager] API Action [GetResponseJSONValue] successfully performed. With the following test data [title]. @07-10-2021 01:58:29.0165 AM
[ReportManager] API Action [GetResponseJSONValue] successfully performed. With the following test data [title]. @07-10-2021 01:58:29.0175 AM
[ReportManager] API Action [GetResponseJSONValue] successfully performed. With the following test data [title]. @07-10-2021 01:58:29.0186 AM
[ReportManager] API Action [GetResponseJSONValue] successfully performed. With the following test data [title]. @07-10-2021 01:58:29.0197 AM
[ReportManager] API Action [GetResponseJSONValue] successfully performed. With the following test data [title]. @07-10-2021 01:58:29.0208 A

################################################################################################################################################
Starting Execution:	[68 out of 144] test cases in the current suite
Test Method:		[unitTests.tests_restActions.validateUserEmail]
################################################################################################################################################
[ReportManager] Response status code: [200], status line: [HTTP/1.1 200 OK] @07-10-2021 01:58:29.0263 AM
[ReportManager] Assertion Passed: Evaluating the actual response status code against the expected one... @07-10-2021 01:58:29.0264 AM
[ReportManager] Assertion [ValidateEquals] PASSED. Expected [200] and Actual [200]. Comparison Type [EQUALS]. Validation Type [POSITIVE]. @07-10-2021 01:58:29.0264 AM
[ReportManager] API Action [PerformRequest] successfully performed. With the following test data [Request Type: "GET" | Target Status Code: "200" | Service URL: "https://jsonplaceholder.typicode.com/users" | Content Type: "*/*" | Response Time: "45ms"]. @07-10-2021 01:58:29.0284 AM
[ReportManager] Successfully created attachment [API Request - Specifications] @07-10-2021 01:58:29.0285 AM
[ReportManager] Successfully created attachment [API Response - JSON Body] @07-10-2021 01:58:29.0285 AM
[ReportManager] Assertion [ValidateEquals] PASSED. Expected and Actual values are attached. Comparison Type [CONTAINS]. Validation Type [POSITIVE]. @07-10-2021 01:58:29.0286 AM
[ReportManager] Successfully created attachment [Validation Test Data - Expected Value] @07-10-2021 01:58:29.0286 AM
[ReportManager] Successfully created attachment [Validation Test Data - Actual Value] @07-10-2021 01:58:29.0287 AM
[ReportManager] API Action [GetResponseJSONValueAsList] successfully performed. With the following test data [$]. @07-10-2021 01:58:29.0293 AM
[ReportManager] API Action [GetResponseJSONValue] successfully performed. With the following test data [name]. @07-10-2021 01:58:29.0304 AM
[ReportManager] API Action [GetResponseJSONValue] successfully performed. With the following test data [email]. @07-10-2021 01:58:29.0315 AM
[ReportManager] Assertion [ValidateEquals] PASSED. Expected [Sincere@april.biz] and Actual [Sincere@april.biz]. Comparison Type [EQUALS]. Validation Type [POSITIVE]. @07-10-2021 01:58:29.0316 AM
[ReportManager] API Action [GetResponseJSONValue] successfully performed. With the following test data [name]. @07-10-2021 01:58:29.0328 AM
[ReportManager] API Action [GetResponseJSONValue] successfully performed. With the following test data [name]. @07-10-2021 01:58:29.0338 AM
[ReportManager] API Action [GetResponseJSONValue] successfully performed. With the following test data [name]. @07-10-2021 01:58:29.0348 AM
[ReportManager] API Action [GetResponseJSONValue] successfully performed. With the following test data [name]. @07-10-2021 01:58:29.0358 AM
[ReportManager] API Action [GetResponseJSONValue] successfully performed. With the following test data [name]. @07-10-2021 01:58:29.0368 AM
[ReportManager] API Action [GetResponseJSONValue] successfully performed. With the following test data [name]. @07-10-2021 01:58:29.0378 AM
[ReportManager] API Action [GetResponseJSONValue] successfully performed. With the following test data [name]. @07-10-2021 01:58:29.0388 AM
[ReportManager] API Action [GetResponseJSONValue] successfully performed. With the following test data [name]. @07-10-2021 01:58:29.0398 AM
[ReportManager] API Action [GetResponseJSONValue] successfully performed. With the following test data [name]. @07-10-2021 01:58:29.0408 A
[ReportManager] File Action [GetAbsolutePath] successfully performed. With the following test data [Relative Folder Path: "target/downloadedFiles/"]. @07-10-2021 01:58:29.0411 AM
[ReportManager] Attempting to run locally on: [Mac-64], [Safari], Headless Execution. @07-10-2021 01:58:29.0412 AM
[ReportManager] Successfully Opened Safari. @07-10-2021 01:58:30.0184 AM
[ReportManager] Initial window size: (800, 600) @07-10-2021 01:58:30.0262 AM
[ReportManager] Window size after SWD Maximize: (1176, 811) @07-10-2021 01:58:30.0289 AM
[ReportManager] Browser Action [MaximizeWindow] successfully performed. With the following test data [New screen size is now: (1176, 811)]. @07-10-2021 01:58:30.0289 A

################################################################################################################################################
Starting Execution:	[69 out of 144] test cases in the current suite
Test Method:		[testPackage01.Test_uploadFile.uploadFile_invisibleUploadInput]
################################################################################################################################################
[ReportManager] Target URL: [https://fineuploader.com/demos.html#gallery-view] @07-10-2021 01:58:30.0292 AM
[ReportManager] Initial URL: [] @07-10-2021 01:58:30.0345 AM
[ReportManager] Browser Action [NavigateToURL] successfully performed. With the following test data [https://fineuploader.com/demos.html#gallery-view]. @07-10-2021 01:58:31.0734 AM
[ReportManager] File Action [GetAbsolutePath] successfully performed. With the following test data [Relative File Path: "src/main/resources/images/shaft.png"]. @07-10-2021 01:58:31.0735 AM
[ReportManager] Successfully created attachment [File Action Actual Result - Command Log] @07-10-2021 01:58:31.0735 A
[ReportManager] Browser Action [CloseCurrentWindow] successfully performed. @07-10-2021 01:58:31.0976 AM
[ReportManager] Successfully created attachment [Browser Action Test Data - CloseCurrentWindow - Actual Value] @07-10-2021 01:58:31.0977 A
[ReportManager] File Action [GetAbsolutePath] successfully performed. With the following test data [Relative Folder Path: "target/downloadedFiles/"]. @07-10-2021 01:58:31.0982 AM
[ReportManager] Attempting to run locally on: [Mac-64], [Safari], Headless Execution. @07-10-2021 01:58:31.0983 AM
[ReportManager] Successfully Opened Safari. @07-10-2021 01:58:32.0805 AM
[ReportManager] Initial window size: (800, 600) @07-10-2021 01:58:32.0831 AM
[ReportManager] Window size after SWD Maximize: (1176, 811) @07-10-2021 01:58:32.0853 AM
[ReportManager] Browser Action [MaximizeWindow] successfully performed. With the following test data [New screen size is now: (1176, 811)]. @07-10-2021 01:58:32.0854 A

################################################################################################################################################
Starting Execution:	[70 out of 144] test cases in the current suite
Test Method:		[testPackage01.Test_uploadFile.uploadFile_visibleUploadInput]
################################################################################################################################################
[ReportManager] Target URL: [http://demo.guru99.com/test/upload/] @07-10-2021 01:58:32.0856 AM
[ReportManager] Initial URL: [] @07-10-2021 01:58:32.0910 AM
[ReportManager] Browser Action [NavigateToURL] successfully performed. With the following test data [http://demo.guru99.com/test/upload/]. @07-10-2021 01:58:33.0744 AM
[ReportManager] File Action [GetAbsolutePath] successfully performed. With the following test data [Relative File Path: "src/main/resources/images/shaft.png"]. @07-10-2021 01:58:33.0744 AM
[ReportManager] Successfully created attachment [File Action Actual Result - Command Log] @07-10-2021 01:58:33.0744 AM
[ReportManager] Element Action [TypeFileLocationForUpload] successfully performed. With the following test data [/Users/runner/work/SHAFT_ENGINE/SHAFT_ENGINE/src/main/resources/images/shaft.png]. @07-10-2021 01:58:33.0794 AM
[ReportManager] Element Action [Click] successfully performed. With the following test data [on]. @07-10-2021 01:58:34.0075 AM
[ReportManager] Element Action [Click] successfully performed. With the following test data [ Submit File]. @07-10-2021 01:58:34.0352 AM
[ReportManager] Element Action [GetText] successfully performed. With the following test data [1 file has been successfully uploaded.]. @07-10-2021 01:58:34.0930 AM
[ReportManager] Loaded Shared OpenCV @07-10-2021 01:58:35.0084 AM
[ReportManager] Assertion [ValidateElementAttribute] PASSED. Expected [Value Should be '1 file' for the 'Text' attribute, element locator 'By.id: res'] and Actual [1 file has been successfully uploaded.]. Comparison Type [CONTAINS]. Validation Type [POSITIVE]. @07-10-2021 01:58:35.0220 AM
[ReportManager] Successfully created attachment [Screenshot - 1633571915084_uploadFile_visibleUploadInput_ValidateElementAttribute_passed] @07-10-2021 01:58:35.0221 A
[ReportManager] Browser Action [CloseCurrentWindow] successfully performed. @07-10-2021 01:58:35.0328 AM
[ReportManager] Successfully created attachment [Browser Action Test Data - CloseCurrentWindow - Actual Value] @07-10-2021 01:58:35.0329 A

################################################################################################################################################
Starting Execution:	[71 out of 144] test cases in the current suite
Test Method:		[testPackage01.Test_AssertApiResponseEquals.assertApiResponseEquals_expectedToPass]
################################################################################################################################################
[ReportManager] Response status code: [200], status line: [HTTP/1.1 200 OK] @07-10-2021 01:58:35.0386 AM
[ReportManager] Assertion Passed: Evaluating the actual response status code against the expected one... @07-10-2021 01:58:35.0387 AM
[ReportManager] Assertion [ValidateEquals] PASSED. Expected [200] and Actual [200]. Comparison Type [EQUALS]. Validation Type [POSITIVE]. @07-10-2021 01:58:35.0387 AM
[ReportManager] API Action [PerformRequest] successfully performed. With the following test data [Request Type: "GET" | Target Status Code: "200" | Service URL: "https://jsonplaceholder.typicode.com/users" | Content Type: "*/*" | Response Time: "48ms"]. @07-10-2021 01:58:35.0409 AM
[ReportManager] Successfully created attachment [API Request - Specifications] @07-10-2021 01:58:35.0410 AM
[ReportManager] Successfully created attachment [API Response - JSON Body] @07-10-2021 01:58:35.0410 AM
[ReportManager] API Action [GetResponseJSONValueAsList] successfully performed. With the following test data [$]. @07-10-2021 01:58:35.0418 AM
[ReportManager] API Action [GetResponseJSONValue] successfully performed. With the following test data [name]. @07-10-2021 01:58:35.0437 AM
[ReportManager] API Action [GetResponseJSONValue] successfully performed. With the following test data [email]. @07-10-2021 01:58:35.0461 AM
[ReportManager] Verification [ValidateEquals] PASSED. Expected [Sincere@april.biz] and Actual [Sincere@april.biz]. Comparison Type [EQUALS]. Validation Type [POSITIVE]. @07-10-2021 01:58:35.0461 AM
[ReportManager] API Action [GetResponseJSONValue] successfully performed. With the following test data [username]. @07-10-2021 01:58:35.0477 AM
[ReportManager] Assertion [ValidateEquals] PASSED. Expected [Bret] and Actual [Bret]. Comparison Type [EQUALS]. Validation Type [POSITIVE]. @07-10-2021 01:58:35.0477 AM
[ReportManager] API Action [GetResponseJSONValue] successfully performed. With the following test data [name]. @07-10-2021 01:58:35.0491 AM
[ReportManager] API Action [GetResponseJSONValue] successfully performed. With the following test data [name]. @07-10-2021 01:58:35.0501 AM
[ReportManager] API Action [GetResponseJSONValue] successfully performed. With the following test data [name]. @07-10-2021 01:58:35.0511 AM
[ReportManager] API Action [GetResponseJSONValue] successfully performed. With the following test data [name]. @07-10-2021 01:58:35.0535 AM
[ReportManager] API Action [GetResponseJSONValue] successfully performed. With the following test data [name]. @07-10-2021 01:58:35.0553 AM
[ReportManager] API Action [GetResponseJSONValue] successfully performed. With the following test data [name]. @07-10-2021 01:58:35.0564 AM
[ReportManager] API Action [GetResponseJSONValue] successfully performed. With the following test data [name]. @07-10-2021 01:58:35.0600 AM
[ReportManager] API Action [GetResponseJSONValue] successfully performed. With the following test data [name]. @07-10-2021 01:58:35.0631 AM
[ReportManager] API Action [GetResponseJSONValue] successfully performed. With the following test data [name]. @07-10-2021 01:58:35.0647 A

################################################################################################################################################
Starting Execution:	[72 out of 144] test cases in the current suite
Test Method:		[testPackage01.Test_testData.f]
################################################################################################################################################
[ReportManager] Successfully loaded the following test data file [src/test/resources/TestDataFiles/testSuite01/TestData.xlsx]. @07-10-2021 01:58:35.0805 AM
[ReportManager] Successfully created attachment [Test Data - Excel] @07-10-2021 01:58:35.0806 AM
[ReportManager] Last Column Number is: [3]. Zero-based. @07-10-2021 01:58:35.0806 A

################################################################################################################################################
Starting Execution:	[73 out of 144] test cases in the current suite
Test Method:		[testPackage01.Test_PDF.testPDF_Downloaded]
################################################################################################################################################
[ReportManager] File Action [DoesFileExist] successfully performed. With the following test data [File Path: "src/test/resources/TestDataFiles/sample.pdf"]. @07-10-2021 01:58:35.0814 AM
[ReportManager] File Action [GetAbsolutePath] successfully performed. With the following test data [Relative File Path: "src/test/resources/TestDataFiles/sample.pdf"]. @07-10-2021 01:58:35.0814 AM
[ReportManager] Assertion [ValidateTrue] PASSED. Expected [TRUE] and Actual [TRUE]. Validation Type [POSITIVE]. @07-10-2021 01:58:38.0839 A
[ReportManager] File Action [GetAbsolutePath] successfully performed. With the following test data [Relative Folder Path: "target/downloadedFiles/"]. @07-10-2021 01:58:38.0841 AM
[ReportManager] Attempting to run locally on: [Mac-64], [Safari], Headless Execution. @07-10-2021 01:58:38.0842 AM
[ReportManager] Successfully Opened Safari. @07-10-2021 01:58:39.0624 AM
[ReportManager] Initial window size: (800, 600) @07-10-2021 01:58:39.0673 AM
[ReportManager] Window size after SWD Maximize: (1176, 811) @07-10-2021 01:58:39.0722 AM
[ReportManager] Browser Action [MaximizeWindow] successfully performed. With the following test data [New screen size is now: (1176, 811)]. @07-10-2021 01:58:39.0723 A

################################################################################################################################################
Starting Execution:	[74 out of 144] test cases in the current suite
Test Method:		[testPackage01.Test_ShadowDOM.shadowdom]
################################################################################################################################################
[ReportManager] Target URL: [https://mdn.github.io/web-components-examples/popup-info-box-web-component/] @07-10-2021 01:58:39.0725 AM
[ReportManager] Initial URL: [] @07-10-2021 01:58:39.0758 AM
[ReportManager] Browser Action [NavigateToURL] successfully performed. With the following test data [https://mdn.github.io/web-components-examples/popup-info-box-web-component/]. @07-10-2021 01:58:40.0138 AM
[ReportManager] Element Action [Type] successfully performed. With the following test data [Typing into SHADOW DOM...]. @07-10-2021 01:58:40.0929 AM
[ReportManager] Element Action [GetText] successfully performed. With the following test data [Typing into SHADOW DOM...]. @07-10-2021 01:58:40.0974 AM
[ReportManager] Loaded Shared OpenCV @07-10-2021 01:58:41.0076 AM
[ReportManager] Assertion [ValidateElementAttribute] PASSED. Expected [Value Should be 'Typing into SHADOW DOM...' for the 'Text' attribute, element locator 'By.id: cvc'] and Actual [Typing into SHADOW DOM...]. Comparison Type [EQUALS]. Validation Type [POSITIVE]. @07-10-2021 01:58:41.0173 AM
[ReportManager] Successfully created attachment [Screenshot - 1633571921076_shadowdom_ValidateElementAttribute_passed] @07-10-2021 01:58:41.0175 A
[ReportManager] Browser Action [CloseCurrentWindow] successfully performed. @07-10-2021 01:58:41.0422 AM
[ReportManager] Successfully created attachment [Browser Action Test Data - CloseCurrentWindow - Actual Value] @07-10-2021 01:58:41.0422 A
[ReportManager] File Action [GetAbsolutePath] successfully performed. With the following test data [Relative Folder Path: "target/downloadedFiles/"]. @07-10-2021 01:58:41.0424 AM
[ReportManager] Attempting to run locally on: [Mac-64], [Safari], Headless Execution. @07-10-2021 01:58:41.0424 AM
[ReportManager] Successfully Opened Safari. @07-10-2021 01:58:42.0240 AM
[ReportManager] Initial window size: (800, 600) @07-10-2021 01:58:42.0274 AM
[ReportManager] Window size after SWD Maximize: (1176, 811) @07-10-2021 01:58:42.0323 AM
[ReportManager] Browser Action [MaximizeWindow] successfully performed. With the following test data [New screen size is now: (1176, 811)]. @07-10-2021 01:58:42.0324 A

################################################################################################################################################
Starting Execution:	[75 out of 144] test cases in the current suite
Test Method:		[testPackage01.Test_clipboardActions.typeTextAndCopyPaste]
################################################################################################################################################
[ReportManager] Target URL: [https://www.google.com/ncr], and after redirection: [https://www.google.com] @07-10-2021 01:58:42.0327 AM
[ReportManager] Initial URL: [] @07-10-2021 01:58:42.0365 AM
[ReportManager] Browser Action [NavigateToURL] successfully performed. With the following test data [https://www.google.com/ncr]. @07-10-2021 01:58:43.0892 AM
[ReportManager] Element Action [Type] successfully performed. With the following test data [FIRST]. @07-10-2021 01:58:44.0193 A
[ReportManager] Browser Action [CloseCurrentWindow] successfully performed. @07-10-2021 01:58:44.0351 AM
[ReportManager] Successfully created attachment [Browser Action Test Data - CloseCurrentWindow - Actual Value] @07-10-2021 01:58:44.0352 A

################################################################################################################################################
Starting Execution:	[76 out of 144] test cases in the current suite
Test Method:		[testPackage01.Test_NewValidationHelper.f1]
################################################################################################################################################
[ReportManager] Assertion Passed: Checking valid user data @07-10-2021 01:58:44.0355 AM
[ReportManager] Successfully created attachment [Validation Test Data - Expected Value] @07-10-2021 01:58:44.0355 AM
[ReportManager] Successfully created attachment [Validation Test Data - Actual Value] @07-10-2021 01:58:44.0356 AM
[ReportManager] Assertion [ValidateEquals] PASSED. Expected and Actual values are attached. Comparison Type [EQUALS]. Validation Type [POSITIVE]. @07-10-2021 01:58:44.0356 A
[ReportManager] File Action [GetAbsolutePath] successfully performed. With the following test data [Relative Folder Path: "target/downloadedFiles/"]. @07-10-2021 01:58:44.0358 AM
[ReportManager] Attempting to run locally on: [Mac-64], [Safari], Headless Execution. @07-10-2021 01:58:44.0358 AM
[ReportManager] Successfully Opened Safari. @07-10-2021 01:58:45.0113 AM
[ReportManager] Initial window size: (800, 600) @07-10-2021 01:58:45.0129 AM
[ReportManager] Window size after SWD Maximize: (1176, 811) @07-10-2021 01:58:45.0140 AM
[ReportManager] Browser Action [MaximizeWindow] successfully performed. With the following test data [New screen size is now: (1176, 811)]. @07-10-2021 01:58:45.0140 AM
[ReportManager] Target URL: [https://the-internet.herokuapp.com/] @07-10-2021 01:58:45.0140 AM
[ReportManager] Initial URL: [] @07-10-2021 01:58:45.0186 AM
[ReportManager] Browser Action [NavigateToURL] successfully performed. With the following test data [https://the-internet.herokuapp.com/]. @07-10-2021 01:58:45.0711 A

################################################################################################################################################
Starting Execution:	[77 out of 144] test cases in the current suite
Test Method:		[testPackage01.Test_NewValidationHelper.f10]
################################################################################################################################################
[ReportManager] Assertion [ValidateElementExists] FAILED. Expected [Element Should Exist, locator 'By.tagName: div'] and Actual [Element Exists but is not unique]. Comparison Type [EQUALS]. Validation Type [POSITIVE]. @07-10-2021 01:58:45.0892 AM
[ReportManager] Successfully created attachment [Screenshot - 1633571925801_f10_ValidateElementExists_failed] @07-10-2021 01:58:45.0893 A
[ReportManager] Successfully Closed All Drivers. @07-10-2021 01:58:46.0138 A
[ReportManager] File Action [GetAbsolutePath] successfully performed. With the following test data [Relative Folder Path: "target/downloadedFiles/"]. @07-10-2021 01:58:46.0140 AM
[ReportManager] Attempting to run locally on: [Mac-64], [Safari], Headless Execution. @07-10-2021 01:58:46.0140 AM
[ReportManager] Successfully Opened Safari. @07-10-2021 01:58:47.0001 AM
[ReportManager] Initial window size: (800, 600) @07-10-2021 01:58:47.0031 AM
[ReportManager] Window size after SWD Maximize: (1176, 811) @07-10-2021 01:58:47.0044 AM
[ReportManager] Browser Action [MaximizeWindow] successfully performed. With the following test data [New screen size is now: (1176, 811)]. @07-10-2021 01:58:47.0044 AM
[ReportManager] Target URL: [https://the-internet.herokuapp.com/] @07-10-2021 01:58:47.0044 AM
[ReportManager] Initial URL: [] @07-10-2021 01:58:47.0096 AM
[ReportManager] Browser Action [NavigateToURL] successfully performed. With the following test data [https://the-internet.herokuapp.com/]. @07-10-2021 01:58:47.0558 A

################################################################################################################################################
Starting Execution:	[78 out of 144] test cases in the current suite
Test Method:		[testPackage01.Test_NewValidationHelper.f11]
################################################################################################################################################
[ReportManager] Assertion Passed: Checking that false tag doesn't exist @07-10-2021 01:58:58.0843 AM
[ReportManager] Successfully created attachment [Screenshot - 1633571938688_f11_ValidateElementExists_passed] @07-10-2021 01:58:58.0844 AM
[ReportManager] Assertion [ValidateElementExists] PASSED. Expected [Element Should not Exist, locator 'By.tagName: h3'] and Actual [Element Doesn't Exists]. Comparison Type [EQUALS]. Validation Type [NEGATIVE]. @07-10-2021 01:58:58.0844 A
[ReportManager] Successfully Closed All Drivers. @07-10-2021 01:58:59.0074 A
[ReportManager] File Action [GetAbsolutePath] successfully performed. With the following test data [Relative Folder Path: "target/downloadedFiles/"]. @07-10-2021 01:58:59.0076 AM
[ReportManager] Attempting to run locally on: [Mac-64], [Safari], Headless Execution. @07-10-2021 01:58:59.0076 AM
[ReportManager] Successfully Opened Safari. @07-10-2021 01:58:59.0891 AM
[ReportManager] Initial window size: (800, 600) @07-10-2021 01:58:59.0900 AM
[ReportManager] Window size after SWD Maximize: (1176, 811) @07-10-2021 01:58:59.0914 AM
[ReportManager] Browser Action [MaximizeWindow] successfully performed. With the following test data [New screen size is now: (1176, 811)]. @07-10-2021 01:58:59.0914 AM
[ReportManager] Target URL: [https://the-internet.herokuapp.com/] @07-10-2021 01:58:59.0914 AM
[ReportManager] Initial URL: [] @07-10-2021 01:58:59.0957 AM
[ReportManager] Browser Action [NavigateToURL] successfully performed. With the following test data [https://the-internet.herokuapp.com/]. @07-10-2021 01:59:00.0285 A

################################################################################################################################################
Starting Execution:	[79 out of 144] test cases in the current suite
Test Method:		[testPackage01.Test_NewValidationHelper.f12]
################################################################################################################################################
[ReportManager] Loaded Shared OpenCV @07-10-2021 01:59:00.0519 AM
[ReportManager] Assertion [ValidateElementExists] FAILED. Expected [Element Should not Exist, locator 'By.tagName: h1'] and Actual [Element Exists]. Comparison Type [EQUALS]. Validation Type [NEGATIVE]. @07-10-2021 01:59:00.0634 AM
[ReportManager] Successfully created attachment [Screenshot - 1633571940518_f12_ValidateElementExists_failed] @07-10-2021 01:59:00.0636 A
[ReportManager] Successfully Closed All Drivers. @07-10-2021 01:59:00.0736 A
[ReportManager] File Action [GetAbsolutePath] successfully performed. With the following test data [Relative Folder Path: "target/downloadedFiles/"]. @07-10-2021 01:59:00.0738 AM
[ReportManager] Attempting to run locally on: [Mac-64], [Safari], Headless Execution. @07-10-2021 01:59:00.0738 AM
[ReportManager] Successfully Opened Safari. @07-10-2021 01:59:01.0434 AM
[ReportManager] Initial window size: (800, 600) @07-10-2021 01:59:01.0454 AM
[ReportManager] Window size after SWD Maximize: (1176, 811) @07-10-2021 01:59:01.0466 AM
[ReportManager] Browser Action [MaximizeWindow] successfully performed. With the following test data [New screen size is now: (1176, 811)]. @07-10-2021 01:59:01.0466 AM
[ReportManager] Target URL: [https://the-internet.herokuapp.com/] @07-10-2021 01:59:01.0466 AM
[ReportManager] Initial URL: [] @07-10-2021 01:59:01.0518 AM
[ReportManager] Browser Action [NavigateToURL] successfully performed. With the following test data [https://the-internet.herokuapp.com/]. @07-10-2021 01:59:01.0869 A

################################################################################################################################################
Starting Execution:	[80 out of 144] test cases in the current suite
Test Method:		[testPackage01.Test_NewValidationHelper.f13]
################################################################################################################################################
[ReportManager] Assertion [ValidateElementExists] FAILED. Expected [Element Should not Exist, locator 'By.tagName: div'] and Actual [Element Exists but is not unique]. Comparison Type [EQUALS]. Validation Type [NEGATIVE]. @07-10-2021 01:59:02.0036 AM
[ReportManager] Successfully created attachment [Screenshot - 1633571941959_f13_ValidateElementExists_failed] @07-10-2021 01:59:02.0037 A
[ReportManager] Successfully Closed All Drivers. @07-10-2021 01:59:02.0260 A
[ReportManager] File Action [GetAbsolutePath] successfully performed. With the following test data [Relative Folder Path: "target/downloadedFiles/"]. @07-10-2021 01:59:02.0263 AM
[ReportManager] Attempting to run locally on: [Mac-64], [Safari], Headless Execution. @07-10-2021 01:59:02.0263 AM
[ReportManager] Successfully Opened Safari. @07-10-2021 01:59:03.0054 AM
[ReportManager] Initial window size: (800, 600) @07-10-2021 01:59:03.0109 AM
[ReportManager] Window size after SWD Maximize: (1176, 811) @07-10-2021 01:59:03.0145 AM
[ReportManager] Browser Action [MaximizeWindow] successfully performed. With the following test data [New screen size is now: (1176, 811)]. @07-10-2021 01:59:03.0146 AM
[ReportManager] Target URL: [https://the-internet.herokuapp.com/] @07-10-2021 01:59:03.0146 AM
[ReportManager] Initial URL: [] @07-10-2021 01:59:03.0195 AM
[ReportManager] Browser Action [NavigateToURL] successfully performed. With the following test data [https://the-internet.herokuapp.com/]. @07-10-2021 01:59:04.0022 A

################################################################################################################################################
Starting Execution:	[81 out of 144] test cases in the current suite
Test Method:		[testPackage01.Test_NewValidationHelper.f14]
################################################################################################################################################
[ReportManager] Element Action [GetText] successfully performed. With the following test data [Welcome to the-internet]. @07-10-2021 01:59:04.0081 AM
[ReportManager] Loaded Shared OpenCV @07-10-2021 01:59:04.0163 AM
[ReportManager] Assertion Passed: Asserting that the header text is correct @07-10-2021 01:59:04.0286 AM
[ReportManager] Successfully created attachment [Screenshot - 1633571944163_f14_ValidateElementAttribute_passed] @07-10-2021 01:59:04.0288 AM
[ReportManager] Assertion [ValidateElementAttribute] PASSED. Expected [Value Should be 'Welcome to the-internet' for the 'text' attribute, element locator 'By.tagName: h1'] and Actual [Welcome to the-internet]. Comparison Type [EQUALS]. Validation Type [POSITIVE]. @07-10-2021 01:59:04.0288 A
[ReportManager] Successfully Closed All Drivers. @07-10-2021 01:59:04.0344 A
[ReportManager] File Action [GetAbsolutePath] successfully performed. With the following test data [Relative Folder Path: "target/downloadedFiles/"]. @07-10-2021 01:59:04.0348 AM
[ReportManager] Attempting to run locally on: [Mac-64], [Safari], Headless Execution. @07-10-2021 01:59:04.0348 AM
[ReportManager] Successfully Opened Safari. @07-10-2021 01:59:05.0103 AM
[ReportManager] Initial window size: (800, 600) @07-10-2021 01:59:05.0126 AM
[ReportManager] Window size after SWD Maximize: (1176, 811) @07-10-2021 01:59:05.0154 AM
[ReportManager] Browser Action [MaximizeWindow] successfully performed. With the following test data [New screen size is now: (1176, 811)]. @07-10-2021 01:59:05.0154 AM
[ReportManager] Target URL: [https://the-internet.herokuapp.com/] @07-10-2021 01:59:05.0155 AM
[ReportManager] Initial URL: [] @07-10-2021 01:59:05.0221 AM
[ReportManager] Browser Action [NavigateToURL] successfully performed. With the following test data [https://the-internet.herokuapp.com/]. @07-10-2021 01:59:05.0559 A

################################################################################################################################################
Starting Execution:	[82 out of 144] test cases in the current suite
Test Method:		[testPackage01.Test_NewValidationHelper.f15]
################################################################################################################################################
[ReportManager] Element Action [GetText] successfully performed. With the following test data [Welcome to the-internet]. @07-10-2021 01:59:05.0616 AM
[ReportManager] Loaded Shared OpenCV @07-10-2021 01:59:05.0675 AM
[ReportManager] Assertion [ValidateElementAttribute] FAILED. Expected [Value Should not be 'Welcome' for the 'text' attribute, element locator 'By.tagName: h1'] and Actual [Welcome to the-internet]. Comparison Type [CONTAINS]. Validation Type [NEGATIVE]. @07-10-2021 01:59:05.0801 AM
[ReportManager] Successfully created attachment [Screenshot - 1633571945675_f15_ValidateElementAttribute_failed] @07-10-2021 01:59:05.0803 A
[ReportManager] Successfully Closed All Drivers. @07-10-2021 01:59:06.0046 A
[ReportManager] File Action [GetAbsolutePath] successfully performed. With the following test data [Relative Folder Path: "target/downloadedFiles/"]. @07-10-2021 01:59:06.0048 AM
[ReportManager] Attempting to run locally on: [Mac-64], [Safari], Headless Execution. @07-10-2021 01:59:06.0049 AM
[ReportManager] Successfully Opened Safari. @07-10-2021 01:59:06.0886 AM
[ReportManager] Initial window size: (800, 600) @07-10-2021 01:59:06.0898 AM
[ReportManager] Window size after SWD Maximize: (1176, 811) @07-10-2021 01:59:06.0920 AM
[ReportManager] Browser Action [MaximizeWindow] successfully performed. With the following test data [New screen size is now: (1176, 811)]. @07-10-2021 01:59:06.0920 AM
[ReportManager] Target URL: [https://the-internet.herokuapp.com/] @07-10-2021 01:59:06.0920 AM
[ReportManager] Initial URL: [] @07-10-2021 01:59:06.0981 AM
[ReportManager] Browser Action [NavigateToURL] successfully performed. With the following test data [https://the-internet.herokuapp.com/]. @07-10-2021 01:59:07.0380 A

################################################################################################################################################
Starting Execution:	[83 out of 144] test cases in the current suite
Test Method:		[testPackage01.Test_NewValidationHelper.f16]
################################################################################################################################################
[ReportManager] Element Action [IdentifyUniqueElement] failed. With the following test data [zero elements found matching this locator "By.tagName: h3".]. @07-10-2021 01:59:33.0281 AM
[ReportManager] Successfully created attachment [Screenshot - 1633571973202_f16_IdentifyUniqueElement_failed] @07-10-2021 01:59:33.0282 AM
[ReportManager] Assertion [ValidateElementAttribute] FAILED. Expected [Value Should not be 'Welcome' for the 'text' attribute, element locator 'By.tagName: h3'] and Actual [Failed to read the desired element attribute]. Comparison Type [CONTAINS]. Validation Type [NEGATIVE]. @07-10-2021 01:59:33.0283 A
[ReportManager] Successfully Closed All Drivers. @07-10-2021 01:59:33.0414 A
[ReportManager] File Action [GetAbsolutePath] successfully performed. With the following test data [Relative Folder Path: "target/downloadedFiles/"]. @07-10-2021 01:59:33.0416 AM
[ReportManager] Attempting to run locally on: [Mac-64], [Safari], Headless Execution. @07-10-2021 01:59:33.0416 AM
[ReportManager] Successfully Opened Safari. @07-10-2021 01:59:34.0171 AM
[ReportManager] Initial window size: (800, 600) @07-10-2021 01:59:34.0194 AM
[ReportManager] Window size after SWD Maximize: (1176, 811) @07-10-2021 01:59:34.0204 AM
[ReportManager] Browser Action [MaximizeWindow] successfully performed. With the following test data [New screen size is now: (1176, 811)]. @07-10-2021 01:59:34.0204 AM
[ReportManager] Target URL: [https://the-internet.herokuapp.com/] @07-10-2021 01:59:34.0204 AM
[ReportManager] Initial URL: [] @07-10-2021 01:59:34.0257 AM
[ReportManager] Browser Action [NavigateToURL] successfully performed. With the following test data [https://the-internet.herokuapp.com/]. @07-10-2021 01:59:34.0581 A

################################################################################################################################################
Starting Execution:	[84 out of 144] test cases in the current suite
Test Method:		[testPackage01.Test_NewValidationHelper.f17]
################################################################################################################################################
[ReportManager] Attempting to getAttribute [text2] from elementLocator [By.tagName: h1]. @07-10-2021 01:59:34.0667 AM
[ReportManager] Element Action [GetAttribute] successfully performed. @07-10-2021 01:59:34.0717 AM
[ReportManager] Loaded Shared OpenCV @07-10-2021 01:59:34.0777 AM
[ReportManager] Assertion [ValidateElementAttribute] PASSED. Expected [Value Should not be 'Welcome' for the 'text2' attribute, element locator 'By.tagName: h1'] and Actual [null]. Comparison Type [CONTAINS]. Validation Type [NEGATIVE]. @07-10-2021 01:59:34.0871 AM
[ReportManager] Successfully created attachment [Screenshot - 1633571974777_f17_ValidateElementAttribute_passed] @07-10-2021 01:59:34.0872 A
[ReportManager] Successfully Closed All Drivers. @07-10-2021 01:59:35.0005 A
[ReportManager] File Action [GetAbsolutePath] successfully performed. With the following test data [Relative Folder Path: "target/downloadedFiles/"]. @07-10-2021 01:59:35.0007 AM
[ReportManager] Attempting to run locally on: [Mac-64], [Safari], Headless Execution. @07-10-2021 01:59:35.0007 AM
[ReportManager] Successfully Opened Safari. @07-10-2021 01:59:35.0765 AM
[ReportManager] Initial window size: (800, 600) @07-10-2021 01:59:35.0789 AM
[ReportManager] Window size after SWD Maximize: (1176, 811) @07-10-2021 01:59:35.0801 AM
[ReportManager] Browser Action [MaximizeWindow] successfully performed. With the following test data [New screen size is now: (1176, 811)]. @07-10-2021 01:59:35.0801 AM
[ReportManager] Target URL: [https://the-internet.herokuapp.com/] @07-10-2021 01:59:35.0801 AM
[ReportManager] Initial URL: [] @07-10-2021 01:59:35.0881 AM
[ReportManager] Browser Action [NavigateToURL] successfully performed. With the following test data [https://the-internet.herokuapp.com/]. @07-10-2021 01:59:36.0312 A

################################################################################################################################################
Starting Execution:	[85 out of 144] test cases in the current suite
Test Method:		[testPackage01.Test_NewValidationHelper.f18]
################################################################################################################################################
[ReportManager] Element Action [GetText] successfully performed. With the following test data [Welcome to the-internet]. @07-10-2021 01:59:36.0350 AM
[ReportManager] Loaded Shared OpenCV @07-10-2021 01:59:36.0408 AM
[ReportManager] Assertion [ValidateElementAttribute] PASSED. Expected [Value Should not be 'no' for the 'text' attribute, element locator 'By.tagName: h1'] and Actual [Welcome to the-internet]. Comparison Type [CONTAINS]. Validation Type [NEGATIVE]. @07-10-2021 01:59:36.0503 AM
[ReportManager] Successfully created attachment [Screenshot - 1633571976408_f18_ValidateElementAttribute_passed] @07-10-2021 01:59:36.0504 A
[ReportManager] Successfully Closed All Drivers. @07-10-2021 01:59:36.0729 A
[ReportManager] File Action [GetAbsolutePath] successfully performed. With the following test data [Relative Folder Path: "target/downloadedFiles/"]. @07-10-2021 01:59:36.0731 AM
[ReportManager] Attempting to run locally on: [Mac-64], [Safari], Headless Execution. @07-10-2021 01:59:36.0731 AM
[ReportManager] Successfully Opened Safari. @07-10-2021 01:59:37.0561 AM
[ReportManager] Initial window size: (800, 600) @07-10-2021 01:59:37.0572 AM
[ReportManager] Window size after SWD Maximize: (1176, 811) @07-10-2021 01:59:37.0656 AM
[ReportManager] Browser Action [MaximizeWindow] successfully performed. With the following test data [New screen size is now: (1176, 811)]. @07-10-2021 01:59:37.0657 AM
[ReportManager] Target URL: [https://the-internet.herokuapp.com/] @07-10-2021 01:59:37.0657 AM
[ReportManager] Initial URL: [] @07-10-2021 01:59:37.0810 AM
[ReportManager] Browser Action [NavigateToURL] successfully performed. With the following test data [https://the-internet.herokuapp.com/]. @07-10-2021 01:59:38.0249 A

################################################################################################################################################
Starting Execution:	[86 out of 144] test cases in the current suite
Test Method:		[testPackage01.Test_NewValidationHelper.f19]
################################################################################################################################################
[ReportManager] Element Action [GetTagName] successfully performed. With the following test data [H1]. @07-10-2021 01:59:38.0293 AM
[ReportManager] Loaded Shared OpenCV @07-10-2021 01:59:38.0362 AM
[ReportManager] Assertion [ValidateElementAttribute] FAILED. Expected [Value Should be 'h' for the 'tagname' attribute, element locator 'By.tagName: h1'] and Actual [H1]. Comparison Type [CONTAINS]. Validation Type [POSITIVE]. @07-10-2021 01:59:38.0514 AM
[ReportManager] Successfully created attachment [Screenshot - 1633571978362_f19_ValidateElementAttribute_failed] @07-10-2021 01:59:38.0515 A
[ReportManager] Successfully Closed All Drivers. @07-10-2021 01:59:38.0560 A

################################################################################################################################################
Starting Execution:	[87 out of 144] test cases in the current suite
Test Method:		[testPackage01.Test_NewValidationHelper.f2]
################################################################################################################################################
[ReportManager] Assertion Failed: Checking valid user data @07-10-2021 01:59:38.0564 AM
[ReportManager] Assertion [ValidateEquals] FAILED. Expected [1] and Actual [2]. Comparison Type [EQUALS]. Validation Type [POSITIVE]. @07-10-2021 01:59:38.0564 A
[ReportManager] File Action [GetAbsolutePath] successfully performed. With the following test data [Relative Folder Path: "target/downloadedFiles/"]. @07-10-2021 01:59:38.0567 AM
[ReportManager] Attempting to run locally on: [Mac-64], [Safari], Headless Execution. @07-10-2021 01:59:38.0567 AM
[ReportManager] Successfully Opened Safari. @07-10-2021 01:59:39.0318 AM
[ReportManager] Initial window size: (800, 600) @07-10-2021 01:59:39.0337 AM
[ReportManager] Window size after SWD Maximize: (1176, 811) @07-10-2021 01:59:39.0482 AM
[ReportManager] Browser Action [MaximizeWindow] successfully performed. With the following test data [New screen size is now: (1176, 811)]. @07-10-2021 01:59:39.0483 AM
[ReportManager] Target URL: [https://the-internet.herokuapp.com/] @07-10-2021 01:59:39.0483 AM
[ReportManager] Initial URL: [] @07-10-2021 01:59:39.0520 AM
[ReportManager] Browser Action [NavigateToURL] successfully performed. With the following test data [https://the-internet.herokuapp.com/]. @07-10-2021 01:59:39.0847 A

################################################################################################################################################
Starting Execution:	[88 out of 144] test cases in the current suite
Test Method:		[testPackage01.Test_NewValidationHelper.f20]
################################################################################################################################################
[ReportManager] Element Action [GetSize] successfully performed. With the following test data [(971, 62)]. @07-10-2021 01:59:39.0886 AM
[ReportManager] Loaded Shared OpenCV @07-10-2021 01:59:39.0943 AM
[ReportManager] Assertion [ValidateElementAttribute] PASSED. Expected [Value Should not be 'a' for the 'size' attribute, element locator 'By.tagName: h1'] and Actual [(971, 62)]. Comparison Type [CONTAINS]. Validation Type [NEGATIVE]. @07-10-2021 01:59:40.0037 AM
[ReportManager] Successfully created attachment [Screenshot - 1633571979943_f20_ValidateElementAttribute_passed] @07-10-2021 01:59:40.0038 A
[ReportManager] Successfully Closed All Drivers. @07-10-2021 01:59:40.0152 A
[ReportManager] File Action [GetAbsolutePath] successfully performed. With the following test data [Relative Folder Path: "target/downloadedFiles/"]. @07-10-2021 01:59:40.0154 AM
[ReportManager] Attempting to run locally on: [Mac-64], [Safari], Headless Execution. @07-10-2021 01:59:40.0154 AM
[ReportManager] Successfully Opened Safari. @07-10-2021 01:59:41.0048 AM
[ReportManager] Initial window size: (800, 600) @07-10-2021 01:59:41.0125 AM
[ReportManager] Window size after SWD Maximize: (1176, 811) @07-10-2021 01:59:41.0162 AM
[ReportManager] Browser Action [MaximizeWindow] successfully performed. With the following test data [New screen size is now: (1176, 811)]. @07-10-2021 01:59:41.0162 AM
[ReportManager] Target URL: [https://the-internet.herokuapp.com/] @07-10-2021 01:59:41.0162 AM
[ReportManager] Initial URL: [] @07-10-2021 01:59:41.0246 AM
[ReportManager] Browser Action [NavigateToURL] successfully performed. With the following test data [https://the-internet.herokuapp.com/]. @07-10-2021 01:59:41.0642 A

################################################################################################################################################
Starting Execution:	[89 out of 144] test cases in the current suite
Test Method:		[testPackage01.Test_NewValidationHelper.f21]
################################################################################################################################################
[ReportManager] Element Action [IdentifyUniqueElement] failed. With the following test data [zero elements found matching this locator "By.tagName: h3".]. @07-10-2021 02:00:07.0522 AM
[ReportManager] Successfully created attachment [Screenshot - 1633572007445_f21_IdentifyUniqueElement_failed] @07-10-2021 02:00:07.0523 AM
[ReportManager] Assertion [ValidateElementAttribute] FAILED. Expected [Value Should be 'Welcome' for the 'text' attribute, element locator 'By.tagName: h3'] and Actual [Failed to read the desired element attribute]. Comparison Type [CONTAINS]. Validation Type [POSITIVE]. @07-10-2021 02:00:07.0523 A
[ReportManager] Successfully Closed All Drivers. @07-10-2021 02:00:07.0706 A
[ReportManager] File Action [GetAbsolutePath] successfully performed. With the following test data [Relative Folder Path: "target/downloadedFiles/"]. @07-10-2021 02:00:07.0709 AM
[ReportManager] Attempting to run locally on: [Mac-64], [Safari], Headless Execution. @07-10-2021 02:00:07.0709 AM
[ReportManager] Successfully Opened Safari. @07-10-2021 02:00:08.0589 AM
[ReportManager] Initial window size: (800, 600) @07-10-2021 02:00:08.0651 AM
[ReportManager] Window size after SWD Maximize: (1176, 811) @07-10-2021 02:00:08.0689 AM
[ReportManager] Browser Action [MaximizeWindow] successfully performed. With the following test data [New screen size is now: (1176, 811)]. @07-10-2021 02:00:08.0689 AM
[ReportManager] Target URL: [https://the-internet.herokuapp.com/] @07-10-2021 02:00:08.0690 AM
[ReportManager] Initial URL: [] @07-10-2021 02:00:08.0733 AM
[ReportManager] Browser Action [NavigateToURL] successfully performed. With the following test data [https://the-internet.herokuapp.com/]. @07-10-2021 02:00:09.0100 A

################################################################################################################################################
Starting Execution:	[90 out of 144] test cases in the current suite
Test Method:		[testPackage01.Test_NewValidationHelper.f22]
################################################################################################################################################
[ReportManager] Element Action [GetText] successfully performed. With the following test data [Welcome to the-internet]. @07-10-2021 02:00:09.0139 AM
[ReportManager] Loaded Shared OpenCV @07-10-2021 02:00:09.0207 AM
[ReportManager] Assertion [ValidateElementAttribute] FAILED. Expected [Value Should be 'yyy' for the 'text' attribute, element locator 'By.tagName: h1'] and Actual [Welcome to the-internet]. Comparison Type [CONTAINS]. Validation Type [POSITIVE]. @07-10-2021 02:00:09.0308 AM
[ReportManager] Successfully created attachment [Screenshot - 1633572009207_f22_ValidateElementAttribute_failed] @07-10-2021 02:00:09.0309 A
[ReportManager] Successfully Closed All Drivers. @07-10-2021 02:00:09.0455 A

################################################################################################################################################
Starting Execution:	[91 out of 144] test cases in the current suite
Test Method:		[testPackage01.Test_NewValidationHelper.f23]
################################################################################################################################################
[ReportManager] Assertion Passed: confirming that the actual is greater than or equal to the expected @07-10-2021 02:00:09.0457 AM
[ReportManager] Assertion [ValidateComparativeRelation] PASSED. Expected [1] and Actual [1]. Comparison Type [GREATER_THAN_OR_EQUALS]. Validation Type [POSITIVE]. @07-10-2021 02:00:09.0457 A

################################################################################################################################################
Starting Execution:	[92 out of 144] test cases in the current suite
Test Method:		[testPackage01.Test_NewValidationHelper.f24]
################################################################################################################################################
[ReportManager] Assertion [ValidateComparativeRelation] PASSED. Expected [1] and Actual [10]. Comparison Type [GREATER_THAN_OR_EQUALS]. Validation Type [POSITIVE]. @07-10-2021 02:00:09.0460 A

################################################################################################################################################
Starting Execution:	[93 out of 144] test cases in the current suite
Test Method:		[testPackage01.Test_NewValidationHelper.f25]
################################################################################################################################################
[ReportManager] Assertion [ValidateComparativeRelation] PASSED. Expected [1] and Actual [1]. Comparison Type [EQUALS]. Validation Type [POSITIVE]. @07-10-2021 02:00:09.0463 A

################################################################################################################################################
Starting Execution:	[94 out of 144] test cases in the current suite
Test Method:		[testPackage01.Test_NewValidationHelper.f26]
################################################################################################################################################
[ReportManager] Assertion [ValidateComparativeRelation] PASSED. Expected [1] and Actual [5]. Comparison Type [GREATER_THAN]. Validation Type [POSITIVE]. @07-10-2021 02:00:09.0466 A

################################################################################################################################################
Starting Execution:	[95 out of 144] test cases in the current suite
Test Method:		[testPackage01.Test_NewValidationHelper.f27]
################################################################################################################################################
[ReportManager] Assertion [ValidateComparativeRelation] PASSED. Expected [11] and Actual [5]. Comparison Type [LESS_THAN]. Validation Type [POSITIVE]. @07-10-2021 02:00:09.0469 A

################################################################################################################################################
Starting Execution:	[96 out of 144] test cases in the current suite
Test Method:		[testPackage01.Test_NewValidationHelper.f28]
################################################################################################################################################
[ReportManager] Assertion [ValidateComparativeRelation] PASSED. Expected [11] and Actual [5]. Comparison Type [LESS_THAN_OR_EQUALS]. Validation Type [POSITIVE]. @07-10-2021 02:00:09.0472 A

################################################################################################################################################
Starting Execution:	[97 out of 144] test cases in the current suite
Test Method:		[testPackage01.Test_NewValidationHelper.f29]
################################################################################################################################################
[ReportManager] Assertion [ValidateComparativeRelation] PASSED. Expected [11] and Actual [11]. Comparison Type [LESS_THAN_OR_EQUALS]. Validation Type [POSITIVE]. @07-10-2021 02:00:09.0476 A

################################################################################################################################################
Starting Execution:	[98 out of 144] test cases in the current suite
Test Method:		[testPackage01.Test_NewValidationHelper.f3]
################################################################################################################################################
[ReportManager] Assertion [ValidateEquals] PASSED. Expected [1] and Actual [2]. Comparison Type [EQUALS]. Validation Type [NEGATIVE]. @07-10-2021 02:00:09.0479 A

################################################################################################################################################
Starting Execution:	[99 out of 144] test cases in the current suite
Test Method:		[testPackage01.Test_NewValidationHelper.f30]
################################################################################################################################################
[ReportManager] Assertion [ValidateComparativeRelation] FAILED. Expected [-9] and Actual [11]. Comparison Type [LESS_THAN_OR_EQUALS]. Validation Type [POSITIVE]. @07-10-2021 02:00:09.0481 A

################################################################################################################################################
Starting Execution:	[100 out of 144] test cases in the current suite
Test Method:		[testPackage01.Test_NewValidationHelper.f31]
################################################################################################################################################
[ReportManager] Assertion [ValidateTrue] PASSED. Expected [TRUE] and Actual [TRUE]. Validation Type [POSITIVE]. @07-10-2021 02:00:09.0484 A

################################################################################################################################################
Starting Execution:	[101 out of 144] test cases in the current suite
Test Method:		[testPackage01.Test_NewValidationHelper.f32]
################################################################################################################################################
[ReportManager] Assertion [ValidateTrue] PASSED. Expected [FALSE] and Actual [FALSE]. Validation Type [NEGATIVE]. @07-10-2021 02:00:09.0487 A

################################################################################################################################################
Starting Execution:	[102 out of 144] test cases in the current suite
Test Method:		[testPackage01.Test_NewValidationHelper.f33]
################################################################################################################################################
[ReportManager] Assertion [ValidateTrue] FAILED. Expected [FALSE] and Actual [TRUE]. Validation Type [NEGATIVE]. @07-10-2021 02:00:09.0490 A

################################################################################################################################################
Starting Execution:	[103 out of 144] test cases in the current suite
Test Method:		[testPackage01.Test_NewValidationHelper.f34]
################################################################################################################################################
[ReportManager] Assertion [ValidateTrue] FAILED. Expected [TRUE] and Actual [FALSE]. Validation Type [POSITIVE]. @07-10-2021 02:00:09.0493 A

################################################################################################################################################
Starting Execution:	[104 out of 144] test cases in the current suite
Test Method:		[testPackage01.Test_NewValidationHelper.f35]
################################################################################################################################################
[ReportManager] File Action [DoesFileExist] successfully performed. With the following test data [File Path: "pom.xml"]. @07-10-2021 02:00:09.0495 AM
[ReportManager] Assertion [ValidateFileExists] PASSED. Expected [File 'pom.xml' should exist, after up to '1' retries] and Actual [File exists]. Validation Type [POSITIVE]. @07-10-2021 02:00:09.0496 A

################################################################################################################################################
Starting Execution:	[105 out of 144] test cases in the current suite
Test Method:		[testPackage01.Test_NewValidationHelper.f36]
################################################################################################################################################
[ReportManager] File Action [DoesFileExist] successfully performed. With the following test data [File Path: "src/test/java/testPackage01/Test_NewValidationHelper.java"]. @07-10-2021 02:00:09.0498 AM
[ReportManager] Assertion [ValidateFileExists] PASSED. Expected [File 'src/test/java/testPackage01/Test_NewValidationHelper.java' should exist, after up to '1' retries] and Actual [File exists]. Validation Type [POSITIVE]. @07-10-2021 02:00:09.0498 A

################################################################################################################################################
Starting Execution:	[106 out of 144] test cases in the current suite
Test Method:		[testPackage01.Test_NewValidationHelper.f37]
################################################################################################################################################
[ReportManager] File Action [DoesFileExist] successfully performed. With the following test data [File Path: "pom.xml"]. @07-10-2021 02:00:09.0501 AM
[ReportManager] Assertion Failed: confirming that the file does't exist after 5 retries @07-10-2021 02:00:09.0502 AM
[ReportManager] Assertion [ValidateFileExists] FAILED. Expected [File 'pom.xml' should not exist, after up to '5' retries] and Actual [File exists]. Validation Type [NEGATIVE]. @07-10-2021 02:00:09.0502 A

################################################################################################################################################
Starting Execution:	[107 out of 144] test cases in the current suite
Test Method:		[testPackage01.Test_NewValidationHelper.f3_1]
################################################################################################################################################
[ReportManager] Assertion Passed: Checking valid user data @07-10-2021 02:00:09.0505 AM
[ReportManager] Assertion [ValidateEquals] PASSED. Expected [null] and Actual [null]. Comparison Type [EQUALS]. Validation Type [POSITIVE]. @07-10-2021 02:00:09.0505 A

################################################################################################################################################
Starting Execution:	[108 out of 144] test cases in the current suite
Test Method:		[testPackage01.Test_NewValidationHelper.f4]
################################################################################################################################################
[ReportManager] Assertion [ValidateEquals] PASSED. Expected [1] and Actual [123]. Comparison Type [CONTAINS]. Validation Type [POSITIVE]. @07-10-2021 02:00:09.0507 A

################################################################################################################################################
Starting Execution:	[109 out of 144] test cases in the current suite
Test Method:		[testPackage01.Test_NewValidationHelper.f5]
################################################################################################################################################
[ReportManager] Assertion [ValidateNull] PASSED. Expected [NULL] and Actual [1]. Comparison Type [EQUALS]. Validation Type [NEGATIVE]. @07-10-2021 02:00:09.0510 A

################################################################################################################################################
Starting Execution:	[110 out of 144] test cases in the current suite
Test Method:		[testPackage01.Test_NewValidationHelper.f6]
################################################################################################################################################
[ReportManager] Assertion Failed: Making sure that null string is not equal to null object @07-10-2021 02:00:09.0513 AM
[ReportManager] Assertion [ValidateNull] FAILED. Expected [NULL] and Actual [NULL]. Comparison Type [EQUALS]. Validation Type [POSITIVE]. @07-10-2021 02:00:09.0513 A

################################################################################################################################################
Starting Execution:	[111 out of 144] test cases in the current suite
Test Method:		[testPackage01.Test_NewValidationHelper.f6_1]
################################################################################################################################################
[ReportManager] Assertion [ValidateNull] FAILED. Expected [NULL] and Actual [NULL]. Comparison Type [EQUALS]. Validation Type [NEGATIVE]. @07-10-2021 02:00:09.0515 A

################################################################################################################################################
Starting Execution:	[112 out of 144] test cases in the current suite
Test Method:		[testPackage01.Test_NewValidationHelper.f6_2]
################################################################################################################################################
[ReportManager] Assertion Failed: Making sure that null string is not equal to null object @07-10-2021 02:00:09.0518 AM
[ReportManager] Assertion [ValidateNull] FAILED. Expected [NULL] and Actual [not null]. Comparison Type [EQUALS]. Validation Type [POSITIVE]. @07-10-2021 02:00:09.0518 A

################################################################################################################################################
Starting Execution:	[113 out of 144] test cases in the current suite
Test Method:		[testPackage01.Test_NewValidationHelper.f7]
################################################################################################################################################
[ReportManager] Assertion [ValidateNull] PASSED. Expected [NULL] and Actual [NULL]. Comparison Type [EQUALS]. Validation Type [POSITIVE]. @07-10-2021 02:00:09.0521 A
[ReportManager] File Action [GetAbsolutePath] successfully performed. With the following test data [Relative Folder Path: "target/downloadedFiles/"]. @07-10-2021 02:00:09.0522 AM
[ReportManager] Attempting to run locally on: [Mac-64], [Safari], Headless Execution. @07-10-2021 02:00:09.0523 AM
[ReportManager] Successfully Opened Safari. @07-10-2021 02:00:10.0373 AM
[ReportManager] Initial window size: (800, 600) @07-10-2021 02:00:10.0400 AM
[ReportManager] Window size after SWD Maximize: (1176, 811) @07-10-2021 02:00:10.0432 AM
[ReportManager] Browser Action [MaximizeWindow] successfully performed. With the following test data [New screen size is now: (1176, 811)]. @07-10-2021 02:00:10.0433 AM
[ReportManager] Target URL: [https://the-internet.herokuapp.com/] @07-10-2021 02:00:10.0433 AM
[ReportManager] Initial URL: [] @07-10-2021 02:00:10.0486 AM
[ReportManager] Browser Action [NavigateToURL] successfully performed. With the following test data [https://the-internet.herokuapp.com/]. @07-10-2021 02:00:10.0948 A

################################################################################################################################################
Starting Execution:	[114 out of 144] test cases in the current suite
Test Method:		[testPackage01.Test_NewValidationHelper.f8]
################################################################################################################################################
[ReportManager] Loaded Shared OpenCV @07-10-2021 02:00:11.0036 AM
[ReportManager] Assertion [ValidateElementExists] PASSED. Expected [Element Should Exist, locator 'By.tagName: h1'] and Actual [Element Exists]. Comparison Type [EQUALS]. Validation Type [POSITIVE]. @07-10-2021 02:00:11.0152 AM
[ReportManager] Successfully created attachment [Screenshot - 1633572011036_f8_ValidateElementExists_passed] @07-10-2021 02:00:11.0154 A
[ReportManager] Successfully Closed All Drivers. @07-10-2021 02:00:11.0222 A
[ReportManager] File Action [GetAbsolutePath] successfully performed. With the following test data [Relative Folder Path: "target/downloadedFiles/"]. @07-10-2021 02:00:11.0224 AM
[ReportManager] Attempting to run locally on: [Mac-64], [Safari], Headless Execution. @07-10-2021 02:00:11.0224 AM
[ReportManager] Successfully Opened Safari. @07-10-2021 02:00:12.0049 AM
[ReportManager] Initial window size: (800, 600) @07-10-2021 02:00:12.0084 AM
[ReportManager] Window size after SWD Maximize: (1176, 811) @07-10-2021 02:00:12.0138 AM
[ReportManager] Browser Action [MaximizeWindow] successfully performed. With the following test data [New screen size is now: (1176, 811)]. @07-10-2021 02:00:12.0138 AM
[ReportManager] Target URL: [https://the-internet.herokuapp.com/] @07-10-2021 02:00:12.0138 AM
[ReportManager] Initial URL: [] @07-10-2021 02:00:12.0178 AM
[ReportManager] Browser Action [NavigateToURL] successfully performed. With the following test data [https://the-internet.herokuapp.com/]. @07-10-2021 02:00:12.0561 A

################################################################################################################################################
Starting Execution:	[115 out of 144] test cases in the current suite
Test Method:		[testPackage01.Test_NewValidationHelper.f9]
################################################################################################################################################
[ReportManager] Assertion [ValidateElementExists] FAILED. Expected [Element Should Exist, locator 'By.tagName: h3'] and Actual [Element Doesn't Exists]. Comparison Type [EQUALS]. Validation Type [POSITIVE]. @07-10-2021 02:00:43.0641 AM
[ReportManager] Successfully created attachment [Screenshot - 1633572043564_f9_ValidateElementExists_failed] @07-10-2021 02:00:43.0642 A
[ReportManager] Successfully Closed All Drivers. @07-10-2021 02:00:43.0877 A

################################################################################################################################################
Starting Execution:	[116 out of 144] test cases in the current suite
Test Method:		[testPackage01.Test_NewValidationHelper.forceFail]
################################################################################################################################################
[ReportManager] Assertion [ValidateFail] FAILED. Successfully force failed the test. @07-10-2021 02:00:44.0018 A

################################################################################################################################################
Starting Execution:	[117 out of 144] test cases in the current suite
Test Method:		[testPackage01.Test_NewValidationHelper.forceFail2]
################################################################################################################################################
[ReportManager] Assertion Failed: Custom Message @07-10-2021 02:00:44.0020 AM
[ReportManager] Assertion [ValidateFail] FAILED. Successfully force failed the test. @07-10-2021 02:00:44.0020 A

################################################################################################################################################
Starting Execution:	[118 out of 144] test cases in the current suite
Test Method:		[testPackage01.Test_JsonActions.f]
###############################################################################################################################################

################################################################################################################################################
Starting Execution:	[119 out of 144] test cases in the current suite
Test Method:		[testPackage01.Test_JsonActions.f2]
###############################################################################################################################################

################################################################################################################################################
Starting Execution:	[120 out of 144] test cases in the current suite
Test Method:		[testPackage01.Test_sendGraphqlRequest.sendGraphqlRequestUsingMutationAndVariables]
################################################################################################################################################
[ReportManager] GraphQl Request is being Performed with the Following Parameters [Service URL: https://api.spacex.land/graphql | Request Body: {"variables":"{\"name\": \"sherlock holmes\",\"rocket\": \"221B Baker Street\"}","query":"mutation ($name: String, $rocket: String) {\n  insert_users(objects: {name: $name, rocket: $rocket}) {\n    returning {\n      name\n      rocket\n    }\n  }\n}"}] @07-10-2021 02:00:44.0041 AM
[ReportManager] Response status code: [200], status line: [HTTP/1.1 200 OK] @07-10-2021 02:00:44.0381 AM
[ReportManager] Assertion Passed: Evaluating the actual response status code against the expected one... @07-10-2021 02:00:44.0382 AM
[ReportManager] Assertion [ValidateEquals] PASSED. Expected [200] and Actual [200]. Comparison Type [EQUALS]. Validation Type [POSITIVE]. @07-10-2021 02:00:44.0382 AM
[ReportManager] API Action [PerformRequest] successfully performed. With the following test data [Request Type: "POST" | Target Status Code: "200" | Service URL: "https://api.spacex.land/graphql" | Content Type: "application/json" | Response Time: "170ms"]. @07-10-2021 02:00:44.0419 AM
[ReportManager] Successfully created attachment [API Request - Specifications] @07-10-2021 02:00:44.0420 AM
[ReportManager] Successfully created attachment [API Request - JSON Body] @07-10-2021 02:00:44.0420 AM
[ReportManager] Successfully created attachment [API Response - JSON Body] @07-10-2021 02:00:44.0421 AM
[ReportManager] API Action [GetResponseJSONValue] successfully performed. With the following test data [data.insert_users.returning[0].name]. @07-10-2021 02:00:44.0465 AM
[ReportManager] Assertion [ValidateEquals] PASSED. Expected [sherlock holmes] and Actual [sherlock holmes]. Comparison Type [EQUALS]. Validation Type [POSITIVE]. @07-10-2021 02:00:44.0466 A

################################################################################################################################################
Starting Execution:	[121 out of 144] test cases in the current suite
Test Method:		[testPackage01.Test_sendGraphqlRequest.sendGraphqlRequestUsingQuery]
################################################################################################################################################
[ReportManager] GraphQl Request is being Performed with the Following Parameters [Service URL: https://api.spacex.land/graphql | Request Body: {"query":"{company {ceo}}"}] @07-10-2021 02:00:44.0469 AM
[ReportManager] Response status code: [200], status line: [HTTP/1.1 200 OK] @07-10-2021 02:00:44.0535 AM
[ReportManager] Assertion Passed: Evaluating the actual response status code against the expected one... @07-10-2021 02:00:44.0535 AM
[ReportManager] Assertion [ValidateEquals] PASSED. Expected [200] and Actual [200]. Comparison Type [EQUALS]. Validation Type [POSITIVE]. @07-10-2021 02:00:44.0536 AM
[ReportManager] API Action [PerformRequest] successfully performed. With the following test data [Request Type: "POST" | Target Status Code: "200" | Service URL: "https://api.spacex.land/graphql" | Content Type: "application/json" | Response Time: "62ms"]. @07-10-2021 02:00:44.0547 AM
[ReportManager] Successfully created attachment [API Request - Specifications] @07-10-2021 02:00:44.0548 AM
[ReportManager] Successfully created attachment [API Request - JSON Body] @07-10-2021 02:00:44.0548 AM
[ReportManager] Successfully created attachment [API Response - JSON Body] @07-10-2021 02:00:44.0549 AM
[ReportManager] API Action [GetResponseJSONValue] successfully performed. With the following test data [data.company.ceo]. @07-10-2021 02:00:44.0560 AM
[ReportManager] Assertion [ValidateEquals] PASSED. Expected [Elon Musk] and Actual [Elon Musk]. Comparison Type [EQUALS]. Validation Type [POSITIVE]. @07-10-2021 02:00:44.0560 A
[ReportManager] File Action [GetAbsolutePath] successfully performed. With the following test data [Relative Folder Path: "target/downloadedFiles/"]. @07-10-2021 02:00:44.0563 AM
[ReportManager] Attempting to run locally on: [Mac-64], [Safari], Headless Execution. @07-10-2021 02:00:44.0563 AM
[ReportManager] Successfully Opened Safari. @07-10-2021 02:00:45.0365 AM
[ReportManager] Initial window size: (800, 600) @07-10-2021 02:00:45.0377 AM
[ReportManager] Window size after SWD Maximize: (1176, 811) @07-10-2021 02:00:45.0398 AM
[ReportManager] Browser Action [MaximizeWindow] successfully performed. With the following test data [New screen size is now: (1176, 811)]. @07-10-2021 02:00:45.0399 A

################################################################################################################################################
Starting Execution:	[122 out of 144] test cases in the current suite
Test Method:		[testPackage01.Test_dragAndDrop.dragAndDropJquery]
################################################################################################################################################
[ReportManager] Target URL: [https://jqueryui.com/resources/demos/droppable/default.html] @07-10-2021 02:00:45.0401 AM
[ReportManager] Initial URL: [] @07-10-2021 02:00:45.0446 AM
[ReportManager] Browser Action [NavigateToURL] successfully performed. With the following test data [https://jqueryui.com/resources/demos/droppable/default.html]. @07-10-2021 02:00:45.0754 AM
[ReportManager] Element Action [GetText] successfully performed. With the following test data [
	Drop here
]. @07-10-2021 02:00:45.0792 AM
[ReportManager] Element Action [DragAndDrop] successfully performed. With the following test data [Start point: (8, 18), End point: (8, 18)]. @07-10-2021 02:00:46.0846 AM
[ReportManager] Element Action [GetText] successfully performed. With the following test data [
	Dropped!
]. @07-10-2021 02:00:46.0876 AM
[ReportManager] Assertion Passed: Checking to see if the text has changed after performing drag and drop @07-10-2021 02:00:46.0877 AM
[ReportManager] Assertion [ValidateEquals] PASSED. Expected [
	Drop here
] and Actual [
	Dropped!
]. Comparison Type [EQUALS]. Validation Type [NEGATIVE]. @07-10-2021 02:00:46.0877 A
[ReportManager] Browser Action [CloseCurrentWindow] successfully performed. @07-10-2021 02:00:47.0053 AM
[ReportManager] Successfully created attachment [Browser Action Test Data - CloseCurrentWindow - Actual Value] @07-10-2021 02:00:47.0054 A
[ReportManager] File Action [GetAbsolutePath] successfully performed. With the following test data [Relative Folder Path: "target/downloadedFiles/"]. @07-10-2021 02:00:47.0056 AM
[ReportManager] Attempting to run locally on: [Mac-64], [Safari], Headless Execution. @07-10-2021 02:00:47.0056 AM
[ReportManager] Successfully Opened Safari. @07-10-2021 02:00:47.0817 AM
[ReportManager] Initial window size: (800, 600) @07-10-2021 02:00:47.0831 AM
[ReportManager] Window size after SWD Maximize: (1176, 811) @07-10-2021 02:00:47.0855 AM
[ReportManager] Browser Action [MaximizeWindow] successfully performed. With the following test data [New screen size is now: (1176, 811)]. @07-10-2021 02:00:47.0855 A

################################################################################################################################################
Starting Execution:	[123 out of 144] test cases in the current suite
Test Method:		[testPackage01.Test_dragAndDrop.dragAndDrop]
Test Description:	[TC001 - Test Drag and Drop function.]
################################################################################################################################################
[ReportManager] Target URL: [http://the-internet.herokuapp.com/drag_and_drop] @07-10-2021 02:00:47.0857 AM
[ReportManager] Initial URL: [] @07-10-2021 02:00:47.0910 AM
[ReportManager] Browser Action [NavigateToURL] successfully performed. With the following test data [http://the-internet.herokuapp.com/drag_and_drop]. @07-10-2021 02:00:48.0203 AM
[ReportManager] Attempting Drag and Drop @07-10-2021 02:00:48.0203 AM
[ReportManager] Element Action [DragAndDrop] successfully performed. With the following test data [Start point: (120, 89), End point: (335, 89)]. @07-10-2021 02:00:49.0027 A
[ReportManager] Browser Action [CloseCurrentWindow] successfully performed. @07-10-2021 02:00:49.0275 AM
[ReportManager] Successfully created attachment [Browser Action Test Data - CloseCurrentWindow - Actual Value] @07-10-2021 02:00:49.0275 A
[ReportManager] File Action [GetAbsolutePath] successfully performed. With the following test data [Relative Folder Path: "target/downloadedFiles/"]. @07-10-2021 02:00:49.0277 AM
[ReportManager] Attempting to run locally on: [Mac-64], [Safari], Headless Execution. @07-10-2021 02:00:49.0277 AM
[ReportManager] Successfully Opened Safari. @07-10-2021 02:00:50.0051 AM
[ReportManager] Initial window size: (800, 600) @07-10-2021 02:00:50.0066 AM
[ReportManager] Window size after SWD Maximize: (1176, 811) @07-10-2021 02:00:50.0093 AM
[ReportManager] Browser Action [MaximizeWindow] successfully performed. With the following test data [New screen size is now: (1176, 811)]. @07-10-2021 02:00:50.0093 A

################################################################################################################################################
Starting Execution:	[124 out of 144] test cases in the current suite
Test Method:		[testPackage01.Test_dragAndDrop.dragAndDropByOffset]
Test Description:	[TC002 - Test Drag and Drop by offset function.]
################################################################################################################################################
[ReportManager] Target URL: [https://jqueryui.com/resources/demos/draggable/default.html] @07-10-2021 02:00:50.0096 AM
[ReportManager] Initial URL: [] @07-10-2021 02:00:50.0147 AM
[ReportManager] Browser Action [NavigateToURL] successfully performed. With the following test data [https://jqueryui.com/resources/demos/draggable/default.html]. @07-10-2021 02:00:50.0462 AM
[ReportManager] Element Action [DragAndDropByOffset] successfully performed. With the following test data [Start point: (8, 8), End point: (108, 58)]. @07-10-2021 02:00:51.0255 A
[ReportManager] Browser Action [CloseCurrentWindow] successfully performed. @07-10-2021 02:00:51.0366 AM
[ReportManager] Successfully created attachment [Browser Action Test Data - CloseCurrentWindow - Actual Value] @07-10-2021 02:00:51.0367 A
[ReportManager] Successfully loaded the following test data file [src/test/resources/TestDataFiles/testSuite01/TestData.xlsx]. @07-10-2021 02:00:51.0393 AM
[ReportManager] Successfully created attachment [Test Data - Excel] @07-10-2021 02:00:51.0394 AM
[ReportManager] File Action [GetAbsolutePath] successfully performed. With the following test data [Relative Folder Path: "target/downloadedFiles/"]. @07-10-2021 02:00:51.0394 AM
[ReportManager] Attempting to run locally on: [Mac-64], [Safari], Headless Execution. @07-10-2021 02:00:51.0394 AM
[ReportManager] Successfully Opened Safari. @07-10-2021 02:00:52.0149 AM
[ReportManager] Initial window size: (800, 600) @07-10-2021 02:00:52.0173 AM
[ReportManager] Window size after SWD Maximize: (1176, 811) @07-10-2021 02:00:52.0195 AM
[ReportManager] Browser Action [MaximizeWindow] successfully performed. With the following test data [New screen size is now: (1176, 811)]. @07-10-2021 02:00:52.0195 A

################################################################################################################################################
Starting Execution:	[125 out of 144] test cases in the current suite
Test Method:		[testPackage01.Test_google.navigateToURLandVerifyGoogleLogoIsDisplayed]
Test Description:	[TC001 - Navigate to URL and Verify Google Logo is Displayed]
################################################################################################################################################
[ReportManager] Target URL: [https://www.google.com/ncr], and after redirection: [https://www.google.com] @07-10-2021 02:00:52.0198 AM
[ReportManager] Initial URL: [] @07-10-2021 02:00:52.0259 AM
[ReportManager] Browser Action [NavigateToURL] successfully performed. With the following test data [https://www.google.com/ncr]. @07-10-2021 02:00:53.0679 AM
[ReportManager] Loaded Shared OpenCV @07-10-2021 02:00:53.0759 AM
[ReportManager] Assertion [ValidateElementExists] PASSED. Expected [Element Should Exist, locator 'By.xpath: //*[@id='hplogo' or @alt='Google']'] and Actual [Element Exists]. Comparison Type [EQUALS]. Validation Type [POSITIVE]. @07-10-2021 02:00:53.0900 AM
[ReportManager] Successfully created attachment [Screenshot - 1633572053759_navigateToURLandVerifyGoogleLogoIsDisplayed_ValidateElementExists_passed] @07-10-2021 02:00:53.0901 A

################################################################################################################################################
Starting Execution:	[126 out of 144] test cases in the current suite
Test Method:		[testPackage01.Test_google.searchForQueryandAssertResultsNumDisplayed]
Test Description:	[TC002 - Search for Query and Assert that the number of results is displayed]
################################################################################################################################################
[ReportManager] Element Action [Type] successfully performed. With the following test data [SHAFT_Engine]. @07-10-2021 02:00:54.0456 AM
[ReportManager] Element Action [KeyPress] successfully performed. With the following test data [Enter]. @07-10-2021 02:00:54.0508 AM
[ReportManager] Element Action [GetText] successfully performed. With the following test data [About 935,000 results (0.60 seconds) ]. @07-10-2021 02:00:56.0138 AM
[ReportManager] Loaded Shared OpenCV @07-10-2021 02:00:56.0271 AM
[ReportManager] Assertion [ValidateElementAttribute] PASSED. Expected [Value Should not be '' for the 'Text' attribute, element locator 'By.id: appbar'] and Actual [About 935,000 results (0.60 seconds) ]. Comparison Type [EQUALS]. Validation Type [NEGATIVE]. @07-10-2021 02:00:56.0429 AM
[ReportManager] Successfully created attachment [Screenshot - 1633572056271_searchForQueryandAssertResultsNumDisplayed_ValidateElementAttribute_passed] @07-10-2021 02:00:56.0431 A

################################################################################################################################################
Starting Execution:	[127 out of 144] test cases in the current suite
Test Method:		[testPackage01.Test_google.clickNextThrice]
Test Description:	[TC003 - Clicks the next button to make sure that the framework can scroll element into view before clicking it]
################################################################################################################################################
[ReportManager] org.openqa.selenium.interactions.MoveTargetOutOfBoundsException:

Build info: version: '3.141.59', revision: 'e82be7d358', time: '2018-11-14T08:17:03'
System info: host: 'Mac-1633571658636.local', ip: '10.213.1.182', os.name: 'Mac OS X', os.arch: 'x86_64', os.version: '10.15.7', java.version: '17'
Driver info: org.openqa.selenium.safari.SafariDriver
Capabilities {acceptInsecureCerts: false, browserName: Safari, browserVersion: 14.1.2, javascriptEnabled: true, platform: MAC, platformName: MAC, safari:automaticInspection: false, safari:automaticProfiling: false, safari:diagnose: false, safari:platformBuildVersion: 19H1417, safari:platformVersion: 10.15.7, safari:useSimulator: false, setWindowRect: true, strictFileInteractability: false, webkit:WebRTC: {DisableICECandidateFiltering: false, DisableInsecureMediaCapture: false}}
Session ID: AF941915-89C6-448F-9169-554CB52FCFB7
java.base/jdk.internal.reflect.NativeConstructorAccessorImpl.newInstance0(Native Method)
java.base/jdk.internal.reflect.NativeConstructorAccessorImpl.newInstance(NativeConstructorAccessorImpl.java:77)
java.base/jdk.internal.reflect.DelegatingConstructorAccessorImpl.newInstance(DelegatingConstructorAccessorImpl.java:45)
java.base/java.lang.reflect.Constructor.newInstanceWithCaller(Constructor.java:499)
java.base/java.lang.reflect.Constructor.newInstance(Constructor.java:480)
org.openqa.selenium.remote.http.W3CHttpResponseCodec.createException(W3CHttpResponseCodec.java:187)
org.openqa.selenium.remote.http.W3CHttpResponseCodec.decode(W3CHttpResponseCodec.java:122)
org.openqa.selenium.remote.http.W3CHttpResponseCodec.decode(W3CHttpResponseCodec.java:49)
org.openqa.selenium.remote.HttpCommandExecutor.execute(HttpCommandExecutor.java:158)
org.openqa.selenium.remote.service.DriverCommandExecutor.execute(DriverCommandExecutor.java:83)
org.openqa.selenium.remote.RemoteWebDriver.execute(RemoteWebDriver.java:552)
org.openqa.selenium.remote.RemoteWebDriver.perform(RemoteWebDriver.java:618)
org.openqa.selenium.interactions.Actions$BuiltAction.perform(Actions.java:639)
org.openqa.selenium.interactions.Actions.perform(Actions.java:595)
com.shaft.gui.element.ElementActionsHelper.performHoverUsingJavascript(ElementActionsHelper.java:209)
com.shaft.gui.element.WebDriverElementActions.click(WebDriverElementActions.java:116)
com.shaft.gui.element.ElementActions.click(ElementActions.java:62)
poms.GoogleSearchResults.clickNext(GoogleSearchResults.java:51)
testPackage01.Test_google.clickNextThrice(Test_google.java:43)
java.base/jdk.internal.reflect.NativeMethodAccessorImpl.invoke0(Native Method)
java.base/jdk.internal.reflect.NativeMethodAccessorImpl.invoke(NativeMethodAccessorImpl.java:77)
java.base/jdk.internal.reflect.DelegatingMethodAccessorImpl.invoke(DelegatingMethodAccessorImpl.java:43)
java.base/java.lang.reflect.Method.invoke(Method.java:568)
org.testng.internal.MethodInvocationHelper.invokeMethod(MethodInvocationHelper.java:133)
org.testng.internal.TestInvoker.invokeMethod(TestInvoker.java:598)
org.testng.internal.TestInvoker.invokeTestMethod(TestInvoker.java:173)
org.testng.internal.MethodRunner.runInSequence(MethodRunner.java:46)
org.testng.internal.TestInvoker$MethodInvocationAgent.invoke(TestInvoker.java:824)
org.testng.internal.TestInvoker.invokeTestMethods(TestInvoker.java:146)
org.testng.internal.TestMethodWorker.invokeTestMethods(TestMethodWorker.java:146)
org.testng.internal.TestMethodWorker.run(TestMethodWorker.java:128)
java.base/java.util.ArrayList.forEach(ArrayList.java:1511)
org.testng.TestRunner.privateRun(TestRunner.java:794)
org.testng.TestRunner.run(TestRunner.java:596)
org.testng.SuiteRunner.runTest(SuiteRunner.java:377)
org.testng.SuiteRunner.runSequentially(SuiteRunner.java:371)
org.testng.SuiteRunner.privateRun(SuiteRunner.java:332)
org.testng.SuiteRunner.run(SuiteRunner.java:276)
org.testng.SuiteRunnerWorker.runSuite(SuiteRunnerWorker.java:53)
org.testng.SuiteRunnerWorker.run(SuiteRunnerWorker.java:96)
org.testng.TestNG.runSuitesSequentially(TestNG.java:1212)
org.testng.TestNG.runSuitesLocally(TestNG.java:1134)
org.testng.TestNG.runSuites(TestNG.java:1063)
org.testng.TestNG.run(TestNG.java:1031)
org.apache.maven.surefire.testng.TestNGExecutor.run(TestNGExecutor.java:136)
org.apache.maven.surefire.testng.TestNGDirectoryTestSuite.executeMulti(TestNGDirectoryTestSuite.java:193)
org.apache.maven.surefire.testng.TestNGDirectoryTestSuite.execute(TestNGDirectoryTestSuite.java:94)
org.apache.maven.surefire.testng.TestNGProvider.invoke(TestNGProvider.java:145)
org.apache.maven.surefire.booter.ForkedBooter.runSuitesInProcess(ForkedBooter.java:428)
org.apache.maven.surefire.booter.ForkedBooter.execute(ForkedBooter.java:162)
org.apache.maven.surefire.booter.ForkedBooter.run(ForkedBooter.java:562)
org.apache.maven.surefire.booter.ForkedBooter.main(ForkedBooter.java:548) @07-10-2021 02:00:56.0525 AM
[ReportManager] Element Action [Click] successfully performed. With the following test data [Next]. @07-10-2021 02:00:56.0616 A
[ReportManager] Browser Action [CloseCurrentWindow] successfully performed. @07-10-2021 02:00:56.0941 AM
[ReportManager] Successfully created attachment [Browser Action Test Data - CloseCurrentWindow - Actual Value] @07-10-2021 02:00:56.0988 A

################################################################################################################################################
Starting Execution:	[128 out of 144] test cases in the current suite
Test Method:		[testPackage01.Test_chainableElementActions.chainElementActions]
################################################################################################################################################
[ReportManager] File Action [GetAbsolutePath] successfully performed. With the following test data [Relative Folder Path: "target/downloadedFiles/"]. @07-10-2021 02:00:57.0073 AM
[ReportManager] Attempting to run locally on: [Mac-64], [GoogleChrome], Headless Execution. @07-10-2021 02:00:57.0076 AM
[ReportManager] Identifying OS/Driver combination and selecting the correct driver version automatically. Please note that if a new driver executable will be downloaded it may take some time... @07-10-2021 02:00:57.0076 AM
[ReportManager] Successfully Opened Google Chrome. @07-10-2021 02:01:00.0153 AM
[ReportManager] Initial window size: (800, 600) @07-10-2021 02:01:00.0160 AM
[ReportManager] Window size after SWD Maximize: (800, 600) @07-10-2021 02:01:00.0268 AM
[ReportManager] Window size after Toolkit: (1920, 1080) @07-10-2021 02:01:00.0719 AM
[ReportManager] Browser Action [MaximizeWindow] successfully performed. With the following test data [New screen size is now: (1920, 1080)]. @07-10-2021 02:01:00.0720 AM
[ReportManager] Target URL: [https://www.google.com/ncr], and after redirection: [https://www.google.com] @07-10-2021 02:01:00.0721 AM
[ReportManager] Initial URL: [data:,] @07-10-2021 02:01:00.0748 AM
[ReportManager] Browser Action [NavigateToURL] successfully performed. With the following test data [https://www.google.com/ncr]. @07-10-2021 02:01:01.0598 AM
[ReportManager] Element Action [Type] successfully performed. With the following test data [chained type 1]. @07-10-2021 02:01:01.0920 AM
[ReportManager] Element Action [Type] successfully performed. With the following test data [chained type 2]. @07-10-2021 02:01:02.0153 AM
[ReportManager] Element Action [TypeAppend] successfully performed. With the following test data [345]. @07-10-2021 02:01:02.0226 AM
[ReportManager] Element Action [GetText] successfully performed. With the following test data [chained type 2345]. @07-10-2021 02:01:02.0300 AM
[ReportManager] Loaded Shared OpenCV @07-10-2021 02:01:02.0566 AM
[ReportManager] Assertion [ValidateElementAttribute] PASSED. Expected [Value Should be 'chained type 2345' for the 'text' attribute, element locator 'By.name: q'] and Actual [chained type 2345]. Comparison Type [EQUALS]. Validation Type [POSITIVE]. @07-10-2021 02:01:02.0771 AM
[ReportManager] Successfully created attachment [Screenshot - 1633572062566_chainElementActions_ValidateElementAttribute_passed] @07-10-2021 02:01:02.0772 AM
[ReportManager] Browser Action [CloseCurrentWindow] successfully performed. @07-10-2021 02:01:03.0087 AM
[ReportManager] Successfully created attachment [Browser Action Test Data - CloseCurrentWindow - Actual Value] @07-10-2021 02:01:03.0088 A

################################################################################################################################################
Starting Execution:	[129 out of 144] test cases in the current suite
Test Method:		[testPackage01.Test_JsonCompareWithSpecialCharacters.specialCharacters]
################################################################################################################################################
[ReportManager] File Action [GetAbsolutePath] successfully performed. With the following test data [Relative Folder Path: "src/test/resources/TestJsonFiles/specialCharacters.json"]. @07-10-2021 02:01:03.0097 AM
[ReportManager] File Action [ReadFromFile] successfully performed. With the following test data [File Path: "/Users/runner/work/SHAFT_ENGINE/SHAFT_ENGINE/src/test/resources/TestJsonFiles/specialCharacters.json"]. @07-10-2021 02:01:03.0102 AM
[ReportManager] Successfully created attachment [File Action Actual Result - Command Log] @07-10-2021 02:01:03.0103 AM
[ReportManager] Comparing the provided API response with the file at this path "src/test/resources/TestJsonFiles/specialCharacters.json", comparison type "EQUALS" @07-10-2021 02:01:03.0103 AM
[ReportManager] API Action [CompareJSON] successfully performed. With the following test data [src/test/resources/TestJsonFiles/specialCharacters.json]. @07-10-2021 02:01:03.0110 AM
[ReportManager] File Action [GetAbsolutePath] successfully performed. With the following test data [Relative Folder Path: "src/test/resources/TestJsonFiles/specialCharacters.json"]. @07-10-2021 02:01:03.0110 AM
[ReportManager] File Action [ReadFromFile] successfully performed. With the following test data [File Path: "/Users/runner/work/SHAFT_ENGINE/SHAFT_ENGINE/src/test/resources/TestJsonFiles/specialCharacters.json"]. @07-10-2021 02:01:03.0110 AM
[ReportManager] Verification [ValidateJSONFileContent] PASSED. Expected [Response data should match the JSON File in this path 'src/test/resources/TestJsonFiles/specialCharacters.json'] and Actual [TRUE]. Comparison Type [EQUALS]. Validation Type [POSITIVE]. @07-10-2021 02:01:03.0114 AM
[ReportManager] Successfully created attachment [Validation Test Data - Expected JSON Value] @07-10-2021 02:01:03.0115 AM
[ReportManager] Successfully created attachment [Validation Test Data - Actual JSON Value] @07-10-2021 02:01:03.0115 A

################################################################################################################################################
Starting Execution:	[130 out of 144] test cases in the current suite
Test Method:		[testPackage01.Test_JsonCompareWithSpecialCharacters.specialCharacters_assertion]
################################################################################################################################################
[ReportManager] File Action [GetAbsolutePath] successfully performed. With the following test data [Relative Folder Path: "src/test/resources/TestJsonFiles/specialCharacters.json"]. @07-10-2021 02:01:03.0119 AM
[ReportManager] File Action [ReadFromFile] successfully performed. With the following test data [File Path: "/Users/runner/work/SHAFT_ENGINE/SHAFT_ENGINE/src/test/resources/TestJsonFiles/specialCharacters.json"]. @07-10-2021 02:01:03.0119 AM
[ReportManager] Successfully created attachment [File Action Actual Result - Command Log] @07-10-2021 02:01:03.0120 AM
[ReportManager] Comparing the provided API response with the file at this path "src/test/resources/TestJsonFiles/specialCharacters.json", comparison type "CONTAINS" @07-10-2021 02:01:03.0120 AM
[ReportManager] API Action [CompareJSON] successfully performed. With the following test data [src/test/resources/TestJsonFiles/specialCharacters.json]. @07-10-2021 02:01:03.0129 AM
[ReportManager] File Action [GetAbsolutePath] successfully performed. With the following test data [Relative Folder Path: "src/test/resources/TestJsonFiles/specialCharacters.json"]. @07-10-2021 02:01:03.0129 AM
[ReportManager] File Action [ReadFromFile] successfully performed. With the following test data [File Path: "/Users/runner/work/SHAFT_ENGINE/SHAFT_ENGINE/src/test/resources/TestJsonFiles/specialCharacters.json"]. @07-10-2021 02:01:03.0129 AM
[ReportManager] Assertion Passed: trying out the log message @07-10-2021 02:01:03.0142 AM
[ReportManager] Successfully created attachment [Validation Test Data - Expected JSON Value] @07-10-2021 02:01:03.0142 AM
[ReportManager] Successfully created attachment [Validation Test Data - Actual JSON Value] @07-10-2021 02:01:03.0143 AM
[ReportManager] Assertion [ValidateJSONFileContent] PASSED. Expected [Response data should match the JSON File in this path 'src/test/resources/TestJsonFiles/specialCharacters.json'] and Actual [TRUE]. Comparison Type [CONTAINS]. Validation Type [POSITIVE]. @07-10-2021 02:01:03.0143 A

################################################################################################################################################
Starting Execution:	[131 out of 144] test cases in the current suite
Test Method:		[testPackage01.Test_SkipDueToIssue.doNotSkip]
################################################################################################################################################
[ReportManager] This should not be skipped. @07-10-2021 02:01:03.0146 A

################################################################################################################################################
Starting Execution:	[132 out of 144] test cases in the current suite
Test Method:		[testPackage01.Test_SkipDueToIssue.skip]
################################################################################################################################################
[ReportManager] This should be skipped. @07-10-2021 02:01:03.0152 A

################################################################################################################################################
Starting Execution:	[133 out of 144] test cases in the current suite
Test Method:		[testPackage01.Test_SkipDueToIssue.skip2]
################################################################################################################################################
[ReportManager] This should be skipped. @07-10-2021 02:01:03.0157 A

################################################################################################################################################
Starting Execution:	[134 out of 144] test cases in the current suite
Test Method:		[testPackage01.Test_JSONFileManager.readStringFromJson]
################################################################################################################################################
[ReportManager] Successfully loaded the following test data file [src/test/resources/TestDataFiles/simpleJSON.json]. @07-10-2021 02:01:03.0162 AM
[ReportManager] Successfully created attachment [Test Data - JSON] @07-10-2021 02:01:03.0163 AM
[ReportManager] Assertion [ValidateEquals] PASSED. Expected [Mohab Mohie] and Actual [Mohab Mohie]. Comparison Type [EQUALS]. Validation Type [POSITIVE]. @07-10-2021 02:01:03.0177 A
[ReportManager] File Action [GetAbsolutePath] successfully performed. With the following test data [Relative Folder Path: "target/downloadedFiles/"]. @07-10-2021 02:01:03.0180 AM
[ReportManager] Attempting to run locally on: [Mac-64], [Safari], Headless Execution. @07-10-2021 02:01:03.0180 AM
[ReportManager] Successfully Opened Safari. @07-10-2021 02:01:03.0925 AM
[ReportManager] Initial window size: (800, 600) @07-10-2021 02:01:04.0055 AM
[ReportManager] Window size after SWD Maximize: (1176, 811) @07-10-2021 02:01:04.0079 AM
[ReportManager] Browser Action [MaximizeWindow] successfully performed. With the following test data [New screen size is now: (1176, 811)]. @07-10-2021 02:01:04.0079 A

################################################################################################################################################
Starting Execution:	[135 out of 144] test cases in the current suite
Test Method:		[testPackage01.Test_assertEquals.test_assertElementAttribute]
################################################################################################################################################
[ReportManager] Target URL: [https://www.google.com/ncr], and after redirection: [https://www.google.com] @07-10-2021 02:01:04.0082 AM
[ReportManager] Initial URL: [] @07-10-2021 02:01:04.0117 AM
[ReportManager] Browser Action [NavigateToURL] successfully performed. With the following test data [https://www.google.com/ncr]. @07-10-2021 02:01:05.0568 AM
[ReportManager] Element Action [Type] successfully performed. With the following test data [INC_004010050:Another SCHEDULER with the same name [Duplicate Job Name] already exists.]. @07-10-2021 02:01:07.0806 AM
[ReportManager] Element Action [GetText] successfully performed. With the following test data [INC_004010050:Another SCHEDULER with the same name [Duplicate Job Name] already exists.]. @07-10-2021 02:01:07.0873 AM
[ReportManager] Loaded Shared OpenCV @07-10-2021 02:01:07.0938 AM
[ReportManager] Assertion [ValidateElementAttribute] PASSED. Expected [Value Should be 'INC_004010050:Another SCHEDULER with the same name \[Duplicate Job Name\] already exists.' for the 'text' attribute, element locator 'By.name: q'] and Actual [INC_004010050:Another SCHEDULER with the same name [Duplicate Job Name] already exists.]. Comparison Type [MATCHES]. Validation Type [POSITIVE]. @07-10-2021 02:01:08.0079 AM
[ReportManager] Successfully created attachment [Screenshot - 1633572067938_test_assertElementAttribute_ValidateElementAttribute_passed] @07-10-2021 02:01:08.0080 A
[ReportManager] Browser Action [CloseCurrentWindow] successfully performed. @07-10-2021 02:01:08.0226 AM
[ReportManager] Successfully created attachment [Browser Action Test Data - CloseCurrentWindow - Actual Value] @07-10-2021 02:01:08.0226 A
[ReportManager] File Action [GetAbsolutePath] successfully performed. With the following test data [Relative Folder Path: "target/downloadedFiles/"]. @07-10-2021 02:01:08.0228 AM
[ReportManager] Attempting to run locally on: [Mac-64], [Safari], Headless Execution. @07-10-2021 02:01:08.0228 AM
[ReportManager] Successfully Opened Safari. @07-10-2021 02:01:09.0028 AM
[ReportManager] Initial window size: (800, 600) @07-10-2021 02:01:09.0053 AM
[ReportManager] Window size after SWD Maximize: (1176, 811) @07-10-2021 02:01:09.0065 AM
[ReportManager] Browser Action [MaximizeWindow] successfully performed. With the following test data [New screen size is now: (1176, 811)]. @07-10-2021 02:01:09.0065 A

################################################################################################################################################
Starting Execution:	[136 out of 144] test cases in the current suite
Test Method:		[testPackage01.Test_IsElementClickable.testIsElementClickable]
################################################################################################################################################
[ReportManager] Target URL: [https://the-internet.herokuapp.com/] @07-10-2021 02:01:09.0068 AM
[ReportManager] Initial URL: [] @07-10-2021 02:01:09.0159 AM
[ReportManager] Browser Action [NavigateToURL] successfully performed. With the following test data [https://the-internet.herokuapp.com/]. @07-10-2021 02:01:09.0640 AM
[ReportManager] Element Action [IsElementClickable] successfully performed. @07-10-2021 02:01:09.0708 AM
[ReportManager] Assertion [ValidateTrue] PASSED. Expected [TRUE] and Actual [TRUE]. Validation Type [POSITIVE]. @07-10-2021 02:01:09.0708 A
[ReportManager] Browser Action [CloseCurrentWindow] successfully performed. @07-10-2021 02:01:09.0896 AM
[ReportManager] Successfully created attachment [Browser Action Test Data - CloseCurrentWindow - Actual Value] @07-10-2021 02:01:09.0896 A
[ReportManager] Successfully loaded the following test data file [src/test/resources/TestDataFiles/testSuite01/TestData.xlsx]. @07-10-2021 02:01:09.0923 AM
[ReportManager] Successfully created attachment [Test Data - Excel] @07-10-2021 02:01:09.0923 AM
[ReportManager] Attempting to run using Playwright locally on: [Mac-64], [Safari], Headless Execution. @07-10-2021 02:01:28.0483 AM
[ReportManager] File Action [GetAbsolutePath] successfully performed. With the following test data [Relative Folder Path: "target/downloadedFiles/"]. @07-10-2021 02:01:28.0484 AM
[ReportManager] Initial window size: (1280, 720) @07-10-2021 02:01:35.0257 AM
[ReportManager] Window size after Toolkit: com.microsoft.playwright.options.ViewportSize@f194dc3 @07-10-2021 02:01:35.0266 AM
[ReportManager] Browser Action [MaximizeWindow] successfully performed. With the following test data [New screen size is now: (1920, 1080)]. @07-10-2021 02:01:35.0266 A

################################################################################################################################################
Starting Execution:	[137 out of 144] test cases in the current suite
Test Method:		[testPackage01.Test_google_playwright.navigateToURLandVerifyGoogleLogoIsDisplayed]
Test Description:	[TC001 - Navigate to URL and Verify Google Logo is Displayed]
################################################################################################################################################
[ReportManager] Target URL: [https://www.google.com/ncr], and after redirection: [https://www.google.com] @07-10-2021 02:01:35.0269 AM
[ReportManager] Initial URL: [about:blank] @07-10-2021 02:01:35.0732 AM
[ReportManager] Browser Action [NavigateToURL] successfully performed. With the following test data [https://www.google.com/ncr]. @07-10-2021 02:01:37.0218 AM
[ReportManager] Loaded Shared OpenCV @07-10-2021 02:01:37.0305 AM
[ReportManager] Assertion [ValidateElementExists] PASSED. Expected [Element Should Exist, locator 'xpath=//*[@id='hplogo' or @alt='Google']'] and Actual [Element Exists]. Comparison Type [EQUALS]. Validation Type [POSITIVE]. @07-10-2021 02:01:37.0469 AM
[ReportManager] Successfully created attachment [Screenshot - 1633572097301_navigateToURLandVerifyGoogleLogoIsDisplayed_ValidateElementExists_passed] @07-10-2021 02:01:37.0470 A

################################################################################################################################################
Starting Execution:	[138 out of 144] test cases in the current suite
Test Method:		[testPackage01.Test_google_playwright.searchForQueryandAssertResultsNumDisplayed]
Test Description:	[TC002 - Search for Query and Assert that the number of results is displayed]
################################################################################################################################################
[ReportManager] Element Action [Type] successfully performed. With the following test data [SHAFT_Engine]. @07-10-2021 02:01:37.0701 AM
[ReportManager] Element Action [KeyPress] successfully performed. With the following test data [Enter]. @07-10-2021 02:01:37.0733 AM
[ReportManager] Element Action [GetText] successfully performed. With the following test data [About 935,000 results (0.68 seconds) 
]. @07-10-2021 02:01:39.0256 AM
[ReportManager] Loaded Shared OpenCV @07-10-2021 02:01:40.0048 AM
[ReportManager] Assertion [ValidateElementAttribute] PASSED. Expected [Value Should not be '' for the 'text' attribute, element locator 'xpath=//div[@id='appbar']'] and Actual [About 935,000 results (0.68 seconds) 
]. Comparison Type [EQUALS]. Validation Type [NEGATIVE]. @07-10-2021 02:01:40.0244 AM
[ReportManager] Successfully created attachment [Screenshot - 1633572100046_searchForQueryandAssertResultsNumDisplayed_ValidateElementAttribute_passed] @07-10-2021 02:01:40.0247 A

################################################################################################################################################
Starting Execution:	[139 out of 144] test cases in the current suite
Test Method:		[testPackage01.Test_google_playwright.clickNextThrice]
Test Description:	[TC003 - Clicks the next button to make sure that the framework can scroll element into view before clicking it]
################################################################################################################################################
[ReportManager] Element Action [Click] successfully performed. With the following test data [Next]. @07-10-2021 02:01:40.0668 A
[ReportManager] Failed to find video recording. @07-10-2021 02:01:40.0670 AM
[ReportManager] Successfully Closed PlayWright Driver. @07-10-2021 02:01:40.0706 A
[ReportManager] File Action [GetAbsolutePath] successfully performed. With the following test data [Relative Folder Path: "target/downloadedFiles/"]. @07-10-2021 02:01:40.0707 AM
[ReportManager] Attempting to run locally on: [Mac-64], [Safari], Headless Execution. @07-10-2021 02:01:40.0708 AM
[ReportManager] Successfully Opened Safari. @07-10-2021 02:01:41.0461 AM
[ReportManager] Initial window size: (800, 600) @07-10-2021 02:01:41.0483 AM
[ReportManager] Window size after SWD Maximize: (1176, 811) @07-10-2021 02:01:41.0504 AM
[ReportManager] Browser Action [MaximizeWindow] successfully performed. With the following test data [New screen size is now: (1176, 811)]. @07-10-2021 02:01:41.0504 A

################################################################################################################################################
Starting Execution:	[140 out of 144] test cases in the current suite
Test Method:		[testPackage01.Test_verifyEquals.test_assertElementAttribute]
################################################################################################################################################
[ReportManager] Target URL: [https://www.google.com/ncr], and after redirection: [https://www.google.com] @07-10-2021 02:01:41.0506 AM
[ReportManager] Initial URL: [] @07-10-2021 02:01:41.0558 AM
[ReportManager] Browser Action [NavigateToURL] successfully performed. With the following test data [https://www.google.com/ncr]. @07-10-2021 02:01:43.0019 AM
[ReportManager] Element Action [Type] successfully performed. With the following test data [INC_004010050:Another SCHEDULER with the same name [Duplicate Job Name] already exists.]. @07-10-2021 02:01:45.0354 AM
[ReportManager] Element Action [GetText] successfully performed. With the following test data [INC_004010050:Another SCHEDULER with the same name [Duplicate Job Name] already exists.]. @07-10-2021 02:01:45.0417 AM
[ReportManager] Loaded Shared OpenCV @07-10-2021 02:01:45.0468 AM
[ReportManager] Verification [ValidateElementAttribute] PASSED. Expected [Value Should be 'INC_004010050:Another SCHEDULER with the same name \[Duplicate Job Name\] already exists.' for the 'text' attribute, element locator 'By.name: q'] and Actual [INC_004010050:Another SCHEDULER with the same name [Duplicate Job Name] already exists.]. Comparison Type [MATCHES]. Validation Type [POSITIVE]. @07-10-2021 02:01:45.0625 AM
[ReportManager] Successfully created attachment [Screenshot - 1633572105468_test_assertElementAttribute_ValidateElementAttribute_passed] @07-10-2021 02:01:45.0626 A
[ReportManager] Browser Action [CloseCurrentWindow] successfully performed. @07-10-2021 02:01:45.0753 AM
[ReportManager] Successfully created attachment [Browser Action Test Data - CloseCurrentWindow - Actual Value] @07-10-2021 02:01:45.0753 A

################################################################################################################################################
Starting Execution:	[141 out of 144] test cases in the current suite
Test Method:		[testPackage01.Test_SelectedValue.multipleSelect]
################################################################################################################################################
[ReportManager] File Action [GetAbsolutePath] successfully performed. With the following test data [Relative Folder Path: "target/downloadedFiles/"]. @07-10-2021 02:01:45.0756 AM
[ReportManager] Attempting to run locally on: [Mac-64], [GoogleChrome], Headless Execution. @07-10-2021 02:01:45.0757 AM
[ReportManager] Identifying OS/Driver combination and selecting the correct driver version automatically. Please note that if a new driver executable will be downloaded it may take some time... @07-10-2021 02:01:45.0757 AM
[ReportManager] Successfully Opened Google Chrome. @07-10-2021 02:01:46.0424 AM
[ReportManager] Initial window size: (800, 600) @07-10-2021 02:01:46.0431 AM
[ReportManager] Window size after SWD Maximize: (800, 600) @07-10-2021 02:01:46.0648 AM
[ReportManager] Window size after Toolkit: (1920, 1080) @07-10-2021 02:01:47.0033 AM
[ReportManager] Browser Action [MaximizeWindow] successfully performed. With the following test data [New screen size is now: (1920, 1080)]. @07-10-2021 02:01:47.0034 AM
[ReportManager] Target URL: [https://yari-demos.prod.mdn.mozit.cloud/en-US/docs/Web/HTML/Element/select/_sample_.Advanced_select_with_multiple_features.html] @07-10-2021 02:01:47.0035 AM
[ReportManager] Initial URL: [data:,] @07-10-2021 02:01:47.0123 AM
[ReportManager] Browser Action [NavigateToURL] successfully performed. With the following test data [https://yari-demos.prod.mdn.mozit.cloud/en-US/docs/Web/HTML/Element/select/_sample_.Advanced_select_with_multiple_features.html]. @07-10-2021 02:01:47.0341 AM
[ReportManager] Element Action [Select] successfully performed. With the following test data [Dog]. @07-10-2021 02:01:47.0570 AM
[ReportManager] Element Action [Select] successfully performed. With the following test data [Cat]. @07-10-2021 02:01:47.0729 AM
[ReportManager] Element Action [GetSelectedText] successfully performed. With the following test data [DogCat]. @07-10-2021 02:01:47.0825 AM
[ReportManager] DogCat @07-10-2021 02:01:47.0825 AM
[ReportManager] Element Action [GetSelectedText] successfully performed. With the following test data [DogCat]. @07-10-2021 02:01:47.0902 AM
[ReportManager] Loaded Shared OpenCV @07-10-2021 02:01:48.0217 AM
[ReportManager] Assertion [ValidateElementAttribute] PASSED. Expected [Value Should be 'DogCat' for the 'selectedText' attribute, element locator 'By.tagName: select'] and Actual [DogCat]. Comparison Type [EQUALS]. Validation Type [POSITIVE]. @07-10-2021 02:01:48.0421 AM
[ReportManager] Successfully created attachment [Screenshot - 1633572108217_multipleSelect_ValidateElementAttribute_passed] @07-10-2021 02:01:48.0421 AM
[ReportManager] Browser Action [CloseCurrentWindow] successfully performed. @07-10-2021 02:01:48.0654 AM
[ReportManager] Successfully created attachment [Browser Action Test Data - CloseCurrentWindow - Actual Value] @07-10-2021 02:01:48.0655 A

################################################################################################################################################
Starting Execution:	[142 out of 144] test cases in the current suite
Test Method:		[testPackage01.Test_SelectedValue.simpleSelect]
################################################################################################################################################
[ReportManager] File Action [GetAbsolutePath] successfully performed. With the following test data [Relative Folder Path: "target/downloadedFiles/"]. @07-10-2021 02:01:48.0657 AM
[ReportManager] Attempting to run locally on: [Mac-64], [GoogleChrome], Headless Execution. @07-10-2021 02:01:48.0657 AM
[ReportManager] Identifying OS/Driver combination and selecting the correct driver version automatically. Please note that if a new driver executable will be downloaded it may take some time... @07-10-2021 02:01:48.0658 AM
[ReportManager] Successfully Opened Google Chrome. @07-10-2021 02:01:49.0076 AM
[ReportManager] Initial window size: (800, 600) @07-10-2021 02:01:49.0082 AM
[ReportManager] Window size after SWD Maximize: (800, 600) @07-10-2021 02:01:49.0274 AM
[ReportManager] Window size after Toolkit: (1920, 1080) @07-10-2021 02:01:49.0654 AM
[ReportManager] Browser Action [MaximizeWindow] successfully performed. With the following test data [New screen size is now: (1920, 1080)]. @07-10-2021 02:01:49.0656 AM
[ReportManager] Target URL: [https://yari-demos.prod.mdn.mozit.cloud/en-US/docs/Web/HTML/Element/select/_sample_.Basic_select.html] @07-10-2021 02:01:49.0656 AM
[ReportManager] Initial URL: [data:,] @07-10-2021 02:01:49.0687 AM
[ReportManager] Browser Action [NavigateToURL] successfully performed. With the following test data [https://yari-demos.prod.mdn.mozit.cloud/en-US/docs/Web/HTML/Element/select/_sample_.Basic_select.html]. @07-10-2021 02:01:49.0865 AM
[ReportManager] Element Action [Select] successfully performed. With the following test data [Third Value]. @07-10-2021 02:01:50.0105 AM
[ReportManager] Element Action [GetSelectedText] successfully performed. With the following test data [Third Value]. @07-10-2021 02:01:50.0175 AM
[ReportManager] Third Value @07-10-2021 02:01:50.0175 AM
[ReportManager] Element Action [GetSelectedText] successfully performed. With the following test data [Third Value]. @07-10-2021 02:01:50.0242 AM
[ReportManager] Loaded Shared OpenCV @07-10-2021 02:01:50.0499 AM
[ReportManager] Assertion [ValidateElementAttribute] PASSED. Expected [Value Should be 'Third Value' for the 'selectedText' attribute, element locator 'By.tagName: select'] and Actual [Third Value]. Comparison Type [EQUALS]. Validation Type [POSITIVE]. @07-10-2021 02:01:50.0665 AM
[ReportManager] Successfully created attachment [Screenshot - 1633572110499_simpleSelect_ValidateElementAttribute_passed] @07-10-2021 02:01:50.0666 AM
[ReportManager] Browser Action [CloseCurrentWindow] successfully performed. @07-10-2021 02:01:50.0920 AM
[ReportManager] Successfully created attachment [Browser Action Test Data - CloseCurrentWindow - Actual Value] @07-10-2021 02:01:50.0920 A
[ReportManager] File Action [GetAbsolutePath] successfully performed. With the following test data [Relative Folder Path: "target/downloadedFiles/"]. @07-10-2021 02:01:50.0922 AM
[ReportManager] Attempting to run locally on: [Mac-64], [Safari], Headless Execution. @07-10-2021 02:01:50.0923 AM
[ReportManager] Successfully Opened Safari. @07-10-2021 02:01:51.0695 AM
[ReportManager] Initial window size: (800, 600) @07-10-2021 02:01:51.0719 AM
[ReportManager] Window size after SWD Maximize: (1176, 811) @07-10-2021 02:01:51.0730 AM
[ReportManager] Browser Action [MaximizeWindow] successfully performed. With the following test data [New screen size is now: (1176, 811)]. @07-10-2021 02:01:51.0731 A

################################################################################################################################################
Starting Execution:	[143 out of 144] test cases in the current suite
Test Method:		[testPackage01.Test_dynamicLoading.dynamicLoading_elementIsHidden]
################################################################################################################################################
[ReportManager] Target URL: [https://the-internet.herokuapp.com/dynamic_loading/1] @07-10-2021 02:01:51.0734 AM
[ReportManager] Initial URL: [] @07-10-2021 02:01:51.0793 AM
[ReportManager] Browser Action [NavigateToURL] successfully performed. With the following test data [https://the-internet.herokuapp.com/dynamic_loading/1]. @07-10-2021 02:01:52.0207 AM
[ReportManager] Element Action [Click] successfully performed. With the following test data [Start]. @07-10-2021 02:01:52.0463 AM
[ReportManager] Element Action [GetText] successfully performed. With the following test data [
    Hello World!
  ]. @07-10-2021 02:01:52.0503 A
[ReportManager] Browser Action [CloseCurrentWindow] successfully performed. @07-10-2021 02:01:52.0740 AM
[ReportManager] Successfully created attachment [Browser Action Test Data - CloseCurrentWindow - Actual Value] @07-10-2021 02:01:52.0741 A
[ReportManager] File Action [GetAbsolutePath] successfully performed. With the following test data [Relative Folder Path: "target/downloadedFiles/"]. @07-10-2021 02:01:52.0743 AM
[ReportManager] Attempting to run locally on: [Mac-64], [Safari], Headless Execution. @07-10-2021 02:01:52.0743 AM
[ReportManager] Successfully Opened Safari. @07-10-2021 02:01:53.0516 AM
[ReportManager] Initial window size: (800, 600) @07-10-2021 02:01:53.0524 AM
[ReportManager] Window size after SWD Maximize: (1176, 811) @07-10-2021 02:01:53.0538 AM
[ReportManager] Browser Action [MaximizeWindow] successfully performed. With the following test data [New screen size is now: (1176, 811)]. @07-10-2021 02:01:53.0538 A

################################################################################################################################################
Starting Execution:	[144 out of 144] test cases in the current suite
Test Method:		[testPackage01.Test_dynamicLoading.dynamicLoading_elementIsRendered]
################################################################################################################################################
[ReportManager] Target URL: [https://the-internet.herokuapp.com/dynamic_loading/2] @07-10-2021 02:01:53.0545 AM
[ReportManager] Initial URL: [] @07-10-2021 02:01:53.0591 AM
[ReportManager] Browser Action [NavigateToURL] successfully performed. With the following test data [https://the-internet.herokuapp.com/dynamic_loading/2]. @07-10-2021 02:01:54.0046 AM
[ReportManager] Element Action [Click] successfully performed. With the following test data [Start]. @07-10-2021 02:01:54.0324 AM
[ReportManager] Element Action [GetText] successfully performed. With the following test data [Hello World!]. @07-10-2021 02:01:59.0719 AM
[ReportManager] Loaded Shared OpenCV @07-10-2021 02:01:59.0779 AM
[ReportManager] Assertion [ValidateElementAttribute] PASSED. Expected [Value Should be 'Hello World!' for the 'text' attribute, element locator 'By.id: finish'] and Actual [Hello World!]. Comparison Type [CONTAINS]. Validation Type [POSITIVE]. @07-10-2021 02:01:59.0927 AM
[ReportManager] Successfully created attachment [Screenshot - 1633572119778_dynamicLoading_elementIsRendered_ValidateElementAttribute_passed] @07-10-2021 02:01:59.0928 A
[ReportManager] Browser Action [CloseCurrentWindow] successfully performed. @07-10-2021 02:02:00.0065 AM
[ReportManager] Successfully created attachment [Browser Action Test Data - CloseCurrentWindow - Actual Value] @07-10-2021 02:02:00.0065 A

################################################################################################################################################
Test Closure Activities
################################################################################################################################################
[ReportManager] Successfully created attachment [SHAFT Engine Logs - Execution log] @07-10-2021 02:02:00.0102 AM

################################################################################################################################################
This test run was powered by SHAFT Engine Version: [SHAFT Engine v5.3.20210902]
SHAFT Engine is licensed under the MIT License: [https://github.com/MohabMohie/SHAFT_ENGINE/blob/master/LICENSE].
################################################################################################################################################