{
  "uid" : "8a793ec325f3d099",
  "name" : "assertNull_false_expectedToFail",
  "fullName" : "unitTests.tests_validations_assertions.assertNull_false_expectedToFail",
  "historyId" : "64a8852b286bab5ef838177e652e731e",
  "time" : {
    "start" : 1636163276963,
    "stop" : 1636163276964,
    "duration" : 1
  },
  "status" : "passed",
  "flaky" : false,
  "newFailed" : false,
  "beforeStages" : [ {
    "name" : "setupActivities",
    "time" : {
      "start" : 1636163140080,
      "stop" : 1636163142537,
      "duration" : 2457
    },
    "description" : "",
    "status" : "passed",
    "steps" : [ {
      "name" : "Folder [allure-results] was not found, it may have already been deleted.",
      "time" : {
        "start" : 1636163140156,
        "stop" : 1636163140158,
        "duration" : 2
      },
      "status" : "passed",
      "steps" : [ ],
      "attachments" : [ ],
      "parameters" : [ {
        "name" : "actionCounter",
        "value" : "1"
      }, {
        "name" : "logText",
        "value" : "Folder [allure-results] was not found, it may have already been deleted."
      } ],
      "stepsCount" : 0,
      "attachmentsCount" : 0,
      "shouldDisplayMessage" : false,
      "hasContent" : true
    }, {
      "name" : "Folder [/Users/runner/.m2/repository/allure/] was not found, it may have already been deleted.",
      "time" : {
        "start" : 1636163140159,
        "stop" : 1636163140159,
        "duration" : 0
      },
      "status" : "passed",
      "steps" : [ ],
      "attachments" : [ ],
      "parameters" : [ {
        "name" : "actionCounter",
        "value" : "2"
      }, {
        "name" : "logText",
        "value" : "Folder [/Users/runner/.m2/repository/allure/] was not found, it may have already been deleted."
      } ],
      "stepsCount" : 0,
      "attachmentsCount" : 0,
      "shouldDisplayMessage" : false,
      "hasContent" : true
    }, {
      "name" : "Downloading a file from this url [https://repo.maven.apache.org/maven2/io/qameta/allure/allure-commandline/2.16.0/allure-commandline-2.16.0.zip] to this directory [target/allureBinary.zip], please wait as downloading may take some time...",
      "time" : {
        "start" : 1636163140160,
        "stop" : 1636163140160,
        "duration" : 0
      },
      "status" : "passed",
      "steps" : [ ],
      "attachments" : [ ],
      "parameters" : [ {
        "name" : "actionCounter",
        "value" : "3"
      }, {
        "name" : "logText",
        "value" : "Downloading a file from this url [https://repo.maven.apache.org/maven2/io/qameta/allure/allure-commandline/2.16.0/allure-commandline-2.16.0.zip] to this directory [target/allureBinary.zip], please wait as downloading may take some time..."
      } ],
      "stepsCount" : 0,
      "attachmentsCount" : 0,
      "shouldDisplayMessage" : false,
      "hasContent" : true
    }, {
      "name" : "Terminal Action [PerformTerminalCommands] successfully performed. With the following test data [Host Name: \"localHost\" | Command: \"chmod u+x /Users/runner/.m2/repository/allure/allure-2.16.0/bin/allure\" | Exit Status: \"0\"].",
      "time" : {
        "start" : 1636163141653,
        "stop" : 1636163141653,
        "duration" : 0
      },
      "status" : "passed",
      "steps" : [ ],
      "attachments" : [ ],
      "parameters" : [ {
        "name" : "actionCounter",
        "value" : "4"
      }, {
        "name" : "logText",
        "value" : "Terminal Action [PerformTerminalCommands] successfully performed. With the following test data [Host Name: \"localHost\" | Command: \"chmod u+x /Users/runner/.m2/repository/allure/allure-2.16.0/bin/allure\" | Exit Status: \"0\"]."
      } ],
      "stepsCount" : 0,
      "attachmentsCount" : 0,
      "shouldDisplayMessage" : false,
      "hasContent" : true
    }, {
      "name" : "Terminal Action [PerformTerminalCommands] successfully performed. With the following test data [Host Name: \"localHost\" | Command: \"chmod u+x generate_allure_report.sh\" | Exit Status: \"0\"].",
      "time" : {
        "start" : 1636163141660,
        "stop" : 1636163141660,
        "duration" : 0
      },
      "status" : "passed",
      "steps" : [ ],
      "attachments" : [ ],
      "parameters" : [ {
        "name" : "actionCounter",
        "value" : "5"
      }, {
        "name" : "logText",
        "value" : "Terminal Action [PerformTerminalCommands] successfully performed. With the following test data [Host Name: \"localHost\" | Command: \"chmod u+x generate_allure_report.sh\" | Exit Status: \"0\"]."
      } ],
      "stepsCount" : 0,
      "attachmentsCount" : 0,
      "shouldDisplayMessage" : false,
      "hasContent" : true
    }, {
      "name" : "Folder [extent-reports] was not found, it may have already been deleted.",
      "time" : {
        "start" : 1636163141752,
        "stop" : 1636163141752,
        "duration" : 0
      },
      "status" : "passed",
      "steps" : [ ],
      "attachments" : [ ],
      "parameters" : [ {
        "name" : "actionCounter",
        "value" : "6"
      }, {
        "name" : "logText",
        "value" : "Folder [extent-reports] was not found, it may have already been deleted."
      } ],
      "stepsCount" : 0,
      "attachmentsCount" : 0,
      "shouldDisplayMessage" : false,
      "hasContent" : true
    } ],
    "attachments" : [ {
      "uid" : "6e51d202220adf5",
      "name" : "Attachment: SHAFT Links - Important",
      "source" : "6e51d202220adf5.uri",
      "type" : "text/uri-list",
      "size" : 346
    }, {
      "uid" : "9c9fc4eadda481a8",
      "name" : "Attachment: Properties - testNG",
      "source" : "9c9fc4eadda481a8.properties",
      "type" : "text/plain",
      "size" : 492
    }, {
      "uid" : "d4cb3cfa9e5aedc7",
      "name" : "Attachment: Properties - ExecutionPlatform",
      "source" : "d4cb3cfa9e5aedc7.properties",
      "type" : "text/plain",
      "size" : 394
    }, {
      "uid" : "7fd6446426dde37c",
      "name" : "Attachment: Properties - path",
      "source" : "7fd6446426dde37c.properties",
      "type" : "text/plain",
      "size" : 687
    }, {
      "uid" : "ef485f7668778298",
      "name" : "Attachment: Properties - video",
      "source" : "ef485f7668778298.properties",
      "type" : "text/plain",
      "size" : 763
    }, {
      "uid" : "2a8329bd2947ab71",
      "name" : "Attachment: Properties - pattern",
      "source" : "2a8329bd2947ab71.properties",
      "type" : "text/plain",
      "size" : 564
    }, {
      "uid" : "4f5d5cd16b0e436b",
      "name" : "Attachment: Properties - internal",
      "source" : "4f5d5cd16b0e436b.properties",
      "type" : "text/plain",
      "size" : 117
    }, {
      "uid" : "a7fc87f21b462eb2",
      "name" : "Attachment: Properties - MobileCapabilities",
      "source" : "a7fc87f21b462eb2.properties",
      "type" : "text/plain",
      "size" : 470
    }, {
      "uid" : "a8ebf120d268df0a",
      "name" : "Attachment: Properties - cucumber",
      "source" : "a8ebf120d268df0a.properties",
      "type" : "text/plain",
      "size" : 226
    }, {
      "uid" : "aaf6175a224eb37b",
      "name" : "Attachment: Properties - PlatformFlags",
      "source" : "aaf6175a224eb37b.properties",
      "type" : "text/plain",
      "size" : 588
    }, {
      "uid" : "eb57a8573d295876",
      "name" : "Attachment: Properties - Timeouts",
      "source" : "eb57a8573d295876.properties",
      "type" : "text/plain",
      "size" : 722
    }, {
      "uid" : "b3b7a1dce4a49603",
      "name" : "Attachment: Properties - Reporting",
      "source" : "b3b7a1dce4a49603.properties",
      "type" : "text/plain",
      "size" : 583
    }, {
      "uid" : "9b480e57aa34432a",
      "name" : "Attachment: Properties - browserStack",
      "source" : "9b480e57aa34432a.properties",
      "type" : "text/plain",
      "size" : 877
    }, {
      "uid" : "7eed7ab92a438caa",
      "name" : "Attachment: Properties - VisualValidations",
      "source" : "7eed7ab92a438caa.properties",
      "type" : "text/plain",
      "size" : 723
    } ],
    "parameters" : [ ],
    "stepsCount" : 6,
    "attachmentsCount" : 14,
    "shouldDisplayMessage" : false,
    "hasContent" : true
  } ],
  "testStage" : {
    "status" : "passed",
    "steps" : [ {
      "name" : "Assertion [ValidateNull] FAILED. Expected [NULL] and Actual [NULL]. Comparison Type [EQUALS]. Validation Type [NEGATIVE].",
      "time" : {
        "start" : 1636163276963,
        "stop" : 1636163276963,
        "duration" : 0
      },
      "status" : "passed",
      "steps" : [ ],
      "attachments" : [ ],
      "parameters" : [ {
        "name" : "actionCounter",
        "value" : "313"
      }, {
        "name" : "logText",
        "value" : "Assertion [ValidateNull] FAILED. Expected [NULL] and Actual [NULL]. Comparison Type [EQUALS]. Validation Type [NEGATIVE]."
      }, {
        "name" : "attachments",
        "value" : "null"
      } ],
      "stepsCount" : 0,
      "attachmentsCount" : 0,
      "shouldDisplayMessage" : false,
      "hasContent" : true
    } ],
    "attachments" : [ {
      "uid" : "76ff030bc5ec0827",
      "name" : "Attachment: SHAFT Engine Logs - Current Method log: assertNull_false_expectedToFail",
      "source" : "76ff030bc5ec0827.txt",
      "type" : "text/plain",
      "size" : 611
    } ],
    "parameters" : [ ],
    "stepsCount" : 1,
    "attachmentsCount" : 1,
    "shouldDisplayMessage" : false,
    "hasContent" : true
  },
  "afterStages" : [ {
    "name" : "teardownActivities",
    "time" : {
      "start" : 1636163374007,
      "stop" : 1636163374207,
      "duration" : 200
    },
    "description" : "",
    "status" : "broken",
    "statusMessage" : "Could not initialize class org.openqa.selenium.remote.UnreachableBrowserException",
    "statusTrace" : "java.lang.NoClassDefFoundError: Could not initialize class org.openqa.selenium.remote.UnreachableBrowserException\n\tat org.openqa.selenium.remote.RemoteWebDriver.execute(RemoteWebDriver.java:583)\n\tat org.openqa.selenium.remote.RemoteWebDriver.execute(RemoteWebDriver.java:614)\n\tat org.openqa.selenium.remote.RemoteWebDriver.execute(RemoteWebDriver.java:618)\n\tat org.openqa.selenium.remote.RemoteWebDriver.quit(RemoteWebDriver.java:455)\n\tat com.shaft.driver.DriverFactoryHelper.attemptToCloseOrQuitDriver(DriverFactoryHelper.java:737)\n\tat com.shaft.driver.DriverFactoryHelper.closeAllDrivers(DriverFactoryHelper.java:238)\n\tat com.shaft.driver.DriverFactory.closeAllDrivers(DriverFactory.java:175)\n\tat com.shaft.gui.browser.BrowserFactory.closeAllBrowsers(BrowserFactory.java:50)\n\tat com.shaft.tools.io.LogsHelper.attachBrowserLogs(LogsHelper.java:52)\n\tat com.shaft.tools.io.LogsHelper.teardownActivities(LogsHelper.java:35)\n\tat java.base/jdk.internal.reflect.NativeMethodAccessorImpl.invoke0(Native Method)\n\tat java.base/jdk.internal.reflect.NativeMethodAccessorImpl.invoke(NativeMethodAccessorImpl.java:77)\n\tat java.base/jdk.internal.reflect.DelegatingMethodAccessorImpl.invoke(DelegatingMethodAccessorImpl.java:43)\n\tat java.base/java.lang.reflect.Method.invoke(Method.java:568)\n\tat org.testng.internal.MethodInvocationHelper.invokeMethod(MethodInvocationHelper.java:133)\n\tat org.testng.internal.MethodInvocationHelper.invokeMethodConsideringTimeout(MethodInvocationHelper.java:62)\n\tat org.testng.internal.ConfigInvoker.invokeConfigurationMethod(ConfigInvoker.java:385)\n\tat org.testng.internal.ConfigInvoker.invokeConfigurations(ConfigInvoker.java:321)\n\tat org.testng.SuiteRunner.privateRun(SuiteRunner.java:344)\n\tat org.testng.SuiteRunner.run(SuiteRunner.java:276)\n\tat org.testng.SuiteRunnerWorker.runSuite(SuiteRunnerWorker.java:53)\n\tat org.testng.SuiteRunnerWorker.run(SuiteRunnerWorker.java:96)\n\tat org.testng.TestNG.runSuitesSequentially(TestNG.java:1212)\n\tat org.testng.TestNG.runSuitesLocally(TestNG.java:1134)\n\tat org.testng.TestNG.runSuites(TestNG.java:1063)\n\tat org.testng.TestNG.run(TestNG.java:1031)\n\tat org.apache.maven.surefire.testng.TestNGExecutor.run(TestNGExecutor.java:136)\n\tat org.apache.maven.surefire.testng.TestNGDirectoryTestSuite.executeMulti(TestNGDirectoryTestSuite.java:193)\n\tat org.apache.maven.surefire.testng.TestNGDirectoryTestSuite.execute(TestNGDirectoryTestSuite.java:94)\n\tat org.apache.maven.surefire.testng.TestNGProvider.invoke(TestNGProvider.java:145)\n\tat org.apache.maven.surefire.booter.ForkedBooter.runSuitesInProcess(ForkedBooter.java:428)\n\tat org.apache.maven.surefire.booter.ForkedBooter.execute(ForkedBooter.java:162)\n\tat org.apache.maven.surefire.booter.ForkedBooter.run(ForkedBooter.java:562)\n\tat org.apache.maven.surefire.booter.ForkedBooter.main(ForkedBooter.java:548)\n",
    "steps" : [ ],
    "attachments" : [ ],
    "parameters" : [ ],
    "stepsCount" : 0,
    "attachmentsCount" : 0,
    "shouldDisplayMessage" : true,
    "hasContent" : true
  } ],
  "labels" : [ {
    "name" : "package",
    "value" : "unitTests.tests_validations_assertions"
  }, {
    "name" : "testClass",
    "value" : "unitTests.tests_validations_assertions"
  }, {
    "name" : "testMethod",
    "value" : "assertNull_false_expectedToFail"
  }, {
    "name" : "parentSuite",
    "value" : "SHAFT: Custom Suite"
  }, {
    "name" : "suite",
    "value" : "SHAFT: Custom Test"
  }, {
    "name" : "subSuite",
    "value" : "unitTests.tests_validations_assertions"
  }, {
    "name" : "host",
    "value" : "Mac-1636161464217.local"
  }, {
    "name" : "thread",
    "value" : "2276@Mac-1636161464217.local.main(1)"
  }, {
    "name" : "framework",
    "value" : "testng"
  }, {
    "name" : "language",
    "value" : "java"
  }, {
    "name" : "resultFormat",
    "value" : "allure2"
  } ],
  "parameters" : [ ],
  "links" : [ ],
  "hidden" : false,
  "retry" : false,
  "extra" : {
    "severity" : "normal",
    "retries" : [ ],
    "categories" : [ ],
    "history" : {
      "statistic" : {
        "failed" : 0,
        "broken" : 0,
        "skipped" : 9,
        "passed" : 14,
        "unknown" : 0,
        "total" : 23
      },
      "items" : [ {
        "uid" : "224830ad02ca3831",
        "reportUrl" : "https://MohabMohie.github.io/SHAFT_ENGINE/allure/macOS/Web/876//#testresult/224830ad02ca3831",
        "status" : "skipped",
        "statusDetails" : "Could not initialize class org.openqa.selenium.WebDriverException",
        "time" : {
          "start" : 1635990913897,
          "stop" : 1635990913899,
          "duration" : 2
        }
      }, {
        "uid" : "6e7f3284ee3bbf85",
        "reportUrl" : "https://MohabMohie.github.io/SHAFT_ENGINE/allure/macOS/Web/874//#testresult/6e7f3284ee3bbf85",
        "status" : "passed",
        "time" : {
          "start" : 1635976996307,
          "stop" : 1635976996309,
          "duration" : 2
        }
      }, {
        "uid" : "2ade12698c7f1473",
        "reportUrl" : "https://MohabMohie.github.io/SHAFT_ENGINE/allure/macOS/Web/864//#testresult/2ade12698c7f1473",
        "status" : "skipped",
        "statusDetails" : "Could not initialize class org.openqa.selenium.WebDriverException",
        "time" : {
          "start" : 1635917023323,
          "stop" : 1635917023324,
          "duration" : 1
        }
      }, {
        "uid" : "a4342f47858c8cd0",
        "reportUrl" : "https://MohabMohie.github.io/SHAFT_ENGINE/allure/macOS/Web/856//#testresult/a4342f47858c8cd0",
        "status" : "skipped",
        "statusDetails" : "Could not initialize class org.openqa.selenium.WebDriverException",
        "time" : {
          "start" : 1635804135119,
          "stop" : 1635804135132,
          "duration" : 13
        }
      }, {
        "uid" : "e14267766bb28a36",
        "reportUrl" : "https://MohabMohie.github.io/SHAFT_ENGINE/allure/macOS/Web/853//#testresult/e14267766bb28a36",
        "status" : "skipped",
        "statusDetails" : "Could not initialize class org.openqa.selenium.WebDriverException",
        "time" : {
          "start" : 1635751654040,
          "stop" : 1635751654041,
          "duration" : 1
        }
      }, {
        "uid" : "4b95224fddf37f15",
        "reportUrl" : "https://MohabMohie.github.io/SHAFT_ENGINE/allure/macOS/Web/847//#testresult/4b95224fddf37f15",
        "status" : "passed",
        "time" : {
          "start" : 1635625304156,
          "stop" : 1635625304157,
          "duration" : 1
        }
      }, {
        "uid" : "cbcb0cd42405e03b",
        "reportUrl" : "https://MohabMohie.github.io/SHAFT_ENGINE/allure/macOS/Web/845//#testresult/cbcb0cd42405e03b",
        "status" : "skipped",
        "statusDetails" : "Could not initialize class org.openqa.selenium.WebDriverException",
        "time" : {
          "start" : 1635621566296,
          "stop" : 1635621566297,
          "duration" : 1
        }
      }, {
        "uid" : "8567d26aa669fce8",
        "reportUrl" : "https://MohabMohie.github.io/SHAFT_ENGINE/allure/macOS/Web/844//#testresult/8567d26aa669fce8",
        "status" : "passed",
        "time" : {
          "start" : 1635621025792,
          "stop" : 1635621025874,
          "duration" : 82
        }
      }, {
        "uid" : "c7d94962844fdf82",
        "reportUrl" : "https://MohabMohie.github.io/SHAFT_ENGINE/allure/macOS/Web/842//#testresult/c7d94962844fdf82",
        "status" : "skipped",
        "statusDetails" : "Could not initialize class org.openqa.selenium.SessionNotCreatedException",
        "time" : {
          "start" : 1635558521315,
          "stop" : 1635558521316,
          "duration" : 1
        }
      }, {
        "uid" : "410db2b2b6d7f78d",
        "reportUrl" : "https://MohabMohie.github.io/SHAFT_ENGINE/allure/macOS/Web/839//#testresult/410db2b2b6d7f78d",
        "status" : "passed",
        "time" : {
          "start" : 1635472380683,
          "stop" : 1635472380684,
          "duration" : 1
        }
      }, {
        "uid" : "dacf2eeb8057ce3c",
        "reportUrl" : "https://MohabMohie.github.io/SHAFT_ENGINE/allure/macOS/Web/836//#testresult/dacf2eeb8057ce3c",
        "status" : "skipped",
        "statusDetails" : "Could not initialize class org.openqa.selenium.SessionNotCreatedException",
        "time" : {
          "start" : 1635415066490,
          "stop" : 1635415066492,
          "duration" : 2
        }
      }, {
        "uid" : "43db23f1b10c1e2e",
        "reportUrl" : "https://MohabMohie.github.io/SHAFT_ENGINE/allure/macOS/Web/835//#testresult/43db23f1b10c1e2e",
        "status" : "skipped",
        "statusDetails" : "Could not initialize class org.openqa.selenium.WebDriverException",
        "time" : {
          "start" : 1635385856643,
          "stop" : 1635385856726,
          "duration" : 83
        }
      }, {
        "uid" : "c63f4204fff25d22",
        "reportUrl" : "https://MohabMohie.github.io/SHAFT_ENGINE/allure/macOS/Web/832//#testresult/c63f4204fff25d22",
        "status" : "passed",
        "time" : {
          "start" : 1635274684368,
          "stop" : 1635274684370,
          "duration" : 2
        }
      }, {
        "uid" : "65e45c6b65fc2297",
        "reportUrl" : "https://MohabMohie.github.io/SHAFT_ENGINE/allure/macOS/Web/828//#testresult/65e45c6b65fc2297",
        "status" : "skipped",
        "statusDetails" : "Could not initialize class org.openqa.selenium.SessionNotCreatedException",
        "time" : {
          "start" : 1635213000870,
          "stop" : 1635213000874,
          "duration" : 4
        }
      }, {
        "uid" : "2d546d9e5d2e8c1c",
        "reportUrl" : "https://MohabMohie.github.io/SHAFT_ENGINE/allure/macOS/Web/826//#testresult/2d546d9e5d2e8c1c",
        "status" : "passed",
        "time" : {
          "start" : 1635169781428,
          "stop" : 1635169781511,
          "duration" : 83
        }
      }, {
        "uid" : "823a833616e89531",
        "reportUrl" : "https://MohabMohie.github.io/SHAFT_ENGINE/allure/macOS/Web/824//#testresult/823a833616e89531",
        "status" : "passed",
        "time" : {
          "start" : 1635127075350,
          "stop" : 1635127075351,
          "duration" : 1
        }
      }, {
        "uid" : "5c7e09d70bfd6dc2",
        "reportUrl" : "https://MohabMohie.github.io/SHAFT_ENGINE/allure/macOS/Web/822//#testresult/5c7e09d70bfd6dc2",
        "status" : "passed",
        "time" : {
          "start" : 1635023231547,
          "stop" : 1635023231548,
          "duration" : 1
        }
      }, {
        "uid" : "8e5c1e0178f70e4f",
        "reportUrl" : "https://MohabMohie.github.io/SHAFT_ENGINE/allure/macOS/Web/816//#testresult/8e5c1e0178f70e4f",
        "status" : "passed",
        "time" : {
          "start" : 1634781925179,
          "stop" : 1634781925180,
          "duration" : 1
        }
      }, {
        "uid" : "f3bac9808606779e",
        "reportUrl" : "https://MohabMohie.github.io/SHAFT_ENGINE/allure/macOS/Web/813//#testresult/f3bac9808606779e",
        "status" : "passed",
        "time" : {
          "start" : 1634608680733,
          "stop" : 1634608680812,
          "duration" : 79
        }
      }, {
        "uid" : "19e6b8ef098f1547",
        "reportUrl" : "https://MohabMohie.github.io/SHAFT_ENGINE/allure/macOS/Web/804//#testresult/19e6b8ef098f1547",
        "status" : "passed",
        "time" : {
          "start" : 1634158409147,
          "stop" : 1634158409161,
          "duration" : 14
        }
      } ]
    },
    "tags" : [ ]
  },
  "source" : "8a793ec325f3d099.json",
  "parameterValues" : [ ]
}