{
  "uid" : "accc3c6cd64a56c1",
  "name" : "assertFileExists_true_expectedToFail",
  "fullName" : "unitTests.tests_validations_assertions.assertFileExists_true_expectedToFail",
  "historyId" : "fa8089fdd54895368300d31f35070cea",
  "time" : {
    "start" : 1632016720270,
    "stop" : 1632016720272,
    "duration" : 2
  },
  "status" : "skipped",
  "statusMessage" : "unknown error: MSEdge failed to start: exited normally.\n  (unknown error: DevToolsActivePort file doesn't exist)\n  (The process started from msedge location C:\\Program Files (x86)\\Microsoft\\Edge\\Application\\msedge.exe is no longer running, so MSEdgeDriver is assuming that MSEdge has crashed.)\nBuild info: version: '3.141.59', revision: 'e82be7d358', time: '2018-11-14T08:17:03'\nSystem info: host: 'fv-az177-306', ip: '10.1.1.40', os.name: 'Windows Server 2019', os.arch: 'amd64', os.version: '10.0', java.version: '16.0.2'\nDriver info: driver.version: EdgeDriver\nremote stacktrace: Backtrace:\n\tOrdinal0 [0x00007FF79F2A92C2+4821698]\n\tOrdinal0 [0x00007FF79EF2D543+1168707]\n\tOrdinal0 [0x00007FF79EF555F1+1332721]\n\tOrdinal0 [0x00007FF79EF4CC45+1297477]\n\tOrdinal0 [0x00007FF79EF87883+1538179]\n\tOrdinal0 [0x00007FF79EF82B6F+1518447]\n\tOrdinal0 [0x00007FF79EF58E8A+1347210]\n\tOrdinal0 [0x00007FF79EF59EEF+1351407]\n\tOrdinal0 [0x00007FF79F00847D+2065533]\n\tOrdinal0 [0x00007FF79EFBD31A+1757978]\n\tOrdinal0 [0x00007FF79F19D629+3724841]\n\tOrdinal0 [0x00007FF79EFBEC09+1764361]\n\tOrdinal0 [0x00007FF79F2AC4F8+4834552]\n\tOrdinal0 [0x00007FF79F2ABF64+4833124]\n\tOrdinal0 [0x00007FF79F2ABDB6+4832694]\n\tOrdinal0 [0x00007FF79F25908C+4493452]\n\tBaseThreadInitThunk [0x00007FF828577974+20]\n\tRtlUserThreadStart [0x00007FF828D3A2F1+33]\n",
  "statusTrace" : "org.openqa.selenium.WebDriverException: unknown error: MSEdge failed to start: exited normally.\n  (unknown error: DevToolsActivePort file doesn't exist)\n  (The process started from msedge location C:\\Program Files (x86)\\Microsoft\\Edge\\Application\\msedge.exe is no longer running, so MSEdgeDriver is assuming that MSEdge has crashed.)\nBuild info: version: '3.141.59', revision: 'e82be7d358', time: '2018-11-14T08:17:03'\nSystem info: host: 'fv-az177-306', ip: '10.1.1.40', os.name: 'Windows Server 2019', os.arch: 'amd64', os.version: '10.0', java.version: '16.0.2'\nDriver info: driver.version: EdgeDriver\nremote stacktrace: Backtrace:\n\tOrdinal0 [0x00007FF79F2A92C2+4821698]\n\tOrdinal0 [0x00007FF79EF2D543+1168707]\n\tOrdinal0 [0x00007FF79EF555F1+1332721]\n\tOrdinal0 [0x00007FF79EF4CC45+1297477]\n\tOrdinal0 [0x00007FF79EF87883+1538179]\n\tOrdinal0 [0x00007FF79EF82B6F+1518447]\n\tOrdinal0 [0x00007FF79EF58E8A+1347210]\n\tOrdinal0 [0x00007FF79EF59EEF+1351407]\n\tOrdinal0 [0x00007FF79F00847D+2065533]\n\tOrdinal0 [0x00007FF79EFBD31A+1757978]\n\tOrdinal0 [0x00007FF79F19D629+3724841]\n\tOrdinal0 [0x00007FF79EFBEC09+1764361]\n\tOrdinal0 [0x00007FF79F2AC4F8+4834552]\n\tOrdinal0 [0x00007FF79F2ABF64+4833124]\n\tOrdinal0 [0x00007FF79F2ABDB6+4832694]\n\tOrdinal0 [0x00007FF79F25908C+4493452]\n\tBaseThreadInitThunk [0x00007FF828577974+20]\n\tRtlUserThreadStart [0x00007FF828D3A2F1+33]\n\r\n\tat java.base/jdk.internal.reflect.NativeConstructorAccessorImpl.newInstance0(Native Method)\r\n\tat java.base/jdk.internal.reflect.NativeConstructorAccessorImpl.newInstance(NativeConstructorAccessorImpl.java:78)\r\n\tat java.base/jdk.internal.reflect.DelegatingConstructorAccessorImpl.newInstance(DelegatingConstructorAccessorImpl.java:45)\r\n\tat java.base/java.lang.reflect.Constructor.newInstanceWithCaller(Constructor.java:499)\r\n\tat java.base/java.lang.reflect.Constructor.newInstance(Constructor.java:480)\r\n\tat org.openqa.selenium.remote.W3CHandshakeResponse.lambda$errorHandler$0(W3CHandshakeResponse.java:62)\r\n\tat org.openqa.selenium.remote.HandshakeResponse.lambda$getResponseFunction$0(HandshakeResponse.java:30)\r\n\tat org.openqa.selenium.remote.ProtocolHandshake.lambda$createSession$0(ProtocolHandshake.java:126)\r\n\tat java.base/java.util.stream.ReferencePipeline$3$1.accept(ReferencePipeline.java:197)\r\n\tat java.base/java.util.Spliterators$ArraySpliterator.tryAdvance(Spliterators.java:958)\r\n\tat java.base/java.util.stream.ReferencePipeline.forEachWithCancel(ReferencePipeline.java:129)\r\n\tat java.base/java.util.stream.AbstractPipeline.copyIntoWithCancel(AbstractPipeline.java:502)\r\n\tat java.base/java.util.stream.AbstractPipeline.copyInto(AbstractPipeline.java:488)\r\n\tat java.base/java.util.stream.AbstractPipeline.wrapAndCopyInto(AbstractPipeline.java:474)\r\n\tat java.base/java.util.stream.FindOps$FindOp.evaluateSequential(FindOps.java:150)\r\n\tat java.base/java.util.stream.AbstractPipeline.evaluate(AbstractPipeline.java:234)\r\n\tat java.base/java.util.stream.ReferencePipeline.findFirst(ReferencePipeline.java:647)\r\n\tat org.openqa.selenium.remote.ProtocolHandshake.createSession(ProtocolHandshake.java:128)\r\n\tat org.openqa.selenium.remote.ProtocolHandshake.createSession(ProtocolHandshake.java:74)\r\n\tat org.openqa.selenium.remote.HttpCommandExecutor.execute(HttpCommandExecutor.java:136)\r\n\tat org.openqa.selenium.remote.service.DriverCommandExecutor.execute(DriverCommandExecutor.java:83)\r\n\tat org.openqa.selenium.remote.RemoteWebDriver.execute(RemoteWebDriver.java:552)\r\n\tat org.openqa.selenium.remote.RemoteWebDriver.startSession(RemoteWebDriver.java:213)\r\n\tat org.openqa.selenium.remote.RemoteWebDriver.<init>(RemoteWebDriver.java:131)\r\n\tat org.openqa.selenium.edge.EdgeDriver.<init>(EdgeDriver.java:141)\r\n\tat org.openqa.selenium.edge.EdgeDriver.<init>(EdgeDriver.java:130)\r\n\tat com.shaft.driver.DriverFactoryHelper.createNewLocalDriverInstanceForEdge(DriverFactoryHelper.java:533)\r\n\tat com.shaft.driver.DriverFactoryHelper.createNewLocalDriverInstance(DriverFactoryHelper.java:561)\r\n\tat com.shaft.driver.DriverFactoryHelper.getDriver(DriverFactoryHelper.java:770)\r\n\tat com.shaft.driver.DriverFactoryHelper.getDriver(DriverFactoryHelper.java:138)\r\n\tat com.shaft.driver.DriverFactory.getDriver(DriverFactory.java:27)\r\n\tat com.shaft.gui.browser.BrowserFactory.getBrowser(BrowserFactory.java:20)\r\n\tat unitTests.tests_validations_assertions.beforeMethod(tests_validations_assertions.java:406)\r\n\tat java.base/jdk.internal.reflect.NativeMethodAccessorImpl.invoke0(Native Method)\r\n\tat java.base/jdk.internal.reflect.NativeMethodAccessorImpl.invoke(NativeMethodAccessorImpl.java:78)\r\n\tat java.base/jdk.internal.reflect.DelegatingMethodAccessorImpl.invoke(DelegatingMethodAccessorImpl.java:43)\r\n\tat java.base/java.lang.reflect.Method.invoke(Method.java:567)\r\n\tat org.testng.internal.MethodInvocationHelper.invokeMethod(MethodInvocationHelper.java:133)\r\n\tat org.testng.internal.MethodInvocationHelper.invokeMethodConsideringTimeout(MethodInvocationHelper.java:62)\r\n\tat org.testng.internal.ConfigInvoker.invokeConfigurationMethod(ConfigInvoker.java:385)\r\n\tat org.testng.internal.ConfigInvoker.invokeConfigurations(ConfigInvoker.java:321)\r\n\tat org.testng.internal.TestInvoker.runConfigMethods(TestInvoker.java:700)\r\n\tat org.testng.internal.TestInvoker.invokeMethod(TestInvoker.java:527)\r\n\tat org.testng.internal.TestInvoker.invokeTestMethod(TestInvoker.java:173)\r\n\tat org.testng.internal.MethodRunner.runInSequence(MethodRunner.java:46)\r\n\tat org.testng.internal.TestInvoker$MethodInvocationAgent.invoke(TestInvoker.java:824)\r\n\tat org.testng.internal.TestInvoker.invokeTestMethods(TestInvoker.java:146)\r\n\tat org.testng.internal.TestMethodWorker.invokeTestMethods(TestMethodWorker.java:146)\r\n\tat org.testng.internal.TestMethodWorker.run(TestMethodWorker.java:128)\r\n\tat java.base/java.util.ArrayList.forEach(ArrayList.java:1511)\r\n\tat org.testng.TestRunner.privateRun(TestRunner.java:794)\r\n\tat org.testng.TestRunner.run(TestRunner.java:596)\r\n\tat org.testng.SuiteRunner.runTest(SuiteRunner.java:377)\r\n\tat org.testng.SuiteRunner.runSequentially(SuiteRunner.java:371)\r\n\tat org.testng.SuiteRunner.privateRun(SuiteRunner.java:332)\r\n\tat org.testng.SuiteRunner.run(SuiteRunner.java:276)\r\n\tat org.testng.SuiteRunnerWorker.runSuite(SuiteRunnerWorker.java:53)\r\n\tat org.testng.SuiteRunnerWorker.run(SuiteRunnerWorker.java:96)\r\n\tat org.testng.TestNG.runSuitesSequentially(TestNG.java:1212)\r\n\tat org.testng.TestNG.runSuitesLocally(TestNG.java:1134)\r\n\tat org.testng.TestNG.runSuites(TestNG.java:1063)\r\n\tat org.testng.TestNG.run(TestNG.java:1031)\r\n\tat org.apache.maven.surefire.testng.TestNGExecutor.run(TestNGExecutor.java:136)\r\n\tat org.apache.maven.surefire.testng.TestNGDirectoryTestSuite.executeMulti(TestNGDirectoryTestSuite.java:193)\r\n\tat org.apache.maven.surefire.testng.TestNGDirectoryTestSuite.execute(TestNGDirectoryTestSuite.java:94)\r\n\tat org.apache.maven.surefire.testng.TestNGProvider.invoke(TestNGProvider.java:145)\r\n\tat org.apache.maven.surefire.booter.ForkedBooter.runSuitesInProcess(ForkedBooter.java:428)\r\n\tat org.apache.maven.surefire.booter.ForkedBooter.execute(ForkedBooter.java:162)\r\n\tat org.apache.maven.surefire.booter.ForkedBooter.run(ForkedBooter.java:562)\r\n\tat org.apache.maven.surefire.booter.ForkedBooter.main(ForkedBooter.java:548)\r\n",
  "flaky" : false,
  "newFailed" : false,
  "beforeStages" : [ ],
  "testStage" : {
    "status" : "skipped",
    "statusMessage" : "unknown error: MSEdge failed to start: exited normally.\n  (unknown error: DevToolsActivePort file doesn't exist)\n  (The process started from msedge location C:\\Program Files (x86)\\Microsoft\\Edge\\Application\\msedge.exe is no longer running, so MSEdgeDriver is assuming that MSEdge has crashed.)\nBuild info: version: '3.141.59', revision: 'e82be7d358', time: '2018-11-14T08:17:03'\nSystem info: host: 'fv-az177-306', ip: '10.1.1.40', os.name: 'Windows Server 2019', os.arch: 'amd64', os.version: '10.0', java.version: '16.0.2'\nDriver info: driver.version: EdgeDriver\nremote stacktrace: Backtrace:\n\tOrdinal0 [0x00007FF79F2A92C2+4821698]\n\tOrdinal0 [0x00007FF79EF2D543+1168707]\n\tOrdinal0 [0x00007FF79EF555F1+1332721]\n\tOrdinal0 [0x00007FF79EF4CC45+1297477]\n\tOrdinal0 [0x00007FF79EF87883+1538179]\n\tOrdinal0 [0x00007FF79EF82B6F+1518447]\n\tOrdinal0 [0x00007FF79EF58E8A+1347210]\n\tOrdinal0 [0x00007FF79EF59EEF+1351407]\n\tOrdinal0 [0x00007FF79F00847D+2065533]\n\tOrdinal0 [0x00007FF79EFBD31A+1757978]\n\tOrdinal0 [0x00007FF79F19D629+3724841]\n\tOrdinal0 [0x00007FF79EFBEC09+1764361]\n\tOrdinal0 [0x00007FF79F2AC4F8+4834552]\n\tOrdinal0 [0x00007FF79F2ABF64+4833124]\n\tOrdinal0 [0x00007FF79F2ABDB6+4832694]\n\tOrdinal0 [0x00007FF79F25908C+4493452]\n\tBaseThreadInitThunk [0x00007FF828577974+20]\n\tRtlUserThreadStart [0x00007FF828D3A2F1+33]\n",
    "statusTrace" : "org.openqa.selenium.WebDriverException: unknown error: MSEdge failed to start: exited normally.\n  (unknown error: DevToolsActivePort file doesn't exist)\n  (The process started from msedge location C:\\Program Files (x86)\\Microsoft\\Edge\\Application\\msedge.exe is no longer running, so MSEdgeDriver is assuming that MSEdge has crashed.)\nBuild info: version: '3.141.59', revision: 'e82be7d358', time: '2018-11-14T08:17:03'\nSystem info: host: 'fv-az177-306', ip: '10.1.1.40', os.name: 'Windows Server 2019', os.arch: 'amd64', os.version: '10.0', java.version: '16.0.2'\nDriver info: driver.version: EdgeDriver\nremote stacktrace: Backtrace:\n\tOrdinal0 [0x00007FF79F2A92C2+4821698]\n\tOrdinal0 [0x00007FF79EF2D543+1168707]\n\tOrdinal0 [0x00007FF79EF555F1+1332721]\n\tOrdinal0 [0x00007FF79EF4CC45+1297477]\n\tOrdinal0 [0x00007FF79EF87883+1538179]\n\tOrdinal0 [0x00007FF79EF82B6F+1518447]\n\tOrdinal0 [0x00007FF79EF58E8A+1347210]\n\tOrdinal0 [0x00007FF79EF59EEF+1351407]\n\tOrdinal0 [0x00007FF79F00847D+2065533]\n\tOrdinal0 [0x00007FF79EFBD31A+1757978]\n\tOrdinal0 [0x00007FF79F19D629+3724841]\n\tOrdinal0 [0x00007FF79EFBEC09+1764361]\n\tOrdinal0 [0x00007FF79F2AC4F8+4834552]\n\tOrdinal0 [0x00007FF79F2ABF64+4833124]\n\tOrdinal0 [0x00007FF79F2ABDB6+4832694]\n\tOrdinal0 [0x00007FF79F25908C+4493452]\n\tBaseThreadInitThunk [0x00007FF828577974+20]\n\tRtlUserThreadStart [0x00007FF828D3A2F1+33]\n\r\n\tat java.base/jdk.internal.reflect.NativeConstructorAccessorImpl.newInstance0(Native Method)\r\n\tat java.base/jdk.internal.reflect.NativeConstructorAccessorImpl.newInstance(NativeConstructorAccessorImpl.java:78)\r\n\tat java.base/jdk.internal.reflect.DelegatingConstructorAccessorImpl.newInstance(DelegatingConstructorAccessorImpl.java:45)\r\n\tat java.base/java.lang.reflect.Constructor.newInstanceWithCaller(Constructor.java:499)\r\n\tat java.base/java.lang.reflect.Constructor.newInstance(Constructor.java:480)\r\n\tat org.openqa.selenium.remote.W3CHandshakeResponse.lambda$errorHandler$0(W3CHandshakeResponse.java:62)\r\n\tat org.openqa.selenium.remote.HandshakeResponse.lambda$getResponseFunction$0(HandshakeResponse.java:30)\r\n\tat org.openqa.selenium.remote.ProtocolHandshake.lambda$createSession$0(ProtocolHandshake.java:126)\r\n\tat java.base/java.util.stream.ReferencePipeline$3$1.accept(ReferencePipeline.java:197)\r\n\tat java.base/java.util.Spliterators$ArraySpliterator.tryAdvance(Spliterators.java:958)\r\n\tat java.base/java.util.stream.ReferencePipeline.forEachWithCancel(ReferencePipeline.java:129)\r\n\tat java.base/java.util.stream.AbstractPipeline.copyIntoWithCancel(AbstractPipeline.java:502)\r\n\tat java.base/java.util.stream.AbstractPipeline.copyInto(AbstractPipeline.java:488)\r\n\tat java.base/java.util.stream.AbstractPipeline.wrapAndCopyInto(AbstractPipeline.java:474)\r\n\tat java.base/java.util.stream.FindOps$FindOp.evaluateSequential(FindOps.java:150)\r\n\tat java.base/java.util.stream.AbstractPipeline.evaluate(AbstractPipeline.java:234)\r\n\tat java.base/java.util.stream.ReferencePipeline.findFirst(ReferencePipeline.java:647)\r\n\tat org.openqa.selenium.remote.ProtocolHandshake.createSession(ProtocolHandshake.java:128)\r\n\tat org.openqa.selenium.remote.ProtocolHandshake.createSession(ProtocolHandshake.java:74)\r\n\tat org.openqa.selenium.remote.HttpCommandExecutor.execute(HttpCommandExecutor.java:136)\r\n\tat org.openqa.selenium.remote.service.DriverCommandExecutor.execute(DriverCommandExecutor.java:83)\r\n\tat org.openqa.selenium.remote.RemoteWebDriver.execute(RemoteWebDriver.java:552)\r\n\tat org.openqa.selenium.remote.RemoteWebDriver.startSession(RemoteWebDriver.java:213)\r\n\tat org.openqa.selenium.remote.RemoteWebDriver.<init>(RemoteWebDriver.java:131)\r\n\tat org.openqa.selenium.edge.EdgeDriver.<init>(EdgeDriver.java:141)\r\n\tat org.openqa.selenium.edge.EdgeDriver.<init>(EdgeDriver.java:130)\r\n\tat com.shaft.driver.DriverFactoryHelper.createNewLocalDriverInstanceForEdge(DriverFactoryHelper.java:533)\r\n\tat com.shaft.driver.DriverFactoryHelper.createNewLocalDriverInstance(DriverFactoryHelper.java:561)\r\n\tat com.shaft.driver.DriverFactoryHelper.getDriver(DriverFactoryHelper.java:770)\r\n\tat com.shaft.driver.DriverFactoryHelper.getDriver(DriverFactoryHelper.java:138)\r\n\tat com.shaft.driver.DriverFactory.getDriver(DriverFactory.java:27)\r\n\tat com.shaft.gui.browser.BrowserFactory.getBrowser(BrowserFactory.java:20)\r\n\tat unitTests.tests_validations_assertions.beforeMethod(tests_validations_assertions.java:406)\r\n\tat java.base/jdk.internal.reflect.NativeMethodAccessorImpl.invoke0(Native Method)\r\n\tat java.base/jdk.internal.reflect.NativeMethodAccessorImpl.invoke(NativeMethodAccessorImpl.java:78)\r\n\tat java.base/jdk.internal.reflect.DelegatingMethodAccessorImpl.invoke(DelegatingMethodAccessorImpl.java:43)\r\n\tat java.base/java.lang.reflect.Method.invoke(Method.java:567)\r\n\tat org.testng.internal.MethodInvocationHelper.invokeMethod(MethodInvocationHelper.java:133)\r\n\tat org.testng.internal.MethodInvocationHelper.invokeMethodConsideringTimeout(MethodInvocationHelper.java:62)\r\n\tat org.testng.internal.ConfigInvoker.invokeConfigurationMethod(ConfigInvoker.java:385)\r\n\tat org.testng.internal.ConfigInvoker.invokeConfigurations(ConfigInvoker.java:321)\r\n\tat org.testng.internal.TestInvoker.runConfigMethods(TestInvoker.java:700)\r\n\tat org.testng.internal.TestInvoker.invokeMethod(TestInvoker.java:527)\r\n\tat org.testng.internal.TestInvoker.invokeTestMethod(TestInvoker.java:173)\r\n\tat org.testng.internal.MethodRunner.runInSequence(MethodRunner.java:46)\r\n\tat org.testng.internal.TestInvoker$MethodInvocationAgent.invoke(TestInvoker.java:824)\r\n\tat org.testng.internal.TestInvoker.invokeTestMethods(TestInvoker.java:146)\r\n\tat org.testng.internal.TestMethodWorker.invokeTestMethods(TestMethodWorker.java:146)\r\n\tat org.testng.internal.TestMethodWorker.run(TestMethodWorker.java:128)\r\n\tat java.base/java.util.ArrayList.forEach(ArrayList.java:1511)\r\n\tat org.testng.TestRunner.privateRun(TestRunner.java:794)\r\n\tat org.testng.TestRunner.run(TestRunner.java:596)\r\n\tat org.testng.SuiteRunner.runTest(SuiteRunner.java:377)\r\n\tat org.testng.SuiteRunner.runSequentially(SuiteRunner.java:371)\r\n\tat org.testng.SuiteRunner.privateRun(SuiteRunner.java:332)\r\n\tat org.testng.SuiteRunner.run(SuiteRunner.java:276)\r\n\tat org.testng.SuiteRunnerWorker.runSuite(SuiteRunnerWorker.java:53)\r\n\tat org.testng.SuiteRunnerWorker.run(SuiteRunnerWorker.java:96)\r\n\tat org.testng.TestNG.runSuitesSequentially(TestNG.java:1212)\r\n\tat org.testng.TestNG.runSuitesLocally(TestNG.java:1134)\r\n\tat org.testng.TestNG.runSuites(TestNG.java:1063)\r\n\tat org.testng.TestNG.run(TestNG.java:1031)\r\n\tat org.apache.maven.surefire.testng.TestNGExecutor.run(TestNGExecutor.java:136)\r\n\tat org.apache.maven.surefire.testng.TestNGDirectoryTestSuite.executeMulti(TestNGDirectoryTestSuite.java:193)\r\n\tat org.apache.maven.surefire.testng.TestNGDirectoryTestSuite.execute(TestNGDirectoryTestSuite.java:94)\r\n\tat org.apache.maven.surefire.testng.TestNGProvider.invoke(TestNGProvider.java:145)\r\n\tat org.apache.maven.surefire.booter.ForkedBooter.runSuitesInProcess(ForkedBooter.java:428)\r\n\tat org.apache.maven.surefire.booter.ForkedBooter.execute(ForkedBooter.java:162)\r\n\tat org.apache.maven.surefire.booter.ForkedBooter.run(ForkedBooter.java:562)\r\n\tat org.apache.maven.surefire.booter.ForkedBooter.main(ForkedBooter.java:548)\r\n",
    "steps" : [ ],
    "attachments" : [ {
      "uid" : "62501d35599757b5",
      "name" : "Attachment: SHAFT Engine Logs - Current Method log: assertFileExists_true_expectedToFail",
      "source" : "62501d35599757b5.txt",
      "type" : "text/plain",
      "size" : 454
    } ],
    "parameters" : [ ],
    "attachmentsCount" : 1,
    "shouldDisplayMessage" : true,
    "stepsCount" : 0,
    "hasContent" : true
  },
  "afterStages" : [ {
    "name" : "closureActivities",
    "time" : {
      "start" : 1632016720338,
      "stop" : 1632016721936,
      "duration" : 1598
    },
    "description" : "",
    "status" : "passed",
    "steps" : [ {
      "name" : "Successfully Closed All Drivers.",
      "time" : {
        "start" : 1632016720339,
        "stop" : 1632016720339,
        "duration" : 0
      },
      "status" : "passed",
      "steps" : [ ],
      "attachments" : [ ],
      "parameters" : [ {
        "name" : "actionCounter",
        "value" : "561"
      }, {
        "name" : "logText",
        "value" : "Successfully Closed All Drivers."
      } ],
      "attachmentsCount" : 0,
      "shouldDisplayMessage" : false,
      "stepsCount" : 0,
      "hasContent" : true
    }, {
      "name" : "Issue Summary: Total Issues = 2, New issues for Failed Tests = 0, Open issues for Passed Tests = 2, Open issues for Failed Tests = 0. Kindly check the attached Issue details.",
      "time" : {
        "start" : 1632016720395,
        "stop" : 1632016720395,
        "duration" : 0
      },
      "status" : "passed",
      "steps" : [ ],
      "attachments" : [ {
        "uid" : "1aa1e10bc3e7e989",
        "name" : "Attachment: SHAFT Engine Logs - Issues log CSV: 20210919-015840",
        "source" : "1aa1e10bc3e7e989.csv",
        "type" : "text/csv",
        "size" : 229
      } ],
      "parameters" : [ {
        "name" : "actionCounter",
        "value" : "562"
      }, {
        "name" : "logText",
        "value" : "Issue Summary: Total Issues = 2, New issues for Failed Tests = 0, Open issues for Passed Tests = 2, Open issues for Failed Tests = 0. Kindly check the attached Issue details."
      }, {
        "name" : "attachments",
        "value" : "[[SHAFT Engine Logs, Issues log CSV: 20210919-015840, java.io.ByteArrayInputStream@bbe50be]]"
      } ],
      "attachmentsCount" : 1,
      "shouldDisplayMessage" : false,
      "stepsCount" : 0,
      "hasContent" : true
    } ],
    "attachments" : [ {
      "uid" : "9cd2b59def2e2244",
      "name" : "Attachment: SHAFT Engine Logs - Execution log: 20210919-015840",
      "source" : "9cd2b59def2e2244.txt",
      "type" : "text/plain",
      "size" : 241372
    }, {
      "uid" : "3166f1d351de4dab",
      "name" : "Attachment: HTML - Extent Emailable Execution Report",
      "source" : "3166f1d351de4dab.html",
      "type" : "text/html",
      "size" : 8934124
    } ],
    "parameters" : [ ],
    "attachmentsCount" : 3,
    "shouldDisplayMessage" : false,
    "stepsCount" : 2,
    "hasContent" : true
  } ],
  "labels" : [ {
    "name" : "package",
    "value" : "unitTests.tests_validations_assertions"
  }, {
    "name" : "testClass",
    "value" : "unitTests.tests_validations_assertions"
  }, {
    "name" : "testMethod",
    "value" : "assertFileExists_true_expectedToFail"
  }, {
    "name" : "parentSuite",
    "value" : "SHAFT: Custom Suite"
  }, {
    "name" : "suite",
    "value" : "SHAFT: Custom Test"
  }, {
    "name" : "subSuite",
    "value" : "unitTests.tests_validations_assertions"
  }, {
    "name" : "host",
    "value" : "fv-az177-306"
  }, {
    "name" : "thread",
    "value" : "4820@fv-az177-306.main(1)"
  }, {
    "name" : "framework",
    "value" : "testng"
  }, {
    "name" : "language",
    "value" : "java"
  }, {
    "name" : "resultFormat",
    "value" : "allure2"
  } ],
  "parameters" : [ ],
  "links" : [ ],
  "hidden" : false,
  "retry" : false,
  "extra" : {
    "severity" : "normal",
    "retries" : [ ],
    "categories" : [ ],
    "history" : {
      "statistic" : {
        "failed" : 0,
        "broken" : 0,
        "skipped" : 1,
        "passed" : 2,
        "unknown" : 0,
        "total" : 3
      },
      "items" : [ {
        "uid" : "e6f896383fff5d18",
        "reportUrl" : "https://MohabMohie.github.io/SHAFT_ENGINE/allure/Windows/Web/736//#testresult/e6f896383fff5d18",
        "status" : "passed",
        "time" : {
          "start" : 1631930413979,
          "stop" : 1631930414483,
          "duration" : 504
        }
      }, {
        "uid" : "5a813a82cdf19592",
        "reportUrl" : "https://MohabMohie.github.io/SHAFT_ENGINE/allure/Windows/Web/734//#testresult/5a813a82cdf19592",
        "status" : "passed",
        "time" : {
          "start" : 1631821337705,
          "stop" : 1631821338209,
          "duration" : 504
        }
      } ]
    },
    "tags" : [ ]
  },
  "source" : "accc3c6cd64a56c1.json",
  "parameterValues" : [ ]
}