{
  "uid" : "3d6e4fc63ebcecb1",
  "name" : "f19",
  "fullName" : "testPackage01.Test_NewValidationHelper.f19",
  "historyId" : "d8162f29d0baac2d1cd8a2bce5ffeadc",
  "time" : {
    "start" : 1633053744553,
    "stop" : 1633053744813,
    "duration" : 260
  },
  "status" : "failed",
  "statusMessage" : "Assertion [ValidateElementAttribute] FAILED. Expected [Value Should be 'h' for the 'tagname' attribute, element locator 'By.tagName: h1'] and Actual [H1]. Comparison Type [CONTAINS]. Validation Type [POSITIVE].",
  "statusTrace" : "java.lang.AssertionError: Assertion [ValidateElementAttribute] FAILED. Expected [Value Should be 'h' for the 'tagname' attribute, element locator 'By.tagName: h1'] and Actual [H1]. Comparison Type [CONTAINS]. Validation Type [POSITIVE].\n\tat org.testng.Assert.fail(Assert.java:99)\n\tat com.shaft.validation.ValidationHelper.reportValidationState(ValidationHelper.java:795)\n\tat com.shaft.validation.ValidationHelper.fail(ValidationHelper.java:558)\n\tat com.shaft.validation.ValidationHelper.reportValidationResultOfElementAttribute(ValidationHelper.java:627)\n\tat com.shaft.validation.ValidationHelper.validateElementAttribute(ValidationHelper.java:260)\n\tat com.shaft.validation.Assertions.assertElementAttribute(Assertions.java:200)\n\tat testPackage01.Test_NewValidationHelper.f19(Test_NewValidationHelper.java:203)\n\tat java.base/jdk.internal.reflect.NativeMethodAccessorImpl.invoke0(Native Method)\n\tat java.base/jdk.internal.reflect.NativeMethodAccessorImpl.invoke(NativeMethodAccessorImpl.java:77)\n\tat java.base/jdk.internal.reflect.DelegatingMethodAccessorImpl.invoke(DelegatingMethodAccessorImpl.java:43)\n\tat java.base/java.lang.reflect.Method.invoke(Method.java:568)\n\tat org.testng.internal.MethodInvocationHelper.invokeMethod(MethodInvocationHelper.java:133)\n\tat org.testng.internal.TestInvoker.invokeMethod(TestInvoker.java:598)\n\tat org.testng.internal.TestInvoker.invokeTestMethod(TestInvoker.java:173)\n\tat org.testng.internal.MethodRunner.runInSequence(MethodRunner.java:46)\n\tat org.testng.internal.TestInvoker$MethodInvocationAgent.invoke(TestInvoker.java:824)\n\tat org.testng.internal.TestInvoker.invokeTestMethods(TestInvoker.java:146)\n\tat org.testng.internal.TestMethodWorker.invokeTestMethods(TestMethodWorker.java:146)\n\tat org.testng.internal.TestMethodWorker.run(TestMethodWorker.java:128)\n\tat java.base/java.util.ArrayList.forEach(ArrayList.java:1511)\n\tat org.testng.TestRunner.privateRun(TestRunner.java:794)\n\tat org.testng.TestRunner.run(TestRunner.java:596)\n\tat org.testng.SuiteRunner.runTest(SuiteRunner.java:377)\n\tat org.testng.SuiteRunner.runSequentially(SuiteRunner.java:371)\n\tat org.testng.SuiteRunner.privateRun(SuiteRunner.java:332)\n\tat org.testng.SuiteRunner.run(SuiteRunner.java:276)\n\tat org.testng.SuiteRunnerWorker.runSuite(SuiteRunnerWorker.java:53)\n\tat org.testng.SuiteRunnerWorker.run(SuiteRunnerWorker.java:96)\n\tat org.testng.TestNG.runSuitesSequentially(TestNG.java:1212)\n\tat org.testng.TestNG.runSuitesLocally(TestNG.java:1134)\n\tat org.testng.TestNG.runSuites(TestNG.java:1063)\n\tat org.testng.TestNG.run(TestNG.java:1031)\n\tat org.apache.maven.surefire.testng.TestNGExecutor.run(TestNGExecutor.java:136)\n\tat org.apache.maven.surefire.testng.TestNGDirectoryTestSuite.executeMulti(TestNGDirectoryTestSuite.java:193)\n\tat org.apache.maven.surefire.testng.TestNGDirectoryTestSuite.execute(TestNGDirectoryTestSuite.java:94)\n\tat org.apache.maven.surefire.testng.TestNGProvider.invoke(TestNGProvider.java:145)\n\tat org.apache.maven.surefire.booter.ForkedBooter.runSuitesInProcess(ForkedBooter.java:428)\n\tat org.apache.maven.surefire.booter.ForkedBooter.execute(ForkedBooter.java:162)\n\tat org.apache.maven.surefire.booter.ForkedBooter.run(ForkedBooter.java:562)\n\tat org.apache.maven.surefire.booter.ForkedBooter.main(ForkedBooter.java:548)\n",
  "flaky" : false,
  "newFailed" : false,
  "beforeStages" : [ {
    "name" : "openBrowser",
    "time" : {
      "start" : 1633053743141,
      "stop" : 1633053744551,
      "duration" : 1410
    },
    "description" : "",
    "status" : "passed",
    "steps" : [ {
      "name" : "Attempting to run locally on: [Mac-64], [Safari], Headless Execution.",
      "time" : {
        "start" : 1633053743141,
        "stop" : 1633053743141,
        "duration" : 0
      },
      "status" : "passed",
      "steps" : [ ],
      "attachments" : [ ],
      "parameters" : [ {
        "name" : "actionCounter",
        "value" : "417"
      }, {
        "name" : "logText",
        "value" : "Attempting to run locally on: [Mac-64], [Safari], Headless Execution."
      } ],
      "stepsCount" : 0,
      "attachmentsCount" : 0,
      "shouldDisplayMessage" : false,
      "hasContent" : true
    }, {
      "name" : "Successfully Opened Safari.",
      "time" : {
        "start" : 1633053743929,
        "stop" : 1633053743929,
        "duration" : 0
      },
      "status" : "passed",
      "steps" : [ ],
      "attachments" : [ ],
      "parameters" : [ {
        "name" : "actionCounter",
        "value" : "418"
      }, {
        "name" : "logText",
        "value" : "Successfully Opened Safari."
      } ],
      "stepsCount" : 0,
      "attachmentsCount" : 0,
      "shouldDisplayMessage" : false,
      "hasContent" : true
    }, {
      "name" : "Browser Action [MaximizeWindow] successfully performed. With the following test data [New screen size is now: (1176, 811)].",
      "time" : {
        "start" : 1633053743963,
        "stop" : 1633053743963,
        "duration" : 0
      },
      "status" : "passed",
      "steps" : [ ],
      "attachments" : [ ],
      "parameters" : [ {
        "name" : "actionCounter",
        "value" : "419"
      }, {
        "name" : "logText",
        "value" : "Browser Action [MaximizeWindow] successfully performed. With the following test data [New screen size is now: (1176, 811)]."
      }, {
        "name" : "attachments",
        "value" : "[null]"
      } ],
      "stepsCount" : 0,
      "attachmentsCount" : 0,
      "shouldDisplayMessage" : false,
      "hasContent" : true
    }, {
      "name" : "Browser Action [NavigateToURL] successfully performed. With the following test data [https://the-internet.herokuapp.com/].",
      "time" : {
        "start" : 1633053744551,
        "stop" : 1633053744551,
        "duration" : 0
      },
      "status" : "passed",
      "steps" : [ ],
      "attachments" : [ ],
      "parameters" : [ {
        "name" : "actionCounter",
        "value" : "420"
      }, {
        "name" : "logText",
        "value" : "Browser Action [NavigateToURL] successfully performed. With the following test data [https://the-internet.herokuapp.com/]."
      }, {
        "name" : "attachments",
        "value" : "[null]"
      } ],
      "stepsCount" : 0,
      "attachmentsCount" : 0,
      "shouldDisplayMessage" : false,
      "hasContent" : true
    } ],
    "attachments" : [ ],
    "parameters" : [ ],
    "stepsCount" : 4,
    "attachmentsCount" : 0,
    "shouldDisplayMessage" : false,
    "hasContent" : true
  } ],
  "testStage" : {
    "status" : "failed",
    "statusMessage" : "Assertion [ValidateElementAttribute] FAILED. Expected [Value Should be 'h' for the 'tagname' attribute, element locator 'By.tagName: h1'] and Actual [H1]. Comparison Type [CONTAINS]. Validation Type [POSITIVE].",
    "statusTrace" : "java.lang.AssertionError: Assertion [ValidateElementAttribute] FAILED. Expected [Value Should be 'h' for the 'tagname' attribute, element locator 'By.tagName: h1'] and Actual [H1]. Comparison Type [CONTAINS]. Validation Type [POSITIVE].\n\tat org.testng.Assert.fail(Assert.java:99)\n\tat com.shaft.validation.ValidationHelper.reportValidationState(ValidationHelper.java:795)\n\tat com.shaft.validation.ValidationHelper.fail(ValidationHelper.java:558)\n\tat com.shaft.validation.ValidationHelper.reportValidationResultOfElementAttribute(ValidationHelper.java:627)\n\tat com.shaft.validation.ValidationHelper.validateElementAttribute(ValidationHelper.java:260)\n\tat com.shaft.validation.Assertions.assertElementAttribute(Assertions.java:200)\n\tat testPackage01.Test_NewValidationHelper.f19(Test_NewValidationHelper.java:203)\n\tat java.base/jdk.internal.reflect.NativeMethodAccessorImpl.invoke0(Native Method)\n\tat java.base/jdk.internal.reflect.NativeMethodAccessorImpl.invoke(NativeMethodAccessorImpl.java:77)\n\tat java.base/jdk.internal.reflect.DelegatingMethodAccessorImpl.invoke(DelegatingMethodAccessorImpl.java:43)\n\tat java.base/java.lang.reflect.Method.invoke(Method.java:568)\n\tat org.testng.internal.MethodInvocationHelper.invokeMethod(MethodInvocationHelper.java:133)\n\tat org.testng.internal.TestInvoker.invokeMethod(TestInvoker.java:598)\n\tat org.testng.internal.TestInvoker.invokeTestMethod(TestInvoker.java:173)\n\tat org.testng.internal.MethodRunner.runInSequence(MethodRunner.java:46)\n\tat org.testng.internal.TestInvoker$MethodInvocationAgent.invoke(TestInvoker.java:824)\n\tat org.testng.internal.TestInvoker.invokeTestMethods(TestInvoker.java:146)\n\tat org.testng.internal.TestMethodWorker.invokeTestMethods(TestMethodWorker.java:146)\n\tat org.testng.internal.TestMethodWorker.run(TestMethodWorker.java:128)\n\tat java.base/java.util.ArrayList.forEach(ArrayList.java:1511)\n\tat org.testng.TestRunner.privateRun(TestRunner.java:794)\n\tat org.testng.TestRunner.run(TestRunner.java:596)\n\tat org.testng.SuiteRunner.runTest(SuiteRunner.java:377)\n\tat org.testng.SuiteRunner.runSequentially(SuiteRunner.java:371)\n\tat org.testng.SuiteRunner.privateRun(SuiteRunner.java:332)\n\tat org.testng.SuiteRunner.run(SuiteRunner.java:276)\n\tat org.testng.SuiteRunnerWorker.runSuite(SuiteRunnerWorker.java:53)\n\tat org.testng.SuiteRunnerWorker.run(SuiteRunnerWorker.java:96)\n\tat org.testng.TestNG.runSuitesSequentially(TestNG.java:1212)\n\tat org.testng.TestNG.runSuitesLocally(TestNG.java:1134)\n\tat org.testng.TestNG.runSuites(TestNG.java:1063)\n\tat org.testng.TestNG.run(TestNG.java:1031)\n\tat org.apache.maven.surefire.testng.TestNGExecutor.run(TestNGExecutor.java:136)\n\tat org.apache.maven.surefire.testng.TestNGDirectoryTestSuite.executeMulti(TestNGDirectoryTestSuite.java:193)\n\tat org.apache.maven.surefire.testng.TestNGDirectoryTestSuite.execute(TestNGDirectoryTestSuite.java:94)\n\tat org.apache.maven.surefire.testng.TestNGProvider.invoke(TestNGProvider.java:145)\n\tat org.apache.maven.surefire.booter.ForkedBooter.runSuitesInProcess(ForkedBooter.java:428)\n\tat org.apache.maven.surefire.booter.ForkedBooter.execute(ForkedBooter.java:162)\n\tat org.apache.maven.surefire.booter.ForkedBooter.run(ForkedBooter.java:562)\n\tat org.apache.maven.surefire.booter.ForkedBooter.main(ForkedBooter.java:548)\n",
    "steps" : [ {
      "name" : "Assertion [ValidateElementAttribute] FAILED. Expected [Value Should be 'h' for the 'tagname' attribute, element locator 'By.tagName: h1'] and Actual [H1]. Comparison Type [CONTAINS]. Validation Type [POSITIVE].",
      "time" : {
        "start" : 1633053744806,
        "stop" : 1633053744808,
        "duration" : 2
      },
      "status" : "passed",
      "steps" : [ ],
      "attachments" : [ {
        "uid" : "ab2cfa7bf5324142",
        "name" : "Attachment: Screenshot - 1633053744681_f19_ValidateElementAttribute_failed",
        "source" : "ab2cfa7bf5324142.png",
        "type" : "image/png",
        "size" : 199632
      } ],
      "parameters" : [ {
        "name" : "actionCounter",
        "value" : "421"
      }, {
        "name" : "logText",
        "value" : "Assertion [ValidateElementAttribute] FAILED. Expected [Value Should be 'h' for the 'tagname' attribute, element locator 'By.tagName: h1'] and Actual [H1]. Comparison Type [CONTAINS]. Validation Type [POSITIVE]."
      }, {
        "name" : "attachments",
        "value" : "[[Screenshot, 1633053744681_f19_ValidateElementAttribute_failed, java.io.ByteArrayInputStream@6e92471b]]"
      } ],
      "stepsCount" : 0,
      "attachmentsCount" : 1,
      "shouldDisplayMessage" : false,
      "hasContent" : true
    } ],
    "attachments" : [ {
      "uid" : "a5b7322f67eb4be7",
      "name" : "Attachment: SHAFT Engine Logs - Current Method log: f19",
      "source" : "a5b7322f67eb4be7.txt",
      "type" : "text/plain",
      "size" : 1012
    } ],
    "parameters" : [ ],
    "stepsCount" : 1,
    "attachmentsCount" : 2,
    "shouldDisplayMessage" : true,
    "hasContent" : true
  },
  "afterStages" : [ {
    "name" : "closeBrowser",
    "time" : {
      "start" : 1633053744816,
      "stop" : 1633053744907,
      "duration" : 91
    },
    "description" : "",
    "status" : "passed",
    "steps" : [ {
      "name" : "Successfully Closed All Drivers.",
      "time" : {
        "start" : 1633053744907,
        "stop" : 1633053744907,
        "duration" : 0
      },
      "status" : "passed",
      "steps" : [ ],
      "attachments" : [ ],
      "parameters" : [ {
        "name" : "actionCounter",
        "value" : "422"
      }, {
        "name" : "logText",
        "value" : "Successfully Closed All Drivers."
      } ],
      "stepsCount" : 0,
      "attachmentsCount" : 0,
      "shouldDisplayMessage" : false,
      "hasContent" : true
    } ],
    "attachments" : [ ],
    "parameters" : [ ],
    "stepsCount" : 1,
    "attachmentsCount" : 0,
    "shouldDisplayMessage" : false,
    "hasContent" : true
  }, {
    "name" : "closureActivities",
    "time" : {
      "start" : 1633053887472,
      "stop" : 1633053888151,
      "duration" : 679
    },
    "description" : "",
    "status" : "passed",
    "steps" : [ {
      "name" : "Successfully Closed All Drivers.",
      "time" : {
        "start" : 1633053887473,
        "stop" : 1633053887473,
        "duration" : 0
      },
      "status" : "passed",
      "steps" : [ ],
      "attachments" : [ ],
      "parameters" : [ {
        "name" : "actionCounter",
        "value" : "603"
      }, {
        "name" : "logText",
        "value" : "Successfully Closed All Drivers."
      } ],
      "stepsCount" : 0,
      "attachmentsCount" : 0,
      "shouldDisplayMessage" : false,
      "hasContent" : true
    }, {
      "name" : "Issue Summary: Total Issues = 6, New issues for Failed Tests = 4, Open issues for Passed Tests = 2, Open issues for Failed Tests = 0. Kindly check the attached Issue details.",
      "time" : {
        "start" : 1633053887481,
        "stop" : 1633053887482,
        "duration" : 1
      },
      "status" : "passed",
      "steps" : [ ],
      "attachments" : [ {
        "uid" : "41e1b430527f7760",
        "name" : "Attachment: SHAFT Engine Logs - Issues log CSV: 20211001-020447",
        "source" : "41e1b430527f7760.csv",
        "type" : "text/csv",
        "size" : 759
      } ],
      "parameters" : [ {
        "name" : "actionCounter",
        "value" : "604"
      }, {
        "name" : "logText",
        "value" : "Issue Summary: Total Issues = 6, New issues for Failed Tests = 4, Open issues for Passed Tests = 2, Open issues for Failed Tests = 0. Kindly check the attached Issue details."
      }, {
        "name" : "attachments",
        "value" : "[[SHAFT Engine Logs, Issues log CSV: 20211001-020447, java.io.ByteArrayInputStream@5330eb32]]"
      } ],
      "stepsCount" : 0,
      "attachmentsCount" : 1,
      "shouldDisplayMessage" : false,
      "hasContent" : true
    } ],
    "attachments" : [ {
      "uid" : "e58f94d760b454f6",
      "name" : "Attachment: SHAFT Engine Logs - Execution log: 20211001-020447",
      "source" : "e58f94d760b454f6.txt",
      "type" : "text/plain",
      "size" : 260439
    }, {
      "uid" : "401cd98f97f36cda",
      "name" : "Attachment: HTML - Extent Emailable Execution Report",
      "source" : "401cd98f97f36cda.html",
      "type" : "text/html",
      "size" : 9399850
    } ],
    "parameters" : [ ],
    "stepsCount" : 2,
    "attachmentsCount" : 3,
    "shouldDisplayMessage" : false,
    "hasContent" : true
  } ],
  "labels" : [ {
    "name" : "package",
    "value" : "testPackage01.Test_NewValidationHelper"
  }, {
    "name" : "testClass",
    "value" : "testPackage01.Test_NewValidationHelper"
  }, {
    "name" : "testMethod",
    "value" : "f19"
  }, {
    "name" : "parentSuite",
    "value" : "SHAFT: Custom Suite"
  }, {
    "name" : "suite",
    "value" : "SHAFT: Custom Test"
  }, {
    "name" : "subSuite",
    "value" : "testPackage01.Test_NewValidationHelper"
  }, {
    "name" : "host",
    "value" : "Mac-1633052823193.local"
  }, {
    "name" : "thread",
    "value" : "2602@Mac-1633052823193.local.main(1)"
  }, {
    "name" : "framework",
    "value" : "testng"
  }, {
    "name" : "language",
    "value" : "java"
  }, {
    "name" : "resultFormat",
    "value" : "allure2"
  } ],
  "parameters" : [ ],
  "links" : [ ],
  "hidden" : false,
  "retry" : false,
  "extra" : {
    "severity" : "normal",
    "retries" : [ ],
    "categories" : [ {
      "name" : "Product defects",
      "matchedStatuses" : [ ],
      "flaky" : false
    } ],
    "history" : {
      "statistic" : {
        "failed" : 16,
        "broken" : 0,
        "skipped" : 0,
        "passed" : 0,
        "unknown" : 0,
        "total" : 16
      },
      "items" : [ {
        "uid" : "453de37c6d0b1f4a",
        "reportUrl" : "https://MohabMohie.github.io/SHAFT_ENGINE/allure/macOS/Web/775//#testresult/453de37c6d0b1f4a",
        "status" : "failed",
        "statusDetails" : "Assertion [ValidateElementAttribute] FAILED. Expected [Value Should be 'h' for the 'tagname' attribute, element locator 'By.tagName: h1'] and Actual [H1]. Comparison Type [CONTAINS]. Validation Type [POSITIVE].",
        "time" : {
          "start" : 1633038813798,
          "stop" : 1633038814044,
          "duration" : 246
        }
      }, {
        "uid" : "1f5569a94837b802",
        "reportUrl" : "https://MohabMohie.github.io/SHAFT_ENGINE/allure/macOS/Web/772//#testresult/1f5569a94837b802",
        "status" : "failed",
        "statusDetails" : "Assertion [ValidateElementAttribute] FAILED. Expected [Value Should be 'h' for the 'tagname' attribute, element locator 'By.tagName: h1'] and Actual [H1]. Comparison Type [CONTAINS]. Validation Type [POSITIVE].",
        "time" : {
          "start" : 1633035227104,
          "stop" : 1633035227336,
          "duration" : 232
        }
      }, {
        "uid" : "37454bc8b9f3d716",
        "reportUrl" : "https://MohabMohie.github.io/SHAFT_ENGINE/allure/macOS/Web/771//#testresult/37454bc8b9f3d716",
        "status" : "failed",
        "statusDetails" : "Assertion [ValidateElementAttribute] FAILED. Expected [Value Should be 'h' for the 'tagname' attribute, element locator 'By.tagName: h1'] and Actual [H1]. Comparison Type [CONTAINS]. Validation Type [POSITIVE].",
        "time" : {
          "start" : 1632967348658,
          "stop" : 1632967348894,
          "duration" : 236
        }
      }, {
        "uid" : "ee804dd1161a8271",
        "reportUrl" : "https://MohabMohie.github.io/SHAFT_ENGINE/allure/macOS/Web/770//#testresult/ee804dd1161a8271",
        "status" : "failed",
        "statusDetails" : "Assertion [ValidateElementAttribute] FAILED. Expected [Value Should be 'h' for the 'tagname' attribute, element locator 'By.tagName: h1'] and Actual [H1]. Comparison Type [CONTAINS]. Validation Type [POSITIVE].",
        "time" : {
          "start" : 1632880351191,
          "stop" : 1632880351404,
          "duration" : 213
        }
      }, {
        "uid" : "30ad4fa64d69fb2c",
        "reportUrl" : "https://MohabMohie.github.io/SHAFT_ENGINE/allure/macOS/Web/767//#testresult/30ad4fa64d69fb2c",
        "status" : "failed",
        "statusDetails" : "Assertion [ValidateElementAttribute] FAILED. Expected [Value Should be 'h' for the 'tagname' attribute, element locator 'By.tagName: h1'] and Actual [H1]. Comparison Type [CONTAINS]. Validation Type [POSITIVE].",
        "time" : {
          "start" : 1632794222208,
          "stop" : 1632794222426,
          "duration" : 218
        }
      }, {
        "uid" : "50e18909021afaad",
        "reportUrl" : "https://MohabMohie.github.io/SHAFT_ENGINE/allure/macOS/Web/762//#testresult/50e18909021afaad",
        "status" : "failed",
        "statusDetails" : "Assertion [ValidateElementAttribute] FAILED. Expected [Value Should be 'h' for the 'tagname' attribute, element locator 'By.tagName: h1'] and Actual [H1]. Comparison Type [CONTAINS]. Validation Type [POSITIVE].",
        "time" : {
          "start" : 1632707861651,
          "stop" : 1632707861854,
          "duration" : 203
        }
      }, {
        "uid" : "ffb27c6315f0d4de",
        "reportUrl" : "https://MohabMohie.github.io/SHAFT_ENGINE/allure/macOS/Web/760//#testresult/ffb27c6315f0d4de",
        "status" : "failed",
        "statusDetails" : "Assertion [ValidateElementAttribute] FAILED. Expected [Value Should be 'h' for the 'tagname' attribute, element locator 'By.tagName: h1'] and Actual [H1]. Comparison Type [CONTAINS]. Validation Type [POSITIVE].",
        "time" : {
          "start" : 1632535077922,
          "stop" : 1632535078167,
          "duration" : 245
        }
      }, {
        "uid" : "bbb57f7782460d29",
        "reportUrl" : "https://MohabMohie.github.io/SHAFT_ENGINE/allure/macOS/Web/758//#testresult/bbb57f7782460d29",
        "status" : "failed",
        "statusDetails" : "Assertion [ValidateElementAttribute] FAILED. Expected [Value Should be 'h' for the 'tagname' attribute, element locator 'By.tagName: h1'] and Actual [H1]. Comparison Type [CONTAINS]. Validation Type [POSITIVE].",
        "time" : {
          "start" : 1632436706703,
          "stop" : 1632436706914,
          "duration" : 211
        }
      }, {
        "uid" : "3148a04db0badb49",
        "reportUrl" : "https://MohabMohie.github.io/SHAFT_ENGINE/allure/macOS/Web/754//#testresult/3148a04db0badb49",
        "status" : "failed",
        "statusDetails" : "Assertion [ValidateElementAttribute] FAILED. Expected [Value Should be 'h' for the 'tagname' attribute, element locator 'By.tagName: h1'] and Actual [H1]. Comparison Type [CONTAINS]. Validation Type [POSITIVE].",
        "time" : {
          "start" : 1632362475972,
          "stop" : 1632362476200,
          "duration" : 228
        }
      }, {
        "uid" : "15f8d59a6a7e33e2",
        "reportUrl" : "https://MohabMohie.github.io/SHAFT_ENGINE/allure/macOS/Web/752//#testresult/15f8d59a6a7e33e2",
        "status" : "failed",
        "statusDetails" : "Assertion [ValidateElementAttribute] FAILED. Expected [Value Should be 'h' for the 'tagname' attribute, element locator 'By.tagName: h1'] and Actual [H1]. Comparison Type [CONTAINS]. Validation Type [POSITIVE].",
        "time" : {
          "start" : 1632320384713,
          "stop" : 1632320385227,
          "duration" : 514
        }
      }, {
        "uid" : "5dc39dde25acfe90",
        "reportUrl" : "https://MohabMohie.github.io/SHAFT_ENGINE/allure/macOS/Web/750//#testresult/5dc39dde25acfe90",
        "status" : "failed",
        "statusDetails" : "Assertion [ValidateElementAttribute] FAILED. Expected [Value Should be 'h' for the 'tagname' attribute, element locator 'By.tagName: h1'] and Actual [H1]. Comparison Type [CONTAINS]. Validation Type [POSITIVE].",
        "time" : {
          "start" : 1632276094694,
          "stop" : 1632276094909,
          "duration" : 215
        }
      }, {
        "uid" : "a3f46618a6348a8b",
        "reportUrl" : "https://MohabMohie.github.io/SHAFT_ENGINE/allure/macOS/Web/738//#testresult/a3f46618a6348a8b",
        "status" : "failed",
        "statusDetails" : "Assertion [ValidateElementAttribute] FAILED. Expected [Value Should be 'h' for the 'tagname' attribute, element locator 'By.tagName: h1'] and Actual [H1]. Comparison Type [CONTAINS]. Validation Type [POSITIVE].",
        "time" : {
          "start" : 1632103226671,
          "stop" : 1632103226871,
          "duration" : 200
        }
      }, {
        "uid" : "9950bea3c554cd6e",
        "reportUrl" : "https://MohabMohie.github.io/SHAFT_ENGINE/allure/macOS/Web/736//#testresult/9950bea3c554cd6e",
        "status" : "failed",
        "statusDetails" : "Assertion [ValidateElementAttribute] FAILED. Expected [Value Should be 'h' for the 'tagname' attribute, element locator 'By.tagName: h1'] and Actual [H1]. Comparison Type [CONTAINS]. Validation Type [POSITIVE].",
        "time" : {
          "start" : 1631930242847,
          "stop" : 1631930243049,
          "duration" : 202
        }
      }, {
        "uid" : "3623e228e3d708f6",
        "reportUrl" : "https://MohabMohie.github.io/SHAFT_ENGINE/allure/macOS/Web/735//#testresult/3623e228e3d708f6",
        "status" : "failed",
        "statusDetails" : "Assertion [ValidateElementAttribute] FAILED. Expected [Value Should be 'h' for the 'tagname' attribute, element locator 'By.tagName: h1'] and Actual [H1]. Comparison Type [CONTAINS]. Validation Type [POSITIVE].",
        "time" : {
          "start" : 1631844077467,
          "stop" : 1631844077677,
          "duration" : 210
        }
      }, {
        "uid" : "dfe9364d2872eeeb",
        "reportUrl" : "https://MohabMohie.github.io/SHAFT_ENGINE/allure/macOS/Web/734//#testresult/dfe9364d2872eeeb",
        "status" : "failed",
        "statusDetails" : "Assertion [ValidateElementAttribute] FAILED. Expected [Value Should be 'h' for the 'tagname' attribute, element locator 'By.tagName: h1'] and Actual [H1]. Comparison Type [CONTAINS]. Validation Type [POSITIVE].",
        "time" : {
          "start" : 1631821042541,
          "stop" : 1631821042754,
          "duration" : 213
        }
      } ]
    },
    "tags" : [ ]
  },
  "source" : "3d6e4fc63ebcecb1.json",
  "parameterValues" : [ ]
}