{
  "uid" : "9be844dd632f2e95",
  "name" : "assertElementAttribute_true_literalComparison_expectedToFail",
  "fullName" : "unitTests.tests_validations_assertions.assertElementAttribute_true_literalComparison_expectedToFail",
  "historyId" : "8a857219522d374b9811362ab4602182",
  "time" : {
    "start" : 1635621170655,
    "stop" : 1635621170656,
    "duration" : 1
  },
  "status" : "skipped",
  "statusMessage" : "Browser Action [NavigateToNewURL] failed. With the following test data [https://www.google.com/ncr].",
  "statusTrace" : "java.lang.AssertionError: Browser Action [NavigateToNewURL] failed. With the following test data [https://www.google.com/ncr].\n\tat org.testng.Assert.fail(Assert.java:87)\n\tat com.shaft.gui.browser.WebDriverBrowserActions.failAction(WebDriverBrowserActions.java:611)\n\tat com.shaft.gui.browser.WebDriverBrowserActions.failAction(WebDriverBrowserActions.java:604)\n\tat com.shaft.gui.browser.WebDriverBrowserActions.navigateToNewURL(WebDriverBrowserActions.java:663)\n\tat com.shaft.gui.browser.WebDriverBrowserActions.navigateToURL(WebDriverBrowserActions.java:286)\n\tat com.shaft.gui.browser.BrowserActions.navigateToURL(BrowserActions.java:107)\n\tat unitTests.tests_validations_assertions.beforeMethod(tests_validations_assertions.java:407)\n\tat java.base/jdk.internal.reflect.NativeMethodAccessorImpl.invoke0(Native Method)\n\tat java.base/jdk.internal.reflect.NativeMethodAccessorImpl.invoke(NativeMethodAccessorImpl.java:77)\n\tat java.base/jdk.internal.reflect.DelegatingMethodAccessorImpl.invoke(DelegatingMethodAccessorImpl.java:43)\n\tat java.base/java.lang.reflect.Method.invoke(Method.java:568)\n\tat org.testng.internal.MethodInvocationHelper.invokeMethod(MethodInvocationHelper.java:133)\n\tat org.testng.internal.MethodInvocationHelper.invokeMethodConsideringTimeout(MethodInvocationHelper.java:62)\n\tat org.testng.internal.ConfigInvoker.invokeConfigurationMethod(ConfigInvoker.java:385)\n\tat org.testng.internal.ConfigInvoker.invokeConfigurations(ConfigInvoker.java:321)\n\tat org.testng.internal.TestInvoker.runConfigMethods(TestInvoker.java:700)\n\tat org.testng.internal.TestInvoker.invokeMethod(TestInvoker.java:527)\n\tat org.testng.internal.TestInvoker.invokeTestMethod(TestInvoker.java:173)\n\tat org.testng.internal.MethodRunner.runInSequence(MethodRunner.java:46)\n\tat org.testng.internal.TestInvoker$MethodInvocationAgent.invoke(TestInvoker.java:824)\n\tat org.testng.internal.TestInvoker.invokeTestMethods(TestInvoker.java:146)\n\tat org.testng.internal.TestMethodWorker.invokeTestMethods(TestMethodWorker.java:146)\n\tat org.testng.internal.TestMethodWorker.run(TestMethodWorker.java:128)\n\tat java.base/java.util.ArrayList.forEach(ArrayList.java:1511)\n\tat org.testng.TestRunner.privateRun(TestRunner.java:794)\n\tat org.testng.TestRunner.run(TestRunner.java:596)\n\tat org.testng.SuiteRunner.runTest(SuiteRunner.java:377)\n\tat org.testng.SuiteRunner.runSequentially(SuiteRunner.java:371)\n\tat org.testng.SuiteRunner.privateRun(SuiteRunner.java:332)\n\tat org.testng.SuiteRunner.run(SuiteRunner.java:276)\n\tat org.testng.SuiteRunnerWorker.runSuite(SuiteRunnerWorker.java:53)\n\tat org.testng.SuiteRunnerWorker.run(SuiteRunnerWorker.java:96)\n\tat org.testng.TestNG.runSuitesSequentially(TestNG.java:1212)\n\tat org.testng.TestNG.runSuitesLocally(TestNG.java:1134)\n\tat org.testng.TestNG.runSuites(TestNG.java:1063)\n\tat org.testng.TestNG.run(TestNG.java:1031)\n\tat org.apache.maven.surefire.testng.TestNGExecutor.run(TestNGExecutor.java:136)\n\tat org.apache.maven.surefire.testng.TestNGDirectoryTestSuite.executeMulti(TestNGDirectoryTestSuite.java:193)\n\tat org.apache.maven.surefire.testng.TestNGDirectoryTestSuite.execute(TestNGDirectoryTestSuite.java:94)\n\tat org.apache.maven.surefire.testng.TestNGProvider.invoke(TestNGProvider.java:145)\n\tat org.apache.maven.surefire.booter.ForkedBooter.runSuitesInProcess(ForkedBooter.java:428)\n\tat org.apache.maven.surefire.booter.ForkedBooter.execute(ForkedBooter.java:162)\n\tat org.apache.maven.surefire.booter.ForkedBooter.run(ForkedBooter.java:562)\n\tat org.apache.maven.surefire.booter.ForkedBooter.main(ForkedBooter.java:548)\nCaused by: org.openqa.selenium.TimeoutException: java.util.concurrent.TimeoutException\nBuild info: version: '4.0.0', revision: '3a21814679'\nSystem info: host: 'fv-az204-452', ip: '10.1.0.63', os.name: 'Linux', os.arch: 'amd64', os.version: '5.8.0-1042-azure', java.version: '17.0.1'\nDriver info: org.openqa.selenium.remote.RemoteWebDriver\nCommand: [c6f25edd1da2d1eb6e86727d32edc978, get {url=https://www.google.com/ncr}]\nCapabilities {acceptInsecureCerts: true, browserName: chrome, browserVersion: 95.0.4638.54, chrome: {chromedriverVersion: 95.0.4638.17 (a9d0719444d4b..., userDataDir: /tmp/.com.google.Chrome.dlzNgD}, goog:chromeOptions: {debuggerAddress: localhost:39713}, javascriptEnabled: true, networkConnectionEnabled: false, pageLoadStrategy: normal, platform: LINUX, platformName: LINUX, proxy: Proxy(), se:cdp: ws://0.0.0.0:4444/session/c..., se:cdpVersion: 95.0.4638.54, se:vnc: ws://0.0.0.0:4444/session/c..., se:vncEnabled: true, se:vncLocalAddress: ws://172.18.0.5:7900, setWindowRect: true, strictFileInteractability: false, timeouts: {implicit: 0, pageLoad: 30000, script: 30000}, unhandledPromptBehavior: accept and notify, webauthn:extension:credBlob: true, webauthn:extension:largeBlob: true, webauthn:virtualAuthenticators: true}\nSession ID: c6f25edd1da2d1eb6e86727d32edc978\n\tat org.openqa.selenium.remote.http.netty.NettyHttpHandler.makeCall(NettyHttpHandler.java:72)\n\tat org.openqa.selenium.remote.http.AddSeleniumUserAgent.lambda$apply$0(AddSeleniumUserAgent.java:42)\n\tat org.openqa.selenium.remote.http.Filter.lambda$andFinally$1(Filter.java:56)\n\tat org.openqa.selenium.remote.http.netty.NettyHttpHandler.execute(NettyHttpHandler.java:51)\n\tat org.openqa.selenium.remote.http.AddSeleniumUserAgent.lambda$apply$0(AddSeleniumUserAgent.java:42)\n\tat org.openqa.selenium.remote.http.Filter.lambda$andFinally$1(Filter.java:56)\n\tat org.openqa.selenium.remote.http.netty.NettyClient.execute(NettyClient.java:119)\n\tat org.openqa.selenium.remote.tracing.TracedHttpClient.execute(TracedHttpClient.java:55)\n\tat org.openqa.selenium.remote.HttpCommandExecutor.execute(HttpCommandExecutor.java:181)\n\tat org.openqa.selenium.remote.TracedCommandExecutor.execute(TracedCommandExecutor.java:39)\n\tat org.openqa.selenium.remote.RemoteWebDriver.execute(RemoteWebDriver.java:559)\n\tat org.openqa.selenium.remote.RemoteWebDriver.get(RemoteWebDriver.java:328)\n\tat org.openqa.selenium.remote.RemoteWebDriver$RemoteNavigation.to(RemoteWebDriver.java:957)\n\tat com.shaft.gui.browser.WebDriverBrowserActions.navigateToNewURL(WebDriverBrowserActions.java:661)\n\t... 40 more\nCaused by: java.util.concurrent.TimeoutException\n\tat java.base/java.util.concurrent.CompletableFuture.timedGet(CompletableFuture.java:1960)\n\tat java.base/java.util.concurrent.CompletableFuture.get(CompletableFuture.java:2095)\n\tat org.asynchttpclient.netty.NettyResponseFuture.get(NettyResponseFuture.java:206)\n\tat org.openqa.selenium.remote.http.netty.NettyHttpHandler.makeCall(NettyHttpHandler.java:66)\n\t... 53 more\n",
  "flaky" : false,
  "newFailed" : false,
  "beforeStages" : [ {
    "name" : "beforeMethod",
    "time" : {
      "start" : 1635621170653,
      "stop" : 1635621170653,
      "duration" : 0
    },
    "description" : "",
    "status" : "broken",
    "steps" : [ ],
    "attachments" : [ ],
    "parameters" : [ ],
    "stepsCount" : 0,
    "attachmentsCount" : 0,
    "shouldDisplayMessage" : false,
    "hasContent" : false
  } ],
  "testStage" : {
    "status" : "skipped",
    "statusMessage" : "Browser Action [NavigateToNewURL] failed. With the following test data [https://www.google.com/ncr].",
    "statusTrace" : "java.lang.AssertionError: Browser Action [NavigateToNewURL] failed. With the following test data [https://www.google.com/ncr].\n\tat org.testng.Assert.fail(Assert.java:87)\n\tat com.shaft.gui.browser.WebDriverBrowserActions.failAction(WebDriverBrowserActions.java:611)\n\tat com.shaft.gui.browser.WebDriverBrowserActions.failAction(WebDriverBrowserActions.java:604)\n\tat com.shaft.gui.browser.WebDriverBrowserActions.navigateToNewURL(WebDriverBrowserActions.java:663)\n\tat com.shaft.gui.browser.WebDriverBrowserActions.navigateToURL(WebDriverBrowserActions.java:286)\n\tat com.shaft.gui.browser.BrowserActions.navigateToURL(BrowserActions.java:107)\n\tat unitTests.tests_validations_assertions.beforeMethod(tests_validations_assertions.java:407)\n\tat java.base/jdk.internal.reflect.NativeMethodAccessorImpl.invoke0(Native Method)\n\tat java.base/jdk.internal.reflect.NativeMethodAccessorImpl.invoke(NativeMethodAccessorImpl.java:77)\n\tat java.base/jdk.internal.reflect.DelegatingMethodAccessorImpl.invoke(DelegatingMethodAccessorImpl.java:43)\n\tat java.base/java.lang.reflect.Method.invoke(Method.java:568)\n\tat org.testng.internal.MethodInvocationHelper.invokeMethod(MethodInvocationHelper.java:133)\n\tat org.testng.internal.MethodInvocationHelper.invokeMethodConsideringTimeout(MethodInvocationHelper.java:62)\n\tat org.testng.internal.ConfigInvoker.invokeConfigurationMethod(ConfigInvoker.java:385)\n\tat org.testng.internal.ConfigInvoker.invokeConfigurations(ConfigInvoker.java:321)\n\tat org.testng.internal.TestInvoker.runConfigMethods(TestInvoker.java:700)\n\tat org.testng.internal.TestInvoker.invokeMethod(TestInvoker.java:527)\n\tat org.testng.internal.TestInvoker.invokeTestMethod(TestInvoker.java:173)\n\tat org.testng.internal.MethodRunner.runInSequence(MethodRunner.java:46)\n\tat org.testng.internal.TestInvoker$MethodInvocationAgent.invoke(TestInvoker.java:824)\n\tat org.testng.internal.TestInvoker.invokeTestMethods(TestInvoker.java:146)\n\tat org.testng.internal.TestMethodWorker.invokeTestMethods(TestMethodWorker.java:146)\n\tat org.testng.internal.TestMethodWorker.run(TestMethodWorker.java:128)\n\tat java.base/java.util.ArrayList.forEach(ArrayList.java:1511)\n\tat org.testng.TestRunner.privateRun(TestRunner.java:794)\n\tat org.testng.TestRunner.run(TestRunner.java:596)\n\tat org.testng.SuiteRunner.runTest(SuiteRunner.java:377)\n\tat org.testng.SuiteRunner.runSequentially(SuiteRunner.java:371)\n\tat org.testng.SuiteRunner.privateRun(SuiteRunner.java:332)\n\tat org.testng.SuiteRunner.run(SuiteRunner.java:276)\n\tat org.testng.SuiteRunnerWorker.runSuite(SuiteRunnerWorker.java:53)\n\tat org.testng.SuiteRunnerWorker.run(SuiteRunnerWorker.java:96)\n\tat org.testng.TestNG.runSuitesSequentially(TestNG.java:1212)\n\tat org.testng.TestNG.runSuitesLocally(TestNG.java:1134)\n\tat org.testng.TestNG.runSuites(TestNG.java:1063)\n\tat org.testng.TestNG.run(TestNG.java:1031)\n\tat org.apache.maven.surefire.testng.TestNGExecutor.run(TestNGExecutor.java:136)\n\tat org.apache.maven.surefire.testng.TestNGDirectoryTestSuite.executeMulti(TestNGDirectoryTestSuite.java:193)\n\tat org.apache.maven.surefire.testng.TestNGDirectoryTestSuite.execute(TestNGDirectoryTestSuite.java:94)\n\tat org.apache.maven.surefire.testng.TestNGProvider.invoke(TestNGProvider.java:145)\n\tat org.apache.maven.surefire.booter.ForkedBooter.runSuitesInProcess(ForkedBooter.java:428)\n\tat org.apache.maven.surefire.booter.ForkedBooter.execute(ForkedBooter.java:162)\n\tat org.apache.maven.surefire.booter.ForkedBooter.run(ForkedBooter.java:562)\n\tat org.apache.maven.surefire.booter.ForkedBooter.main(ForkedBooter.java:548)\nCaused by: org.openqa.selenium.TimeoutException: java.util.concurrent.TimeoutException\nBuild info: version: '4.0.0', revision: '3a21814679'\nSystem info: host: 'fv-az204-452', ip: '10.1.0.63', os.name: 'Linux', os.arch: 'amd64', os.version: '5.8.0-1042-azure', java.version: '17.0.1'\nDriver info: org.openqa.selenium.remote.RemoteWebDriver\nCommand: [c6f25edd1da2d1eb6e86727d32edc978, get {url=https://www.google.com/ncr}]\nCapabilities {acceptInsecureCerts: true, browserName: chrome, browserVersion: 95.0.4638.54, chrome: {chromedriverVersion: 95.0.4638.17 (a9d0719444d4b..., userDataDir: /tmp/.com.google.Chrome.dlzNgD}, goog:chromeOptions: {debuggerAddress: localhost:39713}, javascriptEnabled: true, networkConnectionEnabled: false, pageLoadStrategy: normal, platform: LINUX, platformName: LINUX, proxy: Proxy(), se:cdp: ws://0.0.0.0:4444/session/c..., se:cdpVersion: 95.0.4638.54, se:vnc: ws://0.0.0.0:4444/session/c..., se:vncEnabled: true, se:vncLocalAddress: ws://172.18.0.5:7900, setWindowRect: true, strictFileInteractability: false, timeouts: {implicit: 0, pageLoad: 30000, script: 30000}, unhandledPromptBehavior: accept and notify, webauthn:extension:credBlob: true, webauthn:extension:largeBlob: true, webauthn:virtualAuthenticators: true}\nSession ID: c6f25edd1da2d1eb6e86727d32edc978\n\tat org.openqa.selenium.remote.http.netty.NettyHttpHandler.makeCall(NettyHttpHandler.java:72)\n\tat org.openqa.selenium.remote.http.AddSeleniumUserAgent.lambda$apply$0(AddSeleniumUserAgent.java:42)\n\tat org.openqa.selenium.remote.http.Filter.lambda$andFinally$1(Filter.java:56)\n\tat org.openqa.selenium.remote.http.netty.NettyHttpHandler.execute(NettyHttpHandler.java:51)\n\tat org.openqa.selenium.remote.http.AddSeleniumUserAgent.lambda$apply$0(AddSeleniumUserAgent.java:42)\n\tat org.openqa.selenium.remote.http.Filter.lambda$andFinally$1(Filter.java:56)\n\tat org.openqa.selenium.remote.http.netty.NettyClient.execute(NettyClient.java:119)\n\tat org.openqa.selenium.remote.tracing.TracedHttpClient.execute(TracedHttpClient.java:55)\n\tat org.openqa.selenium.remote.HttpCommandExecutor.execute(HttpCommandExecutor.java:181)\n\tat org.openqa.selenium.remote.TracedCommandExecutor.execute(TracedCommandExecutor.java:39)\n\tat org.openqa.selenium.remote.RemoteWebDriver.execute(RemoteWebDriver.java:559)\n\tat org.openqa.selenium.remote.RemoteWebDriver.get(RemoteWebDriver.java:328)\n\tat org.openqa.selenium.remote.RemoteWebDriver$RemoteNavigation.to(RemoteWebDriver.java:957)\n\tat com.shaft.gui.browser.WebDriverBrowserActions.navigateToNewURL(WebDriverBrowserActions.java:661)\n\t... 40 more\nCaused by: java.util.concurrent.TimeoutException\n\tat java.base/java.util.concurrent.CompletableFuture.timedGet(CompletableFuture.java:1960)\n\tat java.base/java.util.concurrent.CompletableFuture.get(CompletableFuture.java:2095)\n\tat org.asynchttpclient.netty.NettyResponseFuture.get(NettyResponseFuture.java:206)\n\tat org.openqa.selenium.remote.http.netty.NettyHttpHandler.makeCall(NettyHttpHandler.java:66)\n\t... 53 more\n",
    "steps" : [ ],
    "attachments" : [ {
      "uid" : "2c6b038028749146",
      "name" : "Attachment: SHAFT Engine Logs - Current Method log: assertElementAttribute_true_literalComparison_expectedToFail",
      "source" : "2c6b038028749146.txt",
      "type" : "text/plain",
      "size" : 473
    } ],
    "parameters" : [ ],
    "stepsCount" : 0,
    "attachmentsCount" : 1,
    "shouldDisplayMessage" : true,
    "hasContent" : true
  },
  "afterStages" : [ {
    "name" : "afterMethod",
    "time" : {
      "start" : 1635621170657,
      "stop" : 1635621170657,
      "duration" : 0
    },
    "description" : "",
    "status" : "broken",
    "steps" : [ ],
    "attachments" : [ ],
    "parameters" : [ ],
    "stepsCount" : 0,
    "attachmentsCount" : 0,
    "shouldDisplayMessage" : false,
    "hasContent" : false
  }, {
    "name" : "closureActivities",
    "time" : {
      "start" : 1635621695032,
      "stop" : 1635621695525,
      "duration" : 493
    },
    "description" : "",
    "status" : "passed",
    "steps" : [ {
      "name" : "Successfully Closed All Drivers.",
      "time" : {
        "start" : 1635621695032,
        "stop" : 1635621695033,
        "duration" : 1
      },
      "status" : "passed",
      "steps" : [ ],
      "attachments" : [ ],
      "parameters" : [ {
        "name" : "actionCounter",
        "value" : "406"
      }, {
        "name" : "logText",
        "value" : "Successfully Closed All Drivers."
      } ],
      "stepsCount" : 0,
      "attachmentsCount" : 0,
      "shouldDisplayMessage" : false,
      "hasContent" : true
    }, {
      "name" : "Issue Summary: Total Issues = 2, New issues for Failed Tests = 0, Open issues for Passed Tests = 2, Open issues for Failed Tests = 0. Kindly check the attached Issue details.",
      "time" : {
        "start" : 1635621695054,
        "stop" : 1635621695055,
        "duration" : 1
      },
      "status" : "passed",
      "steps" : [ ],
      "attachments" : [ {
        "uid" : "cda0947d2dc88fbf",
        "name" : "Attachment: SHAFT Engine Logs - Issues log CSV: 20211030-192135",
        "source" : "cda0947d2dc88fbf.csv",
        "type" : "text/csv",
        "size" : 228
      } ],
      "parameters" : [ {
        "name" : "actionCounter",
        "value" : "407"
      }, {
        "name" : "logText",
        "value" : "Issue Summary: Total Issues = 2, New issues for Failed Tests = 0, Open issues for Passed Tests = 2, Open issues for Failed Tests = 0. Kindly check the attached Issue details."
      }, {
        "name" : "attachments",
        "value" : "[[SHAFT Engine Logs, Issues log CSV: 20211030-192135, java.io.ByteArrayInputStream@142b1d8b]]"
      } ],
      "stepsCount" : 0,
      "attachmentsCount" : 1,
      "shouldDisplayMessage" : false,
      "hasContent" : true
    } ],
    "attachments" : [ {
      "uid" : "7ccc16010ff59cca",
      "name" : "Attachment: SHAFT Engine Logs - Execution log: 20211030-192135",
      "source" : "7ccc16010ff59cca.txt",
      "type" : "text/plain",
      "size" : 196906
    }, {
      "uid" : "8091d8bdbabfdbc",
      "name" : "Attachment: HTML - Extent Emailable Execution Report",
      "source" : "8091d8bdbabfdbc.html",
      "type" : "text/html",
      "size" : 8577961
    } ],
    "parameters" : [ ],
    "stepsCount" : 2,
    "attachmentsCount" : 3,
    "shouldDisplayMessage" : false,
    "hasContent" : true
  } ],
  "labels" : [ {
    "name" : "package",
    "value" : "unitTests.tests_validations_assertions"
  }, {
    "name" : "testClass",
    "value" : "unitTests.tests_validations_assertions"
  }, {
    "name" : "testMethod",
    "value" : "assertElementAttribute_true_literalComparison_expectedToFail"
  }, {
    "name" : "parentSuite",
    "value" : "SHAFT: Custom Suite"
  }, {
    "name" : "suite",
    "value" : "SHAFT: Custom Test"
  }, {
    "name" : "subSuite",
    "value" : "unitTests.tests_validations_assertions"
  }, {
    "name" : "host",
    "value" : "fv-az204-452"
  }, {
    "name" : "thread",
    "value" : "4396@fv-az204-452.main(1)"
  }, {
    "name" : "framework",
    "value" : "testng"
  }, {
    "name" : "language",
    "value" : "java"
  }, {
    "name" : "resultFormat",
    "value" : "allure2"
  } ],
  "parameters" : [ ],
  "links" : [ ],
  "hidden" : false,
  "retry" : false,
  "extra" : {
    "severity" : "normal",
    "retries" : [ ],
    "categories" : [ ],
    "history" : {
      "statistic" : {
        "failed" : 0,
        "broken" : 0,
        "skipped" : 1,
        "passed" : 18,
        "unknown" : 0,
        "total" : 19
      },
      "items" : [ {
        "uid" : "583c01460f667edd",
        "reportUrl" : "https://MohabMohie.github.io/SHAFT_ENGINE/allure/Linux/Web/836//#testresult/583c01460f667edd",
        "status" : "passed",
        "time" : {
          "start" : 1635415105825,
          "stop" : 1635415106938,
          "duration" : 1113
        }
      }, {
        "uid" : "8c5785d1862c534a",
        "reportUrl" : "https://MohabMohie.github.io/SHAFT_ENGINE/allure/Linux/Web/835//#testresult/8c5785d1862c534a",
        "status" : "passed",
        "time" : {
          "start" : 1635385885041,
          "stop" : 1635385886108,
          "duration" : 1067
        }
      }, {
        "uid" : "c82a4459fc2cbfd3",
        "reportUrl" : "https://MohabMohie.github.io/SHAFT_ENGINE/allure/Linux/Web/833//#testresult/c82a4459fc2cbfd3",
        "status" : "passed",
        "time" : {
          "start" : 1635299433235,
          "stop" : 1635299434293,
          "duration" : 1058
        }
      }, {
        "uid" : "70e3f89ecd4f5548",
        "reportUrl" : "https://MohabMohie.github.io/SHAFT_ENGINE/allure/Linux/Web/832//#testresult/70e3f89ecd4f5548",
        "status" : "passed",
        "time" : {
          "start" : 1635274660283,
          "stop" : 1635274661629,
          "duration" : 1346
        }
      }, {
        "uid" : "210836b496071aa2",
        "reportUrl" : "https://MohabMohie.github.io/SHAFT_ENGINE/allure/Linux/Web/831//#testresult/210836b496071aa2",
        "status" : "passed",
        "time" : {
          "start" : 1635273844686,
          "stop" : 1635273846062,
          "duration" : 1376
        }
      }, {
        "uid" : "6f2c2151cab5dfa7",
        "reportUrl" : "https://MohabMohie.github.io/SHAFT_ENGINE/allure/Linux/Web/830//#testresult/6f2c2151cab5dfa7",
        "status" : "passed",
        "time" : {
          "start" : 1635246779120,
          "stop" : 1635246780326,
          "duration" : 1206
        }
      }, {
        "uid" : "2d73b794656e8040",
        "reportUrl" : "https://MohabMohie.github.io/SHAFT_ENGINE/allure/Linux/Web/827//#testresult/2d73b794656e8040",
        "status" : "passed",
        "time" : {
          "start" : 1635196917365,
          "stop" : 1635196918410,
          "duration" : 1045
        }
      }, {
        "uid" : "619da36e14788d40",
        "reportUrl" : "https://MohabMohie.github.io/SHAFT_ENGINE/allure/Linux/Web/825//#testresult/619da36e14788d40",
        "status" : "passed",
        "time" : {
          "start" : 1635157324039,
          "stop" : 1635157325321,
          "duration" : 1282
        }
      }, {
        "uid" : "23f3c44faa50c3ea",
        "reportUrl" : "https://MohabMohie.github.io/SHAFT_ENGINE/allure/Linux/Web/824//#testresult/23f3c44faa50c3ea",
        "status" : "passed",
        "time" : {
          "start" : 1635126863765,
          "stop" : 1635126864613,
          "duration" : 848
        }
      }, {
        "uid" : "3d28f5e0f6b14317",
        "reportUrl" : "https://MohabMohie.github.io/SHAFT_ENGINE/allure/Linux/Web/823//#testresult/3d28f5e0f6b14317",
        "status" : "passed",
        "time" : {
          "start" : 1635040491894,
          "stop" : 1635040492975,
          "duration" : 1081
        }
      }, {
        "uid" : "a85a136dc73556ba",
        "reportUrl" : "https://MohabMohie.github.io/SHAFT_ENGINE/allure/Linux/Web/817//#testresult/a85a136dc73556ba",
        "status" : "passed",
        "time" : {
          "start" : 1634868208975,
          "stop" : 1634868209645,
          "duration" : 670
        }
      }, {
        "uid" : "456dd2d535a2f3b1",
        "reportUrl" : "https://MohabMohie.github.io/SHAFT_ENGINE/allure/Linux/Web/816//#testresult/456dd2d535a2f3b1",
        "status" : "passed",
        "time" : {
          "start" : 1634781717327,
          "stop" : 1634781718129,
          "duration" : 802
        }
      }, {
        "uid" : "8d2deb59880e4202",
        "reportUrl" : "https://MohabMohie.github.io/SHAFT_ENGINE/allure/Linux/Web/811//#testresult/8d2deb59880e4202",
        "status" : "passed",
        "time" : {
          "start" : 1634522463272,
          "stop" : 1634522464244,
          "duration" : 972
        }
      }, {
        "uid" : "75eb2a3815c0445",
        "reportUrl" : "https://MohabMohie.github.io/SHAFT_ENGINE/allure/Linux/Web/809//#testresult/75eb2a3815c0445",
        "status" : "passed",
        "time" : {
          "start" : 1634349490112,
          "stop" : 1634349491098,
          "duration" : 986
        }
      }, {
        "uid" : "ef330c5656792fcb",
        "reportUrl" : "https://MohabMohie.github.io/SHAFT_ENGINE/allure/Linux/Web/808//#testresult/ef330c5656792fcb",
        "status" : "passed",
        "time" : {
          "start" : 1634262944749,
          "stop" : 1634262945583,
          "duration" : 834
        }
      }, {
        "uid" : "987a53107ec28600",
        "reportUrl" : "https://MohabMohie.github.io/SHAFT_ENGINE/allure/Linux/Web/806//#testresult/987a53107ec28600",
        "status" : "passed",
        "time" : {
          "start" : 1634202145822,
          "stop" : 1634202146679,
          "duration" : 857
        }
      }, {
        "uid" : "f3a2c4b41884867d",
        "reportUrl" : "https://MohabMohie.github.io/SHAFT_ENGINE/allure/Linux/Web/805//#testresult/f3a2c4b41884867d",
        "status" : "passed",
        "time" : {
          "start" : 1634176496284,
          "stop" : 1634176497240,
          "duration" : 956
        }
      }, {
        "uid" : "72bb51fdf339d2fd",
        "reportUrl" : "https://MohabMohie.github.io/SHAFT_ENGINE/allure/Linux/Web/801//#testresult/72bb51fdf339d2fd",
        "status" : "passed",
        "time" : {
          "start" : 1634003820954,
          "stop" : 1634003821855,
          "duration" : 901
        }
      } ]
    },
    "tags" : [ ]
  },
  "source" : "9be844dd632f2e95.json",
  "parameterValues" : [ ]
}