{
  "uid" : "6cf3fade117c066c",
  "name" : "scrollToElement_insideScreen",
  "fullName" : "testPackage01.appium.AndroidBasicInteractionsTest.scrollToElement_insideScreen",
  "historyId" : "91a09e6b918c11126689d1c5be83411a",
  "time" : {
    "start" : 1637154518751,
    "stop" : 1637154527015,
    "duration" : 8264
  },
  "status" : "failed",
  "statusMessage" : "Element Action [SwipeElementIntoView] failed.",
  "statusTrace" : "java.lang.AssertionError: Element Action [SwipeElementIntoView] failed.\n\tat org.testng.Assert.fail(Assert.java:99)\n\tat com.shaft.gui.element.WebDriverElementActions.failAction(WebDriverElementActions.java:1454)\n\tat com.shaft.gui.element.WebDriverElementActions.failAction(WebDriverElementActions.java:1302)\n\tat com.shaft.gui.element.TouchActions.swipeElementIntoView(TouchActions.java:544)\n\tat com.shaft.gui.element.TouchActions.swipeElementIntoView(TouchActions.java:473)\n\tat testPackage01.appium.AndroidBasicInteractionsTest.scrollToElement_insideScreen(AndroidBasicInteractionsTest.java:26)\n\tat java.base/jdk.internal.reflect.NativeMethodAccessorImpl.invoke0(Native Method)\n\tat java.base/jdk.internal.reflect.NativeMethodAccessorImpl.invoke(NativeMethodAccessorImpl.java:77)\n\tat java.base/jdk.internal.reflect.DelegatingMethodAccessorImpl.invoke(DelegatingMethodAccessorImpl.java:43)\n\tat java.base/java.lang.reflect.Method.invoke(Method.java:568)\n\tat org.testng.internal.MethodInvocationHelper.invokeMethod(MethodInvocationHelper.java:133)\n\tat org.testng.internal.TestInvoker.invokeMethod(TestInvoker.java:598)\n\tat org.testng.internal.TestInvoker.invokeTestMethod(TestInvoker.java:173)\n\tat org.testng.internal.MethodRunner.runInSequence(MethodRunner.java:46)\n\tat org.testng.internal.TestInvoker$MethodInvocationAgent.invoke(TestInvoker.java:824)\n\tat org.testng.internal.TestInvoker.invokeTestMethods(TestInvoker.java:146)\n\tat org.testng.internal.TestMethodWorker.invokeTestMethods(TestMethodWorker.java:146)\n\tat org.testng.internal.TestMethodWorker.run(TestMethodWorker.java:128)\n\tat java.base/java.util.ArrayList.forEach(ArrayList.java:1511)\n\tat org.testng.TestRunner.privateRun(TestRunner.java:794)\n\tat org.testng.TestRunner.run(TestRunner.java:596)\n\tat org.testng.SuiteRunner.runTest(SuiteRunner.java:377)\n\tat org.testng.SuiteRunner.runSequentially(SuiteRunner.java:371)\n\tat org.testng.SuiteRunner.privateRun(SuiteRunner.java:332)\n\tat org.testng.SuiteRunner.run(SuiteRunner.java:276)\n\tat org.testng.SuiteRunnerWorker.runSuite(SuiteRunnerWorker.java:53)\n\tat org.testng.SuiteRunnerWorker.run(SuiteRunnerWorker.java:96)\n\tat org.testng.TestNG.runSuitesSequentially(TestNG.java:1212)\n\tat org.testng.TestNG.runSuitesLocally(TestNG.java:1134)\n\tat org.testng.TestNG.runSuites(TestNG.java:1063)\n\tat org.testng.TestNG.run(TestNG.java:1031)\n\tat org.apache.maven.surefire.testng.TestNGExecutor.run(TestNGExecutor.java:136)\n\tat org.apache.maven.surefire.testng.TestNGDirectoryTestSuite.executeSingleClass(TestNGDirectoryTestSuite.java:112)\n\tat org.apache.maven.surefire.testng.TestNGDirectoryTestSuite.execute(TestNGDirectoryTestSuite.java:99)\n\tat org.apache.maven.surefire.testng.TestNGProvider.invoke(TestNGProvider.java:145)\n\tat org.apache.maven.surefire.booter.ForkedBooter.runSuitesInProcess(ForkedBooter.java:428)\n\tat org.apache.maven.surefire.booter.ForkedBooter.execute(ForkedBooter.java:162)\n\tat org.apache.maven.surefire.booter.ForkedBooter.run(ForkedBooter.java:562)\n\tat org.apache.maven.surefire.booter.ForkedBooter.main(ForkedBooter.java:548)\n",
  "flaky" : false,
  "newFailed" : false,
  "beforeStages" : [ {
    "name" : "setupActivities",
    "time" : {
      "start" : 1637154495981,
      "stop" : 1637154499204,
      "duration" : 3223
    },
    "description" : "",
    "status" : "passed",
    "steps" : [ {
      "name" : "Folder [allure-results] was not found, it may have already been deleted.",
      "time" : {
        "start" : 1637154496043,
        "stop" : 1637154496045,
        "duration" : 2
      },
      "status" : "passed",
      "steps" : [ ],
      "attachments" : [ ],
      "parameters" : [ {
        "name" : "actionCounter",
        "value" : "1"
      }, {
        "name" : "logText",
        "value" : "Folder [allure-results] was not found, it may have already been deleted."
      } ],
      "stepsCount" : 0,
      "attachmentsCount" : 0,
      "shouldDisplayMessage" : false,
      "hasContent" : true
    }, {
      "name" : "Folder [/Users/runner/.m2/repository/allure/] was not found, it may have already been deleted.",
      "time" : {
        "start" : 1637154496047,
        "stop" : 1637154496047,
        "duration" : 0
      },
      "status" : "passed",
      "steps" : [ ],
      "attachments" : [ ],
      "parameters" : [ {
        "name" : "actionCounter",
        "value" : "2"
      }, {
        "name" : "logText",
        "value" : "Folder [/Users/runner/.m2/repository/allure/] was not found, it may have already been deleted."
      } ],
      "stepsCount" : 0,
      "attachmentsCount" : 0,
      "shouldDisplayMessage" : false,
      "hasContent" : true
    }, {
      "name" : "Downloading a file from this url [https://repo.maven.apache.org/maven2/io/qameta/allure/allure-commandline/2.16.1/allure-commandline-2.16.1.zip] to this directory [target/allureBinary.zip], please wait as downloading may take some time...",
      "time" : {
        "start" : 1637154496048,
        "stop" : 1637154496048,
        "duration" : 0
      },
      "status" : "passed",
      "steps" : [ ],
      "attachments" : [ ],
      "parameters" : [ {
        "name" : "actionCounter",
        "value" : "3"
      }, {
        "name" : "logText",
        "value" : "Downloading a file from this url [https://repo.maven.apache.org/maven2/io/qameta/allure/allure-commandline/2.16.1/allure-commandline-2.16.1.zip] to this directory [target/allureBinary.zip], please wait as downloading may take some time..."
      } ],
      "stepsCount" : 0,
      "attachmentsCount" : 0,
      "shouldDisplayMessage" : false,
      "hasContent" : true
    }, {
      "name" : "Terminal Action [PerformTerminalCommands] successfully performed. With the following test data [Host Name: \"localHost\" | Command: \"chmod u+x /Users/runner/.m2/repository/allure/allure-2.16.1/bin/allure\" | Exit Status: \"0\"].",
      "time" : {
        "start" : 1637154498149,
        "stop" : 1637154498149,
        "duration" : 0
      },
      "status" : "passed",
      "steps" : [ ],
      "attachments" : [ ],
      "parameters" : [ {
        "name" : "actionCounter",
        "value" : "4"
      }, {
        "name" : "logText",
        "value" : "Terminal Action [PerformTerminalCommands] successfully performed. With the following test data [Host Name: \"localHost\" | Command: \"chmod u+x /Users/runner/.m2/repository/allure/allure-2.16.1/bin/allure\" | Exit Status: \"0\"]."
      } ],
      "stepsCount" : 0,
      "attachmentsCount" : 0,
      "shouldDisplayMessage" : false,
      "hasContent" : true
    }, {
      "name" : "Terminal Action [PerformTerminalCommands] successfully performed. With the following test data [Host Name: \"localHost\" | Command: \"chmod u+x generate_allure_report.sh\" | Exit Status: \"0\"].",
      "time" : {
        "start" : 1637154498186,
        "stop" : 1637154498186,
        "duration" : 0
      },
      "status" : "passed",
      "steps" : [ ],
      "attachments" : [ ],
      "parameters" : [ {
        "name" : "actionCounter",
        "value" : "5"
      }, {
        "name" : "logText",
        "value" : "Terminal Action [PerformTerminalCommands] successfully performed. With the following test data [Host Name: \"localHost\" | Command: \"chmod u+x generate_allure_report.sh\" | Exit Status: \"0\"]."
      } ],
      "stepsCount" : 0,
      "attachmentsCount" : 0,
      "shouldDisplayMessage" : false,
      "hasContent" : true
    }, {
      "name" : "Folder [extent-reports] was not found, it may have already been deleted.",
      "time" : {
        "start" : 1637154498329,
        "stop" : 1637154498329,
        "duration" : 0
      },
      "status" : "passed",
      "steps" : [ ],
      "attachments" : [ ],
      "parameters" : [ {
        "name" : "actionCounter",
        "value" : "6"
      }, {
        "name" : "logText",
        "value" : "Folder [extent-reports] was not found, it may have already been deleted."
      } ],
      "stepsCount" : 0,
      "attachmentsCount" : 0,
      "shouldDisplayMessage" : false,
      "hasContent" : true
    } ],
    "attachments" : [ {
      "uid" : "fe12cd418a55d1c0",
      "name" : "Attachment: SHAFT Links - Important",
      "source" : "fe12cd418a55d1c0.uri",
      "type" : "text/uri-list",
      "size" : 346
    } ],
    "parameters" : [ ],
    "stepsCount" : 6,
    "attachmentsCount" : 1,
    "shouldDisplayMessage" : false,
    "hasContent" : true
  }, {
    "name" : "setup",
    "time" : {
      "start" : 1637154499259,
      "stop" : 1637154518628,
      "duration" : 19369
    },
    "description" : "",
    "status" : "passed",
    "steps" : [ {
      "name" : "Attempting to run remotely on: [Android], [http://0.0.0.0:4723/wd/hub].",
      "time" : {
        "start" : 1637154499284,
        "stop" : 1637154499285,
        "duration" : 1
      },
      "status" : "passed",
      "steps" : [ ],
      "attachments" : [ ],
      "parameters" : [ {
        "name" : "actionCounter",
        "value" : "7"
      }, {
        "name" : "logText",
        "value" : "Attempting to run remotely on: [Android], [http://0.0.0.0:4723/wd/hub]."
      } ],
      "stepsCount" : 0,
      "attachmentsCount" : 0,
      "shouldDisplayMessage" : false,
      "hasContent" : true
    }, {
      "name" : "Successfully Opened [NativeMobileApp].",
      "time" : {
        "start" : 1637154517797,
        "stop" : 1637154517797,
        "duration" : 0
      },
      "status" : "passed",
      "steps" : [ ],
      "attachments" : [ ],
      "parameters" : [ {
        "name" : "actionCounter",
        "value" : "8"
      }, {
        "name" : "logText",
        "value" : "Successfully Opened [NativeMobileApp]."
      } ],
      "stepsCount" : 0,
      "attachmentsCount" : 0,
      "shouldDisplayMessage" : false,
      "hasContent" : true
    } ],
    "attachments" : [ {
      "uid" : "1c50942a0a590ac",
      "name" : "Attachment: SHAFT Engine Logs - Current Method log: setup",
      "source" : "1c50942a0a590ac.txt",
      "type" : "text/plain",
      "size" : 667
    } ],
    "parameters" : [ ],
    "stepsCount" : 2,
    "attachmentsCount" : 1,
    "shouldDisplayMessage" : false,
    "hasContent" : true
  } ],
  "testStage" : {
    "status" : "failed",
    "statusMessage" : "Element Action [SwipeElementIntoView] failed.",
    "statusTrace" : "java.lang.AssertionError: Element Action [SwipeElementIntoView] failed.\n\tat org.testng.Assert.fail(Assert.java:99)\n\tat com.shaft.gui.element.WebDriverElementActions.failAction(WebDriverElementActions.java:1454)\n\tat com.shaft.gui.element.WebDriverElementActions.failAction(WebDriverElementActions.java:1302)\n\tat com.shaft.gui.element.TouchActions.swipeElementIntoView(TouchActions.java:544)\n\tat com.shaft.gui.element.TouchActions.swipeElementIntoView(TouchActions.java:473)\n\tat testPackage01.appium.AndroidBasicInteractionsTest.scrollToElement_insideScreen(AndroidBasicInteractionsTest.java:26)\n\tat java.base/jdk.internal.reflect.NativeMethodAccessorImpl.invoke0(Native Method)\n\tat java.base/jdk.internal.reflect.NativeMethodAccessorImpl.invoke(NativeMethodAccessorImpl.java:77)\n\tat java.base/jdk.internal.reflect.DelegatingMethodAccessorImpl.invoke(DelegatingMethodAccessorImpl.java:43)\n\tat java.base/java.lang.reflect.Method.invoke(Method.java:568)\n\tat org.testng.internal.MethodInvocationHelper.invokeMethod(MethodInvocationHelper.java:133)\n\tat org.testng.internal.TestInvoker.invokeMethod(TestInvoker.java:598)\n\tat org.testng.internal.TestInvoker.invokeTestMethod(TestInvoker.java:173)\n\tat org.testng.internal.MethodRunner.runInSequence(MethodRunner.java:46)\n\tat org.testng.internal.TestInvoker$MethodInvocationAgent.invoke(TestInvoker.java:824)\n\tat org.testng.internal.TestInvoker.invokeTestMethods(TestInvoker.java:146)\n\tat org.testng.internal.TestMethodWorker.invokeTestMethods(TestMethodWorker.java:146)\n\tat org.testng.internal.TestMethodWorker.run(TestMethodWorker.java:128)\n\tat java.base/java.util.ArrayList.forEach(ArrayList.java:1511)\n\tat org.testng.TestRunner.privateRun(TestRunner.java:794)\n\tat org.testng.TestRunner.run(TestRunner.java:596)\n\tat org.testng.SuiteRunner.runTest(SuiteRunner.java:377)\n\tat org.testng.SuiteRunner.runSequentially(SuiteRunner.java:371)\n\tat org.testng.SuiteRunner.privateRun(SuiteRunner.java:332)\n\tat org.testng.SuiteRunner.run(SuiteRunner.java:276)\n\tat org.testng.SuiteRunnerWorker.runSuite(SuiteRunnerWorker.java:53)\n\tat org.testng.SuiteRunnerWorker.run(SuiteRunnerWorker.java:96)\n\tat org.testng.TestNG.runSuitesSequentially(TestNG.java:1212)\n\tat org.testng.TestNG.runSuitesLocally(TestNG.java:1134)\n\tat org.testng.TestNG.runSuites(TestNG.java:1063)\n\tat org.testng.TestNG.run(TestNG.java:1031)\n\tat org.apache.maven.surefire.testng.TestNGExecutor.run(TestNGExecutor.java:136)\n\tat org.apache.maven.surefire.testng.TestNGDirectoryTestSuite.executeSingleClass(TestNGDirectoryTestSuite.java:112)\n\tat org.apache.maven.surefire.testng.TestNGDirectoryTestSuite.execute(TestNGDirectoryTestSuite.java:99)\n\tat org.apache.maven.surefire.testng.TestNGProvider.invoke(TestNGProvider.java:145)\n\tat org.apache.maven.surefire.booter.ForkedBooter.runSuitesInProcess(ForkedBooter.java:428)\n\tat org.apache.maven.surefire.booter.ForkedBooter.execute(ForkedBooter.java:162)\n\tat org.apache.maven.surefire.booter.ForkedBooter.run(ForkedBooter.java:562)\n\tat org.apache.maven.surefire.booter.ForkedBooter.main(ForkedBooter.java:548)\n",
    "steps" : [ {
      "name" : "Element Action [Tap] successfully performed. With the following test data [Views].",
      "time" : {
        "start" : 1637154522797,
        "stop" : 1637154522802,
        "duration" : 5
      },
      "status" : "passed",
      "steps" : [ ],
      "attachments" : [ ],
      "parameters" : [ {
        "name" : "actionCounter",
        "value" : "9"
      }, {
        "name" : "logText",
        "value" : "Element Action [Tap] successfully performed. With the following test data [Views]."
      } ],
      "stepsCount" : 0,
      "attachmentsCount" : 0,
      "shouldDisplayMessage" : false,
      "hasContent" : true
    }, {
      "name" : "Element Action [SwipeElementIntoView] failed.",
      "time" : {
        "start" : 1637154526974,
        "stop" : 1637154526985,
        "duration" : 11
      },
      "status" : "passed",
      "steps" : [ ],
      "attachments" : [ {
        "uid" : "ff66787d04cc35cf",
        "name" : "Attachment: Screenshot - 1637154526716_scrollToElement_insideScreen_SwipeElementIntoView_failed",
        "source" : "ff66787d04cc35cf.png",
        "type" : "image/png",
        "size" : 18068
      } ],
      "parameters" : [ {
        "name" : "actionCounter",
        "value" : "10"
      }, {
        "name" : "logText",
        "value" : "Element Action [SwipeElementIntoView] failed."
      }, {
        "name" : "attachments",
        "value" : "[[Screenshot, 1637154526716_scrollToElement_insideScreen_SwipeElementIntoView_failed, java.io.ByteArrayInputStream@74a991cf]]"
      } ],
      "stepsCount" : 0,
      "attachmentsCount" : 1,
      "shouldDisplayMessage" : false,
      "hasContent" : true
    } ],
    "attachments" : [ {
      "uid" : "be144f5d74264e29",
      "name" : "Attachment: Animated Gif - scrollToElement_insideScreen",
      "source" : "be144f5d74264e29.gif",
      "type" : "image/gif",
      "size" : 143656
    }, {
      "uid" : "b72dbaca9258649",
      "name" : "Attachment: SHAFT Engine Logs - Current Method log: scrollToElement_insideScreen",
      "source" : "b72dbaca9258649.txt",
      "type" : "text/plain",
      "size" : 1401
    } ],
    "parameters" : [ ],
    "stepsCount" : 2,
    "attachmentsCount" : 3,
    "shouldDisplayMessage" : true,
    "hasContent" : true
  },
  "afterStages" : [ {
    "name" : "teardown",
    "time" : {
      "start" : 1637154527022,
      "stop" : 1637154528139,
      "duration" : 1117
    },
    "description" : "",
    "status" : "passed",
    "steps" : [ {
      "name" : "Successfully Closed All Drivers.",
      "time" : {
        "start" : 1637154528138,
        "stop" : 1637154528138,
        "duration" : 0
      },
      "status" : "passed",
      "steps" : [ ],
      "attachments" : [ ],
      "parameters" : [ {
        "name" : "actionCounter",
        "value" : "11"
      }, {
        "name" : "logText",
        "value" : "Successfully Closed All Drivers."
      } ],
      "stepsCount" : 0,
      "attachmentsCount" : 0,
      "shouldDisplayMessage" : false,
      "hasContent" : true
    } ],
    "attachments" : [ {
      "uid" : "962ec67bbb09c7a",
      "name" : "Attachment: Video Recording - teardown",
      "source" : "962ec67bbb09c7a.mp4",
      "type" : "video/mp4",
      "size" : 68195
    }, {
      "uid" : "c97642892aee308b",
      "name" : "Attachment: SHAFT Engine Logs - Current Method log: teardown",
      "source" : "c97642892aee308b.txt",
      "type" : "text/plain",
      "size" : 182
    } ],
    "parameters" : [ ],
    "stepsCount" : 1,
    "attachmentsCount" : 2,
    "shouldDisplayMessage" : false,
    "hasContent" : true
  }, {
    "name" : "teardownActivities",
    "time" : {
      "start" : 1637154567040,
      "stop" : 1637154567746,
      "duration" : 706
    },
    "description" : "",
    "status" : "passed",
    "steps" : [ {
      "name" : "Issue Summary: Total Issues = 1, New issues for Failed Tests = 1, Open issues for Passed Tests = 0, Open issues for Failed Tests = 0. Kindly check the attached Issue details.",
      "time" : {
        "start" : 1637154567048,
        "stop" : 1637154567049,
        "duration" : 1
      },
      "status" : "passed",
      "steps" : [ ],
      "attachments" : [ {
        "uid" : "9dde1902cbc15c14",
        "name" : "Attachment: SHAFT Engine Logs - Issues log CSV: 20211117-130927",
        "source" : "9dde1902cbc15c14.csv",
        "type" : "text/csv",
        "size" : 154
      } ],
      "parameters" : [ {
        "name" : "actionCounter",
        "value" : "24"
      }, {
        "name" : "logText",
        "value" : "Issue Summary: Total Issues = 1, New issues for Failed Tests = 1, Open issues for Passed Tests = 0, Open issues for Failed Tests = 0. Kindly check the attached Issue details."
      }, {
        "name" : "attachments",
        "value" : "[[SHAFT Engine Logs, Issues log CSV: 20211117-130927, java.io.ByteArrayInputStream@26361572]]"
      } ],
      "stepsCount" : 0,
      "attachmentsCount" : 1,
      "shouldDisplayMessage" : false,
      "hasContent" : true
    } ],
    "attachments" : [ {
      "uid" : "3457e51e0503c7fd",
      "name" : "Attachment: SHAFT Engine Logs - Execution log: 20211117-130927",
      "source" : "3457e51e0503c7fd.txt",
      "type" : "text/plain",
      "size" : 8995
    }, {
      "uid" : "db1632b430701463",
      "name" : "Attachment: HTML - Extent Emailable Execution Report",
      "source" : "db1632b430701463.html",
      "type" : "text/html",
      "size" : 1623342
    } ],
    "parameters" : [ ],
    "stepsCount" : 1,
    "attachmentsCount" : 3,
    "shouldDisplayMessage" : false,
    "hasContent" : true
  } ],
  "labels" : [ {
    "name" : "package",
    "value" : "testPackage01.appium.AndroidBasicInteractionsTest"
  }, {
    "name" : "testClass",
    "value" : "testPackage01.appium.AndroidBasicInteractionsTest"
  }, {
    "name" : "testMethod",
    "value" : "scrollToElement_insideScreen"
  }, {
    "name" : "parentSuite",
    "value" : "SHAFT: Custom Suite"
  }, {
    "name" : "suite",
    "value" : "SHAFT: Custom Test"
  }, {
    "name" : "subSuite",
    "value" : "testPackage01.appium.AndroidBasicInteractionsTest"
  }, {
    "name" : "host",
    "value" : "Mac-1637152936865.local"
  }, {
    "name" : "thread",
    "value" : "11553@Mac-1637152936865.local.main(1)"
  }, {
    "name" : "framework",
    "value" : "testng"
  }, {
    "name" : "language",
    "value" : "java"
  }, {
    "name" : "resultFormat",
    "value" : "allure2"
  } ],
  "parameters" : [ ],
  "links" : [ ],
  "hidden" : false,
  "retry" : false,
  "extra" : {
    "severity" : "normal",
    "retries" : [ ],
    "categories" : [ {
      "name" : "Product defects",
      "matchedStatuses" : [ ],
      "flaky" : false
    } ],
    "history" : {
      "statistic" : {
        "failed" : 4,
        "broken" : 0,
        "skipped" : 0,
        "passed" : 0,
        "unknown" : 0,
        "total" : 4
      },
      "items" : [ {
        "uid" : "5dcb4367f96e7af2",
        "reportUrl" : "https://MohabMohie.github.io/SHAFT_ENGINE/allure/MobileNative/Android/219//#testresult/5dcb4367f96e7af2",
        "status" : "failed",
        "statusDetails" : "Element Action [SwipeElementIntoView] failed.",
        "time" : {
          "start" : 1637154360747,
          "stop" : 1637154370254,
          "duration" : 9507
        }
      }, {
        "uid" : "35c32dc8013ea48c",
        "reportUrl" : "https://MohabMohie.github.io/SHAFT_ENGINE/allure/MobileNative/Android/218//#testresult/35c32dc8013ea48c",
        "status" : "failed",
        "statusDetails" : "Element Action [SwipeElementIntoView] failed.",
        "time" : {
          "start" : 1637154221388,
          "stop" : 1637154232215,
          "duration" : 10827
        }
      }, {
        "uid" : "c9b4cecbe5e2c6df",
        "reportUrl" : "https://MohabMohie.github.io/SHAFT_ENGINE/allure/MobileNative/Android/217//#testresult/c9b4cecbe5e2c6df",
        "status" : "failed",
        "statusDetails" : "Element Action [SwipeElementIntoView] failed.",
        "time" : {
          "start" : 1637141024224,
          "stop" : 1637141035464,
          "duration" : 11240
        }
      } ]
    },
    "tags" : [ ]
  },
  "source" : "6cf3fade117c066c.json",
  "parameterValues" : [ ]
}