################################################################################################################################################
Detected SHAFT Engine Version: [SHAFT Engine v5.3.20210902]
################################################################################################################################################

################################################################################################################################################
Starting Execution:	[1 out of 144] test cases in the current suite
Test Method:		[unitTests.tests_validations_assertions.assertComparativeRelation_greaterThanOrEquals_false_equals_expectedToFail]
################################################################################################################################################
[ReportManager] Assertion [ValidateComparativeRelation] FAILED. Expected [1] and Actual [1]. Comparison Type [GREATER_THAN_OR_EQUALS]. Validation Type [NEGATIVE]. @26-09-2021 01:52:21.0401 A

################################################################################################################################################
Starting Execution:	[2 out of 144] test cases in the current suite
Test Method:		[unitTests.tests_validations_assertions.assertComparativeRelation_greaterThanOrEquals_false_equals_expectedToPass]
################################################################################################################################################
[ReportManager] Assertion [ValidateComparativeRelation] PASSED. Expected [2] and Actual [1]. Comparison Type [GREATER_THAN_OR_EQUALS]. Validation Type [NEGATIVE]. @26-09-2021 01:52:21.0519 A

################################################################################################################################################
Starting Execution:	[3 out of 144] test cases in the current suite
Test Method:		[unitTests.tests_validations_assertions.assertComparativeRelation_greaterThanOrEquals_false_greaterThan_expectedToFail]
################################################################################################################################################
[ReportManager] Assertion [ValidateComparativeRelation] FAILED. Expected [1] and Actual [2]. Comparison Type [GREATER_THAN_OR_EQUALS]. Validation Type [NEGATIVE]. @26-09-2021 01:52:21.0526 A

################################################################################################################################################
Starting Execution:	[4 out of 144] test cases in the current suite
Test Method:		[unitTests.tests_validations_assertions.assertComparativeRelation_greaterThanOrEquals_false_greaterThan_expectedToPass]
################################################################################################################################################
[ReportManager] Assertion [ValidateComparativeRelation] PASSED. Expected [2] and Actual [1]. Comparison Type [GREATER_THAN_OR_EQUALS]. Validation Type [NEGATIVE]. @26-09-2021 01:52:21.0547 A

################################################################################################################################################
Starting Execution:	[5 out of 144] test cases in the current suite
Test Method:		[unitTests.tests_validations_assertions.assertComparativeRelation_greaterThanOrEquals_true_equals_expectedToFail]
################################################################################################################################################
[ReportManager] Assertion [ValidateComparativeRelation] FAILED. Expected [1] and Actual [0]. Comparison Type [GREATER_THAN_OR_EQUALS]. Validation Type [POSITIVE]. @26-09-2021 01:52:21.0554 A

################################################################################################################################################
Starting Execution:	[6 out of 144] test cases in the current suite
Test Method:		[unitTests.tests_validations_assertions.assertComparativeRelation_greaterThanOrEquals_true_equals_expectedToPass]
################################################################################################################################################
[ReportManager] Assertion [ValidateComparativeRelation] PASSED. Expected [1] and Actual [1]. Comparison Type [GREATER_THAN_OR_EQUALS]. Validation Type [POSITIVE]. @26-09-2021 01:52:21.0560 A

################################################################################################################################################
Starting Execution:	[7 out of 144] test cases in the current suite
Test Method:		[unitTests.tests_validations_assertions.assertComparativeRelation_greaterThanOrEquals_true_greaterThan_expectedToFail]
################################################################################################################################################
[ReportManager] Assertion [ValidateComparativeRelation] FAILED. Expected [2] and Actual [1]. Comparison Type [GREATER_THAN_OR_EQUALS]. Validation Type [POSITIVE]. @26-09-2021 01:52:21.0566 A

################################################################################################################################################
Starting Execution:	[8 out of 144] test cases in the current suite
Test Method:		[unitTests.tests_validations_assertions.assertComparativeRelation_greaterThanOrEquals_true_greaterThan_expectedToPass]
################################################################################################################################################
[ReportManager] Assertion [ValidateComparativeRelation] PASSED. Expected [1] and Actual [2]. Comparison Type [GREATER_THAN_OR_EQUALS]. Validation Type [POSITIVE]. @26-09-2021 01:52:21.0571 A
[ReportManager] File Action [GetAbsolutePath] successfully performed. With the following test data [Relative Folder Path: "target/downloadedFiles/"]. @26-09-2021 01:52:21.0583 AM
[ReportManager] Attempting to run remotely on: [Linux-64], [GoogleChrome], [http://localhost:4444/wd/hub], Headless Execution. @26-09-2021 01:52:21.0671 AM
[ReportManager] Successfully Opened [GoogleChrome]. @26-09-2021 01:52:23.0336 AM
[ReportManager] Target URL: [https://www.google.com/ncr], and after redirection: [www.google.com] @26-09-2021 01:52:23.0383 AM
[ReportManager] Initial URL: [data:,] @26-09-2021 01:52:23.0500 AM
[ReportManager] Browser Action [NavigateToURL] successfully performed. With the following test data [https://www.google.com/ncr]. @26-09-2021 01:52:25.0149 A

################################################################################################################################################
Starting Execution:	[9 out of 144] test cases in the current suite
Test Method:		[unitTests.tests_validations_assertions.assertElementAttribute_false_caseInsensitiveComparison_expectedToFail]
################################################################################################################################################
[ReportManager] Element Action [Type] successfully performed. With the following test data [AUTOMATION]. @26-09-2021 01:52:25.0901 AM
[ReportManager] Element Action [GetText] successfully performed. With the following test data [AUTOMATION]. @26-09-2021 01:52:26.0093 AM
[ReportManager] Loaded Shared OpenCV @26-09-2021 01:52:26.0876 AM
[ReportManager] Assertion [ValidateElementAttribute] FAILED. Expected [Value Should not be 'AutomaTion' for the 'text' attribute, element locator 'By.name: q'] and Actual [AUTOMATION]. Comparison Type [CASE_INSENSITIVE]. Validation Type [NEGATIVE]. @26-09-2021 01:52:27.0185 AM
[ReportManager] Successfully created attachment [Screenshot - 1632621146388_assertElementAttribute_false_caseInsensitiveComparison_expectedToFail_ValidateElementAttribute_failed] @26-09-2021 01:52:27.0214 A
[ReportManager] Browser Action [CloseCurrentWindow] successfully performed. @26-09-2021 01:52:27.0385 AM
[ReportManager] Successfully created attachment [Browser Action Test Data - CloseCurrentWindow - Actual Value] @26-09-2021 01:52:27.0396 A
[ReportManager] File Action [GetAbsolutePath] successfully performed. With the following test data [Relative Folder Path: "target/downloadedFiles/"]. @26-09-2021 01:52:27.0411 AM
[ReportManager] Attempting to run remotely on: [Linux-64], [GoogleChrome], [http://localhost:4444/wd/hub], Headless Execution. @26-09-2021 01:52:27.0411 AM
[ReportManager] Successfully Opened [GoogleChrome]. @26-09-2021 01:52:27.0671 AM
[ReportManager] Target URL: [https://www.google.com/ncr], and after redirection: [www.google.com] @26-09-2021 01:52:27.0707 AM
[ReportManager] Initial URL: [data:,] @26-09-2021 01:52:27.0777 AM
[ReportManager] Browser Action [NavigateToURL] successfully performed. With the following test data [https://www.google.com/ncr]. @26-09-2021 01:52:28.0725 A

################################################################################################################################################
Starting Execution:	[10 out of 144] test cases in the current suite
Test Method:		[unitTests.tests_validations_assertions.assertElementAttribute_false_caseInsensitiveComparison_expectedToPass]
################################################################################################################################################
[ReportManager] Element Action [Type] successfully performed. With the following test data [AUTOMATION]. @26-09-2021 01:52:29.0188 AM
[ReportManager] Element Action [GetText] successfully performed. With the following test data [AUTOMATION]. @26-09-2021 01:52:29.0333 AM
[ReportManager] Loaded Shared OpenCV @26-09-2021 01:52:29.0559 AM
[ReportManager] Assertion [ValidateElementAttribute] PASSED. Expected [Value Should not be 'AutomaTion123' for the 'text' attribute, element locator 'By.name: q'] and Actual [AUTOMATION]. Comparison Type [CASE_INSENSITIVE]. Validation Type [NEGATIVE]. @26-09-2021 01:52:29.0690 AM
[ReportManager] Successfully created attachment [Screenshot - 1632621149559_assertElementAttribute_false_caseInsensitiveComparison_expectedToPass_ValidateElementAttribute_passed] @26-09-2021 01:52:29.0692 A
[ReportManager] Browser Action [CloseCurrentWindow] successfully performed. @26-09-2021 01:52:29.0849 AM
[ReportManager] Successfully created attachment [Browser Action Test Data - CloseCurrentWindow - Actual Value] @26-09-2021 01:52:29.0857 A
[ReportManager] File Action [GetAbsolutePath] successfully performed. With the following test data [Relative Folder Path: "target/downloadedFiles/"]. @26-09-2021 01:52:29.0867 AM
[ReportManager] Attempting to run remotely on: [Linux-64], [GoogleChrome], [http://localhost:4444/wd/hub], Headless Execution. @26-09-2021 01:52:29.0867 AM
[ReportManager] Successfully Opened [GoogleChrome]. @26-09-2021 01:52:30.0135 AM
[ReportManager] Target URL: [https://www.google.com/ncr], and after redirection: [www.google.com] @26-09-2021 01:52:30.0160 AM
[ReportManager] Initial URL: [data:,] @26-09-2021 01:52:30.0229 AM
[ReportManager] Browser Action [NavigateToURL] successfully performed. With the following test data [https://www.google.com/ncr]. @26-09-2021 01:52:31.0119 A

################################################################################################################################################
Starting Execution:	[11 out of 144] test cases in the current suite
Test Method:		[unitTests.tests_validations_assertions.assertElementAttribute_false_containsComparison_expectedToFail]
################################################################################################################################################
[ReportManager] Element Action [Type] successfully performed. With the following test data [Automation123]. @26-09-2021 01:52:31.0553 AM
[ReportManager] Element Action [GetText] successfully performed. With the following test data [Automation123]. @26-09-2021 01:52:31.0691 AM
[ReportManager] Loaded Shared OpenCV @26-09-2021 01:52:31.0892 AM
[ReportManager] Assertion [ValidateElementAttribute] FAILED. Expected [Value Should not be 'Automation' for the 'text' attribute, element locator 'By.name: q'] and Actual [Automation123]. Comparison Type [CONTAINS]. Validation Type [NEGATIVE]. @26-09-2021 01:52:31.0991 AM
[ReportManager] Successfully created attachment [Screenshot - 1632621151892_assertElementAttribute_false_containsComparison_expectedToFail_ValidateElementAttribute_failed] @26-09-2021 01:52:31.0993 A
[ReportManager] Browser Action [CloseCurrentWindow] successfully performed. @26-09-2021 01:52:32.0144 AM
[ReportManager] Successfully created attachment [Browser Action Test Data - CloseCurrentWindow - Actual Value] @26-09-2021 01:52:32.0145 A
[ReportManager] File Action [GetAbsolutePath] successfully performed. With the following test data [Relative Folder Path: "target/downloadedFiles/"]. @26-09-2021 01:52:32.0149 AM
[ReportManager] Attempting to run remotely on: [Linux-64], [GoogleChrome], [http://localhost:4444/wd/hub], Headless Execution. @26-09-2021 01:52:32.0149 AM
[ReportManager] Successfully Opened [GoogleChrome]. @26-09-2021 01:52:32.0410 AM
[ReportManager] Target URL: [https://www.google.com/ncr], and after redirection: [www.google.com] @26-09-2021 01:52:32.0428 AM
[ReportManager] Initial URL: [data:,] @26-09-2021 01:52:32.0485 AM
[ReportManager] Browser Action [NavigateToURL] successfully performed. With the following test data [https://www.google.com/ncr]. @26-09-2021 01:52:33.0372 A

################################################################################################################################################
Starting Execution:	[12 out of 144] test cases in the current suite
Test Method:		[unitTests.tests_validations_assertions.assertElementAttribute_false_containsComparison_expectedToPass]
################################################################################################################################################
[ReportManager] Element Action [Type] successfully performed. With the following test data [Automation123]. @26-09-2021 01:52:33.0801 AM
[ReportManager] Element Action [GetText] successfully performed. With the following test data [Automation123]. @26-09-2021 01:52:33.0925 AM
[ReportManager] Loaded Shared OpenCV @26-09-2021 01:52:34.0107 AM
[ReportManager] Assertion [ValidateElementAttribute] PASSED. Expected [Value Should not be 'Automation1234' for the 'text' attribute, element locator 'By.name: q'] and Actual [Automation123]. Comparison Type [CONTAINS]. Validation Type [NEGATIVE]. @26-09-2021 01:52:34.0195 AM
[ReportManager] Successfully created attachment [Screenshot - 1632621154107_assertElementAttribute_false_containsComparison_expectedToPass_ValidateElementAttribute_passed] @26-09-2021 01:52:34.0197 A
[ReportManager] Browser Action [CloseCurrentWindow] successfully performed. @26-09-2021 01:52:34.0341 AM
[ReportManager] Successfully created attachment [Browser Action Test Data - CloseCurrentWindow - Actual Value] @26-09-2021 01:52:34.0342 A
[ReportManager] File Action [GetAbsolutePath] successfully performed. With the following test data [Relative Folder Path: "target/downloadedFiles/"]. @26-09-2021 01:52:34.0344 AM
[ReportManager] Attempting to run remotely on: [Linux-64], [GoogleChrome], [http://localhost:4444/wd/hub], Headless Execution. @26-09-2021 01:52:34.0345 AM
[ReportManager] Successfully Opened [GoogleChrome]. @26-09-2021 01:52:34.0574 AM
[ReportManager] Target URL: [https://www.google.com/ncr], and after redirection: [www.google.com] @26-09-2021 01:52:34.0586 AM
[ReportManager] Initial URL: [data:,] @26-09-2021 01:52:34.0661 AM
[ReportManager] Browser Action [NavigateToURL] successfully performed. With the following test data [https://www.google.com/ncr]. @26-09-2021 01:52:35.0613 A

################################################################################################################################################
Starting Execution:	[13 out of 144] test cases in the current suite
Test Method:		[unitTests.tests_validations_assertions.assertElementAttribute_false_literalComparison_expectedToFail]
################################################################################################################################################
[ReportManager] Element Action [Type] successfully performed. With the following test data [Automation!@#$%^&*()_+{}[]\';/.,]. @26-09-2021 01:52:36.0132 AM
[ReportManager] Element Action [GetText] successfully performed. With the following test data [Automation!@#$%^&*()_+{}[]\';/.,]. @26-09-2021 01:52:36.0267 AM
[ReportManager] Loaded Shared OpenCV @26-09-2021 01:52:36.0466 AM
[ReportManager] Assertion [ValidateElementAttribute] PASSED. Expected [Value Should not be 'Automation!@#$%^&*()_+{}[]\\';/.,' for the 'text' attribute, element locator 'By.name: q'] and Actual [Automation!@#$%^&*()_+{}[]\';/.,]. Comparison Type [EQUALS]. Validation Type [NEGATIVE]. @26-09-2021 01:52:36.0563 AM
[ReportManager] Successfully created attachment [Screenshot - 1632621156466_assertElementAttribute_false_literalComparison_expectedToFail_ValidateElementAttribute_passed] @26-09-2021 01:52:36.0564 A
[ReportManager] Browser Action [CloseCurrentWindow] successfully performed. @26-09-2021 01:52:36.0695 AM
[ReportManager] Successfully created attachment [Browser Action Test Data - CloseCurrentWindow - Actual Value] @26-09-2021 01:52:36.0696 A
[ReportManager] File Action [GetAbsolutePath] successfully performed. With the following test data [Relative Folder Path: "target/downloadedFiles/"]. @26-09-2021 01:52:36.0701 AM
[ReportManager] Attempting to run remotely on: [Linux-64], [GoogleChrome], [http://localhost:4444/wd/hub], Headless Execution. @26-09-2021 01:52:36.0701 AM
[ReportManager] Successfully Opened [GoogleChrome]. @26-09-2021 01:52:36.0927 AM
[ReportManager] Target URL: [https://www.google.com/ncr], and after redirection: [www.google.com] @26-09-2021 01:52:36.0955 AM
[ReportManager] Initial URL: [data:,] @26-09-2021 01:52:37.0015 AM
[ReportManager] Browser Action [NavigateToURL] successfully performed. With the following test data [https://www.google.com/ncr]. @26-09-2021 01:52:37.0949 A

################################################################################################################################################
Starting Execution:	[14 out of 144] test cases in the current suite
Test Method:		[unitTests.tests_validations_assertions.assertElementAttribute_false_literalComparison_expectedToPass]
################################################################################################################################################
[ReportManager] Element Action [Type] successfully performed. With the following test data [Automation!@#$%^&*()_+{}[]\';/.,]. @26-09-2021 01:52:38.0473 AM
[ReportManager] Element Action [GetText] successfully performed. With the following test data [Automation!@#$%^&*()_+{}[]\';/.,]. @26-09-2021 01:52:38.0589 AM
[ReportManager] Loaded Shared OpenCV @26-09-2021 01:52:38.0775 AM
[ReportManager] Assertion [ValidateElementAttribute] PASSED. Expected [Value Should not be 'Automation' for the 'text' attribute, element locator 'By.name: q'] and Actual [Automation!@#$%^&*()_+{}[]\';/.,]. Comparison Type [EQUALS]. Validation Type [NEGATIVE]. @26-09-2021 01:52:38.0876 AM
[ReportManager] Successfully created attachment [Screenshot - 1632621158775_assertElementAttribute_false_literalComparison_expectedToPass_ValidateElementAttribute_passed] @26-09-2021 01:52:38.0877 A
[ReportManager] Browser Action [CloseCurrentWindow] successfully performed. @26-09-2021 01:52:39.0011 AM
[ReportManager] Successfully created attachment [Browser Action Test Data - CloseCurrentWindow - Actual Value] @26-09-2021 01:52:39.0012 A
[ReportManager] File Action [GetAbsolutePath] successfully performed. With the following test data [Relative Folder Path: "target/downloadedFiles/"]. @26-09-2021 01:52:39.0015 AM
[ReportManager] Attempting to run remotely on: [Linux-64], [GoogleChrome], [http://localhost:4444/wd/hub], Headless Execution. @26-09-2021 01:52:39.0015 AM
[ReportManager] Successfully Opened [GoogleChrome]. @26-09-2021 01:52:39.0251 AM
[ReportManager] Target URL: [https://www.google.com/ncr], and after redirection: [www.google.com] @26-09-2021 01:52:39.0286 AM
[ReportManager] Initial URL: [data:,] @26-09-2021 01:52:39.0349 AM
[ReportManager] Browser Action [NavigateToURL] successfully performed. With the following test data [https://www.google.com/ncr]. @26-09-2021 01:52:40.0245 A

################################################################################################################################################
Starting Execution:	[15 out of 144] test cases in the current suite
Test Method:		[unitTests.tests_validations_assertions.assertElementAttribute_false_regexComparison_expectedToFail]
################################################################################################################################################
[ReportManager] Element Action [Type] successfully performed. With the following test data [Automation123]. @26-09-2021 01:52:40.0627 AM
[ReportManager] Element Action [GetText] successfully performed. With the following test data [Automation123]. @26-09-2021 01:52:40.0733 AM
[ReportManager] Loaded Shared OpenCV @26-09-2021 01:52:40.0901 AM
[ReportManager] Assertion [ValidateElementAttribute] FAILED. Expected [Value Should not be 'Automation.*' for the 'text' attribute, element locator 'By.name: q'] and Actual [Automation123]. Comparison Type [MATCHES]. Validation Type [NEGATIVE]. @26-09-2021 01:52:40.0992 AM
[ReportManager] Successfully created attachment [Screenshot - 1632621160901_assertElementAttribute_false_regexComparison_expectedToFail_ValidateElementAttribute_failed] @26-09-2021 01:52:40.0994 A
[ReportManager] Browser Action [CloseCurrentWindow] successfully performed. @26-09-2021 01:52:41.0141 AM
[ReportManager] Successfully created attachment [Browser Action Test Data - CloseCurrentWindow - Actual Value] @26-09-2021 01:52:41.0142 A
[ReportManager] File Action [GetAbsolutePath] successfully performed. With the following test data [Relative Folder Path: "target/downloadedFiles/"]. @26-09-2021 01:52:41.0148 AM
[ReportManager] Attempting to run remotely on: [Linux-64], [GoogleChrome], [http://localhost:4444/wd/hub], Headless Execution. @26-09-2021 01:52:41.0149 AM
[ReportManager] Successfully Opened [GoogleChrome]. @26-09-2021 01:52:41.0370 AM
[ReportManager] Target URL: [https://www.google.com/ncr], and after redirection: [www.google.com] @26-09-2021 01:52:41.0383 AM
[ReportManager] Initial URL: [data:,] @26-09-2021 01:52:41.0442 AM
[ReportManager] Browser Action [NavigateToURL] successfully performed. With the following test data [https://www.google.com/ncr]. @26-09-2021 01:52:42.0338 A

################################################################################################################################################
Starting Execution:	[16 out of 144] test cases in the current suite
Test Method:		[unitTests.tests_validations_assertions.assertElementAttribute_false_regexComparison_expectedToPass]
################################################################################################################################################
[ReportManager] Element Action [Type] successfully performed. With the following test data [Automation123]. @26-09-2021 01:52:42.0718 AM
[ReportManager] Element Action [GetText] successfully performed. With the following test data [Automation123]. @26-09-2021 01:52:42.0846 AM
[ReportManager] Loaded Shared OpenCV @26-09-2021 01:52:43.0023 AM
[ReportManager] Assertion [ValidateElementAttribute] PASSED. Expected [Value Should not be 'Automation' for the 'text' attribute, element locator 'By.name: q'] and Actual [Automation123]. Comparison Type [MATCHES]. Validation Type [NEGATIVE]. @26-09-2021 01:52:43.0113 AM
[ReportManager] Successfully created attachment [Screenshot - 1632621163023_assertElementAttribute_false_regexComparison_expectedToPass_ValidateElementAttribute_passed] @26-09-2021 01:52:43.0114 A
[ReportManager] Browser Action [CloseCurrentWindow] successfully performed. @26-09-2021 01:52:43.0263 AM
[ReportManager] Successfully created attachment [Browser Action Test Data - CloseCurrentWindow - Actual Value] @26-09-2021 01:52:43.0264 A
[ReportManager] File Action [GetAbsolutePath] successfully performed. With the following test data [Relative Folder Path: "target/downloadedFiles/"]. @26-09-2021 01:52:43.0276 AM
[ReportManager] Attempting to run remotely on: [Linux-64], [GoogleChrome], [http://localhost:4444/wd/hub], Headless Execution. @26-09-2021 01:52:43.0276 AM
[ReportManager] Successfully Opened [GoogleChrome]. @26-09-2021 01:52:43.0539 AM
[ReportManager] Target URL: [https://www.google.com/ncr], and after redirection: [www.google.com] @26-09-2021 01:52:43.0553 AM
[ReportManager] Initial URL: [data:,] @26-09-2021 01:52:43.0598 AM
[ReportManager] Browser Action [NavigateToURL] successfully performed. With the following test data [https://www.google.com/ncr]. @26-09-2021 01:52:44.0449 A

################################################################################################################################################
Starting Execution:	[17 out of 144] test cases in the current suite
Test Method:		[unitTests.tests_validations_assertions.assertElementAttribute_true_caseInsensitiveComparison_expectedToFail]
################################################################################################################################################
[ReportManager] Element Action [Type] successfully performed. With the following test data [AUTOMATION]. @26-09-2021 01:52:44.0828 AM
[ReportManager] Element Action [GetText] successfully performed. With the following test data [AUTOMATION]. @26-09-2021 01:52:44.0944 AM
[ReportManager] Loaded Shared OpenCV @26-09-2021 01:52:45.0120 AM
[ReportManager] Assertion [ValidateElementAttribute] FAILED. Expected [Value Should be 'AutomaTion123' for the 'text' attribute, element locator 'By.name: q'] and Actual [AUTOMATION]. Comparison Type [CASE_INSENSITIVE]. Validation Type [POSITIVE]. @26-09-2021 01:52:45.0211 AM
[ReportManager] Successfully created attachment [Screenshot - 1632621165120_assertElementAttribute_true_caseInsensitiveComparison_expectedToFail_ValidateElementAttribute_failed] @26-09-2021 01:52:45.0212 A
[ReportManager] Browser Action [CloseCurrentWindow] successfully performed. @26-09-2021 01:52:45.0348 AM
[ReportManager] Successfully created attachment [Browser Action Test Data - CloseCurrentWindow - Actual Value] @26-09-2021 01:52:45.0349 A
[ReportManager] File Action [GetAbsolutePath] successfully performed. With the following test data [Relative Folder Path: "target/downloadedFiles/"]. @26-09-2021 01:52:45.0354 AM
[ReportManager] Attempting to run remotely on: [Linux-64], [GoogleChrome], [http://localhost:4444/wd/hub], Headless Execution. @26-09-2021 01:52:45.0355 AM
[ReportManager] Successfully Opened [GoogleChrome]. @26-09-2021 01:52:45.0564 AM
[ReportManager] Target URL: [https://www.google.com/ncr], and after redirection: [www.google.com] @26-09-2021 01:52:45.0579 AM
[ReportManager] Initial URL: [data:,] @26-09-2021 01:52:45.0626 AM
[ReportManager] Browser Action [NavigateToURL] successfully performed. With the following test data [https://www.google.com/ncr]. @26-09-2021 01:52:46.0478 A

################################################################################################################################################
Starting Execution:	[18 out of 144] test cases in the current suite
Test Method:		[unitTests.tests_validations_assertions.assertElementAttribute_true_caseInsensitiveComparison_expectedToPass]
################################################################################################################################################
[ReportManager] Element Action [Type] successfully performed. With the following test data [AUTOMATION]. @26-09-2021 01:52:46.0856 AM
[ReportManager] Element Action [GetText] successfully performed. With the following test data [AUTOMATION]. @26-09-2021 01:52:46.0955 AM
[ReportManager] Loaded Shared OpenCV @26-09-2021 01:52:47.0150 AM
[ReportManager] Assertion [ValidateElementAttribute] PASSED. Expected [Value Should be 'AutomaTion' for the 'text' attribute, element locator 'By.name: q'] and Actual [AUTOMATION]. Comparison Type [CASE_INSENSITIVE]. Validation Type [POSITIVE]. @26-09-2021 01:52:47.0244 AM
[ReportManager] Successfully created attachment [Screenshot - 1632621167150_assertElementAttribute_true_caseInsensitiveComparison_expectedToPass_ValidateElementAttribute_passed] @26-09-2021 01:52:47.0245 A
[ReportManager] Browser Action [CloseCurrentWindow] successfully performed. @26-09-2021 01:52:47.0378 AM
[ReportManager] Successfully created attachment [Browser Action Test Data - CloseCurrentWindow - Actual Value] @26-09-2021 01:52:47.0378 A
[ReportManager] File Action [GetAbsolutePath] successfully performed. With the following test data [Relative Folder Path: "target/downloadedFiles/"]. @26-09-2021 01:52:47.0381 AM
[ReportManager] Attempting to run remotely on: [Linux-64], [GoogleChrome], [http://localhost:4444/wd/hub], Headless Execution. @26-09-2021 01:52:47.0382 AM
[ReportManager] Successfully Opened [GoogleChrome]. @26-09-2021 01:52:47.0597 AM
[ReportManager] Target URL: [https://www.google.com/ncr], and after redirection: [www.google.com] @26-09-2021 01:52:47.0609 AM
[ReportManager] Initial URL: [data:,] @26-09-2021 01:52:47.0654 AM
[ReportManager] Browser Action [NavigateToURL] successfully performed. With the following test data [https://www.google.com/ncr]. @26-09-2021 01:52:48.0487 A

################################################################################################################################################
Starting Execution:	[19 out of 144] test cases in the current suite
Test Method:		[unitTests.tests_validations_assertions.assertElementAttribute_true_containsComparison_expectedToFail]
################################################################################################################################################
[ReportManager] Element Action [Type] successfully performed. With the following test data [Automation123]. @26-09-2021 01:52:48.0857 AM
[ReportManager] Element Action [GetText] successfully performed. With the following test data [Automation123]. @26-09-2021 01:52:48.0967 AM
[ReportManager] Loaded Shared OpenCV @26-09-2021 01:52:49.0132 AM
[ReportManager] Assertion [ValidateElementAttribute] FAILED. Expected [Value Should be 'Automation1234' for the 'text' attribute, element locator 'By.name: q'] and Actual [Automation123]. Comparison Type [CONTAINS]. Validation Type [POSITIVE]. @26-09-2021 01:52:49.0224 AM
[ReportManager] Successfully created attachment [Screenshot - 1632621169132_assertElementAttribute_true_containsComparison_expectedToFail_ValidateElementAttribute_failed] @26-09-2021 01:52:49.0225 A
[ReportManager] Browser Action [CloseCurrentWindow] successfully performed. @26-09-2021 01:52:49.0366 AM
[ReportManager] Successfully created attachment [Browser Action Test Data - CloseCurrentWindow - Actual Value] @26-09-2021 01:52:49.0367 A
[ReportManager] File Action [GetAbsolutePath] successfully performed. With the following test data [Relative Folder Path: "target/downloadedFiles/"]. @26-09-2021 01:52:49.0371 AM
[ReportManager] Attempting to run remotely on: [Linux-64], [GoogleChrome], [http://localhost:4444/wd/hub], Headless Execution. @26-09-2021 01:52:49.0371 AM
[ReportManager] Successfully Opened [GoogleChrome]. @26-09-2021 01:52:49.0670 AM
[ReportManager] Target URL: [https://www.google.com/ncr], and after redirection: [www.google.com] @26-09-2021 01:52:49.0688 AM
[ReportManager] Initial URL: [data:,] @26-09-2021 01:52:49.0731 AM
[ReportManager] Browser Action [NavigateToURL] successfully performed. With the following test data [https://www.google.com/ncr]. @26-09-2021 01:52:50.0558 A

################################################################################################################################################
Starting Execution:	[20 out of 144] test cases in the current suite
Test Method:		[unitTests.tests_validations_assertions.assertElementAttribute_true_containsComparison_expectedToPass]
################################################################################################################################################
[ReportManager] Element Action [Type] successfully performed. With the following test data [Automation123]. @26-09-2021 01:52:51.0013 AM
[ReportManager] Element Action [GetText] successfully performed. With the following test data [Automation123]. @26-09-2021 01:52:51.0163 AM
[ReportManager] Loaded Shared OpenCV @26-09-2021 01:52:51.0315 AM
[ReportManager] Assertion [ValidateElementAttribute] PASSED. Expected [Value Should be 'Automation' for the 'text' attribute, element locator 'By.name: q'] and Actual [Automation123]. Comparison Type [CONTAINS]. Validation Type [POSITIVE]. @26-09-2021 01:52:51.0408 AM
[ReportManager] Successfully created attachment [Screenshot - 1632621171315_assertElementAttribute_true_containsComparison_expectedToPass_ValidateElementAttribute_passed] @26-09-2021 01:52:51.0409 A
[ReportManager] Browser Action [CloseCurrentWindow] successfully performed. @26-09-2021 01:52:51.0532 AM
[ReportManager] Successfully created attachment [Browser Action Test Data - CloseCurrentWindow - Actual Value] @26-09-2021 01:52:51.0533 A
[ReportManager] File Action [GetAbsolutePath] successfully performed. With the following test data [Relative Folder Path: "target/downloadedFiles/"]. @26-09-2021 01:52:51.0536 AM
[ReportManager] Attempting to run remotely on: [Linux-64], [GoogleChrome], [http://localhost:4444/wd/hub], Headless Execution. @26-09-2021 01:52:51.0537 AM
[ReportManager] Successfully Opened [GoogleChrome]. @26-09-2021 01:52:51.0768 AM
[ReportManager] Target URL: [https://www.google.com/ncr], and after redirection: [www.google.com] @26-09-2021 01:52:51.0782 AM
[ReportManager] Initial URL: [data:,] @26-09-2021 01:52:51.0823 AM
[ReportManager] Browser Action [NavigateToURL] successfully performed. With the following test data [https://www.google.com/ncr]. @26-09-2021 01:52:52.0682 A

################################################################################################################################################
Starting Execution:	[21 out of 144] test cases in the current suite
Test Method:		[unitTests.tests_validations_assertions.assertElementAttribute_true_literalComparison_expectedToFail]
################################################################################################################################################
[ReportManager] Element Action [Type] successfully performed. With the following test data [Automation!@#$%^&*()_+{}[]\';/.,]. @26-09-2021 01:52:53.0157 AM
[ReportManager] Element Action [GetText] successfully performed. With the following test data [Automation!@#$%^&*()_+{}[]\';/.,]. @26-09-2021 01:52:53.0282 AM
[ReportManager] Loaded Shared OpenCV @26-09-2021 01:52:53.0482 AM
[ReportManager] Assertion [ValidateElementAttribute] FAILED. Expected [Value Should be 'Automation' for the 'text' attribute, element locator 'By.name: q'] and Actual [Automation!@#$%^&*()_+{}[]\';/.,]. Comparison Type [EQUALS]. Validation Type [POSITIVE]. @26-09-2021 01:52:53.0630 AM
[ReportManager] Successfully created attachment [Screenshot - 1632621173481_assertElementAttribute_true_literalComparison_expectedToFail_ValidateElementAttribute_failed] @26-09-2021 01:52:53.0632 A
[ReportManager] Browser Action [CloseCurrentWindow] successfully performed. @26-09-2021 01:52:53.0784 AM
[ReportManager] Successfully created attachment [Browser Action Test Data - CloseCurrentWindow - Actual Value] @26-09-2021 01:52:53.0785 A
[ReportManager] File Action [GetAbsolutePath] successfully performed. With the following test data [Relative Folder Path: "target/downloadedFiles/"]. @26-09-2021 01:52:53.0789 AM
[ReportManager] Attempting to run remotely on: [Linux-64], [GoogleChrome], [http://localhost:4444/wd/hub], Headless Execution. @26-09-2021 01:52:53.0790 AM
[ReportManager] Successfully Opened [GoogleChrome]. @26-09-2021 01:52:54.0084 AM
[ReportManager] Target URL: [https://www.google.com/ncr], and after redirection: [www.google.com] @26-09-2021 01:52:54.0103 AM
[ReportManager] Initial URL: [data:,] @26-09-2021 01:52:54.0147 AM
[ReportManager] Browser Action [NavigateToURL] successfully performed. With the following test data [https://www.google.com/ncr]. @26-09-2021 01:52:54.0977 A

################################################################################################################################################
Starting Execution:	[22 out of 144] test cases in the current suite
Test Method:		[unitTests.tests_validations_assertions.assertElementAttribute_true_literalComparison_expectedToPass]
################################################################################################################################################
[ReportManager] Element Action [Type] successfully performed. With the following test data [Automation!@#$%^&*()_+{}[]\';/.,]. @26-09-2021 01:52:55.0478 AM
[ReportManager] Element Action [GetText] successfully performed. With the following test data [Automation!@#$%^&*()_+{}[]\';/.,]. @26-09-2021 01:52:55.0578 AM
[ReportManager] Loaded Shared OpenCV @26-09-2021 01:52:55.0759 AM
[ReportManager] Assertion [ValidateElementAttribute] PASSED. Expected [Value Should be 'Automation!@#$%^&*()_+{}[]\';/.,' for the 'text' attribute, element locator 'By.name: q'] and Actual [Automation!@#$%^&*()_+{}[]\';/.,]. Comparison Type [EQUALS]. Validation Type [POSITIVE]. @26-09-2021 01:52:55.0858 AM
[ReportManager] Successfully created attachment [Screenshot - 1632621175759_assertElementAttribute_true_literalComparison_expectedToPass_ValidateElementAttribute_passed] @26-09-2021 01:52:55.0859 A
[ReportManager] Browser Action [CloseCurrentWindow] successfully performed. @26-09-2021 01:52:55.0985 AM
[ReportManager] Successfully created attachment [Browser Action Test Data - CloseCurrentWindow - Actual Value] @26-09-2021 01:52:55.0987 A
[ReportManager] File Action [GetAbsolutePath] successfully performed. With the following test data [Relative Folder Path: "target/downloadedFiles/"]. @26-09-2021 01:52:55.0991 AM
[ReportManager] Attempting to run remotely on: [Linux-64], [GoogleChrome], [http://localhost:4444/wd/hub], Headless Execution. @26-09-2021 01:52:55.0992 AM
[ReportManager] Successfully Opened [GoogleChrome]. @26-09-2021 01:52:56.0232 AM
[ReportManager] Target URL: [https://www.google.com/ncr], and after redirection: [www.google.com] @26-09-2021 01:52:56.0242 AM
[ReportManager] Initial URL: [data:,] @26-09-2021 01:52:56.0285 AM
[ReportManager] Browser Action [NavigateToURL] successfully performed. With the following test data [https://www.google.com/ncr]. @26-09-2021 01:52:57.0113 A

################################################################################################################################################
Starting Execution:	[23 out of 144] test cases in the current suite
Test Method:		[unitTests.tests_validations_assertions.assertElementAttribute_true_regexComparison_expectedToFail]
################################################################################################################################################
[ReportManager] Element Action [Type] successfully performed. With the following test data [Automation123]. @26-09-2021 01:52:57.0476 AM
[ReportManager] Element Action [GetText] successfully performed. With the following test data [Automation123]. @26-09-2021 01:52:57.0580 AM
[ReportManager] Loaded Shared OpenCV @26-09-2021 01:52:57.0794 AM
[ReportManager] Assertion [ValidateElementAttribute] FAILED. Expected [Value Should be 'Automation' for the 'text' attribute, element locator 'By.name: q'] and Actual [Automation123]. Comparison Type [MATCHES]. Validation Type [POSITIVE]. @26-09-2021 01:52:57.0883 AM
[ReportManager] Successfully created attachment [Screenshot - 1632621177794_assertElementAttribute_true_regexComparison_expectedToFail_ValidateElementAttribute_failed] @26-09-2021 01:52:57.0884 A
[ReportManager] Browser Action [CloseCurrentWindow] successfully performed. @26-09-2021 01:52:58.0015 AM
[ReportManager] Successfully created attachment [Browser Action Test Data - CloseCurrentWindow - Actual Value] @26-09-2021 01:52:58.0016 A
[ReportManager] File Action [GetAbsolutePath] successfully performed. With the following test data [Relative Folder Path: "target/downloadedFiles/"]. @26-09-2021 01:52:58.0019 AM
[ReportManager] Attempting to run remotely on: [Linux-64], [GoogleChrome], [http://localhost:4444/wd/hub], Headless Execution. @26-09-2021 01:52:58.0020 AM
[ReportManager] Successfully Opened [GoogleChrome]. @26-09-2021 01:52:58.0228 AM
[ReportManager] Target URL: [https://www.google.com/ncr], and after redirection: [www.google.com] @26-09-2021 01:52:58.0249 AM
[ReportManager] Initial URL: [data:,] @26-09-2021 01:52:58.0293 AM
[ReportManager] Browser Action [NavigateToURL] successfully performed. With the following test data [https://www.google.com/ncr]. @26-09-2021 01:52:59.0160 A

################################################################################################################################################
Starting Execution:	[24 out of 144] test cases in the current suite
Test Method:		[unitTests.tests_validations_assertions.assertElementAttribute_true_regexComparison_expectedToPass]
################################################################################################################################################
[ReportManager] Element Action [Type] successfully performed. With the following test data [Automation123]. @26-09-2021 01:52:59.0531 AM
[ReportManager] Element Action [GetText] successfully performed. With the following test data [Automation123]. @26-09-2021 01:52:59.0631 AM
[ReportManager] Loaded Shared OpenCV @26-09-2021 01:52:59.0814 AM
[ReportManager] Assertion [ValidateElementAttribute] PASSED. Expected [Value Should be 'Automation.*' for the 'text' attribute, element locator 'By.name: q'] and Actual [Automation123]. Comparison Type [MATCHES]. Validation Type [POSITIVE]. @26-09-2021 01:52:59.0910 AM
[ReportManager] Successfully created attachment [Screenshot - 1632621179814_assertElementAttribute_true_regexComparison_expectedToPass_ValidateElementAttribute_passed] @26-09-2021 01:52:59.0911 A
[ReportManager] Browser Action [CloseCurrentWindow] successfully performed. @26-09-2021 01:53:00.0038 AM
[ReportManager] Successfully created attachment [Browser Action Test Data - CloseCurrentWindow - Actual Value] @26-09-2021 01:53:00.0039 A
[ReportManager] File Action [GetAbsolutePath] successfully performed. With the following test data [Relative Folder Path: "target/downloadedFiles/"]. @26-09-2021 01:53:00.0042 AM
[ReportManager] Attempting to run remotely on: [Linux-64], [GoogleChrome], [http://localhost:4444/wd/hub], Headless Execution. @26-09-2021 01:53:00.0042 AM
[ReportManager] Successfully Opened [GoogleChrome]. @26-09-2021 01:53:00.0247 AM
[ReportManager] Target URL: [https://www.google.com/ncr], and after redirection: [www.google.com] @26-09-2021 01:53:00.0264 AM
[ReportManager] Initial URL: [data:,] @26-09-2021 01:53:00.0305 AM
[ReportManager] Browser Action [NavigateToURL] successfully performed. With the following test data [https://www.google.com/ncr]. @26-09-2021 01:53:01.0135 A

################################################################################################################################################
Starting Execution:	[25 out of 144] test cases in the current suite
Test Method:		[unitTests.tests_validations_assertions.assertElementAttribute_type_true_literalComparison_expectedToPass]
################################################################################################################################################
[ReportManager] Element Action [Type] successfully performed. With the following test data [Automation!@#$%^&*()_+{}[]\';/.,]. @26-09-2021 01:53:01.0624 AM
[ReportManager] Element Action [GetText] successfully performed. With the following test data [Automation!@#$%^&*()_+{}[]\';/.,]. @26-09-2021 01:53:01.0729 AM
[ReportManager] Loaded Shared OpenCV @26-09-2021 01:53:01.0909 AM
[ReportManager] Assertion [ValidateElementAttribute] PASSED. Expected [Value Should be 'Automation!@#$%^&*()_+{}[]\';/.,' for the 'text' attribute, element locator 'By.name: q'] and Actual [Automation!@#$%^&*()_+{}[]\';/.,]. Comparison Type [EQUALS]. Validation Type [POSITIVE]. @26-09-2021 01:53:02.0005 AM
[ReportManager] Successfully created attachment [Screenshot - 1632621181907_assertElementAttribute_type_true_literalComparison_expectedToPass_ValidateElementAttribute_passed] @26-09-2021 01:53:02.0007 A
[ReportManager] Browser Action [CloseCurrentWindow] successfully performed. @26-09-2021 01:53:02.0130 AM
[ReportManager] Successfully created attachment [Browser Action Test Data - CloseCurrentWindow - Actual Value] @26-09-2021 01:53:02.0131 A
[ReportManager] File Action [GetAbsolutePath] successfully performed. With the following test data [Relative Folder Path: "target/downloadedFiles/"]. @26-09-2021 01:53:02.0134 AM
[ReportManager] Attempting to run remotely on: [Linux-64], [GoogleChrome], [http://localhost:4444/wd/hub], Headless Execution. @26-09-2021 01:53:02.0134 AM
[ReportManager] Successfully Opened [GoogleChrome]. @26-09-2021 01:53:02.0346 AM
[ReportManager] Target URL: [https://www.google.com/ncr], and after redirection: [www.google.com] @26-09-2021 01:53:02.0357 AM
[ReportManager] Initial URL: [data:,] @26-09-2021 01:53:02.0409 AM
[ReportManager] Browser Action [NavigateToURL] successfully performed. With the following test data [https://www.google.com/ncr]. @26-09-2021 01:53:03.0244 A

################################################################################################################################################
Starting Execution:	[26 out of 144] test cases in the current suite
Test Method:		[unitTests.tests_validations_assertions.assertElementExists_false_expectedToFail]
################################################################################################################################################
[ReportManager] Loaded Shared OpenCV @26-09-2021 01:53:03.0466 AM
[ReportManager] Assertion [ValidateElementExists] FAILED. Expected [Element Should not Exist, locator 'By.id: hplogo'] and Actual [Element Exists]. Comparison Type [EQUALS]. Validation Type [NEGATIVE]. @26-09-2021 01:53:03.0560 AM
[ReportManager] Successfully created attachment [Screenshot - 1632621183466_assertElementExists_false_expectedToFail_ValidateElementExists_failed] @26-09-2021 01:53:03.0561 A
[ReportManager] Browser Action [CloseCurrentWindow] successfully performed. @26-09-2021 01:53:03.0683 AM
[ReportManager] Successfully created attachment [Browser Action Test Data - CloseCurrentWindow - Actual Value] @26-09-2021 01:53:03.0684 A
[ReportManager] File Action [GetAbsolutePath] successfully performed. With the following test data [Relative Folder Path: "target/downloadedFiles/"]. @26-09-2021 01:53:03.0686 AM
[ReportManager] Attempting to run remotely on: [Linux-64], [GoogleChrome], [http://localhost:4444/wd/hub], Headless Execution. @26-09-2021 01:53:03.0687 AM
[ReportManager] Successfully Opened [GoogleChrome]. @26-09-2021 01:53:03.0897 AM
[ReportManager] Target URL: [https://www.google.com/ncr], and after redirection: [www.google.com] @26-09-2021 01:53:03.0908 AM
[ReportManager] Initial URL: [data:,] @26-09-2021 01:53:03.0966 AM
[ReportManager] Browser Action [NavigateToURL] successfully performed. With the following test data [https://www.google.com/ncr]. @26-09-2021 01:53:04.0836 A

################################################################################################################################################
Starting Execution:	[27 out of 144] test cases in the current suite
Test Method:		[unitTests.tests_validations_assertions.assertElementExists_false_expectedToPass]
################################################################################################################################################
[ReportManager] Assertion [ValidateElementExists] PASSED. Expected [Element Should not Exist, locator 'By.id: fakeElement'] and Actual [Element Doesn't Exists]. Comparison Type [EQUALS]. Validation Type [NEGATIVE]. @26-09-2021 01:53:15.0299 AM
[ReportManager] Successfully created attachment [Screenshot - 1632621195197_assertElementExists_false_expectedToPass_ValidateElementExists_passed] @26-09-2021 01:53:15.0300 A
[ReportManager] Browser Action [CloseCurrentWindow] successfully performed. @26-09-2021 01:53:15.0427 AM
[ReportManager] Successfully created attachment [Browser Action Test Data - CloseCurrentWindow - Actual Value] @26-09-2021 01:53:15.0428 A
[ReportManager] File Action [GetAbsolutePath] successfully performed. With the following test data [Relative Folder Path: "target/downloadedFiles/"]. @26-09-2021 01:53:15.0430 AM
[ReportManager] Attempting to run remotely on: [Linux-64], [GoogleChrome], [http://localhost:4444/wd/hub], Headless Execution. @26-09-2021 01:53:15.0431 AM
[ReportManager] Successfully Opened [GoogleChrome]. @26-09-2021 01:53:15.0638 AM
[ReportManager] Target URL: [https://www.google.com/ncr], and after redirection: [www.google.com] @26-09-2021 01:53:15.0663 AM
[ReportManager] Initial URL: [data:,] @26-09-2021 01:53:15.0712 AM
[ReportManager] Browser Action [NavigateToURL] successfully performed. With the following test data [https://www.google.com/ncr]. @26-09-2021 01:53:16.0594 A

################################################################################################################################################
Starting Execution:	[28 out of 144] test cases in the current suite
Test Method:		[unitTests.tests_validations_assertions.assertElementExists_false_multipleElementsFound_expectedToFail]
################################################################################################################################################
[ReportManager] Assertion [ValidateElementExists] FAILED. Expected [Element Should not Exist, locator 'By.xpath: //div'] and Actual [Element Exists but is not unique]. Comparison Type [EQUALS]. Validation Type [NEGATIVE]. @26-09-2021 01:53:16.0894 AM
[ReportManager] Successfully created attachment [Screenshot - 1632621196818_assertElementExists_false_multipleElementsFound_expectedToFail_ValidateElementExists_failed] @26-09-2021 01:53:16.0895 A
[ReportManager] Browser Action [CloseCurrentWindow] successfully performed. @26-09-2021 01:53:17.0020 AM
[ReportManager] Successfully created attachment [Browser Action Test Data - CloseCurrentWindow - Actual Value] @26-09-2021 01:53:17.0022 A
[ReportManager] File Action [GetAbsolutePath] successfully performed. With the following test data [Relative Folder Path: "target/downloadedFiles/"]. @26-09-2021 01:53:17.0024 AM
[ReportManager] Attempting to run remotely on: [Linux-64], [GoogleChrome], [http://localhost:4444/wd/hub], Headless Execution. @26-09-2021 01:53:17.0024 AM
[ReportManager] Successfully Opened [GoogleChrome]. @26-09-2021 01:53:17.0307 AM
[ReportManager] Target URL: [https://www.google.com/ncr], and after redirection: [www.google.com] @26-09-2021 01:53:17.0325 AM
[ReportManager] Initial URL: [data:,] @26-09-2021 01:53:17.0369 AM
[ReportManager] Browser Action [NavigateToURL] successfully performed. With the following test data [https://www.google.com/ncr]. @26-09-2021 01:53:18.0207 A

################################################################################################################################################
Starting Execution:	[29 out of 144] test cases in the current suite
Test Method:		[unitTests.tests_validations_assertions.assertElementExists_true_expectedToFail]
################################################################################################################################################
[ReportManager] Assertion [ValidateElementExists] FAILED. Expected [Element Should Exist, locator 'By.id: fakeElement'] and Actual [Element Doesn't Exists]. Comparison Type [EQUALS]. Validation Type [POSITIVE]. @26-09-2021 01:53:48.0961 AM
[ReportManager] Successfully created attachment [Screenshot - 1632621228886_assertElementExists_true_expectedToFail_ValidateElementExists_failed] @26-09-2021 01:53:48.0962 A
[ReportManager] Browser Action [CloseCurrentWindow] successfully performed. @26-09-2021 01:53:49.0093 AM
[ReportManager] Successfully created attachment [Browser Action Test Data - CloseCurrentWindow - Actual Value] @26-09-2021 01:53:49.0094 A
[ReportManager] File Action [GetAbsolutePath] successfully performed. With the following test data [Relative Folder Path: "target/downloadedFiles/"]. @26-09-2021 01:53:49.0098 AM
[ReportManager] Attempting to run remotely on: [Linux-64], [GoogleChrome], [http://localhost:4444/wd/hub], Headless Execution. @26-09-2021 01:53:49.0098 AM
[ReportManager] Successfully Opened [GoogleChrome]. @26-09-2021 01:53:49.0297 AM
[ReportManager] Target URL: [https://www.google.com/ncr], and after redirection: [www.google.com] @26-09-2021 01:53:49.0307 AM
[ReportManager] Initial URL: [data:,] @26-09-2021 01:53:49.0351 AM
[ReportManager] Browser Action [NavigateToURL] successfully performed. With the following test data [https://www.google.com/ncr]. @26-09-2021 01:53:50.0159 A

################################################################################################################################################
Starting Execution:	[30 out of 144] test cases in the current suite
Test Method:		[unitTests.tests_validations_assertions.assertElementExists_true_expectedToPass]
################################################################################################################################################
[ReportManager] Loaded Shared OpenCV @26-09-2021 01:53:50.0383 AM
[ReportManager] Assertion [ValidateElementExists] PASSED. Expected [Element Should Exist, locator 'By.xpath: //*[@id='hplogo' or @alt='Google']'] and Actual [Element Exists]. Comparison Type [EQUALS]. Validation Type [POSITIVE]. @26-09-2021 01:53:50.0474 AM
[ReportManager] Successfully created attachment [Screenshot - 1632621230382_assertElementExists_true_expectedToPass_ValidateElementExists_passed] @26-09-2021 01:53:50.0475 A
[ReportManager] Browser Action [CloseCurrentWindow] successfully performed. @26-09-2021 01:53:50.0596 AM
[ReportManager] Successfully created attachment [Browser Action Test Data - CloseCurrentWindow - Actual Value] @26-09-2021 01:53:50.0596 A
[ReportManager] File Action [GetAbsolutePath] successfully performed. With the following test data [Relative Folder Path: "target/downloadedFiles/"]. @26-09-2021 01:53:50.0599 AM
[ReportManager] Attempting to run remotely on: [Linux-64], [GoogleChrome], [http://localhost:4444/wd/hub], Headless Execution. @26-09-2021 01:53:50.0600 AM
[ReportManager] Successfully Opened [GoogleChrome]. @26-09-2021 01:53:50.0813 AM
[ReportManager] Target URL: [https://www.google.com/ncr], and after redirection: [www.google.com] @26-09-2021 01:53:50.0828 AM
[ReportManager] Initial URL: [data:,] @26-09-2021 01:53:50.0871 AM
[ReportManager] Browser Action [NavigateToURL] successfully performed. With the following test data [https://www.google.com/ncr]. @26-09-2021 01:53:51.0774 A

################################################################################################################################################
Starting Execution:	[31 out of 144] test cases in the current suite
Test Method:		[unitTests.tests_validations_assertions.assertElementExists_true_multipleElementsFound_expectedToFail]
################################################################################################################################################
[ReportManager] Assertion [ValidateElementExists] FAILED. Expected [Element Should Exist, locator 'By.xpath: //div'] and Actual [Element Exists but is not unique]. Comparison Type [EQUALS]. Validation Type [POSITIVE]. @26-09-2021 01:53:52.0081 AM
[ReportManager] Successfully created attachment [Screenshot - 1632621232001_assertElementExists_true_multipleElementsFound_expectedToFail_ValidateElementExists_failed] @26-09-2021 01:53:52.0082 A
[ReportManager] Browser Action [CloseCurrentWindow] successfully performed. @26-09-2021 01:53:52.0205 AM
[ReportManager] Successfully created attachment [Browser Action Test Data - CloseCurrentWindow - Actual Value] @26-09-2021 01:53:52.0206 A

################################################################################################################################################
Starting Execution:	[32 out of 144] test cases in the current suite
Test Method:		[unitTests.tests_validations_assertions.assertEquals_false_expectedToFail]
################################################################################################################################################
[ReportManager] Assertion [ValidateEquals] FAILED. Expected [1] and Actual [1]. Comparison Type [EQUALS]. Validation Type [NEGATIVE]. @26-09-2021 01:53:52.0211 A

################################################################################################################################################
Starting Execution:	[33 out of 144] test cases in the current suite
Test Method:		[unitTests.tests_validations_assertions.assertEquals_false_expectedToPass]
################################################################################################################################################
[ReportManager] Assertion [ValidateEquals] PASSED. Expected [1] and Actual [2]. Comparison Type [EQUALS]. Validation Type [NEGATIVE]. @26-09-2021 01:53:52.0215 A

################################################################################################################################################
Starting Execution:	[34 out of 144] test cases in the current suite
Test Method:		[unitTests.tests_validations_assertions.assertEquals_longCharacters]
################################################################################################################################################
[ReportManager] Verification [ValidateEquals] PASSED. Expected and Actual values are attached. Comparison Type [EQUALS]. Validation Type [POSITIVE]. @26-09-2021 01:53:52.0223 AM
[ReportManager] Successfully created attachment [Validation Test Data - Expected Value] @26-09-2021 01:53:52.0223 AM
[ReportManager] Successfully created attachment [Validation Test Data - Actual Value] @26-09-2021 01:53:52.0223 AM
[ReportManager] Assertion [ValidateEquals] PASSED. Expected and Actual values are attached. Comparison Type [EQUALS]. Validation Type [POSITIVE]. @26-09-2021 01:53:52.0223 AM
[ReportManager] Successfully created attachment [Validation Test Data - Expected Value] @26-09-2021 01:53:52.0224 AM
[ReportManager] Successfully created attachment [Validation Test Data - Actual Value] @26-09-2021 01:53:52.0224 A

################################################################################################################################################
Starting Execution:	[35 out of 144] test cases in the current suite
Test Method:		[unitTests.tests_validations_assertions.assertEquals_longCharacters_Discreet]
################################################################################################################################################
[ReportManager] Assertion [ValidateEquals] PASSED. Expected [1LH5pROcDBjjQk0t0mCr0lXuzQu9lcGj28kY8R1H81X67eVAQJgWQhILiRWVPUgZ6uCtK5cnBkF55Jr9vYngjGO1Iyf0Mktv6lruDlL9T8MAUPcUZJGHZtji6nIeadujDSNmWMj5d6C8zlFqw0CRqBU0hO5adIasHgBSNoLotAjce3NGXoDwAlp3rYreeV16VIyZXROQY] and Actual [1LH5pROcDBjjQk0t0mCr0lXuzQu9lcGj28kY8R1H81X67eVAQJgWQhILiRWVPUgZ6uCtK5cnBkF55Jr9vYngjGO1Iyf0Mktv6lruDlL9T8MAUPcUZJGHZtji6nIeadujDSNmWMj5d6C8zlFqw0CRqBU0hO5adIasHgBSNoLotAjce3NGXoDwAlp3rYreeV16VIyZXROQY]. Comparison Type [EQUALS]. Validation Type [POSITIVE]. @26-09-2021 01:53:52.0227 A

################################################################################################################################################
Starting Execution:	[36 out of 144] test cases in the current suite
Test Method:		[unitTests.tests_validations_assertions.assertEquals_true_expectedToFail]
################################################################################################################################################
[ReportManager] Assertion [ValidateEquals] FAILED. Expected [1] and Actual [2]. Comparison Type [EQUALS]. Validation Type [POSITIVE]. @26-09-2021 01:53:52.0229 A

################################################################################################################################################
Starting Execution:	[37 out of 144] test cases in the current suite
Test Method:		[unitTests.tests_validations_assertions.assertEquals_true_expectedToPass]
Test Description:	[Assert that assertEquals works as expected when the two values are equal.]
################################################################################################################################################
[ReportManager] Verification [ValidateEquals] PASSED. Expected [1] and Actual [1]. Comparison Type [EQUALS]. Validation Type [POSITIVE]. @26-09-2021 01:53:52.0235 AM
[ReportManager] Assertion [ValidateEquals] PASSED. Expected [1] and Actual [1]. Comparison Type [EQUALS]. Validation Type [POSITIVE]. @26-09-2021 01:53:52.0236 A

################################################################################################################################################
Starting Execution:	[38 out of 144] test cases in the current suite
Test Method:		[unitTests.tests_validations_assertions.assertEquals_true_expectedToPass__]
################################################################################################################################################
[ReportManager] Assertion [ValidateEquals] PASSED. Expected [1] and Actual [1]. Comparison Type [EQUALS]. Validation Type [POSITIVE]. @26-09-2021 01:53:52.0238 A

################################################################################################################################################
Starting Execution:	[39 out of 144] test cases in the current suite
Test Method:		[unitTests.tests_validations_assertions.assertFileExists_false_expectedToFail]
################################################################################################################################################
[ReportManager] File Action [DoesFileExist] successfully performed. With the following test data [File Path: "src/main/java/com/shaft/gui/element/ElementActions.java"]. @26-09-2021 01:53:52.0240 AM
[ReportManager] Assertion [ValidateFileExists] FAILED. Expected [File 'src/main/java/com/shaft/gui/element/ElementActions.java' should not exist, after up to '1' retries] and Actual [File exists]. Validation Type [NEGATIVE]. @26-09-2021 01:53:52.0246 A

################################################################################################################################################
Starting Execution:	[40 out of 144] test cases in the current suite
Test Method:		[unitTests.tests_validations_assertions.assertFileExists_false_expectedToPass]
################################################################################################################################################
[ReportManager] File Action [DoesFileExist] successfully performed. With the following test data [File Path: "src/main/java/com/shaft/gui/element/ElementActions.java_fail"]. @26-09-2021 01:53:52.0748 AM
[ReportManager] Assertion [ValidateFileExists] PASSED. Expected [File 'src/main/java/com/shaft/gui/element/ElementActions.java_fail' should not exist, after up to '1' retries] and Actual [File does not exist]. Validation Type [NEGATIVE]. @26-09-2021 01:53:52.0749 A

################################################################################################################################################
Starting Execution:	[41 out of 144] test cases in the current suite
Test Method:		[unitTests.tests_validations_assertions.assertFileExists_true_expectedToFail]
################################################################################################################################################
[ReportManager] File Action [DoesFileExist] successfully performed. With the following test data [File Path: "src/main/java/com/shaft/gui/element/ElementActions.java_fail"]. @26-09-2021 01:53:53.0255 AM
[ReportManager] Assertion [ValidateFileExists] FAILED. Expected [File 'src/main/java/com/shaft/gui/element/ElementActions.java_fail' should exist, after up to '1' retries] and Actual [File does not exist]. Validation Type [POSITIVE]. @26-09-2021 01:53:53.0256 A

################################################################################################################################################
Starting Execution:	[42 out of 144] test cases in the current suite
Test Method:		[unitTests.tests_validations_assertions.assertFileExists_true_expectedToPass]
################################################################################################################################################
[ReportManager] File Action [DoesFileExist] successfully performed. With the following test data [File Path: "src/main/java/com/shaft/gui/element/ElementActions.java"]. @26-09-2021 01:53:53.0261 AM
[ReportManager] Assertion [ValidateFileExists] PASSED. Expected [File 'src/main/java/com/shaft/gui/element/ElementActions.java' should exist, after up to '1' retries] and Actual [File exists]. Validation Type [POSITIVE]. @26-09-2021 01:53:53.0262 A

################################################################################################################################################
Starting Execution:	[43 out of 144] test cases in the current suite
Test Method:		[unitTests.tests_validations_assertions.assertNull_false_expectedToFail]
################################################################################################################################################
[ReportManager] Assertion [ValidateNull] FAILED. Expected [NULL] and Actual [NULL]. Comparison Type [EQUALS]. Validation Type [NEGATIVE]. @26-09-2021 01:53:53.0265 A

################################################################################################################################################
Starting Execution:	[44 out of 144] test cases in the current suite
Test Method:		[unitTests.tests_validations_assertions.assertNull_false_expectedToPass]
################################################################################################################################################
[ReportManager] Assertion [ValidateNull] PASSED. Expected [NULL] and Actual [1]. Comparison Type [EQUALS]. Validation Type [NEGATIVE]. @26-09-2021 01:53:53.0268 A

################################################################################################################################################
Starting Execution:	[45 out of 144] test cases in the current suite
Test Method:		[unitTests.tests_validations_assertions.assertNull_true_expectedToFail]
################################################################################################################################################
[ReportManager] Assertion [ValidateNull] FAILED. Expected [NULL] and Actual [1]. Comparison Type [EQUALS]. Validation Type [POSITIVE]. @26-09-2021 01:53:53.0270 A

################################################################################################################################################
Starting Execution:	[46 out of 144] test cases in the current suite
Test Method:		[unitTests.tests_validations_assertions.assertNull_true_expectedToPass]
################################################################################################################################################
[ReportManager] Assertion [ValidateNull] PASSED. Expected [NULL] and Actual [NULL]. Comparison Type [EQUALS]. Validation Type [POSITIVE]. @26-09-2021 01:53:53.0273 A

################################################################################################################################################
Starting Execution:	[47 out of 144] test cases in the current suite
Test Method:		[unitTests.tests_restActions.getPostsAndAssertBodyForSpecificTitle]
################################################################################################################################################
[ReportManager] Response status code: [200], status line: [HTTP/1.1 200 OK] @26-09-2021 01:53:55.0789 AM
[ReportManager] Assertion Passed: Evaluating the actual response status code against the expected one... @26-09-2021 01:53:55.0790 AM
[ReportManager] Assertion [ValidateEquals] PASSED. Expected [200] and Actual [200]. Comparison Type [EQUALS]. Validation Type [POSITIVE]. @26-09-2021 01:53:55.0790 AM
[ReportManager] API Action [PerformRequest] successfully performed. With the following test data [Request Type: "GET" | Target Status Code: "200" | Service URL: "https://jsonplaceholder.typicode.com/posts" | Content Type: "*/*" | Response Time: "826ms"]. @26-09-2021 01:53:57.0071 AM
[ReportManager] Successfully created attachment [API Request - Specifications] @26-09-2021 01:53:57.0071 AM
[ReportManager] Successfully created attachment [API Response - JSON Body] @26-09-2021 01:53:57.0310 AM
[ReportManager] API Action [GetResponseJSONValueAsList] successfully performed. @26-09-2021 01:53:57.0344 AM
[ReportManager] API Action [GetResponseJSONValue] successfully performed. With the following test data [title]. @26-09-2021 01:53:57.0366 AM
[ReportManager] API Action [GetResponseJSONValue] successfully performed. With the following test data [title]. @26-09-2021 01:53:57.0387 AM
[ReportManager] API Action [GetResponseJSONValue] successfully performed. With the following test data [body]. @26-09-2021 01:53:57.0409 AM
[ReportManager] Assertion [ValidateEquals] PASSED. Expected [qui neque nisi nulla] and Actual [est rerum tempore vitae
sequi sint nihil reprehenderit dolor beatae ea dolores neque
fugiat blanditiis voluptate porro vel nihil molestiae ut reiciendis
qui aperiam non debitis possimus qui neque nisi nulla]. Comparison Type [CONTAINS]. Validation Type [POSITIVE]. @26-09-2021 01:53:57.0409 AM
[ReportManager] API Action [GetResponseJSONValue] successfully performed. With the following test data [title]. @26-09-2021 01:53:57.0423 AM
[ReportManager] API Action [GetResponseJSONValue] successfully performed. With the following test data [title]. @26-09-2021 01:53:57.0435 AM
[ReportManager] API Action [GetResponseJSONValue] successfully performed. With the following test data [title]. @26-09-2021 01:53:57.0449 AM
[ReportManager] API Action [GetResponseJSONValue] successfully performed. With the following test data [title]. @26-09-2021 01:53:57.0470 AM
[ReportManager] API Action [GetResponseJSONValue] successfully performed. With the following test data [title]. @26-09-2021 01:53:57.0483 AM
[ReportManager] API Action [GetResponseJSONValue] successfully performed. With the following test data [title]. @26-09-2021 01:53:57.0499 AM
[ReportManager] API Action [GetResponseJSONValue] successfully performed. With the following test data [title]. @26-09-2021 01:53:57.0513 AM
[ReportManager] API Action [GetResponseJSONValue] successfully performed. With the following test data [title]. @26-09-2021 01:53:57.0527 AM
[ReportManager] API Action [GetResponseJSONValue] successfully performed. With the following test data [title]. @26-09-2021 01:53:57.0541 AM
[ReportManager] API Action [GetResponseJSONValue] successfully performed. With the following test data [title]. @26-09-2021 01:53:57.0554 AM
[ReportManager] API Action [GetResponseJSONValue] successfully performed. With the following test data [title]. @26-09-2021 01:53:57.0580 AM
[ReportManager] API Action [GetResponseJSONValue] successfully performed. With the following test data [title]. @26-09-2021 01:53:57.0607 AM
[ReportManager] API Action [GetResponseJSONValue] successfully performed. With the following test data [title]. @26-09-2021 01:53:57.0618 AM
[ReportManager] API Action [GetResponseJSONValue] successfully performed. With the following test data [title]. @26-09-2021 01:53:57.0684 AM
[ReportManager] API Action [GetResponseJSONValue] successfully performed. With the following test data [title]. @26-09-2021 01:53:57.0705 AM
[ReportManager] API Action [GetResponseJSONValue] successfully performed. With the following test data [title]. @26-09-2021 01:53:57.0723 AM
[ReportManager] API Action [GetResponseJSONValue] successfully performed. With the following test data [title]. @26-09-2021 01:53:57.0737 AM
[ReportManager] API Action [GetResponseJSONValue] successfully performed. With the following test data [title]. @26-09-2021 01:53:57.0753 AM
[ReportManager] API Action [GetResponseJSONValue] successfully performed. With the following test data [title]. @26-09-2021 01:53:57.0765 AM
[ReportManager] API Action [GetResponseJSONValue] successfully performed. With the following test data [title]. @26-09-2021 01:53:57.0779 AM
[ReportManager] API Action [GetResponseJSONValue] successfully performed. With the following test data [title]. @26-09-2021 01:53:57.0791 AM
[ReportManager] API Action [GetResponseJSONValue] successfully performed. With the following test data [title]. @26-09-2021 01:53:57.0809 AM
[ReportManager] API Action [GetResponseJSONValue] successfully performed. With the following test data [title]. @26-09-2021 01:53:57.0819 AM
[ReportManager] API Action [GetResponseJSONValue] successfully performed. With the following test data [title]. @26-09-2021 01:53:57.0832 AM
[ReportManager] API Action [GetResponseJSONValue] successfully performed. With the following test data [title]. @26-09-2021 01:53:57.0846 AM
[ReportManager] API Action [GetResponseJSONValue] successfully performed. With the following test data [title]. @26-09-2021 01:53:57.0854 AM
[ReportManager] API Action [GetResponseJSONValue] successfully performed. With the following test data [title]. @26-09-2021 01:53:57.0873 AM
[ReportManager] API Action [GetResponseJSONValue] successfully performed. With the following test data [title]. @26-09-2021 01:53:57.0887 AM
[ReportManager] API Action [GetResponseJSONValue] successfully performed. With the following test data [title]. @26-09-2021 01:53:57.0896 AM
[ReportManager] API Action [GetResponseJSONValue] successfully performed. With the following test data [title]. @26-09-2021 01:53:57.0906 AM
[ReportManager] API Action [GetResponseJSONValue] successfully performed. With the following test data [title]. @26-09-2021 01:53:57.0916 AM
[ReportManager] API Action [GetResponseJSONValue] successfully performed. With the following test data [title]. @26-09-2021 01:53:57.0927 AM
[ReportManager] API Action [GetResponseJSONValue] successfully performed. With the following test data [title]. @26-09-2021 01:53:57.0944 AM
[ReportManager] API Action [GetResponseJSONValue] successfully performed. With the following test data [title]. @26-09-2021 01:53:57.0953 AM
[ReportManager] API Action [GetResponseJSONValue] successfully performed. With the following test data [title]. @26-09-2021 01:53:57.0966 AM
[ReportManager] API Action [GetResponseJSONValue] successfully performed. With the following test data [title]. @26-09-2021 01:53:57.0976 AM
[ReportManager] API Action [GetResponseJSONValue] successfully performed. With the following test data [title]. @26-09-2021 01:53:57.0987 AM
[ReportManager] API Action [GetResponseJSONValue] successfully performed. With the following test data [title]. @26-09-2021 01:53:57.0999 AM
[ReportManager] API Action [GetResponseJSONValue] successfully performed. With the following test data [title]. @26-09-2021 01:53:58.0018 AM
[ReportManager] API Action [GetResponseJSONValue] successfully performed. With the following test data [title]. @26-09-2021 01:53:58.0028 AM
[ReportManager] API Action [GetResponseJSONValue] successfully performed. With the following test data [title]. @26-09-2021 01:53:58.0037 AM
[ReportManager] API Action [GetResponseJSONValue] successfully performed. With the following test data [title]. @26-09-2021 01:53:58.0048 AM
[ReportManager] API Action [GetResponseJSONValue] successfully performed. With the following test data [title]. @26-09-2021 01:53:58.0063 AM
[ReportManager] API Action [GetResponseJSONValue] successfully performed. With the following test data [title]. @26-09-2021 01:53:58.0079 AM
[ReportManager] API Action [GetResponseJSONValue] successfully performed. With the following test data [title]. @26-09-2021 01:53:58.0089 AM
[ReportManager] API Action [GetResponseJSONValue] successfully performed. With the following test data [title]. @26-09-2021 01:53:58.0100 AM
[ReportManager] API Action [GetResponseJSONValue] successfully performed. With the following test data [title]. @26-09-2021 01:53:58.0112 AM
[ReportManager] API Action [GetResponseJSONValue] successfully performed. With the following test data [title]. @26-09-2021 01:53:58.0127 AM
[ReportManager] API Action [GetResponseJSONValue] successfully performed. With the following test data [title]. @26-09-2021 01:53:58.0138 AM
[ReportManager] API Action [GetResponseJSONValue] successfully performed. With the following test data [title]. @26-09-2021 01:53:58.0147 AM
[ReportManager] API Action [GetResponseJSONValue] successfully performed. With the following test data [title]. @26-09-2021 01:53:58.0159 AM
[ReportManager] API Action [GetResponseJSONValue] successfully performed. With the following test data [title]. @26-09-2021 01:53:58.0171 AM
[ReportManager] API Action [GetResponseJSONValue] successfully performed. With the following test data [title]. @26-09-2021 01:53:58.0185 AM
[ReportManager] API Action [GetResponseJSONValue] successfully performed. With the following test data [title]. @26-09-2021 01:53:58.0194 AM
[ReportManager] API Action [GetResponseJSONValue] successfully performed. With the following test data [title]. @26-09-2021 01:53:58.0202 AM
[ReportManager] API Action [GetResponseJSONValue] successfully performed. With the following test data [title]. @26-09-2021 01:53:58.0210 AM
[ReportManager] API Action [GetResponseJSONValue] successfully performed. With the following test data [title]. @26-09-2021 01:53:58.0217 AM
[ReportManager] API Action [GetResponseJSONValue] successfully performed. With the following test data [title]. @26-09-2021 01:53:58.0225 AM
[ReportManager] API Action [GetResponseJSONValue] successfully performed. With the following test data [title]. @26-09-2021 01:53:58.0233 AM
[ReportManager] API Action [GetResponseJSONValue] successfully performed. With the following test data [title]. @26-09-2021 01:53:58.0257 AM
[ReportManager] API Action [GetResponseJSONValue] successfully performed. With the following test data [title]. @26-09-2021 01:53:58.0266 AM
[ReportManager] API Action [GetResponseJSONValue] successfully performed. With the following test data [title]. @26-09-2021 01:53:58.0274 AM
[ReportManager] API Action [GetResponseJSONValue] successfully performed. With the following test data [title]. @26-09-2021 01:53:58.0282 AM
[ReportManager] API Action [GetResponseJSONValue] successfully performed. With the following test data [title]. @26-09-2021 01:53:58.0289 AM
[ReportManager] API Action [GetResponseJSONValue] successfully performed. With the following test data [title]. @26-09-2021 01:53:58.0297 AM
[ReportManager] API Action [GetResponseJSONValue] successfully performed. With the following test data [title]. @26-09-2021 01:53:58.0304 AM
[ReportManager] API Action [GetResponseJSONValue] successfully performed. With the following test data [title]. @26-09-2021 01:53:58.0311 AM
[ReportManager] API Action [GetResponseJSONValue] successfully performed. With the following test data [title]. @26-09-2021 01:53:58.0319 AM
[ReportManager] API Action [GetResponseJSONValue] successfully performed. With the following test data [title]. @26-09-2021 01:53:58.0326 AM
[ReportManager] API Action [GetResponseJSONValue] successfully performed. With the following test data [title]. @26-09-2021 01:53:58.0334 AM
[ReportManager] API Action [GetResponseJSONValue] successfully performed. With the following test data [title]. @26-09-2021 01:53:58.0342 AM
[ReportManager] API Action [GetResponseJSONValue] successfully performed. With the following test data [title]. @26-09-2021 01:53:58.0350 AM
[ReportManager] API Action [GetResponseJSONValue] successfully performed. With the following test data [title]. @26-09-2021 01:53:58.0357 AM
[ReportManager] API Action [GetResponseJSONValue] successfully performed. With the following test data [title]. @26-09-2021 01:53:58.0375 AM
[ReportManager] API Action [GetResponseJSONValue] successfully performed. With the following test data [title]. @26-09-2021 01:53:58.0384 AM
[ReportManager] API Action [GetResponseJSONValue] successfully performed. With the following test data [title]. @26-09-2021 01:53:58.0395 AM
[ReportManager] API Action [GetResponseJSONValue] successfully performed. With the following test data [title]. @26-09-2021 01:53:58.0402 AM
[ReportManager] API Action [GetResponseJSONValue] successfully performed. With the following test data [title]. @26-09-2021 01:53:58.0410 AM
[ReportManager] API Action [GetResponseJSONValue] successfully performed. With the following test data [title]. @26-09-2021 01:53:58.0417 AM
[ReportManager] API Action [GetResponseJSONValue] successfully performed. With the following test data [title]. @26-09-2021 01:53:58.0424 AM
[ReportManager] API Action [GetResponseJSONValue] successfully performed. With the following test data [title]. @26-09-2021 01:53:58.0432 AM
[ReportManager] API Action [GetResponseJSONValue] successfully performed. With the following test data [title]. @26-09-2021 01:53:58.0439 AM
[ReportManager] API Action [GetResponseJSONValue] successfully performed. With the following test data [title]. @26-09-2021 01:53:58.0447 AM
[ReportManager] API Action [GetResponseJSONValue] successfully performed. With the following test data [title]. @26-09-2021 01:53:58.0454 AM
[ReportManager] API Action [GetResponseJSONValue] successfully performed. With the following test data [title]. @26-09-2021 01:53:58.0461 AM
[ReportManager] API Action [GetResponseJSONValue] successfully performed. With the following test data [title]. @26-09-2021 01:53:58.0470 AM
[ReportManager] API Action [GetResponseJSONValue] successfully performed. With the following test data [title]. @26-09-2021 01:53:58.0477 AM
[ReportManager] API Action [GetResponseJSONValue] successfully performed. With the following test data [title]. @26-09-2021 01:53:58.0485 AM
[ReportManager] API Action [GetResponseJSONValue] successfully performed. With the following test data [title]. @26-09-2021 01:53:58.0492 AM
[ReportManager] API Action [GetResponseJSONValue] successfully performed. With the following test data [title]. @26-09-2021 01:53:58.0500 AM
[ReportManager] API Action [GetResponseJSONValue] successfully performed. With the following test data [title]. @26-09-2021 01:53:58.0507 AM
[ReportManager] API Action [GetResponseJSONValue] successfully performed. With the following test data [title]. @26-09-2021 01:53:58.0515 AM
[ReportManager] API Action [GetResponseJSONValue] successfully performed. With the following test data [title]. @26-09-2021 01:53:58.0522 AM
[ReportManager] API Action [GetResponseJSONValue] successfully performed. With the following test data [title]. @26-09-2021 01:53:58.0529 AM
[ReportManager] API Action [GetResponseJSONValue] successfully performed. With the following test data [title]. @26-09-2021 01:53:58.0536 AM
[ReportManager] API Action [GetResponseJSONValue] successfully performed. With the following test data [title]. @26-09-2021 01:53:58.0543 AM
[ReportManager] API Action [GetResponseJSONValue] successfully performed. With the following test data [title]. @26-09-2021 01:53:58.0550 AM
[ReportManager] API Action [GetResponseJSONValue] successfully performed. With the following test data [title]. @26-09-2021 01:53:58.0557 A

################################################################################################################################################
Starting Execution:	[48 out of 144] test cases in the current suite
Test Method:		[unitTests.tests_restActions.validateUserEmail]
################################################################################################################################################
[ReportManager] Response status code: [200], status line: [HTTP/1.1 200 OK] @26-09-2021 01:53:58.0638 AM
[ReportManager] Assertion Passed: Evaluating the actual response status code against the expected one... @26-09-2021 01:53:58.0638 AM
[ReportManager] Assertion [ValidateEquals] PASSED. Expected [200] and Actual [200]. Comparison Type [EQUALS]. Validation Type [POSITIVE]. @26-09-2021 01:53:58.0639 AM
[ReportManager] API Action [PerformRequest] successfully performed. With the following test data [Request Type: "GET" | Target Status Code: "200" | Service URL: "https://jsonplaceholder.typicode.com/users" | Content Type: "*/*" | Response Time: "71ms"]. @26-09-2021 01:53:58.0671 AM
[ReportManager] Successfully created attachment [API Request - Specifications] @26-09-2021 01:53:58.0672 AM
[ReportManager] Successfully created attachment [API Response - JSON Body] @26-09-2021 01:53:58.0672 AM
[ReportManager] Assertion [ValidateEquals] PASSED. Expected and Actual values are attached. Comparison Type [CONTAINS]. Validation Type [POSITIVE]. @26-09-2021 01:53:58.0674 AM
[ReportManager] Successfully created attachment [Validation Test Data - Expected Value] @26-09-2021 01:53:58.0674 AM
[ReportManager] Successfully created attachment [Validation Test Data - Actual Value] @26-09-2021 01:53:58.0675 AM
[ReportManager] API Action [GetResponseJSONValueAsList] successfully performed. With the following test data [$]. @26-09-2021 01:53:58.0680 AM
[ReportManager] API Action [GetResponseJSONValue] successfully performed. With the following test data [name]. @26-09-2021 01:53:58.0691 AM
[ReportManager] API Action [GetResponseJSONValue] successfully performed. With the following test data [email]. @26-09-2021 01:53:58.0700 AM
[ReportManager] Assertion [ValidateEquals] PASSED. Expected [Sincere@april.biz] and Actual [Sincere@april.biz]. Comparison Type [EQUALS]. Validation Type [POSITIVE]. @26-09-2021 01:53:58.0700 AM
[ReportManager] API Action [GetResponseJSONValue] successfully performed. With the following test data [name]. @26-09-2021 01:53:58.0718 AM
[ReportManager] API Action [GetResponseJSONValue] successfully performed. With the following test data [name]. @26-09-2021 01:53:58.0727 AM
[ReportManager] API Action [GetResponseJSONValue] successfully performed. With the following test data [name]. @26-09-2021 01:53:58.0734 AM
[ReportManager] API Action [GetResponseJSONValue] successfully performed. With the following test data [name]. @26-09-2021 01:53:58.0742 AM
[ReportManager] API Action [GetResponseJSONValue] successfully performed. With the following test data [name]. @26-09-2021 01:53:58.0749 AM
[ReportManager] API Action [GetResponseJSONValue] successfully performed. With the following test data [name]. @26-09-2021 01:53:58.0756 AM
[ReportManager] API Action [GetResponseJSONValue] successfully performed. With the following test data [name]. @26-09-2021 01:53:58.0763 AM
[ReportManager] API Action [GetResponseJSONValue] successfully performed. With the following test data [name]. @26-09-2021 01:53:58.0772 AM
[ReportManager] API Action [GetResponseJSONValue] successfully performed. With the following test data [name]. @26-09-2021 01:53:58.0779 A
[ReportManager] File Action [GetAbsolutePath] successfully performed. With the following test data [Relative Folder Path: "target/downloadedFiles/"]. @26-09-2021 01:53:58.0782 AM
[ReportManager] Attempting to run remotely on: [Linux-64], [GoogleChrome], [http://localhost:4444/wd/hub], Headless Execution. @26-09-2021 01:53:58.0782 AM
[ReportManager] Successfully Opened [GoogleChrome]. @26-09-2021 01:53:59.0064 A

################################################################################################################################################
Starting Execution:	[49 out of 144] test cases in the current suite
Test Method:		[unitTests.tests_element_elementActions.waitForElementToBePresent_false_expectedToFail]
################################################################################################################################################
[ReportManager] Target URL: [https://www.google.com/ncr], and after redirection: [www.google.com] @26-09-2021 01:53:59.0095 AM
[ReportManager] Initial URL: [data:,] @26-09-2021 01:53:59.0140 AM
[ReportManager] Browser Action [NavigateToURL] successfully performed. With the following test data [https://www.google.com/ncr]. @26-09-2021 01:54:00.0202 AM
[ReportManager] Waiting for element to be present; elementLocator [By.xpath: //*[@id='hplogo' or @alt='Google']], numberOfTries[1], stateOfPresence[false]... @26-09-2021 01:54:00.0205 AM
[ReportManager] Element Action [WaitForElementToBePresent] failed. With the following test data [waited for the element's state of presence to be (false). Element locator (By.xpath: //*[@id='hplogo' or @alt='Google'])]. @26-09-2021 01:54:00.0448 AM
[ReportManager] Successfully created attachment [Screenshot - 1632621240366_waitForElementToBePresent_false_expectedToFail_WaitForElementToBePresent_failed] @26-09-2021 01:54:00.0450 A
[ReportManager] Browser Action [CloseCurrentWindow] successfully performed. @26-09-2021 01:54:00.0588 AM
[ReportManager] Successfully created attachment [Browser Action Test Data - CloseCurrentWindow - Actual Value] @26-09-2021 01:54:00.0589 A
[ReportManager] File Action [GetAbsolutePath] successfully performed. With the following test data [Relative Folder Path: "target/downloadedFiles/"]. @26-09-2021 01:54:00.0592 AM
[ReportManager] Attempting to run remotely on: [Linux-64], [GoogleChrome], [http://localhost:4444/wd/hub], Headless Execution. @26-09-2021 01:54:00.0592 AM
[ReportManager] Successfully Opened [GoogleChrome]. @26-09-2021 01:54:00.0798 A

################################################################################################################################################
Starting Execution:	[50 out of 144] test cases in the current suite
Test Method:		[unitTests.tests_element_elementActions.waitForElementToBePresent_false_expectedToPass]
################################################################################################################################################
[ReportManager] Target URL: [https://www.google.com/ncr], and after redirection: [www.google.com] @26-09-2021 01:54:00.0819 AM
[ReportManager] Initial URL: [data:,] @26-09-2021 01:54:00.0867 AM
[ReportManager] Browser Action [NavigateToURL] successfully performed. With the following test data [https://www.google.com/ncr]. @26-09-2021 01:54:01.0700 AM
[ReportManager] Waiting for element to be present; elementLocator [By.id: bla], numberOfTries[1], stateOfPresence[false]... @26-09-2021 01:54:01.0701 AM
[ReportManager] Element Action [WaitForElementToBePresent] successfully performed. With the following test data [waited for the element's state of presence to be (false). Element locator (By.id: bla)]. @26-09-2021 01:54:06.0820 A
[ReportManager] Browser Action [CloseCurrentWindow] successfully performed. @26-09-2021 01:54:06.0948 AM
[ReportManager] Successfully created attachment [Browser Action Test Data - CloseCurrentWindow - Actual Value] @26-09-2021 01:54:06.0949 A
[ReportManager] File Action [GetAbsolutePath] successfully performed. With the following test data [Relative Folder Path: "target/downloadedFiles/"]. @26-09-2021 01:54:06.0953 AM
[ReportManager] Attempting to run remotely on: [Linux-64], [GoogleChrome], [http://localhost:4444/wd/hub], Headless Execution. @26-09-2021 01:54:06.0955 AM
[ReportManager] Successfully Opened [GoogleChrome]. @26-09-2021 01:54:07.0154 A

################################################################################################################################################
Starting Execution:	[51 out of 144] test cases in the current suite
Test Method:		[unitTests.tests_element_elementActions.waitForElementToBePresent_moreThanOneElement_expectedToFail]
################################################################################################################################################
[ReportManager] Target URL: [https://www.google.com/ncr], and after redirection: [www.google.com] @26-09-2021 01:54:07.0167 AM
[ReportManager] Initial URL: [data:,] @26-09-2021 01:54:07.0207 AM
[ReportManager] Browser Action [NavigateToURL] successfully performed. With the following test data [https://www.google.com/ncr]. @26-09-2021 01:54:08.0055 AM
[ReportManager] Waiting for element to be present; elementLocator [By.xpath: //*], numberOfTries[1], stateOfPresence[false]... @26-09-2021 01:54:08.0055 AM
[ReportManager] Element Action [WaitForElementToBePresent] failed. With the following test data [waited for the element's state of presence to be (false). Element locator (By.xpath: //*)]. @26-09-2021 01:54:08.0308 AM
[ReportManager] Successfully created attachment [Screenshot - 1632621248233_waitForElementToBePresent_moreThanOneElement_expectedToFail_WaitForElementToBePresent_failed] @26-09-2021 01:54:08.0309 A
[ReportManager] Browser Action [CloseCurrentWindow] successfully performed. @26-09-2021 01:54:08.0445 AM
[ReportManager] Successfully created attachment [Browser Action Test Data - CloseCurrentWindow - Actual Value] @26-09-2021 01:54:08.0446 A
[ReportManager] File Action [GetAbsolutePath] successfully performed. With the following test data [Relative Folder Path: "target/downloadedFiles/"]. @26-09-2021 01:54:08.0449 AM
[ReportManager] Attempting to run remotely on: [Linux-64], [GoogleChrome], [http://localhost:4444/wd/hub], Headless Execution. @26-09-2021 01:54:08.0451 AM
[ReportManager] Successfully Opened [GoogleChrome]. @26-09-2021 01:54:08.0651 A

################################################################################################################################################
Starting Execution:	[52 out of 144] test cases in the current suite
Test Method:		[unitTests.tests_element_elementActions.waitForElementToBePresent_true_expectedToFail]
################################################################################################################################################
[ReportManager] Target URL: [https://www.google.com/ncr], and after redirection: [www.google.com] @26-09-2021 01:54:08.0664 AM
[ReportManager] Initial URL: [data:,] @26-09-2021 01:54:08.0712 AM
[ReportManager] Browser Action [NavigateToURL] successfully performed. With the following test data [https://www.google.com/ncr]. @26-09-2021 01:54:09.0517 AM
[ReportManager] Waiting for element to be present; elementLocator [By.id: bla], numberOfTries[1], stateOfPresence[true]... @26-09-2021 01:54:09.0518 AM
[ReportManager] Element Action [WaitForElementToBePresent] failed. With the following test data [waited for the element's state of presence to be (true). Element locator (By.id: bla)]. @26-09-2021 01:54:14.0850 AM
[ReportManager] Successfully created attachment [Screenshot - 1632621254769_waitForElementToBePresent_true_expectedToFail_WaitForElementToBePresent_failed] @26-09-2021 01:54:14.0851 A
[ReportManager] Browser Action [CloseCurrentWindow] successfully performed. @26-09-2021 01:54:14.0970 AM
[ReportManager] Successfully created attachment [Browser Action Test Data - CloseCurrentWindow - Actual Value] @26-09-2021 01:54:14.0971 A
[ReportManager] File Action [GetAbsolutePath] successfully performed. With the following test data [Relative Folder Path: "target/downloadedFiles/"]. @26-09-2021 01:54:14.0973 AM
[ReportManager] Attempting to run remotely on: [Linux-64], [GoogleChrome], [http://localhost:4444/wd/hub], Headless Execution. @26-09-2021 01:54:14.0974 AM
[ReportManager] Successfully Opened [GoogleChrome]. @26-09-2021 01:54:15.0184 A

################################################################################################################################################
Starting Execution:	[53 out of 144] test cases in the current suite
Test Method:		[unitTests.tests_element_elementActions.waitForElementToBePresent_true_expectedToPass]
################################################################################################################################################
[ReportManager] Target URL: [https://www.google.com/ncr], and after redirection: [www.google.com] @26-09-2021 01:54:15.0201 AM
[ReportManager] Initial URL: [data:,] @26-09-2021 01:54:15.0244 AM
[ReportManager] Browser Action [NavigateToURL] successfully performed. With the following test data [https://www.google.com/ncr]. @26-09-2021 01:54:16.0077 AM
[ReportManager] Waiting for element to be present; elementLocator [By.xpath: //*[@id='hplogo' or @alt='Google']], numberOfTries[1], stateOfPresence[true]... @26-09-2021 01:54:16.0077 AM
[ReportManager] Element Action [WaitForElementToBePresent] successfully performed. With the following test data [waited for the element's state of presence to be (true). Element locator (By.xpath: //*[@id='hplogo' or @alt='Google'])]. @26-09-2021 01:54:16.0138 AM
[ReportManager] File Action [DoesFileExist] successfully performed. With the following test data [File Path: "src/test/resources/DynamicObjectRepository/unitTests_tests_element_elementActions_waitForElementToBePresent_true_expectedToPass_By_xpath_id_hplogo_or_alt_Google.png"]. @26-09-2021 01:54:16.0142 AM
[ReportManager] File Action [DoesFileExist] successfully performed. With the following test data [File Path: "src/test/resources/DynamicObjectRepository/unitTests_tests_element_elementActions_waitForElementToBePresent_true_expectedToPass_By_xpath_id_hplogo_or_alt_Google.png"]. @26-09-2021 01:54:16.0310 AM
[ReportManager] Passing the test and saving a reference image @26-09-2021 01:54:16.0311 AM
[ReportManager] File Action [GetAbsolutePath] successfully performed. With the following test data [Relative File Path: "src/test/resources/DynamicObjectRepository/unitTests_tests_element_elementActions_waitForElementToBePresent_true_expectedToPass_By_xpath_id_hplogo_or_alt_Google.png"]. @26-09-2021 01:54:16.0311 AM
[ReportManager] File Action [WriteToFile] successfully performed. With the following test data [Target File Path: "/home/runner/work/SHAFT_ENGINE/SHAFT_ENGINE/src/test/resources/DynamicObjectRepository/unitTests_tests_element_elementActions_waitForElementToBePresent_true_expectedToPass_By_xpath_id_hplogo_or_alt_Google.png"]. @26-09-2021 01:54:16.0315 AM
[ReportManager] Assertion Passed: Using Visual AI; OpenCV @26-09-2021 01:54:16.0315 AM
[ReportManager] Successfully created attachment [Validation Test Data - Actual Screenshot] @26-09-2021 01:54:16.0316 AM
[ReportManager] Assertion [ValidateElementMatches] PASSED. Expected [Element should match the reference screenshot] and Actual [TRUE]. Comparison Type [EXACT_OPENCV]. Validation Type [POSITIVE]. @26-09-2021 01:54:16.0316 A
[ReportManager] Browser Action [CloseCurrentWindow] successfully performed. @26-09-2021 01:54:16.0437 AM
[ReportManager] Successfully created attachment [Browser Action Test Data - CloseCurrentWindow - Actual Value] @26-09-2021 01:54:16.0438 A
[ReportManager] File Action [GetAbsolutePath] successfully performed. With the following test data [Relative Folder Path: "target/downloadedFiles/"]. @26-09-2021 01:54:16.0440 AM
[ReportManager] Attempting to run remotely on: [Linux-64], [GoogleChrome], [http://localhost:4444/wd/hub], Headless Execution. @26-09-2021 01:54:16.0441 AM
[ReportManager] Successfully Opened [GoogleChrome]. @26-09-2021 01:54:16.0643 AM
[ReportManager] Target URL: [https://duckduckgo.com] @26-09-2021 01:54:16.0653 AM
[ReportManager] Initial URL: [data:,] @26-09-2021 01:54:16.0694 AM
[ReportManager] Browser Action [NavigateToURL] successfully performed. With the following test data [https://duckduckgo.com]. @26-09-2021 01:54:17.0300 A

################################################################################################################################################
Starting Execution:	[54 out of 144] test cases in the current suite
Test Method:		[unitTests.tests_browserActions.fullScreenWindow]
################################################################################################################################################
[ReportManager] Initial Windows Size: 800x600 @26-09-2021 01:54:17.0326 AM
[ReportManager] Initial window size: (800, 600) @26-09-2021 01:54:17.0328 AM
[ReportManager] Window size after Toolkit: (1920, 1080) @26-09-2021 01:54:17.0546 AM
[ReportManager] Browser Action [MaximizeWindow] successfully performed. With the following test data [New screen size is now: (1920, 1080)]. @26-09-2021 01:54:17.0549 AM
[ReportManager] Current Windows Size after fullScreen: 1920x1080 @26-09-2021 01:54:17.0554 AM
[ReportManager] Browser Action [FullScreenWindow] successfully performed. @26-09-2021 01:54:17.0569 AM
[ReportManager] Successfully created attachment [Browser Action Test Data - FullScreenWindow - Actual Value] @26-09-2021 01:54:17.0571 A
[ReportManager] Target URL: [https://duckduckgo.com] @26-09-2021 01:54:17.0574 AM
[ReportManager] Initial URL: [https://duckduckgo.com] @26-09-2021 01:54:17.0630 AM
[ReportManager] Browser Action [NavigateToURL] successfully performed. With the following test data [https://duckduckgo.com]. @26-09-2021 01:54:18.0009 AM
[ReportManager] Browser Action [CloseCurrentWindow] successfully performed. @26-09-2021 01:54:18.0120 AM
[ReportManager] Successfully created attachment [Browser Action Test Data - CloseCurrentWindow - Actual Value] @26-09-2021 01:54:18.0122 A
[ReportManager] File Action [GetAbsolutePath] successfully performed. With the following test data [Relative Folder Path: "target/downloadedFiles/"]. @26-09-2021 01:54:18.0124 AM
[ReportManager] Attempting to run remotely on: [Linux-64], [GoogleChrome], [http://localhost:4444/wd/hub], Headless Execution. @26-09-2021 01:54:18.0124 AM
[ReportManager] Successfully Opened [GoogleChrome]. @26-09-2021 01:54:18.0358 AM
[ReportManager] Target URL: [https://duckduckgo.com] @26-09-2021 01:54:18.0371 AM
[ReportManager] Initial URL: [data:,] @26-09-2021 01:54:18.0421 AM
[ReportManager] Browser Action [NavigateToURL] successfully performed. With the following test data [https://duckduckgo.com]. @26-09-2021 01:54:18.0932 A

################################################################################################################################################
Starting Execution:	[55 out of 144] test cases in the current suite
Test Method:		[unitTests.tests_browserActions.getCurrentURL]
################################################################################################################################################
[ReportManager] Browser Action [GetCurrentURL] successfully performed. With the following test data [https://duckduckgo.com/]. @26-09-2021 01:54:18.0975 A
[ReportManager] Target URL: [https://duckduckgo.com] @26-09-2021 01:54:18.0978 AM
[ReportManager] Initial URL: [https://duckduckgo.com] @26-09-2021 01:54:19.0034 AM
[ReportManager] Browser Action [NavigateToURL] successfully performed. With the following test data [https://duckduckgo.com]. @26-09-2021 01:54:19.0459 AM
[ReportManager] Browser Action [CloseCurrentWindow] successfully performed. @26-09-2021 01:54:19.0574 AM
[ReportManager] Successfully created attachment [Browser Action Test Data - CloseCurrentWindow - Actual Value] @26-09-2021 01:54:19.0575 A
[ReportManager] File Action [GetAbsolutePath] successfully performed. With the following test data [Relative Folder Path: "target/downloadedFiles/"]. @26-09-2021 01:54:19.0577 AM
[ReportManager] Attempting to run remotely on: [Linux-64], [GoogleChrome], [http://localhost:4444/wd/hub], Headless Execution. @26-09-2021 01:54:19.0577 AM
[ReportManager] Successfully Opened [GoogleChrome]. @26-09-2021 01:54:19.0810 AM
[ReportManager] Target URL: [https://duckduckgo.com] @26-09-2021 01:54:19.0829 AM
[ReportManager] Initial URL: [data:,] @26-09-2021 01:54:19.0877 AM
[ReportManager] Browser Action [NavigateToURL] successfully performed. With the following test data [https://duckduckgo.com]. @26-09-2021 01:54:20.0511 A

################################################################################################################################################
Starting Execution:	[56 out of 144] test cases in the current suite
Test Method:		[unitTests.tests_browserActions.getCurrentWindowTitle]
################################################################################################################################################
[ReportManager] Browser Action [GetCurrentWindowTitle] successfully performed. With the following test data [DuckDuckGo — Privacy, simplified.]. @26-09-2021 01:54:20.0556 A
[ReportManager] Target URL: [https://duckduckgo.com] @26-09-2021 01:54:20.0561 AM
[ReportManager] Initial URL: [https://duckduckgo.com] @26-09-2021 01:54:20.0630 AM
[ReportManager] Browser Action [NavigateToURL] successfully performed. With the following test data [https://duckduckgo.com]. @26-09-2021 01:54:21.0034 AM
[ReportManager] Browser Action [CloseCurrentWindow] successfully performed. @26-09-2021 01:54:21.0150 AM
[ReportManager] Successfully created attachment [Browser Action Test Data - CloseCurrentWindow - Actual Value] @26-09-2021 01:54:21.0151 A
[ReportManager] File Action [GetAbsolutePath] successfully performed. With the following test data [Relative Folder Path: "target/downloadedFiles/"]. @26-09-2021 01:54:21.0154 AM
[ReportManager] Attempting to run remotely on: [Linux-64], [GoogleChrome], [http://localhost:4444/wd/hub], Headless Execution. @26-09-2021 01:54:21.0155 AM
[ReportManager] Successfully Opened [GoogleChrome]. @26-09-2021 01:54:21.0441 AM
[ReportManager] Target URL: [https://duckduckgo.com] @26-09-2021 01:54:21.0459 AM
[ReportManager] Initial URL: [data:,] @26-09-2021 01:54:21.0498 AM
[ReportManager] Browser Action [NavigateToURL] successfully performed. With the following test data [https://duckduckgo.com]. @26-09-2021 01:54:22.0131 A

################################################################################################################################################
Starting Execution:	[57 out of 144] test cases in the current suite
Test Method:		[unitTests.tests_browserActions.getPageSource]
################################################################################################################################################
[ReportManager] Browser Action [GetPageSource] successfully performed. @26-09-2021 01:54:22.0180 AM
[ReportManager] Successfully created attachment [Browser Action Test Data - GetPageSource - Actual Value] @26-09-2021 01:54:22.0180 A
[ReportManager] Target URL: [https://duckduckgo.com] @26-09-2021 01:54:22.0184 AM
[ReportManager] Initial URL: [https://duckduckgo.com] @26-09-2021 01:54:22.0239 AM
[ReportManager] Browser Action [NavigateToURL] successfully performed. With the following test data [https://duckduckgo.com]. @26-09-2021 01:54:22.0565 AM
[ReportManager] Browser Action [CloseCurrentWindow] successfully performed. @26-09-2021 01:54:22.0664 AM
[ReportManager] Successfully created attachment [Browser Action Test Data - CloseCurrentWindow - Actual Value] @26-09-2021 01:54:22.0664 A
[ReportManager] File Action [GetAbsolutePath] successfully performed. With the following test data [Relative Folder Path: "target/downloadedFiles/"]. @26-09-2021 01:54:22.0674 AM
[ReportManager] Attempting to run remotely on: [Linux-64], [GoogleChrome], [http://localhost:4444/wd/hub], Headless Execution. @26-09-2021 01:54:22.0674 AM
[ReportManager] Successfully Opened [GoogleChrome]. @26-09-2021 01:54:22.0919 AM
[ReportManager] Target URL: [https://duckduckgo.com] @26-09-2021 01:54:22.0933 AM
[ReportManager] Initial URL: [data:,] @26-09-2021 01:54:22.0982 AM
[ReportManager] Browser Action [NavigateToURL] successfully performed. With the following test data [https://duckduckgo.com]. @26-09-2021 01:54:23.0484 A

################################################################################################################################################
Starting Execution:	[58 out of 144] test cases in the current suite
Test Method:		[unitTests.tests_browserActions.getWindowHandle]
################################################################################################################################################
[ReportManager] Browser Action [GetWindowHandle] successfully performed. With the following test data [CDwindow-AF24BC5691F105243BB78697D57AD2E2]. @26-09-2021 01:54:23.0520 A
[ReportManager] Target URL: [https://duckduckgo.com] @26-09-2021 01:54:23.0523 AM
[ReportManager] Initial URL: [https://duckduckgo.com] @26-09-2021 01:54:23.0587 AM
[ReportManager] Browser Action [NavigateToURL] successfully performed. With the following test data [https://duckduckgo.com]. @26-09-2021 01:54:23.0892 AM
[ReportManager] Browser Action [CloseCurrentWindow] successfully performed. @26-09-2021 01:54:23.0988 AM
[ReportManager] Successfully created attachment [Browser Action Test Data - CloseCurrentWindow - Actual Value] @26-09-2021 01:54:23.0990 A
[ReportManager] File Action [GetAbsolutePath] successfully performed. With the following test data [Relative Folder Path: "target/downloadedFiles/"]. @26-09-2021 01:54:23.0996 AM
[ReportManager] Attempting to run remotely on: [Linux-64], [GoogleChrome], [http://localhost:4444/wd/hub], Headless Execution. @26-09-2021 01:54:23.0996 AM
[ReportManager] Successfully Opened [GoogleChrome]. @26-09-2021 01:54:24.0187 AM
[ReportManager] Target URL: [https://duckduckgo.com] @26-09-2021 01:54:24.0198 AM
[ReportManager] Initial URL: [data:,] @26-09-2021 01:54:24.0236 AM
[ReportManager] Browser Action [NavigateToURL] successfully performed. With the following test data [https://duckduckgo.com]. @26-09-2021 01:54:24.0753 A

################################################################################################################################################
Starting Execution:	[59 out of 144] test cases in the current suite
Test Method:		[unitTests.tests_browserActions.getWindowPosition]
################################################################################################################################################
[ReportManager] Browser Action [GetWindowPosition] successfully performed. With the following test data [(0, 0)]. @26-09-2021 01:54:24.0789 A
[ReportManager] Target URL: [https://duckduckgo.com] @26-09-2021 01:54:24.0791 AM
[ReportManager] Initial URL: [https://duckduckgo.com] @26-09-2021 01:54:24.0848 AM
[ReportManager] Browser Action [NavigateToURL] successfully performed. With the following test data [https://duckduckgo.com]. @26-09-2021 01:54:25.0212 AM
[ReportManager] Browser Action [CloseCurrentWindow] successfully performed. @26-09-2021 01:54:25.0317 AM
[ReportManager] Successfully created attachment [Browser Action Test Data - CloseCurrentWindow - Actual Value] @26-09-2021 01:54:25.0318 A
[ReportManager] File Action [GetAbsolutePath] successfully performed. With the following test data [Relative Folder Path: "target/downloadedFiles/"]. @26-09-2021 01:54:25.0323 AM
[ReportManager] Attempting to run remotely on: [Linux-64], [GoogleChrome], [http://localhost:4444/wd/hub], Headless Execution. @26-09-2021 01:54:25.0323 AM
[ReportManager] Successfully Opened [GoogleChrome]. @26-09-2021 01:54:25.0526 AM
[ReportManager] Target URL: [https://duckduckgo.com] @26-09-2021 01:54:25.0546 AM
[ReportManager] Initial URL: [data:,] @26-09-2021 01:54:25.0589 AM
[ReportManager] Browser Action [NavigateToURL] successfully performed. With the following test data [https://duckduckgo.com]. @26-09-2021 01:54:26.0153 A

################################################################################################################################################
Starting Execution:	[60 out of 144] test cases in the current suite
Test Method:		[unitTests.tests_browserActions.getWindowSize]
################################################################################################################################################
[ReportManager] Browser Action [GetWindowSize] successfully performed. With the following test data [(800, 600)]. @26-09-2021 01:54:26.0203 A
[ReportManager] Target URL: [https://duckduckgo.com] @26-09-2021 01:54:26.0206 AM
[ReportManager] Initial URL: [https://duckduckgo.com] @26-09-2021 01:54:26.0264 AM
[ReportManager] Browser Action [NavigateToURL] successfully performed. With the following test data [https://duckduckgo.com]. @26-09-2021 01:54:26.0592 AM
[ReportManager] Browser Action [CloseCurrentWindow] successfully performed. @26-09-2021 01:54:26.0697 AM
[ReportManager] Successfully created attachment [Browser Action Test Data - CloseCurrentWindow - Actual Value] @26-09-2021 01:54:26.0698 A
[ReportManager] File Action [GetAbsolutePath] successfully performed. With the following test data [Relative Folder Path: "target/downloadedFiles/"]. @26-09-2021 01:54:26.0702 AM
[ReportManager] Attempting to run remotely on: [Linux-64], [GoogleChrome], [http://localhost:4444/wd/hub], Headless Execution. @26-09-2021 01:54:26.0702 AM
[ReportManager] Successfully Opened [GoogleChrome]. @26-09-2021 01:54:26.0898 AM
[ReportManager] Target URL: [https://duckduckgo.com] @26-09-2021 01:54:26.0911 AM
[ReportManager] Initial URL: [data:,] @26-09-2021 01:54:26.0951 AM
[ReportManager] Browser Action [NavigateToURL] successfully performed. With the following test data [https://duckduckgo.com]. @26-09-2021 01:54:27.0482 A

################################################################################################################################################
Starting Execution:	[61 out of 144] test cases in the current suite
Test Method:		[unitTests.tests_browserActions.maximizeWindow]
################################################################################################################################################
[ReportManager] Initial window size: (800, 600) @26-09-2021 01:54:27.0491 AM
[ReportManager] Window size after Toolkit: (1920, 1080) @26-09-2021 01:54:27.0712 AM
[ReportManager] Browser Action [MaximizeWindow] successfully performed. With the following test data [New screen size is now: (1920, 1080)]. @26-09-2021 01:54:27.0714 A
[ReportManager] Target URL: [https://duckduckgo.com] @26-09-2021 01:54:27.0716 AM
[ReportManager] Initial URL: [https://duckduckgo.com] @26-09-2021 01:54:27.0793 AM
[ReportManager] Browser Action [NavigateToURL] successfully performed. With the following test data [https://duckduckgo.com]. @26-09-2021 01:54:28.0133 AM
[ReportManager] Browser Action [CloseCurrentWindow] successfully performed. @26-09-2021 01:54:28.0233 AM
[ReportManager] Successfully created attachment [Browser Action Test Data - CloseCurrentWindow - Actual Value] @26-09-2021 01:54:28.0234 A
[ReportManager] File Action [GetAbsolutePath] successfully performed. With the following test data [Relative Folder Path: "target/downloadedFiles/"]. @26-09-2021 01:54:28.0237 AM
[ReportManager] Attempting to run remotely on: [Linux-64], [GoogleChrome], [http://localhost:4444/wd/hub], Headless Execution. @26-09-2021 01:54:28.0237 AM
[ReportManager] Successfully Opened [GoogleChrome]. @26-09-2021 01:54:28.0433 AM
[ReportManager] Target URL: [https://duckduckgo.com] @26-09-2021 01:54:28.0443 AM
[ReportManager] Initial URL: [data:,] @26-09-2021 01:54:28.0488 AM
[ReportManager] Browser Action [NavigateToURL] successfully performed. With the following test data [https://duckduckgo.com]. @26-09-2021 01:54:29.0020 A

################################################################################################################################################
Starting Execution:	[62 out of 144] test cases in the current suite
Test Method:		[unitTests.tests_browserActions.navigateBack]
################################################################################################################################################
[ReportManager] Target URL: [https://www.google.com/ncr], and after redirection: [https://www.google.com] @26-09-2021 01:54:29.0023 AM
[ReportManager] Initial URL: [https://duckduckgo.com] @26-09-2021 01:54:29.0077 AM
[ReportManager] Browser Action [NavigateToURL] successfully performed. With the following test data [https://www.google.com/ncr]. @26-09-2021 01:54:29.0872 AM
[ReportManager] Browser Action [NavigateBack] successfully performed. With the following test data [https://duckduckgo.com/]. @26-09-2021 01:54:30.0254 AM
[ReportManager] Browser Action [GetCurrentURL] successfully performed. With the following test data [https://duckduckgo.com/]. @26-09-2021 01:54:30.0288 AM
[ReportManager] Assertion Passed: Confirming that navigating back was successful @26-09-2021 01:54:30.0432 AM
[ReportManager] Successfully created attachment [Screenshot - 1632621270365_navigateBack_ValidateBrowserAttribute_passed] @26-09-2021 01:54:30.0433 AM
[ReportManager] Assertion [ValidateBrowserAttribute] PASSED. Expected [Value Should be 'https://duckduckgo.com' for the 'CurrentUrl' attribute] and Actual [https://duckduckgo.com/]. Comparison Type [CONTAINS]. Validation Type [POSITIVE]. @26-09-2021 01:54:30.0433 A
[ReportManager] Target URL: [https://duckduckgo.com] @26-09-2021 01:54:30.0435 AM
[ReportManager] Initial URL: [https://duckduckgo.com] @26-09-2021 01:54:30.0503 AM
[ReportManager] Browser Action [NavigateToURL] successfully performed. With the following test data [https://duckduckgo.com]. @26-09-2021 01:54:30.0816 AM
[ReportManager] Browser Action [CloseCurrentWindow] successfully performed. @26-09-2021 01:54:30.0914 AM
[ReportManager] Successfully created attachment [Browser Action Test Data - CloseCurrentWindow - Actual Value] @26-09-2021 01:54:30.0914 A
[ReportManager] File Action [GetAbsolutePath] successfully performed. With the following test data [Relative Folder Path: "target/downloadedFiles/"]. @26-09-2021 01:54:30.0918 AM
[ReportManager] Attempting to run remotely on: [Linux-64], [GoogleChrome], [http://localhost:4444/wd/hub], Headless Execution. @26-09-2021 01:54:30.0918 AM
[ReportManager] Successfully Opened [GoogleChrome]. @26-09-2021 01:54:31.0127 AM
[ReportManager] Target URL: [https://duckduckgo.com] @26-09-2021 01:54:31.0136 AM
[ReportManager] Initial URL: [data:,] @26-09-2021 01:54:31.0176 AM
[ReportManager] Browser Action [NavigateToURL] successfully performed. With the following test data [https://duckduckgo.com]. @26-09-2021 01:54:31.0691 A

################################################################################################################################################
Starting Execution:	[63 out of 144] test cases in the current suite
Test Method:		[unitTests.tests_browserActions.navigateForward]
################################################################################################################################################
[ReportManager] Target URL: [https://www.google.com/ncr], and after redirection: [https://www.google.com] @26-09-2021 01:54:31.0693 AM
[ReportManager] Initial URL: [https://duckduckgo.com] @26-09-2021 01:54:31.0755 AM
[ReportManager] Browser Action [NavigateToURL] successfully performed. With the following test data [https://www.google.com/ncr]. @26-09-2021 01:54:32.0557 AM
[ReportManager] Browser Action [NavigateBack] successfully performed. With the following test data [https://duckduckgo.com/]. @26-09-2021 01:54:32.0931 AM
[ReportManager] Browser Action [NavigateForward] successfully performed. With the following test data [https://www.google.com/]. @26-09-2021 01:54:33.0363 A
[ReportManager] Target URL: [https://duckduckgo.com] @26-09-2021 01:54:33.0367 AM
[ReportManager] Initial URL: [https://www.google.com] @26-09-2021 01:54:33.0440 AM
[ReportManager] Browser Action [NavigateToURL] successfully performed. With the following test data [https://duckduckgo.com]. @26-09-2021 01:54:33.0899 AM
[ReportManager] Browser Action [CloseCurrentWindow] successfully performed. @26-09-2021 01:54:33.0997 AM
[ReportManager] Successfully created attachment [Browser Action Test Data - CloseCurrentWindow - Actual Value] @26-09-2021 01:54:33.0998 A
[ReportManager] File Action [GetAbsolutePath] successfully performed. With the following test data [Relative Folder Path: "target/downloadedFiles/"]. @26-09-2021 01:54:33.0999 AM
[ReportManager] Attempting to run remotely on: [Linux-64], [GoogleChrome], [http://localhost:4444/wd/hub], Headless Execution. @26-09-2021 01:54:34.0000 AM
[ReportManager] Successfully Opened [GoogleChrome]. @26-09-2021 01:54:34.0201 AM
[ReportManager] Target URL: [https://duckduckgo.com] @26-09-2021 01:54:34.0210 AM
[ReportManager] Initial URL: [data:,] @26-09-2021 01:54:34.0259 AM
[ReportManager] Browser Action [NavigateToURL] successfully performed. With the following test data [https://duckduckgo.com]. @26-09-2021 01:54:34.0789 A

################################################################################################################################################
Starting Execution:	[64 out of 144] test cases in the current suite
Test Method:		[unitTests.tests_browserActions.navigateToURL]
################################################################################################################################################
[ReportManager] Target URL: [https://duckduckgo.com] @26-09-2021 01:54:34.0792 AM
[ReportManager] Initial URL: [https://duckduckgo.com] @26-09-2021 01:54:34.0847 AM
[ReportManager] Browser Action [NavigateToURL] successfully performed. With the following test data [https://duckduckgo.com]. @26-09-2021 01:54:35.0146 A
[ReportManager] Target URL: [https://duckduckgo.com] @26-09-2021 01:54:35.0148 AM
[ReportManager] Initial URL: [https://duckduckgo.com] @26-09-2021 01:54:35.0201 AM
[ReportManager] Browser Action [NavigateToURL] successfully performed. With the following test data [https://duckduckgo.com]. @26-09-2021 01:54:35.0512 AM
[ReportManager] Browser Action [CloseCurrentWindow] successfully performed. @26-09-2021 01:54:35.0612 AM
[ReportManager] Successfully created attachment [Browser Action Test Data - CloseCurrentWindow - Actual Value] @26-09-2021 01:54:35.0613 A
[ReportManager] File Action [GetAbsolutePath] successfully performed. With the following test data [Relative Folder Path: "target/downloadedFiles/"]. @26-09-2021 01:54:35.0615 AM
[ReportManager] Attempting to run remotely on: [Linux-64], [GoogleChrome], [http://localhost:4444/wd/hub], Headless Execution. @26-09-2021 01:54:35.0615 AM
[ReportManager] Successfully Opened [GoogleChrome]. @26-09-2021 01:54:35.0824 AM
[ReportManager] Target URL: [https://duckduckgo.com] @26-09-2021 01:54:35.0836 AM
[ReportManager] Initial URL: [data:,] @26-09-2021 01:54:35.0876 AM
[ReportManager] Browser Action [NavigateToURL] successfully performed. With the following test data [https://duckduckgo.com]. @26-09-2021 01:54:36.0389 A

################################################################################################################################################
Starting Execution:	[65 out of 144] test cases in the current suite
Test Method:		[unitTests.tests_browserActions.navigateToURLWithRedirection]
################################################################################################################################################
[ReportManager] Target URL: [https://www.google.com/ncr], and after redirection: [https://www.google.com] @26-09-2021 01:54:36.0391 AM
[ReportManager] Initial URL: [https://duckduckgo.com] @26-09-2021 01:54:36.0453 AM
[ReportManager] Browser Action [NavigateToURL] successfully performed. With the following test data [https://www.google.com/ncr]. @26-09-2021 01:54:37.0301 A
[ReportManager] Target URL: [https://duckduckgo.com] @26-09-2021 01:54:37.0303 AM
[ReportManager] Initial URL: [https://www.google.com] @26-09-2021 01:54:37.0377 AM
[ReportManager] Browser Action [NavigateToURL] successfully performed. With the following test data [https://duckduckgo.com]. @26-09-2021 01:54:37.0853 AM
[ReportManager] Browser Action [CloseCurrentWindow] successfully performed. @26-09-2021 01:54:37.0950 AM
[ReportManager] Successfully created attachment [Browser Action Test Data - CloseCurrentWindow - Actual Value] @26-09-2021 01:54:37.0951 A
[ReportManager] File Action [GetAbsolutePath] successfully performed. With the following test data [Relative Folder Path: "target/downloadedFiles/"]. @26-09-2021 01:54:37.0955 AM
[ReportManager] Attempting to run remotely on: [Linux-64], [GoogleChrome], [http://localhost:4444/wd/hub], Headless Execution. @26-09-2021 01:54:37.0956 AM
[ReportManager] Successfully Opened [GoogleChrome]. @26-09-2021 01:54:38.0236 AM
[ReportManager] Target URL: [https://duckduckgo.com] @26-09-2021 01:54:38.0254 AM
[ReportManager] Initial URL: [data:,] @26-09-2021 01:54:38.0294 AM
[ReportManager] Browser Action [NavigateToURL] successfully performed. With the following test data [https://duckduckgo.com]. @26-09-2021 01:54:38.0829 A

################################################################################################################################################
Starting Execution:	[66 out of 144] test cases in the current suite
Test Method:		[unitTests.tests_browserActions.refreshCurrentPage]
################################################################################################################################################
[ReportManager] Browser Action [RefreshCurrentPage] successfully performed. @26-09-2021 01:54:39.0033 AM
[ReportManager] Successfully created attachment [Browser Action Test Data - RefreshCurrentPage - Actual Value] @26-09-2021 01:54:39.0034 A
[ReportManager] Target URL: [https://duckduckgo.com] @26-09-2021 01:54:39.0037 AM
[ReportManager] Initial URL: [https://duckduckgo.com] @26-09-2021 01:54:39.0097 AM
[ReportManager] Browser Action [NavigateToURL] successfully performed. With the following test data [https://duckduckgo.com]. @26-09-2021 01:54:39.0383 AM
[ReportManager] Browser Action [CloseCurrentWindow] successfully performed. @26-09-2021 01:54:39.0487 AM
[ReportManager] Successfully created attachment [Browser Action Test Data - CloseCurrentWindow - Actual Value] @26-09-2021 01:54:39.0488 A
[ReportManager] File Action [GetAbsolutePath] successfully performed. With the following test data [Relative Folder Path: "target/downloadedFiles/"]. @26-09-2021 01:54:39.0497 AM
[ReportManager] Attempting to run remotely on: [Linux-64], [GoogleChrome], [http://localhost:4444/wd/hub], Headless Execution. @26-09-2021 01:54:39.0497 AM
[ReportManager] Successfully Opened [GoogleChrome]. @26-09-2021 01:54:39.0693 AM
[ReportManager] Target URL: [https://duckduckgo.com] @26-09-2021 01:54:39.0716 AM
[ReportManager] Initial URL: [data:,] @26-09-2021 01:54:39.0758 AM
[ReportManager] Browser Action [NavigateToURL] successfully performed. With the following test data [https://duckduckgo.com]. @26-09-2021 01:54:40.0270 A

################################################################################################################################################
Starting Execution:	[67 out of 144] test cases in the current suite
Test Method:		[unitTests.tests_browserActions.setWindowSize]
################################################################################################################################################
[ReportManager] Initial window size: (800, 600) @26-09-2021 01:54:40.0281 AM
[ReportManager] Window size after SWD: (1280, 720) @26-09-2021 01:54:40.0499 AM
[ReportManager] Browser Action [SetWindowSize] successfully performed. With the following test data [New screen size is now: (1280, 720)]. @26-09-2021 01:54:40.0499 A
[ReportManager] Target URL: [https://duckduckgo.com] @26-09-2021 01:54:40.0503 AM
[ReportManager] Initial URL: [https://duckduckgo.com] @26-09-2021 01:54:40.0575 AM
[ReportManager] Browser Action [NavigateToURL] successfully performed. With the following test data [https://duckduckgo.com]. @26-09-2021 01:54:40.0934 AM
[ReportManager] Browser Action [CloseCurrentWindow] successfully performed. @26-09-2021 01:54:41.0029 AM
[ReportManager] Successfully created attachment [Browser Action Test Data - CloseCurrentWindow - Actual Value] @26-09-2021 01:54:41.0029 A
[ReportManager] Successfully loaded the following test data file [src/test/resources/TestDataFiles/testSuite01/TestData.xlsx]. @26-09-2021 01:54:41.0932 AM
[ReportManager] Successfully created attachment [Test Data - Excel] @26-09-2021 01:54:41.0933 A

################################################################################################################################################
Starting Execution:	[68 out of 144] test cases in the current suite
Test Method:		[unitTests.tests_io_excelFileManager.getCellData_rowName_expectedToPass]
################################################################################################################################################
[ReportManager] testRowData. @26-09-2021 01:54:41.0948 A
[ReportManager] Successfully loaded the following test data file [src/test/resources/TestDataFiles/testSuite01/TestData.xlsx]. @26-09-2021 01:54:42.0001 AM
[ReportManager] Successfully created attachment [Test Data - Excel] @26-09-2021 01:54:42.0001 AM
[ReportManager] File Action [GetAbsolutePath] successfully performed. With the following test data [Relative Folder Path: "target/downloadedFiles/"]. @26-09-2021 01:54:42.0001 AM
[ReportManager] Attempting to run remotely on: [Linux-64], [GoogleChrome], [http://localhost:4444/wd/hub], Headless Execution. @26-09-2021 01:54:42.0002 AM
[ReportManager] Successfully Opened [GoogleChrome]. @26-09-2021 01:54:42.0216 A

################################################################################################################################################
Starting Execution:	[69 out of 144] test cases in the current suite
Test Method:		[testPackage01.Test_google.navigateToURLandVerifyGoogleLogoIsDisplayed]
Test Description:	[TC001 - Navigate to URL and Verify Google Logo is Displayed]
################################################################################################################################################
[ReportManager] Target URL: [https://www.google.com/ncr], and after redirection: [https://www.google.com] @26-09-2021 01:54:42.0232 AM
[ReportManager] Initial URL: [data:,] @26-09-2021 01:54:42.0282 AM
[ReportManager] Browser Action [NavigateToURL] successfully performed. With the following test data [https://www.google.com/ncr]. @26-09-2021 01:54:43.0125 AM
[ReportManager] Loaded Shared OpenCV @26-09-2021 01:54:43.0331 AM
[ReportManager] Assertion [ValidateElementExists] PASSED. Expected [Element Should Exist, locator 'By.xpath: //*[@id='hplogo' or @alt='Google']'] and Actual [Element Exists]. Comparison Type [EQUALS]. Validation Type [POSITIVE]. @26-09-2021 01:54:43.0420 AM
[ReportManager] Successfully created attachment [Screenshot - 1632621283331_navigateToURLandVerifyGoogleLogoIsDisplayed_ValidateElementExists_passed] @26-09-2021 01:54:43.0422 A

################################################################################################################################################
Starting Execution:	[70 out of 144] test cases in the current suite
Test Method:		[testPackage01.Test_google.searchForQueryandAssertResultsNumDisplayed]
Test Description:	[TC002 - Search for Query and Assert that the number of results is displayed]
################################################################################################################################################
[ReportManager] Element Action [Type] successfully performed. With the following test data [SHAFT_Engine]. @26-09-2021 01:54:43.0808 AM
[ReportManager] Element Action [KeyPress] successfully performed. With the following test data [Enter]. @26-09-2021 01:54:45.0498 AM
[ReportManager] Element Action [GetText] successfully performed. With the following test data [About 4,060,000 results (0.90 seconds) ]. @26-09-2021 01:54:45.0582 AM
[ReportManager] Loaded Shared OpenCV @26-09-2021 01:54:45.0733 AM
[ReportManager] Assertion [ValidateElementAttribute] PASSED. Expected [Value Should not be '' for the 'Text' attribute, element locator 'By.id: appbar'] and Actual [About 4,060,000 results (0.90 seconds) ]. Comparison Type [EQUALS]. Validation Type [NEGATIVE]. @26-09-2021 01:54:45.0827 AM
[ReportManager] Successfully created attachment [Screenshot - 1632621285733_searchForQueryandAssertResultsNumDisplayed_ValidateElementAttribute_passed] @26-09-2021 01:54:45.0828 A

################################################################################################################################################
Starting Execution:	[71 out of 144] test cases in the current suite
Test Method:		[testPackage01.Test_google.clickNextThrice]
Test Description:	[TC003 - Clicks the next button to make sure that the framework can scroll element into view before clicking it]
################################################################################################################################################
[ReportManager] Element Action [Click] successfully performed. With the following test data [Next]. @26-09-2021 01:54:47.0360 A
[ReportManager] Browser Action [CloseCurrentWindow] successfully performed. @26-09-2021 01:54:47.0540 AM
[ReportManager] Successfully created attachment [Browser Action Test Data - CloseCurrentWindow - Actual Value] @26-09-2021 01:54:47.0543 A

################################################################################################################################################
Starting Execution:	[72 out of 144] test cases in the current suite
Test Method:		[testPackage01.Test_testData.f]
################################################################################################################################################
[ReportManager] Successfully loaded the following test data file [src/test/resources/TestDataFiles/testSuite01/TestData.xlsx]. @26-09-2021 01:54:47.0578 AM
[ReportManager] Successfully created attachment [Test Data - Excel] @26-09-2021 01:54:47.0578 AM
[ReportManager] Last Column Number is: [3]. Zero-based. @26-09-2021 01:54:47.0579 A

################################################################################################################################################
Starting Execution:	[73 out of 144] test cases in the current suite
Test Method:		[testPackage01.Test_PDF.testPDF_Downloaded]
################################################################################################################################################
[ReportManager] File Action [DoesFileExist] successfully performed. With the following test data [File Path: "src/test/resources/TestDataFiles/sample.pdf"]. @26-09-2021 01:54:47.0586 AM
[ReportManager] File Action [GetAbsolutePath] successfully performed. With the following test data [Relative File Path: "src/test/resources/TestDataFiles/sample.pdf"]. @26-09-2021 01:54:47.0586 AM
[ReportManager] Assertion [ValidateTrue] PASSED. Expected [TRUE] and Actual [TRUE]. Validation Type [POSITIVE]. @26-09-2021 01:54:48.0093 A

################################################################################################################################################
Starting Execution:	[74 out of 144] test cases in the current suite
Test Method:		[testPackage01.Test_JSONFileManager.readStringFromJson]
################################################################################################################################################
[ReportManager] Successfully loaded the following test data file [src/test/resources/TestDataFiles/simpleJSON.json]. @26-09-2021 01:54:48.0104 AM
[ReportManager] Successfully created attachment [Test Data - JSON] @26-09-2021 01:54:48.0104 AM
[ReportManager] Assertion [ValidateEquals] PASSED. Expected [Mohab Mohie] and Actual [Mohab Mohie]. Comparison Type [EQUALS]. Validation Type [POSITIVE]. @26-09-2021 01:54:48.0118 A
[ReportManager] File Action [GetAbsolutePath] successfully performed. With the following test data [Relative Folder Path: "target/downloadedFiles/"]. @26-09-2021 01:54:48.0122 AM
[ReportManager] Attempting to run remotely on: [Linux-64], [GoogleChrome], [http://localhost:4444/wd/hub], Headless Execution. @26-09-2021 01:54:48.0122 AM
[ReportManager] Successfully Opened [GoogleChrome]. @26-09-2021 01:54:48.0359 A

################################################################################################################################################
Starting Execution:	[75 out of 144] test cases in the current suite
Test Method:		[testPackage01.Test_dragAndDrop.dragAndDropJquery]
################################################################################################################################################
[ReportManager] Target URL: [https://jqueryui.com/resources/demos/droppable/default.html] @26-09-2021 01:54:48.0380 AM
[ReportManager] Initial URL: [data:,] @26-09-2021 01:54:48.0431 AM
[ReportManager] Browser Action [NavigateToURL] successfully performed. With the following test data [https://jqueryui.com/resources/demos/droppable/default.html]. @26-09-2021 01:54:48.0780 AM
[ReportManager] Element Action [GetText] successfully performed. With the following test data [Drop here]. @26-09-2021 01:54:48.0870 AM
[ReportManager] Element Action [DragAndDrop] successfully performed. With the following test data [Start point: (8, 18), End point: (8, 18)]. @26-09-2021 01:54:50.0202 AM
[ReportManager] Element Action [GetText] successfully performed. With the following test data [Dropped!]. @26-09-2021 01:54:50.0262 AM
[ReportManager] Assertion Passed: Checking to see if the text has changed after performing drag and drop @26-09-2021 01:54:50.0263 AM
[ReportManager] Assertion [ValidateEquals] PASSED. Expected [Drop here] and Actual [Dropped!]. Comparison Type [EQUALS]. Validation Type [NEGATIVE]. @26-09-2021 01:54:50.0263 A
[ReportManager] Browser Action [CloseCurrentWindow] successfully performed. @26-09-2021 01:54:50.0368 AM
[ReportManager] Successfully created attachment [Browser Action Test Data - CloseCurrentWindow - Actual Value] @26-09-2021 01:54:50.0369 A
[ReportManager] File Action [GetAbsolutePath] successfully performed. With the following test data [Relative Folder Path: "target/downloadedFiles/"]. @26-09-2021 01:54:50.0370 AM
[ReportManager] Attempting to run remotely on: [Linux-64], [GoogleChrome], [http://localhost:4444/wd/hub], Headless Execution. @26-09-2021 01:54:50.0371 AM
[ReportManager] Successfully Opened [GoogleChrome]. @26-09-2021 01:54:50.0584 A

################################################################################################################################################
Starting Execution:	[76 out of 144] test cases in the current suite
Test Method:		[testPackage01.Test_dragAndDrop.dragAndDrop]
Test Description:	[TC001 - Test Drag and Drop function.]
################################################################################################################################################
[ReportManager] Target URL: [http://the-internet.herokuapp.com/drag_and_drop] @26-09-2021 01:54:50.0602 AM
[ReportManager] Initial URL: [data:,] @26-09-2021 01:54:50.0645 AM
[ReportManager] Browser Action [NavigateToURL] successfully performed. With the following test data [http://the-internet.herokuapp.com/drag_and_drop]. @26-09-2021 01:54:51.0026 AM
[ReportManager] Attempting Drag and Drop @26-09-2021 01:54:51.0027 AM
[ReportManager] Element Action [DragAndDrop] successfully performed. With the following test data [Start point: (32, 89), End point: (247, 89)]. @26-09-2021 01:54:52.0203 A
[ReportManager] Browser Action [CloseCurrentWindow] successfully performed. @26-09-2021 01:54:52.0295 AM
[ReportManager] Successfully created attachment [Browser Action Test Data - CloseCurrentWindow - Actual Value] @26-09-2021 01:54:52.0295 A
[ReportManager] File Action [GetAbsolutePath] successfully performed. With the following test data [Relative Folder Path: "target/downloadedFiles/"]. @26-09-2021 01:54:52.0300 AM
[ReportManager] Attempting to run remotely on: [Linux-64], [GoogleChrome], [http://localhost:4444/wd/hub], Headless Execution. @26-09-2021 01:54:52.0301 AM
[ReportManager] Successfully Opened [GoogleChrome]. @26-09-2021 01:54:52.0493 A

################################################################################################################################################
Starting Execution:	[77 out of 144] test cases in the current suite
Test Method:		[testPackage01.Test_dragAndDrop.dragAndDropByOffset]
Test Description:	[TC002 - Test Drag and Drop by offset function.]
################################################################################################################################################
[ReportManager] Target URL: [https://jqueryui.com/resources/demos/draggable/default.html] @26-09-2021 01:54:52.0505 AM
[ReportManager] Initial URL: [data:,] @26-09-2021 01:54:52.0547 AM
[ReportManager] Browser Action [NavigateToURL] successfully performed. With the following test data [https://jqueryui.com/resources/demos/draggable/default.html]. @26-09-2021 01:54:52.0889 AM
[ReportManager] Element Action [DragAndDropByOffset] successfully performed. With the following test data [Start point: (8, 8), End point: (108, 58)]. @26-09-2021 01:54:53.0059 A
[ReportManager] Browser Action [CloseCurrentWindow] successfully performed. @26-09-2021 01:54:53.0152 AM
[ReportManager] Successfully created attachment [Browser Action Test Data - CloseCurrentWindow - Actual Value] @26-09-2021 01:54:53.0152 A
[ReportManager] File Action [GetAbsolutePath] successfully performed. With the following test data [Relative Folder Path: "target/downloadedFiles/"]. @26-09-2021 01:54:53.0154 AM
[ReportManager] Attempting to run remotely on: [Linux-64], [GoogleChrome], [http://localhost:4444/wd/hub], Headless Execution. @26-09-2021 01:54:53.0154 AM
[ReportManager] Successfully Opened [GoogleChrome]. @26-09-2021 01:54:53.0360 A

################################################################################################################################################
Starting Execution:	[78 out of 144] test cases in the current suite
Test Method:		[testPackage01.Test_verifyEquals.test_assertElementAttribute]
################################################################################################################################################
[ReportManager] Target URL: [https://www.google.com/ncr], and after redirection: [https://www.google.com] @26-09-2021 01:54:53.0371 AM
[ReportManager] Initial URL: [data:,] @26-09-2021 01:54:53.0417 AM
[ReportManager] Browser Action [NavigateToURL] successfully performed. With the following test data [https://www.google.com/ncr]. @26-09-2021 01:54:54.0219 AM
[ReportManager] Element Action [Type] successfully performed. With the following test data [INC_004010050:Another SCHEDULER with the same name [Duplicate Job Name] already exists.]. @26-09-2021 01:54:54.0894 AM
[ReportManager] Element Action [GetText] successfully performed. With the following test data [INC_004010050:Another SCHEDULER with the same name [Duplicate Job Name] already exists.]. @26-09-2021 01:54:54.0977 AM
[ReportManager] Loaded Shared OpenCV @26-09-2021 01:54:55.0142 AM
[ReportManager] Verification [ValidateElementAttribute] PASSED. Expected [Value Should be 'INC_004010050:Another SCHEDULER with the same name \[Duplicate Job Name\] already exists.' for the 'text' attribute, element locator 'By.name: q'] and Actual [INC_004010050:Another SCHEDULER with the same name [Duplicate Job Name] already exists.]. Comparison Type [MATCHES]. Validation Type [POSITIVE]. @26-09-2021 01:54:55.0249 AM
[ReportManager] Successfully created attachment [Screenshot - 1632621295142_test_assertElementAttribute_ValidateElementAttribute_passed] @26-09-2021 01:54:55.0251 A
[ReportManager] Browser Action [CloseCurrentWindow] successfully performed. @26-09-2021 01:54:55.0373 AM
[ReportManager] Successfully created attachment [Browser Action Test Data - CloseCurrentWindow - Actual Value] @26-09-2021 01:54:55.0374 A
[ReportManager] Successfully loaded the following test data file [src/test/resources/TestDataFiles/testSuite01/TestData.xlsx]. @26-09-2021 01:54:55.0423 AM
[ReportManager] Successfully created attachment [Test Data - Excel] @26-09-2021 01:54:55.0423 AM
[ReportManager] Attempting to run using Playwright locally on: [Linux-64], [GoogleChrome], Headless Execution. @26-09-2021 01:55:09.0148 AM
[ReportManager] File Action [GetAbsolutePath] successfully performed. With the following test data [Relative Folder Path: "target/downloadedFiles/"]. @26-09-2021 01:55:09.0149 AM
[ReportManager] Initial window size: (1280, 720) @26-09-2021 01:55:09.0499 AM
[ReportManager] Window size after Toolkit: com.microsoft.playwright.options.ViewportSize@63b17d63 @26-09-2021 01:55:09.0503 AM
[ReportManager] Browser Action [MaximizeWindow] successfully performed. With the following test data [New screen size is now: (1920, 1080)]. @26-09-2021 01:55:09.0504 A

################################################################################################################################################
Starting Execution:	[79 out of 144] test cases in the current suite
Test Method:		[testPackage01.Test_google_playwright.navigateToURLandVerifyGoogleLogoIsDisplayed]
Test Description:	[TC001 - Navigate to URL and Verify Google Logo is Displayed]
################################################################################################################################################
[ReportManager] Target URL: [https://www.google.com/ncr], and after redirection: [https://www.google.com] @26-09-2021 01:55:09.0510 AM
[ReportManager] Initial URL: [about:blank] @26-09-2021 01:55:09.0983 AM
[ReportManager] Browser Action [NavigateToURL] successfully performed. With the following test data [https://www.google.com/ncr]. @26-09-2021 01:55:13.0598 AM
[ReportManager] Loaded Shared OpenCV @26-09-2021 01:55:13.0828 AM
[ReportManager] Assertion [ValidateElementExists] PASSED. Expected [Element Should Exist, locator 'xpath=//*[@id='hplogo' or @alt='Google']'] and Actual [Element Exists]. Comparison Type [EQUALS]. Validation Type [POSITIVE]. @26-09-2021 01:55:14.0096 AM
[ReportManager] Successfully created attachment [Screenshot - 1632621313825_navigateToURLandVerifyGoogleLogoIsDisplayed_ValidateElementExists_passed] @26-09-2021 01:55:14.0098 A

################################################################################################################################################
Starting Execution:	[80 out of 144] test cases in the current suite
Test Method:		[testPackage01.Test_google_playwright.searchForQueryandAssertResultsNumDisplayed]
Test Description:	[TC002 - Search for Query and Assert that the number of results is displayed]
################################################################################################################################################
[ReportManager] Element Action [Type] successfully performed. With the following test data [SHAFT_Engine]. @26-09-2021 01:55:14.0374 AM
[ReportManager] Element Action [KeyPress] successfully performed. With the following test data [Enter]. @26-09-2021 01:55:14.0417 AM
[ReportManager] Element Action [GetText] successfully performed. With the following test data [About 4,060,000 results (0.72 seconds) ]. @26-09-2021 01:55:15.0388 AM
[ReportManager] Loaded Shared OpenCV @26-09-2021 01:55:17.0919 AM
[ReportManager] Assertion [ValidateElementAttribute] PASSED. Expected [Value Should not be '' for the 'text' attribute, element locator 'xpath=//div[@id='appbar']'] and Actual [About 4,060,000 results (0.72 seconds) ]. Comparison Type [EQUALS]. Validation Type [NEGATIVE]. @26-09-2021 01:55:18.0308 AM
[ReportManager] Successfully created attachment [Screenshot - 1632621317916_searchForQueryandAssertResultsNumDisplayed_ValidateElementAttribute_passed] @26-09-2021 01:55:18.0311 A

################################################################################################################################################
Starting Execution:	[81 out of 144] test cases in the current suite
Test Method:		[testPackage01.Test_google_playwright.clickNextThrice]
Test Description:	[TC003 - Clicks the next button to make sure that the framework can scroll element into view before clicking it]
################################################################################################################################################
[ReportManager] Element Action [Click] successfully performed. With the following test data [Next]. @26-09-2021 01:55:18.0590 A
[ReportManager] Failed to find video recording. @26-09-2021 01:55:18.0593 AM
[ReportManager] Successfully Closed PlayWright Driver. @26-09-2021 01:55:18.0651 A

################################################################################################################################################
Starting Execution:	[82 out of 144] test cases in the current suite
Test Method:		[testPackage01.Test_JsonActions.f]
###############################################################################################################################################

################################################################################################################################################
Starting Execution:	[83 out of 144] test cases in the current suite
Test Method:		[testPackage01.Test_JsonActions.f2]
###############################################################################################################################################

################################################################################################################################################
Starting Execution:	[84 out of 144] test cases in the current suite
Test Method:		[testPackage01.Test_AssertApiResponseEquals.assertApiResponseEquals_expectedToPass]
################################################################################################################################################
[ReportManager] Response status code: [200], status line: [HTTP/1.1 200 OK] @26-09-2021 01:55:18.0730 AM
[ReportManager] Assertion Passed: Evaluating the actual response status code against the expected one... @26-09-2021 01:55:18.0730 AM
[ReportManager] Assertion [ValidateEquals] PASSED. Expected [200] and Actual [200]. Comparison Type [EQUALS]. Validation Type [POSITIVE]. @26-09-2021 01:55:18.0731 AM
[ReportManager] API Action [PerformRequest] successfully performed. With the following test data [Request Type: "GET" | Target Status Code: "200" | Service URL: "https://jsonplaceholder.typicode.com/users" | Content Type: "*/*" | Response Time: "51ms"]. @26-09-2021 01:55:18.0747 AM
[ReportManager] Successfully created attachment [API Request - Specifications] @26-09-2021 01:55:18.0748 AM
[ReportManager] Successfully created attachment [API Response - JSON Body] @26-09-2021 01:55:18.0748 AM
[ReportManager] API Action [GetResponseJSONValueAsList] successfully performed. With the following test data [$]. @26-09-2021 01:55:18.0751 AM
[ReportManager] API Action [GetResponseJSONValue] successfully performed. With the following test data [name]. @26-09-2021 01:55:18.0760 AM
[ReportManager] API Action [GetResponseJSONValue] successfully performed. With the following test data [email]. @26-09-2021 01:55:18.0767 AM
[ReportManager] Verification [ValidateEquals] PASSED. Expected [Sincere@april.biz] and Actual [Sincere@april.biz]. Comparison Type [EQUALS]. Validation Type [POSITIVE]. @26-09-2021 01:55:18.0767 AM
[ReportManager] API Action [GetResponseJSONValue] successfully performed. With the following test data [username]. @26-09-2021 01:55:18.0775 AM
[ReportManager] Assertion [ValidateEquals] PASSED. Expected [Bret] and Actual [Bret]. Comparison Type [EQUALS]. Validation Type [POSITIVE]. @26-09-2021 01:55:18.0775 AM
[ReportManager] API Action [GetResponseJSONValue] successfully performed. With the following test data [name]. @26-09-2021 01:55:18.0782 AM
[ReportManager] API Action [GetResponseJSONValue] successfully performed. With the following test data [name]. @26-09-2021 01:55:18.0789 AM
[ReportManager] API Action [GetResponseJSONValue] successfully performed. With the following test data [name]. @26-09-2021 01:55:18.0797 AM
[ReportManager] API Action [GetResponseJSONValue] successfully performed. With the following test data [name]. @26-09-2021 01:55:18.0804 AM
[ReportManager] API Action [GetResponseJSONValue] successfully performed. With the following test data [name]. @26-09-2021 01:55:18.0811 AM
[ReportManager] API Action [GetResponseJSONValue] successfully performed. With the following test data [name]. @26-09-2021 01:55:18.0819 AM
[ReportManager] API Action [GetResponseJSONValue] successfully performed. With the following test data [name]. @26-09-2021 01:55:18.0827 AM
[ReportManager] API Action [GetResponseJSONValue] successfully performed. With the following test data [name]. @26-09-2021 01:55:18.0835 AM
[ReportManager] API Action [GetResponseJSONValue] successfully performed. With the following test data [name]. @26-09-2021 01:55:18.0856 A
[ReportManager] File Action [GetAbsolutePath] successfully performed. With the following test data [Relative Folder Path: "target/downloadedFiles/"]. @26-09-2021 01:55:18.0858 AM
[ReportManager] Attempting to run remotely on: [Linux-64], [GoogleChrome], [http://localhost:4444/wd/hub], Headless Execution. @26-09-2021 01:55:18.0858 AM
[ReportManager] Successfully Opened [GoogleChrome]. @26-09-2021 01:55:19.0149 A

################################################################################################################################################
Starting Execution:	[85 out of 144] test cases in the current suite
Test Method:		[testPackage01.Test_ShadowDOM.shadowdom]
################################################################################################################################################
[ReportManager] Target URL: [https://mdn.github.io/web-components-examples/popup-info-box-web-component/] @26-09-2021 01:55:19.0172 AM
[ReportManager] Initial URL: [data:,] @26-09-2021 01:55:19.0213 AM
[ReportManager] Browser Action [NavigateToURL] successfully performed. With the following test data [https://mdn.github.io/web-components-examples/popup-info-box-web-component/]. @26-09-2021 01:55:19.0442 AM
[ReportManager] Element Action [Type] successfully performed. With the following test data [Typing into SHADOW DOM...]. @26-09-2021 01:55:19.0714 AM
[ReportManager] Element Action [GetText] successfully performed. With the following test data [Typing into SHADOW DOM...]. @26-09-2021 01:55:19.0812 AM
[ReportManager] Loaded Shared OpenCV @26-09-2021 01:55:19.0936 AM
[ReportManager] Assertion [ValidateElementAttribute] PASSED. Expected [Value Should be 'Typing into SHADOW DOM...' for the 'Text' attribute, element locator 'By.id: cvc'] and Actual [Typing into SHADOW DOM...]. Comparison Type [EQUALS]. Validation Type [POSITIVE]. @26-09-2021 01:55:20.0041 AM
[ReportManager] Successfully created attachment [Screenshot - 1632621319936_shadowdom_ValidateElementAttribute_passed] @26-09-2021 01:55:20.0042 A
[ReportManager] Browser Action [CloseCurrentWindow] successfully performed. @26-09-2021 01:55:20.0127 AM
[ReportManager] Successfully created attachment [Browser Action Test Data - CloseCurrentWindow - Actual Value] @26-09-2021 01:55:20.0128 A

################################################################################################################################################
Starting Execution:	[86 out of 144] test cases in the current suite
Test Method:		[testPackage01.Test_SelectedValue.multipleSelect]
################################################################################################################################################
[ReportManager] File Action [GetAbsolutePath] successfully performed. With the following test data [Relative Folder Path: "target/downloadedFiles/"]. @26-09-2021 01:55:20.0146 AM
[ReportManager] Attempting to run remotely on: [Linux-64], [GoogleChrome], [http://localhost:4444/wd/hub], Headless Execution. @26-09-2021 01:55:20.0148 AM
[ReportManager] Successfully Opened [GoogleChrome]. @26-09-2021 01:55:20.0428 AM
[ReportManager] Target URL: [https://yari-demos.prod.mdn.mozit.cloud/en-US/docs/Web/HTML/Element/select/_sample_.Advanced_select_with_multiple_features.html] @26-09-2021 01:55:20.0442 AM
[ReportManager] Initial URL: [data:,] @26-09-2021 01:55:20.0501 AM
[ReportManager] Browser Action [NavigateToURL] successfully performed. With the following test data [https://yari-demos.prod.mdn.mozit.cloud/en-US/docs/Web/HTML/Element/select/_sample_.Advanced_select_with_multiple_features.html]. @26-09-2021 01:55:20.0812 AM
[ReportManager] Element Action [Select] successfully performed. With the following test data [Dog]. @26-09-2021 01:55:21.0096 AM
[ReportManager] Element Action [Select] successfully performed. With the following test data [Cat]. @26-09-2021 01:55:21.0358 AM
[ReportManager] Element Action [GetSelectedText] successfully performed. With the following test data [DogCat]. @26-09-2021 01:55:21.0532 AM
[ReportManager] DogCat @26-09-2021 01:55:21.0533 AM
[ReportManager] Element Action [GetSelectedText] successfully performed. With the following test data [DogCat]. @26-09-2021 01:55:21.0679 AM
[ReportManager] Loaded Shared OpenCV @26-09-2021 01:55:21.0801 AM
[ReportManager] Assertion [ValidateElementAttribute] PASSED. Expected [Value Should be 'DogCat' for the 'selectedText' attribute, element locator 'By.tagName: select'] and Actual [DogCat]. Comparison Type [EQUALS]. Validation Type [POSITIVE]. @26-09-2021 01:55:21.0899 AM
[ReportManager] Successfully created attachment [Screenshot - 1632621321801_multipleSelect_ValidateElementAttribute_passed] @26-09-2021 01:55:21.0900 AM
[ReportManager] Browser Action [CloseCurrentWindow] successfully performed. @26-09-2021 01:55:21.0995 AM
[ReportManager] Successfully created attachment [Browser Action Test Data - CloseCurrentWindow - Actual Value] @26-09-2021 01:55:21.0995 A

################################################################################################################################################
Starting Execution:	[87 out of 144] test cases in the current suite
Test Method:		[testPackage01.Test_SelectedValue.simpleSelect]
################################################################################################################################################
[ReportManager] File Action [GetAbsolutePath] successfully performed. With the following test data [Relative Folder Path: "target/downloadedFiles/"]. @26-09-2021 01:55:22.0001 AM
[ReportManager] Attempting to run remotely on: [Linux-64], [GoogleChrome], [http://localhost:4444/wd/hub], Headless Execution. @26-09-2021 01:55:22.0006 AM
[ReportManager] Successfully Opened [GoogleChrome]. @26-09-2021 01:55:22.0278 AM
[ReportManager] Target URL: [https://yari-demos.prod.mdn.mozit.cloud/en-US/docs/Web/HTML/Element/select/_sample_.Basic_select.html] @26-09-2021 01:55:22.0291 AM
[ReportManager] Initial URL: [data:,] @26-09-2021 01:55:22.0337 AM
[ReportManager] Browser Action [NavigateToURL] successfully performed. With the following test data [https://yari-demos.prod.mdn.mozit.cloud/en-US/docs/Web/HTML/Element/select/_sample_.Basic_select.html]. @26-09-2021 01:55:22.0942 AM
[ReportManager] Element Action [Select] successfully performed. With the following test data [Third Value]. @26-09-2021 01:55:23.0285 AM
[ReportManager] Element Action [GetSelectedText] successfully performed. With the following test data [Third Value]. @26-09-2021 01:55:23.0396 AM
[ReportManager] Third Value @26-09-2021 01:55:23.0396 AM
[ReportManager] Element Action [GetSelectedText] successfully performed. With the following test data [Third Value]. @26-09-2021 01:55:23.0489 AM
[ReportManager] Loaded Shared OpenCV @26-09-2021 01:55:23.0598 AM
[ReportManager] Assertion [ValidateElementAttribute] PASSED. Expected [Value Should be 'Third Value' for the 'selectedText' attribute, element locator 'By.tagName: select'] and Actual [Third Value]. Comparison Type [EQUALS]. Validation Type [POSITIVE]. @26-09-2021 01:55:23.0694 AM
[ReportManager] Successfully created attachment [Screenshot - 1632621323598_simpleSelect_ValidateElementAttribute_passed] @26-09-2021 01:55:23.0694 AM
[ReportManager] Browser Action [CloseCurrentWindow] successfully performed. @26-09-2021 01:55:23.0776 AM
[ReportManager] Successfully created attachment [Browser Action Test Data - CloseCurrentWindow - Actual Value] @26-09-2021 01:55:23.0776 A
[ReportManager] File Action [GetAbsolutePath] successfully performed. With the following test data [Relative Folder Path: "target/downloadedFiles/"]. @26-09-2021 01:55:23.0782 AM
[ReportManager] Attempting to run remotely on: [Linux-64], [GoogleChrome], [http://localhost:4444/wd/hub], Headless Execution. @26-09-2021 01:55:23.0782 AM
[ReportManager] Successfully Opened [GoogleChrome]. @26-09-2021 01:55:24.0029 A

################################################################################################################################################
Starting Execution:	[88 out of 144] test cases in the current suite
Test Method:		[testPackage01.Test_IsElementClickable.testIsElementClickable]
################################################################################################################################################
[ReportManager] Target URL: [https://the-internet.herokuapp.com/] @26-09-2021 01:55:24.0063 AM
[ReportManager] Initial URL: [data:,] @26-09-2021 01:55:24.0106 AM
[ReportManager] Browser Action [NavigateToURL] successfully performed. With the following test data [https://the-internet.herokuapp.com/]. @26-09-2021 01:55:24.0613 AM
[ReportManager] Element Action [IsElementClickable] successfully performed. @26-09-2021 01:55:24.0766 AM
[ReportManager] Assertion [ValidateTrue] PASSED. Expected [TRUE] and Actual [TRUE]. Validation Type [POSITIVE]. @26-09-2021 01:55:24.0766 A
[ReportManager] Browser Action [CloseCurrentWindow] successfully performed. @26-09-2021 01:55:24.0870 AM
[ReportManager] Successfully created attachment [Browser Action Test Data - CloseCurrentWindow - Actual Value] @26-09-2021 01:55:24.0870 A
[ReportManager] File Action [GetAbsolutePath] successfully performed. With the following test data [Relative Folder Path: "target/downloadedFiles/"]. @26-09-2021 01:55:24.0872 AM
[ReportManager] Attempting to run remotely on: [Linux-64], [GoogleChrome], [http://localhost:4444/wd/hub], Headless Execution. @26-09-2021 01:55:24.0872 AM
[ReportManager] Successfully Opened [GoogleChrome]. @26-09-2021 01:55:25.0072 A

################################################################################################################################################
Starting Execution:	[89 out of 144] test cases in the current suite
Test Method:		[testPackage01.Test_clipboardActions.typeTextAndCopyPaste]
################################################################################################################################################
[ReportManager] Target URL: [https://www.google.com/ncr], and after redirection: [https://www.google.com] @26-09-2021 01:55:25.0085 AM
[ReportManager] Initial URL: [data:,] @26-09-2021 01:55:25.0133 AM
[ReportManager] Browser Action [NavigateToURL] successfully performed. With the following test data [https://www.google.com/ncr]. @26-09-2021 01:55:25.0921 AM
[ReportManager] Element Action [Type] successfully performed. With the following test data [FIRST]. @26-09-2021 01:55:26.0255 AM
[ReportManager] Element Action [ClipboardActions] successfully performed. With the following test data [select all]. @26-09-2021 01:55:26.0312 AM
[ReportManager] Element Action [ClipboardActions] successfully performed. With the following test data [copy]. @26-09-2021 01:55:26.0360 AM
[ReportManager] Element Action [ClipboardActions] successfully performed. With the following test data [unselect]. @26-09-2021 01:55:26.0414 AM
[ReportManager] Element Action [ClipboardActions] successfully performed. With the following test data [paste]. @26-09-2021 01:55:26.0481 AM
[ReportManager] Element Action [ClipboardActions] successfully performed. With the following test data [select all]. @26-09-2021 01:55:26.0530 AM
[ReportManager] Element Action [Type] successfully performed. @26-09-2021 01:55:26.0744 AM
[ReportManager] Element Action [ClipboardActions] successfully performed. With the following test data [cut]. @26-09-2021 01:55:26.0744 AM
[ReportManager] Element Action [ClipboardActions] successfully performed. With the following test data [paste]. @26-09-2021 01:55:26.0809 AM
[ReportManager] Element Action [ClipboardActions] successfully performed. With the following test data [paste]. @26-09-2021 01:55:26.0887 A
[ReportManager] Browser Action [CloseCurrentWindow] successfully performed. @26-09-2021 01:55:27.0062 AM
[ReportManager] Successfully created attachment [Browser Action Test Data - CloseCurrentWindow - Actual Value] @26-09-2021 01:55:27.0078 A
[ReportManager] File Action [GetAbsolutePath] successfully performed. With the following test data [Relative Folder Path: "target/downloadedFiles/"]. @26-09-2021 01:55:27.0081 AM
[ReportManager] Attempting to run remotely on: [Linux-64], [GoogleChrome], [http://localhost:4444/wd/hub], Headless Execution. @26-09-2021 01:55:27.0081 AM
[ReportManager] Successfully Opened [GoogleChrome]. @26-09-2021 01:55:27.0321 A

################################################################################################################################################
Starting Execution:	[90 out of 144] test cases in the current suite
Test Method:		[testPackage01.Test_dynamicLoading.dynamicLoading_elementIsHidden]
################################################################################################################################################
[ReportManager] Target URL: [https://the-internet.herokuapp.com/dynamic_loading/1] @26-09-2021 01:55:27.0332 AM
[ReportManager] Initial URL: [data:,] @26-09-2021 01:55:27.0373 AM
[ReportManager] Browser Action [NavigateToURL] successfully performed. With the following test data [https://the-internet.herokuapp.com/dynamic_loading/1]. @26-09-2021 01:55:27.0717 AM
[ReportManager] Element Action [Click] successfully performed. With the following test data [Start]. @26-09-2021 01:55:28.0016 AM
[ReportManager] Element Action [GetText] successfully performed. With the following test data [
    Hello World!
  ]. @26-09-2021 01:55:28.0110 AM
[ReportManager] Loaded Shared OpenCV @26-09-2021 01:55:28.0247 AM
[ReportManager] Assertion [ValidateElementAttribute] PASSED. Expected [Value Should be 'Hello World!' for the 'text' attribute, element locator 'By.id: finish'] and Actual [
    Hello World!
  ]. Comparison Type [CONTAINS]. Validation Type [POSITIVE]. @26-09-2021 01:55:28.0342 AM
[ReportManager] Successfully created attachment [Screenshot - 1632621328247_dynamicLoading_elementIsHidden_ValidateElementAttribute_passed] @26-09-2021 01:55:28.0343 A
[ReportManager] Browser Action [CloseCurrentWindow] successfully performed. @26-09-2021 01:55:28.0459 AM
[ReportManager] Successfully created attachment [Browser Action Test Data - CloseCurrentWindow - Actual Value] @26-09-2021 01:55:28.0460 A
[ReportManager] File Action [GetAbsolutePath] successfully performed. With the following test data [Relative Folder Path: "target/downloadedFiles/"]. @26-09-2021 01:55:28.0461 AM
[ReportManager] Attempting to run remotely on: [Linux-64], [GoogleChrome], [http://localhost:4444/wd/hub], Headless Execution. @26-09-2021 01:55:28.0461 AM
[ReportManager] Successfully Opened [GoogleChrome]. @26-09-2021 01:55:28.0666 A

################################################################################################################################################
Starting Execution:	[91 out of 144] test cases in the current suite
Test Method:		[testPackage01.Test_dynamicLoading.dynamicLoading_elementIsRendered]
################################################################################################################################################
[ReportManager] Target URL: [https://the-internet.herokuapp.com/dynamic_loading/2] @26-09-2021 01:55:28.0685 AM
[ReportManager] Initial URL: [data:,] @26-09-2021 01:55:28.0725 AM
[ReportManager] Browser Action [NavigateToURL] successfully performed. With the following test data [https://the-internet.herokuapp.com/dynamic_loading/2]. @26-09-2021 01:55:29.0076 AM
[ReportManager] Element Action [Click] successfully performed. With the following test data [Start]. @26-09-2021 01:55:29.0361 AM
[ReportManager] Element Action [GetText] successfully performed. With the following test data [Hello World!]. @26-09-2021 01:55:34.0529 AM
[ReportManager] Loaded Shared OpenCV @26-09-2021 01:55:34.0674 AM
[ReportManager] Assertion [ValidateElementAttribute] PASSED. Expected [Value Should be 'Hello World!' for the 'text' attribute, element locator 'By.id: finish'] and Actual [Hello World!]. Comparison Type [CONTAINS]. Validation Type [POSITIVE]. @26-09-2021 01:55:34.0765 AM
[ReportManager] Successfully created attachment [Screenshot - 1632621334674_dynamicLoading_elementIsRendered_ValidateElementAttribute_passed] @26-09-2021 01:55:34.0765 A
[ReportManager] Browser Action [CloseCurrentWindow] successfully performed. @26-09-2021 01:55:34.0854 AM
[ReportManager] Successfully created attachment [Browser Action Test Data - CloseCurrentWindow - Actual Value] @26-09-2021 01:55:34.0855 A

################################################################################################################################################
Starting Execution:	[92 out of 144] test cases in the current suite
Test Method:		[testPackage01.Test_JsonCompareWithSpecialCharacters.specialCharacters]
################################################################################################################################################
[ReportManager] File Action [GetAbsolutePath] successfully performed. With the following test data [Relative Folder Path: "src/test/resources/TestJsonFiles/specialCharacters.json"]. @26-09-2021 01:55:34.0861 AM
[ReportManager] File Action [ReadFromFile] successfully performed. With the following test data [File Path: "/home/runner/work/SHAFT_ENGINE/SHAFT_ENGINE/src/test/resources/TestJsonFiles/specialCharacters.json"]. @26-09-2021 01:55:34.0867 AM
[ReportManager] Successfully created attachment [File Action Actual Result - Command Log] @26-09-2021 01:55:34.0868 AM
[ReportManager] Comparing the provided API response with the file at this path "src/test/resources/TestJsonFiles/specialCharacters.json", comparison type "EQUALS" @26-09-2021 01:55:34.0868 AM
[ReportManager] API Action [CompareJSON] successfully performed. With the following test data [src/test/resources/TestJsonFiles/specialCharacters.json]. @26-09-2021 01:55:34.0879 AM
[ReportManager] File Action [GetAbsolutePath] successfully performed. With the following test data [Relative Folder Path: "src/test/resources/TestJsonFiles/specialCharacters.json"]. @26-09-2021 01:55:34.0879 AM
[ReportManager] File Action [ReadFromFile] successfully performed. With the following test data [File Path: "/home/runner/work/SHAFT_ENGINE/SHAFT_ENGINE/src/test/resources/TestJsonFiles/specialCharacters.json"]. @26-09-2021 01:55:34.0879 AM
[ReportManager] Verification [ValidateJSONFileContent] PASSED. Expected [Response data should match the JSON File in this path 'src/test/resources/TestJsonFiles/specialCharacters.json'] and Actual [TRUE]. Comparison Type [EQUALS]. Validation Type [POSITIVE]. @26-09-2021 01:55:34.0893 AM
[ReportManager] Successfully created attachment [Validation Test Data - Expected JSON Value] @26-09-2021 01:55:34.0894 AM
[ReportManager] Successfully created attachment [Validation Test Data - Actual JSON Value] @26-09-2021 01:55:34.0895 A

################################################################################################################################################
Starting Execution:	[93 out of 144] test cases in the current suite
Test Method:		[testPackage01.Test_JsonCompareWithSpecialCharacters.specialCharacters_assertion]
################################################################################################################################################
[ReportManager] File Action [GetAbsolutePath] successfully performed. With the following test data [Relative Folder Path: "src/test/resources/TestJsonFiles/specialCharacters.json"]. @26-09-2021 01:55:34.0899 AM
[ReportManager] File Action [ReadFromFile] successfully performed. With the following test data [File Path: "/home/runner/work/SHAFT_ENGINE/SHAFT_ENGINE/src/test/resources/TestJsonFiles/specialCharacters.json"]. @26-09-2021 01:55:34.0899 AM
[ReportManager] Successfully created attachment [File Action Actual Result - Command Log] @26-09-2021 01:55:34.0899 AM
[ReportManager] Comparing the provided API response with the file at this path "src/test/resources/TestJsonFiles/specialCharacters.json", comparison type "CONTAINS" @26-09-2021 01:55:34.0901 AM
[ReportManager] API Action [CompareJSON] successfully performed. With the following test data [src/test/resources/TestJsonFiles/specialCharacters.json]. @26-09-2021 01:55:34.0915 AM
[ReportManager] File Action [GetAbsolutePath] successfully performed. With the following test data [Relative Folder Path: "src/test/resources/TestJsonFiles/specialCharacters.json"]. @26-09-2021 01:55:34.0915 AM
[ReportManager] File Action [ReadFromFile] successfully performed. With the following test data [File Path: "/home/runner/work/SHAFT_ENGINE/SHAFT_ENGINE/src/test/resources/TestJsonFiles/specialCharacters.json"]. @26-09-2021 01:55:34.0915 AM
[ReportManager] Assertion Passed: trying out the log message @26-09-2021 01:55:34.0919 AM
[ReportManager] Successfully created attachment [Validation Test Data - Expected JSON Value] @26-09-2021 01:55:34.0919 AM
[ReportManager] Successfully created attachment [Validation Test Data - Actual JSON Value] @26-09-2021 01:55:34.0919 AM
[ReportManager] Assertion [ValidateJSONFileContent] PASSED. Expected [Response data should match the JSON File in this path 'src/test/resources/TestJsonFiles/specialCharacters.json'] and Actual [TRUE]. Comparison Type [CONTAINS]. Validation Type [POSITIVE]. @26-09-2021 01:55:34.0919 A
[ReportManager] File Action [GetAbsolutePath] successfully performed. With the following test data [Relative Folder Path: "target/downloadedFiles/"]. @26-09-2021 01:55:34.0922 AM
[ReportManager] Attempting to run remotely on: [Linux-64], [GoogleChrome], [http://localhost:4444/wd/hub], Headless Execution. @26-09-2021 01:55:34.0922 AM
[ReportManager] Successfully Opened [GoogleChrome]. @26-09-2021 01:55:35.0111 A

################################################################################################################################################
Starting Execution:	[94 out of 144] test cases in the current suite
Test Method:		[testPackage01.Test_uploadFile.uploadFile_invisibleUploadInput]
################################################################################################################################################
[ReportManager] Target URL: [https://fineuploader.com/demos.html#gallery-view] @26-09-2021 01:55:35.0135 AM
[ReportManager] Initial URL: [data:,] @26-09-2021 01:55:35.0185 AM
[ReportManager] Browser Action [NavigateToURL] successfully performed. With the following test data [https://fineuploader.com/demos.html#gallery-view]. @26-09-2021 01:55:36.0699 AM
[ReportManager] File Action [GetAbsolutePath] successfully performed. With the following test data [Relative File Path: "src/main/resources/images/shaft.png"]. @26-09-2021 01:55:36.0700 AM
[ReportManager] Successfully created attachment [File Action Actual Result - Command Log] @26-09-2021 01:55:36.0700 AM
[ReportManager] Element Action [TypeFileLocationForUpload] successfully performed. With the following test data [/home/runner/work/SHAFT_ENGINE/SHAFT_ENGINE/src/main/resources/images/shaft.png]. @26-09-2021 01:55:36.0910 AM
[ReportManager] Attempting to getAttribute [src] from elementLocator [By.xpath: //div[@id='fine-uploader-gallery']//div[@class='qq-thumbnail-wrapper']/img]. @26-09-2021 01:55:36.0911 AM
[ReportManager] Element Action [GetAttribute] successfully performed. @26-09-2021 01:55:37.0014 AM
[ReportManager] Successfully created attachment [Element Action Test Data - GetAttribute - Actual Value] @26-09-2021 01:55:37.0015 AM
[ReportManager] Loaded Shared OpenCV @26-09-2021 01:55:37.0150 AM
[ReportManager] Assertion [ValidateElementAttribute] PASSED. Expected and Actual values are attached. Comparison Type [CONTAINS]. Validation Type [POSITIVE]. @26-09-2021 01:55:37.0235 AM
[ReportManager] Successfully created attachment [Validation Test Data - Expected Value] @26-09-2021 01:55:37.0235 AM
[ReportManager] Successfully created attachment [Validation Test Data - Actual Value] @26-09-2021 01:55:37.0235 AM
[ReportManager] Successfully created attachment [Screenshot - 1632621337150_uploadFile_invisibleUploadInput_ValidateElementAttribute_passed] @26-09-2021 01:55:37.0236 A
[ReportManager] Browser Action [CloseCurrentWindow] successfully performed. @26-09-2021 01:55:37.0378 AM
[ReportManager] Successfully created attachment [Browser Action Test Data - CloseCurrentWindow - Actual Value] @26-09-2021 01:55:37.0378 A
[ReportManager] File Action [GetAbsolutePath] successfully performed. With the following test data [Relative Folder Path: "target/downloadedFiles/"]. @26-09-2021 01:55:37.0384 AM
[ReportManager] Attempting to run remotely on: [Linux-64], [GoogleChrome], [http://localhost:4444/wd/hub], Headless Execution. @26-09-2021 01:55:37.0384 AM
[ReportManager] Successfully Opened [GoogleChrome]. @26-09-2021 01:55:37.0573 A

################################################################################################################################################
Starting Execution:	[95 out of 144] test cases in the current suite
Test Method:		[testPackage01.Test_uploadFile.uploadFile_visibleUploadInput]
################################################################################################################################################
[ReportManager] Target URL: [http://demo.guru99.com/test/upload/] @26-09-2021 01:55:37.0588 AM
[ReportManager] Initial URL: [data:,] @26-09-2021 01:55:37.0627 AM
[ReportManager] Browser Action [NavigateToURL] successfully performed. With the following test data [http://demo.guru99.com/test/upload/]. @26-09-2021 01:55:38.0479 AM
[ReportManager] File Action [GetAbsolutePath] successfully performed. With the following test data [Relative File Path: "src/main/resources/images/shaft.png"]. @26-09-2021 01:55:38.0479 AM
[ReportManager] Successfully created attachment [File Action Actual Result - Command Log] @26-09-2021 01:55:38.0479 AM
[ReportManager] Element Action [TypeFileLocationForUpload] successfully performed. With the following test data [/home/runner/work/SHAFT_ENGINE/SHAFT_ENGINE/src/main/resources/images/shaft.png]. @26-09-2021 01:55:38.0636 AM
[ReportManager] Element Action [Click] successfully performed. With the following test data [on]. @26-09-2021 01:55:38.0944 AM
[ReportManager] Element Action [Click] successfully performed. With the following test data [Submit File]. @26-09-2021 01:55:39.0234 AM
[ReportManager] Element Action [GetText] successfully performed. With the following test data [1 file
has been successfully uploaded.]. @26-09-2021 01:55:39.0863 AM
[ReportManager] Loaded Shared OpenCV @26-09-2021 01:55:39.0990 AM
[ReportManager] Assertion [ValidateElementAttribute] PASSED. Expected [Value Should be '1 file' for the 'Text' attribute, element locator 'By.id: res'] and Actual [1 file
has been successfully uploaded.]. Comparison Type [CONTAINS]. Validation Type [POSITIVE]. @26-09-2021 01:55:40.0078 AM
[ReportManager] Successfully created attachment [Screenshot - 1632621339990_uploadFile_visibleUploadInput_ValidateElementAttribute_passed] @26-09-2021 01:55:40.0079 A
[ReportManager] Browser Action [CloseCurrentWindow] successfully performed. @26-09-2021 01:55:40.0202 AM
[ReportManager] Successfully created attachment [Browser Action Test Data - CloseCurrentWindow - Actual Value] @26-09-2021 01:55:40.0202 A
[ReportManager] File Action [GetAbsolutePath] successfully performed. With the following test data [Relative Folder Path: "target/downloadedFiles/"]. @26-09-2021 01:55:40.0205 AM
[ReportManager] Attempting to run remotely on: [Linux-64], [GoogleChrome], [http://localhost:4444/wd/hub], Headless Execution. @26-09-2021 01:55:40.0205 AM
[ReportManager] Successfully Opened [GoogleChrome]. @26-09-2021 01:55:40.0401 A

################################################################################################################################################
Starting Execution:	[96 out of 144] test cases in the current suite
Test Method:		[testPackage01.Test_assertEquals.test_assertElementAttribute]
################################################################################################################################################
[ReportManager] Target URL: [https://www.google.com/ncr], and after redirection: [https://www.google.com] @26-09-2021 01:55:40.0417 AM
[ReportManager] Initial URL: [data:,] @26-09-2021 01:55:40.0455 AM
[ReportManager] Browser Action [NavigateToURL] successfully performed. With the following test data [https://www.google.com/ncr]. @26-09-2021 01:55:41.0270 AM
[ReportManager] Element Action [Type] successfully performed. With the following test data [INC_004010050:Another SCHEDULER with the same name [Duplicate Job Name] already exists.]. @26-09-2021 01:55:41.0972 AM
[ReportManager] Element Action [GetText] successfully performed. With the following test data [INC_004010050:Another SCHEDULER with the same name [Duplicate Job Name] already exists.]. @26-09-2021 01:55:42.0057 AM
[ReportManager] Loaded Shared OpenCV @26-09-2021 01:55:42.0228 AM
[ReportManager] Assertion [ValidateElementAttribute] PASSED. Expected [Value Should be 'INC_004010050:Another SCHEDULER with the same name \[Duplicate Job Name\] already exists.' for the 'text' attribute, element locator 'By.name: q'] and Actual [INC_004010050:Another SCHEDULER with the same name [Duplicate Job Name] already exists.]. Comparison Type [MATCHES]. Validation Type [POSITIVE]. @26-09-2021 01:55:42.0316 AM
[ReportManager] Successfully created attachment [Screenshot - 1632621342228_test_assertElementAttribute_ValidateElementAttribute_passed] @26-09-2021 01:55:42.0318 A
[ReportManager] Browser Action [CloseCurrentWindow] successfully performed. @26-09-2021 01:55:42.0435 AM
[ReportManager] Successfully created attachment [Browser Action Test Data - CloseCurrentWindow - Actual Value] @26-09-2021 01:55:42.0436 A

################################################################################################################################################
Starting Execution:	[97 out of 144] test cases in the current suite
Test Method:		[testPackage01.Test_NewValidationHelper.f1]
################################################################################################################################################
[ReportManager] Assertion Passed: Checking valid user data @26-09-2021 01:55:42.0443 AM
[ReportManager] Successfully created attachment [Validation Test Data - Expected Value] @26-09-2021 01:55:42.0443 AM
[ReportManager] Successfully created attachment [Validation Test Data - Actual Value] @26-09-2021 01:55:42.0444 AM
[ReportManager] Assertion [ValidateEquals] PASSED. Expected and Actual values are attached. Comparison Type [EQUALS]. Validation Type [POSITIVE]. @26-09-2021 01:55:42.0444 A
[ReportManager] File Action [GetAbsolutePath] successfully performed. With the following test data [Relative Folder Path: "target/downloadedFiles/"]. @26-09-2021 01:55:42.0447 AM
[ReportManager] Attempting to run remotely on: [Linux-64], [GoogleChrome], [http://localhost:4444/wd/hub], Headless Execution. @26-09-2021 01:55:42.0448 AM
[ReportManager] Successfully Opened [GoogleChrome]. @26-09-2021 01:55:42.0638 AM
[ReportManager] Target URL: [https://the-internet.herokuapp.com/] @26-09-2021 01:55:42.0647 AM
[ReportManager] Initial URL: [data:,] @26-09-2021 01:55:42.0687 AM
[ReportManager] Browser Action [NavigateToURL] successfully performed. With the following test data [https://the-internet.herokuapp.com/]. @26-09-2021 01:55:43.0067 A

################################################################################################################################################
Starting Execution:	[98 out of 144] test cases in the current suite
Test Method:		[testPackage01.Test_NewValidationHelper.f10]
################################################################################################################################################
[ReportManager] Assertion [ValidateElementExists] FAILED. Expected [Element Should Exist, locator 'By.tagName: div'] and Actual [Element Exists but is not unique]. Comparison Type [EQUALS]. Validation Type [POSITIVE]. @26-09-2021 01:55:43.0327 AM
[ReportManager] Successfully created attachment [Screenshot - 1632621343256_f10_ValidateElementExists_failed] @26-09-2021 01:55:43.0328 A
[ReportManager] Successfully Closed All Drivers. @26-09-2021 01:55:43.0402 A
[ReportManager] File Action [GetAbsolutePath] successfully performed. With the following test data [Relative Folder Path: "target/downloadedFiles/"]. @26-09-2021 01:55:43.0405 AM
[ReportManager] Attempting to run remotely on: [Linux-64], [GoogleChrome], [http://localhost:4444/wd/hub], Headless Execution. @26-09-2021 01:55:43.0405 AM
[ReportManager] Successfully Opened [GoogleChrome]. @26-09-2021 01:55:43.0611 AM
[ReportManager] Target URL: [https://the-internet.herokuapp.com/] @26-09-2021 01:55:43.0622 AM
[ReportManager] Initial URL: [data:,] @26-09-2021 01:55:43.0660 AM
[ReportManager] Browser Action [NavigateToURL] successfully performed. With the following test data [https://the-internet.herokuapp.com/]. @26-09-2021 01:55:44.0017 A

################################################################################################################################################
Starting Execution:	[99 out of 144] test cases in the current suite
Test Method:		[testPackage01.Test_NewValidationHelper.f11]
################################################################################################################################################
[ReportManager] Assertion Passed: Checking that false tag doesn't exist @26-09-2021 01:55:54.0415 AM
[ReportManager] Successfully created attachment [Screenshot - 1632621354336_f11_ValidateElementExists_passed] @26-09-2021 01:55:54.0416 AM
[ReportManager] Assertion [ValidateElementExists] PASSED. Expected [Element Should not Exist, locator 'By.tagName: h3'] and Actual [Element Doesn't Exists]. Comparison Type [EQUALS]. Validation Type [NEGATIVE]. @26-09-2021 01:55:54.0416 A
[ReportManager] Successfully Closed All Drivers. @26-09-2021 01:55:54.0489 A
[ReportManager] File Action [GetAbsolutePath] successfully performed. With the following test data [Relative Folder Path: "target/downloadedFiles/"]. @26-09-2021 01:55:54.0491 AM
[ReportManager] Attempting to run remotely on: [Linux-64], [GoogleChrome], [http://localhost:4444/wd/hub], Headless Execution. @26-09-2021 01:55:54.0491 AM
[ReportManager] Successfully Opened [GoogleChrome]. @26-09-2021 01:55:54.0684 AM
[ReportManager] Target URL: [https://the-internet.herokuapp.com/] @26-09-2021 01:55:54.0705 AM
[ReportManager] Initial URL: [data:,] @26-09-2021 01:55:54.0742 AM
[ReportManager] Browser Action [NavigateToURL] successfully performed. With the following test data [https://the-internet.herokuapp.com/]. @26-09-2021 01:55:55.0117 A

################################################################################################################################################
Starting Execution:	[100 out of 144] test cases in the current suite
Test Method:		[testPackage01.Test_NewValidationHelper.f12]
################################################################################################################################################
[ReportManager] Loaded Shared OpenCV @26-09-2021 01:55:55.0318 AM
[ReportManager] Assertion [ValidateElementExists] FAILED. Expected [Element Should not Exist, locator 'By.tagName: h1'] and Actual [Element Exists]. Comparison Type [EQUALS]. Validation Type [NEGATIVE]. @26-09-2021 01:55:55.0403 AM
[ReportManager] Successfully created attachment [Screenshot - 1632621355318_f12_ValidateElementExists_failed] @26-09-2021 01:55:55.0404 A
[ReportManager] Successfully Closed All Drivers. @26-09-2021 01:55:55.0478 A
[ReportManager] File Action [GetAbsolutePath] successfully performed. With the following test data [Relative Folder Path: "target/downloadedFiles/"]. @26-09-2021 01:55:55.0480 AM
[ReportManager] Attempting to run remotely on: [Linux-64], [GoogleChrome], [http://localhost:4444/wd/hub], Headless Execution. @26-09-2021 01:55:55.0480 AM
[ReportManager] Successfully Opened [GoogleChrome]. @26-09-2021 01:55:55.0689 AM
[ReportManager] Target URL: [https://the-internet.herokuapp.com/] @26-09-2021 01:55:55.0699 AM
[ReportManager] Initial URL: [data:,] @26-09-2021 01:55:55.0737 AM
[ReportManager] Browser Action [NavigateToURL] successfully performed. With the following test data [https://the-internet.herokuapp.com/]. @26-09-2021 01:55:56.0088 A

################################################################################################################################################
Starting Execution:	[101 out of 144] test cases in the current suite
Test Method:		[testPackage01.Test_NewValidationHelper.f13]
################################################################################################################################################
[ReportManager] Assertion [ValidateElementExists] FAILED. Expected [Element Should not Exist, locator 'By.tagName: div'] and Actual [Element Exists but is not unique]. Comparison Type [EQUALS]. Validation Type [NEGATIVE]. @26-09-2021 01:55:56.0339 AM
[ReportManager] Successfully created attachment [Screenshot - 1632621356270_f13_ValidateElementExists_failed] @26-09-2021 01:55:56.0339 A
[ReportManager] Successfully Closed All Drivers. @26-09-2021 01:55:56.0413 A
[ReportManager] File Action [GetAbsolutePath] successfully performed. With the following test data [Relative Folder Path: "target/downloadedFiles/"]. @26-09-2021 01:55:56.0415 AM
[ReportManager] Attempting to run remotely on: [Linux-64], [GoogleChrome], [http://localhost:4444/wd/hub], Headless Execution. @26-09-2021 01:55:56.0415 AM
[ReportManager] Successfully Opened [GoogleChrome]. @26-09-2021 01:55:56.0598 AM
[ReportManager] Target URL: [https://the-internet.herokuapp.com/] @26-09-2021 01:55:56.0620 AM
[ReportManager] Initial URL: [data:,] @26-09-2021 01:55:56.0661 AM
[ReportManager] Browser Action [NavigateToURL] successfully performed. With the following test data [https://the-internet.herokuapp.com/]. @26-09-2021 01:55:57.0003 A

################################################################################################################################################
Starting Execution:	[102 out of 144] test cases in the current suite
Test Method:		[testPackage01.Test_NewValidationHelper.f14]
################################################################################################################################################
[ReportManager] Element Action [GetText] successfully performed. With the following test data [Welcome to the-internet]. @26-09-2021 01:55:57.0082 AM
[ReportManager] Loaded Shared OpenCV @26-09-2021 01:55:57.0226 AM
[ReportManager] Assertion Passed: Asserting that the header text is correct @26-09-2021 01:55:57.0319 AM
[ReportManager] Successfully created attachment [Screenshot - 1632621357226_f14_ValidateElementAttribute_passed] @26-09-2021 01:55:57.0320 AM
[ReportManager] Assertion [ValidateElementAttribute] PASSED. Expected [Value Should be 'Welcome to the-internet' for the 'text' attribute, element locator 'By.tagName: h1'] and Actual [Welcome to the-internet]. Comparison Type [EQUALS]. Validation Type [POSITIVE]. @26-09-2021 01:55:57.0320 A
[ReportManager] Successfully Closed All Drivers. @26-09-2021 01:55:57.0393 A
[ReportManager] File Action [GetAbsolutePath] successfully performed. With the following test data [Relative Folder Path: "target/downloadedFiles/"]. @26-09-2021 01:55:57.0396 AM
[ReportManager] Attempting to run remotely on: [Linux-64], [GoogleChrome], [http://localhost:4444/wd/hub], Headless Execution. @26-09-2021 01:55:57.0396 AM
[ReportManager] Successfully Opened [GoogleChrome]. @26-09-2021 01:55:57.0593 AM
[ReportManager] Target URL: [https://the-internet.herokuapp.com/] @26-09-2021 01:55:57.0603 AM
[ReportManager] Initial URL: [data:,] @26-09-2021 01:55:57.0642 AM
[ReportManager] Browser Action [NavigateToURL] successfully performed. With the following test data [https://the-internet.herokuapp.com/]. @26-09-2021 01:55:58.0009 A

################################################################################################################################################
Starting Execution:	[103 out of 144] test cases in the current suite
Test Method:		[testPackage01.Test_NewValidationHelper.f15]
################################################################################################################################################
[ReportManager] Element Action [GetText] successfully performed. With the following test data [Welcome to the-internet]. @26-09-2021 01:55:58.0087 AM
[ReportManager] Loaded Shared OpenCV @26-09-2021 01:55:58.0219 AM
[ReportManager] Assertion [ValidateElementAttribute] FAILED. Expected [Value Should not be 'Welcome' for the 'text' attribute, element locator 'By.tagName: h1'] and Actual [Welcome to the-internet]. Comparison Type [CONTAINS]. Validation Type [NEGATIVE]. @26-09-2021 01:55:58.0303 AM
[ReportManager] Successfully created attachment [Screenshot - 1632621358219_f15_ValidateElementAttribute_failed] @26-09-2021 01:55:58.0304 A
[ReportManager] Successfully Closed All Drivers. @26-09-2021 01:55:58.0381 A
[ReportManager] File Action [GetAbsolutePath] successfully performed. With the following test data [Relative Folder Path: "target/downloadedFiles/"]. @26-09-2021 01:55:58.0383 AM
[ReportManager] Attempting to run remotely on: [Linux-64], [GoogleChrome], [http://localhost:4444/wd/hub], Headless Execution. @26-09-2021 01:55:58.0383 AM
[ReportManager] Successfully Opened [GoogleChrome]. @26-09-2021 01:55:58.0577 AM
[ReportManager] Target URL: [https://the-internet.herokuapp.com/] @26-09-2021 01:55:58.0591 AM
[ReportManager] Initial URL: [data:,] @26-09-2021 01:55:58.0629 AM
[ReportManager] Browser Action [NavigateToURL] successfully performed. With the following test data [https://the-internet.herokuapp.com/]. @26-09-2021 01:55:58.0979 A

################################################################################################################################################
Starting Execution:	[104 out of 144] test cases in the current suite
Test Method:		[testPackage01.Test_NewValidationHelper.f16]
################################################################################################################################################
[ReportManager] Element Action [IdentifyUniqueElement] failed. With the following test data [zero elements found matching this locator "By.tagName: h3".]. @26-09-2021 01:56:24.0554 AM
[ReportManager] Successfully created attachment [Screenshot - 1632621384484_f16_IdentifyUniqueElement_failed] @26-09-2021 01:56:24.0555 AM
[ReportManager] Assertion [ValidateElementAttribute] FAILED. Expected [Value Should not be 'Welcome' for the 'text' attribute, element locator 'By.tagName: h3'] and Actual [Failed to read the desired element attribute]. Comparison Type [CONTAINS]. Validation Type [NEGATIVE]. @26-09-2021 01:56:24.0555 A
[ReportManager] Successfully Closed All Drivers. @26-09-2021 01:56:24.0626 A
[ReportManager] File Action [GetAbsolutePath] successfully performed. With the following test data [Relative Folder Path: "target/downloadedFiles/"]. @26-09-2021 01:56:24.0629 AM
[ReportManager] Attempting to run remotely on: [Linux-64], [GoogleChrome], [http://localhost:4444/wd/hub], Headless Execution. @26-09-2021 01:56:24.0629 AM
[ReportManager] Successfully Opened [GoogleChrome]. @26-09-2021 01:56:24.0832 AM
[ReportManager] Target URL: [https://the-internet.herokuapp.com/] @26-09-2021 01:56:24.0843 AM
[ReportManager] Initial URL: [data:,] @26-09-2021 01:56:24.0883 AM
[ReportManager] Browser Action [NavigateToURL] successfully performed. With the following test data [https://the-internet.herokuapp.com/]. @26-09-2021 01:56:25.0235 A

################################################################################################################################################
Starting Execution:	[105 out of 144] test cases in the current suite
Test Method:		[testPackage01.Test_NewValidationHelper.f17]
################################################################################################################################################
[ReportManager] Attempting to getAttribute [text2] from elementLocator [By.tagName: h1]. @26-09-2021 01:56:25.0238 AM
[ReportManager] Element Action [GetAttribute] successfully performed. @26-09-2021 01:56:25.0308 AM
[ReportManager] Loaded Shared OpenCV @26-09-2021 01:56:25.0452 AM
[ReportManager] Assertion [ValidateElementAttribute] PASSED. Expected [Value Should not be 'Welcome' for the 'text2' attribute, element locator 'By.tagName: h1'] and Actual [null]. Comparison Type [CONTAINS]. Validation Type [NEGATIVE]. @26-09-2021 01:56:25.0546 AM
[ReportManager] Successfully created attachment [Screenshot - 1632621385452_f17_ValidateElementAttribute_passed] @26-09-2021 01:56:25.0547 A
[ReportManager] Successfully Closed All Drivers. @26-09-2021 01:56:25.0624 A
[ReportManager] File Action [GetAbsolutePath] successfully performed. With the following test data [Relative Folder Path: "target/downloadedFiles/"]. @26-09-2021 01:56:25.0626 AM
[ReportManager] Attempting to run remotely on: [Linux-64], [GoogleChrome], [http://localhost:4444/wd/hub], Headless Execution. @26-09-2021 01:56:25.0626 AM
[ReportManager] Successfully Opened [GoogleChrome]. @26-09-2021 01:56:25.0812 AM
[ReportManager] Target URL: [https://the-internet.herokuapp.com/] @26-09-2021 01:56:25.0826 AM
[ReportManager] Initial URL: [data:,] @26-09-2021 01:56:25.0863 AM
[ReportManager] Browser Action [NavigateToURL] successfully performed. With the following test data [https://the-internet.herokuapp.com/]. @26-09-2021 01:56:26.0212 A

################################################################################################################################################
Starting Execution:	[106 out of 144] test cases in the current suite
Test Method:		[testPackage01.Test_NewValidationHelper.f18]
################################################################################################################################################
[ReportManager] Element Action [GetText] successfully performed. With the following test data [Welcome to the-internet]. @26-09-2021 01:56:26.0299 AM
[ReportManager] Loaded Shared OpenCV @26-09-2021 01:56:26.0432 AM
[ReportManager] Assertion [ValidateElementAttribute] PASSED. Expected [Value Should not be 'no' for the 'text' attribute, element locator 'By.tagName: h1'] and Actual [Welcome to the-internet]. Comparison Type [CONTAINS]. Validation Type [NEGATIVE]. @26-09-2021 01:56:26.0516 AM
[ReportManager] Successfully created attachment [Screenshot - 1632621386432_f18_ValidateElementAttribute_passed] @26-09-2021 01:56:26.0517 A
[ReportManager] Successfully Closed All Drivers. @26-09-2021 01:56:26.0594 A
[ReportManager] File Action [GetAbsolutePath] successfully performed. With the following test data [Relative Folder Path: "target/downloadedFiles/"]. @26-09-2021 01:56:26.0596 AM
[ReportManager] Attempting to run remotely on: [Linux-64], [GoogleChrome], [http://localhost:4444/wd/hub], Headless Execution. @26-09-2021 01:56:26.0596 AM
[ReportManager] Successfully Opened [GoogleChrome]. @26-09-2021 01:56:26.0815 AM
[ReportManager] Target URL: [https://the-internet.herokuapp.com/] @26-09-2021 01:56:26.0825 AM
[ReportManager] Initial URL: [data:,] @26-09-2021 01:56:26.0867 AM
[ReportManager] Browser Action [NavigateToURL] successfully performed. With the following test data [https://the-internet.herokuapp.com/]. @26-09-2021 01:56:27.0223 A

################################################################################################################################################
Starting Execution:	[107 out of 144] test cases in the current suite
Test Method:		[testPackage01.Test_NewValidationHelper.f19]
################################################################################################################################################
[ReportManager] Element Action [GetTagName] successfully performed. With the following test data [h1]. @26-09-2021 01:56:27.0299 AM
[ReportManager] Loaded Shared OpenCV @26-09-2021 01:56:27.0436 AM
[ReportManager] Assertion [ValidateElementAttribute] PASSED. Expected [Value Should be 'h' for the 'tagname' attribute, element locator 'By.tagName: h1'] and Actual [h1]. Comparison Type [CONTAINS]. Validation Type [POSITIVE]. @26-09-2021 01:56:27.0527 AM
[ReportManager] Successfully created attachment [Screenshot - 1632621387436_f19_ValidateElementAttribute_passed] @26-09-2021 01:56:27.0528 A
[ReportManager] Successfully Closed All Drivers. @26-09-2021 01:56:27.0604 A

################################################################################################################################################
Starting Execution:	[108 out of 144] test cases in the current suite
Test Method:		[testPackage01.Test_NewValidationHelper.f2]
################################################################################################################################################
[ReportManager] Assertion Failed: Checking valid user data @26-09-2021 01:56:27.0609 AM
[ReportManager] Assertion [ValidateEquals] FAILED. Expected [1] and Actual [2]. Comparison Type [EQUALS]. Validation Type [POSITIVE]. @26-09-2021 01:56:27.0609 A
[ReportManager] File Action [GetAbsolutePath] successfully performed. With the following test data [Relative Folder Path: "target/downloadedFiles/"]. @26-09-2021 01:56:27.0611 AM
[ReportManager] Attempting to run remotely on: [Linux-64], [GoogleChrome], [http://localhost:4444/wd/hub], Headless Execution. @26-09-2021 01:56:27.0611 AM
[ReportManager] Successfully Opened [GoogleChrome]. @26-09-2021 01:56:27.0802 AM
[ReportManager] Target URL: [https://the-internet.herokuapp.com/] @26-09-2021 01:56:27.0812 AM
[ReportManager] Initial URL: [data:,] @26-09-2021 01:56:27.0851 AM
[ReportManager] Browser Action [NavigateToURL] successfully performed. With the following test data [https://the-internet.herokuapp.com/]. @26-09-2021 01:56:28.0206 A

################################################################################################################################################
Starting Execution:	[109 out of 144] test cases in the current suite
Test Method:		[testPackage01.Test_NewValidationHelper.f20]
################################################################################################################################################
[ReportManager] Element Action [GetSize] successfully performed. With the following test data [(755, 61)]. @26-09-2021 01:56:28.0277 AM
[ReportManager] Loaded Shared OpenCV @26-09-2021 01:56:28.0452 AM
[ReportManager] Assertion [ValidateElementAttribute] PASSED. Expected [Value Should not be 'a' for the 'size' attribute, element locator 'By.tagName: h1'] and Actual [(755, 61)]. Comparison Type [CONTAINS]. Validation Type [NEGATIVE]. @26-09-2021 01:56:28.0537 AM
[ReportManager] Successfully created attachment [Screenshot - 1632621388452_f20_ValidateElementAttribute_passed] @26-09-2021 01:56:28.0538 A
[ReportManager] Successfully Closed All Drivers. @26-09-2021 01:56:28.0612 A
[ReportManager] File Action [GetAbsolutePath] successfully performed. With the following test data [Relative Folder Path: "target/downloadedFiles/"]. @26-09-2021 01:56:28.0614 AM
[ReportManager] Attempting to run remotely on: [Linux-64], [GoogleChrome], [http://localhost:4444/wd/hub], Headless Execution. @26-09-2021 01:56:28.0614 AM
[ReportManager] Successfully Opened [GoogleChrome]. @26-09-2021 01:56:28.0807 AM
[ReportManager] Target URL: [https://the-internet.herokuapp.com/] @26-09-2021 01:56:28.0816 AM
[ReportManager] Initial URL: [data:,] @26-09-2021 01:56:28.0853 AM
[ReportManager] Browser Action [NavigateToURL] successfully performed. With the following test data [https://the-internet.herokuapp.com/]. @26-09-2021 01:56:29.0205 A

################################################################################################################################################
Starting Execution:	[110 out of 144] test cases in the current suite
Test Method:		[testPackage01.Test_NewValidationHelper.f21]
################################################################################################################################################
[ReportManager] Element Action [IdentifyUniqueElement] failed. With the following test data [zero elements found matching this locator "By.tagName: h3".]. @26-09-2021 01:56:54.0786 AM
[ReportManager] Successfully created attachment [Screenshot - 1632621414717_f21_IdentifyUniqueElement_failed] @26-09-2021 01:56:54.0787 AM
[ReportManager] Assertion [ValidateElementAttribute] FAILED. Expected [Value Should be 'Welcome' for the 'text' attribute, element locator 'By.tagName: h3'] and Actual [Failed to read the desired element attribute]. Comparison Type [CONTAINS]. Validation Type [POSITIVE]. @26-09-2021 01:56:54.0787 A
[ReportManager] Successfully Closed All Drivers. @26-09-2021 01:56:54.0863 A
[ReportManager] File Action [GetAbsolutePath] successfully performed. With the following test data [Relative Folder Path: "target/downloadedFiles/"]. @26-09-2021 01:56:54.0865 AM
[ReportManager] Attempting to run remotely on: [Linux-64], [GoogleChrome], [http://localhost:4444/wd/hub], Headless Execution. @26-09-2021 01:56:54.0865 AM
[ReportManager] Successfully Opened [GoogleChrome]. @26-09-2021 01:56:55.0066 AM
[ReportManager] Target URL: [https://the-internet.herokuapp.com/] @26-09-2021 01:56:55.0075 AM
[ReportManager] Initial URL: [data:,] @26-09-2021 01:56:55.0112 AM
[ReportManager] Browser Action [NavigateToURL] successfully performed. With the following test data [https://the-internet.herokuapp.com/]. @26-09-2021 01:56:55.0470 A

################################################################################################################################################
Starting Execution:	[111 out of 144] test cases in the current suite
Test Method:		[testPackage01.Test_NewValidationHelper.f22]
################################################################################################################################################
[ReportManager] Element Action [GetText] successfully performed. With the following test data [Welcome to the-internet]. @26-09-2021 01:56:55.0550 AM
[ReportManager] Loaded Shared OpenCV @26-09-2021 01:56:55.0685 AM
[ReportManager] Assertion [ValidateElementAttribute] FAILED. Expected [Value Should be 'yyy' for the 'text' attribute, element locator 'By.tagName: h1'] and Actual [Welcome to the-internet]. Comparison Type [CONTAINS]. Validation Type [POSITIVE]. @26-09-2021 01:56:55.0778 AM
[ReportManager] Successfully created attachment [Screenshot - 1632621415685_f22_ValidateElementAttribute_failed] @26-09-2021 01:56:55.0779 A
[ReportManager] Successfully Closed All Drivers. @26-09-2021 01:56:55.0897 A

################################################################################################################################################
Starting Execution:	[112 out of 144] test cases in the current suite
Test Method:		[testPackage01.Test_NewValidationHelper.f23]
################################################################################################################################################
[ReportManager] Assertion Passed: confirming that the actual is greater than or equal to the expected @26-09-2021 01:56:55.0901 AM
[ReportManager] Assertion [ValidateComparativeRelation] PASSED. Expected [1] and Actual [1]. Comparison Type [GREATER_THAN_OR_EQUALS]. Validation Type [POSITIVE]. @26-09-2021 01:56:55.0901 A

################################################################################################################################################
Starting Execution:	[113 out of 144] test cases in the current suite
Test Method:		[testPackage01.Test_NewValidationHelper.f24]
################################################################################################################################################
[ReportManager] Assertion [ValidateComparativeRelation] PASSED. Expected [1] and Actual [10]. Comparison Type [GREATER_THAN_OR_EQUALS]. Validation Type [POSITIVE]. @26-09-2021 01:56:55.0903 A

################################################################################################################################################
Starting Execution:	[114 out of 144] test cases in the current suite
Test Method:		[testPackage01.Test_NewValidationHelper.f25]
################################################################################################################################################
[ReportManager] Assertion [ValidateComparativeRelation] PASSED. Expected [1] and Actual [1]. Comparison Type [EQUALS]. Validation Type [POSITIVE]. @26-09-2021 01:56:55.0906 A

################################################################################################################################################
Starting Execution:	[115 out of 144] test cases in the current suite
Test Method:		[testPackage01.Test_NewValidationHelper.f26]
################################################################################################################################################
[ReportManager] Assertion [ValidateComparativeRelation] PASSED. Expected [1] and Actual [5]. Comparison Type [GREATER_THAN]. Validation Type [POSITIVE]. @26-09-2021 01:56:55.0907 A

################################################################################################################################################
Starting Execution:	[116 out of 144] test cases in the current suite
Test Method:		[testPackage01.Test_NewValidationHelper.f27]
################################################################################################################################################
[ReportManager] Assertion [ValidateComparativeRelation] PASSED. Expected [11] and Actual [5]. Comparison Type [LESS_THAN]. Validation Type [POSITIVE]. @26-09-2021 01:56:55.0911 A

################################################################################################################################################
Starting Execution:	[117 out of 144] test cases in the current suite
Test Method:		[testPackage01.Test_NewValidationHelper.f28]
################################################################################################################################################
[ReportManager] Assertion [ValidateComparativeRelation] PASSED. Expected [11] and Actual [5]. Comparison Type [LESS_THAN_OR_EQUALS]. Validation Type [POSITIVE]. @26-09-2021 01:56:55.0914 A

################################################################################################################################################
Starting Execution:	[118 out of 144] test cases in the current suite
Test Method:		[testPackage01.Test_NewValidationHelper.f29]
################################################################################################################################################
[ReportManager] Assertion [ValidateComparativeRelation] PASSED. Expected [11] and Actual [11]. Comparison Type [LESS_THAN_OR_EQUALS]. Validation Type [POSITIVE]. @26-09-2021 01:56:55.0917 A

################################################################################################################################################
Starting Execution:	[119 out of 144] test cases in the current suite
Test Method:		[testPackage01.Test_NewValidationHelper.f3]
################################################################################################################################################
[ReportManager] Assertion [ValidateEquals] PASSED. Expected [1] and Actual [2]. Comparison Type [EQUALS]. Validation Type [NEGATIVE]. @26-09-2021 01:56:55.0921 A

################################################################################################################################################
Starting Execution:	[120 out of 144] test cases in the current suite
Test Method:		[testPackage01.Test_NewValidationHelper.f30]
################################################################################################################################################
[ReportManager] Assertion [ValidateComparativeRelation] FAILED. Expected [-9] and Actual [11]. Comparison Type [LESS_THAN_OR_EQUALS]. Validation Type [POSITIVE]. @26-09-2021 01:56:55.0923 A

################################################################################################################################################
Starting Execution:	[121 out of 144] test cases in the current suite
Test Method:		[testPackage01.Test_NewValidationHelper.f31]
################################################################################################################################################
[ReportManager] Assertion [ValidateTrue] PASSED. Expected [TRUE] and Actual [TRUE]. Validation Type [POSITIVE]. @26-09-2021 01:56:55.0926 A

################################################################################################################################################
Starting Execution:	[122 out of 144] test cases in the current suite
Test Method:		[testPackage01.Test_NewValidationHelper.f32]
################################################################################################################################################
[ReportManager] Assertion [ValidateTrue] PASSED. Expected [FALSE] and Actual [FALSE]. Validation Type [NEGATIVE]. @26-09-2021 01:56:55.0929 A

################################################################################################################################################
Starting Execution:	[123 out of 144] test cases in the current suite
Test Method:		[testPackage01.Test_NewValidationHelper.f33]
################################################################################################################################################
[ReportManager] Assertion [ValidateTrue] FAILED. Expected [FALSE] and Actual [TRUE]. Validation Type [NEGATIVE]. @26-09-2021 01:56:55.0933 A

################################################################################################################################################
Starting Execution:	[124 out of 144] test cases in the current suite
Test Method:		[testPackage01.Test_NewValidationHelper.f34]
################################################################################################################################################
[ReportManager] Assertion [ValidateTrue] FAILED. Expected [TRUE] and Actual [FALSE]. Validation Type [POSITIVE]. @26-09-2021 01:56:55.0937 A

################################################################################################################################################
Starting Execution:	[125 out of 144] test cases in the current suite
Test Method:		[testPackage01.Test_NewValidationHelper.f35]
################################################################################################################################################
[ReportManager] File Action [DoesFileExist] successfully performed. With the following test data [File Path: "pom.xml"]. @26-09-2021 01:56:55.0939 AM
[ReportManager] Assertion [ValidateFileExists] PASSED. Expected [File 'pom.xml' should exist, after up to '1' retries] and Actual [File exists]. Validation Type [POSITIVE]. @26-09-2021 01:56:55.0939 A

################################################################################################################################################
Starting Execution:	[126 out of 144] test cases in the current suite
Test Method:		[testPackage01.Test_NewValidationHelper.f36]
################################################################################################################################################
[ReportManager] File Action [DoesFileExist] successfully performed. With the following test data [File Path: "src/test/java/testPackage01/Test_NewValidationHelper.java"]. @26-09-2021 01:56:55.0941 AM
[ReportManager] Assertion [ValidateFileExists] PASSED. Expected [File 'src/test/java/testPackage01/Test_NewValidationHelper.java' should exist, after up to '1' retries] and Actual [File exists]. Validation Type [POSITIVE]. @26-09-2021 01:56:55.0941 A

################################################################################################################################################
Starting Execution:	[127 out of 144] test cases in the current suite
Test Method:		[testPackage01.Test_NewValidationHelper.f37]
################################################################################################################################################
[ReportManager] File Action [DoesFileExist] successfully performed. With the following test data [File Path: "pom.xml"]. @26-09-2021 01:56:55.0945 AM
[ReportManager] Assertion Failed: confirming that the file does't exist after 5 retries @26-09-2021 01:56:55.0945 AM
[ReportManager] Assertion [ValidateFileExists] FAILED. Expected [File 'pom.xml' should not exist, after up to '5' retries] and Actual [File exists]. Validation Type [NEGATIVE]. @26-09-2021 01:56:55.0945 A

################################################################################################################################################
Starting Execution:	[128 out of 144] test cases in the current suite
Test Method:		[testPackage01.Test_NewValidationHelper.f3_1]
################################################################################################################################################
[ReportManager] Assertion Passed: Checking valid user data @26-09-2021 01:56:55.0949 AM
[ReportManager] Assertion [ValidateEquals] PASSED. Expected [null] and Actual [null]. Comparison Type [EQUALS]. Validation Type [POSITIVE]. @26-09-2021 01:56:55.0949 A

################################################################################################################################################
Starting Execution:	[129 out of 144] test cases in the current suite
Test Method:		[testPackage01.Test_NewValidationHelper.f4]
################################################################################################################################################
[ReportManager] Assertion [ValidateEquals] PASSED. Expected [1] and Actual [123]. Comparison Type [CONTAINS]. Validation Type [POSITIVE]. @26-09-2021 01:56:55.0952 A

################################################################################################################################################
Starting Execution:	[130 out of 144] test cases in the current suite
Test Method:		[testPackage01.Test_NewValidationHelper.f5]
################################################################################################################################################
[ReportManager] Assertion [ValidateNull] PASSED. Expected [NULL] and Actual [1]. Comparison Type [EQUALS]. Validation Type [NEGATIVE]. @26-09-2021 01:56:55.0955 A

################################################################################################################################################
Starting Execution:	[131 out of 144] test cases in the current suite
Test Method:		[testPackage01.Test_NewValidationHelper.f6]
################################################################################################################################################
[ReportManager] Assertion Failed: Making sure that null string is not equal to null object @26-09-2021 01:56:55.0958 AM
[ReportManager] Assertion [ValidateNull] FAILED. Expected [NULL] and Actual [NULL]. Comparison Type [EQUALS]. Validation Type [POSITIVE]. @26-09-2021 01:56:55.0958 A

################################################################################################################################################
Starting Execution:	[132 out of 144] test cases in the current suite
Test Method:		[testPackage01.Test_NewValidationHelper.f6_1]
################################################################################################################################################
[ReportManager] Assertion [ValidateNull] FAILED. Expected [NULL] and Actual [NULL]. Comparison Type [EQUALS]. Validation Type [NEGATIVE]. @26-09-2021 01:56:55.0960 A

################################################################################################################################################
Starting Execution:	[133 out of 144] test cases in the current suite
Test Method:		[testPackage01.Test_NewValidationHelper.f6_2]
################################################################################################################################################
[ReportManager] Assertion Failed: Making sure that null string is not equal to null object @26-09-2021 01:56:55.0962 AM
[ReportManager] Assertion [ValidateNull] FAILED. Expected [NULL] and Actual [not null]. Comparison Type [EQUALS]. Validation Type [POSITIVE]. @26-09-2021 01:56:55.0962 A

################################################################################################################################################
Starting Execution:	[134 out of 144] test cases in the current suite
Test Method:		[testPackage01.Test_NewValidationHelper.f7]
################################################################################################################################################
[ReportManager] Assertion [ValidateNull] PASSED. Expected [NULL] and Actual [NULL]. Comparison Type [EQUALS]. Validation Type [POSITIVE]. @26-09-2021 01:56:55.0966 A
[ReportManager] File Action [GetAbsolutePath] successfully performed. With the following test data [Relative Folder Path: "target/downloadedFiles/"]. @26-09-2021 01:56:55.0967 AM
[ReportManager] Attempting to run remotely on: [Linux-64], [GoogleChrome], [http://localhost:4444/wd/hub], Headless Execution. @26-09-2021 01:56:55.0967 AM
[ReportManager] Successfully Opened [GoogleChrome]. @26-09-2021 01:56:56.0200 AM
[ReportManager] Target URL: [https://the-internet.herokuapp.com/] @26-09-2021 01:56:56.0211 AM
[ReportManager] Initial URL: [data:,] @26-09-2021 01:56:56.0251 AM
[ReportManager] Browser Action [NavigateToURL] successfully performed. With the following test data [https://the-internet.herokuapp.com/]. @26-09-2021 01:56:56.0602 A

################################################################################################################################################
Starting Execution:	[135 out of 144] test cases in the current suite
Test Method:		[testPackage01.Test_NewValidationHelper.f8]
################################################################################################################################################
[ReportManager] Loaded Shared OpenCV @26-09-2021 01:56:56.0801 AM
[ReportManager] Assertion [ValidateElementExists] PASSED. Expected [Element Should Exist, locator 'By.tagName: h1'] and Actual [Element Exists]. Comparison Type [EQUALS]. Validation Type [POSITIVE]. @26-09-2021 01:56:56.0888 AM
[ReportManager] Successfully created attachment [Screenshot - 1632621416801_f8_ValidateElementExists_passed] @26-09-2021 01:56:56.0889 A
[ReportManager] Successfully Closed All Drivers. @26-09-2021 01:56:56.0963 A
[ReportManager] File Action [GetAbsolutePath] successfully performed. With the following test data [Relative Folder Path: "target/downloadedFiles/"]. @26-09-2021 01:56:56.0965 AM
[ReportManager] Attempting to run remotely on: [Linux-64], [GoogleChrome], [http://localhost:4444/wd/hub], Headless Execution. @26-09-2021 01:56:56.0965 AM
[ReportManager] Successfully Opened [GoogleChrome]. @26-09-2021 01:56:57.0163 AM
[ReportManager] Target URL: [https://the-internet.herokuapp.com/] @26-09-2021 01:56:57.0174 AM
[ReportManager] Initial URL: [data:,] @26-09-2021 01:56:57.0212 AM
[ReportManager] Browser Action [NavigateToURL] successfully performed. With the following test data [https://the-internet.herokuapp.com/]. @26-09-2021 01:56:57.0591 A

################################################################################################################################################
Starting Execution:	[136 out of 144] test cases in the current suite
Test Method:		[testPackage01.Test_NewValidationHelper.f9]
################################################################################################################################################
[ReportManager] Assertion [ValidateElementExists] FAILED. Expected [Element Should Exist, locator 'By.tagName: h3'] and Actual [Element Doesn't Exists]. Comparison Type [EQUALS]. Validation Type [POSITIVE]. @26-09-2021 01:57:28.0306 AM
[ReportManager] Successfully created attachment [Screenshot - 1632621448233_f9_ValidateElementExists_failed] @26-09-2021 01:57:28.0306 A
[ReportManager] Successfully Closed All Drivers. @26-09-2021 01:57:28.0381 A

################################################################################################################################################
Starting Execution:	[137 out of 144] test cases in the current suite
Test Method:		[testPackage01.Test_NewValidationHelper.forceFail]
################################################################################################################################################
[ReportManager] Assertion [ValidateFail] FAILED. Successfully force failed the test. @26-09-2021 01:57:28.0383 A

################################################################################################################################################
Starting Execution:	[138 out of 144] test cases in the current suite
Test Method:		[testPackage01.Test_NewValidationHelper.forceFail2]
################################################################################################################################################
[ReportManager] Assertion Failed: Custom Message @26-09-2021 01:57:28.0385 AM
[ReportManager] Assertion [ValidateFail] FAILED. Successfully force failed the test. @26-09-2021 01:57:28.0385 A

################################################################################################################################################
Starting Execution:	[139 out of 144] test cases in the current suite
Test Method:		[testPackage01.Test_sendGraphqlRequest.sendGraphqlRequestUsingMutationAndVariables]
################################################################################################################################################
[ReportManager] GraphQl Request is being Performed with the Following Parameters [Service URL: https://api.spacex.land/graphql | Request Body: {"variables":"{\"name\": \"sherlock holmes\",\"rocket\": \"221B Baker Street\"}","query":"mutation ($name: String, $rocket: String) {\n  insert_users(objects: {name: $name, rocket: $rocket}) {\n    returning {\n      name\n      rocket\n    }\n  }\n}"}] @26-09-2021 01:57:28.0387 AM
[ReportManager] Response status code: [200], status line: [HTTP/1.1 200 OK] @26-09-2021 01:57:28.0636 AM
[ReportManager] Assertion Passed: Evaluating the actual response status code against the expected one... @26-09-2021 01:57:28.0636 AM
[ReportManager] Assertion [ValidateEquals] PASSED. Expected [200] and Actual [200]. Comparison Type [EQUALS]. Validation Type [POSITIVE]. @26-09-2021 01:57:28.0636 AM
[ReportManager] API Action [PerformRequest] successfully performed. With the following test data [Request Type: "POST" | Target Status Code: "200" | Service URL: "https://api.spacex.land/graphql" | Content Type: "application/json" | Response Time: "178ms"]. @26-09-2021 01:57:28.0647 AM
[ReportManager] Successfully created attachment [API Request - Specifications] @26-09-2021 01:57:28.0648 AM
[ReportManager] Successfully created attachment [API Request - JSON Body] @26-09-2021 01:57:28.0648 AM
[ReportManager] Successfully created attachment [API Response - JSON Body] @26-09-2021 01:57:28.0648 AM
[ReportManager] API Action [GetResponseJSONValue] successfully performed. With the following test data [data.insert_users.returning[0].name]. @26-09-2021 01:57:28.0699 AM
[ReportManager] Assertion [ValidateEquals] PASSED. Expected [sherlock holmes] and Actual [sherlock holmes]. Comparison Type [EQUALS]. Validation Type [POSITIVE]. @26-09-2021 01:57:28.0699 A

################################################################################################################################################
Starting Execution:	[140 out of 144] test cases in the current suite
Test Method:		[testPackage01.Test_sendGraphqlRequest.sendGraphqlRequestUsingQuery]
################################################################################################################################################
[ReportManager] GraphQl Request is being Performed with the Following Parameters [Service URL: https://api.spacex.land/graphql | Request Body: {"query":"{company {ceo}}"}] @26-09-2021 01:57:28.0703 AM
[ReportManager] Response status code: [200], status line: [HTTP/1.1 200 OK] @26-09-2021 01:57:28.0794 AM
[ReportManager] Assertion Passed: Evaluating the actual response status code against the expected one... @26-09-2021 01:57:28.0795 AM
[ReportManager] Assertion [ValidateEquals] PASSED. Expected [200] and Actual [200]. Comparison Type [EQUALS]. Validation Type [POSITIVE]. @26-09-2021 01:57:28.0795 AM
[ReportManager] API Action [PerformRequest] successfully performed. With the following test data [Request Type: "POST" | Target Status Code: "200" | Service URL: "https://api.spacex.land/graphql" | Content Type: "application/json" | Response Time: "85ms"]. @26-09-2021 01:57:28.0809 AM
[ReportManager] Successfully created attachment [API Request - Specifications] @26-09-2021 01:57:28.0809 AM
[ReportManager] Successfully created attachment [API Request - JSON Body] @26-09-2021 01:57:28.0809 AM
[ReportManager] Successfully created attachment [API Response - JSON Body] @26-09-2021 01:57:28.0810 AM
[ReportManager] API Action [GetResponseJSONValue] successfully performed. With the following test data [data.company.ceo]. @26-09-2021 01:57:28.0824 AM
[ReportManager] Assertion [ValidateEquals] PASSED. Expected [Elon Musk] and Actual [Elon Musk]. Comparison Type [EQUALS]. Validation Type [POSITIVE]. @26-09-2021 01:57:28.0824 A

################################################################################################################################################
Starting Execution:	[141 out of 144] test cases in the current suite
Test Method:		[testPackage01.Test_chainableElementActions.chainElementActions]
################################################################################################################################################
[ReportManager] File Action [GetAbsolutePath] successfully performed. With the following test data [Relative Folder Path: "target/downloadedFiles/"]. @26-09-2021 01:57:28.0832 AM
[ReportManager] Attempting to run remotely on: [Linux-64], [GoogleChrome], [http://localhost:4444/wd/hub], Headless Execution. @26-09-2021 01:57:28.0832 AM
[ReportManager] Successfully Opened [GoogleChrome]. @26-09-2021 01:57:29.0096 AM
[ReportManager] Target URL: [https://www.google.com/ncr], and after redirection: [https://www.google.com] @26-09-2021 01:57:29.0105 AM
[ReportManager] Initial URL: [data:,] @26-09-2021 01:57:29.0157 AM
[ReportManager] Browser Action [NavigateToURL] successfully performed. With the following test data [https://www.google.com/ncr]. @26-09-2021 01:57:30.0093 AM
[ReportManager] Element Action [Type] successfully performed. With the following test data [chained type 1]. @26-09-2021 01:57:30.0417 AM
[ReportManager] Element Action [Type] successfully performed. With the following test data [chained type 2]. @26-09-2021 01:57:30.0747 AM
[ReportManager] Element Action [TypeAppend] successfully performed. With the following test data [345]. @26-09-2021 01:57:30.0831 AM
[ReportManager] Element Action [GetText] successfully performed. With the following test data [chained type 2345]. @26-09-2021 01:57:30.0941 AM
[ReportManager] Loaded Shared OpenCV @26-09-2021 01:57:31.0093 AM
[ReportManager] Assertion [ValidateElementAttribute] PASSED. Expected [Value Should be 'chained type 2345' for the 'text' attribute, element locator 'By.name: q'] and Actual [chained type 2345]. Comparison Type [EQUALS]. Validation Type [POSITIVE]. @26-09-2021 01:57:31.0179 AM
[ReportManager] Successfully created attachment [Screenshot - 1632621451093_chainElementActions_ValidateElementAttribute_passed] @26-09-2021 01:57:31.0181 AM
[ReportManager] Browser Action [CloseCurrentWindow] successfully performed. @26-09-2021 01:57:31.0303 AM
[ReportManager] Successfully created attachment [Browser Action Test Data - CloseCurrentWindow - Actual Value] @26-09-2021 01:57:31.0303 A

################################################################################################################################################
Starting Execution:	[142 out of 144] test cases in the current suite
Test Method:		[testPackage01.Test_SkipDueToIssue.doNotSkip]
################################################################################################################################################
[ReportManager] This should not be skipped. @26-09-2021 01:57:31.0311 A

################################################################################################################################################
Starting Execution:	[143 out of 144] test cases in the current suite
Test Method:		[testPackage01.Test_SkipDueToIssue.skip]
################################################################################################################################################
[ReportManager] This should be skipped. @26-09-2021 01:57:31.0320 A

################################################################################################################################################
Starting Execution:	[144 out of 144] test cases in the current suite
Test Method:		[testPackage01.Test_SkipDueToIssue.skip2]
################################################################################################################################################
[ReportManager] This should be skipped. @26-09-2021 01:57:31.0323 A

################################################################################################################################################
Test Closure Activities
################################################################################################################################################
[ReportManager] Successfully created attachment [SHAFT Engine Logs - Execution log] @26-09-2021 01:57:31.0362 AM

################################################################################################################################################
This test run was powered by SHAFT Engine Version: [SHAFT Engine v5.3.20210902]
SHAFT Engine is licensed under the MIT License: [https://github.com/MohabMohie/SHAFT_ENGINE/blob/master/LICENSE].
################################################################################################################################################