################################################################################################################################################
Detected SHAFT Engine Version: [SHAFT Engine v5.4.20211202-BETA]
################################################################################################################################################
[ReportManager] File Action [GetAbsolutePath] successfully performed. With the following test data [Relative Folder Path: "target/downloadedFiles/"]. @09-12-2021 02:05:15.0411 AM
[ReportManager] Attempting to run remotely on: [Android], [http://0.0.0.0:4723/wd/hub]. @09-12-2021 02:05:15.0438 AM
[ReportManager] File Action [GetAbsolutePath] successfully performed. With the following test data [Relative Folder Path: "src/test/resources/testDataFiles/apps/ApiDemos-debug.apk"]. @09-12-2021 02:05:15.0441 AM
[ReportManager] Successfully Opened [NativeMobileApp]. @09-12-2021 02:05:37.0933 AM
[ReportManager] Started recording device screen @09-12-2021 02:05:38.0846 A

################################################################################################################################################
Starting Execution:	[1 out of 8] test cases in the current suite
Test Method:		[testPackage01.appium.AndroidBasicInteractionsTest.scrollInExpandableLists_horizontalScrolling_insideElement]
################################################################################################################################################
[ReportManager] File Action [CreateFile] successfully performed. With the following test data [Target Folder: "allure-results//screenshots/20211209-020538", Target File: "/1639015540112_scrollInExpandableLists_horizontalScrolling_insideElement.gif"]. @09-12-2021 02:05:40.0874 AM
[ReportManager] Element Action [Tap] successfully performed. With the following test data [Views]. @09-12-2021 02:05:44.0477 AM
[ReportManager] Swiping to find Element using W3C Compliant Actions. SwipeDirection [DOWN], TargetElementLocator [AppiumBy.accessibilityId: Tabs]. @09-12-2021 02:05:44.0581 AM
[ReportManager] Attempted to scroll using these parameters: [{width=720, top=100, percent=0.8, left=0, height=1065, direction=DOWN}], there is still more room to keep scrolling. @09-12-2021 02:05:47.0128 AM
[ReportManager] Swiping to find Element using W3C Compliant Actions. SwipeDirection [DOWN], TargetElementLocator [AppiumBy.accessibilityId: Tabs]. @09-12-2021 02:05:47.0184 AM
[ReportManager] Attempted to scroll using these parameters: [{width=720, top=100, percent=0.8, left=0, height=1065, direction=DOWN}], there is still more room to keep scrolling. @09-12-2021 02:05:49.0613 AM
[ReportManager] Swiping to find Element using W3C Compliant Actions. SwipeDirection [DOWN], TargetElementLocator [AppiumBy.accessibilityId: Tabs]. @09-12-2021 02:05:49.0661 AM
[ReportManager] Attempted to scroll using these parameters: [{width=720, top=100, percent=0.8, left=0, height=1065, direction=DOWN}], there is still more room to keep scrolling. @09-12-2021 02:05:52.0145 AM
[ReportManager] Element Action [IsElementDisplayed] successfully performed. @09-12-2021 02:05:53.0032 AM
[ReportManager] Element found on screen. @09-12-2021 02:05:53.0033 AM
[ReportManager] Element Action [SwipeElementIntoView] successfully performed. @09-12-2021 02:05:53.0497 AM
[ReportManager] Element Action [Tap] successfully performed. With the following test data [Tabs]. @09-12-2021 02:05:55.0677 AM
[ReportManager] Element Action [Tap] successfully performed. With the following test data [5. Scrollable]. @09-12-2021 02:05:59.0164 AM
[ReportManager] Swiping to find Element using W3C Compliant Actions. SwipeDirection [RIGHT], TargetElementLocator [By.xpath: //android.widget.HorizontalScrollView//android.widget.TextView[@text='TAB 12']], inside ScrollableElement [By.xpath: //android.widget.HorizontalScrollView]. @09-12-2021 02:06:00.0762 AM
[ReportManager] Attempted to scroll using these parameters: [{width=490, top=122, percent=1, left=100, height=112, direction=RIGHT}], there is no more room to keep scrolling. @09-12-2021 02:06:03.0372 AM
[ReportManager] Element Action [SwipeElementIntoView] failed. @09-12-2021 02:06:04.0368 AM
[ReportManager] Successfully created attachment [Screenshot - 1639015563929_scrollInExpandableLists_horizontalScrolling_insideElement_SwipeElementIntoView_failed] @09-12-2021 02:06:04.0388 AM
[ReportManager] Successfully created attachment [Animated Gif - scrollInExpandableLists_horizontalScrolling_insideElement] @09-12-2021 02:06:04.0397 A
[ReportManager] Successfully created attachment [Video Recording - teardown] @09-12-2021 02:06:05.0507 AM
[ReportManager] Successfully Closed All Drivers. @09-12-2021 02:06:05.0972 A
[ReportManager] File Action [GetAbsolutePath] successfully performed. With the following test data [Relative Folder Path: "target/downloadedFiles/"]. @09-12-2021 02:06:05.0978 AM
[ReportManager] Attempting to run remotely on: [Android], [http://0.0.0.0:4723/wd/hub]. @09-12-2021 02:06:05.0979 AM
[ReportManager] File Action [GetAbsolutePath] successfully performed. With the following test data [Relative Folder Path: "src/test/resources/testDataFiles/apps/ApiDemos-debug.apk"]. @09-12-2021 02:06:05.0979 AM
[ReportManager] Successfully Opened [NativeMobileApp]. @09-12-2021 02:06:18.0348 AM
[ReportManager] Started recording device screen @09-12-2021 02:06:19.0057 A

################################################################################################################################################
Starting Execution:	[2 out of 8] test cases in the current suite
Test Method:		[testPackage01.appium.AndroidBasicInteractionsTest.scrollInExpandableLists_verticalScrolling_insideElement]
################################################################################################################################################
[ReportManager] File Action [CreateFile] successfully performed. With the following test data [Target Folder: "allure-results//screenshots/20211209-020538", Target File: "/1639015579737_scrollInExpandableLists_verticalScrolling_insideElement.gif"]. @09-12-2021 02:06:19.0755 AM
[ReportManager] Element Action [Tap] successfully performed. With the following test data [Views]. @09-12-2021 02:06:21.0614 AM
[ReportManager] Swiping to find Element using W3C Compliant Actions. SwipeDirection [DOWN], TargetElementLocator [AppiumBy.accessibilityId: Splitting Touches across Views]. @09-12-2021 02:06:22.0269 AM
[ReportManager] Attempted to scroll using these parameters: [{width=720, top=100, percent=0.8, left=0, height=1065, direction=DOWN}], there is still more room to keep scrolling. @09-12-2021 02:06:24.0883 AM
[ReportManager] Swiping to find Element using W3C Compliant Actions. SwipeDirection [DOWN], TargetElementLocator [AppiumBy.accessibilityId: Splitting Touches across Views]. @09-12-2021 02:06:24.0932 AM
[ReportManager] Attempted to scroll using these parameters: [{width=720, top=100, percent=0.8, left=0, height=1065, direction=DOWN}], there is still more room to keep scrolling. @09-12-2021 02:06:27.0602 AM
[ReportManager] Swiping to find Element using W3C Compliant Actions. SwipeDirection [DOWN], TargetElementLocator [AppiumBy.accessibilityId: Splitting Touches across Views]. @09-12-2021 02:06:27.0644 AM
[ReportManager] Attempted to scroll using these parameters: [{width=720, top=100, percent=0.8, left=0, height=1065, direction=DOWN}], there is still more room to keep scrolling. @09-12-2021 02:06:30.0130 AM
[ReportManager] Element Action [IsElementDisplayed] successfully performed. @09-12-2021 02:06:30.0844 AM
[ReportManager] Element found on screen. @09-12-2021 02:06:30.0845 AM
[ReportManager] Element Action [SwipeElementIntoView] successfully performed. @09-12-2021 02:06:31.0314 AM
[ReportManager] Element Action [Tap] successfully performed. With the following test data [Splitting Touches across Views]. @09-12-2021 02:06:33.0409 AM
[ReportManager] Swiping to find Element using W3C Compliant Actions. SwipeDirection [DOWN], TargetElementLocator [By.xpath: //android.widget.ListView[2]/android.widget.TextView[@text='Blue']], inside ScrollableElement [By.id: io.appium.android.apis:id/list2]. @09-12-2021 02:06:34.0895 AM
[ReportManager] Attempted to scroll using these parameters: [{width=360, top=100, percent=0.8, left=360, height=811, direction=DOWN}], there is still more room to keep scrolling. @09-12-2021 02:06:37.0479 AM
[ReportManager] Swiping to find Element using W3C Compliant Actions. SwipeDirection [DOWN], TargetElementLocator [By.xpath: //android.widget.ListView[2]/android.widget.TextView[@text='Blue']], inside ScrollableElement [By.id: io.appium.android.apis:id/list2]. @09-12-2021 02:06:37.0566 AM
[ReportManager] Attempted to scroll using these parameters: [{width=360, top=100, percent=0.8, left=360, height=811, direction=DOWN}], there is still more room to keep scrolling. @09-12-2021 02:06:40.0143 AM
[ReportManager] Swiping to find Element using W3C Compliant Actions. SwipeDirection [DOWN], TargetElementLocator [By.xpath: //android.widget.ListView[2]/android.widget.TextView[@text='Blue']], inside ScrollableElement [By.id: io.appium.android.apis:id/list2]. @09-12-2021 02:06:40.0219 AM
[ReportManager] Attempted to scroll using these parameters: [{width=360, top=100, percent=0.8, left=360, height=811, direction=DOWN}], there is still more room to keep scrolling. @09-12-2021 02:06:42.0803 AM
[ReportManager] Swiping to find Element using W3C Compliant Actions. SwipeDirection [DOWN], TargetElementLocator [By.xpath: //android.widget.ListView[2]/android.widget.TextView[@text='Blue']], inside ScrollableElement [By.id: io.appium.android.apis:id/list2]. @09-12-2021 02:06:42.0897 AM
[ReportManager] Attempted to scroll using these parameters: [{width=360, top=100, percent=0.8, left=360, height=811, direction=DOWN}], there is still more room to keep scrolling. @09-12-2021 02:06:45.0462 AM
[ReportManager] Swiping to find Element using W3C Compliant Actions. SwipeDirection [DOWN], TargetElementLocator [By.xpath: //android.widget.ListView[2]/android.widget.TextView[@text='Blue']], inside ScrollableElement [By.id: io.appium.android.apis:id/list2]. @09-12-2021 02:06:45.0553 AM
[ReportManager] Attempted to scroll using these parameters: [{width=360, top=100, percent=0.8, left=360, height=811, direction=DOWN}], there is still more room to keep scrolling. @09-12-2021 02:06:48.0102 AM
[ReportManager] Swiping to find Element using W3C Compliant Actions. SwipeDirection [DOWN], TargetElementLocator [By.xpath: //android.widget.ListView[2]/android.widget.TextView[@text='Blue']], inside ScrollableElement [By.id: io.appium.android.apis:id/list2]. @09-12-2021 02:06:48.0202 AM
[ReportManager] Attempted to scroll using these parameters: [{width=360, top=100, percent=0.8, left=360, height=811, direction=DOWN}], there is still more room to keep scrolling. @09-12-2021 02:06:50.0727 AM
[ReportManager] Swiping to find Element using W3C Compliant Actions. SwipeDirection [DOWN], TargetElementLocator [By.xpath: //android.widget.ListView[2]/android.widget.TextView[@text='Blue']], inside ScrollableElement [By.id: io.appium.android.apis:id/list2]. @09-12-2021 02:06:50.0824 AM
[ReportManager] Attempted to scroll using these parameters: [{width=360, top=100, percent=0.8, left=360, height=811, direction=DOWN}], there is still more room to keep scrolling. @09-12-2021 02:06:53.0449 AM
[ReportManager] Swiping to find Element using W3C Compliant Actions. SwipeDirection [DOWN], TargetElementLocator [By.xpath: //android.widget.ListView[2]/android.widget.TextView[@text='Blue']], inside ScrollableElement [By.id: io.appium.android.apis:id/list2]. @09-12-2021 02:06:53.0530 AM
[ReportManager] Attempted to scroll using these parameters: [{width=360, top=100, percent=0.8, left=360, height=811, direction=DOWN}], there is still more room to keep scrolling. @09-12-2021 02:06:56.0111 AM
[ReportManager] Swiping to find Element using W3C Compliant Actions. SwipeDirection [DOWN], TargetElementLocator [By.xpath: //android.widget.ListView[2]/android.widget.TextView[@text='Blue']], inside ScrollableElement [By.id: io.appium.android.apis:id/list2]. @09-12-2021 02:06:56.0199 AM
[ReportManager] Attempted to scroll using these parameters: [{width=360, top=100, percent=0.8, left=360, height=811, direction=DOWN}], there is still more room to keep scrolling. @09-12-2021 02:06:58.0749 AM
[ReportManager] Element Action [IsElementDisplayed] successfully performed. @09-12-2021 02:06:59.0636 AM
[ReportManager] Element found on screen. @09-12-2021 02:06:59.0636 AM
[ReportManager] Element Action [SwipeElementIntoView] successfully performed. @09-12-2021 02:07:00.0108 AM
[ReportManager] Element Action [Tap] successfully performed. With the following test data [Blue]. @09-12-2021 02:07:01.0722 AM
[ReportManager] Swiping to find Element using W3C Compliant Actions. SwipeDirection [UP], TargetElementLocator [By.xpath: //android.widget.ListView[2]/android.widget.TextView[@text='Abbaye de Belloc']], inside ScrollableElement [By.id: io.appium.android.apis:id/list2]. @09-12-2021 02:07:01.0833 AM
[ReportManager] Attempted to scroll using these parameters: [{width=360, top=802, percent=0.8, left=360, height=811, direction=UP}], there is still more room to keep scrolling. @09-12-2021 02:07:04.0334 AM
[ReportManager] Swiping to find Element using W3C Compliant Actions. SwipeDirection [UP], TargetElementLocator [By.xpath: //android.widget.ListView[2]/android.widget.TextView[@text='Abbaye de Belloc']], inside ScrollableElement [By.id: io.appium.android.apis:id/list2]. @09-12-2021 02:07:04.0399 AM
[ReportManager] Attempted to scroll using these parameters: [{width=360, top=802, percent=0.8, left=360, height=811, direction=UP}], there is still more room to keep scrolling. @09-12-2021 02:07:06.0977 AM
[ReportManager] Swiping to find Element using W3C Compliant Actions. SwipeDirection [UP], TargetElementLocator [By.xpath: //android.widget.ListView[2]/android.widget.TextView[@text='Abbaye de Belloc']], inside ScrollableElement [By.id: io.appium.android.apis:id/list2]. @09-12-2021 02:07:07.0031 AM
[ReportManager] Attempted to scroll using these parameters: [{width=360, top=802, percent=0.8, left=360, height=811, direction=UP}], there is still more room to keep scrolling. @09-12-2021 02:07:09.0590 AM
[ReportManager] Swiping to find Element using W3C Compliant Actions. SwipeDirection [UP], TargetElementLocator [By.xpath: //android.widget.ListView[2]/android.widget.TextView[@text='Abbaye de Belloc']], inside ScrollableElement [By.id: io.appium.android.apis:id/list2]. @09-12-2021 02:07:09.0649 AM
[ReportManager] Attempted to scroll using these parameters: [{width=360, top=802, percent=0.8, left=360, height=811, direction=UP}], there is still more room to keep scrolling. @09-12-2021 02:07:12.0184 AM
[ReportManager] Swiping to find Element using W3C Compliant Actions. SwipeDirection [UP], TargetElementLocator [By.xpath: //android.widget.ListView[2]/android.widget.TextView[@text='Abbaye de Belloc']], inside ScrollableElement [By.id: io.appium.android.apis:id/list2]. @09-12-2021 02:07:12.0232 AM
[ReportManager] Attempted to scroll using these parameters: [{width=360, top=802, percent=0.8, left=360, height=811, direction=UP}], there is still more room to keep scrolling. @09-12-2021 02:07:14.0691 AM
[ReportManager] Swiping to find Element using W3C Compliant Actions. SwipeDirection [UP], TargetElementLocator [By.xpath: //android.widget.ListView[2]/android.widget.TextView[@text='Abbaye de Belloc']], inside ScrollableElement [By.id: io.appium.android.apis:id/list2]. @09-12-2021 02:07:14.0772 AM
[ReportManager] Attempted to scroll using these parameters: [{width=360, top=802, percent=0.8, left=360, height=811, direction=UP}], there is still more room to keep scrolling. @09-12-2021 02:07:17.0381 AM
[ReportManager] Swiping to find Element using W3C Compliant Actions. SwipeDirection [UP], TargetElementLocator [By.xpath: //android.widget.ListView[2]/android.widget.TextView[@text='Abbaye de Belloc']], inside ScrollableElement [By.id: io.appium.android.apis:id/list2]. @09-12-2021 02:07:17.0430 AM
[ReportManager] Attempted to scroll using these parameters: [{width=360, top=802, percent=0.8, left=360, height=811, direction=UP}], there is still more room to keep scrolling. @09-12-2021 02:07:19.0977 AM
[ReportManager] Swiping to find Element using W3C Compliant Actions. SwipeDirection [UP], TargetElementLocator [By.xpath: //android.widget.ListView[2]/android.widget.TextView[@text='Abbaye de Belloc']], inside ScrollableElement [By.id: io.appium.android.apis:id/list2]. @09-12-2021 02:07:20.0024 AM
[ReportManager] Attempted to scroll using these parameters: [{width=360, top=802, percent=0.8, left=360, height=811, direction=UP}], there is still more room to keep scrolling. @09-12-2021 02:07:22.0602 AM
[ReportManager] Swiping to find Element using W3C Compliant Actions. SwipeDirection [UP], TargetElementLocator [By.xpath: //android.widget.ListView[2]/android.widget.TextView[@text='Abbaye de Belloc']], inside ScrollableElement [By.id: io.appium.android.apis:id/list2]. @09-12-2021 02:07:22.0659 AM
[ReportManager] Attempted to scroll using these parameters: [{width=360, top=802, percent=0.8, left=360, height=811, direction=UP}], there is no more room to keep scrolling. @09-12-2021 02:07:24.0202 AM
[ReportManager] Element Action [IsElementDisplayed] successfully performed. @09-12-2021 02:07:24.0958 AM
[ReportManager] Element found on screen. @09-12-2021 02:07:24.0958 AM
[ReportManager] Element Action [SwipeElementIntoView] successfully performed. @09-12-2021 02:07:25.0379 AM
[ReportManager] Element Action [Tap] successfully performed. With the following test data [Abbaye de Belloc]. @09-12-2021 02:07:26.0768 AM
[ReportManager] Successfully created attachment [Animated Gif - scrollInExpandableLists_verticalScrolling_insideElement] @09-12-2021 02:07:26.0773 A
[ReportManager] Successfully created attachment [Video Recording - teardown] @09-12-2021 02:07:27.0687 AM
[ReportManager] Successfully Closed All Drivers. @09-12-2021 02:07:28.0310 A
[ReportManager] File Action [GetAbsolutePath] successfully performed. With the following test data [Relative Folder Path: "target/downloadedFiles/"]. @09-12-2021 02:07:28.0312 AM
[ReportManager] Attempting to run remotely on: [Android], [http://0.0.0.0:4723/wd/hub]. @09-12-2021 02:07:28.0313 AM
[ReportManager] File Action [GetAbsolutePath] successfully performed. With the following test data [Relative Folder Path: "src/test/resources/testDataFiles/apps/ApiDemos-debug.apk"]. @09-12-2021 02:07:28.0313 AM
[ReportManager] Successfully Opened [NativeMobileApp]. @09-12-2021 02:07:35.0759 AM
[ReportManager] Started recording device screen @09-12-2021 02:07:36.0235 A

################################################################################################################################################
Starting Execution:	[3 out of 8] test cases in the current suite
Test Method:		[testPackage01.appium.AndroidBasicInteractionsTest.scrollInExpandableLists_verticalScrolling_insideElement2]
################################################################################################################################################
[ReportManager] File Action [CreateFile] successfully performed. With the following test data [Target Folder: "allure-results//screenshots/20211209-020538", Target File: "/1639015656880_scrollInExpandableLists_verticalScrolling_insideElement2.gif"]. @09-12-2021 02:07:36.0896 AM
[ReportManager] Element Action [Tap] successfully performed. With the following test data [Views]. @09-12-2021 02:07:38.0469 AM
[ReportManager] Swiping to find Element using W3C Compliant Actions. SwipeDirection [DOWN], TargetElementLocator [AppiumBy.accessibilityId: Splitting Touches across Views]. @09-12-2021 02:07:38.0609 AM
[ReportManager] Attempted to scroll using these parameters: [{width=720, top=100, percent=0.8, left=0, height=1065, direction=DOWN}], there is still more room to keep scrolling. @09-12-2021 02:07:41.0239 AM
[ReportManager] Swiping to find Element using W3C Compliant Actions. SwipeDirection [DOWN], TargetElementLocator [AppiumBy.accessibilityId: Splitting Touches across Views]. @09-12-2021 02:07:41.0272 AM
[ReportManager] Attempted to scroll using these parameters: [{width=720, top=100, percent=0.8, left=0, height=1065, direction=DOWN}], there is still more room to keep scrolling. @09-12-2021 02:07:43.0790 AM
[ReportManager] Swiping to find Element using W3C Compliant Actions. SwipeDirection [DOWN], TargetElementLocator [AppiumBy.accessibilityId: Splitting Touches across Views]. @09-12-2021 02:07:43.0825 AM
[ReportManager] Attempted to scroll using these parameters: [{width=720, top=100, percent=0.8, left=0, height=1065, direction=DOWN}], there is still more room to keep scrolling. @09-12-2021 02:07:46.0331 AM
[ReportManager] Element Action [IsElementDisplayed] successfully performed. @09-12-2021 02:07:46.0917 AM
[ReportManager] Element found on screen. @09-12-2021 02:07:46.0917 AM
[ReportManager] Element Action [SwipeElementIntoView] successfully performed. @09-12-2021 02:07:47.0359 AM
[ReportManager] Element Action [Tap] successfully performed. With the following test data [Splitting Touches across Views]. @09-12-2021 02:07:49.0013 AM
[ReportManager] Swiping to find Element using W3C Compliant Actions. SwipeDirection [DOWN], TargetElementLocator [By.xpath: //android.widget.ListView[1]/android.widget.TextView[@text='Blue']], inside ScrollableElement [By.id: io.appium.android.apis:id/list1]. @09-12-2021 02:07:50.0234 AM
[ReportManager] Attempted to scroll using these parameters: [{width=360, top=100, percent=0.8, left=0, height=811, direction=DOWN}], there is still more room to keep scrolling. @09-12-2021 02:07:52.0858 AM
[ReportManager] Swiping to find Element using W3C Compliant Actions. SwipeDirection [DOWN], TargetElementLocator [By.xpath: //android.widget.ListView[1]/android.widget.TextView[@text='Blue']], inside ScrollableElement [By.id: io.appium.android.apis:id/list1]. @09-12-2021 02:07:52.0953 AM
[ReportManager] Attempted to scroll using these parameters: [{width=360, top=100, percent=0.8, left=0, height=811, direction=DOWN}], there is still more room to keep scrolling. @09-12-2021 02:07:55.0577 AM
[ReportManager] Swiping to find Element using W3C Compliant Actions. SwipeDirection [DOWN], TargetElementLocator [By.xpath: //android.widget.ListView[1]/android.widget.TextView[@text='Blue']], inside ScrollableElement [By.id: io.appium.android.apis:id/list1]. @09-12-2021 02:07:55.0691 AM
[ReportManager] Attempted to scroll using these parameters: [{width=360, top=100, percent=0.8, left=0, height=811, direction=DOWN}], there is still more room to keep scrolling. @09-12-2021 02:07:58.0338 AM
[ReportManager] Swiping to find Element using W3C Compliant Actions. SwipeDirection [DOWN], TargetElementLocator [By.xpath: //android.widget.ListView[1]/android.widget.TextView[@text='Blue']], inside ScrollableElement [By.id: io.appium.android.apis:id/list1]. @09-12-2021 02:07:58.0420 AM
[ReportManager] Attempted to scroll using these parameters: [{width=360, top=100, percent=0.8, left=0, height=811, direction=DOWN}], there is still more room to keep scrolling. @09-12-2021 02:08:00.0977 AM
[ReportManager] Swiping to find Element using W3C Compliant Actions. SwipeDirection [DOWN], TargetElementLocator [By.xpath: //android.widget.ListView[1]/android.widget.TextView[@text='Blue']], inside ScrollableElement [By.id: io.appium.android.apis:id/list1]. @09-12-2021 02:08:01.0054 AM
[ReportManager] Attempted to scroll using these parameters: [{width=360, top=100, percent=0.8, left=0, height=811, direction=DOWN}], there is still more room to keep scrolling. @09-12-2021 02:08:03.0602 AM
[ReportManager] Swiping to find Element using W3C Compliant Actions. SwipeDirection [DOWN], TargetElementLocator [By.xpath: //android.widget.ListView[1]/android.widget.TextView[@text='Blue']], inside ScrollableElement [By.id: io.appium.android.apis:id/list1]. @09-12-2021 02:08:03.0685 AM
[ReportManager] Attempted to scroll using these parameters: [{width=360, top=100, percent=0.8, left=0, height=811, direction=DOWN}], there is still more room to keep scrolling. @09-12-2021 02:08:06.0277 AM
[ReportManager] Swiping to find Element using W3C Compliant Actions. SwipeDirection [DOWN], TargetElementLocator [By.xpath: //android.widget.ListView[1]/android.widget.TextView[@text='Blue']], inside ScrollableElement [By.id: io.appium.android.apis:id/list1]. @09-12-2021 02:08:06.0369 AM
[ReportManager] Attempted to scroll using these parameters: [{width=360, top=100, percent=0.8, left=0, height=811, direction=DOWN}], there is still more room to keep scrolling. @09-12-2021 02:08:08.0978 AM
[ReportManager] Swiping to find Element using W3C Compliant Actions. SwipeDirection [DOWN], TargetElementLocator [By.xpath: //android.widget.ListView[1]/android.widget.TextView[@text='Blue']], inside ScrollableElement [By.id: io.appium.android.apis:id/list1]. @09-12-2021 02:08:09.0034 AM
[ReportManager] Attempted to scroll using these parameters: [{width=360, top=100, percent=0.8, left=0, height=811, direction=DOWN}], there is still more room to keep scrolling. @09-12-2021 02:08:11.0602 AM
[ReportManager] Swiping to find Element using W3C Compliant Actions. SwipeDirection [DOWN], TargetElementLocator [By.xpath: //android.widget.ListView[1]/android.widget.TextView[@text='Blue']], inside ScrollableElement [By.id: io.appium.android.apis:id/list1]. @09-12-2021 02:08:11.0681 AM
[ReportManager] Attempted to scroll using these parameters: [{width=360, top=100, percent=0.8, left=0, height=811, direction=DOWN}], there is still more room to keep scrolling. @09-12-2021 02:08:14.0261 AM
[ReportManager] Element Action [IsElementDisplayed] successfully performed. @09-12-2021 02:08:15.0257 AM
[ReportManager] Element found on screen. @09-12-2021 02:08:15.0257 AM
[ReportManager] Element Action [SwipeElementIntoView] successfully performed. @09-12-2021 02:08:15.0748 AM
[ReportManager] Element Action [Tap] successfully performed. With the following test data [Blue]. @09-12-2021 02:08:17.0457 AM
[ReportManager] Swiping to find Element using W3C Compliant Actions. SwipeDirection [UP], TargetElementLocator [By.xpath: //android.widget.ListView[1]/android.widget.TextView[@text='Abbaye de Belloc']], inside ScrollableElement [By.id: io.appium.android.apis:id/list1]. @09-12-2021 02:08:17.0660 AM
[ReportManager] Attempted to scroll using these parameters: [{width=360, top=802, percent=0.8, left=0, height=811, direction=UP}], there is still more room to keep scrolling. @09-12-2021 02:08:20.0252 AM
[ReportManager] Swiping to find Element using W3C Compliant Actions. SwipeDirection [UP], TargetElementLocator [By.xpath: //android.widget.ListView[1]/android.widget.TextView[@text='Abbaye de Belloc']], inside ScrollableElement [By.id: io.appium.android.apis:id/list1]. @09-12-2021 02:08:20.0322 AM
[ReportManager] Attempted to scroll using these parameters: [{width=360, top=802, percent=0.8, left=0, height=811, direction=UP}], there is still more room to keep scrolling. @09-12-2021 02:08:22.0778 AM
[ReportManager] Swiping to find Element using W3C Compliant Actions. SwipeDirection [UP], TargetElementLocator [By.xpath: //android.widget.ListView[1]/android.widget.TextView[@text='Abbaye de Belloc']], inside ScrollableElement [By.id: io.appium.android.apis:id/list1]. @09-12-2021 02:08:22.0831 AM
[ReportManager] Attempted to scroll using these parameters: [{width=360, top=802, percent=0.8, left=0, height=811, direction=UP}], there is still more room to keep scrolling. @09-12-2021 02:08:25.0379 AM
[ReportManager] Swiping to find Element using W3C Compliant Actions. SwipeDirection [UP], TargetElementLocator [By.xpath: //android.widget.ListView[1]/android.widget.TextView[@text='Abbaye de Belloc']], inside ScrollableElement [By.id: io.appium.android.apis:id/list1]. @09-12-2021 02:08:25.0432 AM
[ReportManager] Attempted to scroll using these parameters: [{width=360, top=802, percent=0.8, left=0, height=811, direction=UP}], there is still more room to keep scrolling. @09-12-2021 02:08:28.0000 AM
[ReportManager] Swiping to find Element using W3C Compliant Actions. SwipeDirection [UP], TargetElementLocator [By.xpath: //android.widget.ListView[1]/android.widget.TextView[@text='Abbaye de Belloc']], inside ScrollableElement [By.id: io.appium.android.apis:id/list1]. @09-12-2021 02:08:28.0053 AM
[ReportManager] Attempted to scroll using these parameters: [{width=360, top=802, percent=0.8, left=0, height=811, direction=UP}], there is still more room to keep scrolling. @09-12-2021 02:08:30.0602 AM
[ReportManager] Swiping to find Element using W3C Compliant Actions. SwipeDirection [UP], TargetElementLocator [By.xpath: //android.widget.ListView[1]/android.widget.TextView[@text='Abbaye de Belloc']], inside ScrollableElement [By.id: io.appium.android.apis:id/list1]. @09-12-2021 02:08:30.0687 AM
[ReportManager] Attempted to scroll using these parameters: [{width=360, top=802, percent=0.8, left=0, height=811, direction=UP}], there is still more room to keep scrolling. @09-12-2021 02:08:33.0205 AM
[ReportManager] Swiping to find Element using W3C Compliant Actions. SwipeDirection [UP], TargetElementLocator [By.xpath: //android.widget.ListView[1]/android.widget.TextView[@text='Abbaye de Belloc']], inside ScrollableElement [By.id: io.appium.android.apis:id/list1]. @09-12-2021 02:08:33.0261 AM
[ReportManager] Attempted to scroll using these parameters: [{width=360, top=802, percent=0.8, left=0, height=811, direction=UP}], there is still more room to keep scrolling. @09-12-2021 02:08:35.0776 AM
[ReportManager] Swiping to find Element using W3C Compliant Actions. SwipeDirection [UP], TargetElementLocator [By.xpath: //android.widget.ListView[1]/android.widget.TextView[@text='Abbaye de Belloc']], inside ScrollableElement [By.id: io.appium.android.apis:id/list1]. @09-12-2021 02:08:35.0834 AM
[ReportManager] Attempted to scroll using these parameters: [{width=360, top=802, percent=0.8, left=0, height=811, direction=UP}], there is still more room to keep scrolling. @09-12-2021 02:08:38.0394 AM
[ReportManager] Swiping to find Element using W3C Compliant Actions. SwipeDirection [UP], TargetElementLocator [By.xpath: //android.widget.ListView[1]/android.widget.TextView[@text='Abbaye de Belloc']], inside ScrollableElement [By.id: io.appium.android.apis:id/list1]. @09-12-2021 02:08:38.0452 AM
[ReportManager] Attempted to scroll using these parameters: [{width=360, top=802, percent=0.8, left=0, height=811, direction=UP}], there is no more room to keep scrolling. @09-12-2021 02:08:40.0012 AM
[ReportManager] Element Action [IsElementDisplayed] successfully performed. @09-12-2021 02:08:40.0679 AM
[ReportManager] Element found on screen. @09-12-2021 02:08:40.0679 AM
[ReportManager] Element Action [SwipeElementIntoView] successfully performed. @09-12-2021 02:08:41.0133 AM
[ReportManager] Element Action [Tap] successfully performed. With the following test data [Abbaye de Belloc]. @09-12-2021 02:08:42.0724 AM
[ReportManager] Successfully created attachment [Animated Gif - scrollInExpandableLists_verticalScrolling_insideElement2] @09-12-2021 02:08:42.0731 A
[ReportManager] Successfully created attachment [Video Recording - teardown] @09-12-2021 02:08:43.0634 AM
[ReportManager] Successfully Closed All Drivers. @09-12-2021 02:08:44.0197 A
[ReportManager] File Action [GetAbsolutePath] successfully performed. With the following test data [Relative Folder Path: "target/downloadedFiles/"]. @09-12-2021 02:08:44.0200 AM
[ReportManager] Attempting to run remotely on: [Android], [http://0.0.0.0:4723/wd/hub]. @09-12-2021 02:08:44.0200 AM
[ReportManager] File Action [GetAbsolutePath] successfully performed. With the following test data [Relative Folder Path: "src/test/resources/testDataFiles/apps/ApiDemos-debug.apk"]. @09-12-2021 02:08:44.0200 AM
[ReportManager] Successfully Opened [NativeMobileApp]. @09-12-2021 02:08:52.0451 AM
[ReportManager] Started recording device screen @09-12-2021 02:08:52.0968 A

################################################################################################################################################
Starting Execution:	[4 out of 8] test cases in the current suite
Test Method:		[testPackage01.appium.AndroidBasicInteractionsTest.scrollInExpandableLists_verticalScrolling_insideScreen]
################################################################################################################################################
[ReportManager] File Action [CreateFile] successfully performed. With the following test data [Target Folder: "allure-results//screenshots/20211209-020538", Target File: "/1639015733434_scrollInExpandableLists_verticalScrolling_insideScreen.gif"]. @09-12-2021 02:08:53.0451 AM
[ReportManager] Element Action [Tap] successfully performed. With the following test data [Views]. @09-12-2021 02:08:55.0070 AM
[ReportManager] Element Action [Tap] successfully performed. With the following test data [Expandable Lists]. @09-12-2021 02:08:56.0779 AM
[ReportManager] Element Action [Tap] successfully performed. With the following test data [3. Simple Adapter]. @09-12-2021 02:08:58.0591 AM
[ReportManager] Swiping to find Element using W3C Compliant Actions. SwipeDirection [DOWN], TargetElementLocator [By.xpath: //android.widget.TextView[@text='Group 18']]. @09-12-2021 02:08:59.0721 AM
[ReportManager] Attempted to scroll using these parameters: [{width=720, top=100, percent=0.8, left=0, height=1065, direction=DOWN}], there is still more room to keep scrolling. @09-12-2021 02:09:02.0268 AM
[ReportManager] Swiping to find Element using W3C Compliant Actions. SwipeDirection [DOWN], TargetElementLocator [By.xpath: //android.widget.TextView[@text='Group 18']]. @09-12-2021 02:09:02.0318 AM
[ReportManager] Attempted to scroll using these parameters: [{width=720, top=100, percent=0.8, left=0, height=1065, direction=DOWN}], there is no more room to keep scrolling. @09-12-2021 02:09:03.0796 AM
[ReportManager] Element Action [IsElementDisplayed] successfully performed. @09-12-2021 02:09:04.0615 AM
[ReportManager] Element found on screen. @09-12-2021 02:09:04.0615 AM
[ReportManager] Element Action [SwipeElementIntoView] successfully performed. @09-12-2021 02:09:05.0062 AM
[ReportManager] Element Action [Tap] successfully performed. With the following test data [Group 18]. @09-12-2021 02:09:06.0435 AM
[ReportManager] Swiping to find Element using W3C Compliant Actions. SwipeDirection [DOWN], TargetElementLocator [By.xpath: //android.widget.TextView[@text='Child 13']]. @09-12-2021 02:09:06.0970 AM
[ReportManager] Attempted to scroll using these parameters: [{width=720, top=100, percent=0.8, left=0, height=1065, direction=DOWN}], there is still more room to keep scrolling. @09-12-2021 02:09:09.0425 AM
[ReportManager] Element Action [IsElementDisplayed] successfully performed. @09-12-2021 02:09:10.0280 AM
[ReportManager] Element found on screen. @09-12-2021 02:09:10.0280 AM
[ReportManager] Element Action [SwipeElementIntoView] successfully performed. @09-12-2021 02:09:10.0700 AM
[ReportManager] Swiping to find Element using W3C Compliant Actions. SwipeDirection [UP], TargetElementLocator [By.xpath: //android.widget.TextView[@text='Group 1']]. @09-12-2021 02:09:10.0796 AM
[ReportManager] Attempted to scroll using these parameters: [{width=720, top=1084, percent=0.8, left=0, height=1065, direction=UP}], there is still more room to keep scrolling. @09-12-2021 02:09:13.0274 AM
[ReportManager] Swiping to find Element using W3C Compliant Actions. SwipeDirection [UP], TargetElementLocator [By.xpath: //android.widget.TextView[@text='Group 1']]. @09-12-2021 02:09:13.0340 AM
[ReportManager] Attempted to scroll using these parameters: [{width=720, top=1084, percent=0.8, left=0, height=1065, direction=UP}], there is still more room to keep scrolling. @09-12-2021 02:09:15.0857 AM
[ReportManager] Swiping to find Element using W3C Compliant Actions. SwipeDirection [UP], TargetElementLocator [By.xpath: //android.widget.TextView[@text='Group 1']]. @09-12-2021 02:09:15.0914 AM
[ReportManager] Attempted to scroll using these parameters: [{width=720, top=1084, percent=0.8, left=0, height=1065, direction=UP}], there is still more room to keep scrolling. @09-12-2021 02:09:18.0435 AM
[ReportManager] Swiping to find Element using W3C Compliant Actions. SwipeDirection [UP], TargetElementLocator [By.xpath: //android.widget.TextView[@text='Group 1']]. @09-12-2021 02:09:18.0499 AM
[ReportManager] Attempted to scroll using these parameters: [{width=720, top=1084, percent=0.8, left=0, height=1065, direction=UP}], there is no more room to keep scrolling. @09-12-2021 02:09:20.0005 AM
[ReportManager] Element Action [IsElementDisplayed] successfully performed. @09-12-2021 02:09:20.0756 AM
[ReportManager] Element found on screen. @09-12-2021 02:09:20.0756 AM
[ReportManager] Element Action [SwipeElementIntoView] successfully performed. @09-12-2021 02:09:21.0196 AM
[ReportManager] Successfully created attachment [Animated Gif - scrollInExpandableLists_verticalScrolling_insideScreen] @09-12-2021 02:09:21.0200 A
[ReportManager] Successfully created attachment [Video Recording - teardown] @09-12-2021 02:09:21.0986 AM
[ReportManager] Successfully Closed All Drivers. @09-12-2021 02:09:22.0383 A
[ReportManager] File Action [GetAbsolutePath] successfully performed. With the following test data [Relative Folder Path: "target/downloadedFiles/"]. @09-12-2021 02:09:22.0385 AM
[ReportManager] Attempting to run remotely on: [Android], [http://0.0.0.0:4723/wd/hub]. @09-12-2021 02:09:22.0386 AM
[ReportManager] File Action [GetAbsolutePath] successfully performed. With the following test data [Relative Folder Path: "src/test/resources/testDataFiles/apps/ApiDemos-debug.apk"]. @09-12-2021 02:09:22.0386 AM
[ReportManager] Successfully Opened [NativeMobileApp]. @09-12-2021 02:09:29.0591 AM
[ReportManager] Started recording device screen @09-12-2021 02:09:30.0155 A

################################################################################################################################################
Starting Execution:	[5 out of 8] test cases in the current suite
Test Method:		[testPackage01.appium.AndroidBasicInteractionsTest.testOpensAlert]
################################################################################################################################################
[ReportManager] File Action [CreateFile] successfully performed. With the following test data [Target Folder: "allure-results//screenshots/20211209-020538", Target File: "/1639015773097_testOpensAlert.gif"]. @09-12-2021 02:09:33.0113 AM
[ReportManager] Element Action [Tap] successfully performed. With the following test data [OK CANCEL DIALOG WITH A MESSAGE]. @09-12-2021 02:09:34.0675 AM
[ReportManager] Element Action [GetText] successfully performed. With the following test data [Lorem ipsum dolor sit aie consectetur adipiscing
Plloaso mako nuto siwuf cakso dodtos anr koop.]. @09-12-2021 02:09:35.0298 AM
[ReportManager] Loaded Shared OpenCV @09-12-2021 02:09:37.0021 AM
[ReportManager] Verification Passed: Then I Verify that the element found by [By.id: android:id/alertTitle] text is equal to [Lorem ipsum dolor sit aie consectetur adipiscing
Plloaso mako nuto siwuf cakso dodtos anr koop.]. @09-12-2021 02:09:37.0721 AM
[ReportManager] Successfully created attachment [Screenshot - 1639015775707_testOpensAlert_ValidateElementAttribute_passed] @09-12-2021 02:09:37.0722 AM
[ReportManager] Verification [ValidateElementAttribute] PASSED. Expected [Value Should be 'Lorem ipsum dolor sit aie consectetur adipiscing
Plloaso mako nuto siwuf cakso dodtos anr koop.' for the 'text' attribute, element locator 'By.id: android:id/alertTitle'] and Actual [Lorem ipsum dolor sit aie consectetur adipiscing
Plloaso mako nuto siwuf cakso dodtos anr koop.]. Comparison Type [EQUALS]. Validation Type [POSITIVE]. @09-12-2021 02:09:37.0722 AM
[ReportManager] Element Action [Tap] successfully performed. With the following test data [OK]. @09-12-2021 02:09:39.0235 AM
[ReportManager] Successfully created attachment [Animated Gif - testOpensAlert] @09-12-2021 02:09:39.0237 A
[ReportManager] Successfully created attachment [Video Recording - teardown] @09-12-2021 02:09:40.0133 AM
[ReportManager] Successfully Closed All Drivers. @09-12-2021 02:09:40.0629 A
[ReportManager] File Action [GetAbsolutePath] successfully performed. With the following test data [Relative Folder Path: "target/downloadedFiles/"]. @09-12-2021 02:09:40.0631 AM
[ReportManager] Attempting to run remotely on: [Android], [http://0.0.0.0:4723/wd/hub]. @09-12-2021 02:09:40.0632 AM
[ReportManager] File Action [GetAbsolutePath] successfully performed. With the following test data [Relative Folder Path: "src/test/resources/testDataFiles/apps/ApiDemos-debug.apk"]. @09-12-2021 02:09:40.0632 AM
[ReportManager] Successfully Opened [NativeMobileApp]. @09-12-2021 02:09:48.0768 AM
[ReportManager] Started recording device screen @09-12-2021 02:09:49.0281 A

################################################################################################################################################
Starting Execution:	[6 out of 8] test cases in the current suite
Test Method:		[testPackage01.appium.AndroidBasicInteractionsTest.testSendKeys]
################################################################################################################################################
[ReportManager] File Action [CreateFile] successfully performed. With the following test data [Target Folder: "allure-results//screenshots/20211209-020538", Target File: "/1639015793220_testSendKeys.gif"]. @09-12-2021 02:09:53.0235 AM
[ReportManager] Element Action [Type] successfully performed. With the following test data [Hello world!]. @09-12-2021 02:09:53.0872 AM
[ReportManager] Element Action [Tap] successfully performed. With the following test data [ONSEARCHREQUESTED()]. @09-12-2021 02:09:55.0483 AM
[ReportManager] Element Action [GetText] successfully performed. With the following test data [Hello world!]. @09-12-2021 02:09:56.0214 AM
[ReportManager] Loaded Shared OpenCV @09-12-2021 02:09:56.0548 AM
[ReportManager] Assertion Passed: Then I Assert that the element found by [By.id: android:id/search_src_text] text is equal to [Hello world!]. @09-12-2021 02:09:56.0893 AM
[ReportManager] Successfully created attachment [Screenshot - 1639015796547_testSendKeys_ValidateElementAttribute_passed] @09-12-2021 02:09:56.0894 AM
[ReportManager] Assertion [ValidateElementAttribute] PASSED. Expected [Value Should be 'Hello world!' for the 'text' attribute, element locator 'By.id: android:id/search_src_text'] and Actual [Hello world!]. Comparison Type [EQUALS]. Validation Type [POSITIVE]. @09-12-2021 02:09:56.0894 AM
[ReportManager] Successfully created attachment [Animated Gif - testSendKeys] @09-12-2021 02:09:56.0895 A
[ReportManager] Successfully created attachment [Video Recording - teardown] @09-12-2021 02:09:57.0802 AM
[ReportManager] Successfully Closed All Drivers. @09-12-2021 02:09:58.0232 A
[ReportManager] File Action [GetAbsolutePath] successfully performed. With the following test data [Relative Folder Path: "target/downloadedFiles/"]. @09-12-2021 02:09:58.0236 AM
[ReportManager] Attempting to run remotely on: [Android], [http://0.0.0.0:4723/wd/hub]. @09-12-2021 02:09:58.0236 AM
[ReportManager] File Action [GetAbsolutePath] successfully performed. With the following test data [Relative Folder Path: "src/test/resources/testDataFiles/apps/ApiDemos-debug.apk"]. @09-12-2021 02:09:58.0237 AM
[ReportManager] Successfully Opened [NativeMobileApp]. @09-12-2021 02:10:05.0708 AM
[ReportManager] Started recording device screen @09-12-2021 02:10:06.0243 A

################################################################################################################################################
Starting Execution:	[7 out of 8] test cases in the current suite
Test Method:		[testPackage01.appium.AndroidBasicInteractionsTest.visualElementIdentification_requiresProcessing]
################################################################################################################################################
[ReportManager] File Action [DoesFileExist] successfully performed. With the following test data [File Path: "src/main/resources/dynamicObjectRepository/content2.png"]. @09-12-2021 02:10:06.0502 AM
[ReportManager] Loaded Shared OpenCV @09-12-2021 02:10:06.0502 AM
[ReportManager] Successfully identified the element using AI; OpenCV. @09-12-2021 02:10:06.0572 AM
[ReportManager] Element Action [Tap] successfully performed. @09-12-2021 02:10:06.0844 AM
[ReportManager] org.openqa.selenium.TimeoutException:
Expected condition failed: waiting for com.shaft.gui.element.ElementActionsHelper$$Lambda$616/0x00000008010fa8b0@38bce2ed (tried for 25 second(s) with 1000 milliseconds interval)
org.openqa.selenium.support.ui.FluentWait.timeoutException(FluentWait.java:263)
org.openqa.selenium.support.ui.FluentWait.until(FluentWait.java:231)
com.shaft.gui.element.ElementActionsHelper.waitForElementPresence(ElementActionsHelper.java:63)
com.shaft.gui.element.ElementActionsHelper.waitForElementPresence(ElementActionsHelper.java:37)
com.shaft.gui.element.WebDriverElementActions.getMatchingElementsCount(WebDriverElementActions.java:1468)
com.shaft.gui.element.WebDriverElementActions.getElementsCount(WebDriverElementActions.java:559)
com.shaft.gui.element.ElementActions.getElementsCount(ElementActions.java:261)
com.shaft.validation.ValidationsHelper.validateElementExists(ValidationsHelper.java:149)
com.shaft.validation.ValidationsExecutor.perform(ValidationsExecutor.java:146)
testPackage01.appium.AndroidBasicInteractionsTest.visualElementIdentification_requiresProcessing(AndroidBasicInteractionsTest.java:90)
java.base/jdk.internal.reflect.NativeMethodAccessorImpl.invoke0(Native Method)
java.base/jdk.internal.reflect.NativeMethodAccessorImpl.invoke(NativeMethodAccessorImpl.java:77)
java.base/jdk.internal.reflect.DelegatingMethodAccessorImpl.invoke(DelegatingMethodAccessorImpl.java:43)
java.base/java.lang.reflect.Method.invoke(Method.java:568)
org.testng.internal.MethodInvocationHelper.invokeMethod(MethodInvocationHelper.java:133)
org.testng.internal.TestInvoker.invokeMethod(TestInvoker.java:598)
org.testng.internal.TestInvoker.invokeTestMethod(TestInvoker.java:173)
org.testng.internal.MethodRunner.runInSequence(MethodRunner.java:46)
org.testng.internal.TestInvoker$MethodInvocationAgent.invoke(TestInvoker.java:824)
org.testng.internal.TestInvoker.invokeTestMethods(TestInvoker.java:146)
org.testng.internal.TestMethodWorker.invokeTestMethods(TestMethodWorker.java:146)
org.testng.internal.TestMethodWorker.run(TestMethodWorker.java:128)
java.base/java.util.ArrayList.forEach(ArrayList.java:1511)
org.testng.TestRunner.privateRun(TestRunner.java:794)
org.testng.TestRunner.run(TestRunner.java:596)
org.testng.SuiteRunner.runTest(SuiteRunner.java:377)
org.testng.SuiteRunner.runSequentially(SuiteRunner.java:371)
org.testng.SuiteRunner.privateRun(SuiteRunner.java:332)
org.testng.SuiteRunner.run(SuiteRunner.java:276)
org.testng.SuiteRunnerWorker.runSuite(SuiteRunnerWorker.java:53)
org.testng.SuiteRunnerWorker.run(SuiteRunnerWorker.java:96)
org.testng.TestNG.runSuitesSequentially(TestNG.java:1212)
org.testng.TestNG.runSuitesLocally(TestNG.java:1134)
org.testng.TestNG.runSuites(TestNG.java:1063)
org.testng.TestNG.run(TestNG.java:1031)
org.apache.maven.surefire.testng.TestNGExecutor.run(TestNGExecutor.java:136)
org.apache.maven.surefire.testng.TestNGDirectoryTestSuite.executeSingleClass(TestNGDirectoryTestSuite.java:112)
org.apache.maven.surefire.testng.TestNGDirectoryTestSuite.execute(TestNGDirectoryTestSuite.java:99)
org.apache.maven.surefire.testng.TestNGProvider.invoke(TestNGProvider.java:145)
org.apache.maven.surefire.booter.ForkedBooter.runSuitesInProcess(ForkedBooter.java:428)
org.apache.maven.surefire.booter.ForkedBooter.execute(ForkedBooter.java:162)
org.apache.maven.surefire.booter.ForkedBooter.run(ForkedBooter.java:562)
org.apache.maven.surefire.booter.ForkedBooter.main(ForkedBooter.java:548)

Caused by: org.openqa.selenium.NoSuchElementException:
An element could not be located on the page using the given search parameters.
For documentation on this error, please visit: https://selenium.dev/exceptions/#no_such_element
Build info: version: '4.1.0', revision: '87802e897b'
System info: host: 'Mac-1639014739997.local', ip: '10.212.9.116', os.name: 'Mac OS X', os.arch: 'x86_64', os.version: '11.5', java.version: '17.0.1'
Driver info: io.appium.java_client.android.AndroidDriver
Command: [e993e20b-8404-4e5e-bea1-d90b2827e89e, findElement {using=accessibility id, value=Assets}]
Capabilities {appium:app: /Users/runner/work/SHAFT_EN..., appium:appPackage: io.appium.android.apis, appium:appWaitActivity: *, appium:automationName: UIAutomator2, appium:databaseEnabled: false, appium:desired: {app: /Users/runner/work/SHAFT_EN..., appWaitActivity: *, automationName: UIAutomator2, disableWindowAnimation: true, platformName: android}, appium:deviceApiLevel: 30, appium:deviceManufacturer: unknown, appium:deviceModel: Android SDK built for x86, appium:deviceName: emulator-5554, appium:deviceScreenDensity: 320, appium:deviceScreenSize: 720x1280, appium:deviceUDID: emulator-5554, appium:disableWindowAnimation: true, appium:javascriptEnabled: true, appium:locationContextEnabled: false, appium:networkConnectionEnabled: true, appium:pixelRatio: 2, appium:platformVersion: 11, appium:statBarHeight: 48, appium:takesScreenshot: true, appium:viewportRect: {height: 1136, left: 0, top: 48, width: 720}, appium:warnings: {}, appium:webStorageEnabled: false, platformName: android}
Session ID: e993e20b-8404-4e5e-bea1-d90b2827e89e
jdk.internal.reflect.GeneratedConstructorAccessor13.newInstance(Unknown Source)
java.base/jdk.internal.reflect.DelegatingConstructorAccessorImpl.newInstance(DelegatingConstructorAccessorImpl.java:45)
java.base/java.lang.reflect.Constructor.newInstanceWithCaller(Constructor.java:499)
java.base/java.lang.reflect.Constructor.newInstance(Constructor.java:480)
org.openqa.selenium.remote.codec.w3c.W3CHttpResponseCodec.createException(W3CHttpResponseCodec.java:200)
org.openqa.selenium.remote.codec.w3c.W3CHttpResponseCodec.decode(W3CHttpResponseCodec.java:133)
org.openqa.selenium.remote.codec.w3c.W3CHttpResponseCodec.decode(W3CHttpResponseCodec.java:53)
org.openqa.selenium.remote.HttpCommandExecutor.execute(HttpCommandExecutor.java:184)
io.appium.java_client.remote.AppiumCommandExecutor.execute(AppiumCommandExecutor.java:180)
org.openqa.selenium.remote.RemoteWebDriver.execute(RemoteWebDriver.java:559)
org.openqa.selenium.remote.ElementLocation$ElementFinder$2.findElement(ElementLocation.java:162)
org.openqa.selenium.remote.ElementLocation.findElement(ElementLocation.java:60)
org.openqa.selenium.remote.RemoteWebDriver.findElement(RemoteWebDriver.java:383)
org.openqa.selenium.remote.RemoteWebDriver.findElement(RemoteWebDriver.java:375)
com.shaft.gui.element.ElementActionsHelper.lambda$waitForElementPresence$0(ElementActionsHelper.java:68)
org.openqa.selenium.support.ui.FluentWait.until(FluentWait.java:208)
com.shaft.gui.element.ElementActionsHelper.waitForElementPresence(ElementActionsHelper.java:63)
com.shaft.gui.element.ElementActionsHelper.waitForElementPresence(ElementActionsHelper.java:37)
com.shaft.gui.element.WebDriverElementActions.getMatchingElementsCount(WebDriverElementActions.java:1468)
com.shaft.gui.element.WebDriverElementActions.getElementsCount(WebDriverElementActions.java:559)
com.shaft.gui.element.ElementActions.getElementsCount(ElementActions.java:261)
com.shaft.validation.ValidationsHelper.validateElementExists(ValidationsHelper.java:149)
com.shaft.validation.ValidationsExecutor.perform(ValidationsExecutor.java:146)
testPackage01.appium.AndroidBasicInteractionsTest.visualElementIdentification_requiresProcessing(AndroidBasicInteractionsTest.java:90)
java.base/jdk.internal.reflect.NativeMethodAccessorImpl.invoke0(Native Method)
java.base/jdk.internal.reflect.NativeMethodAccessorImpl.invoke(NativeMethodAccessorImpl.java:77)
java.base/jdk.internal.reflect.DelegatingMethodAccessorImpl.invoke(DelegatingMethodAccessorImpl.java:43)
java.base/java.lang.reflect.Method.invoke(Method.java:568)
org.testng.internal.MethodInvocationHelper.invokeMethod(MethodInvocationHelper.java:133)
org.testng.internal.TestInvoker.invokeMethod(TestInvoker.java:598)
org.testng.internal.TestInvoker.invokeTestMethod(TestInvoker.java:173)
org.testng.internal.MethodRunner.runInSequence(MethodRunner.java:46)
org.testng.internal.TestInvoker$MethodInvocationAgent.invoke(TestInvoker.java:824)
org.testng.internal.TestInvoker.invokeTestMethods(TestInvoker.java:146)
org.testng.internal.TestMethodWorker.invokeTestMethods(TestMethodWorker.java:146)
org.testng.internal.TestMethodWorker.run(TestMethodWorker.java:128)
java.base/java.util.ArrayList.forEach(ArrayList.java:1511)
org.testng.TestRunner.privateRun(TestRunner.java:794)
org.testng.TestRunner.run(TestRunner.java:596)
org.testng.SuiteRunner.runTest(SuiteRunner.java:377)
org.testng.SuiteRunner.runSequentially(SuiteRunner.java:371)
org.testng.SuiteRunner.privateRun(SuiteRunner.java:332)
org.testng.SuiteRunner.run(SuiteRunner.java:276)
org.testng.SuiteRunnerWorker.runSuite(SuiteRunnerWorker.java:53)
org.testng.SuiteRunnerWorker.run(SuiteRunnerWorker.java:96)
org.testng.TestNG.runSuitesSequentially(TestNG.java:1212)
org.testng.TestNG.runSuitesLocally(TestNG.java:1134)
org.testng.TestNG.runSuites(TestNG.java:1063)
org.testng.TestNG.run(TestNG.java:1031)
org.apache.maven.surefire.testng.TestNGExecutor.run(TestNGExecutor.java:136)
org.apache.maven.surefire.testng.TestNGDirectoryTestSuite.executeSingleClass(TestNGDirectoryTestSuite.java:112)
org.apache.maven.surefire.testng.TestNGDirectoryTestSuite.execute(TestNGDirectoryTestSuite.java:99)
org.apache.maven.surefire.testng.TestNGProvider.invoke(TestNGProvider.java:145)
org.apache.maven.surefire.booter.ForkedBooter.runSuitesInProcess(ForkedBooter.java:428)
org.apache.maven.surefire.booter.ForkedBooter.execute(ForkedBooter.java:162)
org.apache.maven.surefire.booter.ForkedBooter.run(ForkedBooter.java:562)
org.apache.maven.surefire.booter.ForkedBooter.main(ForkedBooter.java:548) @09-12-2021 02:10:32.0214 AM
[ReportManager] org.openqa.selenium.TimeoutException:
Expected condition failed: waiting for com.shaft.gui.element.ElementActionsHelper$$Lambda$616/0x00000008010fa8b0@465eb466 (tried for 5 second(s) with 1000 milliseconds interval)
org.openqa.selenium.support.ui.FluentWait.timeoutException(FluentWait.java:263)
org.openqa.selenium.support.ui.FluentWait.until(FluentWait.java:231)
com.shaft.gui.element.ElementActionsHelper.waitForElementPresence(ElementActionsHelper.java:63)
com.shaft.gui.element.ElementActionsHelper.waitForElementPresence(ElementActionsHelper.java:37)
com.shaft.gui.element.WebDriverElementActions.getMatchingElementsCount(WebDriverElementActions.java:1468)
com.shaft.gui.element.WebDriverElementActions.getElementsCount(WebDriverElementActions.java:559)
com.shaft.gui.element.ElementActions.getElementsCount(ElementActions.java:261)
com.shaft.gui.image.ScreenshotManager.internalCaptureScreenShot(ScreenshotManager.java:394)
com.shaft.gui.image.ScreenshotManager.captureScreenShot(ScreenshotManager.java:141)
com.shaft.validation.ValidationsHelper.reportValidationState(ValidationsHelper.java:823)
com.shaft.validation.ValidationsHelper.fail(ValidationsHelper.java:588)
com.shaft.validation.ValidationsHelper.validateElementExists(ValidationsHelper.java:155)
com.shaft.validation.ValidationsExecutor.perform(ValidationsExecutor.java:146)
testPackage01.appium.AndroidBasicInteractionsTest.visualElementIdentification_requiresProcessing(AndroidBasicInteractionsTest.java:90)
java.base/jdk.internal.reflect.NativeMethodAccessorImpl.invoke0(Native Method)
java.base/jdk.internal.reflect.NativeMethodAccessorImpl.invoke(NativeMethodAccessorImpl.java:77)
java.base/jdk.internal.reflect.DelegatingMethodAccessorImpl.invoke(DelegatingMethodAccessorImpl.java:43)
java.base/java.lang.reflect.Method.invoke(Method.java:568)
org.testng.internal.MethodInvocationHelper.invokeMethod(MethodInvocationHelper.java:133)
org.testng.internal.TestInvoker.invokeMethod(TestInvoker.java:598)
org.testng.internal.TestInvoker.invokeTestMethod(TestInvoker.java:173)
org.testng.internal.MethodRunner.runInSequence(MethodRunner.java:46)
org.testng.internal.TestInvoker$MethodInvocationAgent.invoke(TestInvoker.java:824)
org.testng.internal.TestInvoker.invokeTestMethods(TestInvoker.java:146)
org.testng.internal.TestMethodWorker.invokeTestMethods(TestMethodWorker.java:146)
org.testng.internal.TestMethodWorker.run(TestMethodWorker.java:128)
java.base/java.util.ArrayList.forEach(ArrayList.java:1511)
org.testng.TestRunner.privateRun(TestRunner.java:794)
org.testng.TestRunner.run(TestRunner.java:596)
org.testng.SuiteRunner.runTest(SuiteRunner.java:377)
org.testng.SuiteRunner.runSequentially(SuiteRunner.java:371)
org.testng.SuiteRunner.privateRun(SuiteRunner.java:332)
org.testng.SuiteRunner.run(SuiteRunner.java:276)
org.testng.SuiteRunnerWorker.runSuite(SuiteRunnerWorker.java:53)
org.testng.SuiteRunnerWorker.run(SuiteRunnerWorker.java:96)
org.testng.TestNG.runSuitesSequentially(TestNG.java:1212)
org.testng.TestNG.runSuitesLocally(TestNG.java:1134)
org.testng.TestNG.runSuites(TestNG.java:1063)
org.testng.TestNG.run(TestNG.java:1031)
org.apache.maven.surefire.testng.TestNGExecutor.run(TestNGExecutor.java:136)
org.apache.maven.surefire.testng.TestNGDirectoryTestSuite.executeSingleClass(TestNGDirectoryTestSuite.java:112)
org.apache.maven.surefire.testng.TestNGDirectoryTestSuite.execute(TestNGDirectoryTestSuite.java:99)
org.apache.maven.surefire.testng.TestNGProvider.invoke(TestNGProvider.java:145)
org.apache.maven.surefire.booter.ForkedBooter.runSuitesInProcess(ForkedBooter.java:428)
org.apache.maven.surefire.booter.ForkedBooter.execute(ForkedBooter.java:162)
org.apache.maven.surefire.booter.ForkedBooter.run(ForkedBooter.java:562)
org.apache.maven.surefire.booter.ForkedBooter.main(ForkedBooter.java:548)

Caused by: org.openqa.selenium.NoSuchElementException:
An element could not be located on the page using the given search parameters.
For documentation on this error, please visit: https://selenium.dev/exceptions/#no_such_element
Build info: version: '4.1.0', revision: '87802e897b'
System info: host: 'Mac-1639014739997.local', ip: '10.212.9.116', os.name: 'Mac OS X', os.arch: 'x86_64', os.version: '11.5', java.version: '17.0.1'
Driver info: io.appium.java_client.android.AndroidDriver
Command: [e993e20b-8404-4e5e-bea1-d90b2827e89e, findElement {using=accessibility id, value=Assets}]
Capabilities {appium:app: /Users/runner/work/SHAFT_EN..., appium:appPackage: io.appium.android.apis, appium:appWaitActivity: *, appium:automationName: UIAutomator2, appium:databaseEnabled: false, appium:desired: {app: /Users/runner/work/SHAFT_EN..., appWaitActivity: *, automationName: UIAutomator2, disableWindowAnimation: true, platformName: android}, appium:deviceApiLevel: 30, appium:deviceManufacturer: unknown, appium:deviceModel: Android SDK built for x86, appium:deviceName: emulator-5554, appium:deviceScreenDensity: 320, appium:deviceScreenSize: 720x1280, appium:deviceUDID: emulator-5554, appium:disableWindowAnimation: true, appium:javascriptEnabled: true, appium:locationContextEnabled: false, appium:networkConnectionEnabled: true, appium:pixelRatio: 2, appium:platformVersion: 11, appium:statBarHeight: 48, appium:takesScreenshot: true, appium:viewportRect: {height: 1136, left: 0, top: 48, width: 720}, appium:warnings: {}, appium:webStorageEnabled: false, platformName: android}
Session ID: e993e20b-8404-4e5e-bea1-d90b2827e89e
jdk.internal.reflect.GeneratedConstructorAccessor13.newInstance(Unknown Source)
java.base/jdk.internal.reflect.DelegatingConstructorAccessorImpl.newInstance(DelegatingConstructorAccessorImpl.java:45)
java.base/java.lang.reflect.Constructor.newInstanceWithCaller(Constructor.java:499)
java.base/java.lang.reflect.Constructor.newInstance(Constructor.java:480)
org.openqa.selenium.remote.codec.w3c.W3CHttpResponseCodec.createException(W3CHttpResponseCodec.java:200)
org.openqa.selenium.remote.codec.w3c.W3CHttpResponseCodec.decode(W3CHttpResponseCodec.java:133)
org.openqa.selenium.remote.codec.w3c.W3CHttpResponseCodec.decode(W3CHttpResponseCodec.java:53)
org.openqa.selenium.remote.HttpCommandExecutor.execute(HttpCommandExecutor.java:184)
io.appium.java_client.remote.AppiumCommandExecutor.execute(AppiumCommandExecutor.java:180)
org.openqa.selenium.remote.RemoteWebDriver.execute(RemoteWebDriver.java:559)
org.openqa.selenium.remote.ElementLocation$ElementFinder$2.findElement(ElementLocation.java:162)
org.openqa.selenium.remote.ElementLocation.findElement(ElementLocation.java:60)
org.openqa.selenium.remote.RemoteWebDriver.findElement(RemoteWebDriver.java:383)
org.openqa.selenium.remote.RemoteWebDriver.findElement(RemoteWebDriver.java:375)
com.shaft.gui.element.ElementActionsHelper.lambda$waitForElementPresence$0(ElementActionsHelper.java:68)
org.openqa.selenium.support.ui.FluentWait.until(FluentWait.java:208)
com.shaft.gui.element.ElementActionsHelper.waitForElementPresence(ElementActionsHelper.java:63)
com.shaft.gui.element.ElementActionsHelper.waitForElementPresence(ElementActionsHelper.java:37)
com.shaft.gui.element.WebDriverElementActions.getMatchingElementsCount(WebDriverElementActions.java:1468)
com.shaft.gui.element.WebDriverElementActions.getElementsCount(WebDriverElementActions.java:559)
com.shaft.gui.element.ElementActions.getElementsCount(ElementActions.java:261)
com.shaft.gui.image.ScreenshotManager.internalCaptureScreenShot(ScreenshotManager.java:394)
com.shaft.gui.image.ScreenshotManager.captureScreenShot(ScreenshotManager.java:141)
com.shaft.validation.ValidationsHelper.reportValidationState(ValidationsHelper.java:823)
com.shaft.validation.ValidationsHelper.fail(ValidationsHelper.java:588)
com.shaft.validation.ValidationsHelper.validateElementExists(ValidationsHelper.java:155)
com.shaft.validation.ValidationsExecutor.perform(ValidationsExecutor.java:146)
testPackage01.appium.AndroidBasicInteractionsTest.visualElementIdentification_requiresProcessing(AndroidBasicInteractionsTest.java:90)
java.base/jdk.internal.reflect.NativeMethodAccessorImpl.invoke0(Native Method)
java.base/jdk.internal.reflect.NativeMethodAccessorImpl.invoke(NativeMethodAccessorImpl.java:77)
java.base/jdk.internal.reflect.DelegatingMethodAccessorImpl.invoke(DelegatingMethodAccessorImpl.java:43)
java.base/java.lang.reflect.Method.invoke(Method.java:568)
org.testng.internal.MethodInvocationHelper.invokeMethod(MethodInvocationHelper.java:133)
org.testng.internal.TestInvoker.invokeMethod(TestInvoker.java:598)
org.testng.internal.TestInvoker.invokeTestMethod(TestInvoker.java:173)
org.testng.internal.MethodRunner.runInSequence(MethodRunner.java:46)
org.testng.internal.TestInvoker$MethodInvocationAgent.invoke(TestInvoker.java:824)
org.testng.internal.TestInvoker.invokeTestMethods(TestInvoker.java:146)
org.testng.internal.TestMethodWorker.invokeTestMethods(TestMethodWorker.java:146)
org.testng.internal.TestMethodWorker.run(TestMethodWorker.java:128)
java.base/java.util.ArrayList.forEach(ArrayList.java:1511)
org.testng.TestRunner.privateRun(TestRunner.java:794)
org.testng.TestRunner.run(TestRunner.java:596)
org.testng.SuiteRunner.runTest(SuiteRunner.java:377)
org.testng.SuiteRunner.runSequentially(SuiteRunner.java:371)
org.testng.SuiteRunner.privateRun(SuiteRunner.java:332)
org.testng.SuiteRunner.run(SuiteRunner.java:276)
org.testng.SuiteRunnerWorker.runSuite(SuiteRunnerWorker.java:53)
org.testng.SuiteRunnerWorker.run(SuiteRunnerWorker.java:96)
org.testng.TestNG.runSuitesSequentially(TestNG.java:1212)
org.testng.TestNG.runSuitesLocally(TestNG.java:1134)
org.testng.TestNG.runSuites(TestNG.java:1063)
org.testng.TestNG.run(TestNG.java:1031)
org.apache.maven.surefire.testng.TestNGExecutor.run(TestNGExecutor.java:136)
org.apache.maven.surefire.testng.TestNGDirectoryTestSuite.executeSingleClass(TestNGDirectoryTestSuite.java:112)
org.apache.maven.surefire.testng.TestNGDirectoryTestSuite.execute(TestNGDirectoryTestSuite.java:99)
org.apache.maven.surefire.testng.TestNGProvider.invoke(TestNGProvider.java:145)
org.apache.maven.surefire.booter.ForkedBooter.runSuitesInProcess(ForkedBooter.java:428)
org.apache.maven.surefire.booter.ForkedBooter.execute(ForkedBooter.java:162)
org.apache.maven.surefire.booter.ForkedBooter.run(ForkedBooter.java:562)
org.apache.maven.surefire.booter.ForkedBooter.main(ForkedBooter.java:548) @09-12-2021 02:10:37.0820 AM
[ReportManager] File Action [CreateFile] successfully performed. With the following test data [Target Folder: "allure-results//screenshots/20211209-020538", Target File: "/1639015838131_visualElementIdentification_requiresProcessing.gif"]. @09-12-2021 02:10:38.0274 AM
[ReportManager] Assertion Failed: Then I Assert that the element found by [AppiumBy.accessibilityId: Assets] exists. @09-12-2021 02:10:38.0794 AM
[ReportManager] Successfully created attachment [Screenshot - 1639015838131_visualElementIdentification_requiresProcessing_ValidateElementExists_failed] @09-12-2021 02:10:38.0795 AM
[ReportManager] Assertion [ValidateElementExists] FAILED. Expected [Element Should Exist, locator 'AppiumBy.accessibilityId: Assets'] and Actual [Element Doesn't Exists]. Comparison Type [EQUALS]. Validation Type [POSITIVE]. @09-12-2021 02:10:38.0795 AM
[ReportManager] Successfully created attachment [Animated Gif - visualElementIdentification_requiresProcessing] @09-12-2021 02:10:38.0796 A
[ReportManager] Successfully created attachment [Video Recording - teardown] @09-12-2021 02:10:39.0577 AM
[ReportManager] Successfully Closed All Drivers. @09-12-2021 02:10:40.0076 A
[ReportManager] File Action [GetAbsolutePath] successfully performed. With the following test data [Relative Folder Path: "target/downloadedFiles/"]. @09-12-2021 02:10:40.0078 AM
[ReportManager] Attempting to run remotely on: [Android], [http://0.0.0.0:4723/wd/hub]. @09-12-2021 02:10:40.0078 AM
[ReportManager] File Action [GetAbsolutePath] successfully performed. With the following test data [Relative Folder Path: "src/test/resources/testDataFiles/apps/ApiDemos-debug.apk"]. @09-12-2021 02:10:40.0079 AM
[ReportManager] Successfully Opened [NativeMobileApp]. @09-12-2021 02:10:47.0366 AM
[ReportManager] Started recording device screen @09-12-2021 02:10:47.0849 A

################################################################################################################################################
Starting Execution:	[8 out of 8] test cases in the current suite
Test Method:		[testPackage01.appium.AndroidBasicInteractionsTest.visualElementIdentification_samedpi]
################################################################################################################################################
[ReportManager] File Action [DoesFileExist] successfully performed. With the following test data [File Path: "src/main/resources/dynamicObjectRepository/content.png"]. @09-12-2021 02:10:48.0063 AM
[ReportManager] Loaded Shared OpenCV @09-12-2021 02:10:48.0063 AM
[ReportManager] Successfully identified the element using AI; OpenCV. @09-12-2021 02:10:48.0137 AM
[ReportManager] Element Action [Tap] successfully performed. @09-12-2021 02:10:48.0457 AM
[ReportManager] org.openqa.selenium.TimeoutException:
Expected condition failed: waiting for com.shaft.gui.element.ElementActionsHelper$$Lambda$616/0x00000008010fa8b0@66e6e5e9 (tried for 25 second(s) with 1000 milliseconds interval)
org.openqa.selenium.support.ui.FluentWait.timeoutException(FluentWait.java:263)
org.openqa.selenium.support.ui.FluentWait.until(FluentWait.java:231)
com.shaft.gui.element.ElementActionsHelper.waitForElementPresence(ElementActionsHelper.java:63)
com.shaft.gui.element.ElementActionsHelper.waitForElementPresence(ElementActionsHelper.java:37)
com.shaft.gui.element.WebDriverElementActions.getMatchingElementsCount(WebDriverElementActions.java:1468)
com.shaft.gui.element.WebDriverElementActions.getElementsCount(WebDriverElementActions.java:559)
com.shaft.gui.element.ElementActions.getElementsCount(ElementActions.java:261)
com.shaft.validation.ValidationsHelper.validateElementExists(ValidationsHelper.java:149)
com.shaft.validation.ValidationsExecutor.perform(ValidationsExecutor.java:146)
testPackage01.appium.AndroidBasicInteractionsTest.visualElementIdentification_samedpi(AndroidBasicInteractionsTest.java:81)
java.base/jdk.internal.reflect.NativeMethodAccessorImpl.invoke0(Native Method)
java.base/jdk.internal.reflect.NativeMethodAccessorImpl.invoke(NativeMethodAccessorImpl.java:77)
java.base/jdk.internal.reflect.DelegatingMethodAccessorImpl.invoke(DelegatingMethodAccessorImpl.java:43)
java.base/java.lang.reflect.Method.invoke(Method.java:568)
org.testng.internal.MethodInvocationHelper.invokeMethod(MethodInvocationHelper.java:133)
org.testng.internal.TestInvoker.invokeMethod(TestInvoker.java:598)
org.testng.internal.TestInvoker.invokeTestMethod(TestInvoker.java:173)
org.testng.internal.MethodRunner.runInSequence(MethodRunner.java:46)
org.testng.internal.TestInvoker$MethodInvocationAgent.invoke(TestInvoker.java:824)
org.testng.internal.TestInvoker.invokeTestMethods(TestInvoker.java:146)
org.testng.internal.TestMethodWorker.invokeTestMethods(TestMethodWorker.java:146)
org.testng.internal.TestMethodWorker.run(TestMethodWorker.java:128)
java.base/java.util.ArrayList.forEach(ArrayList.java:1511)
org.testng.TestRunner.privateRun(TestRunner.java:794)
org.testng.TestRunner.run(TestRunner.java:596)
org.testng.SuiteRunner.runTest(SuiteRunner.java:377)
org.testng.SuiteRunner.runSequentially(SuiteRunner.java:371)
org.testng.SuiteRunner.privateRun(SuiteRunner.java:332)
org.testng.SuiteRunner.run(SuiteRunner.java:276)
org.testng.SuiteRunnerWorker.runSuite(SuiteRunnerWorker.java:53)
org.testng.SuiteRunnerWorker.run(SuiteRunnerWorker.java:96)
org.testng.TestNG.runSuitesSequentially(TestNG.java:1212)
org.testng.TestNG.runSuitesLocally(TestNG.java:1134)
org.testng.TestNG.runSuites(TestNG.java:1063)
org.testng.TestNG.run(TestNG.java:1031)
org.apache.maven.surefire.testng.TestNGExecutor.run(TestNGExecutor.java:136)
org.apache.maven.surefire.testng.TestNGDirectoryTestSuite.executeSingleClass(TestNGDirectoryTestSuite.java:112)
org.apache.maven.surefire.testng.TestNGDirectoryTestSuite.execute(TestNGDirectoryTestSuite.java:99)
org.apache.maven.surefire.testng.TestNGProvider.invoke(TestNGProvider.java:145)
org.apache.maven.surefire.booter.ForkedBooter.runSuitesInProcess(ForkedBooter.java:428)
org.apache.maven.surefire.booter.ForkedBooter.execute(ForkedBooter.java:162)
org.apache.maven.surefire.booter.ForkedBooter.run(ForkedBooter.java:562)
org.apache.maven.surefire.booter.ForkedBooter.main(ForkedBooter.java:548)

Caused by: org.openqa.selenium.NoSuchElementException:
An element could not be located on the page using the given search parameters.
For documentation on this error, please visit: https://selenium.dev/exceptions/#no_such_element
Build info: version: '4.1.0', revision: '87802e897b'
System info: host: 'Mac-1639014739997.local', ip: '10.212.9.116', os.name: 'Mac OS X', os.arch: 'x86_64', os.version: '11.5', java.version: '17.0.1'
Driver info: io.appium.java_client.android.AndroidDriver
Command: [045ae71e-f344-4f02-9c9b-6d4aa9b5ef0a, findElement {using=accessibility id, value=Assets}]
Capabilities {appium:app: /Users/runner/work/SHAFT_EN..., appium:appPackage: io.appium.android.apis, appium:appWaitActivity: *, appium:automationName: UIAutomator2, appium:databaseEnabled: false, appium:desired: {app: /Users/runner/work/SHAFT_EN..., appWaitActivity: *, automationName: UIAutomator2, disableWindowAnimation: true, platformName: android}, appium:deviceApiLevel: 30, appium:deviceManufacturer: unknown, appium:deviceModel: Android SDK built for x86, appium:deviceName: emulator-5554, appium:deviceScreenDensity: 320, appium:deviceScreenSize: 720x1280, appium:deviceUDID: emulator-5554, appium:disableWindowAnimation: true, appium:javascriptEnabled: true, appium:locationContextEnabled: false, appium:networkConnectionEnabled: true, appium:pixelRatio: 2, appium:platformVersion: 11, appium:statBarHeight: 48, appium:takesScreenshot: true, appium:viewportRect: {height: 1136, left: 0, top: 48, width: 720}, appium:warnings: {}, appium:webStorageEnabled: false, platformName: android}
Session ID: 045ae71e-f344-4f02-9c9b-6d4aa9b5ef0a
jdk.internal.reflect.GeneratedConstructorAccessor13.newInstance(Unknown Source)
java.base/jdk.internal.reflect.DelegatingConstructorAccessorImpl.newInstance(DelegatingConstructorAccessorImpl.java:45)
java.base/java.lang.reflect.Constructor.newInstanceWithCaller(Constructor.java:499)
java.base/java.lang.reflect.Constructor.newInstance(Constructor.java:480)
org.openqa.selenium.remote.codec.w3c.W3CHttpResponseCodec.createException(W3CHttpResponseCodec.java:200)
org.openqa.selenium.remote.codec.w3c.W3CHttpResponseCodec.decode(W3CHttpResponseCodec.java:133)
org.openqa.selenium.remote.codec.w3c.W3CHttpResponseCodec.decode(W3CHttpResponseCodec.java:53)
org.openqa.selenium.remote.HttpCommandExecutor.execute(HttpCommandExecutor.java:184)
io.appium.java_client.remote.AppiumCommandExecutor.execute(AppiumCommandExecutor.java:180)
org.openqa.selenium.remote.RemoteWebDriver.execute(RemoteWebDriver.java:559)
org.openqa.selenium.remote.ElementLocation$ElementFinder$2.findElement(ElementLocation.java:162)
org.openqa.selenium.remote.ElementLocation.findElement(ElementLocation.java:60)
org.openqa.selenium.remote.RemoteWebDriver.findElement(RemoteWebDriver.java:383)
org.openqa.selenium.remote.RemoteWebDriver.findElement(RemoteWebDriver.java:375)
com.shaft.gui.element.ElementActionsHelper.lambda$waitForElementPresence$0(ElementActionsHelper.java:68)
org.openqa.selenium.support.ui.FluentWait.until(FluentWait.java:208)
com.shaft.gui.element.ElementActionsHelper.waitForElementPresence(ElementActionsHelper.java:63)
com.shaft.gui.element.ElementActionsHelper.waitForElementPresence(ElementActionsHelper.java:37)
com.shaft.gui.element.WebDriverElementActions.getMatchingElementsCount(WebDriverElementActions.java:1468)
com.shaft.gui.element.WebDriverElementActions.getElementsCount(WebDriverElementActions.java:559)
com.shaft.gui.element.ElementActions.getElementsCount(ElementActions.java:261)
com.shaft.validation.ValidationsHelper.validateElementExists(ValidationsHelper.java:149)
com.shaft.validation.ValidationsExecutor.perform(ValidationsExecutor.java:146)
testPackage01.appium.AndroidBasicInteractionsTest.visualElementIdentification_samedpi(AndroidBasicInteractionsTest.java:81)
java.base/jdk.internal.reflect.NativeMethodAccessorImpl.invoke0(Native Method)
java.base/jdk.internal.reflect.NativeMethodAccessorImpl.invoke(NativeMethodAccessorImpl.java:77)
java.base/jdk.internal.reflect.DelegatingMethodAccessorImpl.invoke(DelegatingMethodAccessorImpl.java:43)
java.base/java.lang.reflect.Method.invoke(Method.java:568)
org.testng.internal.MethodInvocationHelper.invokeMethod(MethodInvocationHelper.java:133)
org.testng.internal.TestInvoker.invokeMethod(TestInvoker.java:598)
org.testng.internal.TestInvoker.invokeTestMethod(TestInvoker.java:173)
org.testng.internal.MethodRunner.runInSequence(MethodRunner.java:46)
org.testng.internal.TestInvoker$MethodInvocationAgent.invoke(TestInvoker.java:824)
org.testng.internal.TestInvoker.invokeTestMethods(TestInvoker.java:146)
org.testng.internal.TestMethodWorker.invokeTestMethods(TestMethodWorker.java:146)
org.testng.internal.TestMethodWorker.run(TestMethodWorker.java:128)
java.base/java.util.ArrayList.forEach(ArrayList.java:1511)
org.testng.TestRunner.privateRun(TestRunner.java:794)
org.testng.TestRunner.run(TestRunner.java:596)
org.testng.SuiteRunner.runTest(SuiteRunner.java:377)
org.testng.SuiteRunner.runSequentially(SuiteRunner.java:371)
org.testng.SuiteRunner.privateRun(SuiteRunner.java:332)
org.testng.SuiteRunner.run(SuiteRunner.java:276)
org.testng.SuiteRunnerWorker.runSuite(SuiteRunnerWorker.java:53)
org.testng.SuiteRunnerWorker.run(SuiteRunnerWorker.java:96)
org.testng.TestNG.runSuitesSequentially(TestNG.java:1212)
org.testng.TestNG.runSuitesLocally(TestNG.java:1134)
org.testng.TestNG.runSuites(TestNG.java:1063)
org.testng.TestNG.run(TestNG.java:1031)
org.apache.maven.surefire.testng.TestNGExecutor.run(TestNGExecutor.java:136)
org.apache.maven.surefire.testng.TestNGDirectoryTestSuite.executeSingleClass(TestNGDirectoryTestSuite.java:112)
org.apache.maven.surefire.testng.TestNGDirectoryTestSuite.execute(TestNGDirectoryTestSuite.java:99)
org.apache.maven.surefire.testng.TestNGProvider.invoke(TestNGProvider.java:145)
org.apache.maven.surefire.booter.ForkedBooter.runSuitesInProcess(ForkedBooter.java:428)
org.apache.maven.surefire.booter.ForkedBooter.execute(ForkedBooter.java:162)
org.apache.maven.surefire.booter.ForkedBooter.run(ForkedBooter.java:562)
org.apache.maven.surefire.booter.ForkedBooter.main(ForkedBooter.java:548) @09-12-2021 02:11:14.0140 AM
[ReportManager] org.openqa.selenium.TimeoutException:
Expected condition failed: waiting for com.shaft.gui.element.ElementActionsHelper$$Lambda$616/0x00000008010fa8b0@685280dd (tried for 5 second(s) with 1000 milliseconds interval)
org.openqa.selenium.support.ui.FluentWait.timeoutException(FluentWait.java:263)
org.openqa.selenium.support.ui.FluentWait.until(FluentWait.java:231)
com.shaft.gui.element.ElementActionsHelper.waitForElementPresence(ElementActionsHelper.java:63)
com.shaft.gui.element.ElementActionsHelper.waitForElementPresence(ElementActionsHelper.java:37)
com.shaft.gui.element.WebDriverElementActions.getMatchingElementsCount(WebDriverElementActions.java:1468)
com.shaft.gui.element.WebDriverElementActions.getElementsCount(WebDriverElementActions.java:559)
com.shaft.gui.element.ElementActions.getElementsCount(ElementActions.java:261)
com.shaft.gui.image.ScreenshotManager.internalCaptureScreenShot(ScreenshotManager.java:394)
com.shaft.gui.image.ScreenshotManager.captureScreenShot(ScreenshotManager.java:141)
com.shaft.validation.ValidationsHelper.reportValidationState(ValidationsHelper.java:823)
com.shaft.validation.ValidationsHelper.fail(ValidationsHelper.java:588)
com.shaft.validation.ValidationsHelper.validateElementExists(ValidationsHelper.java:155)
com.shaft.validation.ValidationsExecutor.perform(ValidationsExecutor.java:146)
testPackage01.appium.AndroidBasicInteractionsTest.visualElementIdentification_samedpi(AndroidBasicInteractionsTest.java:81)
java.base/jdk.internal.reflect.NativeMethodAccessorImpl.invoke0(Native Method)
java.base/jdk.internal.reflect.NativeMethodAccessorImpl.invoke(NativeMethodAccessorImpl.java:77)
java.base/jdk.internal.reflect.DelegatingMethodAccessorImpl.invoke(DelegatingMethodAccessorImpl.java:43)
java.base/java.lang.reflect.Method.invoke(Method.java:568)
org.testng.internal.MethodInvocationHelper.invokeMethod(MethodInvocationHelper.java:133)
org.testng.internal.TestInvoker.invokeMethod(TestInvoker.java:598)
org.testng.internal.TestInvoker.invokeTestMethod(TestInvoker.java:173)
org.testng.internal.MethodRunner.runInSequence(MethodRunner.java:46)
org.testng.internal.TestInvoker$MethodInvocationAgent.invoke(TestInvoker.java:824)
org.testng.internal.TestInvoker.invokeTestMethods(TestInvoker.java:146)
org.testng.internal.TestMethodWorker.invokeTestMethods(TestMethodWorker.java:146)
org.testng.internal.TestMethodWorker.run(TestMethodWorker.java:128)
java.base/java.util.ArrayList.forEach(ArrayList.java:1511)
org.testng.TestRunner.privateRun(TestRunner.java:794)
org.testng.TestRunner.run(TestRunner.java:596)
org.testng.SuiteRunner.runTest(SuiteRunner.java:377)
org.testng.SuiteRunner.runSequentially(SuiteRunner.java:371)
org.testng.SuiteRunner.privateRun(SuiteRunner.java:332)
org.testng.SuiteRunner.run(SuiteRunner.java:276)
org.testng.SuiteRunnerWorker.runSuite(SuiteRunnerWorker.java:53)
org.testng.SuiteRunnerWorker.run(SuiteRunnerWorker.java:96)
org.testng.TestNG.runSuitesSequentially(TestNG.java:1212)
org.testng.TestNG.runSuitesLocally(TestNG.java:1134)
org.testng.TestNG.runSuites(TestNG.java:1063)
org.testng.TestNG.run(TestNG.java:1031)
org.apache.maven.surefire.testng.TestNGExecutor.run(TestNGExecutor.java:136)
org.apache.maven.surefire.testng.TestNGDirectoryTestSuite.executeSingleClass(TestNGDirectoryTestSuite.java:112)
org.apache.maven.surefire.testng.TestNGDirectoryTestSuite.execute(TestNGDirectoryTestSuite.java:99)
org.apache.maven.surefire.testng.TestNGProvider.invoke(TestNGProvider.java:145)
org.apache.maven.surefire.booter.ForkedBooter.runSuitesInProcess(ForkedBooter.java:428)
org.apache.maven.surefire.booter.ForkedBooter.execute(ForkedBooter.java:162)
org.apache.maven.surefire.booter.ForkedBooter.run(ForkedBooter.java:562)
org.apache.maven.surefire.booter.ForkedBooter.main(ForkedBooter.java:548)

Caused by: org.openqa.selenium.NoSuchElementException:
An element could not be located on the page using the given search parameters.
For documentation on this error, please visit: https://selenium.dev/exceptions/#no_such_element
Build info: version: '4.1.0', revision: '87802e897b'
System info: host: 'Mac-1639014739997.local', ip: '10.212.9.116', os.name: 'Mac OS X', os.arch: 'x86_64', os.version: '11.5', java.version: '17.0.1'
Driver info: io.appium.java_client.android.AndroidDriver
Command: [045ae71e-f344-4f02-9c9b-6d4aa9b5ef0a, findElement {using=accessibility id, value=Assets}]
Capabilities {appium:app: /Users/runner/work/SHAFT_EN..., appium:appPackage: io.appium.android.apis, appium:appWaitActivity: *, appium:automationName: UIAutomator2, appium:databaseEnabled: false, appium:desired: {app: /Users/runner/work/SHAFT_EN..., appWaitActivity: *, automationName: UIAutomator2, disableWindowAnimation: true, platformName: android}, appium:deviceApiLevel: 30, appium:deviceManufacturer: unknown, appium:deviceModel: Android SDK built for x86, appium:deviceName: emulator-5554, appium:deviceScreenDensity: 320, appium:deviceScreenSize: 720x1280, appium:deviceUDID: emulator-5554, appium:disableWindowAnimation: true, appium:javascriptEnabled: true, appium:locationContextEnabled: false, appium:networkConnectionEnabled: true, appium:pixelRatio: 2, appium:platformVersion: 11, appium:statBarHeight: 48, appium:takesScreenshot: true, appium:viewportRect: {height: 1136, left: 0, top: 48, width: 720}, appium:warnings: {}, appium:webStorageEnabled: false, platformName: android}
Session ID: 045ae71e-f344-4f02-9c9b-6d4aa9b5ef0a
jdk.internal.reflect.GeneratedConstructorAccessor13.newInstance(Unknown Source)
java.base/jdk.internal.reflect.DelegatingConstructorAccessorImpl.newInstance(DelegatingConstructorAccessorImpl.java:45)
java.base/java.lang.reflect.Constructor.newInstanceWithCaller(Constructor.java:499)
java.base/java.lang.reflect.Constructor.newInstance(Constructor.java:480)
org.openqa.selenium.remote.codec.w3c.W3CHttpResponseCodec.createException(W3CHttpResponseCodec.java:200)
org.openqa.selenium.remote.codec.w3c.W3CHttpResponseCodec.decode(W3CHttpResponseCodec.java:133)
org.openqa.selenium.remote.codec.w3c.W3CHttpResponseCodec.decode(W3CHttpResponseCodec.java:53)
org.openqa.selenium.remote.HttpCommandExecutor.execute(HttpCommandExecutor.java:184)
io.appium.java_client.remote.AppiumCommandExecutor.execute(AppiumCommandExecutor.java:180)
org.openqa.selenium.remote.RemoteWebDriver.execute(RemoteWebDriver.java:559)
org.openqa.selenium.remote.ElementLocation$ElementFinder$2.findElement(ElementLocation.java:162)
org.openqa.selenium.remote.ElementLocation.findElement(ElementLocation.java:60)
org.openqa.selenium.remote.RemoteWebDriver.findElement(RemoteWebDriver.java:383)
org.openqa.selenium.remote.RemoteWebDriver.findElement(RemoteWebDriver.java:375)
com.shaft.gui.element.ElementActionsHelper.lambda$waitForElementPresence$0(ElementActionsHelper.java:68)
org.openqa.selenium.support.ui.FluentWait.until(FluentWait.java:208)
com.shaft.gui.element.ElementActionsHelper.waitForElementPresence(ElementActionsHelper.java:63)
com.shaft.gui.element.ElementActionsHelper.waitForElementPresence(ElementActionsHelper.java:37)
com.shaft.gui.element.WebDriverElementActions.getMatchingElementsCount(WebDriverElementActions.java:1468)
com.shaft.gui.element.WebDriverElementActions.getElementsCount(WebDriverElementActions.java:559)
com.shaft.gui.element.ElementActions.getElementsCount(ElementActions.java:261)
com.shaft.gui.image.ScreenshotManager.internalCaptureScreenShot(ScreenshotManager.java:394)
com.shaft.gui.image.ScreenshotManager.captureScreenShot(ScreenshotManager.java:141)
com.shaft.validation.ValidationsHelper.reportValidationState(ValidationsHelper.java:823)
com.shaft.validation.ValidationsHelper.fail(ValidationsHelper.java:588)
com.shaft.validation.ValidationsHelper.validateElementExists(ValidationsHelper.java:155)
com.shaft.validation.ValidationsExecutor.perform(ValidationsExecutor.java:146)
testPackage01.appium.AndroidBasicInteractionsTest.visualElementIdentification_samedpi(AndroidBasicInteractionsTest.java:81)
java.base/jdk.internal.reflect.NativeMethodAccessorImpl.invoke0(Native Method)
java.base/jdk.internal.reflect.NativeMethodAccessorImpl.invoke(NativeMethodAccessorImpl.java:77)
java.base/jdk.internal.reflect.DelegatingMethodAccessorImpl.invoke(DelegatingMethodAccessorImpl.java:43)
java.base/java.lang.reflect.Method.invoke(Method.java:568)
org.testng.internal.MethodInvocationHelper.invokeMethod(MethodInvocationHelper.java:133)
org.testng.internal.TestInvoker.invokeMethod(TestInvoker.java:598)
org.testng.internal.TestInvoker.invokeTestMethod(TestInvoker.java:173)
org.testng.internal.MethodRunner.runInSequence(MethodRunner.java:46)
org.testng.internal.TestInvoker$MethodInvocationAgent.invoke(TestInvoker.java:824)
org.testng.internal.TestInvoker.invokeTestMethods(TestInvoker.java:146)
org.testng.internal.TestMethodWorker.invokeTestMethods(TestMethodWorker.java:146)
org.testng.internal.TestMethodWorker.run(TestMethodWorker.java:128)
java.base/java.util.ArrayList.forEach(ArrayList.java:1511)
org.testng.TestRunner.privateRun(TestRunner.java:794)
org.testng.TestRunner.run(TestRunner.java:596)
org.testng.SuiteRunner.runTest(SuiteRunner.java:377)
org.testng.SuiteRunner.runSequentially(SuiteRunner.java:371)
org.testng.SuiteRunner.privateRun(SuiteRunner.java:332)
org.testng.SuiteRunner.run(SuiteRunner.java:276)
org.testng.SuiteRunnerWorker.runSuite(SuiteRunnerWorker.java:53)
org.testng.SuiteRunnerWorker.run(SuiteRunnerWorker.java:96)
org.testng.TestNG.runSuitesSequentially(TestNG.java:1212)
org.testng.TestNG.runSuitesLocally(TestNG.java:1134)
org.testng.TestNG.runSuites(TestNG.java:1063)
org.testng.TestNG.run(TestNG.java:1031)
org.apache.maven.surefire.testng.TestNGExecutor.run(TestNGExecutor.java:136)
org.apache.maven.surefire.testng.TestNGDirectoryTestSuite.executeSingleClass(TestNGDirectoryTestSuite.java:112)
org.apache.maven.surefire.testng.TestNGDirectoryTestSuite.execute(TestNGDirectoryTestSuite.java:99)
org.apache.maven.surefire.testng.TestNGProvider.invoke(TestNGProvider.java:145)
org.apache.maven.surefire.booter.ForkedBooter.runSuitesInProcess(ForkedBooter.java:428)
org.apache.maven.surefire.booter.ForkedBooter.execute(ForkedBooter.java:162)
org.apache.maven.surefire.booter.ForkedBooter.run(ForkedBooter.java:562)
org.apache.maven.surefire.booter.ForkedBooter.main(ForkedBooter.java:548) @09-12-2021 02:11:19.0638 AM
[ReportManager] File Action [CreateFile] successfully performed. With the following test data [Target Folder: "allure-results//screenshots/20211209-020538", Target File: "/1639015879842_visualElementIdentification_samedpi.gif"]. @09-12-2021 02:11:19.0862 AM
[ReportManager] Assertion Failed: Then I Assert that the element found by [AppiumBy.accessibilityId: Assets] exists. @09-12-2021 02:11:20.0391 AM
[ReportManager] Successfully created attachment [Screenshot - 1639015879842_visualElementIdentification_samedpi_ValidateElementExists_failed] @09-12-2021 02:11:20.0392 AM
[ReportManager] Assertion [ValidateElementExists] FAILED. Expected [Element Should Exist, locator 'AppiumBy.accessibilityId: Assets'] and Actual [Element Doesn't Exists]. Comparison Type [EQUALS]. Validation Type [POSITIVE]. @09-12-2021 02:11:20.0392 AM
[ReportManager] Successfully created attachment [Animated Gif - visualElementIdentification_samedpi] @09-12-2021 02:11:20.0393 A
[ReportManager] Successfully created attachment [Video Recording - teardown] @09-12-2021 02:11:21.0309 AM
[ReportManager] Successfully Closed All Drivers. @09-12-2021 02:11:21.0706 A
[ReportManager] Successfully created attachment [SHAFT Engine Logs - Execution log] @09-12-2021 02:11:21.0735 AM

################################################################################################################################################
This test run was powered by SHAFT Engine Version: [SHAFT Engine v5.4.20211202-BETA]
SHAFT Engine is licensed under the MIT License: [https://github.com/MohabMohie/SHAFT_ENGINE/blob/master/LICENSE].
################################################################################################################################################