{
  "uid" : "1bab04c2197139f",
  "name" : "assertThatSearchIsDisplayed",
  "fullName" : "testPackage01.Test_AppiumNative.assertThatSearchIsDisplayed",
  "historyId" : "ea7c0bd01a4f98d73fae5657aa7bd747",
  "time" : {
    "start" : 1634523055006,
    "stop" : 1634523099953,
    "duration" : 44947
  },
  "status" : "failed",
  "statusMessage" : "Assertion [ValidateElementExists] FAILED. Expected [Element Should Exist, locator 'By.id: com.jumia.android:id/search_input_text'] and Actual [Element Doesn't Exists]. Comparison Type [EQUALS]. Validation Type [POSITIVE].",
  "statusTrace" : "java.lang.AssertionError: Assertion [ValidateElementExists] FAILED. Expected [Element Should Exist, locator 'By.id: com.jumia.android:id/search_input_text'] and Actual [Element Doesn't Exists]. Comparison Type [EQUALS]. Validation Type [POSITIVE].\n\tat org.testng.Assert.fail(Assert.java:99)\n\tat com.shaft.validation.ValidationHelper.reportValidationState(ValidationHelper.java:795)\n\tat com.shaft.validation.ValidationHelper.fail(ValidationHelper.java:558)\n\tat com.shaft.validation.ValidationHelper.validateElementExists(ValidationHelper.java:152)\n\tat com.shaft.validation.ValidationsExecutor.perform(ValidationsExecutor.java:133)\n\tat testPackage01.Test_AppiumNative.assertThatSearchIsDisplayed(Test_AppiumNative.java:33)\n\tat java.base/jdk.internal.reflect.NativeMethodAccessorImpl.invoke0(Native Method)\n\tat java.base/jdk.internal.reflect.NativeMethodAccessorImpl.invoke(NativeMethodAccessorImpl.java:77)\n\tat java.base/jdk.internal.reflect.DelegatingMethodAccessorImpl.invoke(DelegatingMethodAccessorImpl.java:43)\n\tat java.base/java.lang.reflect.Method.invoke(Method.java:568)\n\tat org.testng.internal.MethodInvocationHelper.invokeMethod(MethodInvocationHelper.java:133)\n\tat org.testng.internal.TestInvoker.invokeMethod(TestInvoker.java:598)\n\tat org.testng.internal.TestInvoker.invokeTestMethod(TestInvoker.java:173)\n\tat org.testng.internal.MethodRunner.runInSequence(MethodRunner.java:46)\n\tat org.testng.internal.TestInvoker$MethodInvocationAgent.invoke(TestInvoker.java:824)\n\tat org.testng.internal.TestInvoker.invokeTestMethods(TestInvoker.java:146)\n\tat org.testng.internal.TestMethodWorker.invokeTestMethods(TestMethodWorker.java:146)\n\tat org.testng.internal.TestMethodWorker.run(TestMethodWorker.java:128)\n\tat java.base/java.util.ArrayList.forEach(ArrayList.java:1511)\n\tat org.testng.TestRunner.privateRun(TestRunner.java:794)\n\tat org.testng.TestRunner.run(TestRunner.java:596)\n\tat org.testng.SuiteRunner.runTest(SuiteRunner.java:377)\n\tat org.testng.SuiteRunner.runSequentially(SuiteRunner.java:371)\n\tat org.testng.SuiteRunner.privateRun(SuiteRunner.java:332)\n\tat org.testng.SuiteRunner.run(SuiteRunner.java:276)\n\tat org.testng.SuiteRunnerWorker.runSuite(SuiteRunnerWorker.java:53)\n\tat org.testng.SuiteRunnerWorker.run(SuiteRunnerWorker.java:96)\n\tat org.testng.TestNG.runSuitesSequentially(TestNG.java:1212)\n\tat org.testng.TestNG.runSuitesLocally(TestNG.java:1134)\n\tat org.testng.TestNG.runSuites(TestNG.java:1063)\n\tat org.testng.TestNG.run(TestNG.java:1031)\n\tat org.apache.maven.surefire.testng.TestNGExecutor.run(TestNGExecutor.java:136)\n\tat org.apache.maven.surefire.testng.TestNGDirectoryTestSuite.executeSingleClass(TestNGDirectoryTestSuite.java:112)\n\tat org.apache.maven.surefire.testng.TestNGDirectoryTestSuite.execute(TestNGDirectoryTestSuite.java:99)\n\tat org.apache.maven.surefire.testng.TestNGProvider.invoke(TestNGProvider.java:145)\n\tat org.apache.maven.surefire.booter.ForkedBooter.runSuitesInProcess(ForkedBooter.java:428)\n\tat org.apache.maven.surefire.booter.ForkedBooter.execute(ForkedBooter.java:162)\n\tat org.apache.maven.surefire.booter.ForkedBooter.run(ForkedBooter.java:562)\n\tat org.apache.maven.surefire.booter.ForkedBooter.main(ForkedBooter.java:548)\n",
  "flaky" : false,
  "newFailed" : false,
  "beforeStages" : [ {
    "name" : "setup",
    "time" : {
      "start" : 1634522997898,
      "stop" : 1634523054952,
      "duration" : 57054
    },
    "description" : "",
    "status" : "passed",
    "steps" : [ {
      "name" : "Attempting to run remotely on: [Android], [http://0.0.0.0:4723/wd/hub].",
      "time" : {
        "start" : 1634522997916,
        "stop" : 1634522997919,
        "duration" : 3
      },
      "status" : "passed",
      "steps" : [ ],
      "attachments" : [ ],
      "parameters" : [ {
        "name" : "actionCounter",
        "value" : "3"
      }, {
        "name" : "logText",
        "value" : "Attempting to run remotely on: [Android], [http://0.0.0.0:4723/wd/hub]."
      } ],
      "stepsCount" : 0,
      "attachmentsCount" : 0,
      "shouldDisplayMessage" : false,
      "hasContent" : true
    }, {
      "name" : "Successfully Opened [NativeMobileApp].",
      "time" : {
        "start" : 1634523054949,
        "stop" : 1634523054949,
        "duration" : 0
      },
      "status" : "passed",
      "steps" : [ ],
      "attachments" : [ ],
      "parameters" : [ {
        "name" : "actionCounter",
        "value" : "4"
      }, {
        "name" : "logText",
        "value" : "Successfully Opened [NativeMobileApp]."
      } ],
      "stepsCount" : 0,
      "attachmentsCount" : 0,
      "shouldDisplayMessage" : false,
      "hasContent" : true
    } ],
    "attachments" : [ ],
    "parameters" : [ ],
    "stepsCount" : 2,
    "attachmentsCount" : 0,
    "shouldDisplayMessage" : false,
    "hasContent" : true
  } ],
  "testStage" : {
    "status" : "failed",
    "statusMessage" : "Assertion [ValidateElementExists] FAILED. Expected [Element Should Exist, locator 'By.id: com.jumia.android:id/search_input_text'] and Actual [Element Doesn't Exists]. Comparison Type [EQUALS]. Validation Type [POSITIVE].",
    "statusTrace" : "java.lang.AssertionError: Assertion [ValidateElementExists] FAILED. Expected [Element Should Exist, locator 'By.id: com.jumia.android:id/search_input_text'] and Actual [Element Doesn't Exists]. Comparison Type [EQUALS]. Validation Type [POSITIVE].\n\tat org.testng.Assert.fail(Assert.java:99)\n\tat com.shaft.validation.ValidationHelper.reportValidationState(ValidationHelper.java:795)\n\tat com.shaft.validation.ValidationHelper.fail(ValidationHelper.java:558)\n\tat com.shaft.validation.ValidationHelper.validateElementExists(ValidationHelper.java:152)\n\tat com.shaft.validation.ValidationsExecutor.perform(ValidationsExecutor.java:133)\n\tat testPackage01.Test_AppiumNative.assertThatSearchIsDisplayed(Test_AppiumNative.java:33)\n\tat java.base/jdk.internal.reflect.NativeMethodAccessorImpl.invoke0(Native Method)\n\tat java.base/jdk.internal.reflect.NativeMethodAccessorImpl.invoke(NativeMethodAccessorImpl.java:77)\n\tat java.base/jdk.internal.reflect.DelegatingMethodAccessorImpl.invoke(DelegatingMethodAccessorImpl.java:43)\n\tat java.base/java.lang.reflect.Method.invoke(Method.java:568)\n\tat org.testng.internal.MethodInvocationHelper.invokeMethod(MethodInvocationHelper.java:133)\n\tat org.testng.internal.TestInvoker.invokeMethod(TestInvoker.java:598)\n\tat org.testng.internal.TestInvoker.invokeTestMethod(TestInvoker.java:173)\n\tat org.testng.internal.MethodRunner.runInSequence(MethodRunner.java:46)\n\tat org.testng.internal.TestInvoker$MethodInvocationAgent.invoke(TestInvoker.java:824)\n\tat org.testng.internal.TestInvoker.invokeTestMethods(TestInvoker.java:146)\n\tat org.testng.internal.TestMethodWorker.invokeTestMethods(TestMethodWorker.java:146)\n\tat org.testng.internal.TestMethodWorker.run(TestMethodWorker.java:128)\n\tat java.base/java.util.ArrayList.forEach(ArrayList.java:1511)\n\tat org.testng.TestRunner.privateRun(TestRunner.java:794)\n\tat org.testng.TestRunner.run(TestRunner.java:596)\n\tat org.testng.SuiteRunner.runTest(SuiteRunner.java:377)\n\tat org.testng.SuiteRunner.runSequentially(SuiteRunner.java:371)\n\tat org.testng.SuiteRunner.privateRun(SuiteRunner.java:332)\n\tat org.testng.SuiteRunner.run(SuiteRunner.java:276)\n\tat org.testng.SuiteRunnerWorker.runSuite(SuiteRunnerWorker.java:53)\n\tat org.testng.SuiteRunnerWorker.run(SuiteRunnerWorker.java:96)\n\tat org.testng.TestNG.runSuitesSequentially(TestNG.java:1212)\n\tat org.testng.TestNG.runSuitesLocally(TestNG.java:1134)\n\tat org.testng.TestNG.runSuites(TestNG.java:1063)\n\tat org.testng.TestNG.run(TestNG.java:1031)\n\tat org.apache.maven.surefire.testng.TestNGExecutor.run(TestNGExecutor.java:136)\n\tat org.apache.maven.surefire.testng.TestNGDirectoryTestSuite.executeSingleClass(TestNGDirectoryTestSuite.java:112)\n\tat org.apache.maven.surefire.testng.TestNGDirectoryTestSuite.execute(TestNGDirectoryTestSuite.java:99)\n\tat org.apache.maven.surefire.testng.TestNGProvider.invoke(TestNGProvider.java:145)\n\tat org.apache.maven.surefire.booter.ForkedBooter.runSuitesInProcess(ForkedBooter.java:428)\n\tat org.apache.maven.surefire.booter.ForkedBooter.execute(ForkedBooter.java:162)\n\tat org.apache.maven.surefire.booter.ForkedBooter.run(ForkedBooter.java:562)\n\tat org.apache.maven.surefire.booter.ForkedBooter.main(ForkedBooter.java:548)\n",
    "steps" : [ {
      "name" : "Element Action [Tap] successfully performed. With the following test data [Egypt].",
      "time" : {
        "start" : 1634523066275,
        "stop" : 1634523066282,
        "duration" : 7
      },
      "status" : "passed",
      "steps" : [ ],
      "attachments" : [ ],
      "parameters" : [ {
        "name" : "actionCounter",
        "value" : "5"
      }, {
        "name" : "logText",
        "value" : "Element Action [Tap] successfully performed. With the following test data [Egypt]."
      } ],
      "stepsCount" : 0,
      "attachmentsCount" : 0,
      "shouldDisplayMessage" : false,
      "hasContent" : true
    }, {
      "name" : "Element Action [Tap] successfully performed. With the following test data [English].",
      "time" : {
        "start" : 1634523069126,
        "stop" : 1634523069126,
        "duration" : 0
      },
      "status" : "passed",
      "steps" : [ ],
      "attachments" : [ ],
      "parameters" : [ {
        "name" : "actionCounter",
        "value" : "6"
      }, {
        "name" : "logText",
        "value" : "Element Action [Tap] successfully performed. With the following test data [English]."
      } ],
      "stepsCount" : 0,
      "attachmentsCount" : 0,
      "shouldDisplayMessage" : false,
      "hasContent" : true
    }, {
      "name" : "Assertion [ValidateElementExists] FAILED. Expected [Element Should Exist, locator 'By.id: com.jumia.android:id/search_input_text'] and Actual [Element Doesn't Exists]. Comparison Type [EQUALS]. Validation Type [POSITIVE].",
      "time" : {
        "start" : 1634523099873,
        "stop" : 1634523099888,
        "duration" : 15
      },
      "status" : "passed",
      "steps" : [ ],
      "attachments" : [ {
        "uid" : "8c71404925139948",
        "name" : "Attachment: Screenshot - 1634523099644_assertThatSearchIsDisplayed_ValidateElementExists_failed",
        "source" : "8c71404925139948.png",
        "type" : "image/png",
        "size" : 69807
      } ],
      "parameters" : [ {
        "name" : "actionCounter",
        "value" : "7"
      }, {
        "name" : "logText",
        "value" : "Assertion [ValidateElementExists] FAILED. Expected [Element Should Exist, locator 'By.id: com.jumia.android:id/search_input_text'] and Actual [Element Doesn't Exists]. Comparison Type [EQUALS]. Validation Type [POSITIVE]."
      }, {
        "name" : "attachments",
        "value" : "[[Screenshot, 1634523099644_assertThatSearchIsDisplayed_ValidateElementExists_failed, java.io.ByteArrayInputStream@5617168c]]"
      } ],
      "stepsCount" : 0,
      "attachmentsCount" : 1,
      "shouldDisplayMessage" : false,
      "hasContent" : true
    } ],
    "attachments" : [ {
      "uid" : "f1150715e531b41",
      "name" : "Attachment: Animated Gif - assertThatSearchIsDisplayed",
      "source" : "f1150715e531b41.gif",
      "type" : "image/gif",
      "size" : 237147
    }, {
      "uid" : "1feebb559bc7eb8e",
      "name" : "Attachment: SHAFT Engine Logs - Current Method log: assertThatSearchIsDisplayed",
      "source" : "1feebb559bc7eb8e.txt",
      "type" : "text/plain",
      "size" : 1567
    } ],
    "parameters" : [ ],
    "stepsCount" : 3,
    "attachmentsCount" : 3,
    "shouldDisplayMessage" : true,
    "hasContent" : true
  },
  "afterStages" : [ {
    "name" : "teardown",
    "time" : {
      "start" : 1634523100113,
      "stop" : 1634523101613,
      "duration" : 1500
    },
    "description" : "",
    "status" : "passed",
    "steps" : [ {
      "name" : "Successfully Closed All Drivers.",
      "time" : {
        "start" : 1634523101612,
        "stop" : 1634523101612,
        "duration" : 0
      },
      "status" : "passed",
      "steps" : [ ],
      "attachments" : [ ],
      "parameters" : [ {
        "name" : "actionCounter",
        "value" : "8"
      }, {
        "name" : "logText",
        "value" : "Successfully Closed All Drivers."
      } ],
      "stepsCount" : 0,
      "attachmentsCount" : 0,
      "shouldDisplayMessage" : false,
      "hasContent" : true
    } ],
    "attachments" : [ {
      "uid" : "864876f57612976e",
      "name" : "Attachment: Video Recording - teardown",
      "source" : "864876f57612976e.mp4",
      "type" : "video/mp4",
      "size" : 706239
    } ],
    "parameters" : [ ],
    "stepsCount" : 1,
    "attachmentsCount" : 1,
    "shouldDisplayMessage" : false,
    "hasContent" : true
  }, {
    "name" : "closureActivities",
    "time" : {
      "start" : 1634523101625,
      "stop" : 1634523102210,
      "duration" : 585
    },
    "description" : "",
    "status" : "passed",
    "steps" : [ {
      "name" : "Issue Summary: Total Issues = 1, New issues for Failed Tests = 1, Open issues for Passed Tests = 0, Open issues for Failed Tests = 0. Kindly check the attached Issue details.",
      "time" : {
        "start" : 1634523101631,
        "stop" : 1634523101632,
        "duration" : 1
      },
      "status" : "passed",
      "steps" : [ ],
      "attachments" : [ {
        "uid" : "f22c577ca0af6f32",
        "name" : "Attachment: SHAFT Engine Logs - Issues log CSV: 20211018-021141",
        "source" : "f22c577ca0af6f32.csv",
        "type" : "text/csv",
        "size" : 135
      } ],
      "parameters" : [ {
        "name" : "actionCounter",
        "value" : "9"
      }, {
        "name" : "logText",
        "value" : "Issue Summary: Total Issues = 1, New issues for Failed Tests = 1, Open issues for Passed Tests = 0, Open issues for Failed Tests = 0. Kindly check the attached Issue details."
      }, {
        "name" : "attachments",
        "value" : "[[SHAFT Engine Logs, Issues log CSV: 20211018-021141, java.io.ByteArrayInputStream@467cd4b9]]"
      } ],
      "stepsCount" : 0,
      "attachmentsCount" : 1,
      "shouldDisplayMessage" : false,
      "hasContent" : true
    } ],
    "attachments" : [ {
      "uid" : "fd715cc1894f3b3a",
      "name" : "Attachment: SHAFT Engine Logs - Execution log: 20211018-021141",
      "source" : "fd715cc1894f3b3a.txt",
      "type" : "text/plain",
      "size" : 3832
    }, {
      "uid" : "ce16fb8a6418e802",
      "name" : "Attachment: HTML - Extent Emailable Execution Report",
      "source" : "ce16fb8a6418e802.html",
      "type" : "text/html",
      "size" : 427596
    } ],
    "parameters" : [ ],
    "stepsCount" : 1,
    "attachmentsCount" : 3,
    "shouldDisplayMessage" : false,
    "hasContent" : true
  } ],
  "labels" : [ {
    "name" : "package",
    "value" : "testPackage01.Test_AppiumNative"
  }, {
    "name" : "testClass",
    "value" : "testPackage01.Test_AppiumNative"
  }, {
    "name" : "testMethod",
    "value" : "assertThatSearchIsDisplayed"
  }, {
    "name" : "parentSuite",
    "value" : "SHAFT: Custom Suite"
  }, {
    "name" : "suite",
    "value" : "SHAFT: Custom Test"
  }, {
    "name" : "subSuite",
    "value" : "testPackage01.Test_AppiumNative"
  }, {
    "name" : "host",
    "value" : "Mac-1634522349337.local"
  }, {
    "name" : "thread",
    "value" : "8854@Mac-1634522349337.local.main(1)"
  }, {
    "name" : "framework",
    "value" : "testng"
  }, {
    "name" : "language",
    "value" : "java"
  }, {
    "name" : "resultFormat",
    "value" : "allure2"
  } ],
  "parameters" : [ ],
  "links" : [ ],
  "hidden" : false,
  "retry" : false,
  "extra" : {
    "severity" : "normal",
    "retries" : [ ],
    "categories" : [ {
      "name" : "Product defects",
      "matchedStatuses" : [ ],
      "flaky" : false
    } ],
    "history" : {
      "statistic" : {
        "failed" : 5,
        "broken" : 0,
        "skipped" : 2,
        "passed" : 0,
        "unknown" : 0,
        "total" : 7
      },
      "items" : [ {
        "uid" : "f7de59e88729e01d",
        "reportUrl" : "https://MohabMohie.github.io/SHAFT_ENGINE/allure/MobileNative/Android/116//#testresult/f7de59e88729e01d",
        "status" : "failed",
        "statusDetails" : "Assertion [ValidateElementExists] FAILED. Expected [Element Should Exist, locator 'By.id: com.jumia.android:id/search_input_text'] and Actual [Element Doesn't Exists]. Comparison Type [EQUALS]. Validation Type [POSITIVE].",
        "time" : {
          "start" : 1634435966203,
          "stop" : 1634436008549,
          "duration" : 42346
        }
      }, {
        "uid" : "1672648a80b97ca7",
        "reportUrl" : "https://MohabMohie.github.io/SHAFT_ENGINE/allure/MobileNative/Android/115//#testresult/1672648a80b97ca7",
        "status" : "skipped",
        "statusDetails" : "Driver Factory Action [createNewRemoteDriverInstance] failed. With the following test data [Unhandled Error.].",
        "time" : {
          "start" : 1634350035542,
          "stop" : 1634350035574,
          "duration" : 32
        }
      }, {
        "uid" : "98be905658fa57e3",
        "reportUrl" : "https://MohabMohie.github.io/SHAFT_ENGINE/allure/MobileNative/Android/114//#testresult/98be905658fa57e3",
        "status" : "failed",
        "statusDetails" : "Assertion [ValidateElementExists] FAILED. Expected [Element Should Exist, locator 'By.id: com.jumia.android:id/search_input_text'] and Actual [Element Doesn't Exists]. Comparison Type [EQUALS]. Validation Type [POSITIVE].",
        "time" : {
          "start" : 1634263360144,
          "stop" : 1634263422334,
          "duration" : 62190
        }
      }, {
        "uid" : "efd417146d0fe70b",
        "reportUrl" : "https://MohabMohie.github.io/SHAFT_ENGINE/allure/MobileNative/Android/112//#testresult/efd417146d0fe70b",
        "status" : "skipped",
        "statusDetails" : "Driver Factory Action [createNewRemoteDriverInstance] failed. With the following test data [Failed to create Remote WebDriver instance].",
        "time" : {
          "start" : 1634202261541,
          "stop" : 1634202261578,
          "duration" : 37
        }
      }, {
        "uid" : "3156d57f7425c396",
        "reportUrl" : "https://MohabMohie.github.io/SHAFT_ENGINE/allure/MobileNative/Android/111//#testresult/3156d57f7425c396",
        "status" : "failed",
        "statusDetails" : "Assertion [ValidateElementExists] FAILED. Expected [Element Should Exist, locator 'By.id: com.jumia.android:id/search_input_text'] and Actual [Element Doesn't Exists]. Comparison Type [EQUALS]. Validation Type [POSITIVE].",
        "time" : {
          "start" : 1634177043689,
          "stop" : 1634177089265,
          "duration" : 45576
        }
      }, {
        "uid" : "d614506e7964de2b",
        "reportUrl" : "https://MohabMohie.github.io/SHAFT_ENGINE/allure/MobileNative/Android/109//#testresult/d614506e7964de2b",
        "status" : "failed",
        "statusDetails" : "Assertion [ValidateElementExists] FAILED. Expected [Element Should Exist, locator 'By.id: com.jumia.android:id/search_input_text'] and Actual [Element Doesn't Exists]. Comparison Type [EQUALS]. Validation Type [POSITIVE].",
        "time" : {
          "start" : 1634090629066,
          "stop" : 1634090670702,
          "duration" : 41636
        }
      } ]
    },
    "tags" : [ ]
  },
  "source" : "1bab04c2197139f.json",
  "parameterValues" : [ ]
}