{
  "uid" : "5c0abe4811350abf",
  "name" : "TC002 - Search for Query and Assert that the number of results is displayed",
  "fullName" : "testPackage01.Test_google_playwright.searchForQueryandAssertResultsNumDisplayed",
  "historyId" : "8c403aaf85c1c2abafe0a9a5d008562b",
  "time" : {
    "start" : 1635766970013,
    "stop" : 1635766975693,
    "duration" : 5680
  },
  "status" : "failed",
  "statusMessage" : "Assertion [ValidateElementAttribute] FAILED. Expected [Value Should not be '' for the 'text' attribute, element locator 'xpath=//div[@id='appbar']'] and Actual [Failed to read the desired element attribute]. Comparison Type [EQUALS]. Validation Type [NEGATIVE].",
  "statusTrace" : "java.lang.AssertionError: Assertion [ValidateElementAttribute] FAILED. Expected [Value Should not be '' for the 'text' attribute, element locator 'xpath=//div[@id='appbar']'] and Actual [Failed to read the desired element attribute]. Comparison Type [EQUALS]. Validation Type [NEGATIVE].\n\tat org.testng.Assert.fail(Assert.java:87)\n\tat com.shaft.validation.ValidationHelper.reportValidationState(ValidationHelper.java:834)\n\tat com.shaft.validation.ValidationHelper.fail(ValidationHelper.java:561)\n\tat com.shaft.validation.ValidationHelper.validateElementAttribute(ValidationHelper.java:205)\n\tat com.shaft.validation.Assertions.assertElementAttribute(Assertions.java:292)\n\tat poms.GoogleSearchResults.assertResultsStatsExistsAndIsNotEmpty(GoogleSearchResults.java:36)\n\tat testPackage01.Test_google_playwright.searchForQueryandAssertResultsNumDisplayed(Test_google_playwright.java:35)\n\tat java.base/jdk.internal.reflect.NativeMethodAccessorImpl.invoke0(Native Method)\n\tat java.base/jdk.internal.reflect.NativeMethodAccessorImpl.invoke(NativeMethodAccessorImpl.java:77)\n\tat java.base/jdk.internal.reflect.DelegatingMethodAccessorImpl.invoke(DelegatingMethodAccessorImpl.java:43)\n\tat java.base/java.lang.reflect.Method.invoke(Method.java:568)\n\tat org.testng.internal.MethodInvocationHelper.invokeMethod(MethodInvocationHelper.java:133)\n\tat org.testng.internal.TestInvoker.invokeMethod(TestInvoker.java:598)\n\tat org.testng.internal.TestInvoker.invokeTestMethod(TestInvoker.java:173)\n\tat org.testng.internal.MethodRunner.runInSequence(MethodRunner.java:46)\n\tat org.testng.internal.TestInvoker$MethodInvocationAgent.invoke(TestInvoker.java:824)\n\tat org.testng.internal.TestInvoker.invokeTestMethods(TestInvoker.java:146)\n\tat org.testng.internal.TestMethodWorker.invokeTestMethods(TestMethodWorker.java:146)\n\tat org.testng.internal.TestMethodWorker.run(TestMethodWorker.java:128)\n\tat java.base/java.util.ArrayList.forEach(ArrayList.java:1511)\n\tat org.testng.TestRunner.privateRun(TestRunner.java:794)\n\tat org.testng.TestRunner.run(TestRunner.java:596)\n\tat org.testng.SuiteRunner.runTest(SuiteRunner.java:377)\n\tat org.testng.SuiteRunner.runSequentially(SuiteRunner.java:371)\n\tat org.testng.SuiteRunner.privateRun(SuiteRunner.java:332)\n\tat org.testng.SuiteRunner.run(SuiteRunner.java:276)\n\tat org.testng.SuiteRunnerWorker.runSuite(SuiteRunnerWorker.java:53)\n\tat org.testng.SuiteRunnerWorker.run(SuiteRunnerWorker.java:96)\n\tat org.testng.TestNG.runSuitesSequentially(TestNG.java:1212)\n\tat org.testng.TestNG.runSuitesLocally(TestNG.java:1134)\n\tat org.testng.TestNG.runSuites(TestNG.java:1063)\n\tat org.testng.TestNG.run(TestNG.java:1031)\n\tat org.apache.maven.surefire.testng.TestNGExecutor.run(TestNGExecutor.java:136)\n\tat org.apache.maven.surefire.testng.TestNGDirectoryTestSuite.executeMulti(TestNGDirectoryTestSuite.java:193)\n\tat org.apache.maven.surefire.testng.TestNGDirectoryTestSuite.execute(TestNGDirectoryTestSuite.java:94)\n\tat org.apache.maven.surefire.testng.TestNGProvider.invoke(TestNGProvider.java:145)\n\tat org.apache.maven.surefire.booter.ForkedBooter.runSuitesInProcess(ForkedBooter.java:428)\n\tat org.apache.maven.surefire.booter.ForkedBooter.execute(ForkedBooter.java:162)\n\tat org.apache.maven.surefire.booter.ForkedBooter.run(ForkedBooter.java:562)\n\tat org.apache.maven.surefire.booter.ForkedBooter.main(ForkedBooter.java:548)\nCaused by: java.lang.AssertionError: Element Action [GetMatchingElementsCount] failed.\n\tat org.testng.Assert.fail(Assert.java:87)\n\tat com.shaft.gui.element.PlayWrightElementActions.failAction(PlayWrightElementActions.java:687)\n\tat com.shaft.gui.element.PlayWrightElementActions.failAction(PlayWrightElementActions.java:679)\n\tat com.shaft.gui.element.PlayWrightElementActions.getMatchingElementsCount(PlayWrightElementActions.java:705)\n\tat com.shaft.gui.element.PlayWrightElementActions.identifyUniqueElement(PlayWrightElementActions.java:712)\n\tat com.shaft.gui.element.PlayWrightElementActions.identifyUniqueElement(PlayWrightElementActions.java:607)\n\tat com.shaft.gui.element.PlayWrightElementActions.getText(PlayWrightElementActions.java:319)\n\tat com.shaft.gui.element.PlayWrightElementActions.getText(PlayWrightElementActions.java:942)\n\tat com.shaft.validation.ValidationHelper.validateElementAttribute(ValidationHelper.java:191)\n\t... 36 more\nCaused by: com.microsoft.playwright.TimeoutError: Error {\n  message='Timeout 5000ms exceeded.\n=========================== logs ===========================\nwaiting for selector \"xpath=//div[@id='appbar']\"\n============================================================\n  name='TimeoutError\n  stack='TimeoutError: Timeout 5000ms exceeded.\n=========================== logs ===========================\nwaiting for selector \"xpath=//div[@id='appbar']\"\n============================================================\n    at ProgressController.run (/private/var/folders/24/8k48jl6d249_n_qfxwsl6xvm0000gn/T/playwright-java-16322307504251590520/package/lib/server/progress.js:96:26)\n    at Frame.waitForSelector (/private/var/folders/24/8k48jl6d249_n_qfxwsl6xvm0000gn/T/playwright-java-16322307504251590520/package/lib/server/frames.js:750:23)\n    at FrameDispatcher.waitForSelector (/private/var/folders/24/8k48jl6d249_n_qfxwsl6xvm0000gn/T/playwright-java-16322307504251590520/package/lib/dispatchers/frameDispatcher.js:103:110)\n    at DispatcherConnection.dispatch (/private/var/folders/24/8k48jl6d249_n_qfxwsl6xvm0000gn/T/playwright-java-16322307504251590520/package/lib/dispatchers/dispatcher.js:349:46)\n}\n\tat com.microsoft.playwright.impl.WaitableResult.get(WaitableResult.java:52)\n\tat com.microsoft.playwright.impl.ChannelOwner.runUntil(ChannelOwner.java:103)\n\tat com.microsoft.playwright.impl.Connection.sendMessage(Connection.java:115)\n\tat com.microsoft.playwright.impl.ChannelOwner.sendMessage(ChannelOwner.java:94)\n\tat com.microsoft.playwright.impl.FrameImpl.waitForSelectorImpl(FrameImpl.java:961)\n\tat com.microsoft.playwright.impl.FrameImpl.waitForSelectorImpl(FrameImpl.java:951)\n\tat com.microsoft.playwright.impl.PageImpl.lambda$waitForSelector$76(PageImpl.java:1372)\n\tat com.microsoft.playwright.impl.LoggingSupport.withLogging(LoggingSupport.java:47)\n\tat com.microsoft.playwright.impl.ChannelOwner.withLogging(ChannelOwner.java:79)\n\tat com.microsoft.playwright.impl.PageImpl.waitForSelector(PageImpl.java:1371)\n\tat com.shaft.gui.element.PlayWrightElementActions.getMatchingElementsCount(PlayWrightElementActions.java:701)\n\t... 41 more\nCaused by: com.microsoft.playwright.TimeoutError: Error {\n  message='Timeout 5000ms exceeded.\n=========================== logs ===========================\nwaiting for selector \"xpath=//div[@id='appbar']\"\n============================================================\n  name='TimeoutError\n  stack='TimeoutError: Timeout 5000ms exceeded.\n=========================== logs ===========================\nwaiting for selector \"xpath=//div[@id='appbar']\"\n============================================================\n    at ProgressController.run (/private/var/folders/24/8k48jl6d249_n_qfxwsl6xvm0000gn/T/playwright-java-16322307504251590520/package/lib/server/progress.js:96:26)\n    at Frame.waitForSelector (/private/var/folders/24/8k48jl6d249_n_qfxwsl6xvm0000gn/T/playwright-java-16322307504251590520/package/lib/server/frames.js:750:23)\n    at FrameDispatcher.waitForSelector (/private/var/folders/24/8k48jl6d249_n_qfxwsl6xvm0000gn/T/playwright-java-16322307504251590520/package/lib/dispatchers/frameDispatcher.js:103:110)\n    at DispatcherConnection.dispatch (/private/var/folders/24/8k48jl6d249_n_qfxwsl6xvm0000gn/T/playwright-java-16322307504251590520/package/lib/dispatchers/dispatcher.js:349:46)\n}\n\tat com.microsoft.playwright.impl.Connection.dispatch(Connection.java:226)\n\tat com.microsoft.playwright.impl.Connection.processOneMessage(Connection.java:208)\n\tat com.microsoft.playwright.impl.ChannelOwner.runUntil(ChannelOwner.java:101)\n\t... 50 more\n",
  "flaky" : true,
  "newFailed" : true,
  "beforeStages" : [ {
    "name" : "beforeClass",
    "time" : {
      "start" : 1635766892904,
      "stop" : 1635766967226,
      "duration" : 74322
    },
    "description" : "",
    "status" : "passed",
    "steps" : [ {
      "name" : "Successfully loaded the following test data file [src/test/resources/TestDataFiles/testSuite01/TestData.xlsx].",
      "time" : {
        "start" : 1635766892939,
        "stop" : 1635766892949,
        "duration" : 10
      },
      "status" : "passed",
      "steps" : [ ],
      "attachments" : [ {
        "uid" : "de733cd19557127c",
        "name" : "Attachment: Test Data - Excel",
        "source" : "de733cd19557127c.xlsx",
        "type" : "application/vnd.openxmlformats-officedocument.spreadsheetml.sheet",
        "size" : 12483
      } ],
      "parameters" : [ {
        "name" : "actionCounter",
        "value" : "264"
      }, {
        "name" : "logText",
        "value" : "Successfully loaded the following test data file [src/test/resources/TestDataFiles/testSuite01/TestData.xlsx]."
      }, {
        "name" : "attachments",
        "value" : "[[Test Data, Excel, java.io.FileInputStream@2c799403]]"
      } ],
      "stepsCount" : 0,
      "attachmentsCount" : 1,
      "shouldDisplayMessage" : false,
      "hasContent" : true
    }, {
      "name" : "Attempting to run using Playwright locally on: [Mac-64], [Safari], Headless Execution.",
      "time" : {
        "start" : 1635766960319,
        "stop" : 1635766960319,
        "duration" : 0
      },
      "status" : "passed",
      "steps" : [ ],
      "attachments" : [ ],
      "parameters" : [ {
        "name" : "actionCounter",
        "value" : "265"
      }, {
        "name" : "logText",
        "value" : "Attempting to run using Playwright locally on: [Mac-64], [Safari], Headless Execution."
      } ],
      "stepsCount" : 0,
      "attachmentsCount" : 0,
      "shouldDisplayMessage" : false,
      "hasContent" : true
    }, {
      "name" : "Browser Action [MaximizeWindow] successfully performed. With the following test data [New screen size is now: (1920, 1080)].",
      "time" : {
        "start" : 1635766967226,
        "stop" : 1635766967226,
        "duration" : 0
      },
      "status" : "passed",
      "steps" : [ ],
      "attachments" : [ ],
      "parameters" : [ {
        "name" : "actionCounter",
        "value" : "266"
      }, {
        "name" : "logText",
        "value" : "Browser Action [MaximizeWindow] successfully performed. With the following test data [New screen size is now: (1920, 1080)]."
      }, {
        "name" : "attachments",
        "value" : "[null]"
      } ],
      "stepsCount" : 0,
      "attachmentsCount" : 0,
      "shouldDisplayMessage" : false,
      "hasContent" : true
    } ],
    "attachments" : [ ],
    "parameters" : [ ],
    "stepsCount" : 3,
    "attachmentsCount" : 1,
    "shouldDisplayMessage" : false,
    "hasContent" : true
  } ],
  "testStage" : {
    "status" : "failed",
    "statusMessage" : "Assertion [ValidateElementAttribute] FAILED. Expected [Value Should not be '' for the 'text' attribute, element locator 'xpath=//div[@id='appbar']'] and Actual [Failed to read the desired element attribute]. Comparison Type [EQUALS]. Validation Type [NEGATIVE].",
    "statusTrace" : "java.lang.AssertionError: Assertion [ValidateElementAttribute] FAILED. Expected [Value Should not be '' for the 'text' attribute, element locator 'xpath=//div[@id='appbar']'] and Actual [Failed to read the desired element attribute]. Comparison Type [EQUALS]. Validation Type [NEGATIVE].\n\tat org.testng.Assert.fail(Assert.java:87)\n\tat com.shaft.validation.ValidationHelper.reportValidationState(ValidationHelper.java:834)\n\tat com.shaft.validation.ValidationHelper.fail(ValidationHelper.java:561)\n\tat com.shaft.validation.ValidationHelper.validateElementAttribute(ValidationHelper.java:205)\n\tat com.shaft.validation.Assertions.assertElementAttribute(Assertions.java:292)\n\tat poms.GoogleSearchResults.assertResultsStatsExistsAndIsNotEmpty(GoogleSearchResults.java:36)\n\tat testPackage01.Test_google_playwright.searchForQueryandAssertResultsNumDisplayed(Test_google_playwright.java:35)\n\tat java.base/jdk.internal.reflect.NativeMethodAccessorImpl.invoke0(Native Method)\n\tat java.base/jdk.internal.reflect.NativeMethodAccessorImpl.invoke(NativeMethodAccessorImpl.java:77)\n\tat java.base/jdk.internal.reflect.DelegatingMethodAccessorImpl.invoke(DelegatingMethodAccessorImpl.java:43)\n\tat java.base/java.lang.reflect.Method.invoke(Method.java:568)\n\tat org.testng.internal.MethodInvocationHelper.invokeMethod(MethodInvocationHelper.java:133)\n\tat org.testng.internal.TestInvoker.invokeMethod(TestInvoker.java:598)\n\tat org.testng.internal.TestInvoker.invokeTestMethod(TestInvoker.java:173)\n\tat org.testng.internal.MethodRunner.runInSequence(MethodRunner.java:46)\n\tat org.testng.internal.TestInvoker$MethodInvocationAgent.invoke(TestInvoker.java:824)\n\tat org.testng.internal.TestInvoker.invokeTestMethods(TestInvoker.java:146)\n\tat org.testng.internal.TestMethodWorker.invokeTestMethods(TestMethodWorker.java:146)\n\tat org.testng.internal.TestMethodWorker.run(TestMethodWorker.java:128)\n\tat java.base/java.util.ArrayList.forEach(ArrayList.java:1511)\n\tat org.testng.TestRunner.privateRun(TestRunner.java:794)\n\tat org.testng.TestRunner.run(TestRunner.java:596)\n\tat org.testng.SuiteRunner.runTest(SuiteRunner.java:377)\n\tat org.testng.SuiteRunner.runSequentially(SuiteRunner.java:371)\n\tat org.testng.SuiteRunner.privateRun(SuiteRunner.java:332)\n\tat org.testng.SuiteRunner.run(SuiteRunner.java:276)\n\tat org.testng.SuiteRunnerWorker.runSuite(SuiteRunnerWorker.java:53)\n\tat org.testng.SuiteRunnerWorker.run(SuiteRunnerWorker.java:96)\n\tat org.testng.TestNG.runSuitesSequentially(TestNG.java:1212)\n\tat org.testng.TestNG.runSuitesLocally(TestNG.java:1134)\n\tat org.testng.TestNG.runSuites(TestNG.java:1063)\n\tat org.testng.TestNG.run(TestNG.java:1031)\n\tat org.apache.maven.surefire.testng.TestNGExecutor.run(TestNGExecutor.java:136)\n\tat org.apache.maven.surefire.testng.TestNGDirectoryTestSuite.executeMulti(TestNGDirectoryTestSuite.java:193)\n\tat org.apache.maven.surefire.testng.TestNGDirectoryTestSuite.execute(TestNGDirectoryTestSuite.java:94)\n\tat org.apache.maven.surefire.testng.TestNGProvider.invoke(TestNGProvider.java:145)\n\tat org.apache.maven.surefire.booter.ForkedBooter.runSuitesInProcess(ForkedBooter.java:428)\n\tat org.apache.maven.surefire.booter.ForkedBooter.execute(ForkedBooter.java:162)\n\tat org.apache.maven.surefire.booter.ForkedBooter.run(ForkedBooter.java:562)\n\tat org.apache.maven.surefire.booter.ForkedBooter.main(ForkedBooter.java:548)\nCaused by: java.lang.AssertionError: Element Action [GetMatchingElementsCount] failed.\n\tat org.testng.Assert.fail(Assert.java:87)\n\tat com.shaft.gui.element.PlayWrightElementActions.failAction(PlayWrightElementActions.java:687)\n\tat com.shaft.gui.element.PlayWrightElementActions.failAction(PlayWrightElementActions.java:679)\n\tat com.shaft.gui.element.PlayWrightElementActions.getMatchingElementsCount(PlayWrightElementActions.java:705)\n\tat com.shaft.gui.element.PlayWrightElementActions.identifyUniqueElement(PlayWrightElementActions.java:712)\n\tat com.shaft.gui.element.PlayWrightElementActions.identifyUniqueElement(PlayWrightElementActions.java:607)\n\tat com.shaft.gui.element.PlayWrightElementActions.getText(PlayWrightElementActions.java:319)\n\tat com.shaft.gui.element.PlayWrightElementActions.getText(PlayWrightElementActions.java:942)\n\tat com.shaft.validation.ValidationHelper.validateElementAttribute(ValidationHelper.java:191)\n\t... 36 more\nCaused by: com.microsoft.playwright.TimeoutError: Error {\n  message='Timeout 5000ms exceeded.\n=========================== logs ===========================\nwaiting for selector \"xpath=//div[@id='appbar']\"\n============================================================\n  name='TimeoutError\n  stack='TimeoutError: Timeout 5000ms exceeded.\n=========================== logs ===========================\nwaiting for selector \"xpath=//div[@id='appbar']\"\n============================================================\n    at ProgressController.run (/private/var/folders/24/8k48jl6d249_n_qfxwsl6xvm0000gn/T/playwright-java-16322307504251590520/package/lib/server/progress.js:96:26)\n    at Frame.waitForSelector (/private/var/folders/24/8k48jl6d249_n_qfxwsl6xvm0000gn/T/playwright-java-16322307504251590520/package/lib/server/frames.js:750:23)\n    at FrameDispatcher.waitForSelector (/private/var/folders/24/8k48jl6d249_n_qfxwsl6xvm0000gn/T/playwright-java-16322307504251590520/package/lib/dispatchers/frameDispatcher.js:103:110)\n    at DispatcherConnection.dispatch (/private/var/folders/24/8k48jl6d249_n_qfxwsl6xvm0000gn/T/playwright-java-16322307504251590520/package/lib/dispatchers/dispatcher.js:349:46)\n}\n\tat com.microsoft.playwright.impl.WaitableResult.get(WaitableResult.java:52)\n\tat com.microsoft.playwright.impl.ChannelOwner.runUntil(ChannelOwner.java:103)\n\tat com.microsoft.playwright.impl.Connection.sendMessage(Connection.java:115)\n\tat com.microsoft.playwright.impl.ChannelOwner.sendMessage(ChannelOwner.java:94)\n\tat com.microsoft.playwright.impl.FrameImpl.waitForSelectorImpl(FrameImpl.java:961)\n\tat com.microsoft.playwright.impl.FrameImpl.waitForSelectorImpl(FrameImpl.java:951)\n\tat com.microsoft.playwright.impl.PageImpl.lambda$waitForSelector$76(PageImpl.java:1372)\n\tat com.microsoft.playwright.impl.LoggingSupport.withLogging(LoggingSupport.java:47)\n\tat com.microsoft.playwright.impl.ChannelOwner.withLogging(ChannelOwner.java:79)\n\tat com.microsoft.playwright.impl.PageImpl.waitForSelector(PageImpl.java:1371)\n\tat com.shaft.gui.element.PlayWrightElementActions.getMatchingElementsCount(PlayWrightElementActions.java:701)\n\t... 41 more\nCaused by: com.microsoft.playwright.TimeoutError: Error {\n  message='Timeout 5000ms exceeded.\n=========================== logs ===========================\nwaiting for selector \"xpath=//div[@id='appbar']\"\n============================================================\n  name='TimeoutError\n  stack='TimeoutError: Timeout 5000ms exceeded.\n=========================== logs ===========================\nwaiting for selector \"xpath=//div[@id='appbar']\"\n============================================================\n    at ProgressController.run (/private/var/folders/24/8k48jl6d249_n_qfxwsl6xvm0000gn/T/playwright-java-16322307504251590520/package/lib/server/progress.js:96:26)\n    at Frame.waitForSelector (/private/var/folders/24/8k48jl6d249_n_qfxwsl6xvm0000gn/T/playwright-java-16322307504251590520/package/lib/server/frames.js:750:23)\n    at FrameDispatcher.waitForSelector (/private/var/folders/24/8k48jl6d249_n_qfxwsl6xvm0000gn/T/playwright-java-16322307504251590520/package/lib/dispatchers/frameDispatcher.js:103:110)\n    at DispatcherConnection.dispatch (/private/var/folders/24/8k48jl6d249_n_qfxwsl6xvm0000gn/T/playwright-java-16322307504251590520/package/lib/dispatchers/dispatcher.js:349:46)\n}\n\tat com.microsoft.playwright.impl.Connection.dispatch(Connection.java:226)\n\tat com.microsoft.playwright.impl.Connection.processOneMessage(Connection.java:208)\n\tat com.microsoft.playwright.impl.ChannelOwner.runUntil(ChannelOwner.java:101)\n\t... 50 more\n",
    "steps" : [ {
      "name" : "Element Action [Type] successfully performed. With the following test data [SHAFT_Engine].",
      "time" : {
        "start" : 1635766970237,
        "stop" : 1635766970237,
        "duration" : 0
      },
      "status" : "passed",
      "steps" : [ ],
      "attachments" : [ ],
      "parameters" : [ {
        "name" : "actionCounter",
        "value" : "269"
      }, {
        "name" : "logText",
        "value" : "Element Action [Type] successfully performed. With the following test data [SHAFT_Engine]."
      } ],
      "stepsCount" : 0,
      "attachmentsCount" : 0,
      "shouldDisplayMessage" : false,
      "hasContent" : true
    }, {
      "name" : "Element Action [KeyPress] successfully performed. With the following test data [Enter].",
      "time" : {
        "start" : 1635766970352,
        "stop" : 1635766970352,
        "duration" : 0
      },
      "status" : "passed",
      "steps" : [ ],
      "attachments" : [ ],
      "parameters" : [ {
        "name" : "actionCounter",
        "value" : "270"
      }, {
        "name" : "logText",
        "value" : "Element Action [KeyPress] successfully performed. With the following test data [Enter]."
      } ],
      "stepsCount" : 0,
      "attachmentsCount" : 0,
      "shouldDisplayMessage" : false,
      "hasContent" : true
    }, {
      "name" : "Element Action [GetMatchingElementsCount] failed.",
      "time" : {
        "start" : 1635766975672,
        "stop" : 1635766975678,
        "duration" : 6
      },
      "status" : "passed",
      "steps" : [ ],
      "attachments" : [ {
        "uid" : "3865f084b300216d",
        "name" : "Attachment: Screenshot - 1635766975525_searchForQueryandAssertResultsNumDisplayed_GetMatchingElementsCount_failed",
        "source" : "3865f084b300216d.png",
        "type" : "image/png",
        "size" : 66706
      } ],
      "parameters" : [ {
        "name" : "actionCounter",
        "value" : "271"
      }, {
        "name" : "logText",
        "value" : "Element Action [GetMatchingElementsCount] failed."
      }, {
        "name" : "attachments",
        "value" : "[[Screenshot, 1635766975525_searchForQueryandAssertResultsNumDisplayed_GetMatchingElementsCount_failed, java.io.ByteArrayInputStream@73ed8541]]"
      } ],
      "stepsCount" : 0,
      "attachmentsCount" : 1,
      "shouldDisplayMessage" : false,
      "hasContent" : true
    }, {
      "name" : "Assertion [ValidateElementAttribute] FAILED. Expected [Value Should not be '' for the 'text' attribute, element locator 'xpath=//div[@id='appbar']'] and Actual [Failed to read the desired element attribute]. Comparison Type [EQUALS]. Validation Type [NEGATIVE].",
      "time" : {
        "start" : 1635766975679,
        "stop" : 1635766975679,
        "duration" : 0
      },
      "status" : "passed",
      "steps" : [ ],
      "attachments" : [ ],
      "parameters" : [ {
        "name" : "actionCounter",
        "value" : "272"
      }, {
        "name" : "logText",
        "value" : "Assertion [ValidateElementAttribute] FAILED. Expected [Value Should not be '' for the 'text' attribute, element locator 'xpath=//div[@id='appbar']'] and Actual [Failed to read the desired element attribute]. Comparison Type [EQUALS]. Validation Type [NEGATIVE]."
      }, {
        "name" : "attachments",
        "value" : "null"
      } ],
      "stepsCount" : 0,
      "attachmentsCount" : 0,
      "shouldDisplayMessage" : false,
      "hasContent" : true
    } ],
    "attachments" : [ {
      "uid" : "9fd3900e9c8568aa",
      "name" : "Attachment: SHAFT Engine Logs - Current Method log: searchForQueryandAssertResultsNumDisplayed",
      "source" : "9fd3900e9c8568aa.txt",
      "type" : "text/plain",
      "size" : 1402
    } ],
    "parameters" : [ ],
    "stepsCount" : 4,
    "attachmentsCount" : 2,
    "shouldDisplayMessage" : true,
    "hasContent" : true
  },
  "afterStages" : [ {
    "name" : "afterClass",
    "time" : {
      "start" : 1635766975722,
      "stop" : 1635766975778,
      "duration" : 56
    },
    "description" : "",
    "status" : "passed",
    "steps" : [ {
      "name" : "Successfully Closed PlayWright Driver.",
      "time" : {
        "start" : 1635766975778,
        "stop" : 1635766975778,
        "duration" : 0
      },
      "status" : "passed",
      "steps" : [ ],
      "attachments" : [ ],
      "parameters" : [ {
        "name" : "actionCounter",
        "value" : "273"
      }, {
        "name" : "logText",
        "value" : "Successfully Closed PlayWright Driver."
      } ],
      "stepsCount" : 0,
      "attachmentsCount" : 0,
      "shouldDisplayMessage" : false,
      "hasContent" : true
    } ],
    "attachments" : [ ],
    "parameters" : [ ],
    "stepsCount" : 1,
    "attachmentsCount" : 0,
    "shouldDisplayMessage" : false,
    "hasContent" : true
  }, {
    "name" : "closureActivities",
    "time" : {
      "start" : 1635766981937,
      "stop" : 1635766982012,
      "duration" : 75
    },
    "description" : "",
    "status" : "broken",
    "statusMessage" : "Could not initialize class org.openqa.selenium.remote.UnreachableBrowserException",
    "statusTrace" : "java.lang.NoClassDefFoundError: Could not initialize class org.openqa.selenium.remote.UnreachableBrowserException\n\tat org.openqa.selenium.remote.RemoteWebDriver.execute(RemoteWebDriver.java:583)\n\tat org.openqa.selenium.remote.RemoteWebDriver.execute(RemoteWebDriver.java:614)\n\tat org.openqa.selenium.remote.RemoteWebDriver.execute(RemoteWebDriver.java:618)\n\tat org.openqa.selenium.remote.RemoteWebDriver.quit(RemoteWebDriver.java:455)\n\tat com.shaft.driver.DriverFactoryHelper.attemptToCloseOrQuitDriver(DriverFactoryHelper.java:739)\n\tat com.shaft.driver.DriverFactoryHelper.closeAllDrivers(DriverFactoryHelper.java:238)\n\tat com.shaft.driver.DriverFactory.closeAllDrivers(DriverFactory.java:175)\n\tat com.shaft.gui.browser.BrowserFactory.closeAllBrowsers(BrowserFactory.java:49)\n\tat com.shaft.tools.io.LogsHelper.attachBrowserLogs(LogsHelper.java:33)\n\tat com.shaft.tools.io.LogsHelper.closureActivities(LogsHelper.java:16)\n\tat java.base/jdk.internal.reflect.NativeMethodAccessorImpl.invoke0(Native Method)\n\tat java.base/jdk.internal.reflect.NativeMethodAccessorImpl.invoke(NativeMethodAccessorImpl.java:77)\n\tat java.base/jdk.internal.reflect.DelegatingMethodAccessorImpl.invoke(DelegatingMethodAccessorImpl.java:43)\n\tat java.base/java.lang.reflect.Method.invoke(Method.java:568)\n\tat org.testng.internal.MethodInvocationHelper.invokeMethod(MethodInvocationHelper.java:133)\n\tat org.testng.internal.MethodInvocationHelper.invokeMethodConsideringTimeout(MethodInvocationHelper.java:62)\n\tat org.testng.internal.ConfigInvoker.invokeConfigurationMethod(ConfigInvoker.java:385)\n\tat org.testng.internal.ConfigInvoker.invokeConfigurations(ConfigInvoker.java:321)\n\tat org.testng.SuiteRunner.privateRun(SuiteRunner.java:344)\n\tat org.testng.SuiteRunner.run(SuiteRunner.java:276)\n\tat org.testng.SuiteRunnerWorker.runSuite(SuiteRunnerWorker.java:53)\n\tat org.testng.SuiteRunnerWorker.run(SuiteRunnerWorker.java:96)\n\tat org.testng.TestNG.runSuitesSequentially(TestNG.java:1212)\n\tat org.testng.TestNG.runSuitesLocally(TestNG.java:1134)\n\tat org.testng.TestNG.runSuites(TestNG.java:1063)\n\tat org.testng.TestNG.run(TestNG.java:1031)\n\tat org.apache.maven.surefire.testng.TestNGExecutor.run(TestNGExecutor.java:136)\n\tat org.apache.maven.surefire.testng.TestNGDirectoryTestSuite.executeMulti(TestNGDirectoryTestSuite.java:193)\n\tat org.apache.maven.surefire.testng.TestNGDirectoryTestSuite.execute(TestNGDirectoryTestSuite.java:94)\n\tat org.apache.maven.surefire.testng.TestNGProvider.invoke(TestNGProvider.java:145)\n\tat org.apache.maven.surefire.booter.ForkedBooter.runSuitesInProcess(ForkedBooter.java:428)\n\tat org.apache.maven.surefire.booter.ForkedBooter.execute(ForkedBooter.java:162)\n\tat org.apache.maven.surefire.booter.ForkedBooter.run(ForkedBooter.java:562)\n\tat org.apache.maven.surefire.booter.ForkedBooter.main(ForkedBooter.java:548)\n",
    "steps" : [ ],
    "attachments" : [ ],
    "parameters" : [ ],
    "stepsCount" : 0,
    "attachmentsCount" : 0,
    "shouldDisplayMessage" : true,
    "hasContent" : true
  } ],
  "labels" : [ {
    "name" : "package",
    "value" : "testPackage01.Test_google_playwright"
  }, {
    "name" : "testClass",
    "value" : "testPackage01.Test_google_playwright"
  }, {
    "name" : "testMethod",
    "value" : "searchForQueryandAssertResultsNumDisplayed"
  }, {
    "name" : "parentSuite",
    "value" : "SHAFT: Custom Suite"
  }, {
    "name" : "suite",
    "value" : "SHAFT: Custom Test"
  }, {
    "name" : "subSuite",
    "value" : "testPackage01.Test_google_playwright"
  }, {
    "name" : "host",
    "value" : "Mac-1635766509523.local"
  }, {
    "name" : "thread",
    "value" : "2223@Mac-1635766509523.local.main(1)"
  }, {
    "name" : "framework",
    "value" : "testng"
  }, {
    "name" : "language",
    "value" : "java"
  }, {
    "name" : "resultFormat",
    "value" : "allure2"
  } ],
  "parameters" : [ ],
  "links" : [ ],
  "hidden" : false,
  "retry" : false,
  "extra" : {
    "severity" : "normal",
    "retries" : [ ],
    "categories" : [ {
      "name" : "Product defects",
      "matchedStatuses" : [ ],
      "flaky" : false
    } ],
    "history" : {
      "statistic" : {
        "failed" : 2,
        "broken" : 0,
        "skipped" : 0,
        "passed" : 17,
        "unknown" : 0,
        "total" : 19
      },
      "items" : [ {
        "uid" : "944cd97e7335dc20",
        "reportUrl" : "https://MohabMohie.github.io/SHAFT_ENGINE/allure/macOS/Web/853//#testresult/944cd97e7335dc20",
        "status" : "passed",
        "time" : {
          "start" : 1635751739346,
          "stop" : 1635751741951,
          "duration" : 2605
        }
      }, {
        "uid" : "19a9b1681905c07c",
        "reportUrl" : "https://MohabMohie.github.io/SHAFT_ENGINE/allure/macOS/Web/847//#testresult/19a9b1681905c07c",
        "status" : "passed",
        "time" : {
          "start" : 1635625388278,
          "stop" : 1635625391041,
          "duration" : 2763
        }
      }, {
        "uid" : "17b287a8d7b2ec9d",
        "reportUrl" : "https://MohabMohie.github.io/SHAFT_ENGINE/allure/macOS/Web/845//#testresult/17b287a8d7b2ec9d",
        "status" : "passed",
        "time" : {
          "start" : 1635621912922,
          "stop" : 1635621915831,
          "duration" : 2909
        }
      }, {
        "uid" : "cd7ac615ef6a2526",
        "reportUrl" : "https://MohabMohie.github.io/SHAFT_ENGINE/allure/macOS/Web/844//#testresult/cd7ac615ef6a2526",
        "status" : "passed",
        "time" : {
          "start" : 1635621316016,
          "stop" : 1635621318937,
          "duration" : 2921
        }
      }, {
        "uid" : "d197a5185f5b548e",
        "reportUrl" : "https://MohabMohie.github.io/SHAFT_ENGINE/allure/macOS/Web/842//#testresult/d197a5185f5b548e",
        "status" : "passed",
        "time" : {
          "start" : 1635558595237,
          "stop" : 1635558598014,
          "duration" : 2777
        }
      }, {
        "uid" : "7b578f431af8e600",
        "reportUrl" : "https://MohabMohie.github.io/SHAFT_ENGINE/allure/macOS/Web/839//#testresult/7b578f431af8e600",
        "status" : "passed",
        "time" : {
          "start" : 1635472590668,
          "stop" : 1635472593202,
          "duration" : 2534
        }
      }, {
        "uid" : "ecf44cd6e797d35c",
        "reportUrl" : "https://MohabMohie.github.io/SHAFT_ENGINE/allure/macOS/Web/836//#testresult/ecf44cd6e797d35c",
        "status" : "passed",
        "time" : {
          "start" : 1635415174003,
          "stop" : 1635415176502,
          "duration" : 2499
        }
      }, {
        "uid" : "79be9398dc467ce1",
        "reportUrl" : "https://MohabMohie.github.io/SHAFT_ENGINE/allure/macOS/Web/835//#testresult/79be9398dc467ce1",
        "status" : "passed",
        "time" : {
          "start" : 1635386053622,
          "stop" : 1635386056599,
          "duration" : 2977
        }
      }, {
        "uid" : "411d8458efe2719e",
        "reportUrl" : "https://MohabMohie.github.io/SHAFT_ENGINE/allure/macOS/Web/832//#testresult/411d8458efe2719e",
        "status" : "passed",
        "time" : {
          "start" : 1635274766192,
          "stop" : 1635274769099,
          "duration" : 2907
        }
      }, {
        "uid" : "3ba2264ef0e771f5",
        "reportUrl" : "https://MohabMohie.github.io/SHAFT_ENGINE/allure/macOS/Web/828//#testresult/3ba2264ef0e771f5",
        "status" : "passed",
        "time" : {
          "start" : 1635213099429,
          "stop" : 1635213102010,
          "duration" : 2581
        }
      }, {
        "uid" : "da6ca31b38bc6679",
        "reportUrl" : "https://MohabMohie.github.io/SHAFT_ENGINE/allure/macOS/Web/826//#testresult/da6ca31b38bc6679",
        "status" : "passed",
        "time" : {
          "start" : 1635170136793,
          "stop" : 1635170139545,
          "duration" : 2752
        }
      }, {
        "uid" : "d9aa68de50550f04",
        "reportUrl" : "https://MohabMohie.github.io/SHAFT_ENGINE/allure/macOS/Web/824//#testresult/d9aa68de50550f04",
        "status" : "passed",
        "time" : {
          "start" : 1635127310448,
          "stop" : 1635127313539,
          "duration" : 3091
        }
      }, {
        "uid" : "e1e71cd531cb5a90",
        "reportUrl" : "https://MohabMohie.github.io/SHAFT_ENGINE/allure/macOS/Web/822//#testresult/e1e71cd531cb5a90",
        "status" : "passed",
        "time" : {
          "start" : 1635023431179,
          "stop" : 1635023433795,
          "duration" : 2616
        }
      }, {
        "uid" : "4a7e3603432ea491",
        "reportUrl" : "https://MohabMohie.github.io/SHAFT_ENGINE/allure/macOS/Web/816//#testresult/4a7e3603432ea491",
        "status" : "passed",
        "time" : {
          "start" : 1634782126403,
          "stop" : 1634782129446,
          "duration" : 3043
        }
      }, {
        "uid" : "522b15289b11eb5c",
        "reportUrl" : "https://MohabMohie.github.io/SHAFT_ENGINE/allure/macOS/Web/813//#testresult/522b15289b11eb5c",
        "status" : "passed",
        "time" : {
          "start" : 1634608980589,
          "stop" : 1634608983645,
          "duration" : 3056
        }
      }, {
        "uid" : "6879e055625d126",
        "reportUrl" : "https://MohabMohie.github.io/SHAFT_ENGINE/allure/macOS/Web/804//#testresult/6879e055625d126",
        "status" : "passed",
        "time" : {
          "start" : 1634158660976,
          "stop" : 1634158664235,
          "duration" : 3259
        }
      }, {
        "uid" : "8371c9472676817",
        "reportUrl" : "https://MohabMohie.github.io/SHAFT_ENGINE/allure/macOS/Web/801//#testresult/8371c9472676817",
        "status" : "passed",
        "time" : {
          "start" : 1634004257171,
          "stop" : 1634004260953,
          "duration" : 3782
        }
      }, {
        "uid" : "2f45fd8235e64c0d",
        "reportUrl" : "https://MohabMohie.github.io/SHAFT_ENGINE/allure/macOS/Web/800//#testresult/2f45fd8235e64c0d",
        "status" : "failed",
        "statusDetails" : "Assertion [ValidateElementAttribute] FAILED. Expected [Value Should not be '' for the 'text' attribute, element locator 'xpath=//div[@id='appbar']'] and Actual [Failed to read the desired element attribute]. Comparison Type [EQUALS]. Validation Type [NEGATIVE].",
        "time" : {
          "start" : 1633965000693,
          "stop" : 1633965006169,
          "duration" : 5476
        }
      } ]
    },
    "tags" : [ ]
  },
  "source" : "5c0abe4811350abf.json",
  "parameterValues" : [ ]
}