################################################################################################################################################
Detected SHAFT Engine Version: [SHAFT Engine v5.4.20211202-BETA]
################################################################################################################################################
[ReportManager] File Action [GetAbsolutePath] successfully performed. With the following test data [Relative Folder Path: "target/downloadedFiles/"]. @11-12-2021 18:24:21.0913 PM
[ReportManager] Attempting to run locally on: [Mac-64], [Safari], Headless Execution. @11-12-2021 18:24:21.0930 PM
[ReportManager] Successfully Opened Safari. @11-12-2021 18:24:27.0950 PM
[ReportManager] Initial window size: (800, 600) @11-12-2021 18:24:27.0974 PM
[ReportManager] Window size after SWD Maximize: (1176, 802) @11-12-2021 18:24:28.0035 PM
[ReportManager] Browser Action [MaximizeWindow] successfully performed. With the following test data [New screen size is now: (1176, 802)]. @11-12-2021 18:24:28.0046 P

################################################################################################################################################
Starting Execution:	[1 out of 146] test cases in the current suite
Test Method:		[unitTests.tests_element_elementActions.waitForElementToBePresent_false_expectedToFail]
################################################################################################################################################
[ReportManager] Target URL: [https://www.google.com/ncr], and after redirection: [www.google.com] @11-12-2021 18:24:28.0213 PM
[ReportManager] Initial URL: [] @11-12-2021 18:24:28.0284 PM
[ReportManager] Browser Action [NavigateToURL] successfully performed. With the following test data [https://www.google.com/ncr]. @11-12-2021 18:24:31.0557 PM
[ReportManager] Waiting for element to be present; elementLocator [By.xpath: //*[@id='hplogo' or @alt='Google']], numberOfTries[1], stateOfPresence[false]... @11-12-2021 18:24:31.0570 PM
[ReportManager] Element Action [WaitForElementToBePresent] failed. With the following test data [waited for the element's state of presence to be (false). Element locator (By.xpath: //*[@id='hplogo' or @alt='Google'])]. @11-12-2021 18:24:34.0265 PM
[ReportManager] Successfully created attachment [Screenshot - 1639247071808_waitForElementToBePresent_false_expectedToFail_WaitForElementToBePresent_failed] @11-12-2021 18:24:34.0279 P
[ReportManager] Browser Action [CloseCurrentWindow] successfully performed. @11-12-2021 18:24:34.0768 PM
[ReportManager] Successfully created attachment [Browser Action Test Data - CloseCurrentWindow - Actual Value] @11-12-2021 18:24:34.0795 P
[ReportManager] File Action [GetAbsolutePath] successfully performed. With the following test data [Relative Folder Path: "target/downloadedFiles/"]. @11-12-2021 18:24:34.0838 PM
[ReportManager] Attempting to run locally on: [Mac-64], [Safari], Headless Execution. @11-12-2021 18:24:34.0839 PM
[ReportManager] Successfully Opened Safari. @11-12-2021 18:24:35.0800 PM
[ReportManager] Initial window size: (800, 600) @11-12-2021 18:24:35.0810 PM
[ReportManager] Window size after SWD Maximize: (1176, 803) @11-12-2021 18:24:35.0873 PM
[ReportManager] Browser Action [MaximizeWindow] successfully performed. With the following test data [New screen size is now: (1176, 803)]. @11-12-2021 18:24:35.0874 P

################################################################################################################################################
Starting Execution:	[2 out of 146] test cases in the current suite
Test Method:		[unitTests.tests_element_elementActions.waitForElementToBePresent_false_expectedToPass]
################################################################################################################################################
[ReportManager] Target URL: [https://www.google.com/ncr], and after redirection: [www.google.com] @11-12-2021 18:24:35.0879 PM
[ReportManager] Initial URL: [] @11-12-2021 18:24:35.0947 PM
[ReportManager] Browser Action [NavigateToURL] successfully performed. With the following test data [https://www.google.com/ncr]. @11-12-2021 18:24:38.0090 PM
[ReportManager] Waiting for element to be present; elementLocator [By.id: bla], numberOfTries[1], stateOfPresence[false]... @11-12-2021 18:24:38.0091 PM
[ReportManager] org.openqa.selenium.TimeoutException:
Expected condition failed: waiting for com.shaft.gui.element.ElementActionsHelper$$Lambda$625/0x00000008011379c0@5d1eb214 (tried for 5 second(s) with 1000 milliseconds interval)
org.openqa.selenium.support.ui.FluentWait.timeoutException(FluentWait.java:263)
org.openqa.selenium.support.ui.FluentWait.until(FluentWait.java:231)
com.shaft.gui.element.ElementActionsHelper.waitForElementPresence(ElementActionsHelper.java:63)
com.shaft.gui.element.ElementActionsHelper.waitForElementPresence(ElementActionsHelper.java:37)
com.shaft.gui.element.WebDriverElementActions.getMatchingElementsCount(WebDriverElementActions.java:1468)
com.shaft.gui.element.WebDriverElementActions.waitForElementToBePresent(WebDriverElementActions.java:1293)
com.shaft.gui.element.ElementActions.waitForElementToBePresent(ElementActions.java:622)
unitTests.tests_element_elementActions.waitForElementToBePresent_false_expectedToPass(tests_element_elementActions.java:48)
java.base/jdk.internal.reflect.NativeMethodAccessorImpl.invoke0(Native Method)
java.base/jdk.internal.reflect.NativeMethodAccessorImpl.invoke(NativeMethodAccessorImpl.java:77)
java.base/jdk.internal.reflect.DelegatingMethodAccessorImpl.invoke(DelegatingMethodAccessorImpl.java:43)
java.base/java.lang.reflect.Method.invoke(Method.java:568)
org.testng.internal.MethodInvocationHelper.invokeMethod(MethodInvocationHelper.java:133)
org.testng.internal.TestInvoker.invokeMethod(TestInvoker.java:598)
org.testng.internal.TestInvoker.invokeTestMethod(TestInvoker.java:173)
org.testng.internal.MethodRunner.runInSequence(MethodRunner.java:46)
org.testng.internal.TestInvoker$MethodInvocationAgent.invoke(TestInvoker.java:824)
org.testng.internal.TestInvoker.invokeTestMethods(TestInvoker.java:146)
org.testng.internal.TestMethodWorker.invokeTestMethods(TestMethodWorker.java:146)
org.testng.internal.TestMethodWorker.run(TestMethodWorker.java:128)
java.base/java.util.ArrayList.forEach(ArrayList.java:1511)
org.testng.TestRunner.privateRun(TestRunner.java:794)
org.testng.TestRunner.run(TestRunner.java:596)
org.testng.SuiteRunner.runTest(SuiteRunner.java:377)
org.testng.SuiteRunner.runSequentially(SuiteRunner.java:371)
org.testng.SuiteRunner.privateRun(SuiteRunner.java:332)
org.testng.SuiteRunner.run(SuiteRunner.java:276)
org.testng.SuiteRunnerWorker.runSuite(SuiteRunnerWorker.java:53)
org.testng.SuiteRunnerWorker.run(SuiteRunnerWorker.java:96)
org.testng.TestNG.runSuitesSequentially(TestNG.java:1212)
org.testng.TestNG.runSuitesLocally(TestNG.java:1134)
org.testng.TestNG.runSuites(TestNG.java:1063)
org.testng.TestNG.run(TestNG.java:1031)
org.apache.maven.surefire.testng.TestNGExecutor.run(TestNGExecutor.java:136)
org.apache.maven.surefire.testng.TestNGDirectoryTestSuite.executeMulti(TestNGDirectoryTestSuite.java:193)
org.apache.maven.surefire.testng.TestNGDirectoryTestSuite.execute(TestNGDirectoryTestSuite.java:94)
org.apache.maven.surefire.testng.TestNGProvider.invoke(TestNGProvider.java:145)
org.apache.maven.surefire.booter.ForkedBooter.runSuitesInProcess(ForkedBooter.java:428)
org.apache.maven.surefire.booter.ForkedBooter.execute(ForkedBooter.java:162)
org.apache.maven.surefire.booter.ForkedBooter.run(ForkedBooter.java:562)
org.apache.maven.surefire.booter.ForkedBooter.main(ForkedBooter.java:548)

Caused by: org.openqa.selenium.NoSuchElementException:
For documentation on this error, please visit: https://selenium.dev/exceptions/#no_such_element
Build info: version: '4.1.0', revision: '87802e897b'
System info: host: 'Mac-1639246619233.local', ip: '10.212.6.193', os.name: 'Mac OS X', os.arch: 'x86_64', os.version: '11.5', java.version: '17.0.1'
Driver info: org.openqa.selenium.safari.SafariDriver
Command: [A4F5861D-B2B4-46B2-82EB-3F3857FA5F47, findElement {using=id, value=bla}]
Capabilities {acceptInsecureCerts: false, browserName: Safari, browserVersion: 15.1, goog:loggingPrefs: {browser: ALL, client: ALL, driver: ALL, performance: ALL, profiler: ALL, server: ALL}, javascriptEnabled: true, pageLoadStrategy: normal, platform: MAC, platformName: MAC, safari:automaticInspection: false, safari:automaticProfiling: false, safari:diagnose: false, safari:platformBuildVersion: 20G224, safari:platformVersion: 11.6.1, safari:useSimulator: false, setWindowRect: true, strictFileInteractability: false, timeouts: {pageLoad: 30000, script: 30000}, webkit:WebRTC: {DisableICECandidateFiltering: false, DisableInsecureMediaCapture: false}}
Session ID: A4F5861D-B2B4-46B2-82EB-3F3857FA5F47
java.base/jdk.internal.reflect.NativeConstructorAccessorImpl.newInstance0(Native Method)
java.base/jdk.internal.reflect.NativeConstructorAccessorImpl.newInstance(NativeConstructorAccessorImpl.java:77)
java.base/jdk.internal.reflect.DelegatingConstructorAccessorImpl.newInstance(DelegatingConstructorAccessorImpl.java:45)
java.base/java.lang.reflect.Constructor.newInstanceWithCaller(Constructor.java:499)
java.base/java.lang.reflect.Constructor.newInstance(Constructor.java:480)
org.openqa.selenium.remote.codec.w3c.W3CHttpResponseCodec.createException(W3CHttpResponseCodec.java:200)
org.openqa.selenium.remote.codec.w3c.W3CHttpResponseCodec.decode(W3CHttpResponseCodec.java:133)
org.openqa.selenium.remote.codec.w3c.W3CHttpResponseCodec.decode(W3CHttpResponseCodec.java:53)
org.openqa.selenium.remote.HttpCommandExecutor.execute(HttpCommandExecutor.java:184)
org.openqa.selenium.remote.service.DriverCommandExecutor.invokeExecute(DriverCommandExecutor.java:164)
org.openqa.selenium.remote.service.DriverCommandExecutor.execute(DriverCommandExecutor.java:139)
org.openqa.selenium.remote.RemoteWebDriver.execute(RemoteWebDriver.java:559)
org.openqa.selenium.remote.ElementLocation$ElementFinder$2.findElement(ElementLocation.java:162)
org.openqa.selenium.remote.ElementLocation.findElement(ElementLocation.java:60)
org.openqa.selenium.remote.RemoteWebDriver.findElement(RemoteWebDriver.java:383)
org.openqa.selenium.remote.RemoteWebDriver.findElement(RemoteWebDriver.java:375)
com.shaft.gui.element.ElementActionsHelper.lambda$waitForElementPresence$0(ElementActionsHelper.java:66)
org.openqa.selenium.support.ui.FluentWait.until(FluentWait.java:208)
com.shaft.gui.element.ElementActionsHelper.waitForElementPresence(ElementActionsHelper.java:63)
com.shaft.gui.element.ElementActionsHelper.waitForElementPresence(ElementActionsHelper.java:37)
com.shaft.gui.element.WebDriverElementActions.getMatchingElementsCount(WebDriverElementActions.java:1468)
com.shaft.gui.element.WebDriverElementActions.waitForElementToBePresent(WebDriverElementActions.java:1293)
com.shaft.gui.element.ElementActions.waitForElementToBePresent(ElementActions.java:622)
unitTests.tests_element_elementActions.waitForElementToBePresent_false_expectedToPass(tests_element_elementActions.java:48)
java.base/jdk.internal.reflect.NativeMethodAccessorImpl.invoke0(Native Method)
java.base/jdk.internal.reflect.NativeMethodAccessorImpl.invoke(NativeMethodAccessorImpl.java:77)
java.base/jdk.internal.reflect.DelegatingMethodAccessorImpl.invoke(DelegatingMethodAccessorImpl.java:43)
java.base/java.lang.reflect.Method.invoke(Method.java:568)
org.testng.internal.MethodInvocationHelper.invokeMethod(MethodInvocationHelper.java:133)
org.testng.internal.TestInvoker.invokeMethod(TestInvoker.java:598)
org.testng.internal.TestInvoker.invokeTestMethod(TestInvoker.java:173)
org.testng.internal.MethodRunner.runInSequence(MethodRunner.java:46)
org.testng.internal.TestInvoker$MethodInvocationAgent.invoke(TestInvoker.java:824)
org.testng.internal.TestInvoker.invokeTestMethods(TestInvoker.java:146)
org.testng.internal.TestMethodWorker.invokeTestMethods(TestMethodWorker.java:146)
org.testng.internal.TestMethodWorker.run(TestMethodWorker.java:128)
java.base/java.util.ArrayList.forEach(ArrayList.java:1511)
org.testng.TestRunner.privateRun(TestRunner.java:794)
org.testng.TestRunner.run(TestRunner.java:596)
org.testng.SuiteRunner.runTest(SuiteRunner.java:377)
org.testng.SuiteRunner.runSequentially(SuiteRunner.java:371)
org.testng.SuiteRunner.privateRun(SuiteRunner.java:332)
org.testng.SuiteRunner.run(SuiteRunner.java:276)
org.testng.SuiteRunnerWorker.runSuite(SuiteRunnerWorker.java:53)
org.testng.SuiteRunnerWorker.run(SuiteRunnerWorker.java:96)
org.testng.TestNG.runSuitesSequentially(TestNG.java:1212)
org.testng.TestNG.runSuitesLocally(TestNG.java:1134)
org.testng.TestNG.runSuites(TestNG.java:1063)
org.testng.TestNG.run(TestNG.java:1031)
org.apache.maven.surefire.testng.TestNGExecutor.run(TestNGExecutor.java:136)
org.apache.maven.surefire.testng.TestNGDirectoryTestSuite.executeMulti(TestNGDirectoryTestSuite.java:193)
org.apache.maven.surefire.testng.TestNGDirectoryTestSuite.execute(TestNGDirectoryTestSuite.java:94)
org.apache.maven.surefire.testng.TestNGProvider.invoke(TestNGProvider.java:145)
org.apache.maven.surefire.booter.ForkedBooter.runSuitesInProcess(ForkedBooter.java:428)
org.apache.maven.surefire.booter.ForkedBooter.execute(ForkedBooter.java:162)
org.apache.maven.surefire.booter.ForkedBooter.run(ForkedBooter.java:562)
org.apache.maven.surefire.booter.ForkedBooter.main(ForkedBooter.java:548) @11-12-2021 18:24:43.0584 PM
[ReportManager] Element Action [WaitForElementToBePresent] successfully performed. With the following test data [waited for the element's state of presence to be (false). Element locator (By.id: bla)]. @11-12-2021 18:24:43.0586 P
[ReportManager] Browser Action [CloseCurrentWindow] successfully performed. @11-12-2021 18:24:43.0727 PM
[ReportManager] Successfully created attachment [Browser Action Test Data - CloseCurrentWindow - Actual Value] @11-12-2021 18:24:43.0731 P
[ReportManager] File Action [GetAbsolutePath] successfully performed. With the following test data [Relative Folder Path: "target/downloadedFiles/"]. @11-12-2021 18:24:43.0740 PM
[ReportManager] Attempting to run locally on: [Mac-64], [Safari], Headless Execution. @11-12-2021 18:24:43.0741 PM
[ReportManager] An Exception Occured with this Message: Could not start a new session. Possible causes are invalid address of the remote server or browser start-up failure.. @11-12-2021 18:24:43.0854 PM
[ReportManager] Successfully created attachment [Exception Stack Trace - org.openqa.selenium.SessionNotCreatedException] @11-12-2021 18:24:43.0854 PM
[ReportManager] Driver Factory Action [createNewLocalDriverInstanceForSafari] failed. With the following test data [Failed to create a session on DESKTOP_SAFARI]. @11-12-2021 18:24:43.0855 P

################################################################################################################################################
Starting Execution:	[3 out of 146] test cases in the current suite
Test Method:		[unitTests.tests_element_elementActions.waitForElementToBePresent_moreThanOneElement_expectedToFail]
###############################################################################################################################################



################################################################################################################################################
Starting Execution:	[4 out of 146] test cases in the current suite
Test Method:		[unitTests.tests_element_elementActions.waitForElementToBePresent_true_expectedToFail]
###############################################################################################################################################



################################################################################################################################################
Starting Execution:	[5 out of 146] test cases in the current suite
Test Method:		[unitTests.tests_element_elementActions.waitForElementToBePresent_true_expectedToPass]
###############################################################################################################################################

[ReportManager] File Action [GetAbsolutePath] successfully performed. With the following test data [Relative Folder Path: "target/downloadedFiles/"]. @11-12-2021 18:24:43.0904 PM
[ReportManager] Attempting to run locally on: [Mac-64], [Safari], Headless Execution. @11-12-2021 18:24:43.0904 PM
[ReportManager] Successfully Opened Safari. @11-12-2021 18:24:44.0831 PM
[ReportManager] Initial window size: (800, 600) @11-12-2021 18:24:44.0854 PM
[ReportManager] Window size after SWD Maximize: (1176, 803) @11-12-2021 18:24:44.0884 PM
[ReportManager] Browser Action [MaximizeWindow] successfully performed. With the following test data [New screen size is now: (1176, 803)]. @11-12-2021 18:24:44.0885 PM
[ReportManager] Target URL: [https://duckduckgo.com] @11-12-2021 18:24:44.0885 PM
[ReportManager] Initial URL: [] @11-12-2021 18:24:44.0944 PM
[ReportManager] Browser Action [NavigateToURL] successfully performed. With the following test data [https://duckduckgo.com]. @11-12-2021 18:24:45.0965 P

################################################################################################################################################
Starting Execution:	[6 out of 146] test cases in the current suite
Test Method:		[unitTests.tests_browserActions.fullScreenWindow]
################################################################################################################################################
[ReportManager] Initial Windows Size: 1176x803 @11-12-2021 18:24:45.0983 PM
[ReportManager] Current Windows Size after fullScreen: 1176x885 @11-12-2021 18:24:46.0252 PM
[ReportManager] Browser Action [FullScreenWindow] successfully performed. @11-12-2021 18:24:46.0284 PM
[ReportManager] Successfully created attachment [Browser Action Test Data - FullScreenWindow - Actual Value] @11-12-2021 18:24:46.0285 P
[ReportManager] Target URL: [https://duckduckgo.com] @11-12-2021 18:24:46.0288 PM
[ReportManager] Initial URL: [https://duckduckgo.com] @11-12-2021 18:24:46.0388 PM
[ReportManager] Browser Action [NavigateToURL] successfully performed. With the following test data [https://duckduckgo.com]. @11-12-2021 18:24:47.0089 PM
[ReportManager] Browser Action [CloseCurrentWindow] successfully performed. @11-12-2021 18:24:47.0535 PM
[ReportManager] Successfully created attachment [Browser Action Test Data - CloseCurrentWindow - Actual Value] @11-12-2021 18:24:47.0536 P
[ReportManager] File Action [GetAbsolutePath] successfully performed. With the following test data [Relative Folder Path: "target/downloadedFiles/"]. @11-12-2021 18:24:47.0539 PM
[ReportManager] Attempting to run locally on: [Mac-64], [Safari], Headless Execution. @11-12-2021 18:24:47.0539 PM
[ReportManager] Successfully Opened Safari. @11-12-2021 18:24:48.0401 PM
[ReportManager] Initial window size: (800, 600) @11-12-2021 18:24:48.0420 PM
[ReportManager] Window size after SWD Maximize: (1176, 803) @11-12-2021 18:24:48.0451 PM
[ReportManager] Browser Action [MaximizeWindow] successfully performed. With the following test data [New screen size is now: (1176, 803)]. @11-12-2021 18:24:48.0451 PM
[ReportManager] Target URL: [https://duckduckgo.com] @11-12-2021 18:24:48.0452 PM
[ReportManager] Initial URL: [] @11-12-2021 18:24:48.0502 PM
[ReportManager] Browser Action [NavigateToURL] successfully performed. With the following test data [https://duckduckgo.com]. @11-12-2021 18:24:49.0196 P

################################################################################################################################################
Starting Execution:	[7 out of 146] test cases in the current suite
Test Method:		[unitTests.tests_browserActions.getCurrentURL]
################################################################################################################################################
[ReportManager] Browser Action [GetCurrentURL] successfully performed. With the following test data [https://duckduckgo.com/]. @11-12-2021 18:24:49.0230 P
[ReportManager] Target URL: [https://duckduckgo.com] @11-12-2021 18:24:49.0232 PM
[ReportManager] Initial URL: [https://duckduckgo.com] @11-12-2021 18:24:49.0268 PM
[ReportManager] Browser Action [NavigateToURL] successfully performed. With the following test data [https://duckduckgo.com]. @11-12-2021 18:24:49.0581 PM
[ReportManager] Browser Action [CloseCurrentWindow] successfully performed. @11-12-2021 18:24:49.0989 PM
[ReportManager] Successfully created attachment [Browser Action Test Data - CloseCurrentWindow - Actual Value] @11-12-2021 18:24:49.0990 P
[ReportManager] File Action [GetAbsolutePath] successfully performed. With the following test data [Relative Folder Path: "target/downloadedFiles/"]. @11-12-2021 18:24:49.0994 PM
[ReportManager] Attempting to run locally on: [Mac-64], [Safari], Headless Execution. @11-12-2021 18:24:49.0994 PM
[ReportManager] Successfully Opened Safari. @11-12-2021 18:24:50.0894 PM
[ReportManager] Initial window size: (800, 600) @11-12-2021 18:24:50.0925 PM
[ReportManager] Window size after SWD Maximize: (1176, 803) @11-12-2021 18:24:50.0956 PM
[ReportManager] Browser Action [MaximizeWindow] successfully performed. With the following test data [New screen size is now: (1176, 803)]. @11-12-2021 18:24:50.0956 PM
[ReportManager] Target URL: [https://duckduckgo.com] @11-12-2021 18:24:50.0957 PM
[ReportManager] Initial URL: [] @11-12-2021 18:24:51.0029 PM
[ReportManager] Browser Action [NavigateToURL] successfully performed. With the following test data [https://duckduckgo.com]. @11-12-2021 18:24:51.0843 P

################################################################################################################################################
Starting Execution:	[8 out of 146] test cases in the current suite
Test Method:		[unitTests.tests_browserActions.getCurrentWindowTitle]
################################################################################################################################################
[ReportManager] Browser Action [GetCurrentWindowTitle] successfully performed. With the following test data [DuckDuckGo — Privacy, simplified.]. @11-12-2021 18:24:51.0873 P
[ReportManager] Target URL: [https://duckduckgo.com] @11-12-2021 18:24:51.0875 PM
[ReportManager] Initial URL: [https://duckduckgo.com] @11-12-2021 18:24:51.0914 PM
[ReportManager] Browser Action [NavigateToURL] successfully performed. With the following test data [https://duckduckgo.com]. @11-12-2021 18:24:52.0270 PM
[ReportManager] Browser Action [CloseCurrentWindow] successfully performed. @11-12-2021 18:24:52.0527 PM
[ReportManager] Successfully created attachment [Browser Action Test Data - CloseCurrentWindow - Actual Value] @11-12-2021 18:24:52.0528 P
[ReportManager] File Action [GetAbsolutePath] successfully performed. With the following test data [Relative Folder Path: "target/downloadedFiles/"]. @11-12-2021 18:24:52.0535 PM
[ReportManager] Attempting to run locally on: [Mac-64], [Safari], Headless Execution. @11-12-2021 18:24:52.0535 PM
[ReportManager] Successfully Opened Safari. @11-12-2021 18:24:53.0468 PM
[ReportManager] Initial window size: (800, 600) @11-12-2021 18:24:53.0487 PM
[ReportManager] Window size after SWD Maximize: (1176, 803) @11-12-2021 18:24:53.0522 PM
[ReportManager] Browser Action [MaximizeWindow] successfully performed. With the following test data [New screen size is now: (1176, 803)]. @11-12-2021 18:24:53.0522 PM
[ReportManager] Target URL: [https://duckduckgo.com] @11-12-2021 18:24:53.0522 PM
[ReportManager] Initial URL: [] @11-12-2021 18:24:53.0578 PM
[ReportManager] Browser Action [NavigateToURL] successfully performed. With the following test data [https://duckduckgo.com]. @11-12-2021 18:24:54.0319 P

################################################################################################################################################
Starting Execution:	[9 out of 146] test cases in the current suite
Test Method:		[unitTests.tests_browserActions.getPageSource]
################################################################################################################################################
[ReportManager] Browser Action [GetPageSource] successfully performed. @11-12-2021 18:24:54.0353 PM
[ReportManager] Successfully created attachment [Browser Action Test Data - GetPageSource - Actual Value] @11-12-2021 18:24:54.0354 P
[ReportManager] Target URL: [https://duckduckgo.com] @11-12-2021 18:24:54.0356 PM
[ReportManager] Initial URL: [https://duckduckgo.com] @11-12-2021 18:24:54.0404 PM
[ReportManager] Browser Action [NavigateToURL] successfully performed. With the following test data [https://duckduckgo.com]. @11-12-2021 18:24:54.0723 PM
[ReportManager] Browser Action [CloseCurrentWindow] successfully performed. @11-12-2021 18:24:54.0924 PM
[ReportManager] Successfully created attachment [Browser Action Test Data - CloseCurrentWindow - Actual Value] @11-12-2021 18:24:54.0925 P
[ReportManager] File Action [GetAbsolutePath] successfully performed. With the following test data [Relative Folder Path: "target/downloadedFiles/"]. @11-12-2021 18:24:54.0928 PM
[ReportManager] Attempting to run locally on: [Mac-64], [Safari], Headless Execution. @11-12-2021 18:24:54.0929 PM
[ReportManager] Successfully Opened Safari. @11-12-2021 18:24:55.0885 PM
[ReportManager] Initial window size: (800, 600) @11-12-2021 18:24:55.0925 PM
[ReportManager] Window size after SWD Maximize: (1176, 803) @11-12-2021 18:24:55.0966 PM
[ReportManager] Browser Action [MaximizeWindow] successfully performed. With the following test data [New screen size is now: (1176, 803)]. @11-12-2021 18:24:55.0967 PM
[ReportManager] Target URL: [https://duckduckgo.com] @11-12-2021 18:24:55.0967 PM
[ReportManager] Initial URL: [] @11-12-2021 18:24:56.0031 PM
[ReportManager] Browser Action [NavigateToURL] successfully performed. With the following test data [https://duckduckgo.com]. @11-12-2021 18:24:57.0022 P

################################################################################################################################################
Starting Execution:	[10 out of 146] test cases in the current suite
Test Method:		[unitTests.tests_browserActions.getWindowHandle]
################################################################################################################################################
[ReportManager] Browser Action [GetWindowHandle] successfully performed. With the following test data [page-77E07AFD-AEAD-4FFD-A25D-B5B395D87697]. @11-12-2021 18:24:57.0066 P
[ReportManager] Target URL: [https://duckduckgo.com] @11-12-2021 18:24:57.0071 PM
[ReportManager] Initial URL: [https://duckduckgo.com] @11-12-2021 18:24:57.0139 PM
[ReportManager] Browser Action [NavigateToURL] successfully performed. With the following test data [https://duckduckgo.com]. @11-12-2021 18:24:57.0618 PM
[ReportManager] Browser Action [CloseCurrentWindow] successfully performed. @11-12-2021 18:24:57.0896 PM
[ReportManager] Successfully created attachment [Browser Action Test Data - CloseCurrentWindow - Actual Value] @11-12-2021 18:24:57.0897 P
[ReportManager] File Action [GetAbsolutePath] successfully performed. With the following test data [Relative Folder Path: "target/downloadedFiles/"]. @11-12-2021 18:24:57.0901 PM
[ReportManager] Attempting to run locally on: [Mac-64], [Safari], Headless Execution. @11-12-2021 18:24:57.0901 PM
[ReportManager] Successfully Opened Safari. @11-12-2021 18:24:58.0930 PM
[ReportManager] Initial window size: (800, 600) @11-12-2021 18:24:58.0954 PM
[ReportManager] Window size after SWD Maximize: (1176, 803) @11-12-2021 18:24:58.0980 PM
[ReportManager] Browser Action [MaximizeWindow] successfully performed. With the following test data [New screen size is now: (1176, 803)]. @11-12-2021 18:24:58.0981 PM
[ReportManager] Target URL: [https://duckduckgo.com] @11-12-2021 18:24:58.0981 PM
[ReportManager] Initial URL: [] @11-12-2021 18:24:59.0036 PM
[ReportManager] Browser Action [NavigateToURL] successfully performed. With the following test data [https://duckduckgo.com]. @11-12-2021 18:24:59.0637 P

################################################################################################################################################
Starting Execution:	[11 out of 146] test cases in the current suite
Test Method:		[unitTests.tests_browserActions.getWindowPosition]
################################################################################################################################################
[ReportManager] Browser Action [GetWindowPosition] successfully performed. With the following test data [(0, 25)]. @11-12-2021 18:24:59.0666 P
[ReportManager] Target URL: [https://duckduckgo.com] @11-12-2021 18:24:59.0678 PM
[ReportManager] Initial URL: [https://duckduckgo.com] @11-12-2021 18:24:59.0736 PM
[ReportManager] Browser Action [NavigateToURL] successfully performed. With the following test data [https://duckduckgo.com]. @11-12-2021 18:25:00.0049 PM
[ReportManager] Browser Action [CloseCurrentWindow] successfully performed. @11-12-2021 18:25:00.0490 PM
[ReportManager] Successfully created attachment [Browser Action Test Data - CloseCurrentWindow - Actual Value] @11-12-2021 18:25:00.0491 P
[ReportManager] File Action [GetAbsolutePath] successfully performed. With the following test data [Relative Folder Path: "target/downloadedFiles/"]. @11-12-2021 18:25:00.0494 PM
[ReportManager] Attempting to run locally on: [Mac-64], [Safari], Headless Execution. @11-12-2021 18:25:00.0494 PM
[ReportManager] Successfully Opened Safari. @11-12-2021 18:25:01.0586 PM
[ReportManager] Initial window size: (800, 600) @11-12-2021 18:25:01.0605 PM
[ReportManager] Window size after SWD Maximize: (1176, 803) @11-12-2021 18:25:01.0645 PM
[ReportManager] Browser Action [MaximizeWindow] successfully performed. With the following test data [New screen size is now: (1176, 803)]. @11-12-2021 18:25:01.0646 PM
[ReportManager] Target URL: [https://duckduckgo.com] @11-12-2021 18:25:01.0646 PM
[ReportManager] Initial URL: [] @11-12-2021 18:25:01.0697 PM
[ReportManager] Browser Action [NavigateToURL] successfully performed. With the following test data [https://duckduckgo.com]. @11-12-2021 18:25:02.0533 P

################################################################################################################################################
Starting Execution:	[12 out of 146] test cases in the current suite
Test Method:		[unitTests.tests_browserActions.getWindowSize]
################################################################################################################################################
[ReportManager] Browser Action [GetWindowSize] successfully performed. With the following test data [(1176, 803)]. @11-12-2021 18:25:02.0695 P
[ReportManager] Target URL: [https://duckduckgo.com] @11-12-2021 18:25:02.0821 PM
[ReportManager] Initial URL: [https://duckduckgo.com] @11-12-2021 18:25:02.0867 PM
[ReportManager] Browser Action [NavigateToURL] successfully performed. With the following test data [https://duckduckgo.com]. @11-12-2021 18:25:03.0161 PM
[ReportManager] Browser Action [CloseCurrentWindow] successfully performed. @11-12-2021 18:25:03.0578 PM
[ReportManager] Successfully created attachment [Browser Action Test Data - CloseCurrentWindow - Actual Value] @11-12-2021 18:25:03.0619 P
[ReportManager] File Action [GetAbsolutePath] successfully performed. With the following test data [Relative Folder Path: "target/downloadedFiles/"]. @11-12-2021 18:25:03.0746 PM
[ReportManager] Attempting to run locally on: [Mac-64], [Safari], Headless Execution. @11-12-2021 18:25:03.0747 PM
[ReportManager] Successfully Opened Safari. @11-12-2021 18:25:04.0751 PM
[ReportManager] Initial window size: (800, 600) @11-12-2021 18:25:04.0766 PM
[ReportManager] Window size after SWD Maximize: (1176, 803) @11-12-2021 18:25:04.0790 PM
[ReportManager] Browser Action [MaximizeWindow] successfully performed. With the following test data [New screen size is now: (1176, 803)]. @11-12-2021 18:25:04.0791 PM
[ReportManager] Target URL: [https://duckduckgo.com] @11-12-2021 18:25:04.0791 PM
[ReportManager] Initial URL: [] @11-12-2021 18:25:04.0874 PM
[ReportManager] Browser Action [NavigateToURL] successfully performed. With the following test data [https://duckduckgo.com]. @11-12-2021 18:25:05.0574 P

################################################################################################################################################
Starting Execution:	[13 out of 146] test cases in the current suite
Test Method:		[unitTests.tests_browserActions.maximizeWindow]
################################################################################################################################################
[ReportManager] Initial window size: (1176, 803) @11-12-2021 18:25:05.0584 PM
[ReportManager] Window size after SWD Maximize: (1176, 803) @11-12-2021 18:25:05.0596 PM
[ReportManager] Window size after Toolkit: (1920, 1080) @11-12-2021 18:25:05.0642 PM
[ReportManager] Browser Action [MaximizeWindow] successfully performed. With the following test data [New screen size is now: (1920, 1080)]. @11-12-2021 18:25:05.0646 P
[ReportManager] Target URL: [https://duckduckgo.com] @11-12-2021 18:25:05.0649 PM
[ReportManager] Initial URL: [https://duckduckgo.com] @11-12-2021 18:25:05.0709 PM
[ReportManager] Browser Action [NavigateToURL] successfully performed. With the following test data [https://duckduckgo.com]. @11-12-2021 18:25:06.0082 PM
[ReportManager] Browser Action [CloseCurrentWindow] successfully performed. @11-12-2021 18:25:06.0491 PM
[ReportManager] Successfully created attachment [Browser Action Test Data - CloseCurrentWindow - Actual Value] @11-12-2021 18:25:06.0492 P
[ReportManager] File Action [GetAbsolutePath] successfully performed. With the following test data [Relative Folder Path: "target/downloadedFiles/"]. @11-12-2021 18:25:06.0495 PM
[ReportManager] Attempting to run locally on: [Mac-64], [Safari], Headless Execution. @11-12-2021 18:25:06.0495 PM
[ReportManager] Successfully Opened Safari. @11-12-2021 18:25:07.0342 PM
[ReportManager] Initial window size: (800, 600) @11-12-2021 18:25:07.0352 PM
[ReportManager] Window size after SWD Maximize: (1176, 803) @11-12-2021 18:25:07.0387 PM
[ReportManager] Browser Action [MaximizeWindow] successfully performed. With the following test data [New screen size is now: (1176, 803)]. @11-12-2021 18:25:07.0387 PM
[ReportManager] Target URL: [https://duckduckgo.com] @11-12-2021 18:25:07.0387 PM
[ReportManager] Initial URL: [] @11-12-2021 18:25:07.0433 PM
[ReportManager] Browser Action [NavigateToURL] successfully performed. With the following test data [https://duckduckgo.com]. @11-12-2021 18:25:08.0122 P

################################################################################################################################################
Starting Execution:	[14 out of 146] test cases in the current suite
Test Method:		[unitTests.tests_browserActions.navigateBack]
################################################################################################################################################
[ReportManager] Target URL: [https://www.google.com/ncr], and after redirection: [https://www.google.com] @11-12-2021 18:25:08.0125 PM
[ReportManager] Initial URL: [https://duckduckgo.com] @11-12-2021 18:25:08.0425 PM
[ReportManager] Browser Action [NavigateToURL] successfully performed. With the following test data [https://www.google.com/ncr]. @11-12-2021 18:25:10.0431 PM
[ReportManager] Browser Action [NavigateBack] successfully performed. With the following test data [https://duckduckgo.com/]. @11-12-2021 18:25:10.0634 PM
[ReportManager] Browser Action [GetCurrentURL] successfully performed. With the following test data [https://duckduckgo.com/]. @11-12-2021 18:25:10.0661 PM
[ReportManager] Assertion Passed: Confirming that navigating back was successful @11-12-2021 18:25:10.0815 PM
[ReportManager] Successfully created attachment [Screenshot - 1639247110697_navigateBack_ValidateBrowserAttribute_passed] @11-12-2021 18:25:10.0821 PM
[ReportManager] Assertion [ValidateBrowserAttribute] PASSED. Expected [Value Should be 'https://duckduckgo.com' for the 'CurrentUrl' attribute] and Actual [https://duckduckgo.com/]. Comparison Type [CONTAINS]. Validation Type [POSITIVE]. @11-12-2021 18:25:10.0821 P
[ReportManager] Target URL: [https://duckduckgo.com] @11-12-2021 18:25:10.0825 PM
[ReportManager] Initial URL: [https://duckduckgo.com] @11-12-2021 18:25:10.0875 PM
[ReportManager] Browser Action [NavigateToURL] successfully performed. With the following test data [https://duckduckgo.com]. @11-12-2021 18:25:11.0175 PM
[ReportManager] Browser Action [CloseCurrentWindow] successfully performed. @11-12-2021 18:25:11.0468 PM
[ReportManager] Successfully created attachment [Browser Action Test Data - CloseCurrentWindow - Actual Value] @11-12-2021 18:25:11.0469 P
[ReportManager] File Action [GetAbsolutePath] successfully performed. With the following test data [Relative Folder Path: "target/downloadedFiles/"]. @11-12-2021 18:25:11.0472 PM
[ReportManager] Attempting to run locally on: [Mac-64], [Safari], Headless Execution. @11-12-2021 18:25:11.0472 PM
[ReportManager] Successfully Opened Safari. @11-12-2021 18:25:12.0308 PM
[ReportManager] Initial window size: (800, 600) @11-12-2021 18:25:12.0329 PM
[ReportManager] Window size after SWD Maximize: (1176, 803) @11-12-2021 18:25:12.0352 PM
[ReportManager] Browser Action [MaximizeWindow] successfully performed. With the following test data [New screen size is now: (1176, 803)]. @11-12-2021 18:25:12.0353 PM
[ReportManager] Target URL: [https://duckduckgo.com] @11-12-2021 18:25:12.0353 PM
[ReportManager] Initial URL: [] @11-12-2021 18:25:12.0417 PM
[ReportManager] Browser Action [NavigateToURL] successfully performed. With the following test data [https://duckduckgo.com]. @11-12-2021 18:25:13.0064 P

################################################################################################################################################
Starting Execution:	[15 out of 146] test cases in the current suite
Test Method:		[unitTests.tests_browserActions.navigateForward]
################################################################################################################################################
[ReportManager] Target URL: [https://www.google.com/ncr], and after redirection: [https://www.google.com] @11-12-2021 18:25:13.0073 PM
[ReportManager] Initial URL: [https://duckduckgo.com] @11-12-2021 18:25:13.0126 PM
[ReportManager] Browser Action [NavigateToURL] successfully performed. With the following test data [https://www.google.com/ncr]. @11-12-2021 18:25:15.0024 PM
[ReportManager] Browser Action [NavigateBack] successfully performed. With the following test data [https://duckduckgo.com/]. @11-12-2021 18:25:15.0157 PM
[ReportManager] Browser Action [NavigateForward] successfully performed. With the following test data [https://www.google.com/]. @11-12-2021 18:25:15.0400 P
[ReportManager] Target URL: [https://duckduckgo.com] @11-12-2021 18:25:15.0407 PM
[ReportManager] Initial URL: [https://www.google.com] @11-12-2021 18:25:15.0473 PM
[ReportManager] Browser Action [NavigateToURL] successfully performed. With the following test data [https://duckduckgo.com]. @11-12-2021 18:25:15.0783 PM
[ReportManager] Browser Action [CloseCurrentWindow] successfully performed. @11-12-2021 18:25:16.0116 PM
[ReportManager] Successfully created attachment [Browser Action Test Data - CloseCurrentWindow - Actual Value] @11-12-2021 18:25:16.0117 P
[ReportManager] File Action [GetAbsolutePath] successfully performed. With the following test data [Relative Folder Path: "target/downloadedFiles/"]. @11-12-2021 18:25:16.0119 PM
[ReportManager] Attempting to run locally on: [Mac-64], [Safari], Headless Execution. @11-12-2021 18:25:16.0120 PM
[ReportManager] Successfully Opened Safari. @11-12-2021 18:25:16.0936 PM
[ReportManager] Initial window size: (800, 600) @11-12-2021 18:25:16.0950 PM
[ReportManager] Window size after SWD Maximize: (1176, 803) @11-12-2021 18:25:16.0982 PM
[ReportManager] Browser Action [MaximizeWindow] successfully performed. With the following test data [New screen size is now: (1176, 803)]. @11-12-2021 18:25:16.0983 PM
[ReportManager] Target URL: [https://duckduckgo.com] @11-12-2021 18:25:16.0983 PM
[ReportManager] Initial URL: [] @11-12-2021 18:25:17.0036 PM
[ReportManager] Browser Action [NavigateToURL] successfully performed. With the following test data [https://duckduckgo.com]. @11-12-2021 18:25:17.0713 P

################################################################################################################################################
Starting Execution:	[16 out of 146] test cases in the current suite
Test Method:		[unitTests.tests_browserActions.navigateToURL]
################################################################################################################################################
[ReportManager] Target URL: [https://duckduckgo.com] @11-12-2021 18:25:17.0756 PM
[ReportManager] Initial URL: [https://duckduckgo.com] @11-12-2021 18:25:17.0810 PM
[ReportManager] Browser Action [NavigateToURL] successfully performed. With the following test data [https://duckduckgo.com]. @11-12-2021 18:25:18.0087 P
[ReportManager] Target URL: [https://duckduckgo.com] @11-12-2021 18:25:18.0089 PM
[ReportManager] Initial URL: [https://duckduckgo.com] @11-12-2021 18:25:18.0117 PM
[ReportManager] Browser Action [NavigateToURL] successfully performed. With the following test data [https://duckduckgo.com]. @11-12-2021 18:25:18.0419 PM
[ReportManager] Browser Action [CloseCurrentWindow] successfully performed. @11-12-2021 18:25:18.0864 PM
[ReportManager] Successfully created attachment [Browser Action Test Data - CloseCurrentWindow - Actual Value] @11-12-2021 18:25:18.0865 P
[ReportManager] File Action [GetAbsolutePath] successfully performed. With the following test data [Relative Folder Path: "target/downloadedFiles/"]. @11-12-2021 18:25:18.0868 PM
[ReportManager] Attempting to run locally on: [Mac-64], [Safari], Headless Execution. @11-12-2021 18:25:18.0868 PM
[ReportManager] Successfully Opened Safari. @11-12-2021 18:25:19.0713 PM
[ReportManager] Initial window size: (800, 600) @11-12-2021 18:25:19.0727 PM
[ReportManager] Window size after SWD Maximize: (1176, 803) @11-12-2021 18:25:19.0758 PM
[ReportManager] Browser Action [MaximizeWindow] successfully performed. With the following test data [New screen size is now: (1176, 803)]. @11-12-2021 18:25:19.0759 PM
[ReportManager] Target URL: [https://duckduckgo.com] @11-12-2021 18:25:19.0759 PM
[ReportManager] Initial URL: [] @11-12-2021 18:25:19.0829 PM
[ReportManager] Browser Action [NavigateToURL] successfully performed. With the following test data [https://duckduckgo.com]. @11-12-2021 18:25:20.0657 P

################################################################################################################################################
Starting Execution:	[17 out of 146] test cases in the current suite
Test Method:		[unitTests.tests_browserActions.navigateToURLWithRedirection]
################################################################################################################################################
[ReportManager] Target URL: [https://www.google.com/ncr], and after redirection: [https://www.google.com] @11-12-2021 18:25:20.0664 PM
[ReportManager] Initial URL: [https://duckduckgo.com] @11-12-2021 18:25:20.0699 PM
[ReportManager] Browser Action [NavigateToURL] successfully performed. With the following test data [https://www.google.com/ncr]. @11-12-2021 18:25:22.0563 P
[ReportManager] Target URL: [https://duckduckgo.com] @11-12-2021 18:25:22.0565 PM
[ReportManager] Initial URL: [https://www.google.com] @11-12-2021 18:25:22.0628 PM
[ReportManager] Browser Action [NavigateToURL] successfully performed. With the following test data [https://duckduckgo.com]. @11-12-2021 18:25:22.0936 PM
[ReportManager] Browser Action [CloseCurrentWindow] successfully performed. @11-12-2021 18:25:23.0221 PM
[ReportManager] Successfully created attachment [Browser Action Test Data - CloseCurrentWindow - Actual Value] @11-12-2021 18:25:23.0222 P
[ReportManager] File Action [GetAbsolutePath] successfully performed. With the following test data [Relative Folder Path: "target/downloadedFiles/"]. @11-12-2021 18:25:23.0225 PM
[ReportManager] Attempting to run locally on: [Mac-64], [Safari], Headless Execution. @11-12-2021 18:25:23.0225 PM
[ReportManager] Successfully Opened Safari. @11-12-2021 18:25:24.0072 PM
[ReportManager] Initial window size: (800, 600) @11-12-2021 18:25:24.0095 PM
[ReportManager] Window size after SWD Maximize: (1176, 803) @11-12-2021 18:25:24.0117 PM
[ReportManager] Browser Action [MaximizeWindow] successfully performed. With the following test data [New screen size is now: (1176, 803)]. @11-12-2021 18:25:24.0118 PM
[ReportManager] Target URL: [https://duckduckgo.com] @11-12-2021 18:25:24.0118 PM
[ReportManager] Initial URL: [] @11-12-2021 18:25:24.0180 PM
[ReportManager] Browser Action [NavigateToURL] successfully performed. With the following test data [https://duckduckgo.com]. @11-12-2021 18:25:24.0928 P

################################################################################################################################################
Starting Execution:	[18 out of 146] test cases in the current suite
Test Method:		[unitTests.tests_browserActions.refreshCurrentPage]
################################################################################################################################################
[ReportManager] Browser Action [RefreshCurrentPage] successfully performed. @11-12-2021 18:25:25.0192 PM
[ReportManager] Successfully created attachment [Browser Action Test Data - RefreshCurrentPage - Actual Value] @11-12-2021 18:25:25.0193 P
[ReportManager] Target URL: [https://duckduckgo.com] @11-12-2021 18:25:25.0196 PM
[ReportManager] Initial URL: [https://duckduckgo.com] @11-12-2021 18:25:25.0246 PM
[ReportManager] Browser Action [NavigateToURL] successfully performed. With the following test data [https://duckduckgo.com]. @11-12-2021 18:25:25.0592 PM
[ReportManager] Browser Action [CloseCurrentWindow] successfully performed. @11-12-2021 18:25:25.0864 PM
[ReportManager] Successfully created attachment [Browser Action Test Data - CloseCurrentWindow - Actual Value] @11-12-2021 18:25:25.0864 P
[ReportManager] File Action [GetAbsolutePath] successfully performed. With the following test data [Relative Folder Path: "target/downloadedFiles/"]. @11-12-2021 18:25:25.0868 PM
[ReportManager] Attempting to run locally on: [Mac-64], [Safari], Headless Execution. @11-12-2021 18:25:25.0868 PM
[ReportManager] Successfully Opened Safari. @11-12-2021 18:25:26.0827 PM
[ReportManager] Initial window size: (800, 600) @11-12-2021 18:25:26.0857 PM
[ReportManager] Window size after SWD Maximize: (1176, 803) @11-12-2021 18:25:26.0899 PM
[ReportManager] Browser Action [MaximizeWindow] successfully performed. With the following test data [New screen size is now: (1176, 803)]. @11-12-2021 18:25:26.0900 PM
[ReportManager] Target URL: [https://duckduckgo.com] @11-12-2021 18:25:26.0900 PM
[ReportManager] Initial URL: [] @11-12-2021 18:25:26.0948 PM
[ReportManager] Browser Action [NavigateToURL] successfully performed. With the following test data [https://duckduckgo.com]. @11-12-2021 18:25:27.0625 P

################################################################################################################################################
Starting Execution:	[19 out of 146] test cases in the current suite
Test Method:		[unitTests.tests_browserActions.setWindowSize]
################################################################################################################################################
[ReportManager] Initial window size: (1176, 803) @11-12-2021 18:25:27.0635 PM
[ReportManager] Window size after SWD: (1280, 720) @11-12-2021 18:25:27.0673 PM
[ReportManager] Browser Action [SetWindowSize] successfully performed. With the following test data [New screen size is now: (1280, 720)]. @11-12-2021 18:25:27.0673 P
[ReportManager] Target URL: [https://duckduckgo.com] @11-12-2021 18:25:27.0676 PM
[ReportManager] Initial URL: [https://duckduckgo.com] @11-12-2021 18:25:27.0718 PM
[ReportManager] Browser Action [NavigateToURL] successfully performed. With the following test data [https://duckduckgo.com]. @11-12-2021 18:25:28.0008 PM
[ReportManager] Browser Action [CloseCurrentWindow] successfully performed. @11-12-2021 18:25:28.0231 PM
[ReportManager] Successfully created attachment [Browser Action Test Data - CloseCurrentWindow - Actual Value] @11-12-2021 18:25:28.0231 P
[ReportManager] Successfully loaded the following test data file [src/test/resources/testDataFiles/testSuite01/TestData.xlsx]. @11-12-2021 18:25:29.0466 PM
[ReportManager] Successfully created attachment [Test Data - Excel] @11-12-2021 18:25:29.0467 P

################################################################################################################################################
Starting Execution:	[20 out of 146] test cases in the current suite
Test Method:		[unitTests.tests_io_excelFileManager.getCellData_rowName_expectedToPass]
################################################################################################################################################
[ReportManager] testRowData. @11-12-2021 18:25:29.0487 P

################################################################################################################################################
Starting Execution:	[21 out of 146] test cases in the current suite
Test Method:		[unitTests.tests_validations_assertions.assertComparativeRelation_greaterThanOrEquals_false_equals_expectedToFail]
################################################################################################################################################
[ReportManager] Assertion [ValidateComparativeRelation] FAILED. Expected [1] and Actual [1]. Comparison Type [GREATER_THAN_OR_EQUALS]. Validation Type [NEGATIVE]. @11-12-2021 18:25:29.0496 P

################################################################################################################################################
Starting Execution:	[22 out of 146] test cases in the current suite
Test Method:		[unitTests.tests_validations_assertions.assertComparativeRelation_greaterThanOrEquals_false_equals_expectedToPass]
################################################################################################################################################
[ReportManager] Assertion [ValidateComparativeRelation] PASSED. Expected [2] and Actual [1]. Comparison Type [GREATER_THAN_OR_EQUALS]. Validation Type [NEGATIVE]. @11-12-2021 18:25:29.0502 P

################################################################################################################################################
Starting Execution:	[23 out of 146] test cases in the current suite
Test Method:		[unitTests.tests_validations_assertions.assertComparativeRelation_greaterThanOrEquals_false_greaterThan_expectedToFail]
################################################################################################################################################
[ReportManager] Assertion [ValidateComparativeRelation] FAILED. Expected [1] and Actual [2]. Comparison Type [GREATER_THAN_OR_EQUALS]. Validation Type [NEGATIVE]. @11-12-2021 18:25:29.0507 P

################################################################################################################################################
Starting Execution:	[24 out of 146] test cases in the current suite
Test Method:		[unitTests.tests_validations_assertions.assertComparativeRelation_greaterThanOrEquals_false_greaterThan_expectedToPass]
################################################################################################################################################
[ReportManager] Assertion [ValidateComparativeRelation] PASSED. Expected [2] and Actual [1]. Comparison Type [GREATER_THAN_OR_EQUALS]. Validation Type [NEGATIVE]. @11-12-2021 18:25:29.0511 P

################################################################################################################################################
Starting Execution:	[25 out of 146] test cases in the current suite
Test Method:		[unitTests.tests_validations_assertions.assertComparativeRelation_greaterThanOrEquals_true_equals_expectedToFail]
################################################################################################################################################
[ReportManager] Assertion [ValidateComparativeRelation] FAILED. Expected [1] and Actual [0]. Comparison Type [GREATER_THAN_OR_EQUALS]. Validation Type [POSITIVE]. @11-12-2021 18:25:29.0517 P

################################################################################################################################################
Starting Execution:	[26 out of 146] test cases in the current suite
Test Method:		[unitTests.tests_validations_assertions.assertComparativeRelation_greaterThanOrEquals_true_equals_expectedToPass]
################################################################################################################################################
[ReportManager] Assertion [ValidateComparativeRelation] PASSED. Expected [1] and Actual [1]. Comparison Type [GREATER_THAN_OR_EQUALS]. Validation Type [POSITIVE]. @11-12-2021 18:25:29.0524 P

################################################################################################################################################
Starting Execution:	[27 out of 146] test cases in the current suite
Test Method:		[unitTests.tests_validations_assertions.assertComparativeRelation_greaterThanOrEquals_true_greaterThan_expectedToFail]
################################################################################################################################################
[ReportManager] Assertion [ValidateComparativeRelation] FAILED. Expected [2] and Actual [1]. Comparison Type [GREATER_THAN_OR_EQUALS]. Validation Type [POSITIVE]. @11-12-2021 18:25:29.0527 P

################################################################################################################################################
Starting Execution:	[28 out of 146] test cases in the current suite
Test Method:		[unitTests.tests_validations_assertions.assertComparativeRelation_greaterThanOrEquals_true_greaterThan_expectedToPass]
################################################################################################################################################
[ReportManager] Assertion [ValidateComparativeRelation] PASSED. Expected [1] and Actual [2]. Comparison Type [GREATER_THAN_OR_EQUALS]. Validation Type [POSITIVE]. @11-12-2021 18:25:29.0535 P
[ReportManager] File Action [GetAbsolutePath] successfully performed. With the following test data [Relative Folder Path: "target/downloadedFiles/"]. @11-12-2021 18:25:29.0537 PM
[ReportManager] Attempting to run locally on: [Mac-64], [Safari], Headless Execution. @11-12-2021 18:25:29.0538 PM
[ReportManager] Successfully Opened Safari. @11-12-2021 18:25:30.0479 PM
[ReportManager] Initial window size: (800, 600) @11-12-2021 18:25:30.0486 PM
[ReportManager] Window size after SWD Maximize: (1176, 803) @11-12-2021 18:25:30.0518 PM
[ReportManager] Browser Action [MaximizeWindow] successfully performed. With the following test data [New screen size is now: (1176, 803)]. @11-12-2021 18:25:30.0518 PM
[ReportManager] Target URL: [https://www.google.com/ncr], and after redirection: [www.google.com] @11-12-2021 18:25:30.0519 PM
[ReportManager] Initial URL: [] @11-12-2021 18:25:30.0576 PM
[ReportManager] Browser Action [NavigateToURL] successfully performed. With the following test data [https://www.google.com/ncr]. @11-12-2021 18:25:32.0755 P

################################################################################################################################################
Starting Execution:	[29 out of 146] test cases in the current suite
Test Method:		[unitTests.tests_validations_assertions.assertElementAttribute_false_caseInsensitiveComparison_expectedToFail]
################################################################################################################################################
[ReportManager] Element Action [Type] successfully performed. With the following test data [AUTOMATION]. @11-12-2021 18:25:33.0012 PM
[ReportManager] Element Action [GetText] successfully performed. With the following test data [AUTOMATION]. @11-12-2021 18:25:33.0072 PM
[ReportManager] Loaded Shared OpenCV @11-12-2021 18:25:34.0450 PM
[ReportManager] Assertion [ValidateElementAttribute] FAILED. Expected [Value Should not be 'AutomaTion' for the 'text' attribute, element locator 'By.name: q'] and Actual [AUTOMATION]. Comparison Type [CASE_INSENSITIVE]. Validation Type [NEGATIVE]. @11-12-2021 18:25:34.0743 PM
[ReportManager] Successfully created attachment [Screenshot - 1639247133145_assertElementAttribute_false_caseInsensitiveComparison_expectedToFail_ValidateElementAttribute_failed] @11-12-2021 18:25:34.0747 P
[ReportManager] Browser Action [CloseCurrentWindow] successfully performed. @11-12-2021 18:25:35.0118 PM
[ReportManager] Successfully created attachment [Browser Action Test Data - CloseCurrentWindow - Actual Value] @11-12-2021 18:25:35.0122 P
[ReportManager] File Action [GetAbsolutePath] successfully performed. With the following test data [Relative Folder Path: "target/downloadedFiles/"]. @11-12-2021 18:25:35.0130 PM
[ReportManager] Attempting to run locally on: [Mac-64], [Safari], Headless Execution. @11-12-2021 18:25:35.0130 PM
[ReportManager] Successfully Opened Safari. @11-12-2021 18:25:35.0973 PM
[ReportManager] Initial window size: (800, 600) @11-12-2021 18:25:36.0008 PM
[ReportManager] Window size after SWD Maximize: (1176, 803) @11-12-2021 18:25:36.0024 PM
[ReportManager] Browser Action [MaximizeWindow] successfully performed. With the following test data [New screen size is now: (1176, 803)]. @11-12-2021 18:25:36.0025 PM
[ReportManager] Target URL: [https://www.google.com/ncr], and after redirection: [www.google.com] @11-12-2021 18:25:36.0025 PM
[ReportManager] Initial URL: [] @11-12-2021 18:25:36.0086 PM
[ReportManager] Browser Action [NavigateToURL] successfully performed. With the following test data [https://www.google.com/ncr]. @11-12-2021 18:25:38.0232 P

################################################################################################################################################
Starting Execution:	[30 out of 146] test cases in the current suite
Test Method:		[unitTests.tests_validations_assertions.assertElementAttribute_false_caseInsensitiveComparison_expectedToPass]
################################################################################################################################################
[ReportManager] Element Action [Type] successfully performed. With the following test data [AUTOMATION]. @11-12-2021 18:25:38.0475 PM
[ReportManager] Element Action [GetText] successfully performed. With the following test data [AUTOMATION]. @11-12-2021 18:25:38.0543 PM
[ReportManager] Loaded Shared OpenCV @11-12-2021 18:25:38.0605 PM
[ReportManager] Assertion [ValidateElementAttribute] PASSED. Expected [Value Should not be 'AutomaTion123' for the 'text' attribute, element locator 'By.name: q'] and Actual [AUTOMATION]. Comparison Type [CASE_INSENSITIVE]. Validation Type [NEGATIVE]. @11-12-2021 18:25:38.0824 PM
[ReportManager] Successfully created attachment [Screenshot - 1639247138605_assertElementAttribute_false_caseInsensitiveComparison_expectedToPass_ValidateElementAttribute_passed] @11-12-2021 18:25:38.0826 P
[ReportManager] Browser Action [CloseCurrentWindow] successfully performed. @11-12-2021 18:25:39.0267 PM
[ReportManager] Successfully created attachment [Browser Action Test Data - CloseCurrentWindow - Actual Value] @11-12-2021 18:25:39.0269 P
[ReportManager] File Action [GetAbsolutePath] successfully performed. With the following test data [Relative Folder Path: "target/downloadedFiles/"]. @11-12-2021 18:25:39.0277 PM
[ReportManager] Attempting to run locally on: [Mac-64], [Safari], Headless Execution. @11-12-2021 18:25:39.0277 PM
[ReportManager] Successfully Opened Safari. @11-12-2021 18:25:40.0139 PM
[ReportManager] Initial window size: (800, 600) @11-12-2021 18:25:40.0162 PM
[ReportManager] Window size after SWD Maximize: (1176, 803) @11-12-2021 18:25:40.0178 PM
[ReportManager] Browser Action [MaximizeWindow] successfully performed. With the following test data [New screen size is now: (1176, 803)]. @11-12-2021 18:25:40.0178 PM
[ReportManager] Target URL: [https://www.google.com/ncr], and after redirection: [www.google.com] @11-12-2021 18:25:40.0179 PM
[ReportManager] Initial URL: [] @11-12-2021 18:25:40.0241 PM
[ReportManager] Browser Action [NavigateToURL] successfully performed. With the following test data [https://www.google.com/ncr]. @11-12-2021 18:25:42.0231 P

################################################################################################################################################
Starting Execution:	[31 out of 146] test cases in the current suite
Test Method:		[unitTests.tests_validations_assertions.assertElementAttribute_false_containsComparison_expectedToFail]
################################################################################################################################################
[ReportManager] Element Action [Type] successfully performed. With the following test data [Automation123]. @11-12-2021 18:25:42.0480 PM
[ReportManager] Element Action [GetText] successfully performed. With the following test data [Automation123]. @11-12-2021 18:25:42.0576 PM
[ReportManager] Loaded Shared OpenCV @11-12-2021 18:25:42.0710 PM
[ReportManager] Assertion [ValidateElementAttribute] FAILED. Expected [Value Should not be 'Automation' for the 'text' attribute, element locator 'By.name: q'] and Actual [Automation123]. Comparison Type [CONTAINS]. Validation Type [NEGATIVE]. @11-12-2021 18:25:42.0851 PM
[ReportManager] Successfully created attachment [Screenshot - 1639247142710_assertElementAttribute_false_containsComparison_expectedToFail_ValidateElementAttribute_failed] @11-12-2021 18:25:42.0853 P
[ReportManager] Browser Action [CloseCurrentWindow] successfully performed. @11-12-2021 18:25:42.0937 PM
[ReportManager] Successfully created attachment [Browser Action Test Data - CloseCurrentWindow - Actual Value] @11-12-2021 18:25:42.0940 P
[ReportManager] File Action [GetAbsolutePath] successfully performed. With the following test data [Relative Folder Path: "target/downloadedFiles/"]. @11-12-2021 18:25:42.0948 PM
[ReportManager] Attempting to run locally on: [Mac-64], [Safari], Headless Execution. @11-12-2021 18:25:42.0949 PM
[ReportManager] Successfully Opened Safari. @11-12-2021 18:25:43.0853 PM
[ReportManager] Initial window size: (800, 600) @11-12-2021 18:25:43.0880 PM
[ReportManager] Window size after SWD Maximize: (1176, 803) @11-12-2021 18:25:43.0914 PM
[ReportManager] Browser Action [MaximizeWindow] successfully performed. With the following test data [New screen size is now: (1176, 803)]. @11-12-2021 18:25:43.0915 PM
[ReportManager] Target URL: [https://www.google.com/ncr], and after redirection: [www.google.com] @11-12-2021 18:25:43.0915 PM
[ReportManager] Initial URL: [] @11-12-2021 18:25:43.0959 PM
[ReportManager] Browser Action [NavigateToURL] successfully performed. With the following test data [https://www.google.com/ncr]. @11-12-2021 18:25:45.0998 P

################################################################################################################################################
Starting Execution:	[32 out of 146] test cases in the current suite
Test Method:		[unitTests.tests_validations_assertions.assertElementAttribute_false_containsComparison_expectedToPass]
################################################################################################################################################
[ReportManager] Element Action [Type] successfully performed. With the following test data [Automation123]. @11-12-2021 18:25:46.0232 PM
[ReportManager] Element Action [GetText] successfully performed. With the following test data [Automation123]. @11-12-2021 18:25:46.0287 PM
[ReportManager] Loaded Shared OpenCV @11-12-2021 18:25:46.0341 PM
[ReportManager] Assertion [ValidateElementAttribute] PASSED. Expected [Value Should not be 'Automation1234' for the 'text' attribute, element locator 'By.name: q'] and Actual [Automation123]. Comparison Type [CONTAINS]. Validation Type [NEGATIVE]. @11-12-2021 18:25:46.0509 PM
[ReportManager] Successfully created attachment [Screenshot - 1639247146341_assertElementAttribute_false_containsComparison_expectedToPass_ValidateElementAttribute_passed] @11-12-2021 18:25:46.0510 P
[ReportManager] Browser Action [CloseCurrentWindow] successfully performed. @11-12-2021 18:25:46.0924 PM
[ReportManager] Successfully created attachment [Browser Action Test Data - CloseCurrentWindow - Actual Value] @11-12-2021 18:25:46.0926 P
[ReportManager] File Action [GetAbsolutePath] successfully performed. With the following test data [Relative Folder Path: "target/downloadedFiles/"]. @11-12-2021 18:25:46.0932 PM
[ReportManager] Attempting to run locally on: [Mac-64], [Safari], Headless Execution. @11-12-2021 18:25:46.0933 PM
[ReportManager] Successfully Opened Safari. @11-12-2021 18:25:47.0775 PM
[ReportManager] Initial window size: (800, 600) @11-12-2021 18:25:47.0794 PM
[ReportManager] Window size after SWD Maximize: (1176, 803) @11-12-2021 18:25:47.0824 PM
[ReportManager] Browser Action [MaximizeWindow] successfully performed. With the following test data [New screen size is now: (1176, 803)]. @11-12-2021 18:25:47.0825 PM
[ReportManager] Target URL: [https://www.google.com/ncr], and after redirection: [www.google.com] @11-12-2021 18:25:47.0825 PM
[ReportManager] Initial URL: [] @11-12-2021 18:25:47.0859 PM
[ReportManager] Browser Action [NavigateToURL] successfully performed. With the following test data [https://www.google.com/ncr]. @11-12-2021 18:25:49.0832 P

################################################################################################################################################
Starting Execution:	[33 out of 146] test cases in the current suite
Test Method:		[unitTests.tests_validations_assertions.assertElementAttribute_false_literalComparison_expectedToFail]
################################################################################################################################################
[ReportManager] Element Action [Type] successfully performed. With the following test data [Automation!@#$%^&*()_+{}[]\';/.,]. @11-12-2021 18:25:50.0158 PM
[ReportManager] Element Action [GetText] successfully performed. With the following test data [Automation!@#$%^&*()_+{}[]\';/.,]. @11-12-2021 18:25:50.0205 PM
[ReportManager] Loaded Shared OpenCV @11-12-2021 18:25:50.0256 PM
[ReportManager] Assertion [ValidateElementAttribute] PASSED. Expected [Value Should not be 'Automation!@#$%^&*()_+{}[]\\';/.,' for the 'text' attribute, element locator 'By.name: q'] and Actual [Automation!@#$%^&*()_+{}[]\';/.,]. Comparison Type [EQUALS]. Validation Type [NEGATIVE]. @11-12-2021 18:25:50.0378 PM
[ReportManager] Successfully created attachment [Screenshot - 1639247150256_assertElementAttribute_false_literalComparison_expectedToFail_ValidateElementAttribute_passed] @11-12-2021 18:25:50.0379 P
[ReportManager] Browser Action [CloseCurrentWindow] successfully performed. @11-12-2021 18:25:50.0867 PM
[ReportManager] Successfully created attachment [Browser Action Test Data - CloseCurrentWindow - Actual Value] @11-12-2021 18:25:50.0869 P
[ReportManager] File Action [GetAbsolutePath] successfully performed. With the following test data [Relative Folder Path: "target/downloadedFiles/"]. @11-12-2021 18:25:50.0875 PM
[ReportManager] Attempting to run locally on: [Mac-64], [Safari], Headless Execution. @11-12-2021 18:25:50.0875 PM
[ReportManager] Successfully Opened Safari. @11-12-2021 18:25:51.0755 PM
[ReportManager] Initial window size: (800, 600) @11-12-2021 18:25:51.0779 PM
[ReportManager] Window size after SWD Maximize: (1176, 803) @11-12-2021 18:25:51.0793 PM
[ReportManager] Browser Action [MaximizeWindow] successfully performed. With the following test data [New screen size is now: (1176, 803)]. @11-12-2021 18:25:51.0794 PM
[ReportManager] Target URL: [https://www.google.com/ncr], and after redirection: [www.google.com] @11-12-2021 18:25:51.0794 PM
[ReportManager] Initial URL: [] @11-12-2021 18:25:51.0843 PM
[ReportManager] Browser Action [NavigateToURL] successfully performed. With the following test data [https://www.google.com/ncr]. @11-12-2021 18:25:53.0851 P

################################################################################################################################################
Starting Execution:	[34 out of 146] test cases in the current suite
Test Method:		[unitTests.tests_validations_assertions.assertElementAttribute_false_literalComparison_expectedToPass]
################################################################################################################################################
[ReportManager] Element Action [Type] successfully performed. With the following test data [Automation!@#$%^&*()_+{}[]\';/.,]. @11-12-2021 18:25:57.0804 PM
[ReportManager] Element Action [GetText] successfully performed. With the following test data [Automation!@#$%^&*()_+{}[]\';/.,]. @11-12-2021 18:25:57.0865 PM
[ReportManager] Loaded Shared OpenCV @11-12-2021 18:25:57.0931 PM
[ReportManager] Assertion [ValidateElementAttribute] PASSED. Expected [Value Should not be 'Automation' for the 'text' attribute, element locator 'By.name: q'] and Actual [Automation!@#$%^&*()_+{}[]\';/.,]. Comparison Type [EQUALS]. Validation Type [NEGATIVE]. @11-12-2021 18:25:58.0120 PM
[ReportManager] Successfully created attachment [Screenshot - 1639247157931_assertElementAttribute_false_literalComparison_expectedToPass_ValidateElementAttribute_passed] @11-12-2021 18:25:58.0121 P
[ReportManager] Browser Action [CloseCurrentWindow] successfully performed. @11-12-2021 18:25:58.0520 PM
[ReportManager] Successfully created attachment [Browser Action Test Data - CloseCurrentWindow - Actual Value] @11-12-2021 18:25:58.0523 P
[ReportManager] File Action [GetAbsolutePath] successfully performed. With the following test data [Relative Folder Path: "target/downloadedFiles/"]. @11-12-2021 18:25:58.0534 PM
[ReportManager] Attempting to run locally on: [Mac-64], [Safari], Headless Execution. @11-12-2021 18:25:58.0534 PM
[ReportManager] Successfully Opened Safari. @11-12-2021 18:25:59.0417 PM
[ReportManager] Initial window size: (800, 600) @11-12-2021 18:25:59.0487 PM
[ReportManager] Window size after SWD Maximize: (1176, 803) @11-12-2021 18:25:59.0518 PM
[ReportManager] Browser Action [MaximizeWindow] successfully performed. With the following test data [New screen size is now: (1176, 803)]. @11-12-2021 18:25:59.0518 PM
[ReportManager] Target URL: [https://www.google.com/ncr], and after redirection: [www.google.com] @11-12-2021 18:25:59.0519 PM
[ReportManager] Initial URL: [] @11-12-2021 18:25:59.0579 PM
[ReportManager] Browser Action [NavigateToURL] successfully performed. With the following test data [https://www.google.com/ncr]. @11-12-2021 18:26:01.0790 P

################################################################################################################################################
Starting Execution:	[35 out of 146] test cases in the current suite
Test Method:		[unitTests.tests_validations_assertions.assertElementAttribute_false_regexComparison_expectedToFail]
################################################################################################################################################
[ReportManager] Element Action [Type] successfully performed. With the following test data [Automation123]. @11-12-2021 18:26:03.0950 PM
[ReportManager] Element Action [GetText] successfully performed. With the following test data [Automation123]. @11-12-2021 18:26:03.0995 PM
[ReportManager] Loaded Shared OpenCV @11-12-2021 18:26:04.0046 PM
[ReportManager] Assertion [ValidateElementAttribute] FAILED. Expected [Value Should not be 'Automation.*' for the 'text' attribute, element locator 'By.name: q'] and Actual [Automation123]. Comparison Type [MATCHES]. Validation Type [NEGATIVE]. @11-12-2021 18:26:04.0184 PM
[ReportManager] Successfully created attachment [Screenshot - 1639247164046_assertElementAttribute_false_regexComparison_expectedToFail_ValidateElementAttribute_failed] @11-12-2021 18:26:04.0186 P
[ReportManager] Browser Action [CloseCurrentWindow] successfully performed. @11-12-2021 18:26:04.0616 PM
[ReportManager] Successfully created attachment [Browser Action Test Data - CloseCurrentWindow - Actual Value] @11-12-2021 18:26:05.0909 P
[ReportManager] File Action [GetAbsolutePath] successfully performed. With the following test data [Relative Folder Path: "target/downloadedFiles/"]. @11-12-2021 18:26:05.0916 PM
[ReportManager] Attempting to run locally on: [Mac-64], [Safari], Headless Execution. @11-12-2021 18:26:05.0916 PM
[ReportManager] Successfully Opened Safari. @11-12-2021 18:26:06.0741 PM
[ReportManager] Initial window size: (800, 600) @11-12-2021 18:26:06.0765 PM
[ReportManager] Window size after SWD Maximize: (1176, 803) @11-12-2021 18:26:06.0790 PM
[ReportManager] Browser Action [MaximizeWindow] successfully performed. With the following test data [New screen size is now: (1176, 803)]. @11-12-2021 18:26:06.0790 PM
[ReportManager] Target URL: [https://www.google.com/ncr], and after redirection: [www.google.com] @11-12-2021 18:26:06.0790 PM
[ReportManager] Initial URL: [] @11-12-2021 18:26:06.0856 PM
[ReportManager] Browser Action [NavigateToURL] successfully performed. With the following test data [https://www.google.com/ncr]. @11-12-2021 18:26:08.0822 P

################################################################################################################################################
Starting Execution:	[36 out of 146] test cases in the current suite
Test Method:		[unitTests.tests_validations_assertions.assertElementAttribute_false_regexComparison_expectedToPass]
################################################################################################################################################
[ReportManager] Element Action [Type] successfully performed. With the following test data [Automation123]. @11-12-2021 18:26:11.0105 PM
[ReportManager] Element Action [GetText] successfully performed. With the following test data [Automation123]. @11-12-2021 18:26:11.0155 PM
[ReportManager] Loaded Shared OpenCV @11-12-2021 18:26:11.0216 PM
[ReportManager] Assertion [ValidateElementAttribute] PASSED. Expected [Value Should not be 'Automation' for the 'text' attribute, element locator 'By.name: q'] and Actual [Automation123]. Comparison Type [MATCHES]. Validation Type [NEGATIVE]. @11-12-2021 18:26:11.0383 PM
[ReportManager] Successfully created attachment [Screenshot - 1639247171216_assertElementAttribute_false_regexComparison_expectedToPass_ValidateElementAttribute_passed] @11-12-2021 18:26:11.0384 P
[ReportManager] Browser Action [CloseCurrentWindow] successfully performed. @11-12-2021 18:26:11.0722 PM
[ReportManager] Successfully created attachment [Browser Action Test Data - CloseCurrentWindow - Actual Value] @11-12-2021 18:26:11.0724 P
[ReportManager] File Action [GetAbsolutePath] successfully performed. With the following test data [Relative Folder Path: "target/downloadedFiles/"]. @11-12-2021 18:26:11.0732 PM
[ReportManager] Attempting to run locally on: [Mac-64], [Safari], Headless Execution. @11-12-2021 18:26:11.0732 PM
[ReportManager] Successfully Opened Safari. @11-12-2021 18:26:12.0553 PM
[ReportManager] Initial window size: (800, 600) @11-12-2021 18:26:12.0560 PM
[ReportManager] Window size after SWD Maximize: (1176, 803) @11-12-2021 18:26:12.0589 PM
[ReportManager] Browser Action [MaximizeWindow] successfully performed. With the following test data [New screen size is now: (1176, 803)]. @11-12-2021 18:26:12.0589 PM
[ReportManager] Target URL: [https://www.google.com/ncr], and after redirection: [www.google.com] @11-12-2021 18:26:12.0589 PM
[ReportManager] Initial URL: [] @11-12-2021 18:26:12.0623 PM
[ReportManager] Browser Action [NavigateToURL] successfully performed. With the following test data [https://www.google.com/ncr]. @11-12-2021 18:26:14.0531 P

################################################################################################################################################
Starting Execution:	[37 out of 146] test cases in the current suite
Test Method:		[unitTests.tests_validations_assertions.assertElementAttribute_true_caseInsensitiveComparison_expectedToFail]
################################################################################################################################################
[ReportManager] Element Action [Type] successfully performed. With the following test data [AUTOMATION]. @11-12-2021 18:26:14.0763 PM
[ReportManager] Element Action [GetText] successfully performed. With the following test data [AUTOMATION]. @11-12-2021 18:26:14.0834 PM
[ReportManager] Loaded Shared OpenCV @11-12-2021 18:26:14.0908 PM
[ReportManager] Assertion [ValidateElementAttribute] FAILED. Expected [Value Should be 'AutomaTion123' for the 'text' attribute, element locator 'By.name: q'] and Actual [AUTOMATION]. Comparison Type [CASE_INSENSITIVE]. Validation Type [POSITIVE]. @11-12-2021 18:26:15.0048 PM
[ReportManager] Successfully created attachment [Screenshot - 1639247174908_assertElementAttribute_true_caseInsensitiveComparison_expectedToFail_ValidateElementAttribute_failed] @11-12-2021 18:26:15.0049 P
[ReportManager] Browser Action [CloseCurrentWindow] successfully performed. @11-12-2021 18:26:15.0410 PM
[ReportManager] Successfully created attachment [Browser Action Test Data - CloseCurrentWindow - Actual Value] @11-12-2021 18:26:15.0412 P
[ReportManager] File Action [GetAbsolutePath] successfully performed. With the following test data [Relative Folder Path: "target/downloadedFiles/"]. @11-12-2021 18:26:15.0418 PM
[ReportManager] Attempting to run locally on: [Mac-64], [Safari], Headless Execution. @11-12-2021 18:26:15.0418 PM
[ReportManager] Successfully Opened Safari. @11-12-2021 18:26:16.0255 PM
[ReportManager] Initial window size: (800, 600) @11-12-2021 18:26:16.0274 PM
[ReportManager] Window size after SWD Maximize: (1176, 803) @11-12-2021 18:26:16.0328 PM
[ReportManager] Browser Action [MaximizeWindow] successfully performed. With the following test data [New screen size is now: (1176, 803)]. @11-12-2021 18:26:16.0328 PM
[ReportManager] Target URL: [https://www.google.com/ncr], and after redirection: [www.google.com] @11-12-2021 18:26:16.0328 PM
[ReportManager] Initial URL: [] @11-12-2021 18:26:16.0400 PM
[ReportManager] Browser Action [NavigateToURL] successfully performed. With the following test data [https://www.google.com/ncr]. @11-12-2021 18:26:18.0408 P

################################################################################################################################################
Starting Execution:	[38 out of 146] test cases in the current suite
Test Method:		[unitTests.tests_validations_assertions.assertElementAttribute_true_caseInsensitiveComparison_expectedToPass]
################################################################################################################################################
[ReportManager] Element Action [Type] successfully performed. With the following test data [AUTOMATION]. @11-12-2021 18:26:18.0664 PM
[ReportManager] Element Action [GetText] successfully performed. With the following test data [AUTOMATION]. @11-12-2021 18:26:18.0733 PM
[ReportManager] Loaded Shared OpenCV @11-12-2021 18:26:18.0789 PM
[ReportManager] Assertion [ValidateElementAttribute] PASSED. Expected [Value Should be 'AutomaTion' for the 'text' attribute, element locator 'By.name: q'] and Actual [AUTOMATION]. Comparison Type [CASE_INSENSITIVE]. Validation Type [POSITIVE]. @11-12-2021 18:26:18.0940 PM
[ReportManager] Successfully created attachment [Screenshot - 1639247178789_assertElementAttribute_true_caseInsensitiveComparison_expectedToPass_ValidateElementAttribute_passed] @11-12-2021 18:26:18.0941 P
[ReportManager] Browser Action [CloseCurrentWindow] successfully performed. @11-12-2021 18:26:19.0300 PM
[ReportManager] Successfully created attachment [Browser Action Test Data - CloseCurrentWindow - Actual Value] @11-12-2021 18:26:19.0302 P
[ReportManager] File Action [GetAbsolutePath] successfully performed. With the following test data [Relative Folder Path: "target/downloadedFiles/"]. @11-12-2021 18:26:19.0308 PM
[ReportManager] Attempting to run locally on: [Mac-64], [Safari], Headless Execution. @11-12-2021 18:26:19.0309 PM
[ReportManager] An Exception Occured with this Message: Could not start a new session. Possible causes are invalid address of the remote server or browser start-up failure.. @11-12-2021 18:26:19.0534 PM
[ReportManager] Successfully created attachment [Exception Stack Trace - org.openqa.selenium.SessionNotCreatedException] @11-12-2021 18:26:19.0575 PM
[ReportManager] Driver Factory Action [createNewLocalDriverInstanceForSafari] failed. With the following test data [Failed to create a session on DESKTOP_SAFARI]. @11-12-2021 18:26:19.0575 P

################################################################################################################################################
Starting Execution:	[39 out of 146] test cases in the current suite
Test Method:		[unitTests.tests_validations_assertions.assertElementAttribute_true_containsComparison_expectedToFail]
###############################################################################################################################################



################################################################################################################################################
Starting Execution:	[40 out of 146] test cases in the current suite
Test Method:		[unitTests.tests_validations_assertions.assertElementAttribute_true_containsComparison_expectedToPass]
###############################################################################################################################################



################################################################################################################################################
Starting Execution:	[41 out of 146] test cases in the current suite
Test Method:		[unitTests.tests_validations_assertions.assertElementAttribute_true_literalComparison_expectedToFail]
###############################################################################################################################################



################################################################################################################################################
Starting Execution:	[42 out of 146] test cases in the current suite
Test Method:		[unitTests.tests_validations_assertions.assertElementAttribute_true_literalComparison_expectedToPass]
###############################################################################################################################################



################################################################################################################################################
Starting Execution:	[43 out of 146] test cases in the current suite
Test Method:		[unitTests.tests_validations_assertions.assertElementAttribute_true_regexComparison_expectedToFail]
###############################################################################################################################################



################################################################################################################################################
Starting Execution:	[44 out of 146] test cases in the current suite
Test Method:		[unitTests.tests_validations_assertions.assertElementAttribute_true_regexComparison_expectedToPass]
###############################################################################################################################################



################################################################################################################################################
Starting Execution:	[45 out of 146] test cases in the current suite
Test Method:		[unitTests.tests_validations_assertions.assertElementAttribute_type_true_literalComparison_expectedToPass]
###############################################################################################################################################



################################################################################################################################################
Starting Execution:	[46 out of 146] test cases in the current suite
Test Method:		[unitTests.tests_validations_assertions.assertElementExists_false_expectedToFail]
###############################################################################################################################################



################################################################################################################################################
Starting Execution:	[47 out of 146] test cases in the current suite
Test Method:		[unitTests.tests_validations_assertions.assertElementExists_false_expectedToPass]
###############################################################################################################################################



################################################################################################################################################
Starting Execution:	[48 out of 146] test cases in the current suite
Test Method:		[unitTests.tests_validations_assertions.assertElementExists_false_multipleElementsFound_expectedToFail]
###############################################################################################################################################



################################################################################################################################################
Starting Execution:	[49 out of 146] test cases in the current suite
Test Method:		[unitTests.tests_validations_assertions.assertElementExists_true_expectedToFail]
###############################################################################################################################################



################################################################################################################################################
Starting Execution:	[50 out of 146] test cases in the current suite
Test Method:		[unitTests.tests_validations_assertions.assertElementExists_true_expectedToPass]
###############################################################################################################################################



################################################################################################################################################
Starting Execution:	[51 out of 146] test cases in the current suite
Test Method:		[unitTests.tests_validations_assertions.assertElementExists_true_multipleElementsFound_expectedToFail]
###############################################################################################################################################


################################################################################################################################################
Starting Execution:	[52 out of 146] test cases in the current suite
Test Method:		[unitTests.tests_validations_assertions.assertEquals_false_expectedToFail]
###############################################################################################################################################

################################################################################################################################################
Starting Execution:	[53 out of 146] test cases in the current suite
Test Method:		[unitTests.tests_validations_assertions.assertEquals_false_expectedToPass]
###############################################################################################################################################

################################################################################################################################################
Starting Execution:	[54 out of 146] test cases in the current suite
Test Method:		[unitTests.tests_validations_assertions.assertEquals_longCharacters]
###############################################################################################################################################

################################################################################################################################################
Starting Execution:	[55 out of 146] test cases in the current suite
Test Method:		[unitTests.tests_validations_assertions.assertEquals_longCharacters_Discreet]
###############################################################################################################################################

################################################################################################################################################
Starting Execution:	[56 out of 146] test cases in the current suite
Test Method:		[unitTests.tests_validations_assertions.assertEquals_true_expectedToFail]
###############################################################################################################################################

################################################################################################################################################
Starting Execution:	[57 out of 146] test cases in the current suite
Test Method:		[unitTests.tests_validations_assertions.assertEquals_true_expectedToPass]
Test Description:	[Assert that assertEquals works as expected when the two values are equal.]
###############################################################################################################################################

################################################################################################################################################
Starting Execution:	[58 out of 146] test cases in the current suite
Test Method:		[unitTests.tests_validations_assertions.assertEquals_true_expectedToPass__]
###############################################################################################################################################

################################################################################################################################################
Starting Execution:	[59 out of 146] test cases in the current suite
Test Method:		[unitTests.tests_validations_assertions.assertFileExists_false_expectedToFail]
###############################################################################################################################################

################################################################################################################################################
Starting Execution:	[60 out of 146] test cases in the current suite
Test Method:		[unitTests.tests_validations_assertions.assertFileExists_false_expectedToPass]
###############################################################################################################################################

################################################################################################################################################
Starting Execution:	[61 out of 146] test cases in the current suite
Test Method:		[unitTests.tests_validations_assertions.assertFileExists_true_expectedToFail]
###############################################################################################################################################

################################################################################################################################################
Starting Execution:	[62 out of 146] test cases in the current suite
Test Method:		[unitTests.tests_validations_assertions.assertFileExists_true_expectedToPass]
###############################################################################################################################################

################################################################################################################################################
Starting Execution:	[63 out of 146] test cases in the current suite
Test Method:		[unitTests.tests_validations_assertions.assertNull_false_expectedToFail]
###############################################################################################################################################

################################################################################################################################################
Starting Execution:	[64 out of 146] test cases in the current suite
Test Method:		[unitTests.tests_validations_assertions.assertNull_false_expectedToPass]
###############################################################################################################################################

################################################################################################################################################
Starting Execution:	[65 out of 146] test cases in the current suite
Test Method:		[unitTests.tests_validations_assertions.assertNull_true_expectedToFail]
###############################################################################################################################################

################################################################################################################################################
Starting Execution:	[66 out of 146] test cases in the current suite
Test Method:		[unitTests.tests_validations_assertions.assertNull_true_expectedToPass]
###############################################################################################################################################

################################################################################################################################################
Starting Execution:	[67 out of 146] test cases in the current suite
Test Method:		[unitTests.tests_restActions.getPostsAndAssertBodyForSpecificTitle]
################################################################################################################################################
[ReportManager] Response status code: [200], status line: [HTTP/1.1 200 OK] @11-12-2021 18:26:22.0383 PM
[ReportManager] Assertion Passed: Evaluating the actual response status code against the expected one... @11-12-2021 18:26:22.0387 PM
[ReportManager] Assertion [ValidateComparativeRelation] PASSED. Expected [200] and Actual [200]. Comparison Type [EQUALS]. Validation Type [POSITIVE]. @11-12-2021 18:26:22.0388 PM
[ReportManager] API Action [PerformRequest] successfully performed. With the following test data [Request Type: "GET" | Target Status Code: "200" | Service URL: "https://jsonplaceholder.typicode.com/posts" | Content Type: "*/*" | Response Time: "736ms"]. @11-12-2021 18:26:23.0425 PM
[ReportManager] Successfully created attachment [API Request - Specifications] @11-12-2021 18:26:23.0426 PM
[ReportManager] Successfully created attachment [API Response - JSON Body] @11-12-2021 18:26:23.0657 PM
[ReportManager] API Action [GetResponseJSONValueAsList] successfully performed. @11-12-2021 18:26:23.0681 PM
[ReportManager] API Action [GetResponseJSONValue] successfully performed. With the following test data [title]. @11-12-2021 18:26:23.0707 PM
[ReportManager] API Action [GetResponseJSONValue] successfully performed. With the following test data [title]. @11-12-2021 18:26:23.0723 PM
[ReportManager] API Action [GetResponseJSONValue] successfully performed. With the following test data [body]. @11-12-2021 18:26:23.0735 PM
[ReportManager] Assertion [ValidateEquals] PASSED. Expected [qui neque nisi nulla] and Actual [est rerum tempore vitae
sequi sint nihil reprehenderit dolor beatae ea dolores neque
fugiat blanditiis voluptate porro vel nihil molestiae ut reiciendis
qui aperiam non debitis possimus qui neque nisi nulla]. Comparison Type [CONTAINS]. Validation Type [POSITIVE]. @11-12-2021 18:26:23.0736 PM
[ReportManager] API Action [GetResponseJSONValue] successfully performed. With the following test data [title]. @11-12-2021 18:26:23.0749 PM
[ReportManager] API Action [GetResponseJSONValue] successfully performed. With the following test data [title]. @11-12-2021 18:26:23.0762 PM
[ReportManager] API Action [GetResponseJSONValue] successfully performed. With the following test data [title]. @11-12-2021 18:26:23.0775 PM
[ReportManager] API Action [GetResponseJSONValue] successfully performed. With the following test data [title]. @11-12-2021 18:26:23.0787 PM
[ReportManager] API Action [GetResponseJSONValue] successfully performed. With the following test data [title]. @11-12-2021 18:26:23.0799 PM
[ReportManager] API Action [GetResponseJSONValue] successfully performed. With the following test data [title]. @11-12-2021 18:26:23.0812 PM
[ReportManager] API Action [GetResponseJSONValue] successfully performed. With the following test data [title]. @11-12-2021 18:26:23.0824 PM
[ReportManager] API Action [GetResponseJSONValue] successfully performed. With the following test data [title]. @11-12-2021 18:26:23.0837 PM
[ReportManager] API Action [GetResponseJSONValue] successfully performed. With the following test data [title]. @11-12-2021 18:26:23.0849 PM
[ReportManager] API Action [GetResponseJSONValue] successfully performed. With the following test data [title]. @11-12-2021 18:26:23.0860 PM
[ReportManager] API Action [GetResponseJSONValue] successfully performed. With the following test data [title]. @11-12-2021 18:26:23.0887 PM
[ReportManager] API Action [GetResponseJSONValue] successfully performed. With the following test data [title]. @11-12-2021 18:26:23.0905 PM
[ReportManager] API Action [GetResponseJSONValue] successfully performed. With the following test data [title]. @11-12-2021 18:26:23.0919 PM
[ReportManager] API Action [GetResponseJSONValue] successfully performed. With the following test data [title]. @11-12-2021 18:26:23.0932 PM
[ReportManager] API Action [GetResponseJSONValue] successfully performed. With the following test data [title]. @11-12-2021 18:26:23.0945 PM
[ReportManager] API Action [GetResponseJSONValue] successfully performed. With the following test data [title]. @11-12-2021 18:26:23.0956 PM
[ReportManager] API Action [GetResponseJSONValue] successfully performed. With the following test data [title]. @11-12-2021 18:26:23.0968 PM
[ReportManager] API Action [GetResponseJSONValue] successfully performed. With the following test data [title]. @11-12-2021 18:26:23.0981 PM
[ReportManager] API Action [GetResponseJSONValue] successfully performed. With the following test data [title]. @11-12-2021 18:26:23.0995 PM
[ReportManager] API Action [GetResponseJSONValue] successfully performed. With the following test data [title]. @11-12-2021 18:26:24.0010 PM
[ReportManager] API Action [GetResponseJSONValue] successfully performed. With the following test data [title]. @11-12-2021 18:26:24.0023 PM
[ReportManager] API Action [GetResponseJSONValue] successfully performed. With the following test data [title]. @11-12-2021 18:26:24.0038 PM
[ReportManager] API Action [GetResponseJSONValue] successfully performed. With the following test data [title]. @11-12-2021 18:26:24.0051 PM
[ReportManager] API Action [GetResponseJSONValue] successfully performed. With the following test data [title]. @11-12-2021 18:26:24.0063 PM
[ReportManager] API Action [GetResponseJSONValue] successfully performed. With the following test data [title]. @11-12-2021 18:26:24.0077 PM
[ReportManager] API Action [GetResponseJSONValue] successfully performed. With the following test data [title]. @11-12-2021 18:26:24.0105 PM
[ReportManager] API Action [GetResponseJSONValue] successfully performed. With the following test data [title]. @11-12-2021 18:26:24.0121 PM
[ReportManager] API Action [GetResponseJSONValue] successfully performed. With the following test data [title]. @11-12-2021 18:26:24.0136 PM
[ReportManager] API Action [GetResponseJSONValue] successfully performed. With the following test data [title]. @11-12-2021 18:26:24.0152 PM
[ReportManager] API Action [GetResponseJSONValue] successfully performed. With the following test data [title]. @11-12-2021 18:26:24.0165 PM
[ReportManager] API Action [GetResponseJSONValue] successfully performed. With the following test data [title]. @11-12-2021 18:26:24.0178 PM
[ReportManager] API Action [GetResponseJSONValue] successfully performed. With the following test data [title]. @11-12-2021 18:26:24.0191 PM
[ReportManager] API Action [GetResponseJSONValue] successfully performed. With the following test data [title]. @11-12-2021 18:26:24.0206 PM
[ReportManager] API Action [GetResponseJSONValue] successfully performed. With the following test data [title]. @11-12-2021 18:26:24.0221 PM
[ReportManager] API Action [GetResponseJSONValue] successfully performed. With the following test data [title]. @11-12-2021 18:26:24.0235 PM
[ReportManager] API Action [GetResponseJSONValue] successfully performed. With the following test data [title]. @11-12-2021 18:26:24.0247 PM
[ReportManager] API Action [GetResponseJSONValue] successfully performed. With the following test data [title]. @11-12-2021 18:26:24.0260 PM
[ReportManager] API Action [GetResponseJSONValue] successfully performed. With the following test data [title]. @11-12-2021 18:26:24.0272 PM
[ReportManager] API Action [GetResponseJSONValue] successfully performed. With the following test data [title]. @11-12-2021 18:26:24.0285 PM
[ReportManager] API Action [GetResponseJSONValue] successfully performed. With the following test data [title]. @11-12-2021 18:26:24.0299 PM
[ReportManager] API Action [GetResponseJSONValue] successfully performed. With the following test data [title]. @11-12-2021 18:26:24.0311 PM
[ReportManager] API Action [GetResponseJSONValue] successfully performed. With the following test data [title]. @11-12-2021 18:26:24.0323 PM
[ReportManager] API Action [GetResponseJSONValue] successfully performed. With the following test data [title]. @11-12-2021 18:26:24.0335 PM
[ReportManager] API Action [GetResponseJSONValue] successfully performed. With the following test data [title]. @11-12-2021 18:26:24.0346 PM
[ReportManager] API Action [GetResponseJSONValue] successfully performed. With the following test data [title]. @11-12-2021 18:26:24.0359 PM
[ReportManager] API Action [GetResponseJSONValue] successfully performed. With the following test data [title]. @11-12-2021 18:26:24.0371 PM
[ReportManager] API Action [GetResponseJSONValue] successfully performed. With the following test data [title]. @11-12-2021 18:26:24.0383 PM
[ReportManager] API Action [GetResponseJSONValue] successfully performed. With the following test data [title]. @11-12-2021 18:26:24.0396 PM
[ReportManager] API Action [GetResponseJSONValue] successfully performed. With the following test data [title]. @11-12-2021 18:26:24.0411 PM
[ReportManager] API Action [GetResponseJSONValue] successfully performed. With the following test data [title]. @11-12-2021 18:26:24.0423 PM
[ReportManager] API Action [GetResponseJSONValue] successfully performed. With the following test data [title]. @11-12-2021 18:26:24.0435 PM
[ReportManager] API Action [GetResponseJSONValue] successfully performed. With the following test data [title]. @11-12-2021 18:26:24.0447 PM
[ReportManager] API Action [GetResponseJSONValue] successfully performed. With the following test data [title]. @11-12-2021 18:26:24.0458 PM
[ReportManager] API Action [GetResponseJSONValue] successfully performed. With the following test data [title]. @11-12-2021 18:26:24.0469 PM
[ReportManager] API Action [GetResponseJSONValue] successfully performed. With the following test data [title]. @11-12-2021 18:26:24.0481 PM
[ReportManager] API Action [GetResponseJSONValue] successfully performed. With the following test data [title]. @11-12-2021 18:26:24.0492 PM
[ReportManager] API Action [GetResponseJSONValue] successfully performed. With the following test data [title]. @11-12-2021 18:26:24.0503 PM
[ReportManager] API Action [GetResponseJSONValue] successfully performed. With the following test data [title]. @11-12-2021 18:26:24.0514 PM
[ReportManager] API Action [GetResponseJSONValue] successfully performed. With the following test data [title]. @11-12-2021 18:26:24.0526 PM
[ReportManager] API Action [GetResponseJSONValue] successfully performed. With the following test data [title]. @11-12-2021 18:26:24.0554 PM
[ReportManager] API Action [GetResponseJSONValue] successfully performed. With the following test data [title]. @11-12-2021 18:26:24.0565 PM
[ReportManager] API Action [GetResponseJSONValue] successfully performed. With the following test data [title]. @11-12-2021 18:26:24.0576 PM
[ReportManager] API Action [GetResponseJSONValue] successfully performed. With the following test data [title]. @11-12-2021 18:26:24.0587 PM
[ReportManager] API Action [GetResponseJSONValue] successfully performed. With the following test data [title]. @11-12-2021 18:26:24.0598 PM
[ReportManager] API Action [GetResponseJSONValue] successfully performed. With the following test data [title]. @11-12-2021 18:26:24.0609 PM
[ReportManager] API Action [GetResponseJSONValue] successfully performed. With the following test data [title]. @11-12-2021 18:26:24.0620 PM
[ReportManager] API Action [GetResponseJSONValue] successfully performed. With the following test data [title]. @11-12-2021 18:26:24.0631 PM
[ReportManager] API Action [GetResponseJSONValue] successfully performed. With the following test data [title]. @11-12-2021 18:26:24.0642 PM
[ReportManager] API Action [GetResponseJSONValue] successfully performed. With the following test data [title]. @11-12-2021 18:26:24.0654 PM
[ReportManager] API Action [GetResponseJSONValue] successfully performed. With the following test data [title]. @11-12-2021 18:26:24.0665 PM
[ReportManager] API Action [GetResponseJSONValue] successfully performed. With the following test data [title]. @11-12-2021 18:26:24.0677 PM
[ReportManager] API Action [GetResponseJSONValue] successfully performed. With the following test data [title]. @11-12-2021 18:26:24.0689 PM
[ReportManager] API Action [GetResponseJSONValue] successfully performed. With the following test data [title]. @11-12-2021 18:26:24.0699 PM
[ReportManager] API Action [GetResponseJSONValue] successfully performed. With the following test data [title]. @11-12-2021 18:26:24.0710 PM
[ReportManager] API Action [GetResponseJSONValue] successfully performed. With the following test data [title]. @11-12-2021 18:26:24.0721 PM
[ReportManager] API Action [GetResponseJSONValue] successfully performed. With the following test data [title]. @11-12-2021 18:26:24.0733 PM
[ReportManager] API Action [GetResponseJSONValue] successfully performed. With the following test data [title]. @11-12-2021 18:26:24.0745 PM
[ReportManager] API Action [GetResponseJSONValue] successfully performed. With the following test data [title]. @11-12-2021 18:26:24.0755 PM
[ReportManager] API Action [GetResponseJSONValue] successfully performed. With the following test data [title]. @11-12-2021 18:26:24.0767 PM
[ReportManager] API Action [GetResponseJSONValue] successfully performed. With the following test data [title]. @11-12-2021 18:26:24.0778 PM
[ReportManager] API Action [GetResponseJSONValue] successfully performed. With the following test data [title]. @11-12-2021 18:26:24.0789 PM
[ReportManager] API Action [GetResponseJSONValue] successfully performed. With the following test data [title]. @11-12-2021 18:26:24.0800 PM
[ReportManager] API Action [GetResponseJSONValue] successfully performed. With the following test data [title]. @11-12-2021 18:26:24.0811 PM
[ReportManager] API Action [GetResponseJSONValue] successfully performed. With the following test data [title]. @11-12-2021 18:26:24.0822 PM
[ReportManager] API Action [GetResponseJSONValue] successfully performed. With the following test data [title]. @11-12-2021 18:26:24.0835 PM
[ReportManager] API Action [GetResponseJSONValue] successfully performed. With the following test data [title]. @11-12-2021 18:26:24.0850 PM
[ReportManager] API Action [GetResponseJSONValue] successfully performed. With the following test data [title]. @11-12-2021 18:26:24.0862 PM
[ReportManager] API Action [GetResponseJSONValue] successfully performed. With the following test data [title]. @11-12-2021 18:26:24.0873 PM
[ReportManager] API Action [GetResponseJSONValue] successfully performed. With the following test data [title]. @11-12-2021 18:26:24.0888 PM
[ReportManager] API Action [GetResponseJSONValue] successfully performed. With the following test data [title]. @11-12-2021 18:26:24.0900 PM
[ReportManager] API Action [GetResponseJSONValue] successfully performed. With the following test data [title]. @11-12-2021 18:26:24.0912 PM
[ReportManager] API Action [GetResponseJSONValue] successfully performed. With the following test data [title]. @11-12-2021 18:26:24.0929 PM
[ReportManager] API Action [GetResponseJSONValue] successfully performed. With the following test data [title]. @11-12-2021 18:26:24.0945 PM
[ReportManager] API Action [GetResponseJSONValue] successfully performed. With the following test data [title]. @11-12-2021 18:26:24.0958 PM
[ReportManager] API Action [GetResponseJSONValue] successfully performed. With the following test data [title]. @11-12-2021 18:26:24.0970 PM
[ReportManager] API Action [GetResponseJSONValue] successfully performed. With the following test data [title]. @11-12-2021 18:26:24.0982 PM
[ReportManager] API Action [GetResponseJSONValue] successfully performed. With the following test data [title]. @11-12-2021 18:26:24.0993 PM
[ReportManager] API Action [GetResponseJSONValue] successfully performed. With the following test data [title]. @11-12-2021 18:26:25.0005 P

################################################################################################################################################
Starting Execution:	[68 out of 146] test cases in the current suite
Test Method:		[unitTests.tests_restActions.validateUserEmail]
################################################################################################################################################
[ReportManager] Response status code: [200], status line: [HTTP/1.1 200 OK] @11-12-2021 18:26:25.0145 PM
[ReportManager] Assertion Passed: Evaluating the actual response status code against the expected one... @11-12-2021 18:26:25.0146 PM
[ReportManager] Assertion [ValidateComparativeRelation] PASSED. Expected [200] and Actual [200]. Comparison Type [EQUALS]. Validation Type [POSITIVE]. @11-12-2021 18:26:25.0146 PM
[ReportManager] API Action [PerformRequest] successfully performed. With the following test data [Request Type: "GET" | Target Status Code: "200" | Service URL: "https://jsonplaceholder.typicode.com/users" | Content Type: "*/*" | Response Time: "129ms"]. @11-12-2021 18:26:25.0165 PM
[ReportManager] Successfully created attachment [API Request - Specifications] @11-12-2021 18:26:25.0166 PM
[ReportManager] Successfully created attachment [API Response - JSON Body] @11-12-2021 18:26:25.0167 PM
[ReportManager] Assertion [ValidateEquals] PASSED. Expected and Actual values are attached. Comparison Type [CONTAINS]. Validation Type [POSITIVE]. @11-12-2021 18:26:25.0167 PM
[ReportManager] Successfully created attachment [Validation Test Data - Expected Value] @11-12-2021 18:26:25.0168 PM
[ReportManager] Successfully created attachment [Validation Test Data - Actual Value] @11-12-2021 18:26:25.0168 PM
[ReportManager] API Action [GetResponseJSONValueAsList] successfully performed. With the following test data [$]. @11-12-2021 18:26:25.0175 PM
[ReportManager] API Action [GetResponseJSONValue] successfully performed. With the following test data [name]. @11-12-2021 18:26:25.0186 PM
[ReportManager] API Action [GetResponseJSONValue] successfully performed. With the following test data [email]. @11-12-2021 18:26:25.0196 PM
[ReportManager] Assertion [ValidateEquals] PASSED. Expected [Sincere@april.biz] and Actual [Sincere@april.biz]. Comparison Type [EQUALS]. Validation Type [POSITIVE]. @11-12-2021 18:26:25.0196 PM
[ReportManager] API Action [GetResponseJSONValue] successfully performed. With the following test data [name]. @11-12-2021 18:26:25.0205 PM
[ReportManager] API Action [GetResponseJSONValue] successfully performed. With the following test data [name]. @11-12-2021 18:26:25.0216 PM
[ReportManager] API Action [GetResponseJSONValue] successfully performed. With the following test data [name]. @11-12-2021 18:26:25.0226 PM
[ReportManager] API Action [GetResponseJSONValue] successfully performed. With the following test data [name]. @11-12-2021 18:26:25.0235 PM
[ReportManager] API Action [GetResponseJSONValue] successfully performed. With the following test data [name]. @11-12-2021 18:26:25.0245 PM
[ReportManager] API Action [GetResponseJSONValue] successfully performed. With the following test data [name]. @11-12-2021 18:26:25.0254 PM
[ReportManager] API Action [GetResponseJSONValue] successfully performed. With the following test data [name]. @11-12-2021 18:26:25.0264 PM
[ReportManager] API Action [GetResponseJSONValue] successfully performed. With the following test data [name]. @11-12-2021 18:26:25.0275 PM
[ReportManager] API Action [GetResponseJSONValue] successfully performed. With the following test data [name]. @11-12-2021 18:26:25.0284 P
[ReportManager] File Action [GetAbsolutePath] successfully performed. With the following test data [Relative Folder Path: "target/downloadedFiles/"]. @11-12-2021 18:26:25.0287 PM
[ReportManager] Attempting to run locally on: [Mac-64], [Safari], Headless Execution. @11-12-2021 18:26:25.0287 PM
[ReportManager] Successfully Opened Safari. @11-12-2021 18:26:26.0117 PM
[ReportManager] Initial window size: (800, 600) @11-12-2021 18:26:26.0131 PM
[ReportManager] Window size after SWD Maximize: (1176, 803) @11-12-2021 18:26:26.0151 PM
[ReportManager] Browser Action [MaximizeWindow] successfully performed. With the following test data [New screen size is now: (1176, 803)]. @11-12-2021 18:26:26.0152 P

################################################################################################################################################
Starting Execution:	[69 out of 146] test cases in the current suite
Test Method:		[testPackage01.Test_uploadFile.uploadFile_invisibleUploadInput]
################################################################################################################################################
[ReportManager] Target URL: [https://fineuploader.com/demos.html#gallery-view] @11-12-2021 18:26:26.0203 PM
[ReportManager] Initial URL: [] @11-12-2021 18:26:26.0235 PM
[ReportManager] Browser Action [NavigateToURL] successfully performed. With the following test data [https://fineuploader.com/demos.html#gallery-view]. @11-12-2021 18:26:27.0949 PM
[ReportManager] File Action [GetAbsolutePath] successfully performed. With the following test data [Relative File Path: "src/main/resources/images/shaft.png"]. @11-12-2021 18:26:27.0949 PM
[ReportManager] Successfully created attachment [File Action Actual Result - Command Log] @11-12-2021 18:26:27.0950 PM
[ReportManager] Element Action [TypeFileLocationForUpload] successfully performed. With the following test data [/Users/runner/work/SHAFT_ENGINE/SHAFT_ENGINE/src/main/resources/images/shaft.png]. @11-12-2021 18:26:27.0997 PM
[ReportManager] Attempting to getAttribute [src] from elementLocator [By.xpath: //div[@id='fine-uploader-gallery']//div[@class='qq-thumbnail-wrapper']/img]. @11-12-2021 18:26:27.0999 PM
[ReportManager] Element Action [GetAttribute] successfully performed. @11-12-2021 18:26:28.0139 PM
[ReportManager] Successfully created attachment [Element Action Test Data - GetAttribute - Actual Value] @11-12-2021 18:26:28.0142 PM
[ReportManager] Loaded Shared OpenCV @11-12-2021 18:26:28.0238 PM
[ReportManager] Assertion Passed: Then I Assert that the element found by [By.xpath: //div[@id='fine-uploader-gallery']//div[@class='qq-thumbnail-wrapper']/img] attribute [src] contains [data:image/png;base64]. @11-12-2021 18:26:28.0367 PM
[ReportManager] Successfully created attachment [Validation Test Data - Expected Value] @11-12-2021 18:26:28.0367 PM
[ReportManager] Successfully created attachment [Validation Test Data - Actual Value] @11-12-2021 18:26:28.0368 PM
[ReportManager] Successfully created attachment [Screenshot - 1639247188238_uploadFile_invisibleUploadInput_ValidateElementAttribute_passed] @11-12-2021 18:26:28.0369 PM
[ReportManager] Assertion [ValidateElementAttribute] PASSED. Expected and Actual values are attached. Comparison Type [CONTAINS]. Validation Type [POSITIVE]. @11-12-2021 18:26:28.0369 P
[ReportManager] Browser Action [CloseCurrentWindow] successfully performed. @11-12-2021 18:26:28.0739 PM
[ReportManager] Successfully created attachment [Browser Action Test Data - CloseCurrentWindow - Actual Value] @11-12-2021 18:26:28.0740 P
[ReportManager] File Action [GetAbsolutePath] successfully performed. With the following test data [Relative Folder Path: "target/downloadedFiles/"]. @11-12-2021 18:26:28.0745 PM
[ReportManager] Attempting to run locally on: [Mac-64], [Safari], Headless Execution. @11-12-2021 18:26:28.0745 PM
[ReportManager] Successfully Opened Safari. @11-12-2021 18:26:29.0620 PM
[ReportManager] Initial window size: (800, 600) @11-12-2021 18:26:29.0639 PM
[ReportManager] Window size after SWD Maximize: (1176, 803) @11-12-2021 18:26:29.0690 PM
[ReportManager] Browser Action [MaximizeWindow] successfully performed. With the following test data [New screen size is now: (1176, 803)]. @11-12-2021 18:26:29.0691 P

################################################################################################################################################
Starting Execution:	[70 out of 146] test cases in the current suite
Test Method:		[testPackage01.Test_uploadFile.uploadFile_visibleUploadInput]
################################################################################################################################################
[ReportManager] Target URL: [http://demo.guru99.com/test/upload/] @11-12-2021 18:26:29.0695 PM
[ReportManager] Initial URL: [] @11-12-2021 18:26:29.0762 PM
[ReportManager] Browser Action [NavigateToURL] successfully performed. With the following test data [http://demo.guru99.com/test/upload/]. @11-12-2021 18:26:31.0743 PM
[ReportManager] File Action [GetAbsolutePath] successfully performed. With the following test data [Relative Folder Path: "src/main/resources/images/shaft.png"]. @11-12-2021 18:26:31.0744 PM
[ReportManager] Element Action [TypeFileLocationForUpload] successfully performed. With the following test data [/Users/runner/work/SHAFT_ENGINE/SHAFT_ENGINE/src/main/resources/images/shaft.png]. @11-12-2021 18:26:31.0808 PM
[ReportManager] Element Action [Click] successfully performed. With the following test data [By.id: terms]. @11-12-2021 18:26:32.0015 PM
[ReportManager] Element Action [Click] successfully performed. With the following test data [By.id: submitbutton]. @11-12-2021 18:26:32.0219 PM
[ReportManager] Element Action [GetText] successfully performed. With the following test data [1 file has been successfully uploaded.]. @11-12-2021 18:26:32.0795 PM
[ReportManager] Loaded Shared OpenCV @11-12-2021 18:26:32.0852 PM
[ReportManager] Assertion Passed: Then I Assert that the element found by [By.id: res] attribute [Text] contains [1 file]. @11-12-2021 18:26:32.0951 PM
[ReportManager] Successfully created attachment [Screenshot - 1639247192852_uploadFile_visibleUploadInput_ValidateElementAttribute_passed] @11-12-2021 18:26:32.0953 PM
[ReportManager] Assertion [ValidateElementAttribute] PASSED. Expected [Value Should be '1 file' for the 'Text' attribute, element locator 'By.id: res'] and Actual [1 file has been successfully uploaded.]. Comparison Type [CONTAINS]. Validation Type [POSITIVE]. @11-12-2021 18:26:32.0953 P
[ReportManager] Browser Action [CloseCurrentWindow] successfully performed. @11-12-2021 18:26:33.0181 PM
[ReportManager] Successfully created attachment [Browser Action Test Data - CloseCurrentWindow - Actual Value] @11-12-2021 18:26:33.0182 P

################################################################################################################################################
Starting Execution:	[71 out of 146] test cases in the current suite
Test Method:		[testPackage01.Test_AssertApiResponseEquals.assertApiResponseEquals_expectedToPass]
################################################################################################################################################
[ReportManager] Response status code: [200], status line: [HTTP/1.1 200 OK] @11-12-2021 18:26:33.0316 PM
[ReportManager] Assertion Passed: Evaluating the actual response status code against the expected one... @11-12-2021 18:26:33.0317 PM
[ReportManager] Assertion [ValidateComparativeRelation] PASSED. Expected [200] and Actual [200]. Comparison Type [EQUALS]. Validation Type [POSITIVE]. @11-12-2021 18:26:33.0317 PM
[ReportManager] API Action [PerformRequest] successfully performed. With the following test data [Request Type: "GET" | Target Status Code: "200" | Service URL: "https://jsonplaceholder.typicode.com/users" | Content Type: "*/*" | Response Time: "126ms"]. @11-12-2021 18:26:33.0348 PM
[ReportManager] Successfully created attachment [API Request - Specifications] @11-12-2021 18:26:33.0348 PM
[ReportManager] Successfully created attachment [API Response - JSON Body] @11-12-2021 18:26:33.0349 PM
[ReportManager] API Action [GetResponseJSONValueAsList] successfully performed. With the following test data [$]. @11-12-2021 18:26:33.0358 PM
[ReportManager] API Action [GetResponseJSONValue] successfully performed. With the following test data [name]. @11-12-2021 18:26:33.0372 PM
[ReportManager] API Action [GetResponseJSONValue] successfully performed. With the following test data [email]. @11-12-2021 18:26:33.0388 PM
[ReportManager] Verification [ValidateEquals] PASSED. Expected [Sincere@april.biz] and Actual [Sincere@april.biz]. Comparison Type [EQUALS]. Validation Type [POSITIVE]. @11-12-2021 18:26:33.0389 PM
[ReportManager] API Action [GetResponseJSONValue] successfully performed. With the following test data [username]. @11-12-2021 18:26:33.0402 PM
[ReportManager] Assertion [ValidateEquals] PASSED. Expected [Bret] and Actual [Bret]. Comparison Type [EQUALS]. Validation Type [POSITIVE]. @11-12-2021 18:26:33.0403 PM
[ReportManager] API Action [GetResponseJSONValue] successfully performed. With the following test data [name]. @11-12-2021 18:26:33.0416 PM
[ReportManager] API Action [GetResponseJSONValue] successfully performed. With the following test data [name]. @11-12-2021 18:26:33.0429 PM
[ReportManager] API Action [GetResponseJSONValue] successfully performed. With the following test data [name]. @11-12-2021 18:26:33.0441 PM
[ReportManager] API Action [GetResponseJSONValue] successfully performed. With the following test data [name]. @11-12-2021 18:26:33.0454 PM
[ReportManager] API Action [GetResponseJSONValue] successfully performed. With the following test data [name]. @11-12-2021 18:26:33.0466 PM
[ReportManager] API Action [GetResponseJSONValue] successfully performed. With the following test data [name]. @11-12-2021 18:26:33.0479 PM
[ReportManager] API Action [GetResponseJSONValue] successfully performed. With the following test data [name]. @11-12-2021 18:26:33.0492 PM
[ReportManager] API Action [GetResponseJSONValue] successfully performed. With the following test data [name]. @11-12-2021 18:26:33.0505 PM
[ReportManager] API Action [GetResponseJSONValue] successfully performed. With the following test data [name]. @11-12-2021 18:26:33.0518 P

################################################################################################################################################
Starting Execution:	[72 out of 146] test cases in the current suite
Test Method:		[testPackage01.Test_testData.f]
################################################################################################################################################
[ReportManager] Successfully loaded the following test data file [src/test/resources/testDataFiles/testSuite01/TestData.xlsx]. @11-12-2021 18:26:33.0560 PM
[ReportManager] Successfully created attachment [Test Data - Excel] @11-12-2021 18:26:33.0561 PM
[ReportManager] Last Column Number is: [3]. Zero-based. @11-12-2021 18:26:33.0562 P

################################################################################################################################################
Starting Execution:	[73 out of 146] test cases in the current suite
Test Method:		[testPackage01.Test_PDF.testPDF1]
################################################################################################################################################
[ReportManager] File Action [DoesFileExist] successfully performed. With the following test data [File Path: "src/test/resources/testDataFiles/sample.pdf"]. @11-12-2021 18:26:33.0571 PM
[ReportManager] File Action [GetAbsolutePath] successfully performed. With the following test data [Relative Folder Path: "src/test/resources/testDataFiles/sample.pdf"]. @11-12-2021 18:26:33.0573 PM
[ReportManager] Assertion Passed: Checking to see that the pdf file contains [A Simple PDF File] @11-12-2021 18:26:37.0742 PM
[ReportManager] Successfully created attachment [Validation Test Data - Expected Value] @11-12-2021 18:26:37.0743 PM
[ReportManager] Successfully created attachment [Validation Test Data - Actual Value] @11-12-2021 18:26:37.0744 PM
[ReportManager] Assertion [ValidateEquals] PASSED. Expected and Actual values are attached. Comparison Type [CONTAINS]. Validation Type [POSITIVE]. @11-12-2021 18:26:37.0744 P

################################################################################################################################################
Starting Execution:	[74 out of 146] test cases in the current suite
Test Method:		[testPackage01.Test_PDF.testPDF2]
################################################################################################################################################
[ReportManager] File Action [DoesFileExist] successfully performed. With the following test data [File Path: "src/test/resources/testDataFiles/sample.pdf"]. @11-12-2021 18:26:37.0750 PM
[ReportManager] File Action [GetAbsolutePath] successfully performed. With the following test data [Relative Folder Path: "src/test/resources/testDataFiles/sample.pdf"]. @11-12-2021 18:26:37.0750 PM
[ReportManager] Assertion Passed: Checking to see that the pdf file contains [A Simple PDF File] @11-12-2021 18:26:37.0771 PM
[ReportManager] Successfully created attachment [Validation Test Data - Expected Value] @11-12-2021 18:26:37.0772 PM
[ReportManager] Successfully created attachment [Validation Test Data - Actual Value] @11-12-2021 18:26:37.0772 PM
[ReportManager] Assertion [ValidateEquals] PASSED. Expected and Actual values are attached. Comparison Type [CONTAINS]. Validation Type [POSITIVE]. @11-12-2021 18:26:37.0772 P
[ReportManager] File Action [GetAbsolutePath] successfully performed. With the following test data [Relative Folder Path: "target/downloadedFiles/"]. @11-12-2021 18:26:37.0776 PM
[ReportManager] Attempting to run locally on: [Mac-64], [Safari], Headless Execution. @11-12-2021 18:26:37.0776 PM
[ReportManager] Successfully Opened Safari. @11-12-2021 18:26:38.0647 PM
[ReportManager] Initial window size: (800, 600) @11-12-2021 18:26:38.0659 PM
[ReportManager] Window size after SWD Maximize: (1176, 803) @11-12-2021 18:26:38.0685 PM
[ReportManager] Browser Action [MaximizeWindow] successfully performed. With the following test data [New screen size is now: (1176, 803)]. @11-12-2021 18:26:38.0685 P

################################################################################################################################################
Starting Execution:	[75 out of 146] test cases in the current suite
Test Method:		[testPackage01.Test_ShadowDOM.shadowdom]
################################################################################################################################################
[ReportManager] Target URL: [https://mdn.github.io/web-components-examples/popup-info-box-web-component/] @11-12-2021 18:26:38.0690 PM
[ReportManager] Initial URL: [] @11-12-2021 18:26:38.0810 PM
[ReportManager] Browser Action [NavigateToURL] successfully performed. With the following test data [https://mdn.github.io/web-components-examples/popup-info-box-web-component/]. @11-12-2021 18:26:39.0322 PM
[ReportManager] Element Action [Type] successfully performed. With the following test data [Typing into SHADOW DOM...]. @11-12-2021 18:26:40.0164 PM
[ReportManager] Element Action [GetText] successfully performed. With the following test data [Typing into SHADOW DOM...]. @11-12-2021 18:26:40.0222 PM
[ReportManager] Loaded Shared OpenCV @11-12-2021 18:26:40.0277 PM
[ReportManager] Assertion [ValidateElementAttribute] PASSED. Expected [Value Should be 'Typing into SHADOW DOM...' for the 'Text' attribute, element locator 'By.id: cvc'] and Actual [Typing into SHADOW DOM...]. Comparison Type [EQUALS]. Validation Type [POSITIVE]. @11-12-2021 18:26:40.0518 PM
[ReportManager] Successfully created attachment [Screenshot - 1639247200277_shadowdom_ValidateElementAttribute_passed] @11-12-2021 18:26:40.0519 P
[ReportManager] Browser Action [CloseCurrentWindow] successfully performed. @11-12-2021 18:26:40.0882 PM
[ReportManager] Successfully created attachment [Browser Action Test Data - CloseCurrentWindow - Actual Value] @11-12-2021 18:26:40.0883 P
[ReportManager] File Action [GetAbsolutePath] successfully performed. With the following test data [Relative Folder Path: "target/downloadedFiles/"]. @11-12-2021 18:26:40.0885 PM
[ReportManager] Attempting to run locally on: [Mac-64], [Safari], Headless Execution. @11-12-2021 18:26:40.0885 PM
[ReportManager] Successfully Opened Safari. @11-12-2021 18:26:41.0840 PM
[ReportManager] Initial window size: (800, 600) @11-12-2021 18:26:41.0884 PM
[ReportManager] Window size after SWD Maximize: (1176, 803) @11-12-2021 18:26:41.0926 PM
[ReportManager] Browser Action [MaximizeWindow] successfully performed. With the following test data [New screen size is now: (1176, 803)]. @11-12-2021 18:26:41.0926 P

################################################################################################################################################
Starting Execution:	[76 out of 146] test cases in the current suite
Test Method:		[testPackage01.Test_clipboardActions.typeTextAndCopyPaste]
################################################################################################################################################
[ReportManager] Target URL: [https://www.google.com/ncr], and after redirection: [https://www.google.com] @11-12-2021 18:26:41.0930 PM
[ReportManager] Initial URL: [] @11-12-2021 18:26:41.0991 PM
[ReportManager] Browser Action [NavigateToURL] successfully performed. With the following test data [https://www.google.com/ncr]. @11-12-2021 18:26:44.0357 PM
[ReportManager] Element Action [Type] successfully performed. With the following test data [FIRST]. @11-12-2021 18:26:44.0661 P
[ReportManager] Browser Action [CloseCurrentWindow] successfully performed. @11-12-2021 18:26:45.0119 PM
[ReportManager] Successfully created attachment [Browser Action Test Data - CloseCurrentWindow - Actual Value] @11-12-2021 18:26:45.0122 P

################################################################################################################################################
Starting Execution:	[77 out of 146] test cases in the current suite
Test Method:		[testPackage01.Test_NewValidationHelper.f1]
################################################################################################################################################
[ReportManager] Assertion Passed: Checking valid user data @11-12-2021 18:26:45.0127 PM
[ReportManager] Successfully created attachment [Validation Test Data - Expected Value] @11-12-2021 18:26:45.0127 PM
[ReportManager] Successfully created attachment [Validation Test Data - Actual Value] @11-12-2021 18:26:45.0128 PM
[ReportManager] Assertion [ValidateEquals] PASSED. Expected and Actual values are attached. Comparison Type [EQUALS]. Validation Type [POSITIVE]. @11-12-2021 18:26:45.0128 P
[ReportManager] File Action [GetAbsolutePath] successfully performed. With the following test data [Relative Folder Path: "target/downloadedFiles/"]. @11-12-2021 18:26:45.0131 PM
[ReportManager] Attempting to run locally on: [Mac-64], [Safari], Headless Execution. @11-12-2021 18:26:45.0131 PM
[ReportManager] Successfully Opened Safari. @11-12-2021 18:26:46.0011 PM
[ReportManager] Initial window size: (800, 600) @11-12-2021 18:26:46.0054 PM
[ReportManager] Window size after SWD Maximize: (1176, 803) @11-12-2021 18:26:46.0095 PM
[ReportManager] Browser Action [MaximizeWindow] successfully performed. With the following test data [New screen size is now: (1176, 803)]. @11-12-2021 18:26:46.0096 PM
[ReportManager] Target URL: [https://the-internet.herokuapp.com/] @11-12-2021 18:26:46.0096 PM
[ReportManager] Initial URL: [] @11-12-2021 18:26:46.0152 PM
[ReportManager] Browser Action [NavigateToURL] successfully performed. With the following test data [https://the-internet.herokuapp.com/]. @11-12-2021 18:26:47.0421 P

################################################################################################################################################
Starting Execution:	[78 out of 146] test cases in the current suite
Test Method:		[testPackage01.Test_NewValidationHelper.f10]
################################################################################################################################################
[ReportManager] Loaded Shared OpenCV @11-12-2021 18:26:47.0537 PM
[ReportManager] Assertion [ValidateElementExists] FAILED. Expected [Element Should Exist, locator 'By.tagName: div'] and Actual [Element Exists but is not unique]. Comparison Type [EQUALS]. Validation Type [POSITIVE]. @11-12-2021 18:26:47.0657 PM
[ReportManager] Successfully created attachment [Screenshot - 1639247207537_f10_ValidateElementExists_failed] @11-12-2021 18:26:47.0659 P
[ReportManager] Successfully Closed All Drivers. @11-12-2021 18:26:47.0741 P
[ReportManager] File Action [GetAbsolutePath] successfully performed. With the following test data [Relative Folder Path: "target/downloadedFiles/"]. @11-12-2021 18:26:48.0128 PM
[ReportManager] Attempting to run locally on: [Mac-64], [Safari], Headless Execution. @11-12-2021 18:26:48.0128 PM
[ReportManager] Successfully Opened Safari. @11-12-2021 18:26:48.0956 PM
[ReportManager] Initial window size: (800, 600) @11-12-2021 18:26:48.0986 PM
[ReportManager] Window size after SWD Maximize: (1176, 803) @11-12-2021 18:26:49.0025 PM
[ReportManager] Browser Action [MaximizeWindow] successfully performed. With the following test data [New screen size is now: (1176, 803)]. @11-12-2021 18:26:49.0026 PM
[ReportManager] Target URL: [https://the-internet.herokuapp.com/] @11-12-2021 18:26:49.0026 PM
[ReportManager] Initial URL: [] @11-12-2021 18:26:49.0071 PM
[ReportManager] Browser Action [NavigateToURL] successfully performed. With the following test data [https://the-internet.herokuapp.com/]. @11-12-2021 18:26:50.0312 P

################################################################################################################################################
Starting Execution:	[79 out of 146] test cases in the current suite
Test Method:		[testPackage01.Test_NewValidationHelper.f11]
################################################################################################################################################
[ReportManager] org.openqa.selenium.TimeoutException:
Expected condition failed: waiting for com.shaft.gui.element.ElementActionsHelper$$Lambda$625/0x00000008011379c0@47baf39d (tried for 5 second(s) with 1000 milliseconds interval)
org.openqa.selenium.support.ui.FluentWait.timeoutException(FluentWait.java:263)
org.openqa.selenium.support.ui.FluentWait.until(FluentWait.java:231)
com.shaft.gui.element.ElementActionsHelper.waitForElementPresence(ElementActionsHelper.java:63)
com.shaft.gui.element.ElementActionsHelper.waitForElementPresence(ElementActionsHelper.java:37)
com.shaft.gui.element.WebDriverElementActions.getMatchingElementsCount(WebDriverElementActions.java:1468)
com.shaft.gui.element.WebDriverElementActions.getElementsCount(WebDriverElementActions.java:559)
com.shaft.gui.element.ElementActions.getElementsCount(ElementActions.java:261)
com.shaft.validation.ValidationsHelper.validateElementExists(ValidationsHelper.java:149)
com.shaft.validation.Assertions.assertElementExists(Assertions.java:118)
testPackage01.Test_NewValidationHelper.f11(Test_NewValidationHelper.java:137)
java.base/jdk.internal.reflect.NativeMethodAccessorImpl.invoke0(Native Method)
java.base/jdk.internal.reflect.NativeMethodAccessorImpl.invoke(NativeMethodAccessorImpl.java:77)
java.base/jdk.internal.reflect.DelegatingMethodAccessorImpl.invoke(DelegatingMethodAccessorImpl.java:43)
java.base/java.lang.reflect.Method.invoke(Method.java:568)
org.testng.internal.MethodInvocationHelper.invokeMethod(MethodInvocationHelper.java:133)
org.testng.internal.TestInvoker.invokeMethod(TestInvoker.java:598)
org.testng.internal.TestInvoker.invokeTestMethod(TestInvoker.java:173)
org.testng.internal.MethodRunner.runInSequence(MethodRunner.java:46)
org.testng.internal.TestInvoker$MethodInvocationAgent.invoke(TestInvoker.java:824)
org.testng.internal.TestInvoker.invokeTestMethods(TestInvoker.java:146)
org.testng.internal.TestMethodWorker.invokeTestMethods(TestMethodWorker.java:146)
org.testng.internal.TestMethodWorker.run(TestMethodWorker.java:128)
java.base/java.util.ArrayList.forEach(ArrayList.java:1511)
org.testng.TestRunner.privateRun(TestRunner.java:794)
org.testng.TestRunner.run(TestRunner.java:596)
org.testng.SuiteRunner.runTest(SuiteRunner.java:377)
org.testng.SuiteRunner.runSequentially(SuiteRunner.java:371)
org.testng.SuiteRunner.privateRun(SuiteRunner.java:332)
org.testng.SuiteRunner.run(SuiteRunner.java:276)
org.testng.SuiteRunnerWorker.runSuite(SuiteRunnerWorker.java:53)
org.testng.SuiteRunnerWorker.run(SuiteRunnerWorker.java:96)
org.testng.TestNG.runSuitesSequentially(TestNG.java:1212)
org.testng.TestNG.runSuitesLocally(TestNG.java:1134)
org.testng.TestNG.runSuites(TestNG.java:1063)
org.testng.TestNG.run(TestNG.java:1031)
org.apache.maven.surefire.testng.TestNGExecutor.run(TestNGExecutor.java:136)
org.apache.maven.surefire.testng.TestNGDirectoryTestSuite.executeMulti(TestNGDirectoryTestSuite.java:193)
org.apache.maven.surefire.testng.TestNGDirectoryTestSuite.execute(TestNGDirectoryTestSuite.java:94)
org.apache.maven.surefire.testng.TestNGProvider.invoke(TestNGProvider.java:145)
org.apache.maven.surefire.booter.ForkedBooter.runSuitesInProcess(ForkedBooter.java:428)
org.apache.maven.surefire.booter.ForkedBooter.execute(ForkedBooter.java:162)
org.apache.maven.surefire.booter.ForkedBooter.run(ForkedBooter.java:562)
org.apache.maven.surefire.booter.ForkedBooter.main(ForkedBooter.java:548)

Caused by: org.openqa.selenium.NoSuchElementException:
For documentation on this error, please visit: https://selenium.dev/exceptions/#no_such_element
Build info: version: '4.1.0', revision: '87802e897b'
System info: host: 'Mac-1639246619233.local', ip: '10.212.6.193', os.name: 'Mac OS X', os.arch: 'x86_64', os.version: '11.5', java.version: '17.0.1'
Driver info: org.openqa.selenium.safari.SafariDriver
Command: [F908D737-A593-4449-B24B-3D4A8ECC4014, findElement {using=tag name, value=h3}]
Capabilities {acceptInsecureCerts: false, browserName: Safari, browserVersion: 15.1, goog:loggingPrefs: {browser: ALL, client: ALL, driver: ALL, performance: ALL, profiler: ALL, server: ALL}, javascriptEnabled: true, pageLoadStrategy: normal, platform: MAC, platformName: MAC, safari:automaticInspection: false, safari:automaticProfiling: false, safari:diagnose: false, safari:platformBuildVersion: 20G224, safari:platformVersion: 11.6.1, safari:useSimulator: false, setWindowRect: true, strictFileInteractability: false, timeouts: {pageLoad: 30000, script: 30000}, webkit:WebRTC: {DisableICECandidateFiltering: false, DisableInsecureMediaCapture: false}}
Session ID: F908D737-A593-4449-B24B-3D4A8ECC4014
java.base/jdk.internal.reflect.NativeConstructorAccessorImpl.newInstance0(Native Method)
java.base/jdk.internal.reflect.NativeConstructorAccessorImpl.newInstance(NativeConstructorAccessorImpl.java:77)
java.base/jdk.internal.reflect.DelegatingConstructorAccessorImpl.newInstance(DelegatingConstructorAccessorImpl.java:45)
java.base/java.lang.reflect.Constructor.newInstanceWithCaller(Constructor.java:499)
java.base/java.lang.reflect.Constructor.newInstance(Constructor.java:480)
org.openqa.selenium.remote.codec.w3c.W3CHttpResponseCodec.createException(W3CHttpResponseCodec.java:200)
org.openqa.selenium.remote.codec.w3c.W3CHttpResponseCodec.decode(W3CHttpResponseCodec.java:133)
org.openqa.selenium.remote.codec.w3c.W3CHttpResponseCodec.decode(W3CHttpResponseCodec.java:53)
org.openqa.selenium.remote.HttpCommandExecutor.execute(HttpCommandExecutor.java:184)
org.openqa.selenium.remote.service.DriverCommandExecutor.invokeExecute(DriverCommandExecutor.java:164)
org.openqa.selenium.remote.service.DriverCommandExecutor.execute(DriverCommandExecutor.java:139)
org.openqa.selenium.remote.RemoteWebDriver.execute(RemoteWebDriver.java:559)
org.openqa.selenium.remote.ElementLocation$ElementFinder$2.findElement(ElementLocation.java:162)
org.openqa.selenium.remote.ElementLocation.findElement(ElementLocation.java:60)
org.openqa.selenium.remote.RemoteWebDriver.findElement(RemoteWebDriver.java:383)
org.openqa.selenium.remote.RemoteWebDriver.findElement(RemoteWebDriver.java:375)
com.shaft.gui.element.ElementActionsHelper.lambda$waitForElementPresence$0(ElementActionsHelper.java:66)
org.openqa.selenium.support.ui.FluentWait.until(FluentWait.java:208)
com.shaft.gui.element.ElementActionsHelper.waitForElementPresence(ElementActionsHelper.java:63)
com.shaft.gui.element.ElementActionsHelper.waitForElementPresence(ElementActionsHelper.java:37)
com.shaft.gui.element.WebDriverElementActions.getMatchingElementsCount(WebDriverElementActions.java:1468)
com.shaft.gui.element.WebDriverElementActions.getElementsCount(WebDriverElementActions.java:559)
com.shaft.gui.element.ElementActions.getElementsCount(ElementActions.java:261)
com.shaft.validation.ValidationsHelper.validateElementExists(ValidationsHelper.java:149)
com.shaft.validation.Assertions.assertElementExists(Assertions.java:118)
testPackage01.Test_NewValidationHelper.f11(Test_NewValidationHelper.java:137)
java.base/jdk.internal.reflect.NativeMethodAccessorImpl.invoke0(Native Method)
java.base/jdk.internal.reflect.NativeMethodAccessorImpl.invoke(NativeMethodAccessorImpl.java:77)
java.base/jdk.internal.reflect.DelegatingMethodAccessorImpl.invoke(DelegatingMethodAccessorImpl.java:43)
java.base/java.lang.reflect.Method.invoke(Method.java:568)
org.testng.internal.MethodInvocationHelper.invokeMethod(MethodInvocationHelper.java:133)
org.testng.internal.TestInvoker.invokeMethod(TestInvoker.java:598)
org.testng.internal.TestInvoker.invokeTestMethod(TestInvoker.java:173)
org.testng.internal.MethodRunner.runInSequence(MethodRunner.java:46)
org.testng.internal.TestInvoker$MethodInvocationAgent.invoke(TestInvoker.java:824)
org.testng.internal.TestInvoker.invokeTestMethods(TestInvoker.java:146)
org.testng.internal.TestMethodWorker.invokeTestMethods(TestMethodWorker.java:146)
org.testng.internal.TestMethodWorker.run(TestMethodWorker.java:128)
java.base/java.util.ArrayList.forEach(ArrayList.java:1511)
org.testng.TestRunner.privateRun(TestRunner.java:794)
org.testng.TestRunner.run(TestRunner.java:596)
org.testng.SuiteRunner.runTest(SuiteRunner.java:377)
org.testng.SuiteRunner.runSequentially(SuiteRunner.java:371)
org.testng.SuiteRunner.privateRun(SuiteRunner.java:332)
org.testng.SuiteRunner.run(SuiteRunner.java:276)
org.testng.SuiteRunnerWorker.runSuite(SuiteRunnerWorker.java:53)
org.testng.SuiteRunnerWorker.run(SuiteRunnerWorker.java:96)
org.testng.TestNG.runSuitesSequentially(TestNG.java:1212)
org.testng.TestNG.runSuitesLocally(TestNG.java:1134)
org.testng.TestNG.runSuites(TestNG.java:1063)
org.testng.TestNG.run(TestNG.java:1031)
org.apache.maven.surefire.testng.TestNGExecutor.run(TestNGExecutor.java:136)
org.apache.maven.surefire.testng.TestNGDirectoryTestSuite.executeMulti(TestNGDirectoryTestSuite.java:193)
org.apache.maven.surefire.testng.TestNGDirectoryTestSuite.execute(TestNGDirectoryTestSuite.java:94)
org.apache.maven.surefire.testng.TestNGProvider.invoke(TestNGProvider.java:145)
org.apache.maven.surefire.booter.ForkedBooter.runSuitesInProcess(ForkedBooter.java:428)
org.apache.maven.surefire.booter.ForkedBooter.execute(ForkedBooter.java:162)
org.apache.maven.surefire.booter.ForkedBooter.run(ForkedBooter.java:562)
org.apache.maven.surefire.booter.ForkedBooter.main(ForkedBooter.java:548) @11-12-2021 18:26:55.0869 PM
[ReportManager] org.openqa.selenium.TimeoutException:
Expected condition failed: waiting for com.shaft.gui.element.ElementActionsHelper$$Lambda$625/0x00000008011379c0@63e55d39 (tried for 5 second(s) with 1000 milliseconds interval)
org.openqa.selenium.support.ui.FluentWait.timeoutException(FluentWait.java:263)
org.openqa.selenium.support.ui.FluentWait.until(FluentWait.java:231)
com.shaft.gui.element.ElementActionsHelper.waitForElementPresence(ElementActionsHelper.java:63)
com.shaft.gui.element.ElementActionsHelper.waitForElementPresence(ElementActionsHelper.java:37)
com.shaft.gui.element.WebDriverElementActions.getMatchingElementsCount(WebDriverElementActions.java:1468)
com.shaft.gui.element.WebDriverElementActions.getElementsCount(WebDriverElementActions.java:559)
com.shaft.gui.element.ElementActions.getElementsCount(ElementActions.java:261)
com.shaft.gui.image.ScreenshotManager.internalCaptureScreenShot(ScreenshotManager.java:394)
com.shaft.gui.image.ScreenshotManager.captureScreenShot(ScreenshotManager.java:141)
com.shaft.validation.ValidationsHelper.reportValidationState(ValidationsHelper.java:823)
com.shaft.validation.ValidationsHelper.pass(ValidationsHelper.java:564)
com.shaft.validation.ValidationsHelper.validateElementExists(ValidationsHelper.java:166)
com.shaft.validation.Assertions.assertElementExists(Assertions.java:118)
testPackage01.Test_NewValidationHelper.f11(Test_NewValidationHelper.java:137)
java.base/jdk.internal.reflect.NativeMethodAccessorImpl.invoke0(Native Method)
java.base/jdk.internal.reflect.NativeMethodAccessorImpl.invoke(NativeMethodAccessorImpl.java:77)
java.base/jdk.internal.reflect.DelegatingMethodAccessorImpl.invoke(DelegatingMethodAccessorImpl.java:43)
java.base/java.lang.reflect.Method.invoke(Method.java:568)
org.testng.internal.MethodInvocationHelper.invokeMethod(MethodInvocationHelper.java:133)
org.testng.internal.TestInvoker.invokeMethod(TestInvoker.java:598)
org.testng.internal.TestInvoker.invokeTestMethod(TestInvoker.java:173)
org.testng.internal.MethodRunner.runInSequence(MethodRunner.java:46)
org.testng.internal.TestInvoker$MethodInvocationAgent.invoke(TestInvoker.java:824)
org.testng.internal.TestInvoker.invokeTestMethods(TestInvoker.java:146)
org.testng.internal.TestMethodWorker.invokeTestMethods(TestMethodWorker.java:146)
org.testng.internal.TestMethodWorker.run(TestMethodWorker.java:128)
java.base/java.util.ArrayList.forEach(ArrayList.java:1511)
org.testng.TestRunner.privateRun(TestRunner.java:794)
org.testng.TestRunner.run(TestRunner.java:596)
org.testng.SuiteRunner.runTest(SuiteRunner.java:377)
org.testng.SuiteRunner.runSequentially(SuiteRunner.java:371)
org.testng.SuiteRunner.privateRun(SuiteRunner.java:332)
org.testng.SuiteRunner.run(SuiteRunner.java:276)
org.testng.SuiteRunnerWorker.runSuite(SuiteRunnerWorker.java:53)
org.testng.SuiteRunnerWorker.run(SuiteRunnerWorker.java:96)
org.testng.TestNG.runSuitesSequentially(TestNG.java:1212)
org.testng.TestNG.runSuitesLocally(TestNG.java:1134)
org.testng.TestNG.runSuites(TestNG.java:1063)
org.testng.TestNG.run(TestNG.java:1031)
org.apache.maven.surefire.testng.TestNGExecutor.run(TestNGExecutor.java:136)
org.apache.maven.surefire.testng.TestNGDirectoryTestSuite.executeMulti(TestNGDirectoryTestSuite.java:193)
org.apache.maven.surefire.testng.TestNGDirectoryTestSuite.execute(TestNGDirectoryTestSuite.java:94)
org.apache.maven.surefire.testng.TestNGProvider.invoke(TestNGProvider.java:145)
org.apache.maven.surefire.booter.ForkedBooter.runSuitesInProcess(ForkedBooter.java:428)
org.apache.maven.surefire.booter.ForkedBooter.execute(ForkedBooter.java:162)
org.apache.maven.surefire.booter.ForkedBooter.run(ForkedBooter.java:562)
org.apache.maven.surefire.booter.ForkedBooter.main(ForkedBooter.java:548)

Caused by: org.openqa.selenium.NoSuchElementException:
For documentation on this error, please visit: https://selenium.dev/exceptions/#no_such_element
Build info: version: '4.1.0', revision: '87802e897b'
System info: host: 'Mac-1639246619233.local', ip: '10.212.6.193', os.name: 'Mac OS X', os.arch: 'x86_64', os.version: '11.5', java.version: '17.0.1'
Driver info: org.openqa.selenium.safari.SafariDriver
Command: [F908D737-A593-4449-B24B-3D4A8ECC4014, findElement {using=tag name, value=h3}]
Capabilities {acceptInsecureCerts: false, browserName: Safari, browserVersion: 15.1, goog:loggingPrefs: {browser: ALL, client: ALL, driver: ALL, performance: ALL, profiler: ALL, server: ALL}, javascriptEnabled: true, pageLoadStrategy: normal, platform: MAC, platformName: MAC, safari:automaticInspection: false, safari:automaticProfiling: false, safari:diagnose: false, safari:platformBuildVersion: 20G224, safari:platformVersion: 11.6.1, safari:useSimulator: false, setWindowRect: true, strictFileInteractability: false, timeouts: {pageLoad: 30000, script: 30000}, webkit:WebRTC: {DisableICECandidateFiltering: false, DisableInsecureMediaCapture: false}}
Session ID: F908D737-A593-4449-B24B-3D4A8ECC4014
jdk.internal.reflect.GeneratedConstructorAccessor70.newInstance(Unknown Source)
java.base/jdk.internal.reflect.DelegatingConstructorAccessorImpl.newInstance(DelegatingConstructorAccessorImpl.java:45)
java.base/java.lang.reflect.Constructor.newInstanceWithCaller(Constructor.java:499)
java.base/java.lang.reflect.Constructor.newInstance(Constructor.java:480)
org.openqa.selenium.remote.codec.w3c.W3CHttpResponseCodec.createException(W3CHttpResponseCodec.java:200)
org.openqa.selenium.remote.codec.w3c.W3CHttpResponseCodec.decode(W3CHttpResponseCodec.java:133)
org.openqa.selenium.remote.codec.w3c.W3CHttpResponseCodec.decode(W3CHttpResponseCodec.java:53)
org.openqa.selenium.remote.HttpCommandExecutor.execute(HttpCommandExecutor.java:184)
org.openqa.selenium.remote.service.DriverCommandExecutor.invokeExecute(DriverCommandExecutor.java:164)
org.openqa.selenium.remote.service.DriverCommandExecutor.execute(DriverCommandExecutor.java:139)
org.openqa.selenium.remote.RemoteWebDriver.execute(RemoteWebDriver.java:559)
org.openqa.selenium.remote.ElementLocation$ElementFinder$2.findElement(ElementLocation.java:162)
org.openqa.selenium.remote.ElementLocation.findElement(ElementLocation.java:60)
org.openqa.selenium.remote.RemoteWebDriver.findElement(RemoteWebDriver.java:383)
org.openqa.selenium.remote.RemoteWebDriver.findElement(RemoteWebDriver.java:375)
com.shaft.gui.element.ElementActionsHelper.lambda$waitForElementPresence$0(ElementActionsHelper.java:66)
org.openqa.selenium.support.ui.FluentWait.until(FluentWait.java:208)
com.shaft.gui.element.ElementActionsHelper.waitForElementPresence(ElementActionsHelper.java:63)
com.shaft.gui.element.ElementActionsHelper.waitForElementPresence(ElementActionsHelper.java:37)
com.shaft.gui.element.WebDriverElementActions.getMatchingElementsCount(WebDriverElementActions.java:1468)
com.shaft.gui.element.WebDriverElementActions.getElementsCount(WebDriverElementActions.java:559)
com.shaft.gui.element.ElementActions.getElementsCount(ElementActions.java:261)
com.shaft.gui.image.ScreenshotManager.internalCaptureScreenShot(ScreenshotManager.java:394)
com.shaft.gui.image.ScreenshotManager.captureScreenShot(ScreenshotManager.java:141)
com.shaft.validation.ValidationsHelper.reportValidationState(ValidationsHelper.java:823)
com.shaft.validation.ValidationsHelper.pass(ValidationsHelper.java:564)
com.shaft.validation.ValidationsHelper.validateElementExists(ValidationsHelper.java:166)
com.shaft.validation.Assertions.assertElementExists(Assertions.java:118)
testPackage01.Test_NewValidationHelper.f11(Test_NewValidationHelper.java:137)
java.base/jdk.internal.reflect.NativeMethodAccessorImpl.invoke0(Native Method)
java.base/jdk.internal.reflect.NativeMethodAccessorImpl.invoke(NativeMethodAccessorImpl.java:77)
java.base/jdk.internal.reflect.DelegatingMethodAccessorImpl.invoke(DelegatingMethodAccessorImpl.java:43)
java.base/java.lang.reflect.Method.invoke(Method.java:568)
org.testng.internal.MethodInvocationHelper.invokeMethod(MethodInvocationHelper.java:133)
org.testng.internal.TestInvoker.invokeMethod(TestInvoker.java:598)
org.testng.internal.TestInvoker.invokeTestMethod(TestInvoker.java:173)
org.testng.internal.MethodRunner.runInSequence(MethodRunner.java:46)
org.testng.internal.TestInvoker$MethodInvocationAgent.invoke(TestInvoker.java:824)
org.testng.internal.TestInvoker.invokeTestMethods(TestInvoker.java:146)
org.testng.internal.TestMethodWorker.invokeTestMethods(TestMethodWorker.java:146)
org.testng.internal.TestMethodWorker.run(TestMethodWorker.java:128)
java.base/java.util.ArrayList.forEach(ArrayList.java:1511)
org.testng.TestRunner.privateRun(TestRunner.java:794)
org.testng.TestRunner.run(TestRunner.java:596)
org.testng.SuiteRunner.runTest(SuiteRunner.java:377)
org.testng.SuiteRunner.runSequentially(SuiteRunner.java:371)
org.testng.SuiteRunner.privateRun(SuiteRunner.java:332)
org.testng.SuiteRunner.run(SuiteRunner.java:276)
org.testng.SuiteRunnerWorker.runSuite(SuiteRunnerWorker.java:53)
org.testng.SuiteRunnerWorker.run(SuiteRunnerWorker.java:96)
org.testng.TestNG.runSuitesSequentially(TestNG.java:1212)
org.testng.TestNG.runSuitesLocally(TestNG.java:1134)
org.testng.TestNG.runSuites(TestNG.java:1063)
org.testng.TestNG.run(TestNG.java:1031)
org.apache.maven.surefire.testng.TestNGExecutor.run(TestNGExecutor.java:136)
org.apache.maven.surefire.testng.TestNGDirectoryTestSuite.executeMulti(TestNGDirectoryTestSuite.java:193)
org.apache.maven.surefire.testng.TestNGDirectoryTestSuite.execute(TestNGDirectoryTestSuite.java:94)
org.apache.maven.surefire.testng.TestNGProvider.invoke(TestNGProvider.java:145)
org.apache.maven.surefire.booter.ForkedBooter.runSuitesInProcess(ForkedBooter.java:428)
org.apache.maven.surefire.booter.ForkedBooter.execute(ForkedBooter.java:162)
org.apache.maven.surefire.booter.ForkedBooter.run(ForkedBooter.java:562)
org.apache.maven.surefire.booter.ForkedBooter.main(ForkedBooter.java:548) @11-12-2021 18:27:01.0431 PM
[ReportManager] Assertion Passed: Checking that false tag doesn't exist @11-12-2021 18:27:02.0925 PM
[ReportManager] Successfully created attachment [Screenshot - 1639247221459_f11_ValidateElementExists_passed] @11-12-2021 18:27:02.0926 PM
[ReportManager] Assertion [ValidateElementExists] PASSED. Expected [Element Should not Exist, locator 'By.tagName: h3'] and Actual [Element Doesn't Exists]. Comparison Type [EQUALS]. Validation Type [NEGATIVE]. @11-12-2021 18:27:02.0926 P
[ReportManager] Successfully Closed All Drivers. @11-12-2021 18:27:03.0329 P
[ReportManager] File Action [GetAbsolutePath] successfully performed. With the following test data [Relative Folder Path: "target/downloadedFiles/"]. @11-12-2021 18:27:03.0333 PM
[ReportManager] Attempting to run locally on: [Mac-64], [Safari], Headless Execution. @11-12-2021 18:27:03.0333 PM
[ReportManager] Successfully Opened Safari. @11-12-2021 18:27:04.0154 PM
[ReportManager] Initial window size: (800, 600) @11-12-2021 18:27:04.0185 PM
[ReportManager] Window size after SWD Maximize: (1176, 803) @11-12-2021 18:27:04.0215 PM
[ReportManager] Browser Action [MaximizeWindow] successfully performed. With the following test data [New screen size is now: (1176, 803)]. @11-12-2021 18:27:04.0216 PM
[ReportManager] Target URL: [https://the-internet.herokuapp.com/] @11-12-2021 18:27:04.0216 PM
[ReportManager] Initial URL: [] @11-12-2021 18:27:04.0258 PM
[ReportManager] Browser Action [NavigateToURL] successfully performed. With the following test data [https://the-internet.herokuapp.com/]. @11-12-2021 18:27:05.0381 P

################################################################################################################################################
Starting Execution:	[80 out of 146] test cases in the current suite
Test Method:		[testPackage01.Test_NewValidationHelper.f12]
################################################################################################################################################
[ReportManager] Loaded Shared OpenCV @11-12-2021 18:27:05.0509 PM
[ReportManager] Assertion [ValidateElementExists] FAILED. Expected [Element Should not Exist, locator 'By.tagName: h1'] and Actual [Element Exists]. Comparison Type [EQUALS]. Validation Type [NEGATIVE]. @11-12-2021 18:27:05.0621 PM
[ReportManager] Successfully created attachment [Screenshot - 1639247225509_f12_ValidateElementExists_failed] @11-12-2021 18:27:05.0623 P
[ReportManager] Successfully Closed All Drivers. @11-12-2021 18:27:05.0739 P
[ReportManager] File Action [GetAbsolutePath] successfully performed. With the following test data [Relative Folder Path: "target/downloadedFiles/"]. @11-12-2021 18:27:05.0742 PM
[ReportManager] Attempting to run locally on: [Mac-64], [Safari], Headless Execution. @11-12-2021 18:27:05.0742 PM
[ReportManager] Successfully Opened Safari. @11-12-2021 18:27:06.0574 PM
[ReportManager] Initial window size: (800, 600) @11-12-2021 18:27:06.0596 PM
[ReportManager] Window size after SWD Maximize: (1176, 803) @11-12-2021 18:27:06.0617 PM
[ReportManager] Browser Action [MaximizeWindow] successfully performed. With the following test data [New screen size is now: (1176, 803)]. @11-12-2021 18:27:06.0618 PM
[ReportManager] Target URL: [https://the-internet.herokuapp.com/] @11-12-2021 18:27:06.0618 PM
[ReportManager] Initial URL: [] @11-12-2021 18:27:06.0674 PM
[ReportManager] Browser Action [NavigateToURL] successfully performed. With the following test data [https://the-internet.herokuapp.com/]. @11-12-2021 18:27:07.0783 P

################################################################################################################################################
Starting Execution:	[81 out of 146] test cases in the current suite
Test Method:		[testPackage01.Test_NewValidationHelper.f13]
################################################################################################################################################
[ReportManager] Loaded Shared OpenCV @11-12-2021 18:27:07.0943 PM
[ReportManager] Assertion [ValidateElementExists] FAILED. Expected [Element Should not Exist, locator 'By.tagName: div'] and Actual [Element Exists but is not unique]. Comparison Type [EQUALS]. Validation Type [NEGATIVE]. @11-12-2021 18:27:08.0054 PM
[ReportManager] Successfully created attachment [Screenshot - 1639247227943_f13_ValidateElementExists_failed] @11-12-2021 18:27:08.0057 P
[ReportManager] Successfully Closed All Drivers. @11-12-2021 18:27:08.0300 P
[ReportManager] File Action [GetAbsolutePath] successfully performed. With the following test data [Relative Folder Path: "target/downloadedFiles/"]. @11-12-2021 18:27:08.0303 PM
[ReportManager] Attempting to run locally on: [Mac-64], [Safari], Headless Execution. @11-12-2021 18:27:08.0303 PM
[ReportManager] Successfully Opened Safari. @11-12-2021 18:27:09.0117 PM
[ReportManager] Initial window size: (800, 600) @11-12-2021 18:27:09.0142 PM
[ReportManager] Window size after SWD Maximize: (1176, 803) @11-12-2021 18:27:09.0155 PM
[ReportManager] Browser Action [MaximizeWindow] successfully performed. With the following test data [New screen size is now: (1176, 803)]. @11-12-2021 18:27:09.0156 PM
[ReportManager] Target URL: [https://the-internet.herokuapp.com/] @11-12-2021 18:27:09.0156 PM
[ReportManager] Initial URL: [] @11-12-2021 18:27:09.0208 PM
[ReportManager] Browser Action [NavigateToURL] successfully performed. With the following test data [https://the-internet.herokuapp.com/]. @11-12-2021 18:27:10.0244 P

################################################################################################################################################
Starting Execution:	[82 out of 146] test cases in the current suite
Test Method:		[testPackage01.Test_NewValidationHelper.f14]
################################################################################################################################################
[ReportManager] Element Action [GetText] successfully performed. With the following test data [Welcome to the-internet]. @11-12-2021 18:27:10.0286 PM
[ReportManager] Loaded Shared OpenCV @11-12-2021 18:27:10.0365 PM
[ReportManager] Assertion Passed: Asserting that the header text is correct @11-12-2021 18:27:10.0475 PM
[ReportManager] Successfully created attachment [Screenshot - 1639247230365_f14_ValidateElementAttribute_passed] @11-12-2021 18:27:10.0477 PM
[ReportManager] Assertion [ValidateElementAttribute] PASSED. Expected [Value Should be 'Welcome to the-internet' for the 'text' attribute, element locator 'By.tagName: h1'] and Actual [Welcome to the-internet]. Comparison Type [EQUALS]. Validation Type [POSITIVE]. @11-12-2021 18:27:10.0477 P
[ReportManager] Successfully Closed All Drivers. @11-12-2021 18:27:10.0725 P
[ReportManager] File Action [GetAbsolutePath] successfully performed. With the following test data [Relative Folder Path: "target/downloadedFiles/"]. @11-12-2021 18:27:10.0728 PM
[ReportManager] Attempting to run locally on: [Mac-64], [Safari], Headless Execution. @11-12-2021 18:27:10.0728 PM
[ReportManager] Successfully Opened Safari. @11-12-2021 18:27:11.0559 PM
[ReportManager] Initial window size: (800, 600) @11-12-2021 18:27:11.0565 PM
[ReportManager] Window size after SWD Maximize: (1176, 803) @11-12-2021 18:27:11.0588 PM
[ReportManager] Browser Action [MaximizeWindow] successfully performed. With the following test data [New screen size is now: (1176, 803)]. @11-12-2021 18:27:11.0589 PM
[ReportManager] Target URL: [https://the-internet.herokuapp.com/] @11-12-2021 18:27:11.0589 PM
[ReportManager] Initial URL: [] @11-12-2021 18:27:11.0655 PM
[ReportManager] Browser Action [NavigateToURL] successfully performed. With the following test data [https://the-internet.herokuapp.com/]. @11-12-2021 18:27:12.0938 P

################################################################################################################################################
Starting Execution:	[83 out of 146] test cases in the current suite
Test Method:		[testPackage01.Test_NewValidationHelper.f15]
################################################################################################################################################
[ReportManager] Element Action [GetText] successfully performed. With the following test data [Welcome to the-internet]. @11-12-2021 18:27:12.0987 PM
[ReportManager] Loaded Shared OpenCV @11-12-2021 18:27:13.0049 PM
[ReportManager] Assertion [ValidateElementAttribute] FAILED. Expected [Value Should not be 'Welcome' for the 'text' attribute, element locator 'By.tagName: h1'] and Actual [Welcome to the-internet]. Comparison Type [CONTAINS]. Validation Type [NEGATIVE]. @11-12-2021 18:27:13.0158 PM
[ReportManager] Successfully created attachment [Screenshot - 1639247233049_f15_ValidateElementAttribute_failed] @11-12-2021 18:27:13.0163 P
[ReportManager] Successfully Closed All Drivers. @11-12-2021 18:27:13.0409 P
[ReportManager] File Action [GetAbsolutePath] successfully performed. With the following test data [Relative Folder Path: "target/downloadedFiles/"]. @11-12-2021 18:27:13.0411 PM
[ReportManager] Attempting to run locally on: [Mac-64], [Safari], Headless Execution. @11-12-2021 18:27:13.0411 PM
[ReportManager] Successfully Opened Safari. @11-12-2021 18:27:14.0247 PM
[ReportManager] Initial window size: (800, 600) @11-12-2021 18:27:14.0260 PM
[ReportManager] Window size after SWD Maximize: (1176, 803) @11-12-2021 18:27:14.0292 PM
[ReportManager] Browser Action [MaximizeWindow] successfully performed. With the following test data [New screen size is now: (1176, 803)]. @11-12-2021 18:27:14.0292 PM
[ReportManager] Target URL: [https://the-internet.herokuapp.com/] @11-12-2021 18:27:14.0292 PM
[ReportManager] Initial URL: [] @11-12-2021 18:27:14.0335 PM
[ReportManager] Browser Action [NavigateToURL] successfully performed. With the following test data [https://the-internet.herokuapp.com/]. @11-12-2021 18:27:15.0402 P

################################################################################################################################################
Starting Execution:	[84 out of 146] test cases in the current suite
Test Method:		[testPackage01.Test_NewValidationHelper.f16]
################################################################################################################################################
[ReportManager] org.openqa.selenium.TimeoutException:
Expected condition failed: waiting for com.shaft.gui.element.ElementActionsHelper$$Lambda$625/0x00000008011379c0@157c5e38 (tried for 25 second(s) with 1000 milliseconds interval)
org.openqa.selenium.support.ui.FluentWait.timeoutException(FluentWait.java:263)
org.openqa.selenium.support.ui.FluentWait.until(FluentWait.java:231)
com.shaft.gui.element.ElementActionsHelper.waitForElementPresence(ElementActionsHelper.java:63)
com.shaft.gui.element.ElementActionsHelper.waitForElementPresence(ElementActionsHelper.java:41)
com.shaft.gui.element.WebDriverElementActions.getMatchingElementsCount(WebDriverElementActions.java:1470)
com.shaft.gui.element.WebDriverElementActions.identifyUniqueElement(WebDriverElementActions.java:1518)
com.shaft.gui.element.WebDriverElementActions.identifyUniqueElement(WebDriverElementActions.java:1316)
com.shaft.gui.element.WebDriverElementActions.getText(WebDriverElementActions.java:658)
com.shaft.gui.element.ElementActions.getText(ElementActions.java:311)
com.shaft.validation.ValidationsHelper.validateElementAttribute(ValidationsHelper.java:237)
com.shaft.validation.Assertions.assertElementAttribute(Assertions.java:201)
testPackage01.Test_NewValidationHelper.f16(Test_NewValidationHelper.java:181)
java.base/jdk.internal.reflect.NativeMethodAccessorImpl.invoke0(Native Method)
java.base/jdk.internal.reflect.NativeMethodAccessorImpl.invoke(NativeMethodAccessorImpl.java:77)
java.base/jdk.internal.reflect.DelegatingMethodAccessorImpl.invoke(DelegatingMethodAccessorImpl.java:43)
java.base/java.lang.reflect.Method.invoke(Method.java:568)
org.testng.internal.MethodInvocationHelper.invokeMethod(MethodInvocationHelper.java:133)
org.testng.internal.TestInvoker.invokeMethod(TestInvoker.java:598)
org.testng.internal.TestInvoker.invokeTestMethod(TestInvoker.java:173)
org.testng.internal.MethodRunner.runInSequence(MethodRunner.java:46)
org.testng.internal.TestInvoker$MethodInvocationAgent.invoke(TestInvoker.java:824)
org.testng.internal.TestInvoker.invokeTestMethods(TestInvoker.java:146)
org.testng.internal.TestMethodWorker.invokeTestMethods(TestMethodWorker.java:146)
org.testng.internal.TestMethodWorker.run(TestMethodWorker.java:128)
java.base/java.util.ArrayList.forEach(ArrayList.java:1511)
org.testng.TestRunner.privateRun(TestRunner.java:794)
org.testng.TestRunner.run(TestRunner.java:596)
org.testng.SuiteRunner.runTest(SuiteRunner.java:377)
org.testng.SuiteRunner.runSequentially(SuiteRunner.java:371)
org.testng.SuiteRunner.privateRun(SuiteRunner.java:332)
org.testng.SuiteRunner.run(SuiteRunner.java:276)
org.testng.SuiteRunnerWorker.runSuite(SuiteRunnerWorker.java:53)
org.testng.SuiteRunnerWorker.run(SuiteRunnerWorker.java:96)
org.testng.TestNG.runSuitesSequentially(TestNG.java:1212)
org.testng.TestNG.runSuitesLocally(TestNG.java:1134)
org.testng.TestNG.runSuites(TestNG.java:1063)
org.testng.TestNG.run(TestNG.java:1031)
org.apache.maven.surefire.testng.TestNGExecutor.run(TestNGExecutor.java:136)
org.apache.maven.surefire.testng.TestNGDirectoryTestSuite.executeMulti(TestNGDirectoryTestSuite.java:193)
org.apache.maven.surefire.testng.TestNGDirectoryTestSuite.execute(TestNGDirectoryTestSuite.java:94)
org.apache.maven.surefire.testng.TestNGProvider.invoke(TestNGProvider.java:145)
org.apache.maven.surefire.booter.ForkedBooter.runSuitesInProcess(ForkedBooter.java:428)
org.apache.maven.surefire.booter.ForkedBooter.execute(ForkedBooter.java:162)
org.apache.maven.surefire.booter.ForkedBooter.run(ForkedBooter.java:562)
org.apache.maven.surefire.booter.ForkedBooter.main(ForkedBooter.java:548)

Caused by: org.openqa.selenium.NoSuchElementException:
For documentation on this error, please visit: https://selenium.dev/exceptions/#no_such_element
Build info: version: '4.1.0', revision: '87802e897b'
System info: host: 'Mac-1639246619233.local', ip: '10.212.6.193', os.name: 'Mac OS X', os.arch: 'x86_64', os.version: '11.5', java.version: '17.0.1'
Driver info: org.openqa.selenium.safari.SafariDriver
Command: [1039EF8F-F445-4908-A61B-A95A6B83BD72, findElement {using=tag name, value=h3}]
Capabilities {acceptInsecureCerts: false, browserName: Safari, browserVersion: 15.1, goog:loggingPrefs: {browser: ALL, client: ALL, driver: ALL, performance: ALL, profiler: ALL, server: ALL}, javascriptEnabled: true, pageLoadStrategy: normal, platform: MAC, platformName: MAC, safari:automaticInspection: false, safari:automaticProfiling: false, safari:diagnose: false, safari:platformBuildVersion: 20G224, safari:platformVersion: 11.6.1, safari:useSimulator: false, setWindowRect: true, strictFileInteractability: false, timeouts: {pageLoad: 30000, script: 30000}, webkit:WebRTC: {DisableICECandidateFiltering: false, DisableInsecureMediaCapture: false}}
Session ID: 1039EF8F-F445-4908-A61B-A95A6B83BD72
jdk.internal.reflect.GeneratedConstructorAccessor70.newInstance(Unknown Source)
java.base/jdk.internal.reflect.DelegatingConstructorAccessorImpl.newInstance(DelegatingConstructorAccessorImpl.java:45)
java.base/java.lang.reflect.Constructor.newInstanceWithCaller(Constructor.java:499)
java.base/java.lang.reflect.Constructor.newInstance(Constructor.java:480)
org.openqa.selenium.remote.codec.w3c.W3CHttpResponseCodec.createException(W3CHttpResponseCodec.java:200)
org.openqa.selenium.remote.codec.w3c.W3CHttpResponseCodec.decode(W3CHttpResponseCodec.java:133)
org.openqa.selenium.remote.codec.w3c.W3CHttpResponseCodec.decode(W3CHttpResponseCodec.java:53)
org.openqa.selenium.remote.HttpCommandExecutor.execute(HttpCommandExecutor.java:184)
org.openqa.selenium.remote.service.DriverCommandExecutor.invokeExecute(DriverCommandExecutor.java:164)
org.openqa.selenium.remote.service.DriverCommandExecutor.execute(DriverCommandExecutor.java:139)
org.openqa.selenium.remote.RemoteWebDriver.execute(RemoteWebDriver.java:559)
org.openqa.selenium.remote.ElementLocation$ElementFinder$2.findElement(ElementLocation.java:162)
org.openqa.selenium.remote.ElementLocation.findElement(ElementLocation.java:60)
org.openqa.selenium.remote.RemoteWebDriver.findElement(RemoteWebDriver.java:383)
org.openqa.selenium.remote.RemoteWebDriver.findElement(RemoteWebDriver.java:375)
com.shaft.gui.element.ElementActionsHelper.lambda$waitForElementPresence$0(ElementActionsHelper.java:66)
org.openqa.selenium.support.ui.FluentWait.until(FluentWait.java:208)
com.shaft.gui.element.ElementActionsHelper.waitForElementPresence(ElementActionsHelper.java:63)
com.shaft.gui.element.ElementActionsHelper.waitForElementPresence(ElementActionsHelper.java:41)
com.shaft.gui.element.WebDriverElementActions.getMatchingElementsCount(WebDriverElementActions.java:1470)
com.shaft.gui.element.WebDriverElementActions.identifyUniqueElement(WebDriverElementActions.java:1518)
com.shaft.gui.element.WebDriverElementActions.identifyUniqueElement(WebDriverElementActions.java:1316)
com.shaft.gui.element.WebDriverElementActions.getText(WebDriverElementActions.java:658)
com.shaft.gui.element.ElementActions.getText(ElementActions.java:311)
com.shaft.validation.ValidationsHelper.validateElementAttribute(ValidationsHelper.java:237)
com.shaft.validation.Assertions.assertElementAttribute(Assertions.java:201)
testPackage01.Test_NewValidationHelper.f16(Test_NewValidationHelper.java:181)
java.base/jdk.internal.reflect.NativeMethodAccessorImpl.invoke0(Native Method)
java.base/jdk.internal.reflect.NativeMethodAccessorImpl.invoke(NativeMethodAccessorImpl.java:77)
java.base/jdk.internal.reflect.DelegatingMethodAccessorImpl.invoke(DelegatingMethodAccessorImpl.java:43)
java.base/java.lang.reflect.Method.invoke(Method.java:568)
org.testng.internal.MethodInvocationHelper.invokeMethod(MethodInvocationHelper.java:133)
org.testng.internal.TestInvoker.invokeMethod(TestInvoker.java:598)
org.testng.internal.TestInvoker.invokeTestMethod(TestInvoker.java:173)
org.testng.internal.MethodRunner.runInSequence(MethodRunner.java:46)
org.testng.internal.TestInvoker$MethodInvocationAgent.invoke(TestInvoker.java:824)
org.testng.internal.TestInvoker.invokeTestMethods(TestInvoker.java:146)
org.testng.internal.TestMethodWorker.invokeTestMethods(TestMethodWorker.java:146)
org.testng.internal.TestMethodWorker.run(TestMethodWorker.java:128)
java.base/java.util.ArrayList.forEach(ArrayList.java:1511)
org.testng.TestRunner.privateRun(TestRunner.java:794)
org.testng.TestRunner.run(TestRunner.java:596)
org.testng.SuiteRunner.runTest(SuiteRunner.java:377)
org.testng.SuiteRunner.runSequentially(SuiteRunner.java:371)
org.testng.SuiteRunner.privateRun(SuiteRunner.java:332)
org.testng.SuiteRunner.run(SuiteRunner.java:276)
org.testng.SuiteRunnerWorker.runSuite(SuiteRunnerWorker.java:53)
org.testng.SuiteRunnerWorker.run(SuiteRunnerWorker.java:96)
org.testng.TestNG.runSuitesSequentially(TestNG.java:1212)
org.testng.TestNG.runSuitesLocally(TestNG.java:1134)
org.testng.TestNG.runSuites(TestNG.java:1063)
org.testng.TestNG.run(TestNG.java:1031)
org.apache.maven.surefire.testng.TestNGExecutor.run(TestNGExecutor.java:136)
org.apache.maven.surefire.testng.TestNGDirectoryTestSuite.executeMulti(TestNGDirectoryTestSuite.java:193)
org.apache.maven.surefire.testng.TestNGDirectoryTestSuite.execute(TestNGDirectoryTestSuite.java:94)
org.apache.maven.surefire.testng.TestNGProvider.invoke(TestNGProvider.java:145)
org.apache.maven.surefire.booter.ForkedBooter.runSuitesInProcess(ForkedBooter.java:428)
org.apache.maven.surefire.booter.ForkedBooter.execute(ForkedBooter.java:162)
org.apache.maven.surefire.booter.ForkedBooter.run(ForkedBooter.java:562)
org.apache.maven.surefire.booter.ForkedBooter.main(ForkedBooter.java:548) @11-12-2021 18:27:41.0043 PM
[ReportManager] Element Action [IdentifyUniqueElement] failed. With the following test data [zero elements found matching this locator "By.tagName: h3".]. @11-12-2021 18:27:41.0151 PM
[ReportManager] Successfully created attachment [Screenshot - 1639247261071_f16_IdentifyUniqueElement_failed] @11-12-2021 18:27:41.0152 PM
[ReportManager] Assertion [ValidateElementAttribute] FAILED. Expected [Value Should not be 'Welcome' for the 'text' attribute, element locator 'By.tagName: h3'] and Actual [Failed to read the desired element attribute]. Comparison Type [CONTAINS]. Validation Type [NEGATIVE]. @11-12-2021 18:27:41.0152 P
[ReportManager] Successfully Closed All Drivers. @11-12-2021 18:27:41.0587 P
[ReportManager] File Action [GetAbsolutePath] successfully performed. With the following test data [Relative Folder Path: "target/downloadedFiles/"]. @11-12-2021 18:27:41.0589 PM
[ReportManager] Attempting to run locally on: [Mac-64], [Safari], Headless Execution. @11-12-2021 18:27:41.0589 PM
[ReportManager] An Exception Occured with this Message: Could not start a new session. Possible causes are invalid address of the remote server or browser start-up failure.. @11-12-2021 18:27:41.0750 PM
[ReportManager] Successfully created attachment [Exception Stack Trace - org.openqa.selenium.SessionNotCreatedException] @11-12-2021 18:27:41.0793 PM
[ReportManager] Driver Factory Action [createNewLocalDriverInstanceForSafari] failed. With the following test data [Failed to create a session on DESKTOP_SAFARI]. @11-12-2021 18:27:41.0793 P

################################################################################################################################################
Starting Execution:	[85 out of 146] test cases in the current suite
Test Method:		[testPackage01.Test_NewValidationHelper.f17]
###############################################################################################################################################



################################################################################################################################################
Starting Execution:	[86 out of 146] test cases in the current suite
Test Method:		[testPackage01.Test_NewValidationHelper.f18]
###############################################################################################################################################


################################################################################################################################################
Starting Execution:	[87 out of 146] test cases in the current suite
Test Method:		[testPackage01.Test_NewValidationHelper.f2]
###############################################################################################################################################


################################################################################################################################################
Starting Execution:	[88 out of 146] test cases in the current suite
Test Method:		[testPackage01.Test_NewValidationHelper.f20]
###############################################################################################################################################



################################################################################################################################################
Starting Execution:	[89 out of 146] test cases in the current suite
Test Method:		[testPackage01.Test_NewValidationHelper.f21]
###############################################################################################################################################



################################################################################################################################################
Starting Execution:	[90 out of 146] test cases in the current suite
Test Method:		[testPackage01.Test_NewValidationHelper.f22]
###############################################################################################################################################


################################################################################################################################################
Starting Execution:	[91 out of 146] test cases in the current suite
Test Method:		[testPackage01.Test_NewValidationHelper.f23]
###############################################################################################################################################

################################################################################################################################################
Starting Execution:	[92 out of 146] test cases in the current suite
Test Method:		[testPackage01.Test_NewValidationHelper.f24]
###############################################################################################################################################

################################################################################################################################################
Starting Execution:	[93 out of 146] test cases in the current suite
Test Method:		[testPackage01.Test_NewValidationHelper.f25]
###############################################################################################################################################

################################################################################################################################################
Starting Execution:	[94 out of 146] test cases in the current suite
Test Method:		[testPackage01.Test_NewValidationHelper.f26]
###############################################################################################################################################

################################################################################################################################################
Starting Execution:	[95 out of 146] test cases in the current suite
Test Method:		[testPackage01.Test_NewValidationHelper.f27]
###############################################################################################################################################

################################################################################################################################################
Starting Execution:	[96 out of 146] test cases in the current suite
Test Method:		[testPackage01.Test_NewValidationHelper.f28]
###############################################################################################################################################

################################################################################################################################################
Starting Execution:	[97 out of 146] test cases in the current suite
Test Method:		[testPackage01.Test_NewValidationHelper.f29]
###############################################################################################################################################

################################################################################################################################################
Starting Execution:	[98 out of 146] test cases in the current suite
Test Method:		[testPackage01.Test_NewValidationHelper.f3]
###############################################################################################################################################

################################################################################################################################################
Starting Execution:	[99 out of 146] test cases in the current suite
Test Method:		[testPackage01.Test_NewValidationHelper.f30]
###############################################################################################################################################

################################################################################################################################################
Starting Execution:	[100 out of 146] test cases in the current suite
Test Method:		[testPackage01.Test_NewValidationHelper.f31]
###############################################################################################################################################

################################################################################################################################################
Starting Execution:	[101 out of 146] test cases in the current suite
Test Method:		[testPackage01.Test_NewValidationHelper.f32]
###############################################################################################################################################

################################################################################################################################################
Starting Execution:	[102 out of 146] test cases in the current suite
Test Method:		[testPackage01.Test_NewValidationHelper.f33]
###############################################################################################################################################

################################################################################################################################################
Starting Execution:	[103 out of 146] test cases in the current suite
Test Method:		[testPackage01.Test_NewValidationHelper.f34]
###############################################################################################################################################

################################################################################################################################################
Starting Execution:	[104 out of 146] test cases in the current suite
Test Method:		[testPackage01.Test_NewValidationHelper.f35]
###############################################################################################################################################

################################################################################################################################################
Starting Execution:	[105 out of 146] test cases in the current suite
Test Method:		[testPackage01.Test_NewValidationHelper.f36]
###############################################################################################################################################

################################################################################################################################################
Starting Execution:	[106 out of 146] test cases in the current suite
Test Method:		[testPackage01.Test_NewValidationHelper.f37]
###############################################################################################################################################

################################################################################################################################################
Starting Execution:	[107 out of 146] test cases in the current suite
Test Method:		[testPackage01.Test_NewValidationHelper.f3_1]
###############################################################################################################################################

################################################################################################################################################
Starting Execution:	[108 out of 146] test cases in the current suite
Test Method:		[testPackage01.Test_NewValidationHelper.f4]
###############################################################################################################################################

################################################################################################################################################
Starting Execution:	[109 out of 146] test cases in the current suite
Test Method:		[testPackage01.Test_NewValidationHelper.f5]
###############################################################################################################################################

################################################################################################################################################
Starting Execution:	[110 out of 146] test cases in the current suite
Test Method:		[testPackage01.Test_NewValidationHelper.f6]
###############################################################################################################################################

################################################################################################################################################
Starting Execution:	[111 out of 146] test cases in the current suite
Test Method:		[testPackage01.Test_NewValidationHelper.f6_1]
###############################################################################################################################################

################################################################################################################################################
Starting Execution:	[112 out of 146] test cases in the current suite
Test Method:		[testPackage01.Test_NewValidationHelper.f6_2]
###############################################################################################################################################

################################################################################################################################################
Starting Execution:	[113 out of 146] test cases in the current suite
Test Method:		[testPackage01.Test_NewValidationHelper.f7]
###############################################################################################################################################


################################################################################################################################################
Starting Execution:	[114 out of 146] test cases in the current suite
Test Method:		[testPackage01.Test_NewValidationHelper.f8]
###############################################################################################################################################



################################################################################################################################################
Starting Execution:	[115 out of 146] test cases in the current suite
Test Method:		[testPackage01.Test_NewValidationHelper.f9]
###############################################################################################################################################


################################################################################################################################################
Starting Execution:	[116 out of 146] test cases in the current suite
Test Method:		[testPackage01.Test_NewValidationHelper.forceFail]
###############################################################################################################################################

################################################################################################################################################
Starting Execution:	[117 out of 146] test cases in the current suite
Test Method:		[testPackage01.Test_NewValidationHelper.forceFail2]
###############################################################################################################################################

################################################################################################################################################
Starting Execution:	[118 out of 146] test cases in the current suite
Test Method:		[testPackage01.Test_JsonActions.f]
###############################################################################################################################################

################################################################################################################################################
Starting Execution:	[119 out of 146] test cases in the current suite
Test Method:		[testPackage01.Test_JsonActions.f2]
###############################################################################################################################################

################################################################################################################################################
Starting Execution:	[120 out of 146] test cases in the current suite
Test Method:		[testPackage01.Test_sendGraphqlRequest.sendGraphqlRequestUsingMutationAndVariables]
################################################################################################################################################
[ReportManager] GraphQl Request is being Performed with the Following Parameters [Service URL: https://api.spacex.land/graphql | Request Body: {"variables":"{\"name\": \"sherlock holmes\",\"rocket\": \"221B Baker Street\"}","query":"mutation ($name: String, $rocket: String) {\n  insert_users(objects: {name: $name, rocket: $rocket}) {\n    returning {\n      name\n      rocket\n    }\n  }\n}"}] @11-12-2021 18:27:42.0428 PM
[ReportManager] Response status code: [200], status line: [HTTP/1.1 200 OK] @11-12-2021 18:27:43.0090 PM
[ReportManager] Assertion Passed: Evaluating the actual response status code against the expected one... @11-12-2021 18:27:43.0090 PM
[ReportManager] Assertion [ValidateComparativeRelation] PASSED. Expected [200] and Actual [200]. Comparison Type [EQUALS]. Validation Type [POSITIVE]. @11-12-2021 18:27:43.0090 PM
[ReportManager] API Action [PerformRequest] successfully performed. With the following test data [Request Type: "POST" | Target Status Code: "200" | Service URL: "https://api.spacex.land/graphql" | Content Type: "application/json" | Response Time: "444ms"]. @11-12-2021 18:27:43.0121 PM
[ReportManager] Successfully created attachment [API Request - Specifications] @11-12-2021 18:27:43.0121 PM
[ReportManager] Successfully created attachment [API Request - JSON Body] @11-12-2021 18:27:43.0122 PM
[ReportManager] Successfully created attachment [API Response - JSON Body] @11-12-2021 18:27:43.0123 PM
[ReportManager] API Action [GetResponseJSONValue] successfully performed. With the following test data [data.insert_users.returning[0].name]. @11-12-2021 18:27:43.0165 PM
[ReportManager] Assertion [ValidateEquals] PASSED. Expected [sherlock holmes] and Actual [sherlock holmes]. Comparison Type [EQUALS]. Validation Type [POSITIVE]. @11-12-2021 18:27:43.0166 P

################################################################################################################################################
Starting Execution:	[121 out of 146] test cases in the current suite
Test Method:		[testPackage01.Test_sendGraphqlRequest.sendGraphqlRequestUsingQuery]
################################################################################################################################################
[ReportManager] GraphQl Request is being Performed with the Following Parameters [Service URL: https://api.spacex.land/graphql | Request Body: {"query":"{company {ceo}}"}] @11-12-2021 18:27:43.0169 PM
[ReportManager] Response status code: [200], status line: [HTTP/1.1 200 OK] @11-12-2021 18:27:43.0442 PM
[ReportManager] Assertion Passed: Evaluating the actual response status code against the expected one... @11-12-2021 18:27:43.0442 PM
[ReportManager] Assertion [ValidateComparativeRelation] PASSED. Expected [200] and Actual [200]. Comparison Type [EQUALS]. Validation Type [POSITIVE]. @11-12-2021 18:27:43.0442 PM
[ReportManager] API Action [PerformRequest] successfully performed. With the following test data [Request Type: "POST" | Target Status Code: "200" | Service URL: "https://api.spacex.land/graphql" | Content Type: "application/json" | Response Time: "269ms"]. @11-12-2021 18:27:43.0454 PM
[ReportManager] Successfully created attachment [API Request - Specifications] @11-12-2021 18:27:43.0454 PM
[ReportManager] Successfully created attachment [API Request - JSON Body] @11-12-2021 18:27:43.0455 PM
[ReportManager] Successfully created attachment [API Response - JSON Body] @11-12-2021 18:27:43.0455 PM
[ReportManager] API Action [GetResponseJSONValue] successfully performed. With the following test data [data.company.ceo]. @11-12-2021 18:27:43.0467 PM
[ReportManager] Assertion [ValidateEquals] PASSED. Expected [Elon Musk] and Actual [Elon Musk]. Comparison Type [EQUALS]. Validation Type [POSITIVE]. @11-12-2021 18:27:43.0467 P

################################################################################################################################################
Starting Execution:	[122 out of 146] test cases in the current suite
Test Method:		[testPackage01.Test_MatchJsonSchema.checkAPI_ResponseSchema]
################################################################################################################################################
[ReportManager] Response status code: [200], status line: [HTTP/1.1 200 OK] @11-12-2021 18:27:43.0575 PM
[ReportManager] Assertion Passed: Evaluating the actual response status code against the expected one... @11-12-2021 18:27:43.0575 PM
[ReportManager] Assertion [ValidateComparativeRelation] PASSED. Expected [200] and Actual [200]. Comparison Type [EQUALS]. Validation Type [POSITIVE]. @11-12-2021 18:27:43.0575 PM
[ReportManager] API Action [PerformRequest] successfully performed. With the following test data [Request Type: "GET" | Target Status Code: "200" | Service URL: "http://api.zippopotam.us/us/90210" | Content Type: "*/*" | Response Time: "99ms"]. @11-12-2021 18:27:43.0588 PM
[ReportManager] Successfully created attachment [API Request - Specifications] @11-12-2021 18:27:43.0588 PM
[ReportManager] Successfully created attachment [API Response - JSON Body] @11-12-2021 18:27:43.0590 PM
[ReportManager] File Action [GetAbsolutePath] successfully performed. With the following test data [Relative Folder Path: "src/test/resources/testDataFiles/schema.json"]. @11-12-2021 18:27:43.0591 PM
[ReportManager] File Action [GetAbsolutePath] successfully performed. With the following test data [Relative Folder Path: "/Users/runner/work/SHAFT_ENGINE/SHAFT_ENGINE/src/test/resources/testDataFiles/schema.json"]. @11-12-2021 18:27:44.0284 PM
[ReportManager] File Action [ReadFromFile] successfully performed. With the following test data [File Path: "/Users/runner/work/SHAFT_ENGINE/SHAFT_ENGINE/src/test/resources/testDataFiles/schema.json"]. @11-12-2021 18:27:44.0284 PM
[ReportManager] Assertion Passed: Then I Assert that the API response schema matches that in this file [src/test/resources/testDataFiles/schema.json]. @11-12-2021 18:27:44.0286 PM
[ReportManager] Successfully created attachment [Validation Test Data - Expected JSON Value] @11-12-2021 18:27:44.0286 PM
[ReportManager] Successfully created attachment [Validation Test Data - Actual JSON Value] @11-12-2021 18:27:44.0287 PM
[ReportManager] Assertion [ValidateResponseFileSchema] PASSED. Expected [Response data should match the JSON File in this path '/Users/runner/work/SHAFT_ENGINE/SHAFT_ENGINE/src/test/resources/testDataFiles/schema.json'] and Actual [TRUE]. Comparison Type [EQUALS]. Validation Type [POSITIVE]. @11-12-2021 18:27:44.0287 P
[ReportManager] File Action [GetAbsolutePath] successfully performed. With the following test data [Relative Folder Path: "target/downloadedFiles/"]. @11-12-2021 18:27:44.0290 PM
[ReportManager] Attempting to run locally on: [Mac-64], [Safari], Headless Execution. @11-12-2021 18:27:44.0290 PM
[ReportManager] Successfully Opened Safari. @11-12-2021 18:27:45.0400 PM
[ReportManager] Initial window size: (800, 600) @11-12-2021 18:27:45.0416 PM
[ReportManager] Window size after SWD Maximize: (1176, 803) @11-12-2021 18:27:45.0448 PM
[ReportManager] Browser Action [MaximizeWindow] successfully performed. With the following test data [New screen size is now: (1176, 803)]. @11-12-2021 18:27:45.0449 P

################################################################################################################################################
Starting Execution:	[123 out of 146] test cases in the current suite
Test Method:		[testPackage01.Test_dragAndDrop.dragAndDropJquery]
################################################################################################################################################
[ReportManager] Target URL: [https://jqueryui.com/resources/demos/droppable/default.html] @11-12-2021 18:27:45.0491 PM
[ReportManager] Initial URL: [] @11-12-2021 18:27:45.0521 PM
[ReportManager] Browser Action [NavigateToURL] successfully performed. With the following test data [https://jqueryui.com/resources/demos/droppable/default.html]. @11-12-2021 18:27:46.0071 PM
[ReportManager] Element Action [GetText] successfully performed. With the following test data [
	Drop here
]. @11-12-2021 18:27:46.0146 PM
[ReportManager] Element Action [DragAndDrop] successfully performed. With the following test data [Start point: (8, 18), End point: (8, 18)]. @11-12-2021 18:27:47.0260 PM
[ReportManager] Element Action [GetText] successfully performed. With the following test data [
	Dropped!
]. @11-12-2021 18:27:47.0308 PM
[ReportManager] Assertion Passed: Checking to see if the text has changed after performing drag and drop @11-12-2021 18:27:47.0308 PM
[ReportManager] Assertion [ValidateEquals] PASSED. Expected [
	Drop here
] and Actual [
	Dropped!
]. Comparison Type [EQUALS]. Validation Type [NEGATIVE]. @11-12-2021 18:27:47.0308 P
[ReportManager] Browser Action [CloseCurrentWindow] successfully performed. @11-12-2021 18:27:47.0590 PM
[ReportManager] Successfully created attachment [Browser Action Test Data - CloseCurrentWindow - Actual Value] @11-12-2021 18:27:47.0591 P
[ReportManager] File Action [GetAbsolutePath] successfully performed. With the following test data [Relative Folder Path: "target/downloadedFiles/"]. @11-12-2021 18:27:47.0593 PM
[ReportManager] Attempting to run locally on: [Mac-64], [Safari], Headless Execution. @11-12-2021 18:27:47.0593 PM
[ReportManager] Successfully Opened Safari. @11-12-2021 18:27:48.0400 PM
[ReportManager] Initial window size: (800, 600) @11-12-2021 18:27:48.0414 PM
[ReportManager] Window size after SWD Maximize: (1176, 803) @11-12-2021 18:27:48.0430 PM
[ReportManager] Browser Action [MaximizeWindow] successfully performed. With the following test data [New screen size is now: (1176, 803)]. @11-12-2021 18:27:48.0440 P

################################################################################################################################################
Starting Execution:	[124 out of 146] test cases in the current suite
Test Method:		[testPackage01.Test_dragAndDrop.dragAndDrop]
Test Description:	[TC001 - Test Drag and Drop function.]
################################################################################################################################################
[ReportManager] Target URL: [http://the-internet.herokuapp.com/drag_and_drop] @11-12-2021 18:27:48.0447 PM
[ReportManager] Initial URL: [] @11-12-2021 18:27:48.0509 PM
[ReportManager] Browser Action [NavigateToURL] successfully performed. With the following test data [http://the-internet.herokuapp.com/drag_and_drop]. @11-12-2021 18:27:49.0479 PM
[ReportManager] Attempting Drag and Drop @11-12-2021 18:27:49.0479 PM
[ReportManager] Element Action [DragAndDrop] successfully performed. With the following test data [Start point: (120, 89), End point: (335, 89)]. @11-12-2021 18:27:50.0112 P
[ReportManager] Browser Action [CloseCurrentWindow] successfully performed. @11-12-2021 18:27:50.0509 PM
[ReportManager] Successfully created attachment [Browser Action Test Data - CloseCurrentWindow - Actual Value] @11-12-2021 18:27:50.0509 P
[ReportManager] File Action [GetAbsolutePath] successfully performed. With the following test data [Relative Folder Path: "target/downloadedFiles/"]. @11-12-2021 18:27:50.0512 PM
[ReportManager] Attempting to run locally on: [Mac-64], [Safari], Headless Execution. @11-12-2021 18:27:50.0512 PM
[ReportManager] Successfully Opened Safari. @11-12-2021 18:27:51.0339 PM
[ReportManager] Initial window size: (800, 600) @11-12-2021 18:27:51.0358 PM
[ReportManager] Window size after SWD Maximize: (1176, 803) @11-12-2021 18:27:51.0390 PM
[ReportManager] Browser Action [MaximizeWindow] successfully performed. With the following test data [New screen size is now: (1176, 803)]. @11-12-2021 18:27:51.0391 P

################################################################################################################################################
Starting Execution:	[125 out of 146] test cases in the current suite
Test Method:		[testPackage01.Test_dragAndDrop.dragAndDropByOffset]
Test Description:	[TC002 - Test Drag and Drop by offset function.]
################################################################################################################################################
[ReportManager] Target URL: [https://jqueryui.com/resources/demos/draggable/default.html] @11-12-2021 18:27:51.0402 PM
[ReportManager] Initial URL: [] @11-12-2021 18:27:51.0449 PM
[ReportManager] Browser Action [NavigateToURL] successfully performed. With the following test data [https://jqueryui.com/resources/demos/draggable/default.html]. @11-12-2021 18:27:51.0908 PM
[ReportManager] Element Action [DragAndDropByOffset] successfully performed. With the following test data [Start point: (8, 8), End point: (108, 58)]. @11-12-2021 18:27:52.0719 P
[ReportManager] Browser Action [CloseCurrentWindow] successfully performed. @11-12-2021 18:27:53.0079 PM
[ReportManager] Successfully created attachment [Browser Action Test Data - CloseCurrentWindow - Actual Value] @11-12-2021 18:27:53.0079 P
[ReportManager] Successfully loaded the following test data file [src/test/resources/testDataFiles/testSuite01/TestData.xlsx]. @11-12-2021 18:27:53.0109 PM
[ReportManager] Successfully created attachment [Test Data - Excel] @11-12-2021 18:27:53.0110 PM
[ReportManager] File Action [GetAbsolutePath] successfully performed. With the following test data [Relative Folder Path: "target/downloadedFiles/"]. @11-12-2021 18:27:53.0110 PM
[ReportManager] Attempting to run locally on: [Mac-64], [Safari], Headless Execution. @11-12-2021 18:27:53.0110 PM
[ReportManager] Successfully Opened Safari. @11-12-2021 18:27:53.0933 PM
[ReportManager] Initial window size: (800, 600) @11-12-2021 18:27:53.0949 PM
[ReportManager] Window size after SWD Maximize: (1176, 803) @11-12-2021 18:27:53.0963 PM
[ReportManager] Browser Action [MaximizeWindow] successfully performed. With the following test data [New screen size is now: (1176, 803)]. @11-12-2021 18:27:53.0964 P

################################################################################################################################################
Starting Execution:	[126 out of 146] test cases in the current suite
Test Method:		[testPackage01.Test_google.navigateToURLandVerifyGoogleLogoIsDisplayed]
Test Description:	[TC001 - Navigate to URL and Verify Google Logo is Displayed]
################################################################################################################################################
[ReportManager] Target URL: [https://www.google.com/ncr], and after redirection: [https://www.google.com] @11-12-2021 18:27:53.0970 PM
[ReportManager] Initial URL: [] @11-12-2021 18:27:54.0020 PM
[ReportManager] Browser Action [NavigateToURL] successfully performed. With the following test data [https://www.google.com/ncr]. @11-12-2021 18:27:56.0065 PM
[ReportManager] Loaded Shared OpenCV @11-12-2021 18:27:56.0144 PM
[ReportManager] Assertion Passed: Then I Assert that the element found by [By.xpath: //*[@id='hplogo' or @alt='Google']] exists. @11-12-2021 18:27:56.0232 PM
[ReportManager] Successfully created attachment [Screenshot - 1639247276144_navigateToURLandVerifyGoogleLogoIsDisplayed_ValidateElementExists_passed] @11-12-2021 18:27:56.0233 PM
[ReportManager] Assertion [ValidateElementExists] PASSED. Expected [Element Should Exist, locator 'By.xpath: //*[@id='hplogo' or @alt='Google']'] and Actual [Element Exists]. Comparison Type [EQUALS]. Validation Type [POSITIVE]. @11-12-2021 18:27:56.0233 P

################################################################################################################################################
Starting Execution:	[127 out of 146] test cases in the current suite
Test Method:		[testPackage01.Test_google.searchForQueryandAssertResultsNumDisplayed]
Test Description:	[TC002 - Search for Query and Assert that the number of results is displayed]
################################################################################################################################################
[ReportManager] Element Action [Type] successfully performed. With the following test data [SHAFT_Engine]. @11-12-2021 18:27:56.0450 PM
[ReportManager] Element Action [KeyPress] successfully performed. With the following test data [Enter]. @11-12-2021 18:27:56.0501 PM
[ReportManager] Element Action [GetText] successfully performed. With the following test data [About 718,000 results (0.64 seconds) ]. @11-12-2021 18:27:58.0224 PM
[ReportManager] Loaded Shared OpenCV @11-12-2021 18:27:58.0300 PM
[ReportManager] Assertion Passed: Then I Assert that the element found by [By.id: appbar] text does not equal []. @11-12-2021 18:27:58.0487 PM
[ReportManager] Successfully created attachment [Screenshot - 1639247278300_searchForQueryandAssertResultsNumDisplayed_ValidateElementAttribute_passed] @11-12-2021 18:27:58.0489 PM
[ReportManager] Assertion [ValidateElementAttribute] PASSED. Expected [Value Should not be '' for the 'text' attribute, element locator 'By.id: appbar'] and Actual [About 718,000 results (0.64 seconds) ]. Comparison Type [EQUALS]. Validation Type [NEGATIVE]. @11-12-2021 18:27:58.0489 P

################################################################################################################################################
Starting Execution:	[128 out of 146] test cases in the current suite
Test Method:		[testPackage01.Test_google.clickNextThrice]
Test Description:	[TC003 - Clicks the next button to make sure that the framework can scroll element into view before clicking it]
################################################################################################################################################
[ReportManager] Element Action [Click] successfully performed. With the following test data [By.xpath: //span[text()='Next']]. @11-12-2021 18:27:58.0717 P
[ReportManager] Successfully Closed All Drivers. @11-12-2021 18:27:58.0837 P
[ReportManager] File Action [GetAbsolutePath] successfully performed. With the following test data [Relative Folder Path: "target/downloadedFiles/"]. @11-12-2021 18:27:58.0840 PM
[ReportManager] Attempting to run locally on: [Mac-64], [Safari], Headless Execution. @11-12-2021 18:27:58.0840 PM
[ReportManager] Successfully Opened Safari. @11-12-2021 18:27:59.0655 PM
[ReportManager] Initial window size: (800, 600) @11-12-2021 18:27:59.0680 PM
[ReportManager] Window size after SWD Maximize: (1176, 803) @11-12-2021 18:27:59.0693 PM
[ReportManager] Browser Action [MaximizeWindow] successfully performed. With the following test data [New screen size is now: (1176, 803)]. @11-12-2021 18:27:59.0694 P

################################################################################################################################################
Starting Execution:	[129 out of 146] test cases in the current suite
Test Method:		[testPackage01.Test_chainableElementActions.chainElementActions]
################################################################################################################################################
[ReportManager] Target URL: [https://www.google.com/ncr], and after redirection: [https://www.google.com] @11-12-2021 18:27:59.0705 PM
[ReportManager] Initial URL: [] @11-12-2021 18:27:59.0747 PM
[ReportManager] Browser Action [NavigateToURL] successfully performed. With the following test data [https://www.google.com/ncr]. @11-12-2021 18:28:01.0802 PM
[ReportManager] Element Action [Type] successfully performed. With the following test data [chained type 1]. @11-12-2021 18:28:02.0020 PM
[ReportManager] Element Action [Type] successfully performed. With the following test data [chained type 2]. @11-12-2021 18:28:02.0217 PM
[ReportManager] Element Action [TypeAppend] successfully performed. With the following test data [345]. @11-12-2021 18:28:02.0281 PM
[ReportManager] Element Action [GetText] successfully performed. With the following test data [chained type 2345]. @11-12-2021 18:28:02.0335 PM
[ReportManager] Loaded Shared OpenCV @11-12-2021 18:28:02.0389 PM
[ReportManager] Assertion Passed: Then I Assert that the element found by [By.name: q] text is equal to [chained type 2345]. @11-12-2021 18:28:02.0540 PM
[ReportManager] Successfully created attachment [Screenshot - 1639247282389_chainElementActions_ValidateElementAttribute_passed] @11-12-2021 18:28:02.0541 PM
[ReportManager] Assertion [ValidateElementAttribute] PASSED. Expected [Value Should be 'chained type 2345' for the 'text' attribute, element locator 'By.name: q'] and Actual [chained type 2345]. Comparison Type [EQUALS]. Validation Type [POSITIVE]. @11-12-2021 18:28:02.0541 P
[ReportManager] Successfully Closed All Drivers. @11-12-2021 18:28:02.0842 P
[ReportManager] File Action [GetAbsolutePath] successfully performed. With the following test data [Relative Folder Path: "target/downloadedFiles/"]. @11-12-2021 18:28:02.0844 PM
[ReportManager] Attempting to run locally on: [Mac-64], [Safari], Headless Execution. @11-12-2021 18:28:02.0845 PM
[ReportManager] Successfully Opened Safari. @11-12-2021 18:28:03.0639 PM
[ReportManager] Initial window size: (800, 600) @11-12-2021 18:28:03.0655 PM
[ReportManager] Window size after SWD Maximize: (1176, 803) @11-12-2021 18:28:03.0688 PM
[ReportManager] Browser Action [MaximizeWindow] successfully performed. With the following test data [New screen size is now: (1176, 803)]. @11-12-2021 18:28:03.0689 P

################################################################################################################################################
Starting Execution:	[130 out of 146] test cases in the current suite
Test Method:		[testPackage01.Test_RelativeLocators.relativeLocatorsTest1]
################################################################################################################################################
[ReportManager] Target URL: [https://duckduckgo.com/] @11-12-2021 18:28:03.0734 PM
[ReportManager] Initial URL: [] @11-12-2021 18:28:03.0760 PM
[ReportManager] Browser Action [NavigateToURL] successfully performed. With the following test data [https://duckduckgo.com/]. @11-12-2021 18:28:04.0364 PM
[ReportManager] Element Action [Type] successfully performed. With the following test data [SHAFT_Engine]. @11-12-2021 18:28:04.0622 PM
[ReportManager] Element Action [KeyPress] successfully performed. With the following test data [ENTER]. @11-12-2021 18:28:04.0680 PM
[ReportManager] Element Action [GetText] successfully performed. With the following test data [GitHub - MohabMohie/SHAFT_ENGINE: SHAFT_ENGINE is a Test ...]. @11-12-2021 18:28:05.0827 PM
[ReportManager] Loaded Shared OpenCV @11-12-2021 18:28:05.0952 PM
[ReportManager] Assertion Passed: Then I Assert that the element found by [Relative Locator: {root={xpath=//a[@class='result__a js-result-title-link']}, filters=[{kind=below, args=[{xpath=//input[@name='q']}]}]}] text does not equal []. @11-12-2021 18:28:06.0146 PM
[ReportManager] Successfully created attachment [Screenshot - 1639247285952_relativeLocatorsTest1_ValidateElementAttribute_passed] @11-12-2021 18:28:06.0149 PM
[ReportManager] Assertion [ValidateElementAttribute] PASSED. Expected [Value Should not be '' for the 'text' attribute, element locator '[unknown locator]'] and Actual [GitHub - MohabMohie/SHAFT_ENGINE: SHAFT_ENGINE is a Test ...]. Comparison Type [EQUALS]. Validation Type [NEGATIVE]. @11-12-2021 18:28:06.0149 P
[ReportManager] Browser Action [CloseCurrentWindow] successfully performed. @11-12-2021 18:28:06.0526 PM
[ReportManager] Successfully created attachment [Browser Action Test Data - CloseCurrentWindow - Actual Value] @11-12-2021 18:28:06.0526 P

################################################################################################################################################
Starting Execution:	[131 out of 146] test cases in the current suite
Test Method:		[testPackage01.Test_JsonCompareWithSpecialCharacters.specialCharacters]
################################################################################################################################################
[ReportManager] File Action [GetAbsolutePath] successfully performed. With the following test data [Relative Folder Path: "src/test/resources/testDataFiles/specialCharacters.json"]. @11-12-2021 18:28:06.0532 PM
[ReportManager] File Action [ReadFromFile] successfully performed. With the following test data [File Path: "/Users/runner/work/SHAFT_ENGINE/SHAFT_ENGINE/src/test/resources/testDataFiles/specialCharacters.json"]. @11-12-2021 18:28:06.0533 PM
[ReportManager] Successfully created attachment [File Action Actual Result - Command Log] @11-12-2021 18:28:06.0534 PM
[ReportManager] Comparing the provided API response with the file at this path "src/test/resources/testDataFiles/specialCharacters.json", comparison type "EQUALS" @11-12-2021 18:28:06.0535 PM
[ReportManager] API Action [CompareJSON] successfully performed. With the following test data [src/test/resources/testDataFiles/specialCharacters.json]. @11-12-2021 18:28:06.0543 PM
[ReportManager] File Action [GetAbsolutePath] successfully performed. With the following test data [Relative Folder Path: "src/test/resources/testDataFiles/specialCharacters.json"]. @11-12-2021 18:28:06.0543 PM
[ReportManager] File Action [ReadFromFile] successfully performed. With the following test data [File Path: "/Users/runner/work/SHAFT_ENGINE/SHAFT_ENGINE/src/test/resources/testDataFiles/specialCharacters.json"]. @11-12-2021 18:28:06.0543 PM
[ReportManager] Verification [ValidateJSONFileContent] PASSED. Expected [Response data should match the JSON File in this path 'src/test/resources/testDataFiles/specialCharacters.json'] and Actual [TRUE]. Comparison Type [EQUALS]. Validation Type [POSITIVE]. @11-12-2021 18:28:06.0547 PM
[ReportManager] Successfully created attachment [Validation Test Data - Expected JSON Value] @11-12-2021 18:28:06.0548 PM
[ReportManager] Successfully created attachment [Validation Test Data - Actual JSON Value] @11-12-2021 18:28:06.0548 P

################################################################################################################################################
Starting Execution:	[132 out of 146] test cases in the current suite
Test Method:		[testPackage01.Test_JsonCompareWithSpecialCharacters.specialCharacters_assertion]
################################################################################################################################################
[ReportManager] File Action [GetAbsolutePath] successfully performed. With the following test data [Relative Folder Path: "src/test/resources/testDataFiles/specialCharacters.json"]. @11-12-2021 18:28:06.0552 PM
[ReportManager] File Action [ReadFromFile] successfully performed. With the following test data [File Path: "/Users/runner/work/SHAFT_ENGINE/SHAFT_ENGINE/src/test/resources/testDataFiles/specialCharacters.json"]. @11-12-2021 18:28:06.0552 PM
[ReportManager] Successfully created attachment [File Action Actual Result - Command Log] @11-12-2021 18:28:06.0553 PM
[ReportManager] Comparing the provided API response with the file at this path "src/test/resources/testDataFiles/specialCharacters.json", comparison type "CONTAINS" @11-12-2021 18:28:06.0553 PM
[ReportManager] API Action [CompareJSON] successfully performed. With the following test data [src/test/resources/testDataFiles/specialCharacters.json]. @11-12-2021 18:28:06.0561 PM
[ReportManager] File Action [GetAbsolutePath] successfully performed. With the following test data [Relative Folder Path: "src/test/resources/testDataFiles/specialCharacters.json"]. @11-12-2021 18:28:06.0562 PM
[ReportManager] File Action [ReadFromFile] successfully performed. With the following test data [File Path: "/Users/runner/work/SHAFT_ENGINE/SHAFT_ENGINE/src/test/resources/testDataFiles/specialCharacters.json"]. @11-12-2021 18:28:06.0562 PM
[ReportManager] Assertion Passed: trying out the log message @11-12-2021 18:28:06.0565 PM
[ReportManager] Successfully created attachment [Validation Test Data - Expected JSON Value] @11-12-2021 18:28:06.0566 PM
[ReportManager] Successfully created attachment [Validation Test Data - Actual JSON Value] @11-12-2021 18:28:06.0567 PM
[ReportManager] Assertion [ValidateJSONFileContent] PASSED. Expected [Response data should match the JSON File in this path 'src/test/resources/testDataFiles/specialCharacters.json'] and Actual [TRUE]. Comparison Type [CONTAINS]. Validation Type [POSITIVE]. @11-12-2021 18:28:06.0567 P

################################################################################################################################################
Starting Execution:	[133 out of 146] test cases in the current suite
Test Method:		[testPackage01.Test_SkipDueToIssue.doNotSkip]
################################################################################################################################################
[ReportManager] This should not be skipped. @11-12-2021 18:28:06.0570 P

################################################################################################################################################
Starting Execution:	[134 out of 146] test cases in the current suite
Test Method:		[testPackage01.Test_SkipDueToIssue.skip]
################################################################################################################################################
[ReportManager] This should be skipped. @11-12-2021 18:28:06.0575 P

################################################################################################################################################
Starting Execution:	[135 out of 146] test cases in the current suite
Test Method:		[testPackage01.Test_SkipDueToIssue.skip2]
################################################################################################################################################
[ReportManager] This should be skipped. @11-12-2021 18:28:06.0580 P

################################################################################################################################################
Starting Execution:	[136 out of 146] test cases in the current suite
Test Method:		[testPackage01.Test_JSONFileManager.readStringFromJson]
################################################################################################################################################
[ReportManager] File Action [GetAbsolutePath] successfully performed. With the following test data [Relative Folder Path: "src/test/resources/testDataFiles/simpleJSON.json"]. @11-12-2021 18:28:06.0600 PM
[ReportManager] Successfully loaded the following test data file [src/test/resources/testDataFiles/simpleJSON.json]. @11-12-2021 18:28:06.0601 PM
[ReportManager] Successfully created attachment [Test Data - JSON] @11-12-2021 18:28:06.0602 PM
[ReportManager] File Action [GetAbsolutePath] successfully performed. With the following test data [Relative Folder Path: "src/test/resources/testDataFiles/simpleJSON.json"]. @11-12-2021 18:28:06.0603 PM
[ReportManager] Assertion [ValidateEquals] PASSED. Expected [Mohab Mohie] and Actual [Mohab Mohie]. Comparison Type [EQUALS]. Validation Type [POSITIVE]. @11-12-2021 18:28:06.0615 P
[ReportManager] File Action [GetAbsolutePath] successfully performed. With the following test data [Relative Folder Path: "target/downloadedFiles/"]. @11-12-2021 18:28:06.0617 PM
[ReportManager] Attempting to run locally on: [Mac-64], [Safari], Headless Execution. @11-12-2021 18:28:06.0617 PM
[ReportManager] Successfully Opened Safari. @11-12-2021 18:28:07.0471 PM
[ReportManager] Initial window size: (800, 600) @11-12-2021 18:28:07.0492 PM
[ReportManager] Window size after SWD Maximize: (1176, 803) @11-12-2021 18:28:07.0524 PM
[ReportManager] Browser Action [MaximizeWindow] successfully performed. With the following test data [New screen size is now: (1176, 803)]. @11-12-2021 18:28:07.0524 P

################################################################################################################################################
Starting Execution:	[137 out of 146] test cases in the current suite
Test Method:		[testPackage01.Test_assertEquals.test_assertElementAttribute]
################################################################################################################################################
[ReportManager] Target URL: [https://www.google.com/ncr], and after redirection: [https://www.google.com] @11-12-2021 18:28:07.0534 PM
[ReportManager] Initial URL: [] @11-12-2021 18:28:07.0582 PM
[ReportManager] Browser Action [NavigateToURL] successfully performed. With the following test data [https://www.google.com/ncr]. @11-12-2021 18:28:09.0783 PM
[ReportManager] Element Action [Type] successfully performed. With the following test data [INC_004010050:Another SCHEDULER with the same name [Duplicate Job Name] already exists.]. @11-12-2021 18:28:10.0509 PM
[ReportManager] Element Action [GetText] successfully performed. With the following test data [INC_004010050:Another SCHEDULER with the same name [Duplicate Job Name] already exists.]. @11-12-2021 18:28:10.0710 PM
[ReportManager] Loaded Shared OpenCV @11-12-2021 18:28:10.0772 PM
[ReportManager] Assertion [ValidateElementAttribute] PASSED. Expected [Value Should be 'INC_004010050:Another SCHEDULER with the same name \[Duplicate Job Name\] already exists.' for the 'text' attribute, element locator 'By.name: q'] and Actual [INC_004010050:Another SCHEDULER with the same name [Duplicate Job Name] already exists.]. Comparison Type [MATCHES]. Validation Type [POSITIVE]. @11-12-2021 18:28:10.0913 PM
[ReportManager] Successfully created attachment [Screenshot - 1639247290772_test_assertElementAttribute_ValidateElementAttribute_passed] @11-12-2021 18:28:10.0914 P
[ReportManager] Browser Action [CloseCurrentWindow] successfully performed. @11-12-2021 18:28:11.0365 PM
[ReportManager] Successfully created attachment [Browser Action Test Data - CloseCurrentWindow - Actual Value] @11-12-2021 18:28:11.0367 P
[ReportManager] File Action [GetAbsolutePath] successfully performed. With the following test data [Relative Folder Path: "target/downloadedFiles/"]. @11-12-2021 18:28:11.0369 PM
[ReportManager] Attempting to run locally on: [Mac-64], [Safari], Headless Execution. @11-12-2021 18:28:11.0369 PM
[ReportManager] Successfully Opened Safari. @11-12-2021 18:28:12.0204 PM
[ReportManager] Initial window size: (800, 600) @11-12-2021 18:28:12.0226 PM
[ReportManager] Window size after SWD Maximize: (1176, 803) @11-12-2021 18:28:12.0256 PM
[ReportManager] Browser Action [MaximizeWindow] successfully performed. With the following test data [New screen size is now: (1176, 803)]. @11-12-2021 18:28:12.0257 P

################################################################################################################################################
Starting Execution:	[138 out of 146] test cases in the current suite
Test Method:		[testPackage01.Test_IsElementClickable.testIsElementClickable]
################################################################################################################################################
[ReportManager] Target URL: [https://the-internet.herokuapp.com/] @11-12-2021 18:28:12.0269 PM
[ReportManager] Initial URL: [] @11-12-2021 18:28:12.0313 PM
[ReportManager] Browser Action [NavigateToURL] successfully performed. With the following test data [https://the-internet.herokuapp.com/]. @11-12-2021 18:28:13.0473 PM
[ReportManager] Element Action [IsElementClickable] successfully performed. @11-12-2021 18:28:13.0576 PM
[ReportManager] Assertion [ValidateTrue] PASSED. Expected [TRUE] and Actual [TRUE]. Validation Type [POSITIVE]. @11-12-2021 18:28:13.0577 P
[ReportManager] Browser Action [CloseCurrentWindow] successfully performed. @11-12-2021 18:28:13.0856 PM
[ReportManager] Successfully created attachment [Browser Action Test Data - CloseCurrentWindow - Actual Value] @11-12-2021 18:28:13.0857 P
[ReportManager] Successfully loaded the following test data file [src/test/resources/testDataFiles/testSuite01/TestData.xlsx]. @11-12-2021 18:28:13.0898 PM
[ReportManager] Successfully created attachment [Test Data - Excel] @11-12-2021 18:28:13.0898 PM
[ReportManager] Attempting to run using Playwright locally on: [Mac-64], [Safari], Headless Execution. @11-12-2021 18:28:37.0396 PM
[ReportManager] File Action [GetAbsolutePath] successfully performed. With the following test data [Relative Folder Path: "target/downloadedFiles/"]. @11-12-2021 18:28:37.0397 PM
[ReportManager] Initial window size: (1280, 720) @11-12-2021 18:28:41.0521 PM
[ReportManager] Window size after Toolkit: com.microsoft.playwright.options.ViewportSize@7bb21a50 @11-12-2021 18:28:41.0530 PM
[ReportManager] Browser Action [MaximizeWindow] successfully performed. With the following test data [New screen size is now: (1920, 1080)]. @11-12-2021 18:28:41.0531 P

################################################################################################################################################
Starting Execution:	[139 out of 146] test cases in the current suite
Test Method:		[testPackage01.Test_google_playwright.navigateToURLandVerifyGoogleLogoIsDisplayed]
Test Description:	[TC001 - Navigate to URL and Verify Google Logo is Displayed]
################################################################################################################################################
[ReportManager] Target URL: [https://www.google.com/ncr], and after redirection: [https://www.google.com] @11-12-2021 18:28:41.0667 PM
[ReportManager] Initial URL: [about:blank] @11-12-2021 18:28:42.0112 PM
[ReportManager] Browser Action [NavigateToURL] successfully performed. With the following test data [https://www.google.com/ncr]. @11-12-2021 18:28:45.0328 PM
[ReportManager] Loaded Shared OpenCV @11-12-2021 18:28:45.0418 PM
[ReportManager] Assertion [ValidateElementExists] PASSED. Expected [Element Should Exist, locator 'xpath=//*[@id='hplogo' or @alt='Google']'] and Actual [Element Exists]. Comparison Type [EQUALS]. Validation Type [POSITIVE]. @11-12-2021 18:28:45.0585 PM
[ReportManager] Successfully created attachment [Screenshot - 1639247325414_navigateToURLandVerifyGoogleLogoIsDisplayed_ValidateElementExists_passed] @11-12-2021 18:28:45.0586 P

################################################################################################################################################
Starting Execution:	[140 out of 146] test cases in the current suite
Test Method:		[testPackage01.Test_google_playwright.searchForQueryandAssertResultsNumDisplayed]
Test Description:	[TC002 - Search for Query and Assert that the number of results is displayed]
################################################################################################################################################
[ReportManager] Element Action [Type] successfully performed. With the following test data [SHAFT_Engine]. @11-12-2021 18:28:45.0800 PM
[ReportManager] Element Action [KeyPress] successfully performed. With the following test data [Enter]. @11-12-2021 18:28:45.0851 PM
[ReportManager] Element Action [GetText] successfully performed. With the following test data [About 718,000 results (0.63 seconds) 
]. @11-12-2021 18:28:46.0833 PM
[ReportManager] Loaded Shared OpenCV @11-12-2021 18:28:48.0946 PM
[ReportManager] Assertion [ValidateElementAttribute] PASSED. Expected [Value Should not be '' for the 'text' attribute, element locator 'xpath=//div[@id='appbar']'] and Actual [About 718,000 results (0.63 seconds) 
]. Comparison Type [EQUALS]. Validation Type [NEGATIVE]. @11-12-2021 18:28:49.0148 PM
[ReportManager] Successfully created attachment [Screenshot - 1639247328944_searchForQueryandAssertResultsNumDisplayed_ValidateElementAttribute_passed] @11-12-2021 18:28:49.0150 P

################################################################################################################################################
Starting Execution:	[141 out of 146] test cases in the current suite
Test Method:		[testPackage01.Test_google_playwright.clickNextThrice]
Test Description:	[TC003 - Clicks the next button to make sure that the framework can scroll element into view before clicking it]
################################################################################################################################################
[ReportManager] Element Action [Click] successfully performed. With the following test data [Next]. @11-12-2021 18:28:49.0566 P
[ReportManager] Failed to find video recording. @11-12-2021 18:28:49.0568 PM
[ReportManager] Successfully Closed PlayWright Driver. @11-12-2021 18:28:49.0632 P
[ReportManager] File Action [GetAbsolutePath] successfully performed. With the following test data [Relative Folder Path: "target/downloadedFiles/"]. @11-12-2021 18:28:49.0635 PM
[ReportManager] Attempting to run locally on: [Mac-64], [Safari], Headless Execution. @11-12-2021 18:28:49.0635 PM
[ReportManager] Successfully Opened Safari. @11-12-2021 18:28:50.0465 PM
[ReportManager] Initial window size: (800, 600) @11-12-2021 18:28:50.0493 PM
[ReportManager] Window size after SWD Maximize: (1176, 803) @11-12-2021 18:28:50.0509 PM
[ReportManager] Browser Action [MaximizeWindow] successfully performed. With the following test data [New screen size is now: (1176, 803)]. @11-12-2021 18:28:50.0509 P

################################################################################################################################################
Starting Execution:	[142 out of 146] test cases in the current suite
Test Method:		[testPackage01.Test_verifyEquals.test_assertElementAttribute]
################################################################################################################################################
[ReportManager] Target URL: [https://www.google.com/ncr], and after redirection: [https://www.google.com] @11-12-2021 18:28:50.0552 PM
[ReportManager] Initial URL: [] @11-12-2021 18:28:50.0596 PM
[ReportManager] Browser Action [NavigateToURL] successfully performed. With the following test data [https://www.google.com/ncr]. @11-12-2021 18:28:52.0481 PM
[ReportManager] Element Action [Type] successfully performed. With the following test data [INC_004010050:Another SCHEDULER with the same name [Duplicate Job Name] already exists.]. @11-12-2021 18:28:53.0101 PM
[ReportManager] Element Action [GetText] successfully performed. With the following test data [INC_004010050:Another SCHEDULER with the same name [Duplicate Job Name] already exists.]. @11-12-2021 18:28:53.0154 PM
[ReportManager] Loaded Shared OpenCV @11-12-2021 18:28:53.0212 PM
[ReportManager] Verification [ValidateElementAttribute] PASSED. Expected [Value Should be 'INC_004010050:Another SCHEDULER with the same name \[Duplicate Job Name\] already exists.' for the 'text' attribute, element locator 'By.name: q'] and Actual [INC_004010050:Another SCHEDULER with the same name [Duplicate Job Name] already exists.]. Comparison Type [MATCHES]. Validation Type [POSITIVE]. @11-12-2021 18:28:53.0328 PM
[ReportManager] Successfully created attachment [Screenshot - 1639247333212_test_assertElementAttribute_ValidateElementAttribute_passed] @11-12-2021 18:28:53.0329 P
[ReportManager] Browser Action [CloseCurrentWindow] successfully performed. @11-12-2021 18:28:53.0662 PM
[ReportManager] Successfully created attachment [Browser Action Test Data - CloseCurrentWindow - Actual Value] @11-12-2021 18:28:53.0669 P

################################################################################################################################################
Starting Execution:	[143 out of 146] test cases in the current suite
Test Method:		[testPackage01.Test_SelectedValue.multipleSelect]
################################################################################################################################################
[ReportManager] File Action [GetAbsolutePath] successfully performed. With the following test data [Relative Folder Path: "target/downloadedFiles/"]. @11-12-2021 18:28:53.0672 PM
[ReportManager] Attempting to run locally on: [Mac-64], [GoogleChrome], Headless Execution. @11-12-2021 18:28:53.0673 PM
[ReportManager] Identifying OS/Driver combination and selecting the correct driver version automatically. Please note that if a new driver executable will be downloaded it may take some time... @11-12-2021 18:28:53.0673 PM
[ReportManager] Successfully Opened Google Chrome. @11-12-2021 18:28:56.0733 PM
[ReportManager] Initial window size: (1920, 1080) @11-12-2021 18:28:56.0738 PM
[ReportManager] Window size after SWD Maximize: (1920, 1080) @11-12-2021 18:28:56.0867 PM
[ReportManager] Window size after Toolkit: (1920, 1080) @11-12-2021 18:28:57.0351 PM
[ReportManager] Browser Action [MaximizeWindow] successfully performed. With the following test data [New screen size is now: (1920, 1080)]. @11-12-2021 18:28:57.0355 PM
[ReportManager] Target URL: [https://yari-demos.prod.mdn.mozit.cloud/en-US/docs/Web/HTML/Element/select/_sample_.Advanced_select_with_multiple_features.html] @11-12-2021 18:28:57.0356 PM
[ReportManager] Initial URL: [data:,] @11-12-2021 18:28:57.0395 PM
[ReportManager] Browser Action [NavigateToURL] successfully performed. With the following test data [https://yari-demos.prod.mdn.mozit.cloud/en-US/docs/Web/HTML/Element/select/_sample_.Advanced_select_with_multiple_features.html]. @11-12-2021 18:28:57.0836 PM
[ReportManager] Element Action [Select] successfully performed. With the following test data [Dog]. @11-12-2021 18:28:58.0106 PM
[ReportManager] Element Action [Select] successfully performed. With the following test data [Cat]. @11-12-2021 18:28:58.0275 PM
[ReportManager] Element Action [GetSelectedText] successfully performed. With the following test data [DogCat]. @11-12-2021 18:28:58.0373 PM
[ReportManager] DogCat @11-12-2021 18:28:58.0373 PM
[ReportManager] Element Action [GetSelectedText] successfully performed. With the following test data [DogCat]. @11-12-2021 18:28:58.0462 PM
[ReportManager] Loaded Shared OpenCV @11-12-2021 18:28:58.0821 PM
[ReportManager] Assertion [ValidateElementAttribute] PASSED. Expected [Value Should be 'DogCat' for the 'selectedText' attribute, element locator 'By.tagName: select'] and Actual [DogCat]. Comparison Type [EQUALS]. Validation Type [POSITIVE]. @11-12-2021 18:28:59.0040 PM
[ReportManager] Successfully created attachment [Screenshot - 1639247338821_multipleSelect_ValidateElementAttribute_passed] @11-12-2021 18:28:59.0041 PM
[ReportManager] Browser Action [CloseCurrentWindow] successfully performed. @11-12-2021 18:28:59.0256 PM
[ReportManager] Successfully created attachment [Browser Action Test Data - CloseCurrentWindow - Actual Value] @11-12-2021 18:28:59.0256 P

################################################################################################################################################
Starting Execution:	[144 out of 146] test cases in the current suite
Test Method:		[testPackage01.Test_SelectedValue.simpleSelect]
################################################################################################################################################
[ReportManager] File Action [GetAbsolutePath] successfully performed. With the following test data [Relative Folder Path: "target/downloadedFiles/"]. @11-12-2021 18:28:59.0261 PM
[ReportManager] Attempting to run locally on: [Mac-64], [GoogleChrome], Headless Execution. @11-12-2021 18:28:59.0261 PM
[ReportManager] Identifying OS/Driver combination and selecting the correct driver version automatically. Please note that if a new driver executable will be downloaded it may take some time... @11-12-2021 18:28:59.0262 PM
[ReportManager] Successfully Opened Google Chrome. @11-12-2021 18:28:59.0770 PM
[ReportManager] Initial window size: (1920, 1080) @11-12-2021 18:28:59.0775 PM
[ReportManager] Window size after SWD Maximize: (1920, 1080) @11-12-2021 18:29:00.0012 PM
[ReportManager] Window size after Toolkit: (1920, 1080) @11-12-2021 18:29:00.0669 PM
[ReportManager] Browser Action [MaximizeWindow] successfully performed. With the following test data [New screen size is now: (1920, 1080)]. @11-12-2021 18:29:00.0672 PM
[ReportManager] Target URL: [https://yari-demos.prod.mdn.mozit.cloud/en-US/docs/Web/HTML/Element/select/_sample_.Basic_select.html] @11-12-2021 18:29:00.0672 PM
[ReportManager] Initial URL: [data:,] @11-12-2021 18:29:00.0700 PM
[ReportManager] Browser Action [NavigateToURL] successfully performed. With the following test data [https://yari-demos.prod.mdn.mozit.cloud/en-US/docs/Web/HTML/Element/select/_sample_.Basic_select.html]. @11-12-2021 18:29:00.0904 PM
[ReportManager] Element Action [Select] successfully performed. With the following test data [Third Value]. @11-12-2021 18:29:01.0185 PM
[ReportManager] Element Action [GetSelectedText] successfully performed. With the following test data [Third Value]. @11-12-2021 18:29:01.0282 PM
[ReportManager] Third Value @11-12-2021 18:29:01.0282 PM
[ReportManager] Element Action [GetSelectedText] successfully performed. With the following test data [Third Value]. @11-12-2021 18:29:01.0339 PM
[ReportManager] Loaded Shared OpenCV @11-12-2021 18:29:01.0744 PM
[ReportManager] Assertion [ValidateElementAttribute] PASSED. Expected [Value Should be 'Third Value' for the 'selectedText' attribute, element locator 'By.tagName: select'] and Actual [Third Value]. Comparison Type [EQUALS]. Validation Type [POSITIVE]. @11-12-2021 18:29:01.0909 PM
[ReportManager] Successfully created attachment [Screenshot - 1639247341744_simpleSelect_ValidateElementAttribute_passed] @11-12-2021 18:29:01.0909 PM
[ReportManager] Browser Action [CloseCurrentWindow] successfully performed. @11-12-2021 18:29:02.0176 PM
[ReportManager] Successfully created attachment [Browser Action Test Data - CloseCurrentWindow - Actual Value] @11-12-2021 18:29:02.0177 P
[ReportManager] File Action [GetAbsolutePath] successfully performed. With the following test data [Relative Folder Path: "target/downloadedFiles/"]. @11-12-2021 18:29:02.0179 PM
[ReportManager] Attempting to run locally on: [Mac-64], [Safari], Headless Execution. @11-12-2021 18:29:02.0179 PM
[ReportManager] Successfully Opened Safari. @11-12-2021 18:29:03.0006 PM
[ReportManager] Initial window size: (800, 600) @11-12-2021 18:29:03.0069 PM
[ReportManager] Window size after SWD Maximize: (1176, 803) @11-12-2021 18:29:03.0106 PM
[ReportManager] Browser Action [MaximizeWindow] successfully performed. With the following test data [New screen size is now: (1176, 803)]. @11-12-2021 18:29:03.0107 P

################################################################################################################################################
Starting Execution:	[145 out of 146] test cases in the current suite
Test Method:		[testPackage01.Test_dynamicLoading.dynamicLoading_elementIsHidden]
################################################################################################################################################
[ReportManager] Target URL: [https://the-internet.herokuapp.com/dynamic_loading/1] @11-12-2021 18:29:03.0110 PM
[ReportManager] Initial URL: [] @11-12-2021 18:29:03.0170 PM
[ReportManager] Browser Action [NavigateToURL] successfully performed. With the following test data [https://the-internet.herokuapp.com/dynamic_loading/1]. @11-12-2021 18:29:04.0301 PM
[ReportManager] Element Action [Click] successfully performed. With the following test data [By.xpath: //button[text()='Start']]. @11-12-2021 18:29:04.0562 PM
[ReportManager] Element Action [GetText] successfully performed. With the following test data [
    Hello World!
  ]. @11-12-2021 18:29:04.0595 P
[ReportManager] Browser Action [CloseCurrentWindow] successfully performed. @11-12-2021 18:29:04.0987 PM
[ReportManager] Successfully created attachment [Browser Action Test Data - CloseCurrentWindow - Actual Value] @11-12-2021 18:29:04.0987 P
[ReportManager] File Action [GetAbsolutePath] successfully performed. With the following test data [Relative Folder Path: "target/downloadedFiles/"]. @11-12-2021 18:29:04.0989 PM
[ReportManager] Attempting to run locally on: [Mac-64], [Safari], Headless Execution. @11-12-2021 18:29:04.0989 PM
[ReportManager] Successfully Opened Safari. @11-12-2021 18:29:05.0788 PM
[ReportManager] Initial window size: (800, 600) @11-12-2021 18:29:05.0811 PM
[ReportManager] Window size after SWD Maximize: (1176, 803) @11-12-2021 18:29:05.0826 PM
[ReportManager] Browser Action [MaximizeWindow] successfully performed. With the following test data [New screen size is now: (1176, 803)]. @11-12-2021 18:29:05.0827 P

################################################################################################################################################
Starting Execution:	[146 out of 146] test cases in the current suite
Test Method:		[testPackage01.Test_dynamicLoading.dynamicLoading_elementIsRendered]
################################################################################################################################################
[ReportManager] Target URL: [https://the-internet.herokuapp.com/dynamic_loading/2] @11-12-2021 18:29:05.0836 PM
[ReportManager] Initial URL: [] @11-12-2021 18:29:05.0886 PM
[ReportManager] Browser Action [NavigateToURL] successfully performed. With the following test data [https://the-internet.herokuapp.com/dynamic_loading/2]. @11-12-2021 18:29:07.0026 PM
[ReportManager] Element Action [Click] successfully performed. With the following test data [By.xpath: //button[text()='Start']]. @11-12-2021 18:29:07.0272 PM
[ReportManager] Element Action [GetText] successfully performed. With the following test data [Hello World!]. @11-12-2021 18:29:12.0731 PM
[ReportManager] Loaded Shared OpenCV @11-12-2021 18:29:12.0783 PM
[ReportManager] Assertion [ValidateElementAttribute] PASSED. Expected [Value Should be 'Hello World!' for the 'text' attribute, element locator 'By.id: finish'] and Actual [Hello World!]. Comparison Type [CONTAINS]. Validation Type [POSITIVE]. @11-12-2021 18:29:12.0868 PM
[ReportManager] Successfully created attachment [Screenshot - 1639247352783_dynamicLoading_elementIsRendered_ValidateElementAttribute_passed] @11-12-2021 18:29:12.0869 P
[ReportManager] Browser Action [CloseCurrentWindow] successfully performed. @11-12-2021 18:29:13.0149 PM
[ReportManager] Successfully created attachment [Browser Action Test Data - CloseCurrentWindow - Actual Value] @11-12-2021 18:29:13.0150 P
[ReportManager] Successfully created attachment [SHAFT Engine Logs - Execution log] @11-12-2021 18:29:13.0224 PM

################################################################################################################################################
This test run was powered by SHAFT Engine Version: [SHAFT Engine v5.4.20211202-BETA]
SHAFT Engine is licensed under the MIT License: [https://github.com/MohabMohie/SHAFT_ENGINE/blob/master/LICENSE].
################################################################################################################################################