{
  "uid" : "3e594f2b23945db0",
  "name" : "assertFileExists_false_expectedToFail",
  "fullName" : "unitTests.tests_validations_assertions.assertFileExists_false_expectedToFail",
  "historyId" : "bef677b60015e2d35d5030f6c3bfcf99",
  "time" : {
    "start" : 1636854841393,
    "stop" : 1636854841480,
    "duration" : 87
  },
  "status" : "passed",
  "flaky" : false,
  "newFailed" : false,
  "beforeStages" : [ {
    "name" : "setupActivities",
    "time" : {
      "start" : 1636854696937,
      "stop" : 1636854699236,
      "duration" : 2299
    },
    "description" : "",
    "status" : "passed",
    "steps" : [ {
      "name" : "Folder [allure-results] was not found, it may have already been deleted.",
      "time" : {
        "start" : 1636854697029,
        "stop" : 1636854697031,
        "duration" : 2
      },
      "status" : "passed",
      "steps" : [ ],
      "attachments" : [ ],
      "parameters" : [ {
        "name" : "actionCounter",
        "value" : "1"
      }, {
        "name" : "logText",
        "value" : "Folder [allure-results] was not found, it may have already been deleted."
      } ],
      "stepsCount" : 0,
      "attachmentsCount" : 0,
      "shouldDisplayMessage" : false,
      "hasContent" : true
    }, {
      "name" : "Folder [/Users/runner/.m2/repository/allure/] was not found, it may have already been deleted.",
      "time" : {
        "start" : 1636854697032,
        "stop" : 1636854697032,
        "duration" : 0
      },
      "status" : "passed",
      "steps" : [ ],
      "attachments" : [ ],
      "parameters" : [ {
        "name" : "actionCounter",
        "value" : "2"
      }, {
        "name" : "logText",
        "value" : "Folder [/Users/runner/.m2/repository/allure/] was not found, it may have already been deleted."
      } ],
      "stepsCount" : 0,
      "attachmentsCount" : 0,
      "shouldDisplayMessage" : false,
      "hasContent" : true
    }, {
      "name" : "Downloading a file from this url [https://repo.maven.apache.org/maven2/io/qameta/allure/allure-commandline/2.16.1/allure-commandline-2.16.1.zip] to this directory [target/allureBinary.zip], please wait as downloading may take some time...",
      "time" : {
        "start" : 1636854697033,
        "stop" : 1636854697033,
        "duration" : 0
      },
      "status" : "passed",
      "steps" : [ ],
      "attachments" : [ ],
      "parameters" : [ {
        "name" : "actionCounter",
        "value" : "3"
      }, {
        "name" : "logText",
        "value" : "Downloading a file from this url [https://repo.maven.apache.org/maven2/io/qameta/allure/allure-commandline/2.16.1/allure-commandline-2.16.1.zip] to this directory [target/allureBinary.zip], please wait as downloading may take some time..."
      } ],
      "stepsCount" : 0,
      "attachmentsCount" : 0,
      "shouldDisplayMessage" : false,
      "hasContent" : true
    }, {
      "name" : "Terminal Action [PerformTerminalCommands] successfully performed. With the following test data [Host Name: \"localHost\" | Command: \"chmod u+x /Users/runner/.m2/repository/allure/allure-2.16.1/bin/allure\" | Exit Status: \"0\"].",
      "time" : {
        "start" : 1636854698507,
        "stop" : 1636854698507,
        "duration" : 0
      },
      "status" : "passed",
      "steps" : [ ],
      "attachments" : [ ],
      "parameters" : [ {
        "name" : "actionCounter",
        "value" : "4"
      }, {
        "name" : "logText",
        "value" : "Terminal Action [PerformTerminalCommands] successfully performed. With the following test data [Host Name: \"localHost\" | Command: \"chmod u+x /Users/runner/.m2/repository/allure/allure-2.16.1/bin/allure\" | Exit Status: \"0\"]."
      } ],
      "stepsCount" : 0,
      "attachmentsCount" : 0,
      "shouldDisplayMessage" : false,
      "hasContent" : true
    }, {
      "name" : "Terminal Action [PerformTerminalCommands] successfully performed. With the following test data [Host Name: \"localHost\" | Command: \"chmod u+x generate_allure_report.sh\" | Exit Status: \"0\"].",
      "time" : {
        "start" : 1636854698514,
        "stop" : 1636854698514,
        "duration" : 0
      },
      "status" : "passed",
      "steps" : [ ],
      "attachments" : [ ],
      "parameters" : [ {
        "name" : "actionCounter",
        "value" : "5"
      }, {
        "name" : "logText",
        "value" : "Terminal Action [PerformTerminalCommands] successfully performed. With the following test data [Host Name: \"localHost\" | Command: \"chmod u+x generate_allure_report.sh\" | Exit Status: \"0\"]."
      } ],
      "stepsCount" : 0,
      "attachmentsCount" : 0,
      "shouldDisplayMessage" : false,
      "hasContent" : true
    }, {
      "name" : "Folder [extent-reports] was not found, it may have already been deleted.",
      "time" : {
        "start" : 1636854698611,
        "stop" : 1636854698611,
        "duration" : 0
      },
      "status" : "passed",
      "steps" : [ ],
      "attachments" : [ ],
      "parameters" : [ {
        "name" : "actionCounter",
        "value" : "6"
      }, {
        "name" : "logText",
        "value" : "Folder [extent-reports] was not found, it may have already been deleted."
      } ],
      "stepsCount" : 0,
      "attachmentsCount" : 0,
      "shouldDisplayMessage" : false,
      "hasContent" : true
    } ],
    "attachments" : [ {
      "uid" : "eacc0fde99796a08",
      "name" : "Attachment: SHAFT Links - Important",
      "source" : "eacc0fde99796a08.uri",
      "type" : "text/uri-list",
      "size" : 346
    }, {
      "uid" : "f5a73a566b6791e4",
      "name" : "Attachment: Properties - testNG",
      "source" : "f5a73a566b6791e4.properties",
      "type" : "text/plain",
      "size" : 492
    }, {
      "uid" : "c701fd1e372b8871",
      "name" : "Attachment: Properties - ExecutionPlatform",
      "source" : "c701fd1e372b8871.properties",
      "type" : "text/plain",
      "size" : 394
    }, {
      "uid" : "7a26b1ae7f41e403",
      "name" : "Attachment: Properties - path",
      "source" : "7a26b1ae7f41e403.properties",
      "type" : "text/plain",
      "size" : 687
    }, {
      "uid" : "310bef13603c3f81",
      "name" : "Attachment: Properties - video",
      "source" : "310bef13603c3f81.properties",
      "type" : "text/plain",
      "size" : 763
    }, {
      "uid" : "5d0b038d429d36e5",
      "name" : "Attachment: Properties - pattern",
      "source" : "5d0b038d429d36e5.properties",
      "type" : "text/plain",
      "size" : 564
    }, {
      "uid" : "740bc3604bb14ee",
      "name" : "Attachment: Properties - internal",
      "source" : "740bc3604bb14ee.properties",
      "type" : "text/plain",
      "size" : 116
    }, {
      "uid" : "c801c03ab2e6334c",
      "name" : "Attachment: Properties - MobileCapabilities",
      "source" : "c801c03ab2e6334c.properties",
      "type" : "text/plain",
      "size" : 470
    }, {
      "uid" : "1b79a45ef251d74a",
      "name" : "Attachment: Properties - cucumber",
      "source" : "1b79a45ef251d74a.properties",
      "type" : "text/plain",
      "size" : 226
    }, {
      "uid" : "fcd9ee1fbaa9726b",
      "name" : "Attachment: Properties - PlatformFlags",
      "source" : "fcd9ee1fbaa9726b.properties",
      "type" : "text/plain",
      "size" : 588
    }, {
      "uid" : "b14b67203085c40b",
      "name" : "Attachment: Properties - Timeouts",
      "source" : "b14b67203085c40b.properties",
      "type" : "text/plain",
      "size" : 722
    }, {
      "uid" : "c433d81f65b6c182",
      "name" : "Attachment: Properties - Reporting",
      "source" : "c433d81f65b6c182.properties",
      "type" : "text/plain",
      "size" : 583
    }, {
      "uid" : "4e839941f604fd84",
      "name" : "Attachment: Properties - browserStack",
      "source" : "4e839941f604fd84.properties",
      "type" : "text/plain",
      "size" : 877
    }, {
      "uid" : "901f64631f187b6b",
      "name" : "Attachment: Properties - VisualValidations",
      "source" : "901f64631f187b6b.properties",
      "type" : "text/plain",
      "size" : 723
    } ],
    "parameters" : [ ],
    "stepsCount" : 6,
    "attachmentsCount" : 14,
    "shouldDisplayMessage" : false,
    "hasContent" : true
  } ],
  "testStage" : {
    "status" : "passed",
    "steps" : [ {
      "name" : "Assertion [ValidateFileExists] FAILED. Expected [File 'src/main/java/com/shaft/gui/element/ElementActions.java' should not exist, after up to '1' retries] and Actual [File exists]. Validation Type [NEGATIVE].",
      "time" : {
        "start" : 1636854841399,
        "stop" : 1636854841399,
        "duration" : 0
      },
      "status" : "passed",
      "steps" : [ ],
      "attachments" : [ ],
      "parameters" : [ {
        "name" : "actionCounter",
        "value" : "292"
      }, {
        "name" : "logText",
        "value" : "Assertion [ValidateFileExists] FAILED. Expected [File 'src/main/java/com/shaft/gui/element/ElementActions.java' should not exist, after up to '1' retries] and Actual [File exists]. Validation Type [NEGATIVE]."
      }, {
        "name" : "attachments",
        "value" : "null"
      } ],
      "stepsCount" : 0,
      "attachmentsCount" : 0,
      "shouldDisplayMessage" : false,
      "hasContent" : true
    } ],
    "attachments" : [ {
      "uid" : "7784131f659667c6",
      "name" : "Attachment: SHAFT Engine Logs - Current Method log: assertFileExists_false_expectedToFail",
      "source" : "7784131f659667c6.txt",
      "type" : "text/plain",
      "size" : 902
    } ],
    "parameters" : [ ],
    "stepsCount" : 1,
    "attachmentsCount" : 1,
    "shouldDisplayMessage" : false,
    "hasContent" : true
  },
  "afterStages" : [ {
    "name" : "teardownActivities",
    "time" : {
      "start" : 1636855082781,
      "stop" : 1636855083767,
      "duration" : 986
    },
    "description" : "",
    "status" : "passed",
    "steps" : [ {
      "name" : "Successfully Closed All Drivers.",
      "time" : {
        "start" : 1636855082781,
        "stop" : 1636855082781,
        "duration" : 0
      },
      "status" : "passed",
      "steps" : [ ],
      "attachments" : [ ],
      "parameters" : [ {
        "name" : "actionCounter",
        "value" : "482"
      }, {
        "name" : "logText",
        "value" : "Successfully Closed All Drivers."
      } ],
      "stepsCount" : 0,
      "attachmentsCount" : 0,
      "shouldDisplayMessage" : false,
      "hasContent" : true
    }, {
      "name" : "Issue Summary: Total Issues = 11, New issues for Failed Tests = 9, Open issues for Passed Tests = 2, Open issues for Failed Tests = 0. Kindly check the attached Issue details.",
      "time" : {
        "start" : 1636855082791,
        "stop" : 1636855082792,
        "duration" : 1
      },
      "status" : "passed",
      "steps" : [ ],
      "attachments" : [ {
        "uid" : "eb45f7c301d118bb",
        "name" : "Attachment: SHAFT Engine Logs - Issues log CSV: 20211114-015802",
        "source" : "eb45f7c301d118bb.csv",
        "type" : "text/csv",
        "size" : 1555
      } ],
      "parameters" : [ {
        "name" : "actionCounter",
        "value" : "483"
      }, {
        "name" : "logText",
        "value" : "Issue Summary: Total Issues = 11, New issues for Failed Tests = 9, Open issues for Passed Tests = 2, Open issues for Failed Tests = 0. Kindly check the attached Issue details."
      }, {
        "name" : "attachments",
        "value" : "[[SHAFT Engine Logs, Issues log CSV: 20211114-015802, java.io.ByteArrayInputStream@4432377c]]"
      } ],
      "stepsCount" : 0,
      "attachmentsCount" : 1,
      "shouldDisplayMessage" : false,
      "hasContent" : true
    } ],
    "attachments" : [ {
      "uid" : "aea6101da7c4e4db",
      "name" : "Attachment: SHAFT Engine Logs - Execution log: 20211114-015802",
      "source" : "aea6101da7c4e4db.txt",
      "type" : "text/plain",
      "size" : 224386
    }, {
      "uid" : "bb27398bff0a550a",
      "name" : "Attachment: HTML - Extent Emailable Execution Report",
      "source" : "bb27398bff0a550a.html",
      "type" : "text/html",
      "size" : 6615304
    } ],
    "parameters" : [ ],
    "stepsCount" : 2,
    "attachmentsCount" : 3,
    "shouldDisplayMessage" : false,
    "hasContent" : true
  } ],
  "labels" : [ {
    "name" : "package",
    "value" : "unitTests.tests_validations_assertions"
  }, {
    "name" : "testClass",
    "value" : "unitTests.tests_validations_assertions"
  }, {
    "name" : "testMethod",
    "value" : "assertFileExists_false_expectedToFail"
  }, {
    "name" : "parentSuite",
    "value" : "SHAFT: Custom Suite"
  }, {
    "name" : "suite",
    "value" : "SHAFT: Custom Test"
  }, {
    "name" : "subSuite",
    "value" : "unitTests.tests_validations_assertions"
  }, {
    "name" : "host",
    "value" : "Mac-1636854556961.local"
  }, {
    "name" : "thread",
    "value" : "2140@Mac-1636854556961.local.main(1)"
  }, {
    "name" : "framework",
    "value" : "testng"
  }, {
    "name" : "language",
    "value" : "java"
  }, {
    "name" : "resultFormat",
    "value" : "allure2"
  } ],
  "parameters" : [ ],
  "links" : [ ],
  "hidden" : false,
  "retry" : false,
  "extra" : {
    "severity" : "normal",
    "retries" : [ ],
    "categories" : [ ],
    "history" : {
      "statistic" : {
        "failed" : 0,
        "broken" : 0,
        "skipped" : 11,
        "passed" : 20,
        "unknown" : 0,
        "total" : 31
      },
      "items" : [ {
        "uid" : "b95e0d15268c4685",
        "reportUrl" : "https://MohabMohie.github.io/SHAFT_ENGINE/allure/macOS/Web/894//#testresult/b95e0d15268c4685",
        "status" : "passed",
        "time" : {
          "start" : 1636843695979,
          "stop" : 1636843695999,
          "duration" : 20
        }
      }, {
        "uid" : "9b13b429aa71d390",
        "reportUrl" : "https://MohabMohie.github.io/SHAFT_ENGINE/allure/macOS/Web/893//#testresult/9b13b429aa71d390",
        "status" : "passed",
        "time" : {
          "start" : 1636768211330,
          "stop" : 1636768211341,
          "duration" : 11
        }
      }, {
        "uid" : "2fdbcc9e6c9975ab",
        "reportUrl" : "https://MohabMohie.github.io/SHAFT_ENGINE/allure/macOS/Web/890//#testresult/2fdbcc9e6c9975ab",
        "status" : "skipped",
        "statusDetails" : "Could not initialize class org.openqa.selenium.WebDriverException",
        "time" : {
          "start" : 1636595502119,
          "stop" : 1636595502120,
          "duration" : 1
        }
      }, {
        "uid" : "30a09387fd82abdc",
        "reportUrl" : "https://MohabMohie.github.io/SHAFT_ENGINE/allure/macOS/Web/889//#testresult/30a09387fd82abdc",
        "status" : "passed",
        "time" : {
          "start" : 1636509109067,
          "stop" : 1636509109082,
          "duration" : 15
        }
      }, {
        "uid" : "b41fb47709162ac6",
        "reportUrl" : "https://MohabMohie.github.io/SHAFT_ENGINE/allure/macOS/Web/888//#testresult/b41fb47709162ac6",
        "status" : "passed",
        "time" : {
          "start" : 1636422726690,
          "stop" : 1636422726699,
          "duration" : 9
        }
      }, {
        "uid" : "c84c4617be72f178",
        "reportUrl" : "https://MohabMohie.github.io/SHAFT_ENGINE/allure/macOS/Web/887//#testresult/c84c4617be72f178",
        "status" : "passed",
        "time" : {
          "start" : 1636336278994,
          "stop" : 1636336279005,
          "duration" : 11
        }
      }, {
        "uid" : "b942126a78719073",
        "reportUrl" : "https://MohabMohie.github.io/SHAFT_ENGINE/allure/macOS/Web/886//#testresult/b942126a78719073",
        "status" : "skipped",
        "statusDetails" : "Could not initialize class org.openqa.selenium.WebDriverException",
        "time" : {
          "start" : 1636272012351,
          "stop" : 1636272012353,
          "duration" : 2
        }
      }, {
        "uid" : "68fdd32d3aa3e7e",
        "reportUrl" : "https://MohabMohie.github.io/SHAFT_ENGINE/allure/macOS/Web/885//#testresult/68fdd32d3aa3e7e",
        "status" : "passed",
        "time" : {
          "start" : 1636250191326,
          "stop" : 1636250191446,
          "duration" : 120
        }
      }, {
        "uid" : "43d09c78b89802a",
        "reportUrl" : "https://MohabMohie.github.io/SHAFT_ENGINE/allure/macOS/Web/876//#testresult/43d09c78b89802a",
        "status" : "skipped",
        "statusDetails" : "Could not initialize class org.openqa.selenium.WebDriverException",
        "time" : {
          "start" : 1635990913600,
          "stop" : 1635990913722,
          "duration" : 122
        }
      }, {
        "uid" : "800a033370617f5",
        "reportUrl" : "https://MohabMohie.github.io/SHAFT_ENGINE/allure/macOS/Web/874//#testresult/800a033370617f5",
        "status" : "passed",
        "time" : {
          "start" : 1635976995103,
          "stop" : 1635976995149,
          "duration" : 46
        }
      }, {
        "uid" : "982daec5eea3bad",
        "reportUrl" : "https://MohabMohie.github.io/SHAFT_ENGINE/allure/macOS/Web/864//#testresult/982daec5eea3bad",
        "status" : "skipped",
        "statusDetails" : "Could not initialize class org.openqa.selenium.WebDriverException",
        "time" : {
          "start" : 1635917023297,
          "stop" : 1635917023299,
          "duration" : 2
        }
      }, {
        "uid" : "10d0055665fb9cb8",
        "reportUrl" : "https://MohabMohie.github.io/SHAFT_ENGINE/allure/macOS/Web/856//#testresult/10d0055665fb9cb8",
        "status" : "skipped",
        "statusDetails" : "Could not initialize class org.openqa.selenium.WebDriverException",
        "time" : {
          "start" : 1635804135037,
          "stop" : 1635804135050,
          "duration" : 13
        }
      }, {
        "uid" : "1a8391a4ef0b3f7f",
        "reportUrl" : "https://MohabMohie.github.io/SHAFT_ENGINE/allure/macOS/Web/853//#testresult/1a8391a4ef0b3f7f",
        "status" : "skipped",
        "statusDetails" : "Could not initialize class org.openqa.selenium.WebDriverException",
        "time" : {
          "start" : 1635751654021,
          "stop" : 1635751654022,
          "duration" : 1
        }
      }, {
        "uid" : "4287647656f4dfe9",
        "reportUrl" : "https://MohabMohie.github.io/SHAFT_ENGINE/allure/macOS/Web/847//#testresult/4287647656f4dfe9",
        "status" : "passed",
        "time" : {
          "start" : 1635625303108,
          "stop" : 1635625303120,
          "duration" : 12
        }
      }, {
        "uid" : "6975e9fc0b65ea69",
        "reportUrl" : "https://MohabMohie.github.io/SHAFT_ENGINE/allure/macOS/Web/845//#testresult/6975e9fc0b65ea69",
        "status" : "skipped",
        "statusDetails" : "Could not initialize class org.openqa.selenium.WebDriverException",
        "time" : {
          "start" : 1635621566275,
          "stop" : 1635621566277,
          "duration" : 2
        }
      }, {
        "uid" : "32e43e4b097edf89",
        "reportUrl" : "https://MohabMohie.github.io/SHAFT_ENGINE/allure/macOS/Web/844//#testresult/32e43e4b097edf89",
        "status" : "passed",
        "time" : {
          "start" : 1635621024119,
          "stop" : 1635621024207,
          "duration" : 88
        }
      }, {
        "uid" : "6576c343ca4081fd",
        "reportUrl" : "https://MohabMohie.github.io/SHAFT_ENGINE/allure/macOS/Web/842//#testresult/6576c343ca4081fd",
        "status" : "skipped",
        "statusDetails" : "Could not initialize class org.openqa.selenium.SessionNotCreatedException",
        "time" : {
          "start" : 1635558521240,
          "stop" : 1635558521242,
          "duration" : 2
        }
      }, {
        "uid" : "9144661664fd34e6",
        "reportUrl" : "https://MohabMohie.github.io/SHAFT_ENGINE/allure/macOS/Web/839//#testresult/9144661664fd34e6",
        "status" : "passed",
        "time" : {
          "start" : 1635472379555,
          "stop" : 1635472379564,
          "duration" : 9
        }
      }, {
        "uid" : "c0b03f84ffa65637",
        "reportUrl" : "https://MohabMohie.github.io/SHAFT_ENGINE/allure/macOS/Web/836//#testresult/c0b03f84ffa65637",
        "status" : "skipped",
        "statusDetails" : "Could not initialize class org.openqa.selenium.SessionNotCreatedException",
        "time" : {
          "start" : 1635415066448,
          "stop" : 1635415066449,
          "duration" : 1
        }
      }, {
        "uid" : "c02829cd9a02381",
        "reportUrl" : "https://MohabMohie.github.io/SHAFT_ENGINE/allure/macOS/Web/835//#testresult/c02829cd9a02381",
        "status" : "skipped",
        "statusDetails" : "Could not initialize class org.openqa.selenium.WebDriverException",
        "time" : {
          "start" : 1635385856097,
          "stop" : 1635385856139,
          "duration" : 42
        }
      } ]
    },
    "tags" : [ ]
  },
  "source" : "3e594f2b23945db0.json",
  "parameterValues" : [ ]
}