################################################################################################################################################
Detected SHAFT Engine Version: [SHAFT Engine v5.4.20211030-BETA]
################################################################################################################################################
[ReportManager] File Action [GetAbsolutePath] successfully performed. With the following test data [Relative Folder Path: "target/downloadedFiles/"]. @01-11-2021 07:23:02.0922 AM
[ReportManager] Attempting to run locally on: [Mac-64], [Safari], Headless Execution. @01-11-2021 07:23:02.0948 AM
[ReportManager] Successfully Opened Safari. @01-11-2021 07:23:07.0867 AM
[ReportManager] Initial window size: (800, 600) @01-11-2021 07:23:07.0891 AM
[ReportManager] Window size after SWD Maximize: (1176, 810) @01-11-2021 07:23:07.0989 AM
[ReportManager] Browser Action [MaximizeWindow] successfully performed. With the following test data [New screen size is now: (1176, 810)]. @01-11-2021 07:23:07.0990 A

################################################################################################################################################
Starting Execution:	[1 out of 143] test cases in the current suite
Test Method:		[unitTests.tests_element_elementActions.waitForElementToBePresent_false_expectedToFail]
################################################################################################################################################
[ReportManager] Target URL: [https://www.google.com/ncr], and after redirection: [www.google.com] @01-11-2021 07:23:08.0150 AM
[ReportManager] Initial URL: [] @01-11-2021 07:23:08.0216 AM
[ReportManager] Browser Action [NavigateToURL] successfully performed. With the following test data [https://www.google.com/ncr]. @01-11-2021 07:23:09.0623 AM
[ReportManager] Waiting for element to be present; elementLocator [By.xpath: //*[@id='hplogo' or @alt='Google']], numberOfTries[1], stateOfPresence[false]... @01-11-2021 07:23:09.0637 AM
[ReportManager] Element Action [WaitForElementToBePresent] failed. With the following test data [waited for the element's state of presence to be (false). Element locator (By.xpath: //*[@id='hplogo' or @alt='Google'])]. @01-11-2021 07:23:12.0192 AM
[ReportManager] Successfully created attachment [Screenshot - 1635751389744_waitForElementToBePresent_false_expectedToFail_WaitForElementToBePresent_failed] @01-11-2021 07:23:12.0217 A
[ReportManager] Browser Action [CloseCurrentWindow] successfully performed. @01-11-2021 07:23:12.0323 AM
[ReportManager] Successfully created attachment [Browser Action Test Data - CloseCurrentWindow - Actual Value] @01-11-2021 07:23:12.0334 A
[ReportManager] File Action [GetAbsolutePath] successfully performed. With the following test data [Relative Folder Path: "target/downloadedFiles/"]. @01-11-2021 07:23:12.0352 AM
[ReportManager] Attempting to run locally on: [Mac-64], [Safari], Headless Execution. @01-11-2021 07:23:12.0354 AM
[ReportManager] Successfully Opened Safari. @01-11-2021 07:23:13.0227 AM
[ReportManager] Initial window size: (800, 600) @01-11-2021 07:23:13.0257 AM
[ReportManager] Window size after SWD Maximize: (1176, 811) @01-11-2021 07:23:13.0307 AM
[ReportManager] Browser Action [MaximizeWindow] successfully performed. With the following test data [New screen size is now: (1176, 811)]. @01-11-2021 07:23:13.0307 A

################################################################################################################################################
Starting Execution:	[2 out of 143] test cases in the current suite
Test Method:		[unitTests.tests_element_elementActions.waitForElementToBePresent_false_expectedToPass]
################################################################################################################################################
[ReportManager] Target URL: [https://www.google.com/ncr], and after redirection: [www.google.com] @01-11-2021 07:23:13.0313 AM
[ReportManager] Initial URL: [] @01-11-2021 07:23:13.0448 AM
[ReportManager] Browser Action [NavigateToURL] successfully performed. With the following test data [https://www.google.com/ncr]. @01-11-2021 07:23:14.0571 AM
[ReportManager] Waiting for element to be present; elementLocator [By.id: bla], numberOfTries[1], stateOfPresence[false]... @01-11-2021 07:23:14.0572 A
[ReportManager] Browser Action [CloseCurrentWindow] successfully performed. @01-11-2021 07:23:14.0792 AM
[ReportManager] Successfully created attachment [Browser Action Test Data - CloseCurrentWindow - Actual Value] @01-11-2021 07:23:14.0793 A
[ReportManager] File Action [GetAbsolutePath] successfully performed. With the following test data [Relative Folder Path: "target/downloadedFiles/"]. @01-11-2021 07:23:14.0799 AM
[ReportManager] Attempting to run locally on: [Mac-64], [Safari], Headless Execution. @01-11-2021 07:23:14.0800 AM
[ReportManager] Successfully Opened Safari. @01-11-2021 07:23:15.0701 AM
[ReportManager] Initial window size: (800, 600) @01-11-2021 07:23:15.0708 AM
[ReportManager] Window size after SWD Maximize: (1176, 811) @01-11-2021 07:23:15.0726 AM
[ReportManager] Browser Action [MaximizeWindow] successfully performed. With the following test data [New screen size is now: (1176, 811)]. @01-11-2021 07:23:15.0727 A

################################################################################################################################################
Starting Execution:	[3 out of 143] test cases in the current suite
Test Method:		[unitTests.tests_element_elementActions.waitForElementToBePresent_moreThanOneElement_expectedToFail]
################################################################################################################################################
[ReportManager] Target URL: [https://www.google.com/ncr], and after redirection: [www.google.com] @01-11-2021 07:23:15.0730 AM
[ReportManager] Initial URL: [] @01-11-2021 07:23:15.0795 AM
[ReportManager] Browser Action [NavigateToURL] successfully performed. With the following test data [https://www.google.com/ncr]. @01-11-2021 07:23:17.0307 AM
[ReportManager] Waiting for element to be present; elementLocator [By.xpath: //*], numberOfTries[1], stateOfPresence[false]... @01-11-2021 07:23:17.0308 AM
[ReportManager] Element Action [WaitForElementToBePresent] failed. With the following test data [waited for the element's state of presence to be (false). Element locator (By.xpath: //*)]. @01-11-2021 07:23:17.0589 AM
[ReportManager] Successfully created attachment [Screenshot - 1635751397405_waitForElementToBePresent_moreThanOneElement_expectedToFail_WaitForElementToBePresent_failed] @01-11-2021 07:23:17.0594 A
[ReportManager] Browser Action [CloseCurrentWindow] successfully performed. @01-11-2021 07:23:17.0658 AM
[ReportManager] Successfully created attachment [Browser Action Test Data - CloseCurrentWindow - Actual Value] @01-11-2021 07:23:17.0659 A
[ReportManager] File Action [GetAbsolutePath] successfully performed. With the following test data [Relative Folder Path: "target/downloadedFiles/"]. @01-11-2021 07:23:17.0668 AM
[ReportManager] Attempting to run locally on: [Mac-64], [Safari], Headless Execution. @01-11-2021 07:23:17.0669 AM
[ReportManager] Successfully Opened Safari. @01-11-2021 07:23:18.0608 AM
[ReportManager] Initial window size: (800, 600) @01-11-2021 07:23:18.0631 AM
[ReportManager] Window size after SWD Maximize: (1176, 811) @01-11-2021 07:23:18.0654 AM
[ReportManager] Browser Action [MaximizeWindow] successfully performed. With the following test data [New screen size is now: (1176, 811)]. @01-11-2021 07:23:18.0655 A

################################################################################################################################################
Starting Execution:	[4 out of 143] test cases in the current suite
Test Method:		[unitTests.tests_element_elementActions.waitForElementToBePresent_true_expectedToFail]
################################################################################################################################################
[ReportManager] Target URL: [https://www.google.com/ncr], and after redirection: [www.google.com] @01-11-2021 07:23:18.0664 AM
[ReportManager] Initial URL: [] @01-11-2021 07:23:18.0715 AM
[ReportManager] Browser Action [NavigateToURL] successfully performed. With the following test data [https://www.google.com/ncr]. @01-11-2021 07:23:20.0163 AM
[ReportManager] Waiting for element to be present; elementLocator [By.id: bla], numberOfTries[1], stateOfPresence[true]... @01-11-2021 07:23:20.0163 A
[ReportManager] Browser Action [CloseCurrentWindow] successfully performed. @01-11-2021 07:23:20.0373 AM
[ReportManager] Successfully created attachment [Browser Action Test Data - CloseCurrentWindow - Actual Value] @01-11-2021 07:23:20.0374 A
[ReportManager] File Action [GetAbsolutePath] successfully performed. With the following test data [Relative Folder Path: "target/downloadedFiles/"]. @01-11-2021 07:23:20.0378 AM
[ReportManager] Attempting to run locally on: [Mac-64], [Safari], Headless Execution. @01-11-2021 07:23:20.0379 AM
[ReportManager] Successfully Opened Safari. @01-11-2021 07:23:21.0177 AM
[ReportManager] Initial window size: (800, 600) @01-11-2021 07:23:21.0184 AM
[ReportManager] Window size after SWD Maximize: (1176, 811) @01-11-2021 07:23:21.0197 AM
[ReportManager] Browser Action [MaximizeWindow] successfully performed. With the following test data [New screen size is now: (1176, 811)]. @01-11-2021 07:23:21.0206 A

################################################################################################################################################
Starting Execution:	[5 out of 143] test cases in the current suite
Test Method:		[unitTests.tests_element_elementActions.waitForElementToBePresent_true_expectedToPass]
################################################################################################################################################
[ReportManager] Target URL: [https://www.google.com/ncr], and after redirection: [www.google.com] @01-11-2021 07:23:21.0212 AM
[ReportManager] Initial URL: [] @01-11-2021 07:23:21.0284 AM
[ReportManager] Browser Action [NavigateToURL] successfully performed. With the following test data [https://www.google.com/ncr]. @01-11-2021 07:23:22.0241 AM
[ReportManager] Waiting for element to be present; elementLocator [By.xpath: //*[@id='hplogo' or @alt='Google']], numberOfTries[1], stateOfPresence[true]... @01-11-2021 07:23:22.0241 AM
[ReportManager] Element Action [WaitForElementToBePresent] successfully performed. With the following test data [waited for the element's state of presence to be (true). Element locator (By.xpath: //*[@id='hplogo' or @alt='Google'])]. @01-11-2021 07:23:22.0266 AM
[ReportManager] File Action [DoesFileExist] successfully performed. With the following test data [File Path: "src/test/resources/DynamicObjectRepository/unitTests_tests_element_elementActions_waitForElementToBePresent_true_expectedToPass_By_xpath_id_hplogo_or_alt_Google.png"]. @01-11-2021 07:23:22.0284 AM
[ReportManager] File Action [DoesFileExist] successfully performed. With the following test data [File Path: "src/test/resources/DynamicObjectRepository/unitTests_tests_element_elementActions_waitForElementToBePresent_true_expectedToPass_By_xpath_id_hplogo_or_alt_Google.png"]. @01-11-2021 07:23:22.0378 AM
[ReportManager] Passing the test and saving a reference image @01-11-2021 07:23:22.0378 AM
[ReportManager] File Action [GetAbsolutePath] successfully performed. With the following test data [Relative File Path: "src/test/resources/DynamicObjectRepository/unitTests_tests_element_elementActions_waitForElementToBePresent_true_expectedToPass_By_xpath_id_hplogo_or_alt_Google.png"]. @01-11-2021 07:23:22.0378 AM
[ReportManager] File Action [WriteToFile] successfully performed. With the following test data [Target File Path: "/Users/runner/work/SHAFT_ENGINE/SHAFT_ENGINE/src/test/resources/DynamicObjectRepository/unitTests_tests_element_elementActions_waitForElementToBePresent_true_expectedToPass_By_xpath_id_hplogo_or_alt_Google.png"]. @01-11-2021 07:23:22.0393 AM
[ReportManager] Assertion Passed: Using Visual AI; OpenCV @01-11-2021 07:23:22.0399 AM
[ReportManager] Successfully created attachment [Validation Test Data - Actual Screenshot] @01-11-2021 07:23:22.0401 AM
[ReportManager] Assertion [ValidateElementMatches] PASSED. Expected [Element should match the reference screenshot] and Actual [TRUE]. Comparison Type [EXACT_OPENCV]. Validation Type [POSITIVE]. @01-11-2021 07:23:22.0401 A
[ReportManager] Browser Action [CloseCurrentWindow] successfully performed. @01-11-2021 07:23:22.0700 AM
[ReportManager] Successfully created attachment [Browser Action Test Data - CloseCurrentWindow - Actual Value] @01-11-2021 07:23:22.0701 A
[ReportManager] File Action [GetAbsolutePath] successfully performed. With the following test data [Relative Folder Path: "target/downloadedFiles/"]. @01-11-2021 07:23:22.0706 AM
[ReportManager] Attempting to run locally on: [Mac-64], [Safari], Headless Execution. @01-11-2021 07:23:22.0706 AM
[ReportManager] Successfully Opened Safari. @01-11-2021 07:23:23.0562 AM
[ReportManager] Initial window size: (800, 600) @01-11-2021 07:23:23.0580 AM
[ReportManager] Window size after SWD Maximize: (1176, 811) @01-11-2021 07:23:23.0594 AM
[ReportManager] Browser Action [MaximizeWindow] successfully performed. With the following test data [New screen size is now: (1176, 811)]. @01-11-2021 07:23:23.0594 AM
[ReportManager] Target URL: [https://duckduckgo.com] @01-11-2021 07:23:23.0595 AM
[ReportManager] Initial URL: [] @01-11-2021 07:23:23.0651 AM
[ReportManager] Browser Action [NavigateToURL] successfully performed. With the following test data [https://duckduckgo.com]. @01-11-2021 07:23:24.0501 A

################################################################################################################################################
Starting Execution:	[6 out of 143] test cases in the current suite
Test Method:		[unitTests.tests_browserActions.fullScreenWindow]
################################################################################################################################################
[ReportManager] Initial Windows Size: 1176x811 @01-11-2021 07:23:24.0513 AM
[ReportManager] Current Windows Size after fullScreen: 1176x885 @01-11-2021 07:23:24.0771 AM
[ReportManager] Browser Action [FullScreenWindow] successfully performed. @01-11-2021 07:23:24.0794 AM
[ReportManager] Successfully created attachment [Browser Action Test Data - FullScreenWindow - Actual Value] @01-11-2021 07:23:24.0796 A
[ReportManager] Target URL: [https://duckduckgo.com] @01-11-2021 07:23:24.0819 AM
[ReportManager] Initial URL: [https://duckduckgo.com] @01-11-2021 07:23:24.0962 AM
[ReportManager] Browser Action [NavigateToURL] successfully performed. With the following test data [https://duckduckgo.com]. @01-11-2021 07:23:25.0435 AM
[ReportManager] Browser Action [CloseCurrentWindow] successfully performed. @01-11-2021 07:23:25.0477 AM
[ReportManager] Successfully created attachment [Browser Action Test Data - CloseCurrentWindow - Actual Value] @01-11-2021 07:23:25.0480 A
[ReportManager] File Action [GetAbsolutePath] successfully performed. With the following test data [Relative Folder Path: "target/downloadedFiles/"]. @01-11-2021 07:23:25.0484 AM
[ReportManager] Attempting to run locally on: [Mac-64], [Safari], Headless Execution. @01-11-2021 07:23:25.0484 AM
[ReportManager] Successfully Opened Safari. @01-11-2021 07:23:26.0467 AM
[ReportManager] Initial window size: (800, 600) @01-11-2021 07:23:26.0479 AM
[ReportManager] Window size after SWD Maximize: (1176, 811) @01-11-2021 07:23:26.0510 AM
[ReportManager] Browser Action [MaximizeWindow] successfully performed. With the following test data [New screen size is now: (1176, 811)]. @01-11-2021 07:23:26.0511 AM
[ReportManager] Target URL: [https://duckduckgo.com] @01-11-2021 07:23:26.0511 AM
[ReportManager] Initial URL: [] @01-11-2021 07:23:26.0582 AM
[ReportManager] Browser Action [NavigateToURL] successfully performed. With the following test data [https://duckduckgo.com]. @01-11-2021 07:23:27.0230 A

################################################################################################################################################
Starting Execution:	[7 out of 143] test cases in the current suite
Test Method:		[unitTests.tests_browserActions.getCurrentURL]
################################################################################################################################################
[ReportManager] Browser Action [GetCurrentURL] successfully performed. With the following test data [https://duckduckgo.com/]. @01-11-2021 07:23:27.0258 A
[ReportManager] Target URL: [https://duckduckgo.com] @01-11-2021 07:23:27.0261 AM
[ReportManager] Initial URL: [https://duckduckgo.com] @01-11-2021 07:23:27.0291 AM
[ReportManager] Browser Action [NavigateToURL] successfully performed. With the following test data [https://duckduckgo.com]. @01-11-2021 07:23:27.0624 AM
[ReportManager] Browser Action [CloseCurrentWindow] successfully performed. @01-11-2021 07:23:27.0856 AM
[ReportManager] Successfully created attachment [Browser Action Test Data - CloseCurrentWindow - Actual Value] @01-11-2021 07:23:27.0857 A
[ReportManager] File Action [GetAbsolutePath] successfully performed. With the following test data [Relative Folder Path: "target/downloadedFiles/"]. @01-11-2021 07:23:27.0861 AM
[ReportManager] Attempting to run locally on: [Mac-64], [Safari], Headless Execution. @01-11-2021 07:23:27.0861 AM
[ReportManager] Successfully Opened Safari. @01-11-2021 07:23:28.0660 AM
[ReportManager] Initial window size: (800, 600) @01-11-2021 07:23:28.0675 AM
[ReportManager] Window size after SWD Maximize: (1176, 811) @01-11-2021 07:23:28.0697 AM
[ReportManager] Browser Action [MaximizeWindow] successfully performed. With the following test data [New screen size is now: (1176, 811)]. @01-11-2021 07:23:28.0697 AM
[ReportManager] Target URL: [https://duckduckgo.com] @01-11-2021 07:23:28.0697 AM
[ReportManager] Initial URL: [] @01-11-2021 07:23:28.0752 AM
[ReportManager] Browser Action [NavigateToURL] successfully performed. With the following test data [https://duckduckgo.com]. @01-11-2021 07:23:29.0397 A

################################################################################################################################################
Starting Execution:	[8 out of 143] test cases in the current suite
Test Method:		[unitTests.tests_browserActions.getCurrentWindowTitle]
################################################################################################################################################
[ReportManager] Browser Action [GetCurrentWindowTitle] successfully performed. With the following test data [DuckDuckGo — Privacy, simplified.]. @01-11-2021 07:23:29.0437 A
[ReportManager] Target URL: [https://duckduckgo.com] @01-11-2021 07:23:29.0439 AM
[ReportManager] Initial URL: [https://duckduckgo.com] @01-11-2021 07:23:29.0470 AM
[ReportManager] Browser Action [NavigateToURL] successfully performed. With the following test data [https://duckduckgo.com]. @01-11-2021 07:23:29.0787 AM
[ReportManager] Browser Action [CloseCurrentWindow] successfully performed. @01-11-2021 07:23:29.0917 AM
[ReportManager] Successfully created attachment [Browser Action Test Data - CloseCurrentWindow - Actual Value] @01-11-2021 07:23:29.0918 A
[ReportManager] File Action [GetAbsolutePath] successfully performed. With the following test data [Relative Folder Path: "target/downloadedFiles/"]. @01-11-2021 07:23:29.0929 AM
[ReportManager] Attempting to run locally on: [Mac-64], [Safari], Headless Execution. @01-11-2021 07:23:29.0930 AM
[ReportManager] Successfully Opened Safari. @01-11-2021 07:23:30.0777 AM
[ReportManager] Initial window size: (800, 600) @01-11-2021 07:23:30.0797 AM
[ReportManager] Window size after SWD Maximize: (1176, 811) @01-11-2021 07:23:30.0811 AM
[ReportManager] Browser Action [MaximizeWindow] successfully performed. With the following test data [New screen size is now: (1176, 811)]. @01-11-2021 07:23:30.0812 AM
[ReportManager] Target URL: [https://duckduckgo.com] @01-11-2021 07:23:30.0812 AM
[ReportManager] Initial URL: [] @01-11-2021 07:23:30.0858 AM
[ReportManager] Browser Action [NavigateToURL] successfully performed. With the following test data [https://duckduckgo.com]. @01-11-2021 07:23:31.0492 A

################################################################################################################################################
Starting Execution:	[9 out of 143] test cases in the current suite
Test Method:		[unitTests.tests_browserActions.getPageSource]
################################################################################################################################################
[ReportManager] Browser Action [GetPageSource] successfully performed. @01-11-2021 07:23:31.0526 AM
[ReportManager] Successfully created attachment [Browser Action Test Data - GetPageSource - Actual Value] @01-11-2021 07:23:31.0527 A
[ReportManager] Target URL: [https://duckduckgo.com] @01-11-2021 07:23:31.0530 AM
[ReportManager] Initial URL: [https://duckduckgo.com] @01-11-2021 07:23:31.0559 AM
[ReportManager] Browser Action [NavigateToURL] successfully performed. With the following test data [https://duckduckgo.com]. @01-11-2021 07:23:31.0871 AM
[ReportManager] Browser Action [CloseCurrentWindow] successfully performed. @01-11-2021 07:23:32.0085 AM
[ReportManager] Successfully created attachment [Browser Action Test Data - CloseCurrentWindow - Actual Value] @01-11-2021 07:23:32.0086 A
[ReportManager] File Action [GetAbsolutePath] successfully performed. With the following test data [Relative Folder Path: "target/downloadedFiles/"]. @01-11-2021 07:23:32.0089 AM
[ReportManager] Attempting to run locally on: [Mac-64], [Safari], Headless Execution. @01-11-2021 07:23:32.0090 A

################################################################################################################################################
Starting Execution:	[10 out of 143] test cases in the current suite
Test Method:		[unitTests.tests_browserActions.getWindowHandle]
###############################################################################################################################################



################################################################################################################################################
Starting Execution:	[11 out of 143] test cases in the current suite
Test Method:		[unitTests.tests_browserActions.getWindowPosition]
###############################################################################################################################################



################################################################################################################################################
Starting Execution:	[12 out of 143] test cases in the current suite
Test Method:		[unitTests.tests_browserActions.getWindowSize]
###############################################################################################################################################



################################################################################################################################################
Starting Execution:	[13 out of 143] test cases in the current suite
Test Method:		[unitTests.tests_browserActions.maximizeWindow]
###############################################################################################################################################



################################################################################################################################################
Starting Execution:	[14 out of 143] test cases in the current suite
Test Method:		[unitTests.tests_browserActions.navigateBack]
###############################################################################################################################################



################################################################################################################################################
Starting Execution:	[15 out of 143] test cases in the current suite
Test Method:		[unitTests.tests_browserActions.navigateForward]
###############################################################################################################################################



################################################################################################################################################
Starting Execution:	[16 out of 143] test cases in the current suite
Test Method:		[unitTests.tests_browserActions.navigateToURL]
###############################################################################################################################################



################################################################################################################################################
Starting Execution:	[17 out of 143] test cases in the current suite
Test Method:		[unitTests.tests_browserActions.navigateToURLWithRedirection]
###############################################################################################################################################



################################################################################################################################################
Starting Execution:	[18 out of 143] test cases in the current suite
Test Method:		[unitTests.tests_browserActions.refreshCurrentPage]
###############################################################################################################################################



################################################################################################################################################
Starting Execution:	[19 out of 143] test cases in the current suite
Test Method:		[unitTests.tests_browserActions.setWindowSize]
###############################################################################################################################################

[ReportManager] Successfully loaded the following test data file [src/test/resources/TestDataFiles/testSuite01/TestData.xlsx]. @01-11-2021 07:23:33.0574 AM
[ReportManager] Successfully created attachment [Test Data - Excel] @01-11-2021 07:23:33.0575 A

################################################################################################################################################
Starting Execution:	[20 out of 143] test cases in the current suite
Test Method:		[unitTests.tests_io_excelFileManager.getCellData_rowName_expectedToPass]
################################################################################################################################################
[ReportManager] testRowData. @01-11-2021 07:23:33.0593 A

################################################################################################################################################
Starting Execution:	[21 out of 143] test cases in the current suite
Test Method:		[unitTests.tests_validations_assertions.assertComparativeRelation_greaterThanOrEquals_false_equals_expectedToFail]
################################################################################################################################################
[ReportManager] Assertion [ValidateComparativeRelation] FAILED. Expected [1] and Actual [1]. Comparison Type [GREATER_THAN_OR_EQUALS]. Validation Type [NEGATIVE]. @01-11-2021 07:23:33.0602 A

################################################################################################################################################
Starting Execution:	[22 out of 143] test cases in the current suite
Test Method:		[unitTests.tests_validations_assertions.assertComparativeRelation_greaterThanOrEquals_false_equals_expectedToPass]
################################################################################################################################################
[ReportManager] Assertion [ValidateComparativeRelation] PASSED. Expected [2] and Actual [1]. Comparison Type [GREATER_THAN_OR_EQUALS]. Validation Type [NEGATIVE]. @01-11-2021 07:23:33.0611 A

################################################################################################################################################
Starting Execution:	[23 out of 143] test cases in the current suite
Test Method:		[unitTests.tests_validations_assertions.assertComparativeRelation_greaterThanOrEquals_false_greaterThan_expectedToFail]
################################################################################################################################################
[ReportManager] Assertion [ValidateComparativeRelation] FAILED. Expected [1] and Actual [2]. Comparison Type [GREATER_THAN_OR_EQUALS]. Validation Type [NEGATIVE]. @01-11-2021 07:23:33.0616 A

################################################################################################################################################
Starting Execution:	[24 out of 143] test cases in the current suite
Test Method:		[unitTests.tests_validations_assertions.assertComparativeRelation_greaterThanOrEquals_false_greaterThan_expectedToPass]
################################################################################################################################################
[ReportManager] Assertion [ValidateComparativeRelation] PASSED. Expected [2] and Actual [1]. Comparison Type [GREATER_THAN_OR_EQUALS]. Validation Type [NEGATIVE]. @01-11-2021 07:23:33.0621 A

################################################################################################################################################
Starting Execution:	[25 out of 143] test cases in the current suite
Test Method:		[unitTests.tests_validations_assertions.assertComparativeRelation_greaterThanOrEquals_true_equals_expectedToFail]
################################################################################################################################################
[ReportManager] Assertion [ValidateComparativeRelation] FAILED. Expected [1] and Actual [0]. Comparison Type [GREATER_THAN_OR_EQUALS]. Validation Type [POSITIVE]. @01-11-2021 07:23:33.0627 A

################################################################################################################################################
Starting Execution:	[26 out of 143] test cases in the current suite
Test Method:		[unitTests.tests_validations_assertions.assertComparativeRelation_greaterThanOrEquals_true_equals_expectedToPass]
################################################################################################################################################
[ReportManager] Assertion [ValidateComparativeRelation] PASSED. Expected [1] and Actual [1]. Comparison Type [GREATER_THAN_OR_EQUALS]. Validation Type [POSITIVE]. @01-11-2021 07:23:33.0632 A

################################################################################################################################################
Starting Execution:	[27 out of 143] test cases in the current suite
Test Method:		[unitTests.tests_validations_assertions.assertComparativeRelation_greaterThanOrEquals_true_greaterThan_expectedToFail]
################################################################################################################################################
[ReportManager] Assertion [ValidateComparativeRelation] FAILED. Expected [2] and Actual [1]. Comparison Type [GREATER_THAN_OR_EQUALS]. Validation Type [POSITIVE]. @01-11-2021 07:23:33.0636 A

################################################################################################################################################
Starting Execution:	[28 out of 143] test cases in the current suite
Test Method:		[unitTests.tests_validations_assertions.assertComparativeRelation_greaterThanOrEquals_true_greaterThan_expectedToPass]
################################################################################################################################################
[ReportManager] Assertion [ValidateComparativeRelation] PASSED. Expected [1] and Actual [2]. Comparison Type [GREATER_THAN_OR_EQUALS]. Validation Type [POSITIVE]. @01-11-2021 07:23:33.0642 A
[ReportManager] File Action [GetAbsolutePath] successfully performed. With the following test data [Relative Folder Path: "target/downloadedFiles/"]. @01-11-2021 07:23:33.0645 AM
[ReportManager] Attempting to run locally on: [Mac-64], [Safari], Headless Execution. @01-11-2021 07:23:33.0645 AM
[ReportManager] Successfully Opened Safari. @01-11-2021 07:23:34.0482 AM
[ReportManager] Initial window size: (800, 600) @01-11-2021 07:23:34.0487 AM
[ReportManager] Window size after SWD Maximize: (1176, 811) @01-11-2021 07:23:34.0514 AM
[ReportManager] Browser Action [MaximizeWindow] successfully performed. With the following test data [New screen size is now: (1176, 811)]. @01-11-2021 07:23:34.0514 AM
[ReportManager] Target URL: [https://www.google.com/ncr], and after redirection: [www.google.com] @01-11-2021 07:23:34.0514 AM
[ReportManager] Initial URL: [] @01-11-2021 07:23:34.0567 AM
[ReportManager] Browser Action [NavigateToURL] successfully performed. With the following test data [https://www.google.com/ncr]. @01-11-2021 07:23:35.0585 A

################################################################################################################################################
Starting Execution:	[29 out of 143] test cases in the current suite
Test Method:		[unitTests.tests_validations_assertions.assertElementAttribute_false_caseInsensitiveComparison_expectedToFail]
################################################################################################################################################
[ReportManager] Element Action [Type] successfully performed. With the following test data [AUTOMATION]. @01-11-2021 07:23:36.0088 AM
[ReportManager] Element Action [GetText] successfully performed. With the following test data [AUTOMATION]. @01-11-2021 07:23:36.0182 AM
[ReportManager] Loaded Shared OpenCV @01-11-2021 07:23:37.0280 AM
[ReportManager] Assertion [ValidateElementAttribute] FAILED. Expected [Value Should not be 'AutomaTion' for the 'text' attribute, element locator 'By.name: q'] and Actual [AUTOMATION]. Comparison Type [CASE_INSENSITIVE]. Validation Type [NEGATIVE]. @01-11-2021 07:23:37.0658 AM
[ReportManager] Successfully created attachment [Screenshot - 1635751416276_assertElementAttribute_false_caseInsensitiveComparison_expectedToFail_ValidateElementAttribute_failed] @01-11-2021 07:23:37.0662 A
[ReportManager] Browser Action [CloseCurrentWindow] successfully performed. @01-11-2021 07:23:37.0911 AM
[ReportManager] Successfully created attachment [Browser Action Test Data - CloseCurrentWindow - Actual Value] @01-11-2021 07:23:37.0912 A
[ReportManager] File Action [GetAbsolutePath] successfully performed. With the following test data [Relative Folder Path: "target/downloadedFiles/"]. @01-11-2021 07:23:37.0916 AM
[ReportManager] Attempting to run locally on: [Mac-64], [Safari], Headless Execution. @01-11-2021 07:23:37.0917 AM
[ReportManager] Successfully Opened Safari. @01-11-2021 07:23:38.0715 AM
[ReportManager] Initial window size: (800, 600) @01-11-2021 07:23:38.0727 AM
[ReportManager] Window size after SWD Maximize: (1176, 811) @01-11-2021 07:23:38.0752 AM
[ReportManager] Browser Action [MaximizeWindow] successfully performed. With the following test data [New screen size is now: (1176, 811)]. @01-11-2021 07:23:38.0752 AM
[ReportManager] Target URL: [https://www.google.com/ncr], and after redirection: [www.google.com] @01-11-2021 07:23:38.0753 AM
[ReportManager] Initial URL: [] @01-11-2021 07:23:38.0798 AM
[ReportManager] Browser Action [NavigateToURL] successfully performed. With the following test data [https://www.google.com/ncr]. @01-11-2021 07:23:39.0671 A

################################################################################################################################################
Starting Execution:	[30 out of 143] test cases in the current suite
Test Method:		[unitTests.tests_validations_assertions.assertElementAttribute_false_caseInsensitiveComparison_expectedToPass]
################################################################################################################################################
[ReportManager] Element Action [Type] successfully performed. With the following test data [AUTOMATION]. @01-11-2021 07:23:40.0018 AM
[ReportManager] Element Action [GetText] successfully performed. With the following test data [AUTOMATION]. @01-11-2021 07:23:40.0069 AM
[ReportManager] Loaded Shared OpenCV @01-11-2021 07:23:40.0145 AM
[ReportManager] Assertion [ValidateElementAttribute] PASSED. Expected [Value Should not be 'AutomaTion123' for the 'text' attribute, element locator 'By.name: q'] and Actual [AUTOMATION]. Comparison Type [CASE_INSENSITIVE]. Validation Type [NEGATIVE]. @01-11-2021 07:23:40.0263 AM
[ReportManager] Successfully created attachment [Screenshot - 1635751420145_assertElementAttribute_false_caseInsensitiveComparison_expectedToPass_ValidateElementAttribute_passed] @01-11-2021 07:23:40.0265 A
[ReportManager] Browser Action [CloseCurrentWindow] successfully performed. @01-11-2021 07:23:40.0401 AM
[ReportManager] Successfully created attachment [Browser Action Test Data - CloseCurrentWindow - Actual Value] @01-11-2021 07:23:40.0402 A
[ReportManager] File Action [GetAbsolutePath] successfully performed. With the following test data [Relative Folder Path: "target/downloadedFiles/"]. @01-11-2021 07:23:40.0406 AM
[ReportManager] Attempting to run locally on: [Mac-64], [Safari], Headless Execution. @01-11-2021 07:23:40.0406 AM
[ReportManager] Successfully Opened Safari. @01-11-2021 07:23:41.0245 AM
[ReportManager] Initial window size: (800, 600) @01-11-2021 07:23:41.0252 AM
[ReportManager] Window size after SWD Maximize: (1176, 811) @01-11-2021 07:23:41.0279 AM
[ReportManager] Browser Action [MaximizeWindow] successfully performed. With the following test data [New screen size is now: (1176, 811)]. @01-11-2021 07:23:41.0280 AM
[ReportManager] Target URL: [https://www.google.com/ncr], and after redirection: [www.google.com] @01-11-2021 07:23:41.0280 AM
[ReportManager] Initial URL: [] @01-11-2021 07:23:41.0330 AM
[ReportManager] Browser Action [NavigateToURL] successfully performed. With the following test data [https://www.google.com/ncr]. @01-11-2021 07:23:42.0771 A

################################################################################################################################################
Starting Execution:	[31 out of 143] test cases in the current suite
Test Method:		[unitTests.tests_validations_assertions.assertElementAttribute_false_containsComparison_expectedToFail]
################################################################################################################################################
[ReportManager] Element Action [Type] successfully performed. With the following test data [Automation123]. @01-11-2021 07:23:43.0208 AM
[ReportManager] Element Action [GetText] successfully performed. With the following test data [Automation123]. @01-11-2021 07:23:43.0262 AM
[ReportManager] Loaded Shared OpenCV @01-11-2021 07:23:43.0327 AM
[ReportManager] Assertion [ValidateElementAttribute] FAILED. Expected [Value Should not be 'Automation' for the 'text' attribute, element locator 'By.name: q'] and Actual [Automation123]. Comparison Type [CONTAINS]. Validation Type [NEGATIVE]. @01-11-2021 07:23:43.0437 AM
[ReportManager] Successfully created attachment [Screenshot - 1635751423327_assertElementAttribute_false_containsComparison_expectedToFail_ValidateElementAttribute_failed] @01-11-2021 07:23:43.0439 A
[ReportManager] Browser Action [CloseCurrentWindow] successfully performed. @01-11-2021 07:23:43.0522 AM
[ReportManager] Successfully created attachment [Browser Action Test Data - CloseCurrentWindow - Actual Value] @01-11-2021 07:23:43.0526 A
[ReportManager] File Action [GetAbsolutePath] successfully performed. With the following test data [Relative Folder Path: "target/downloadedFiles/"]. @01-11-2021 07:23:43.0533 AM
[ReportManager] Attempting to run locally on: [Mac-64], [Safari], Headless Execution. @01-11-2021 07:23:43.0534 AM
[ReportManager] Successfully Opened Safari. @01-11-2021 07:23:44.0375 AM
[ReportManager] Initial window size: (800, 600) @01-11-2021 07:23:44.0383 AM
[ReportManager] Window size after SWD Maximize: (1176, 811) @01-11-2021 07:23:44.0394 AM
[ReportManager] Browser Action [MaximizeWindow] successfully performed. With the following test data [New screen size is now: (1176, 811)]. @01-11-2021 07:23:44.0395 AM
[ReportManager] Target URL: [https://www.google.com/ncr], and after redirection: [www.google.com] @01-11-2021 07:23:44.0395 AM
[ReportManager] Initial URL: [] @01-11-2021 07:23:44.0463 AM
[ReportManager] Browser Action [NavigateToURL] successfully performed. With the following test data [https://www.google.com/ncr]. @01-11-2021 07:23:45.0840 A

################################################################################################################################################
Starting Execution:	[32 out of 143] test cases in the current suite
Test Method:		[unitTests.tests_validations_assertions.assertElementAttribute_false_containsComparison_expectedToPass]
################################################################################################################################################
[ReportManager] Element Action [Type] successfully performed. With the following test data [Automation123]. @01-11-2021 07:23:46.0314 AM
[ReportManager] Element Action [GetText] successfully performed. With the following test data [Automation123]. @01-11-2021 07:23:46.0377 AM
[ReportManager] Loaded Shared OpenCV @01-11-2021 07:23:46.0456 AM
[ReportManager] Assertion [ValidateElementAttribute] PASSED. Expected [Value Should not be 'Automation1234' for the 'text' attribute, element locator 'By.name: q'] and Actual [Automation123]. Comparison Type [CONTAINS]. Validation Type [NEGATIVE]. @01-11-2021 07:23:46.0574 AM
[ReportManager] Successfully created attachment [Screenshot - 1635751426456_assertElementAttribute_false_containsComparison_expectedToPass_ValidateElementAttribute_passed] @01-11-2021 07:23:46.0576 A
[ReportManager] Browser Action [CloseCurrentWindow] successfully performed. @01-11-2021 07:23:46.0717 AM
[ReportManager] Successfully created attachment [Browser Action Test Data - CloseCurrentWindow - Actual Value] @01-11-2021 07:23:46.0718 A
[ReportManager] File Action [GetAbsolutePath] successfully performed. With the following test data [Relative Folder Path: "target/downloadedFiles/"]. @01-11-2021 07:23:46.0723 AM
[ReportManager] Attempting to run locally on: [Mac-64], [Safari], Headless Execution. @01-11-2021 07:23:46.0724 AM
[ReportManager] Successfully Opened Safari. @01-11-2021 07:23:47.0561 AM
[ReportManager] Initial window size: (800, 600) @01-11-2021 07:23:47.0566 AM
[ReportManager] Window size after SWD Maximize: (1176, 811) @01-11-2021 07:23:47.0578 AM
[ReportManager] Browser Action [MaximizeWindow] successfully performed. With the following test data [New screen size is now: (1176, 811)]. @01-11-2021 07:23:47.0578 AM
[ReportManager] Target URL: [https://www.google.com/ncr], and after redirection: [www.google.com] @01-11-2021 07:23:47.0578 AM
[ReportManager] Initial URL: [] @01-11-2021 07:23:47.0669 AM
[ReportManager] Browser Action [NavigateToURL] successfully performed. With the following test data [https://www.google.com/ncr]. @01-11-2021 07:23:49.0119 A

################################################################################################################################################
Starting Execution:	[33 out of 143] test cases in the current suite
Test Method:		[unitTests.tests_validations_assertions.assertElementAttribute_false_literalComparison_expectedToFail]
################################################################################################################################################
[ReportManager] Element Action [Type] successfully performed. With the following test data [Automation!@#$%^&*()_+{}[]\';/.,]. @01-11-2021 07:23:50.0163 AM
[ReportManager] Element Action [GetText] successfully performed. With the following test data [Automation!@#$%^&*()_+{}[]\';/.,]. @01-11-2021 07:23:50.0216 AM
[ReportManager] Loaded Shared OpenCV @01-11-2021 07:23:50.0284 AM
[ReportManager] Assertion [ValidateElementAttribute] PASSED. Expected [Value Should not be 'Automation!@#$%^&*()_+{}[]\\';/.,' for the 'text' attribute, element locator 'By.name: q'] and Actual [Automation!@#$%^&*()_+{}[]\';/.,]. Comparison Type [EQUALS]. Validation Type [NEGATIVE]. @01-11-2021 07:23:50.0393 AM
[ReportManager] Successfully created attachment [Screenshot - 1635751430283_assertElementAttribute_false_literalComparison_expectedToFail_ValidateElementAttribute_passed] @01-11-2021 07:23:50.0395 A
[ReportManager] Browser Action [CloseCurrentWindow] successfully performed. @01-11-2021 07:23:50.0520 AM
[ReportManager] Successfully created attachment [Browser Action Test Data - CloseCurrentWindow - Actual Value] @01-11-2021 07:23:50.0521 A
[ReportManager] File Action [GetAbsolutePath] successfully performed. With the following test data [Relative Folder Path: "target/downloadedFiles/"]. @01-11-2021 07:23:50.0524 AM
[ReportManager] Attempting to run locally on: [Mac-64], [Safari], Headless Execution. @01-11-2021 07:23:50.0524 AM
[ReportManager] Successfully Opened Safari. @01-11-2021 07:23:51.0307 AM
[ReportManager] Initial window size: (800, 600) @01-11-2021 07:23:51.0323 AM
[ReportManager] Window size after SWD Maximize: (1176, 811) @01-11-2021 07:23:51.0339 AM
[ReportManager] Browser Action [MaximizeWindow] successfully performed. With the following test data [New screen size is now: (1176, 811)]. @01-11-2021 07:23:51.0339 AM
[ReportManager] Target URL: [https://www.google.com/ncr], and after redirection: [www.google.com] @01-11-2021 07:23:51.0339 AM
[ReportManager] Initial URL: [] @01-11-2021 07:23:51.0394 AM
[ReportManager] Browser Action [NavigateToURL] successfully performed. With the following test data [https://www.google.com/ncr]. @01-11-2021 07:23:52.0269 A

################################################################################################################################################
Starting Execution:	[34 out of 143] test cases in the current suite
Test Method:		[unitTests.tests_validations_assertions.assertElementAttribute_false_literalComparison_expectedToPass]
################################################################################################################################################
[ReportManager] Element Action [Type] successfully performed. With the following test data [Automation!@#$%^&*()_+{}[]\';/.,]. @01-11-2021 07:23:53.0447 AM
[ReportManager] Element Action [GetText] successfully performed. With the following test data [Automation!@#$%^&*()_+{}[]\';/.,]. @01-11-2021 07:23:53.0491 AM
[ReportManager] Loaded Shared OpenCV @01-11-2021 07:23:53.0562 AM
[ReportManager] Assertion [ValidateElementAttribute] PASSED. Expected [Value Should not be 'Automation' for the 'text' attribute, element locator 'By.name: q'] and Actual [Automation!@#$%^&*()_+{}[]\';/.,]. Comparison Type [EQUALS]. Validation Type [NEGATIVE]. @01-11-2021 07:23:53.0668 AM
[ReportManager] Successfully created attachment [Screenshot - 1635751433562_assertElementAttribute_false_literalComparison_expectedToPass_ValidateElementAttribute_passed] @01-11-2021 07:23:53.0670 A
[ReportManager] Browser Action [CloseCurrentWindow] successfully performed. @01-11-2021 07:23:53.0767 AM
[ReportManager] Successfully created attachment [Browser Action Test Data - CloseCurrentWindow - Actual Value] @01-11-2021 07:23:53.0768 A
[ReportManager] File Action [GetAbsolutePath] successfully performed. With the following test data [Relative Folder Path: "target/downloadedFiles/"]. @01-11-2021 07:23:53.0771 AM
[ReportManager] Attempting to run locally on: [Mac-64], [Safari], Headless Execution. @01-11-2021 07:23:53.0771 AM
[ReportManager] Successfully Opened Safari. @01-11-2021 07:23:54.0592 AM
[ReportManager] Initial window size: (800, 600) @01-11-2021 07:23:54.0600 AM
[ReportManager] Window size after SWD Maximize: (1176, 811) @01-11-2021 07:23:54.0623 AM
[ReportManager] Browser Action [MaximizeWindow] successfully performed. With the following test data [New screen size is now: (1176, 811)]. @01-11-2021 07:23:54.0624 AM
[ReportManager] Target URL: [https://www.google.com/ncr], and after redirection: [www.google.com] @01-11-2021 07:23:54.0624 AM
[ReportManager] Initial URL: [] @01-11-2021 07:23:54.0684 AM
[ReportManager] Browser Action [NavigateToURL] successfully performed. With the following test data [https://www.google.com/ncr]. @01-11-2021 07:23:55.0568 A

################################################################################################################################################
Starting Execution:	[35 out of 143] test cases in the current suite
Test Method:		[unitTests.tests_validations_assertions.assertElementAttribute_false_regexComparison_expectedToFail]
################################################################################################################################################
[ReportManager] Element Action [Type] successfully performed. With the following test data [Automation123]. @01-11-2021 07:23:56.0077 AM
[ReportManager] Element Action [GetText] successfully performed. With the following test data [Automation123]. @01-11-2021 07:23:56.0139 AM
[ReportManager] Loaded Shared OpenCV @01-11-2021 07:23:56.0205 AM
[ReportManager] Assertion [ValidateElementAttribute] FAILED. Expected [Value Should not be 'Automation.*' for the 'text' attribute, element locator 'By.name: q'] and Actual [Automation123]. Comparison Type [MATCHES]. Validation Type [NEGATIVE]. @01-11-2021 07:23:56.0311 AM
[ReportManager] Successfully created attachment [Screenshot - 1635751436205_assertElementAttribute_false_regexComparison_expectedToFail_ValidateElementAttribute_failed] @01-11-2021 07:23:56.0313 A
[ReportManager] Browser Action [CloseCurrentWindow] successfully performed. @01-11-2021 07:23:56.0466 AM
[ReportManager] Successfully created attachment [Browser Action Test Data - CloseCurrentWindow - Actual Value] @01-11-2021 07:23:56.0467 A
[ReportManager] File Action [GetAbsolutePath] successfully performed. With the following test data [Relative Folder Path: "target/downloadedFiles/"]. @01-11-2021 07:23:56.0471 AM
[ReportManager] Attempting to run locally on: [Mac-64], [Safari], Headless Execution. @01-11-2021 07:23:56.0471 AM
[ReportManager] Successfully Opened Safari. @01-11-2021 07:23:57.0284 AM
[ReportManager] Initial window size: (800, 600) @01-11-2021 07:23:57.0325 AM
[ReportManager] Window size after SWD Maximize: (1176, 811) @01-11-2021 07:23:57.0376 AM
[ReportManager] Browser Action [MaximizeWindow] successfully performed. With the following test data [New screen size is now: (1176, 811)]. @01-11-2021 07:23:57.0377 AM
[ReportManager] Target URL: [https://www.google.com/ncr], and after redirection: [www.google.com] @01-11-2021 07:23:57.0377 AM
[ReportManager] Initial URL: [] @01-11-2021 07:23:57.0429 AM
[ReportManager] Browser Action [NavigateToURL] successfully performed. With the following test data [https://www.google.com/ncr]. @01-11-2021 07:23:58.0845 A

################################################################################################################################################
Starting Execution:	[36 out of 143] test cases in the current suite
Test Method:		[unitTests.tests_validations_assertions.assertElementAttribute_false_regexComparison_expectedToPass]
################################################################################################################################################
[ReportManager] Element Action [Type] successfully performed. With the following test data [Automation123]. @01-11-2021 07:23:59.0328 AM
[ReportManager] Element Action [GetText] successfully performed. With the following test data [Automation123]. @01-11-2021 07:23:59.0376 AM
[ReportManager] Loaded Shared OpenCV @01-11-2021 07:23:59.0443 AM
[ReportManager] Assertion [ValidateElementAttribute] PASSED. Expected [Value Should not be 'Automation' for the 'text' attribute, element locator 'By.name: q'] and Actual [Automation123]. Comparison Type [MATCHES]. Validation Type [NEGATIVE]. @01-11-2021 07:23:59.0546 AM
[ReportManager] Successfully created attachment [Screenshot - 1635751439443_assertElementAttribute_false_regexComparison_expectedToPass_ValidateElementAttribute_passed] @01-11-2021 07:23:59.0548 A
[ReportManager] Browser Action [CloseCurrentWindow] successfully performed. @01-11-2021 07:23:59.0690 AM
[ReportManager] Successfully created attachment [Browser Action Test Data - CloseCurrentWindow - Actual Value] @01-11-2021 07:23:59.0691 A
[ReportManager] File Action [GetAbsolutePath] successfully performed. With the following test data [Relative Folder Path: "target/downloadedFiles/"]. @01-11-2021 07:23:59.0695 AM
[ReportManager] Attempting to run locally on: [Mac-64], [Safari], Headless Execution. @01-11-2021 07:23:59.0695 AM
[ReportManager] Successfully Opened Safari. @01-11-2021 07:24:00.0493 AM
[ReportManager] Initial window size: (800, 600) @01-11-2021 07:24:00.0519 AM
[ReportManager] Window size after SWD Maximize: (1176, 811) @01-11-2021 07:24:00.0543 AM
[ReportManager] Browser Action [MaximizeWindow] successfully performed. With the following test data [New screen size is now: (1176, 811)]. @01-11-2021 07:24:00.0544 AM
[ReportManager] Target URL: [https://www.google.com/ncr], and after redirection: [www.google.com] @01-11-2021 07:24:00.0544 AM
[ReportManager] Initial URL: [] @01-11-2021 07:24:00.0594 AM
[ReportManager] Browser Action [NavigateToURL] successfully performed. With the following test data [https://www.google.com/ncr]. @01-11-2021 07:24:01.0490 A

################################################################################################################################################
Starting Execution:	[37 out of 143] test cases in the current suite
Test Method:		[unitTests.tests_validations_assertions.assertElementAttribute_true_caseInsensitiveComparison_expectedToFail]
################################################################################################################################################
[ReportManager] Element Action [Type] successfully performed. With the following test data [AUTOMATION]. @01-11-2021 07:24:01.0958 AM
[ReportManager] Element Action [GetText] successfully performed. With the following test data [AUTOMATION]. @01-11-2021 07:24:02.0002 AM
[ReportManager] Loaded Shared OpenCV @01-11-2021 07:24:02.0077 AM
[ReportManager] Assertion [ValidateElementAttribute] FAILED. Expected [Value Should be 'AutomaTion123' for the 'text' attribute, element locator 'By.name: q'] and Actual [AUTOMATION]. Comparison Type [CASE_INSENSITIVE]. Validation Type [POSITIVE]. @01-11-2021 07:24:02.0208 AM
[ReportManager] Successfully created attachment [Screenshot - 1635751442077_assertElementAttribute_true_caseInsensitiveComparison_expectedToFail_ValidateElementAttribute_failed] @01-11-2021 07:24:02.0209 A
[ReportManager] Browser Action [CloseCurrentWindow] successfully performed. @01-11-2021 07:24:02.0308 AM
[ReportManager] Successfully created attachment [Browser Action Test Data - CloseCurrentWindow - Actual Value] @01-11-2021 07:24:02.0309 A
[ReportManager] File Action [GetAbsolutePath] successfully performed. With the following test data [Relative Folder Path: "target/downloadedFiles/"]. @01-11-2021 07:24:02.0318 AM
[ReportManager] Attempting to run locally on: [Mac-64], [Safari], Headless Execution. @01-11-2021 07:24:02.0319 AM
[ReportManager] Successfully Opened Safari. @01-11-2021 07:24:03.0128 AM
[ReportManager] Initial window size: (800, 600) @01-11-2021 07:24:03.0144 AM
[ReportManager] Window size after SWD Maximize: (1176, 811) @01-11-2021 07:24:03.0155 AM
[ReportManager] Browser Action [MaximizeWindow] successfully performed. With the following test data [New screen size is now: (1176, 811)]. @01-11-2021 07:24:03.0155 AM
[ReportManager] Target URL: [https://www.google.com/ncr], and after redirection: [www.google.com] @01-11-2021 07:24:03.0155 AM
[ReportManager] Initial URL: [] @01-11-2021 07:24:03.0206 AM
[ReportManager] Browser Action [NavigateToURL] successfully performed. With the following test data [https://www.google.com/ncr]. @01-11-2021 07:24:04.0135 A

################################################################################################################################################
Starting Execution:	[38 out of 143] test cases in the current suite
Test Method:		[unitTests.tests_validations_assertions.assertElementAttribute_true_caseInsensitiveComparison_expectedToPass]
################################################################################################################################################
[ReportManager] Element Action [Type] successfully performed. With the following test data [AUTOMATION]. @01-11-2021 07:24:04.0576 AM
[ReportManager] Element Action [GetText] successfully performed. With the following test data [AUTOMATION]. @01-11-2021 07:24:04.0626 AM
[ReportManager] Loaded Shared OpenCV @01-11-2021 07:24:04.0694 AM
[ReportManager] Assertion [ValidateElementAttribute] PASSED. Expected [Value Should be 'AutomaTion' for the 'text' attribute, element locator 'By.name: q'] and Actual [AUTOMATION]. Comparison Type [CASE_INSENSITIVE]. Validation Type [POSITIVE]. @01-11-2021 07:24:04.0801 AM
[ReportManager] Successfully created attachment [Screenshot - 1635751444694_assertElementAttribute_true_caseInsensitiveComparison_expectedToPass_ValidateElementAttribute_passed] @01-11-2021 07:24:04.0803 A
[ReportManager] Browser Action [CloseCurrentWindow] successfully performed. @01-11-2021 07:24:04.0991 AM
[ReportManager] Successfully created attachment [Browser Action Test Data - CloseCurrentWindow - Actual Value] @01-11-2021 07:24:04.0992 A
[ReportManager] File Action [GetAbsolutePath] successfully performed. With the following test data [Relative Folder Path: "target/downloadedFiles/"]. @01-11-2021 07:24:04.0995 AM
[ReportManager] Attempting to run locally on: [Mac-64], [Safari], Headless Execution. @01-11-2021 07:24:04.0995 AM
[ReportManager] Successfully Opened Safari. @01-11-2021 07:24:05.0795 AM
[ReportManager] Initial window size: (800, 600) @01-11-2021 07:24:05.0803 AM
[ReportManager] Window size after SWD Maximize: (1176, 811) @01-11-2021 07:24:05.0821 AM
[ReportManager] Browser Action [MaximizeWindow] successfully performed. With the following test data [New screen size is now: (1176, 811)]. @01-11-2021 07:24:05.0822 AM
[ReportManager] Target URL: [https://www.google.com/ncr], and after redirection: [www.google.com] @01-11-2021 07:24:05.0822 AM
[ReportManager] Initial URL: [] @01-11-2021 07:24:05.0885 AM
[ReportManager] Browser Action [NavigateToURL] successfully performed. With the following test data [https://www.google.com/ncr]. @01-11-2021 07:24:06.0779 A

################################################################################################################################################
Starting Execution:	[39 out of 143] test cases in the current suite
Test Method:		[unitTests.tests_validations_assertions.assertElementAttribute_true_containsComparison_expectedToFail]
################################################################################################################################################
[ReportManager] Element Action [Type] successfully performed. With the following test data [Automation123]. @01-11-2021 07:24:07.0318 AM
[ReportManager] Element Action [GetText] successfully performed. With the following test data [Automation123]. @01-11-2021 07:24:07.0364 AM
[ReportManager] Loaded Shared OpenCV @01-11-2021 07:24:07.0438 AM
[ReportManager] Assertion [ValidateElementAttribute] FAILED. Expected [Value Should be 'Automation1234' for the 'text' attribute, element locator 'By.name: q'] and Actual [Automation123]. Comparison Type [CONTAINS]. Validation Type [POSITIVE]. @01-11-2021 07:24:07.0555 AM
[ReportManager] Successfully created attachment [Screenshot - 1635751447438_assertElementAttribute_true_containsComparison_expectedToFail_ValidateElementAttribute_failed] @01-11-2021 07:24:07.0557 A
[ReportManager] Browser Action [CloseCurrentWindow] successfully performed. @01-11-2021 07:24:07.0657 AM
[ReportManager] Successfully created attachment [Browser Action Test Data - CloseCurrentWindow - Actual Value] @01-11-2021 07:24:07.0658 A
[ReportManager] File Action [GetAbsolutePath] successfully performed. With the following test data [Relative Folder Path: "target/downloadedFiles/"]. @01-11-2021 07:24:07.0661 AM
[ReportManager] Attempting to run locally on: [Mac-64], [Safari], Headless Execution. @01-11-2021 07:24:07.0661 AM
[ReportManager] Successfully Opened Safari. @01-11-2021 07:24:08.0432 AM
[ReportManager] Initial window size: (800, 600) @01-11-2021 07:24:08.0440 AM
[ReportManager] Window size after SWD Maximize: (1176, 811) @01-11-2021 07:24:08.0459 AM
[ReportManager] Browser Action [MaximizeWindow] successfully performed. With the following test data [New screen size is now: (1176, 811)]. @01-11-2021 07:24:08.0460 AM
[ReportManager] Target URL: [https://www.google.com/ncr], and after redirection: [www.google.com] @01-11-2021 07:24:08.0460 AM
[ReportManager] Initial URL: [] @01-11-2021 07:24:08.0531 AM
[ReportManager] Browser Action [NavigateToURL] successfully performed. With the following test data [https://www.google.com/ncr]. @01-11-2021 07:24:09.0637 A

################################################################################################################################################
Starting Execution:	[40 out of 143] test cases in the current suite
Test Method:		[unitTests.tests_validations_assertions.assertElementAttribute_true_containsComparison_expectedToPass]
################################################################################################################################################
[ReportManager] Element Action [Type] successfully performed. With the following test data [Automation123]. @01-11-2021 07:24:10.0284 AM
[ReportManager] Element Action [GetText] successfully performed. With the following test data [Automation123]. @01-11-2021 07:24:10.0327 AM
[ReportManager] Loaded Shared OpenCV @01-11-2021 07:24:10.0392 AM
[ReportManager] Assertion [ValidateElementAttribute] PASSED. Expected [Value Should be 'Automation' for the 'text' attribute, element locator 'By.name: q'] and Actual [Automation123]. Comparison Type [CONTAINS]. Validation Type [POSITIVE]. @01-11-2021 07:24:10.0493 AM
[ReportManager] Successfully created attachment [Screenshot - 1635751450392_assertElementAttribute_true_containsComparison_expectedToPass_ValidateElementAttribute_passed] @01-11-2021 07:24:10.0495 A
[ReportManager] Browser Action [CloseCurrentWindow] successfully performed. @01-11-2021 07:24:10.0669 AM
[ReportManager] Successfully created attachment [Browser Action Test Data - CloseCurrentWindow - Actual Value] @01-11-2021 07:24:10.0670 A
[ReportManager] File Action [GetAbsolutePath] successfully performed. With the following test data [Relative Folder Path: "target/downloadedFiles/"]. @01-11-2021 07:24:10.0673 AM
[ReportManager] Attempting to run locally on: [Mac-64], [Safari], Headless Execution. @01-11-2021 07:24:10.0674 AM
[ReportManager] Successfully Opened Safari. @01-11-2021 07:24:11.0462 AM
[ReportManager] Initial window size: (800, 600) @01-11-2021 07:24:11.0472 AM
[ReportManager] Window size after SWD Maximize: (1176, 811) @01-11-2021 07:24:11.0489 AM
[ReportManager] Browser Action [MaximizeWindow] successfully performed. With the following test data [New screen size is now: (1176, 811)]. @01-11-2021 07:24:11.0490 AM
[ReportManager] Target URL: [https://www.google.com/ncr], and after redirection: [www.google.com] @01-11-2021 07:24:11.0490 AM
[ReportManager] Initial URL: [] @01-11-2021 07:24:11.0540 AM
[ReportManager] Browser Action [NavigateToURL] successfully performed. With the following test data [https://www.google.com/ncr]. @01-11-2021 07:24:12.0387 A

################################################################################################################################################
Starting Execution:	[41 out of 143] test cases in the current suite
Test Method:		[unitTests.tests_validations_assertions.assertElementAttribute_true_literalComparison_expectedToFail]
################################################################################################################################################
[ReportManager] Element Action [Type] successfully performed. With the following test data [Automation!@#$%^&*()_+{}[]\';/.,]. @01-11-2021 07:24:13.0382 AM
[ReportManager] Element Action [GetText] successfully performed. With the following test data [Automation!@#$%^&*()_+{}[]\';/.,]. @01-11-2021 07:24:13.0443 AM
[ReportManager] Loaded Shared OpenCV @01-11-2021 07:24:13.0511 AM
[ReportManager] Assertion [ValidateElementAttribute] FAILED. Expected [Value Should be 'Automation' for the 'text' attribute, element locator 'By.name: q'] and Actual [Automation!@#$%^&*()_+{}[]\';/.,]. Comparison Type [EQUALS]. Validation Type [POSITIVE]. @01-11-2021 07:24:13.0668 AM
[ReportManager] Successfully created attachment [Screenshot - 1635751453510_assertElementAttribute_true_literalComparison_expectedToFail_ValidateElementAttribute_failed] @01-11-2021 07:24:13.0670 A
[ReportManager] Browser Action [CloseCurrentWindow] successfully performed. @01-11-2021 07:24:13.0770 AM
[ReportManager] Successfully created attachment [Browser Action Test Data - CloseCurrentWindow - Actual Value] @01-11-2021 07:24:13.0771 A
[ReportManager] File Action [GetAbsolutePath] successfully performed. With the following test data [Relative Folder Path: "target/downloadedFiles/"]. @01-11-2021 07:24:13.0774 AM
[ReportManager] Attempting to run locally on: [Mac-64], [Safari], Headless Execution. @01-11-2021 07:24:13.0774 AM
[ReportManager] Successfully Opened Safari. @01-11-2021 07:24:14.0559 AM
[ReportManager] Initial window size: (800, 600) @01-11-2021 07:24:14.0565 AM
[ReportManager] Window size after SWD Maximize: (1176, 811) @01-11-2021 07:24:14.0577 AM
[ReportManager] Browser Action [MaximizeWindow] successfully performed. With the following test data [New screen size is now: (1176, 811)]. @01-11-2021 07:24:14.0577 AM
[ReportManager] Target URL: [https://www.google.com/ncr], and after redirection: [www.google.com] @01-11-2021 07:24:14.0577 AM
[ReportManager] Initial URL: [] @01-11-2021 07:24:14.0658 AM
[ReportManager] Browser Action [NavigateToURL] successfully performed. With the following test data [https://www.google.com/ncr]. @01-11-2021 07:24:15.0592 A

################################################################################################################################################
Starting Execution:	[42 out of 143] test cases in the current suite
Test Method:		[unitTests.tests_validations_assertions.assertElementAttribute_true_literalComparison_expectedToPass]
################################################################################################################################################
[ReportManager] Element Action [Type] successfully performed. With the following test data [Automation!@#$%^&*()_+{}[]\';/.,]. @01-11-2021 07:24:16.0680 AM
[ReportManager] Element Action [GetText] successfully performed. With the following test data [Automation!@#$%^&*()_+{}[]\';/.,]. @01-11-2021 07:24:16.0729 AM
[ReportManager] Loaded Shared OpenCV @01-11-2021 07:24:16.0800 AM
[ReportManager] Assertion [ValidateElementAttribute] PASSED. Expected [Value Should be 'Automation!@#$%^&*()_+{}[]\';/.,' for the 'text' attribute, element locator 'By.name: q'] and Actual [Automation!@#$%^&*()_+{}[]\';/.,]. Comparison Type [EQUALS]. Validation Type [POSITIVE]. @01-11-2021 07:24:16.0963 AM
[ReportManager] Successfully created attachment [Screenshot - 1635751456800_assertElementAttribute_true_literalComparison_expectedToPass_ValidateElementAttribute_passed] @01-11-2021 07:24:16.0965 A
[ReportManager] Browser Action [CloseCurrentWindow] successfully performed. @01-11-2021 07:24:17.0078 AM
[ReportManager] Successfully created attachment [Browser Action Test Data - CloseCurrentWindow - Actual Value] @01-11-2021 07:24:17.0079 A
[ReportManager] File Action [GetAbsolutePath] successfully performed. With the following test data [Relative Folder Path: "target/downloadedFiles/"]. @01-11-2021 07:24:17.0083 AM
[ReportManager] Attempting to run locally on: [Mac-64], [Safari], Headless Execution. @01-11-2021 07:24:17.0083 AM
[ReportManager] Successfully Opened Safari. @01-11-2021 07:24:17.0868 AM
[ReportManager] Initial window size: (800, 600) @01-11-2021 07:24:17.0884 AM
[ReportManager] Window size after SWD Maximize: (1176, 811) @01-11-2021 07:24:17.0896 AM
[ReportManager] Browser Action [MaximizeWindow] successfully performed. With the following test data [New screen size is now: (1176, 811)]. @01-11-2021 07:24:17.0897 AM
[ReportManager] Target URL: [https://www.google.com/ncr], and after redirection: [www.google.com] @01-11-2021 07:24:17.0897 AM
[ReportManager] Initial URL: [] @01-11-2021 07:24:17.0937 AM
[ReportManager] Browser Action [NavigateToURL] successfully performed. With the following test data [https://www.google.com/ncr]. @01-11-2021 07:24:19.0451 A

################################################################################################################################################
Starting Execution:	[43 out of 143] test cases in the current suite
Test Method:		[unitTests.tests_validations_assertions.assertElementAttribute_true_regexComparison_expectedToFail]
################################################################################################################################################
[ReportManager] Element Action [Type] successfully performed. With the following test data [Automation123]. @01-11-2021 07:24:20.0081 AM
[ReportManager] Element Action [GetText] successfully performed. With the following test data [Automation123]. @01-11-2021 07:24:20.0125 AM
[ReportManager] Loaded Shared OpenCV @01-11-2021 07:24:20.0191 AM
[ReportManager] Assertion [ValidateElementAttribute] FAILED. Expected [Value Should be 'Automation' for the 'text' attribute, element locator 'By.name: q'] and Actual [Automation123]. Comparison Type [MATCHES]. Validation Type [POSITIVE]. @01-11-2021 07:24:20.0291 AM
[ReportManager] Successfully created attachment [Screenshot - 1635751460191_assertElementAttribute_true_regexComparison_expectedToFail_ValidateElementAttribute_failed] @01-11-2021 07:24:20.0293 A
[ReportManager] Browser Action [CloseCurrentWindow] successfully performed. @01-11-2021 07:24:20.0484 AM
[ReportManager] Successfully created attachment [Browser Action Test Data - CloseCurrentWindow - Actual Value] @01-11-2021 07:24:20.0485 A
[ReportManager] File Action [GetAbsolutePath] successfully performed. With the following test data [Relative Folder Path: "target/downloadedFiles/"]. @01-11-2021 07:24:20.0490 AM
[ReportManager] Attempting to run locally on: [Mac-64], [Safari], Headless Execution. @01-11-2021 07:24:20.0490 AM
[ReportManager] Successfully Opened Safari. @01-11-2021 07:24:21.0303 AM
[ReportManager] Initial window size: (800, 600) @01-11-2021 07:24:21.0322 AM
[ReportManager] Window size after SWD Maximize: (1176, 811) @01-11-2021 07:24:21.0337 AM
[ReportManager] Browser Action [MaximizeWindow] successfully performed. With the following test data [New screen size is now: (1176, 811)]. @01-11-2021 07:24:21.0338 AM
[ReportManager] Target URL: [https://www.google.com/ncr], and after redirection: [www.google.com] @01-11-2021 07:24:21.0338 AM
[ReportManager] Initial URL: [] @01-11-2021 07:24:21.0383 AM
[ReportManager] Browser Action [NavigateToURL] successfully performed. With the following test data [https://www.google.com/ncr]. @01-11-2021 07:24:22.0940 A

################################################################################################################################################
Starting Execution:	[44 out of 143] test cases in the current suite
Test Method:		[unitTests.tests_validations_assertions.assertElementAttribute_true_regexComparison_expectedToPass]
################################################################################################################################################
[ReportManager] Element Action [Type] successfully performed. With the following test data [Automation123]. @01-11-2021 07:24:23.0544 AM
[ReportManager] Element Action [GetText] successfully performed. With the following test data [Automation123]. @01-11-2021 07:24:23.0591 AM
[ReportManager] Loaded Shared OpenCV @01-11-2021 07:24:23.0655 AM
[ReportManager] Assertion [ValidateElementAttribute] PASSED. Expected [Value Should be 'Automation.*' for the 'text' attribute, element locator 'By.name: q'] and Actual [Automation123]. Comparison Type [MATCHES]. Validation Type [POSITIVE]. @01-11-2021 07:24:23.0761 AM
[ReportManager] Successfully created attachment [Screenshot - 1635751463655_assertElementAttribute_true_regexComparison_expectedToPass_ValidateElementAttribute_passed] @01-11-2021 07:24:23.0763 A
[ReportManager] Browser Action [CloseCurrentWindow] successfully performed. @01-11-2021 07:24:23.0864 AM
[ReportManager] Successfully created attachment [Browser Action Test Data - CloseCurrentWindow - Actual Value] @01-11-2021 07:24:23.0865 A
[ReportManager] File Action [GetAbsolutePath] successfully performed. With the following test data [Relative Folder Path: "target/downloadedFiles/"]. @01-11-2021 07:24:23.0869 AM
[ReportManager] Attempting to run locally on: [Mac-64], [Safari], Headless Execution. @01-11-2021 07:24:23.0869 AM
[ReportManager] Successfully Opened Safari. @01-11-2021 07:24:24.0658 AM
[ReportManager] Initial window size: (800, 600) @01-11-2021 07:24:24.0673 AM
[ReportManager] Window size after SWD Maximize: (1176, 811) @01-11-2021 07:24:24.0684 AM
[ReportManager] Browser Action [MaximizeWindow] successfully performed. With the following test data [New screen size is now: (1176, 811)]. @01-11-2021 07:24:24.0684 AM
[ReportManager] Target URL: [https://www.google.com/ncr], and after redirection: [www.google.com] @01-11-2021 07:24:24.0684 AM
[ReportManager] Initial URL: [] @01-11-2021 07:24:24.0727 AM
[ReportManager] Browser Action [NavigateToURL] successfully performed. With the following test data [https://www.google.com/ncr]. @01-11-2021 07:24:26.0134 A

################################################################################################################################################
Starting Execution:	[45 out of 143] test cases in the current suite
Test Method:		[unitTests.tests_validations_assertions.assertElementAttribute_type_true_literalComparison_expectedToPass]
################################################################################################################################################
[ReportManager] Element Action [Type] successfully performed. With the following test data [Automation!@#$%^&*()_+{}[]\';/.,]. @01-11-2021 07:24:27.0151 AM
[ReportManager] Element Action [GetText] successfully performed. With the following test data [Automation!@#$%^&*()_+{}[]\';/.,]. @01-11-2021 07:24:27.0211 AM
[ReportManager] Loaded Shared OpenCV @01-11-2021 07:24:27.0279 AM
[ReportManager] Assertion [ValidateElementAttribute] PASSED. Expected [Value Should be 'Automation!@#$%^&*()_+{}[]\';/.,' for the 'text' attribute, element locator 'By.name: q'] and Actual [Automation!@#$%^&*()_+{}[]\';/.,]. Comparison Type [EQUALS]. Validation Type [POSITIVE]. @01-11-2021 07:24:27.0388 AM
[ReportManager] Successfully created attachment [Screenshot - 1635751467279_assertElementAttribute_type_true_literalComparison_expectedToPass_ValidateElementAttribute_passed] @01-11-2021 07:24:27.0390 A
[ReportManager] Browser Action [CloseCurrentWindow] successfully performed. @01-11-2021 07:24:27.0600 AM
[ReportManager] Successfully created attachment [Browser Action Test Data - CloseCurrentWindow - Actual Value] @01-11-2021 07:24:27.0601 A
[ReportManager] File Action [GetAbsolutePath] successfully performed. With the following test data [Relative Folder Path: "target/downloadedFiles/"]. @01-11-2021 07:24:27.0604 AM
[ReportManager] Attempting to run locally on: [Mac-64], [Safari], Headless Execution. @01-11-2021 07:24:27.0604 AM
[ReportManager] Successfully Opened Safari. @01-11-2021 07:24:28.0470 AM
[ReportManager] Initial window size: (800, 600) @01-11-2021 07:24:28.0490 AM
[ReportManager] Window size after SWD Maximize: (1176, 811) @01-11-2021 07:24:28.0504 AM
[ReportManager] Browser Action [MaximizeWindow] successfully performed. With the following test data [New screen size is now: (1176, 811)]. @01-11-2021 07:24:28.0504 AM
[ReportManager] Target URL: [https://www.google.com/ncr], and after redirection: [www.google.com] @01-11-2021 07:24:28.0504 AM
[ReportManager] Initial URL: [] @01-11-2021 07:24:28.0551 AM
[ReportManager] Browser Action [NavigateToURL] successfully performed. With the following test data [https://www.google.com/ncr]. @01-11-2021 07:24:29.0552 A

################################################################################################################################################
Starting Execution:	[46 out of 143] test cases in the current suite
Test Method:		[unitTests.tests_validations_assertions.assertElementExists_false_expectedToFail]
################################################################################################################################################
[ReportManager] Loaded Shared OpenCV @01-11-2021 07:24:29.0645 AM
[ReportManager] Assertion [ValidateElementExists] FAILED. Expected [Element Should not Exist, locator 'By.id: hplogo'] and Actual [Element Exists]. Comparison Type [EQUALS]. Validation Type [NEGATIVE]. @01-11-2021 07:24:29.0746 AM
[ReportManager] Successfully created attachment [Screenshot - 1635751469645_assertElementExists_false_expectedToFail_ValidateElementExists_failed] @01-11-2021 07:24:29.0747 A
[ReportManager] Browser Action [CloseCurrentWindow] successfully performed. @01-11-2021 07:24:29.0968 AM
[ReportManager] Successfully created attachment [Browser Action Test Data - CloseCurrentWindow - Actual Value] @01-11-2021 07:24:29.0968 A
[ReportManager] File Action [GetAbsolutePath] successfully performed. With the following test data [Relative Folder Path: "target/downloadedFiles/"]. @01-11-2021 07:24:29.0972 AM
[ReportManager] Attempting to run locally on: [Mac-64], [Safari], Headless Execution. @01-11-2021 07:24:29.0972 AM
[ReportManager] Successfully Opened Safari. @01-11-2021 07:24:30.0812 AM
[ReportManager] Initial window size: (800, 600) @01-11-2021 07:24:30.0816 AM
[ReportManager] Window size after SWD Maximize: (1176, 811) @01-11-2021 07:24:30.0827 AM
[ReportManager] Browser Action [MaximizeWindow] successfully performed. With the following test data [New screen size is now: (1176, 811)]. @01-11-2021 07:24:30.0831 AM
[ReportManager] Target URL: [https://www.google.com/ncr], and after redirection: [www.google.com] @01-11-2021 07:24:30.0837 AM
[ReportManager] Initial URL: [] @01-11-2021 07:24:30.0898 AM
[ReportManager] Browser Action [NavigateToURL] successfully performed. With the following test data [https://www.google.com/ncr]. @01-11-2021 07:24:31.0889 A

################################################################################################################################################
Starting Execution:	[47 out of 143] test cases in the current suite
Test Method:		[unitTests.tests_validations_assertions.assertElementExists_false_expectedToPass]
###############################################################################################################################################
[ReportManager] Browser Action [CloseCurrentWindow] successfully performed. @01-11-2021 07:24:32.0150 AM
[ReportManager] Successfully created attachment [Browser Action Test Data - CloseCurrentWindow - Actual Value] @01-11-2021 07:24:32.0151 A
[ReportManager] File Action [GetAbsolutePath] successfully performed. With the following test data [Relative Folder Path: "target/downloadedFiles/"]. @01-11-2021 07:24:32.0154 AM
[ReportManager] Attempting to run locally on: [Mac-64], [Safari], Headless Execution. @01-11-2021 07:24:32.0154 AM
[ReportManager] Successfully Opened Safari. @01-11-2021 07:24:32.0926 AM
[ReportManager] Initial window size: (800, 600) @01-11-2021 07:24:32.0942 AM
[ReportManager] Window size after SWD Maximize: (1176, 811) @01-11-2021 07:24:32.0953 AM
[ReportManager] Browser Action [MaximizeWindow] successfully performed. With the following test data [New screen size is now: (1176, 811)]. @01-11-2021 07:24:32.0953 AM
[ReportManager] Target URL: [https://www.google.com/ncr], and after redirection: [www.google.com] @01-11-2021 07:24:32.0953 AM
[ReportManager] Initial URL: [] @01-11-2021 07:24:32.0991 AM
[ReportManager] Browser Action [NavigateToURL] successfully performed. With the following test data [https://www.google.com/ncr]. @01-11-2021 07:24:34.0411 A

################################################################################################################################################
Starting Execution:	[48 out of 143] test cases in the current suite
Test Method:		[unitTests.tests_validations_assertions.assertElementExists_false_multipleElementsFound_expectedToFail]
################################################################################################################################################
[ReportManager] Assertion [ValidateElementExists] FAILED. Expected [Element Should not Exist, locator 'By.xpath: //div'] and Actual [Element Exists but is not unique]. Comparison Type [EQUALS]. Validation Type [NEGATIVE]. @01-11-2021 07:24:34.0588 AM
[ReportManager] Successfully created attachment [Screenshot - 1635751474491_assertElementExists_false_multipleElementsFound_expectedToFail_ValidateElementExists_failed] @01-11-2021 07:24:34.0589 A
[ReportManager] Browser Action [CloseCurrentWindow] successfully performed. @01-11-2021 07:24:34.0730 AM
[ReportManager] Successfully created attachment [Browser Action Test Data - CloseCurrentWindow - Actual Value] @01-11-2021 07:24:34.0731 A
[ReportManager] File Action [GetAbsolutePath] successfully performed. With the following test data [Relative Folder Path: "target/downloadedFiles/"]. @01-11-2021 07:24:34.0734 AM
[ReportManager] Attempting to run locally on: [Mac-64], [Safari], Headless Execution. @01-11-2021 07:24:34.0734 AM
[ReportManager] Successfully Opened Safari. @01-11-2021 07:24:35.0528 AM
[ReportManager] Initial window size: (800, 600) @01-11-2021 07:24:35.0537 AM
[ReportManager] Window size after SWD Maximize: (1176, 811) @01-11-2021 07:24:35.0558 AM
[ReportManager] Browser Action [MaximizeWindow] successfully performed. With the following test data [New screen size is now: (1176, 811)]. @01-11-2021 07:24:35.0559 AM
[ReportManager] Target URL: [https://www.google.com/ncr], and after redirection: [www.google.com] @01-11-2021 07:24:35.0559 AM
[ReportManager] Initial URL: [] @01-11-2021 07:24:35.0617 AM
[ReportManager] Browser Action [NavigateToURL] successfully performed. With the following test data [https://www.google.com/ncr]. @01-11-2021 07:24:36.0951 A

################################################################################################################################################
Starting Execution:	[49 out of 143] test cases in the current suite
Test Method:		[unitTests.tests_validations_assertions.assertElementExists_true_expectedToFail]
###############################################################################################################################################
[ReportManager] Browser Action [CloseCurrentWindow] successfully performed. @01-11-2021 07:24:37.0073 AM
[ReportManager] Successfully created attachment [Browser Action Test Data - CloseCurrentWindow - Actual Value] @01-11-2021 07:24:37.0074 A
[ReportManager] File Action [GetAbsolutePath] successfully performed. With the following test data [Relative Folder Path: "target/downloadedFiles/"]. @01-11-2021 07:24:37.0078 AM
[ReportManager] Attempting to run locally on: [Mac-64], [Safari], Headless Execution. @01-11-2021 07:24:37.0078 AM
[ReportManager] Successfully Opened Safari. @01-11-2021 07:24:37.0834 AM
[ReportManager] Initial window size: (800, 600) @01-11-2021 07:24:37.0849 AM
[ReportManager] Window size after SWD Maximize: (1176, 811) @01-11-2021 07:24:37.0863 AM
[ReportManager] Browser Action [MaximizeWindow] successfully performed. With the following test data [New screen size is now: (1176, 811)]. @01-11-2021 07:24:37.0864 AM
[ReportManager] Target URL: [https://www.google.com/ncr], and after redirection: [www.google.com] @01-11-2021 07:24:37.0864 AM
[ReportManager] Initial URL: [] @01-11-2021 07:24:37.0908 AM
[ReportManager] Browser Action [NavigateToURL] successfully performed. With the following test data [https://www.google.com/ncr]. @01-11-2021 07:24:38.0783 A

################################################################################################################################################
Starting Execution:	[50 out of 143] test cases in the current suite
Test Method:		[unitTests.tests_validations_assertions.assertElementExists_true_expectedToPass]
################################################################################################################################################
[ReportManager] Loaded Shared OpenCV @01-11-2021 07:24:38.0887 AM
[ReportManager] Assertion [ValidateElementExists] PASSED. Expected [Element Should Exist, locator 'By.xpath: //*[@id='hplogo' or @alt='Google']'] and Actual [Element Exists]. Comparison Type [EQUALS]. Validation Type [POSITIVE]. @01-11-2021 07:24:38.0990 AM
[ReportManager] Successfully created attachment [Screenshot - 1635751478887_assertElementExists_true_expectedToPass_ValidateElementExists_passed] @01-11-2021 07:24:38.0992 A
[ReportManager] Browser Action [CloseCurrentWindow] successfully performed. @01-11-2021 07:24:39.0089 AM
[ReportManager] Successfully created attachment [Browser Action Test Data - CloseCurrentWindow - Actual Value] @01-11-2021 07:24:39.0090 A
[ReportManager] File Action [GetAbsolutePath] successfully performed. With the following test data [Relative Folder Path: "target/downloadedFiles/"]. @01-11-2021 07:24:39.0093 AM
[ReportManager] Attempting to run locally on: [Mac-64], [Safari], Headless Execution. @01-11-2021 07:24:39.0093 AM
[ReportManager] Successfully Opened Safari. @01-11-2021 07:24:39.0928 AM
[ReportManager] Initial window size: (800, 600) @01-11-2021 07:24:39.0939 AM
[ReportManager] Window size after SWD Maximize: (1176, 811) @01-11-2021 07:24:39.0958 AM
[ReportManager] Browser Action [MaximizeWindow] successfully performed. With the following test data [New screen size is now: (1176, 811)]. @01-11-2021 07:24:39.0958 AM
[ReportManager] Target URL: [https://www.google.com/ncr], and after redirection: [www.google.com] @01-11-2021 07:24:39.0958 AM
[ReportManager] Initial URL: [] @01-11-2021 07:24:40.0027 AM
[ReportManager] Browser Action [NavigateToURL] successfully performed. With the following test data [https://www.google.com/ncr]. @01-11-2021 07:24:41.0053 A

################################################################################################################################################
Starting Execution:	[51 out of 143] test cases in the current suite
Test Method:		[unitTests.tests_validations_assertions.assertElementExists_true_multipleElementsFound_expectedToFail]
################################################################################################################################################
[ReportManager] Assertion [ValidateElementExists] FAILED. Expected [Element Should Exist, locator 'By.xpath: //div'] and Actual [Element Exists but is not unique]. Comparison Type [EQUALS]. Validation Type [POSITIVE]. @01-11-2021 07:24:41.0239 AM
[ReportManager] Successfully created attachment [Screenshot - 1635751481140_assertElementExists_true_multipleElementsFound_expectedToFail_ValidateElementExists_failed] @01-11-2021 07:24:41.0240 A
[ReportManager] Browser Action [CloseCurrentWindow] successfully performed. @01-11-2021 07:24:41.0464 AM
[ReportManager] Successfully created attachment [Browser Action Test Data - CloseCurrentWindow - Actual Value] @01-11-2021 07:24:41.0465 A

################################################################################################################################################
Starting Execution:	[52 out of 143] test cases in the current suite
Test Method:		[unitTests.tests_validations_assertions.assertEquals_false_expectedToFail]
################################################################################################################################################
[ReportManager] Assertion [ValidateEquals] FAILED. Expected [1] and Actual [1]. Comparison Type [EQUALS]. Validation Type [NEGATIVE]. @01-11-2021 07:24:41.0471 A

################################################################################################################################################
Starting Execution:	[53 out of 143] test cases in the current suite
Test Method:		[unitTests.tests_validations_assertions.assertEquals_false_expectedToPass]
################################################################################################################################################
[ReportManager] Assertion [ValidateEquals] PASSED. Expected [1] and Actual [2]. Comparison Type [EQUALS]. Validation Type [NEGATIVE]. @01-11-2021 07:24:41.0476 A

################################################################################################################################################
Starting Execution:	[54 out of 143] test cases in the current suite
Test Method:		[unitTests.tests_validations_assertions.assertEquals_longCharacters]
################################################################################################################################################
[ReportManager] Verification [ValidateEquals] PASSED. Expected and Actual values are attached. Comparison Type [EQUALS]. Validation Type [POSITIVE]. @01-11-2021 07:24:41.0482 AM
[ReportManager] Successfully created attachment [Validation Test Data - Expected Value] @01-11-2021 07:24:41.0483 AM
[ReportManager] Successfully created attachment [Validation Test Data - Actual Value] @01-11-2021 07:24:41.0483 AM
[ReportManager] Assertion [ValidateEquals] PASSED. Expected and Actual values are attached. Comparison Type [EQUALS]. Validation Type [POSITIVE]. @01-11-2021 07:24:41.0483 AM
[ReportManager] Successfully created attachment [Validation Test Data - Expected Value] @01-11-2021 07:24:41.0484 AM
[ReportManager] Successfully created attachment [Validation Test Data - Actual Value] @01-11-2021 07:24:41.0484 A

################################################################################################################################################
Starting Execution:	[55 out of 143] test cases in the current suite
Test Method:		[unitTests.tests_validations_assertions.assertEquals_longCharacters_Discreet]
################################################################################################################################################
[ReportManager] Assertion [ValidateEquals] PASSED. Expected [1LH5pROcDBjjQk0t0mCr0lXuzQu9lcGj28kY8R1H81X67eVAQJgWQhILiRWVPUgZ6uCtK5cnBkF55Jr9vYngjGO1Iyf0Mktv6lruDlL9T8MAUPcUZJGHZtji6nIeadujDSNmWMj5d6C8zlFqw0CRqBU0hO5adIasHgBSNoLotAjce3NGXoDwAlp3rYreeV16VIyZXROQY] and Actual [1LH5pROcDBjjQk0t0mCr0lXuzQu9lcGj28kY8R1H81X67eVAQJgWQhILiRWVPUgZ6uCtK5cnBkF55Jr9vYngjGO1Iyf0Mktv6lruDlL9T8MAUPcUZJGHZtji6nIeadujDSNmWMj5d6C8zlFqw0CRqBU0hO5adIasHgBSNoLotAjce3NGXoDwAlp3rYreeV16VIyZXROQY]. Comparison Type [EQUALS]. Validation Type [POSITIVE]. @01-11-2021 07:24:41.0488 A

################################################################################################################################################
Starting Execution:	[56 out of 143] test cases in the current suite
Test Method:		[unitTests.tests_validations_assertions.assertEquals_true_expectedToFail]
################################################################################################################################################
[ReportManager] Assertion [ValidateEquals] FAILED. Expected [1] and Actual [2]. Comparison Type [EQUALS]. Validation Type [POSITIVE]. @01-11-2021 07:24:41.0491 A

################################################################################################################################################
Starting Execution:	[57 out of 143] test cases in the current suite
Test Method:		[unitTests.tests_validations_assertions.assertEquals_true_expectedToPass]
Test Description:	[Assert that assertEquals works as expected when the two values are equal.]
################################################################################################################################################
[ReportManager] Verification [ValidateEquals] PASSED. Expected [1] and Actual [1]. Comparison Type [EQUALS]. Validation Type [POSITIVE]. @01-11-2021 07:24:41.0498 AM
[ReportManager] Assertion [ValidateEquals] PASSED. Expected [1] and Actual [1]. Comparison Type [EQUALS]. Validation Type [POSITIVE]. @01-11-2021 07:24:41.0499 A

################################################################################################################################################
Starting Execution:	[58 out of 143] test cases in the current suite
Test Method:		[unitTests.tests_validations_assertions.assertEquals_true_expectedToPass__]
################################################################################################################################################
[ReportManager] Assertion [ValidateEquals] PASSED. Expected [1] and Actual [1]. Comparison Type [EQUALS]. Validation Type [POSITIVE]. @01-11-2021 07:24:41.0502 A

################################################################################################################################################
Starting Execution:	[59 out of 143] test cases in the current suite
Test Method:		[unitTests.tests_validations_assertions.assertFileExists_false_expectedToFail]
################################################################################################################################################
[ReportManager] File Action [DoesFileExist] successfully performed. With the following test data [File Path: "src/main/java/com/shaft/gui/element/ElementActions.java"]. @01-11-2021 07:24:41.0506 AM
[ReportManager] Assertion [ValidateFileExists] FAILED. Expected [File 'src/main/java/com/shaft/gui/element/ElementActions.java' should not exist, after up to '1' retries] and Actual [File exists]. Validation Type [NEGATIVE]. @01-11-2021 07:24:41.0517 A

################################################################################################################################################
Starting Execution:	[60 out of 143] test cases in the current suite
Test Method:		[unitTests.tests_validations_assertions.assertFileExists_false_expectedToPass]
################################################################################################################################################
[ReportManager] File Action [DoesFileExist] successfully performed. With the following test data [File Path: "src/main/java/com/shaft/gui/element/ElementActions.java_fail"]. @01-11-2021 07:24:42.0153 AM
[ReportManager] Assertion [ValidateFileExists] PASSED. Expected [File 'src/main/java/com/shaft/gui/element/ElementActions.java_fail' should not exist, after up to '1' retries] and Actual [File does not exist]. Validation Type [NEGATIVE]. @01-11-2021 07:24:42.0154 A

################################################################################################################################################
Starting Execution:	[61 out of 143] test cases in the current suite
Test Method:		[unitTests.tests_validations_assertions.assertFileExists_true_expectedToFail]
################################################################################################################################################
[ReportManager] File Action [DoesFileExist] successfully performed. With the following test data [File Path: "src/main/java/com/shaft/gui/element/ElementActions.java_fail"]. @01-11-2021 07:24:42.0803 AM
[ReportManager] Assertion [ValidateFileExists] FAILED. Expected [File 'src/main/java/com/shaft/gui/element/ElementActions.java_fail' should exist, after up to '1' retries] and Actual [File does not exist]. Validation Type [POSITIVE]. @01-11-2021 07:24:42.0804 A

################################################################################################################################################
Starting Execution:	[62 out of 143] test cases in the current suite
Test Method:		[unitTests.tests_validations_assertions.assertFileExists_true_expectedToPass]
################################################################################################################################################
[ReportManager] File Action [DoesFileExist] successfully performed. With the following test data [File Path: "src/main/java/com/shaft/gui/element/ElementActions.java"]. @01-11-2021 07:24:42.0808 AM
[ReportManager] Assertion [ValidateFileExists] PASSED. Expected [File 'src/main/java/com/shaft/gui/element/ElementActions.java' should exist, after up to '1' retries] and Actual [File exists]. Validation Type [POSITIVE]. @01-11-2021 07:24:42.0808 A

################################################################################################################################################
Starting Execution:	[63 out of 143] test cases in the current suite
Test Method:		[unitTests.tests_validations_assertions.assertNull_false_expectedToFail]
################################################################################################################################################
[ReportManager] Assertion [ValidateNull] FAILED. Expected [NULL] and Actual [NULL]. Comparison Type [EQUALS]. Validation Type [NEGATIVE]. @01-11-2021 07:24:42.0811 A

################################################################################################################################################
Starting Execution:	[64 out of 143] test cases in the current suite
Test Method:		[unitTests.tests_validations_assertions.assertNull_false_expectedToPass]
################################################################################################################################################
[ReportManager] Assertion [ValidateNull] PASSED. Expected [NULL] and Actual [1]. Comparison Type [EQUALS]. Validation Type [NEGATIVE]. @01-11-2021 07:24:42.0815 A

################################################################################################################################################
Starting Execution:	[65 out of 143] test cases in the current suite
Test Method:		[unitTests.tests_validations_assertions.assertNull_true_expectedToFail]
################################################################################################################################################
[ReportManager] Assertion [ValidateNull] FAILED. Expected [NULL] and Actual [1]. Comparison Type [EQUALS]. Validation Type [POSITIVE]. @01-11-2021 07:24:42.0819 A

################################################################################################################################################
Starting Execution:	[66 out of 143] test cases in the current suite
Test Method:		[unitTests.tests_validations_assertions.assertNull_true_expectedToPass]
################################################################################################################################################
[ReportManager] Assertion [ValidateNull] PASSED. Expected [NULL] and Actual [NULL]. Comparison Type [EQUALS]. Validation Type [POSITIVE]. @01-11-2021 07:24:42.0822 A

################################################################################################################################################
Starting Execution:	[67 out of 143] test cases in the current suite
Test Method:		[unitTests.tests_restActions.getPostsAndAssertBodyForSpecificTitle]
################################################################################################################################################
[ReportManager] Response status code: [200], status line: [HTTP/1.1 200 OK] @01-11-2021 07:24:44.0971 AM
[ReportManager] Assertion Passed: Evaluating the actual response status code against the expected one... @01-11-2021 07:24:44.0972 AM
[ReportManager] Assertion [ValidateEquals] PASSED. Expected [200] and Actual [200]. Comparison Type [EQUALS]. Validation Type [POSITIVE]. @01-11-2021 07:24:44.0972 AM
[ReportManager] API Action [PerformRequest] successfully performed. With the following test data [Request Type: "GET" | Target Status Code: "200" | Service URL: "https://jsonplaceholder.typicode.com/posts" | Content Type: "*/*" | Response Time: "596ms"]. @01-11-2021 07:24:45.0955 AM
[ReportManager] Successfully created attachment [API Request - Specifications] @01-11-2021 07:24:45.0956 AM
[ReportManager] Successfully created attachment [API Response - JSON Body] @01-11-2021 07:24:46.0220 AM
[ReportManager] API Action [GetResponseJSONValueAsList] successfully performed. @01-11-2021 07:24:46.0246 AM
[ReportManager] API Action [GetResponseJSONValue] successfully performed. With the following test data [title]. @01-11-2021 07:24:46.0270 AM
[ReportManager] API Action [GetResponseJSONValue] successfully performed. With the following test data [title]. @01-11-2021 07:24:46.0286 AM
[ReportManager] API Action [GetResponseJSONValue] successfully performed. With the following test data [body]. @01-11-2021 07:24:46.0304 AM
[ReportManager] Assertion [ValidateEquals] PASSED. Expected [qui neque nisi nulla] and Actual [est rerum tempore vitae
sequi sint nihil reprehenderit dolor beatae ea dolores neque
fugiat blanditiis voluptate porro vel nihil molestiae ut reiciendis
qui aperiam non debitis possimus qui neque nisi nulla]. Comparison Type [CONTAINS]. Validation Type [POSITIVE]. @01-11-2021 07:24:46.0304 AM
[ReportManager] API Action [GetResponseJSONValue] successfully performed. With the following test data [title]. @01-11-2021 07:24:46.0320 AM
[ReportManager] API Action [GetResponseJSONValue] successfully performed. With the following test data [title]. @01-11-2021 07:24:46.0335 AM
[ReportManager] API Action [GetResponseJSONValue] successfully performed. With the following test data [title]. @01-11-2021 07:24:46.0349 AM
[ReportManager] API Action [GetResponseJSONValue] successfully performed. With the following test data [title]. @01-11-2021 07:24:46.0364 AM
[ReportManager] API Action [GetResponseJSONValue] successfully performed. With the following test data [title]. @01-11-2021 07:24:46.0377 AM
[ReportManager] API Action [GetResponseJSONValue] successfully performed. With the following test data [title]. @01-11-2021 07:24:46.0391 AM
[ReportManager] API Action [GetResponseJSONValue] successfully performed. With the following test data [title]. @01-11-2021 07:24:46.0404 AM
[ReportManager] API Action [GetResponseJSONValue] successfully performed. With the following test data [title]. @01-11-2021 07:24:46.0417 AM
[ReportManager] API Action [GetResponseJSONValue] successfully performed. With the following test data [title]. @01-11-2021 07:24:46.0430 AM
[ReportManager] API Action [GetResponseJSONValue] successfully performed. With the following test data [title]. @01-11-2021 07:24:46.0443 AM
[ReportManager] API Action [GetResponseJSONValue] successfully performed. With the following test data [title]. @01-11-2021 07:24:46.0459 AM
[ReportManager] API Action [GetResponseJSONValue] successfully performed. With the following test data [title]. @01-11-2021 07:24:46.0474 AM
[ReportManager] API Action [GetResponseJSONValue] successfully performed. With the following test data [title]. @01-11-2021 07:24:46.0487 AM
[ReportManager] API Action [GetResponseJSONValue] successfully performed. With the following test data [title]. @01-11-2021 07:24:46.0500 AM
[ReportManager] API Action [GetResponseJSONValue] successfully performed. With the following test data [title]. @01-11-2021 07:24:46.0514 AM
[ReportManager] API Action [GetResponseJSONValue] successfully performed. With the following test data [title]. @01-11-2021 07:24:46.0527 AM
[ReportManager] API Action [GetResponseJSONValue] successfully performed. With the following test data [title]. @01-11-2021 07:24:46.0539 AM
[ReportManager] API Action [GetResponseJSONValue] successfully performed. With the following test data [title]. @01-11-2021 07:24:46.0553 AM
[ReportManager] API Action [GetResponseJSONValue] successfully performed. With the following test data [title]. @01-11-2021 07:24:46.0567 AM
[ReportManager] API Action [GetResponseJSONValue] successfully performed. With the following test data [title]. @01-11-2021 07:24:46.0579 AM
[ReportManager] API Action [GetResponseJSONValue] successfully performed. With the following test data [title]. @01-11-2021 07:24:46.0592 AM
[ReportManager] API Action [GetResponseJSONValue] successfully performed. With the following test data [title]. @01-11-2021 07:24:46.0604 AM
[ReportManager] API Action [GetResponseJSONValue] successfully performed. With the following test data [title]. @01-11-2021 07:24:46.0617 AM
[ReportManager] API Action [GetResponseJSONValue] successfully performed. With the following test data [title]. @01-11-2021 07:24:46.0629 AM
[ReportManager] API Action [GetResponseJSONValue] successfully performed. With the following test data [title]. @01-11-2021 07:24:46.0642 AM
[ReportManager] API Action [GetResponseJSONValue] successfully performed. With the following test data [title]. @01-11-2021 07:24:46.0655 AM
[ReportManager] API Action [GetResponseJSONValue] successfully performed. With the following test data [title]. @01-11-2021 07:24:46.0668 AM
[ReportManager] API Action [GetResponseJSONValue] successfully performed. With the following test data [title]. @01-11-2021 07:24:46.0681 AM
[ReportManager] API Action [GetResponseJSONValue] successfully performed. With the following test data [title]. @01-11-2021 07:24:46.0694 AM
[ReportManager] API Action [GetResponseJSONValue] successfully performed. With the following test data [title]. @01-11-2021 07:24:46.0706 AM
[ReportManager] API Action [GetResponseJSONValue] successfully performed. With the following test data [title]. @01-11-2021 07:24:46.0717 AM
[ReportManager] API Action [GetResponseJSONValue] successfully performed. With the following test data [title]. @01-11-2021 07:24:46.0730 AM
[ReportManager] API Action [GetResponseJSONValue] successfully performed. With the following test data [title]. @01-11-2021 07:24:46.0744 AM
[ReportManager] API Action [GetResponseJSONValue] successfully performed. With the following test data [title]. @01-11-2021 07:24:46.0756 AM
[ReportManager] API Action [GetResponseJSONValue] successfully performed. With the following test data [title]. @01-11-2021 07:24:46.0769 AM
[ReportManager] API Action [GetResponseJSONValue] successfully performed. With the following test data [title]. @01-11-2021 07:24:46.0781 AM
[ReportManager] API Action [GetResponseJSONValue] successfully performed. With the following test data [title]. @01-11-2021 07:24:46.0794 AM
[ReportManager] API Action [GetResponseJSONValue] successfully performed. With the following test data [title]. @01-11-2021 07:24:46.0807 AM
[ReportManager] API Action [GetResponseJSONValue] successfully performed. With the following test data [title]. @01-11-2021 07:24:46.0820 AM
[ReportManager] API Action [GetResponseJSONValue] successfully performed. With the following test data [title]. @01-11-2021 07:24:46.0832 AM
[ReportManager] API Action [GetResponseJSONValue] successfully performed. With the following test data [title]. @01-11-2021 07:24:46.0845 AM
[ReportManager] API Action [GetResponseJSONValue] successfully performed. With the following test data [title]. @01-11-2021 07:24:46.0857 AM
[ReportManager] API Action [GetResponseJSONValue] successfully performed. With the following test data [title]. @01-11-2021 07:24:46.0869 AM
[ReportManager] API Action [GetResponseJSONValue] successfully performed. With the following test data [title]. @01-11-2021 07:24:46.0881 AM
[ReportManager] API Action [GetResponseJSONValue] successfully performed. With the following test data [title]. @01-11-2021 07:24:46.0895 AM
[ReportManager] API Action [GetResponseJSONValue] successfully performed. With the following test data [title]. @01-11-2021 07:24:46.0907 AM
[ReportManager] API Action [GetResponseJSONValue] successfully performed. With the following test data [title]. @01-11-2021 07:24:46.0920 AM
[ReportManager] API Action [GetResponseJSONValue] successfully performed. With the following test data [title]. @01-11-2021 07:24:46.0932 AM
[ReportManager] API Action [GetResponseJSONValue] successfully performed. With the following test data [title]. @01-11-2021 07:24:46.0945 AM
[ReportManager] API Action [GetResponseJSONValue] successfully performed. With the following test data [title]. @01-11-2021 07:24:46.0958 AM
[ReportManager] API Action [GetResponseJSONValue] successfully performed. With the following test data [title]. @01-11-2021 07:24:46.0971 AM
[ReportManager] API Action [GetResponseJSONValue] successfully performed. With the following test data [title]. @01-11-2021 07:24:46.0983 AM
[ReportManager] API Action [GetResponseJSONValue] successfully performed. With the following test data [title]. @01-11-2021 07:24:46.0995 AM
[ReportManager] API Action [GetResponseJSONValue] successfully performed. With the following test data [title]. @01-11-2021 07:24:47.0008 AM
[ReportManager] API Action [GetResponseJSONValue] successfully performed. With the following test data [title]. @01-11-2021 07:24:47.0022 AM
[ReportManager] API Action [GetResponseJSONValue] successfully performed. With the following test data [title]. @01-11-2021 07:24:47.0035 AM
[ReportManager] API Action [GetResponseJSONValue] successfully performed. With the following test data [title]. @01-11-2021 07:24:47.0048 AM
[ReportManager] API Action [GetResponseJSONValue] successfully performed. With the following test data [title]. @01-11-2021 07:24:47.0060 AM
[ReportManager] API Action [GetResponseJSONValue] successfully performed. With the following test data [title]. @01-11-2021 07:24:47.0073 AM
[ReportManager] API Action [GetResponseJSONValue] successfully performed. With the following test data [title]. @01-11-2021 07:24:47.0115 AM
[ReportManager] API Action [GetResponseJSONValue] successfully performed. With the following test data [title]. @01-11-2021 07:24:47.0127 AM
[ReportManager] API Action [GetResponseJSONValue] successfully performed. With the following test data [title]. @01-11-2021 07:24:47.0139 AM
[ReportManager] API Action [GetResponseJSONValue] successfully performed. With the following test data [title]. @01-11-2021 07:24:47.0151 AM
[ReportManager] API Action [GetResponseJSONValue] successfully performed. With the following test data [title]. @01-11-2021 07:24:47.0163 AM
[ReportManager] API Action [GetResponseJSONValue] successfully performed. With the following test data [title]. @01-11-2021 07:24:47.0175 AM
[ReportManager] API Action [GetResponseJSONValue] successfully performed. With the following test data [title]. @01-11-2021 07:24:47.0186 AM
[ReportManager] API Action [GetResponseJSONValue] successfully performed. With the following test data [title]. @01-11-2021 07:24:47.0197 AM
[ReportManager] API Action [GetResponseJSONValue] successfully performed. With the following test data [title]. @01-11-2021 07:24:47.0209 AM
[ReportManager] API Action [GetResponseJSONValue] successfully performed. With the following test data [title]. @01-11-2021 07:24:47.0221 AM
[ReportManager] API Action [GetResponseJSONValue] successfully performed. With the following test data [title]. @01-11-2021 07:24:47.0233 AM
[ReportManager] API Action [GetResponseJSONValue] successfully performed. With the following test data [title]. @01-11-2021 07:24:47.0244 AM
[ReportManager] API Action [GetResponseJSONValue] successfully performed. With the following test data [title]. @01-11-2021 07:24:47.0256 AM
[ReportManager] API Action [GetResponseJSONValue] successfully performed. With the following test data [title]. @01-11-2021 07:24:47.0268 AM
[ReportManager] API Action [GetResponseJSONValue] successfully performed. With the following test data [title]. @01-11-2021 07:24:47.0280 AM
[ReportManager] API Action [GetResponseJSONValue] successfully performed. With the following test data [title]. @01-11-2021 07:24:47.0291 AM
[ReportManager] API Action [GetResponseJSONValue] successfully performed. With the following test data [title]. @01-11-2021 07:24:47.0304 AM
[ReportManager] API Action [GetResponseJSONValue] successfully performed. With the following test data [title]. @01-11-2021 07:24:47.0315 AM
[ReportManager] API Action [GetResponseJSONValue] successfully performed. With the following test data [title]. @01-11-2021 07:24:47.0327 AM
[ReportManager] API Action [GetResponseJSONValue] successfully performed. With the following test data [title]. @01-11-2021 07:24:47.0338 AM
[ReportManager] API Action [GetResponseJSONValue] successfully performed. With the following test data [title]. @01-11-2021 07:24:47.0349 AM
[ReportManager] API Action [GetResponseJSONValue] successfully performed. With the following test data [title]. @01-11-2021 07:24:47.0360 AM
[ReportManager] API Action [GetResponseJSONValue] successfully performed. With the following test data [title]. @01-11-2021 07:24:47.0373 AM
[ReportManager] API Action [GetResponseJSONValue] successfully performed. With the following test data [title]. @01-11-2021 07:24:47.0384 AM
[ReportManager] API Action [GetResponseJSONValue] successfully performed. With the following test data [title]. @01-11-2021 07:24:47.0395 AM
[ReportManager] API Action [GetResponseJSONValue] successfully performed. With the following test data [title]. @01-11-2021 07:24:47.0407 AM
[ReportManager] API Action [GetResponseJSONValue] successfully performed. With the following test data [title]. @01-11-2021 07:24:47.0418 AM
[ReportManager] API Action [GetResponseJSONValue] successfully performed. With the following test data [title]. @01-11-2021 07:24:47.0430 AM
[ReportManager] API Action [GetResponseJSONValue] successfully performed. With the following test data [title]. @01-11-2021 07:24:47.0441 AM
[ReportManager] API Action [GetResponseJSONValue] successfully performed. With the following test data [title]. @01-11-2021 07:24:47.0452 AM
[ReportManager] API Action [GetResponseJSONValue] successfully performed. With the following test data [title]. @01-11-2021 07:24:47.0463 AM
[ReportManager] API Action [GetResponseJSONValue] successfully performed. With the following test data [title]. @01-11-2021 07:24:47.0475 AM
[ReportManager] API Action [GetResponseJSONValue] successfully performed. With the following test data [title]. @01-11-2021 07:24:47.0486 AM
[ReportManager] API Action [GetResponseJSONValue] successfully performed. With the following test data [title]. @01-11-2021 07:24:47.0499 AM
[ReportManager] API Action [GetResponseJSONValue] successfully performed. With the following test data [title]. @01-11-2021 07:24:47.0511 AM
[ReportManager] API Action [GetResponseJSONValue] successfully performed. With the following test data [title]. @01-11-2021 07:24:47.0521 AM
[ReportManager] API Action [GetResponseJSONValue] successfully performed. With the following test data [title]. @01-11-2021 07:24:47.0532 AM
[ReportManager] API Action [GetResponseJSONValue] successfully performed. With the following test data [title]. @01-11-2021 07:24:47.0543 AM
[ReportManager] API Action [GetResponseJSONValue] successfully performed. With the following test data [title]. @01-11-2021 07:24:47.0553 A

################################################################################################################################################
Starting Execution:	[68 out of 143] test cases in the current suite
Test Method:		[unitTests.tests_restActions.validateUserEmail]
################################################################################################################################################
[ReportManager] Response status code: [200], status line: [HTTP/1.1 200 OK] @01-11-2021 07:24:47.0600 AM
[ReportManager] Assertion Passed: Evaluating the actual response status code against the expected one... @01-11-2021 07:24:47.0600 AM
[ReportManager] Assertion [ValidateEquals] PASSED. Expected [200] and Actual [200]. Comparison Type [EQUALS]. Validation Type [POSITIVE]. @01-11-2021 07:24:47.0600 AM
[ReportManager] API Action [PerformRequest] successfully performed. With the following test data [Request Type: "GET" | Target Status Code: "200" | Service URL: "https://jsonplaceholder.typicode.com/users" | Content Type: "*/*" | Response Time: "36ms"]. @01-11-2021 07:24:47.0622 AM
[ReportManager] Successfully created attachment [API Request - Specifications] @01-11-2021 07:24:47.0623 AM
[ReportManager] Successfully created attachment [API Response - JSON Body] @01-11-2021 07:24:47.0624 AM
[ReportManager] Assertion [ValidateEquals] PASSED. Expected and Actual values are attached. Comparison Type [CONTAINS]. Validation Type [POSITIVE]. @01-11-2021 07:24:47.0624 AM
[ReportManager] Successfully created attachment [Validation Test Data - Expected Value] @01-11-2021 07:24:47.0624 AM
[ReportManager] Successfully created attachment [Validation Test Data - Actual Value] @01-11-2021 07:24:47.0625 AM
[ReportManager] API Action [GetResponseJSONValueAsList] successfully performed. With the following test data [$]. @01-11-2021 07:24:47.0632 AM
[ReportManager] API Action [GetResponseJSONValue] successfully performed. With the following test data [name]. @01-11-2021 07:24:47.0645 AM
[ReportManager] API Action [GetResponseJSONValue] successfully performed. With the following test data [email]. @01-11-2021 07:24:47.0657 AM
[ReportManager] Assertion [ValidateEquals] PASSED. Expected [Sincere@april.biz] and Actual [Sincere@april.biz]. Comparison Type [EQUALS]. Validation Type [POSITIVE]. @01-11-2021 07:24:47.0658 AM
[ReportManager] API Action [GetResponseJSONValue] successfully performed. With the following test data [name]. @01-11-2021 07:24:47.0670 AM
[ReportManager] API Action [GetResponseJSONValue] successfully performed. With the following test data [name]. @01-11-2021 07:24:47.0681 AM
[ReportManager] API Action [GetResponseJSONValue] successfully performed. With the following test data [name]. @01-11-2021 07:24:47.0692 AM
[ReportManager] API Action [GetResponseJSONValue] successfully performed. With the following test data [name]. @01-11-2021 07:24:47.0704 AM
[ReportManager] API Action [GetResponseJSONValue] successfully performed. With the following test data [name]. @01-11-2021 07:24:47.0715 AM
[ReportManager] API Action [GetResponseJSONValue] successfully performed. With the following test data [name]. @01-11-2021 07:24:47.0725 AM
[ReportManager] API Action [GetResponseJSONValue] successfully performed. With the following test data [name]. @01-11-2021 07:24:47.0736 AM
[ReportManager] API Action [GetResponseJSONValue] successfully performed. With the following test data [name]. @01-11-2021 07:24:47.0747 AM
[ReportManager] API Action [GetResponseJSONValue] successfully performed. With the following test data [name]. @01-11-2021 07:24:47.0758 A
[ReportManager] File Action [GetAbsolutePath] successfully performed. With the following test data [Relative Folder Path: "target/downloadedFiles/"]. @01-11-2021 07:24:47.0761 AM
[ReportManager] Attempting to run locally on: [Mac-64], [Safari], Headless Execution. @01-11-2021 07:24:47.0762 AM
[ReportManager] Successfully Opened Safari. @01-11-2021 07:24:48.0571 AM
[ReportManager] Initial window size: (800, 600) @01-11-2021 07:24:48.0638 AM
[ReportManager] Window size after SWD Maximize: (1176, 811) @01-11-2021 07:24:48.0683 AM
[ReportManager] Browser Action [MaximizeWindow] successfully performed. With the following test data [New screen size is now: (1176, 811)]. @01-11-2021 07:24:48.0684 A

################################################################################################################################################
Starting Execution:	[69 out of 143] test cases in the current suite
Test Method:		[testPackage01.Test_uploadFile.uploadFile_invisibleUploadInput]
################################################################################################################################################
[ReportManager] Target URL: [https://fineuploader.com/demos.html#gallery-view] @01-11-2021 07:24:48.0687 AM
[ReportManager] Initial URL: [] @01-11-2021 07:24:48.0717 AM
[ReportManager] Browser Action [NavigateToURL] successfully performed. With the following test data [https://fineuploader.com/demos.html#gallery-view]. @01-11-2021 07:24:49.0916 AM
[ReportManager] File Action [GetAbsolutePath] successfully performed. With the following test data [Relative File Path: "src/main/resources/images/shaft.png"]. @01-11-2021 07:24:49.0917 AM
[ReportManager] Successfully created attachment [File Action Actual Result - Command Log] @01-11-2021 07:24:49.0918 A
[ReportManager] Browser Action [CloseCurrentWindow] successfully performed. @01-11-2021 07:24:50.0332 AM
[ReportManager] Successfully created attachment [Browser Action Test Data - CloseCurrentWindow - Actual Value] @01-11-2021 07:24:50.0333 A
[ReportManager] File Action [GetAbsolutePath] successfully performed. With the following test data [Relative Folder Path: "target/downloadedFiles/"]. @01-11-2021 07:24:50.0337 AM
[ReportManager] Attempting to run locally on: [Mac-64], [Safari], Headless Execution. @01-11-2021 07:24:50.0337 AM
[ReportManager] Successfully Opened Safari. @01-11-2021 07:24:51.0147 AM
[ReportManager] Initial window size: (800, 600) @01-11-2021 07:24:51.0155 AM
[ReportManager] Window size after SWD Maximize: (1176, 811) @01-11-2021 07:24:51.0175 AM
[ReportManager] Browser Action [MaximizeWindow] successfully performed. With the following test data [New screen size is now: (1176, 811)]. @01-11-2021 07:24:51.0175 A

################################################################################################################################################
Starting Execution:	[70 out of 143] test cases in the current suite
Test Method:		[testPackage01.Test_uploadFile.uploadFile_visibleUploadInput]
################################################################################################################################################
[ReportManager] Target URL: [http://demo.guru99.com/test/upload/] @01-11-2021 07:24:51.0178 AM
[ReportManager] Initial URL: [] @01-11-2021 07:24:51.0244 AM
[ReportManager] Browser Action [NavigateToURL] successfully performed. With the following test data [http://demo.guru99.com/test/upload/]. @01-11-2021 07:24:52.0423 AM
[ReportManager] File Action [GetAbsolutePath] successfully performed. With the following test data [Relative File Path: "src/main/resources/images/shaft.png"]. @01-11-2021 07:24:52.0424 AM
[ReportManager] Successfully created attachment [File Action Actual Result - Command Log] @01-11-2021 07:24:52.0424 AM
[ReportManager] Element Action [TypeFileLocationForUpload] successfully performed. With the following test data [/Users/runner/work/SHAFT_ENGINE/SHAFT_ENGINE/src/main/resources/images/shaft.png]. @01-11-2021 07:24:52.0473 AM
[ReportManager] Element Action [Click] successfully performed. With the following test data [on]. @01-11-2021 07:24:52.0746 AM
[ReportManager] Element Action [Click] successfully performed. With the following test data [ Submit File]. @01-11-2021 07:24:53.0363 AM
[ReportManager] Element Action [GetText] successfully performed. With the following test data [1 file has been successfully uploaded.]. @01-11-2021 07:24:53.0990 AM
[ReportManager] Loaded Shared OpenCV @01-11-2021 07:24:54.0042 AM
[ReportManager] Assertion [ValidateElementAttribute] PASSED. Expected [Value Should be '1 file' for the 'Text' attribute, element locator 'By.id: res'] and Actual [1 file has been successfully uploaded.]. Comparison Type [CONTAINS]. Validation Type [POSITIVE]. @01-11-2021 07:24:54.0128 AM
[ReportManager] Successfully created attachment [Screenshot - 1635751494042_uploadFile_visibleUploadInput_ValidateElementAttribute_passed] @01-11-2021 07:24:54.0129 A
[ReportManager] Browser Action [CloseCurrentWindow] successfully performed. @01-11-2021 07:24:54.0234 AM
[ReportManager] Successfully created attachment [Browser Action Test Data - CloseCurrentWindow - Actual Value] @01-11-2021 07:24:54.0235 A

################################################################################################################################################
Starting Execution:	[71 out of 143] test cases in the current suite
Test Method:		[testPackage01.Test_AssertApiResponseEquals.assertApiResponseEquals_expectedToPass]
################################################################################################################################################
[ReportManager] Response status code: [200], status line: [HTTP/1.1 200 OK] @01-11-2021 07:24:54.0294 AM
[ReportManager] Assertion Passed: Evaluating the actual response status code against the expected one... @01-11-2021 07:24:54.0294 AM
[ReportManager] Assertion [ValidateEquals] PASSED. Expected [200] and Actual [200]. Comparison Type [EQUALS]. Validation Type [POSITIVE]. @01-11-2021 07:24:54.0294 AM
[ReportManager] API Action [PerformRequest] successfully performed. With the following test data [Request Type: "GET" | Target Status Code: "200" | Service URL: "https://jsonplaceholder.typicode.com/users" | Content Type: "*/*" | Response Time: "39ms"]. @01-11-2021 07:24:54.0320 AM
[ReportManager] Successfully created attachment [API Request - Specifications] @01-11-2021 07:24:54.0321 AM
[ReportManager] Successfully created attachment [API Response - JSON Body] @01-11-2021 07:24:54.0322 AM
[ReportManager] API Action [GetResponseJSONValueAsList] successfully performed. With the following test data [$]. @01-11-2021 07:24:54.0329 AM
[ReportManager] API Action [GetResponseJSONValue] successfully performed. With the following test data [name]. @01-11-2021 07:24:54.0343 AM
[ReportManager] API Action [GetResponseJSONValue] successfully performed. With the following test data [email]. @01-11-2021 07:24:54.0355 AM
[ReportManager] Verification [ValidateEquals] PASSED. Expected [Sincere@april.biz] and Actual [Sincere@april.biz]. Comparison Type [EQUALS]. Validation Type [POSITIVE]. @01-11-2021 07:24:54.0356 AM
[ReportManager] API Action [GetResponseJSONValue] successfully performed. With the following test data [username]. @01-11-2021 07:24:54.0373 AM
[ReportManager] Assertion [ValidateEquals] PASSED. Expected [Bret] and Actual [Bret]. Comparison Type [EQUALS]. Validation Type [POSITIVE]. @01-11-2021 07:24:54.0374 AM
[ReportManager] API Action [GetResponseJSONValue] successfully performed. With the following test data [name]. @01-11-2021 07:24:54.0386 AM
[ReportManager] API Action [GetResponseJSONValue] successfully performed. With the following test data [name]. @01-11-2021 07:24:54.0398 AM
[ReportManager] API Action [GetResponseJSONValue] successfully performed. With the following test data [name]. @01-11-2021 07:24:54.0411 AM
[ReportManager] API Action [GetResponseJSONValue] successfully performed. With the following test data [name]. @01-11-2021 07:24:54.0423 AM
[ReportManager] API Action [GetResponseJSONValue] successfully performed. With the following test data [name]. @01-11-2021 07:24:54.0435 AM
[ReportManager] API Action [GetResponseJSONValue] successfully performed. With the following test data [name]. @01-11-2021 07:24:54.0447 AM
[ReportManager] API Action [GetResponseJSONValue] successfully performed. With the following test data [name]. @01-11-2021 07:24:54.0461 AM
[ReportManager] API Action [GetResponseJSONValue] successfully performed. With the following test data [name]. @01-11-2021 07:24:54.0474 AM
[ReportManager] API Action [GetResponseJSONValue] successfully performed. With the following test data [name]. @01-11-2021 07:24:54.0487 A

################################################################################################################################################
Starting Execution:	[72 out of 143] test cases in the current suite
Test Method:		[testPackage01.Test_testData.f]
################################################################################################################################################
[ReportManager] Successfully loaded the following test data file [src/test/resources/TestDataFiles/testSuite01/TestData.xlsx]. @01-11-2021 07:24:54.0549 AM
[ReportManager] Successfully created attachment [Test Data - Excel] @01-11-2021 07:24:54.0550 AM
[ReportManager] Last Column Number is: [3]. Zero-based. @01-11-2021 07:24:54.0551 A

################################################################################################################################################
Starting Execution:	[73 out of 143] test cases in the current suite
Test Method:		[testPackage01.Test_PDF.testPDF_Downloaded]
################################################################################################################################################
[ReportManager] File Action [DoesFileExist] successfully performed. With the following test data [File Path: "src/test/resources/TestDataFiles/sample.pdf"]. @01-11-2021 07:24:54.0574 AM
[ReportManager] File Action [GetAbsolutePath] successfully performed. With the following test data [Relative File Path: "src/test/resources/TestDataFiles/sample.pdf"]. @01-11-2021 07:24:54.0574 AM
[ReportManager] Assertion [ValidateTrue] PASSED. Expected [TRUE] and Actual [TRUE]. Validation Type [POSITIVE]. @01-11-2021 07:24:58.0139 A
[ReportManager] File Action [GetAbsolutePath] successfully performed. With the following test data [Relative Folder Path: "target/downloadedFiles/"]. @01-11-2021 07:24:58.0143 AM
[ReportManager] Attempting to run locally on: [Mac-64], [Safari], Headless Execution. @01-11-2021 07:24:58.0143 A

################################################################################################################################################
Starting Execution:	[74 out of 143] test cases in the current suite
Test Method:		[testPackage01.Test_ShadowDOM.shadowdom]
###############################################################################################################################################

[ReportManager] File Action [GetAbsolutePath] successfully performed. With the following test data [Relative Folder Path: "target/downloadedFiles/"]. @01-11-2021 07:24:58.0419 AM
[ReportManager] Attempting to run locally on: [Mac-64], [Safari], Headless Execution. @01-11-2021 07:24:58.0420 AM
[ReportManager] Successfully Opened Safari. @01-11-2021 07:24:59.0141 AM
[ReportManager] Initial window size: (800, 600) @01-11-2021 07:24:59.0155 AM
[ReportManager] Window size after SWD Maximize: (1176, 811) @01-11-2021 07:24:59.0170 AM
[ReportManager] Browser Action [MaximizeWindow] successfully performed. With the following test data [New screen size is now: (1176, 811)]. @01-11-2021 07:24:59.0170 A

################################################################################################################################################
Starting Execution:	[75 out of 143] test cases in the current suite
Test Method:		[testPackage01.Test_clipboardActions.typeTextAndCopyPaste]
################################################################################################################################################
[ReportManager] Target URL: [https://www.google.com/ncr], and after redirection: [https://www.google.com] @01-11-2021 07:24:59.0173 AM
[ReportManager] Initial URL: [] @01-11-2021 07:24:59.0225 AM
[ReportManager] Browser Action [NavigateToURL] successfully performed. With the following test data [https://www.google.com/ncr]. @01-11-2021 07:25:00.0563 AM
[ReportManager] Element Action [Type] successfully performed. With the following test data [FIRST]. @01-11-2021 07:25:00.0871 A
[ReportManager] Browser Action [CloseCurrentWindow] successfully performed. @01-11-2021 07:25:01.0146 AM
[ReportManager] Successfully created attachment [Browser Action Test Data - CloseCurrentWindow - Actual Value] @01-11-2021 07:25:01.0147 A

################################################################################################################################################
Starting Execution:	[76 out of 143] test cases in the current suite
Test Method:		[testPackage01.Test_NewValidationHelper.f1]
################################################################################################################################################
[ReportManager] Assertion Passed: Checking valid user data @01-11-2021 07:25:01.0152 AM
[ReportManager] Successfully created attachment [Validation Test Data - Expected Value] @01-11-2021 07:25:01.0153 AM
[ReportManager] Successfully created attachment [Validation Test Data - Actual Value] @01-11-2021 07:25:01.0153 AM
[ReportManager] Assertion [ValidateEquals] PASSED. Expected and Actual values are attached. Comparison Type [EQUALS]. Validation Type [POSITIVE]. @01-11-2021 07:25:01.0153 A
[ReportManager] File Action [GetAbsolutePath] successfully performed. With the following test data [Relative Folder Path: "target/downloadedFiles/"]. @01-11-2021 07:25:01.0156 AM
[ReportManager] Attempting to run locally on: [Mac-64], [Safari], Headless Execution. @01-11-2021 07:25:01.0156 AM
[ReportManager] Successfully Opened Safari. @01-11-2021 07:25:01.0924 AM
[ReportManager] Initial window size: (800, 600) @01-11-2021 07:25:01.0940 AM
[ReportManager] Window size after SWD Maximize: (1176, 811) @01-11-2021 07:25:01.0950 AM
[ReportManager] Browser Action [MaximizeWindow] successfully performed. With the following test data [New screen size is now: (1176, 811)]. @01-11-2021 07:25:01.0951 AM
[ReportManager] Target URL: [https://the-internet.herokuapp.com/] @01-11-2021 07:25:01.0951 AM
[ReportManager] Initial URL: [] @01-11-2021 07:25:01.0991 AM
[ReportManager] Browser Action [NavigateToURL] successfully performed. With the following test data [https://the-internet.herokuapp.com/]. @01-11-2021 07:25:02.0471 A

################################################################################################################################################
Starting Execution:	[77 out of 143] test cases in the current suite
Test Method:		[testPackage01.Test_NewValidationHelper.f10]
################################################################################################################################################
[ReportManager] Assertion [ValidateElementExists] FAILED. Expected [Element Should Exist, locator 'By.tagName: div'] and Actual [Element Exists but is not unique]. Comparison Type [EQUALS]. Validation Type [POSITIVE]. @01-11-2021 07:25:02.0736 AM
[ReportManager] Successfully created attachment [Screenshot - 1635751502547_f10_ValidateElementExists_failed] @01-11-2021 07:25:02.0738 A



################################################################################################################################################
Starting Execution:	[78 out of 143] test cases in the current suite
Test Method:		[testPackage01.Test_NewValidationHelper.f11]
###############################################################################################################################################



################################################################################################################################################
Starting Execution:	[79 out of 143] test cases in the current suite
Test Method:		[testPackage01.Test_NewValidationHelper.f12]
###############################################################################################################################################



################################################################################################################################################
Starting Execution:	[80 out of 143] test cases in the current suite
Test Method:		[testPackage01.Test_NewValidationHelper.f13]
###############################################################################################################################################



################################################################################################################################################
Starting Execution:	[81 out of 143] test cases in the current suite
Test Method:		[testPackage01.Test_NewValidationHelper.f14]
###############################################################################################################################################



################################################################################################################################################
Starting Execution:	[82 out of 143] test cases in the current suite
Test Method:		[testPackage01.Test_NewValidationHelper.f15]
###############################################################################################################################################



################################################################################################################################################
Starting Execution:	[83 out of 143] test cases in the current suite
Test Method:		[testPackage01.Test_NewValidationHelper.f16]
###############################################################################################################################################



################################################################################################################################################
Starting Execution:	[84 out of 143] test cases in the current suite
Test Method:		[testPackage01.Test_NewValidationHelper.f17]
###############################################################################################################################################



################################################################################################################################################
Starting Execution:	[85 out of 143] test cases in the current suite
Test Method:		[testPackage01.Test_NewValidationHelper.f18]
###############################################################################################################################################


################################################################################################################################################
Starting Execution:	[86 out of 143] test cases in the current suite
Test Method:		[testPackage01.Test_NewValidationHelper.f2]
###############################################################################################################################################


################################################################################################################################################
Starting Execution:	[87 out of 143] test cases in the current suite
Test Method:		[testPackage01.Test_NewValidationHelper.f20]
###############################################################################################################################################



################################################################################################################################################
Starting Execution:	[88 out of 143] test cases in the current suite
Test Method:		[testPackage01.Test_NewValidationHelper.f21]
###############################################################################################################################################



################################################################################################################################################
Starting Execution:	[89 out of 143] test cases in the current suite
Test Method:		[testPackage01.Test_NewValidationHelper.f22]
###############################################################################################################################################


################################################################################################################################################
Starting Execution:	[90 out of 143] test cases in the current suite
Test Method:		[testPackage01.Test_NewValidationHelper.f23]
###############################################################################################################################################

################################################################################################################################################
Starting Execution:	[91 out of 143] test cases in the current suite
Test Method:		[testPackage01.Test_NewValidationHelper.f24]
###############################################################################################################################################

################################################################################################################################################
Starting Execution:	[92 out of 143] test cases in the current suite
Test Method:		[testPackage01.Test_NewValidationHelper.f25]
###############################################################################################################################################

################################################################################################################################################
Starting Execution:	[93 out of 143] test cases in the current suite
Test Method:		[testPackage01.Test_NewValidationHelper.f26]
###############################################################################################################################################

################################################################################################################################################
Starting Execution:	[94 out of 143] test cases in the current suite
Test Method:		[testPackage01.Test_NewValidationHelper.f27]
###############################################################################################################################################

################################################################################################################################################
Starting Execution:	[95 out of 143] test cases in the current suite
Test Method:		[testPackage01.Test_NewValidationHelper.f28]
###############################################################################################################################################

################################################################################################################################################
Starting Execution:	[96 out of 143] test cases in the current suite
Test Method:		[testPackage01.Test_NewValidationHelper.f29]
###############################################################################################################################################

################################################################################################################################################
Starting Execution:	[97 out of 143] test cases in the current suite
Test Method:		[testPackage01.Test_NewValidationHelper.f3]
###############################################################################################################################################

################################################################################################################################################
Starting Execution:	[98 out of 143] test cases in the current suite
Test Method:		[testPackage01.Test_NewValidationHelper.f30]
###############################################################################################################################################

################################################################################################################################################
Starting Execution:	[99 out of 143] test cases in the current suite
Test Method:		[testPackage01.Test_NewValidationHelper.f31]
###############################################################################################################################################

################################################################################################################################################
Starting Execution:	[100 out of 143] test cases in the current suite
Test Method:		[testPackage01.Test_NewValidationHelper.f32]
###############################################################################################################################################

################################################################################################################################################
Starting Execution:	[101 out of 143] test cases in the current suite
Test Method:		[testPackage01.Test_NewValidationHelper.f33]
###############################################################################################################################################

################################################################################################################################################
Starting Execution:	[102 out of 143] test cases in the current suite
Test Method:		[testPackage01.Test_NewValidationHelper.f34]
###############################################################################################################################################

################################################################################################################################################
Starting Execution:	[103 out of 143] test cases in the current suite
Test Method:		[testPackage01.Test_NewValidationHelper.f35]
###############################################################################################################################################

################################################################################################################################################
Starting Execution:	[104 out of 143] test cases in the current suite
Test Method:		[testPackage01.Test_NewValidationHelper.f36]
###############################################################################################################################################

################################################################################################################################################
Starting Execution:	[105 out of 143] test cases in the current suite
Test Method:		[testPackage01.Test_NewValidationHelper.f37]
###############################################################################################################################################

################################################################################################################################################
Starting Execution:	[106 out of 143] test cases in the current suite
Test Method:		[testPackage01.Test_NewValidationHelper.f3_1]
###############################################################################################################################################

################################################################################################################################################
Starting Execution:	[107 out of 143] test cases in the current suite
Test Method:		[testPackage01.Test_NewValidationHelper.f4]
###############################################################################################################################################

################################################################################################################################################
Starting Execution:	[108 out of 143] test cases in the current suite
Test Method:		[testPackage01.Test_NewValidationHelper.f5]
###############################################################################################################################################

################################################################################################################################################
Starting Execution:	[109 out of 143] test cases in the current suite
Test Method:		[testPackage01.Test_NewValidationHelper.f6]
###############################################################################################################################################

################################################################################################################################################
Starting Execution:	[110 out of 143] test cases in the current suite
Test Method:		[testPackage01.Test_NewValidationHelper.f6_1]
###############################################################################################################################################

################################################################################################################################################
Starting Execution:	[111 out of 143] test cases in the current suite
Test Method:		[testPackage01.Test_NewValidationHelper.f6_2]
###############################################################################################################################################

################################################################################################################################################
Starting Execution:	[112 out of 143] test cases in the current suite
Test Method:		[testPackage01.Test_NewValidationHelper.f7]
###############################################################################################################################################


################################################################################################################################################
Starting Execution:	[113 out of 143] test cases in the current suite
Test Method:		[testPackage01.Test_NewValidationHelper.f8]
###############################################################################################################################################



################################################################################################################################################
Starting Execution:	[114 out of 143] test cases in the current suite
Test Method:		[testPackage01.Test_NewValidationHelper.f9]
###############################################################################################################################################


################################################################################################################################################
Starting Execution:	[115 out of 143] test cases in the current suite
Test Method:		[testPackage01.Test_NewValidationHelper.forceFail]
###############################################################################################################################################

################################################################################################################################################
Starting Execution:	[116 out of 143] test cases in the current suite
Test Method:		[testPackage01.Test_NewValidationHelper.forceFail2]
###############################################################################################################################################

################################################################################################################################################
Starting Execution:	[117 out of 143] test cases in the current suite
Test Method:		[testPackage01.Test_JsonActions.f]
###############################################################################################################################################

################################################################################################################################################
Starting Execution:	[118 out of 143] test cases in the current suite
Test Method:		[testPackage01.Test_JsonActions.f2]
###############################################################################################################################################

################################################################################################################################################
Starting Execution:	[119 out of 143] test cases in the current suite
Test Method:		[testPackage01.Test_sendGraphqlRequest.sendGraphqlRequestUsingMutationAndVariables]
################################################################################################################################################
[ReportManager] GraphQl Request is being Performed with the Following Parameters [Service URL: https://api.spacex.land/graphql | Request Body: {"variables":"{\"name\": \"sherlock holmes\",\"rocket\": \"221B Baker Street\"}","query":"mutation ($name: String, $rocket: String) {\n  insert_users(objects: {name: $name, rocket: $rocket}) {\n    returning {\n      name\n      rocket\n    }\n  }\n}"}] @01-11-2021 07:25:03.0253 AM
[ReportManager] Response status code: [200], status line: [HTTP/1.1 200 OK] @01-11-2021 07:25:04.0551 AM
[ReportManager] Assertion Passed: Evaluating the actual response status code against the expected one... @01-11-2021 07:25:04.0551 AM
[ReportManager] Assertion [ValidateEquals] PASSED. Expected [200] and Actual [200]. Comparison Type [EQUALS]. Validation Type [POSITIVE]. @01-11-2021 07:25:04.0551 AM
[ReportManager] API Action [PerformRequest] successfully performed. With the following test data [Request Type: "POST" | Target Status Code: "200" | Service URL: "https://api.spacex.land/graphql" | Content Type: "application/json" | Response Time: "1197ms"]. @01-11-2021 07:25:04.0589 AM
[ReportManager] Successfully created attachment [API Request - Specifications] @01-11-2021 07:25:04.0590 AM
[ReportManager] Successfully created attachment [API Request - JSON Body] @01-11-2021 07:25:04.0590 AM
[ReportManager] Successfully created attachment [API Response - JSON Body] @01-11-2021 07:25:04.0591 AM
[ReportManager] API Action [GetResponseJSONValue] successfully performed. With the following test data [data.insert_users.returning[0].name]. @01-11-2021 07:25:04.0683 AM
[ReportManager] Assertion [ValidateEquals] PASSED. Expected [sherlock holmes] and Actual [sherlock holmes]. Comparison Type [EQUALS]. Validation Type [POSITIVE]. @01-11-2021 07:25:04.0683 A

################################################################################################################################################
Starting Execution:	[120 out of 143] test cases in the current suite
Test Method:		[testPackage01.Test_sendGraphqlRequest.sendGraphqlRequestUsingQuery]
################################################################################################################################################
[ReportManager] GraphQl Request is being Performed with the Following Parameters [Service URL: https://api.spacex.land/graphql | Request Body: {"query":"{company {ceo}}"}] @01-11-2021 07:25:04.0687 AM
[ReportManager] Response status code: [200], status line: [HTTP/1.1 200 OK] @01-11-2021 07:25:04.0797 AM
[ReportManager] Assertion Passed: Evaluating the actual response status code against the expected one... @01-11-2021 07:25:04.0797 AM
[ReportManager] Assertion [ValidateEquals] PASSED. Expected [200] and Actual [200]. Comparison Type [EQUALS]. Validation Type [POSITIVE]. @01-11-2021 07:25:04.0798 AM
[ReportManager] API Action [PerformRequest] successfully performed. With the following test data [Request Type: "POST" | Target Status Code: "200" | Service URL: "https://api.spacex.land/graphql" | Content Type: "application/json" | Response Time: "105ms"]. @01-11-2021 07:25:04.0811 AM
[ReportManager] Successfully created attachment [API Request - Specifications] @01-11-2021 07:25:04.0812 AM
[ReportManager] Successfully created attachment [API Request - JSON Body] @01-11-2021 07:25:04.0812 AM
[ReportManager] Successfully created attachment [API Response - JSON Body] @01-11-2021 07:25:04.0813 AM
[ReportManager] API Action [GetResponseJSONValue] successfully performed. With the following test data [data.company.ceo]. @01-11-2021 07:25:04.0825 AM
[ReportManager] Assertion [ValidateEquals] PASSED. Expected [Elon Musk] and Actual [Elon Musk]. Comparison Type [EQUALS]. Validation Type [POSITIVE]. @01-11-2021 07:25:04.0826 A
[ReportManager] File Action [GetAbsolutePath] successfully performed. With the following test data [Relative Folder Path: "target/downloadedFiles/"]. @01-11-2021 07:25:04.0829 AM
[ReportManager] Attempting to run locally on: [Mac-64], [Safari], Headless Execution. @01-11-2021 07:25:04.0829 AM
[ReportManager] Successfully Opened Safari. @01-11-2021 07:25:05.0672 AM
[ReportManager] Initial window size: (800, 600) @01-11-2021 07:25:05.0677 AM
[ReportManager] Window size after SWD Maximize: (1176, 811) @01-11-2021 07:25:05.0688 AM
[ReportManager] Browser Action [MaximizeWindow] successfully performed. With the following test data [New screen size is now: (1176, 811)]. @01-11-2021 07:25:05.0688 A

################################################################################################################################################
Starting Execution:	[121 out of 143] test cases in the current suite
Test Method:		[testPackage01.Test_dragAndDrop.dragAndDropJquery]
################################################################################################################################################
[ReportManager] Target URL: [https://jqueryui.com/resources/demos/droppable/default.html] @01-11-2021 07:25:05.0691 AM
[ReportManager] Initial URL: [] @01-11-2021 07:25:05.0787 AM
[ReportManager] Browser Action [NavigateToURL] successfully performed. With the following test data [https://jqueryui.com/resources/demos/droppable/default.html]. @01-11-2021 07:25:06.0110 AM
[ReportManager] Element Action [GetText] successfully performed. With the following test data [
	Drop here
]. @01-11-2021 07:25:06.0173 AM
[ReportManager] Element Action [DragAndDrop] successfully performed. With the following test data [Start point: (8, 18), End point: (8, 18)]. @01-11-2021 07:25:07.0228 AM
[ReportManager] Element Action [GetText] successfully performed. With the following test data [
	Dropped!
]. @01-11-2021 07:25:07.0252 AM
[ReportManager] Assertion Passed: Checking to see if the text has changed after performing drag and drop @01-11-2021 07:25:07.0253 AM
[ReportManager] Assertion [ValidateEquals] PASSED. Expected [
	Drop here
] and Actual [
	Dropped!
]. Comparison Type [EQUALS]. Validation Type [NEGATIVE]. @01-11-2021 07:25:07.0253 A
[ReportManager] Browser Action [CloseCurrentWindow] successfully performed. @01-11-2021 07:25:07.0437 AM
[ReportManager] Successfully created attachment [Browser Action Test Data - CloseCurrentWindow - Actual Value] @01-11-2021 07:25:07.0437 A
[ReportManager] File Action [GetAbsolutePath] successfully performed. With the following test data [Relative Folder Path: "target/downloadedFiles/"]. @01-11-2021 07:25:07.0439 AM
[ReportManager] Attempting to run locally on: [Mac-64], [Safari], Headless Execution. @01-11-2021 07:25:07.0439 AM
[ReportManager] Successfully Opened Safari. @01-11-2021 07:25:08.0277 AM
[ReportManager] Initial window size: (800, 600) @01-11-2021 07:25:08.0282 AM
[ReportManager] Window size after SWD Maximize: (1176, 811) @01-11-2021 07:25:08.0296 AM
[ReportManager] Browser Action [MaximizeWindow] successfully performed. With the following test data [New screen size is now: (1176, 811)]. @01-11-2021 07:25:08.0302 A

################################################################################################################################################
Starting Execution:	[122 out of 143] test cases in the current suite
Test Method:		[testPackage01.Test_dragAndDrop.dragAndDrop]
Test Description:	[TC001 - Test Drag and Drop function.]
################################################################################################################################################
[ReportManager] Target URL: [http://the-internet.herokuapp.com/drag_and_drop] @01-11-2021 07:25:08.0307 AM
[ReportManager] Initial URL: [] @01-11-2021 07:25:08.0363 AM
[ReportManager] Browser Action [NavigateToURL] successfully performed. With the following test data [http://the-internet.herokuapp.com/drag_and_drop]. @01-11-2021 07:25:08.0830 AM
[ReportManager] Attempting Drag and Drop @01-11-2021 07:25:08.0830 AM
[ReportManager] Element Action [DragAndDrop] successfully performed. With the following test data [Start point: (120, 89), End point: (335, 89)]. @01-11-2021 07:25:09.0497 A
[ReportManager] Browser Action [CloseCurrentWindow] successfully performed. @01-11-2021 07:25:09.0632 AM
[ReportManager] Successfully created attachment [Browser Action Test Data - CloseCurrentWindow - Actual Value] @01-11-2021 07:25:09.0632 A
[ReportManager] File Action [GetAbsolutePath] successfully performed. With the following test data [Relative Folder Path: "target/downloadedFiles/"]. @01-11-2021 07:25:09.0634 AM
[ReportManager] Attempting to run locally on: [Mac-64], [Safari], Headless Execution. @01-11-2021 07:25:09.0635 AM
[ReportManager] Successfully Opened Safari. @01-11-2021 07:25:10.0523 AM
[ReportManager] Initial window size: (800, 600) @01-11-2021 07:25:10.0528 AM
[ReportManager] Window size after SWD Maximize: (1176, 811) @01-11-2021 07:25:10.0540 AM
[ReportManager] Browser Action [MaximizeWindow] successfully performed. With the following test data [New screen size is now: (1176, 811)]. @01-11-2021 07:25:10.0540 A

################################################################################################################################################
Starting Execution:	[123 out of 143] test cases in the current suite
Test Method:		[testPackage01.Test_dragAndDrop.dragAndDropByOffset]
Test Description:	[TC002 - Test Drag and Drop by offset function.]
################################################################################################################################################
[ReportManager] Target URL: [https://jqueryui.com/resources/demos/draggable/default.html] @01-11-2021 07:25:10.0546 AM
[ReportManager] Initial URL: [] @01-11-2021 07:25:10.0622 AM
[ReportManager] Browser Action [NavigateToURL] successfully performed. With the following test data [https://jqueryui.com/resources/demos/draggable/default.html]. @01-11-2021 07:25:10.0977 AM
[ReportManager] Element Action [DragAndDropByOffset] successfully performed. With the following test data [Start point: (8, 8), End point: (108, 58)]. @01-11-2021 07:25:11.0737 A
[ReportManager] Browser Action [CloseCurrentWindow] successfully performed. @01-11-2021 07:25:11.0850 AM
[ReportManager] Successfully created attachment [Browser Action Test Data - CloseCurrentWindow - Actual Value] @01-11-2021 07:25:11.0851 A
[ReportManager] Successfully loaded the following test data file [src/test/resources/TestDataFiles/testSuite01/TestData.xlsx]. @01-11-2021 07:25:11.0889 AM
[ReportManager] Successfully created attachment [Test Data - Excel] @01-11-2021 07:25:11.0890 AM
[ReportManager] File Action [GetAbsolutePath] successfully performed. With the following test data [Relative Folder Path: "target/downloadedFiles/"]. @01-11-2021 07:25:11.0891 AM
[ReportManager] Attempting to run locally on: [Mac-64], [Safari], Headless Execution. @01-11-2021 07:25:11.0891 AM
[ReportManager] Successfully Opened Safari. @01-11-2021 07:25:12.0734 AM
[ReportManager] Initial window size: (800, 600) @01-11-2021 07:25:12.0751 AM
[ReportManager] Window size after SWD Maximize: (1176, 811) @01-11-2021 07:25:12.0770 AM
[ReportManager] Browser Action [MaximizeWindow] successfully performed. With the following test data [New screen size is now: (1176, 811)]. @01-11-2021 07:25:12.0770 A

################################################################################################################################################
Starting Execution:	[124 out of 143] test cases in the current suite
Test Method:		[testPackage01.Test_google.navigateToURLandVerifyGoogleLogoIsDisplayed]
Test Description:	[TC001 - Navigate to URL and Verify Google Logo is Displayed]
################################################################################################################################################
[ReportManager] Target URL: [https://www.google.com/ncr], and after redirection: [https://www.google.com] @01-11-2021 07:25:12.0773 AM
[ReportManager] Initial URL: [] @01-11-2021 07:25:12.0849 AM
[ReportManager] Browser Action [NavigateToURL] successfully performed. With the following test data [https://www.google.com/ncr]. @01-11-2021 07:25:14.0264 AM
[ReportManager] Loaded Shared OpenCV @01-11-2021 07:25:14.0347 AM
[ReportManager] Assertion [ValidateElementExists] PASSED. Expected [Element Should Exist, locator 'By.xpath: //*[@id='hplogo' or @alt='Google']'] and Actual [Element Exists]. Comparison Type [EQUALS]. Validation Type [POSITIVE]. @01-11-2021 07:25:14.0466 AM
[ReportManager] Successfully created attachment [Screenshot - 1635751514347_navigateToURLandVerifyGoogleLogoIsDisplayed_ValidateElementExists_passed] @01-11-2021 07:25:14.0468 A

################################################################################################################################################
Starting Execution:	[125 out of 143] test cases in the current suite
Test Method:		[testPackage01.Test_google.searchForQueryandAssertResultsNumDisplayed]
Test Description:	[TC002 - Search for Query and Assert that the number of results is displayed]
################################################################################################################################################
[ReportManager] Element Action [Type] successfully performed. With the following test data [SHAFT_Engine]. @01-11-2021 07:25:14.0913 AM
[ReportManager] Element Action [KeyPress] successfully performed. With the following test data [Enter]. @01-11-2021 07:25:14.0954 A

################################################################################################################################################
Starting Execution:	[126 out of 143] test cases in the current suite
Test Method:		[testPackage01.Test_google.clickNextThrice]
Test Description:	[TC003 - Clicks the next button to make sure that the framework can scroll element into view before clicking it]
###############################################################################################################################################
[ReportManager] Browser Action [CloseCurrentWindow] successfully performed. @01-11-2021 07:25:15.0184 AM
[ReportManager] Successfully created attachment [Browser Action Test Data - CloseCurrentWindow - Actual Value] @01-11-2021 07:25:15.0185 A

################################################################################################################################################
Starting Execution:	[127 out of 143] test cases in the current suite
Test Method:		[testPackage01.Test_chainableElementActions.chainElementActions]
################################################################################################################################################
[ReportManager] File Action [GetAbsolutePath] successfully performed. With the following test data [Relative Folder Path: "target/downloadedFiles/"]. @01-11-2021 07:25:15.0187 AM
[ReportManager] Attempting to run locally on: [Mac-64], [GoogleChrome], Headless Execution. @01-11-2021 07:25:15.0189 AM
[ReportManager] Identifying OS/Driver combination and selecting the correct driver version automatically. Please note that if a new driver executable will be downloaded it may take some time... @01-11-2021 07:25:15.0189 AM
[ReportManager] Successfully Opened Google Chrome. @01-11-2021 07:25:18.0097 AM
[ReportManager] Initial window size: (1920, 1080) @01-11-2021 07:25:18.0102 AM
[ReportManager] Window size after SWD Maximize: (1920, 1080) @01-11-2021 07:25:18.0256 AM
[ReportManager] Window size after Toolkit: (1920, 1080) @01-11-2021 07:25:18.0770 AM
[ReportManager] Browser Action [MaximizeWindow] successfully performed. With the following test data [New screen size is now: (1920, 1080)]. @01-11-2021 07:25:18.0773 AM
[ReportManager] Target URL: [https://www.google.com/ncr], and after redirection: [https://www.google.com] @01-11-2021 07:25:18.0773 AM
[ReportManager] Initial URL: [data:,] @01-11-2021 07:25:18.0801 AM
[ReportManager] Browser Action [NavigateToURL] successfully performed. With the following test data [https://www.google.com/ncr]. @01-11-2021 07:25:20.0087 AM
[ReportManager] Element Action [Type] successfully performed. With the following test data [chained type 1]. @01-11-2021 07:25:20.0546 AM
[ReportManager] Element Action [Type] successfully performed. With the following test data [chained type 2]. @01-11-2021 07:25:20.0822 AM
[ReportManager] Element Action [TypeAppend] successfully performed. With the following test data [345]. @01-11-2021 07:25:20.0882 AM
[ReportManager] Element Action [GetText] successfully performed. With the following test data [chained type 2345]. @01-11-2021 07:25:20.0972 AM
[ReportManager] Loaded Shared OpenCV @01-11-2021 07:25:21.0420 AM
[ReportManager] Assertion [ValidateElementAttribute] PASSED. Expected [Value Should be 'chained type 2345' for the 'text' attribute, element locator 'By.name: q'] and Actual [chained type 2345]. Comparison Type [EQUALS]. Validation Type [POSITIVE]. @01-11-2021 07:25:21.0608 AM
[ReportManager] Successfully created attachment [Screenshot - 1635751521420_chainElementActions_ValidateElementAttribute_passed] @01-11-2021 07:25:21.0610 AM
[ReportManager] Browser Action [CloseCurrentWindow] successfully performed. @01-11-2021 07:25:21.0892 AM
[ReportManager] Successfully created attachment [Browser Action Test Data - CloseCurrentWindow - Actual Value] @01-11-2021 07:25:21.0893 A

################################################################################################################################################
Starting Execution:	[128 out of 143] test cases in the current suite
Test Method:		[testPackage01.Test_JsonCompareWithSpecialCharacters.specialCharacters]
################################################################################################################################################
[ReportManager] File Action [GetAbsolutePath] successfully performed. With the following test data [Relative Folder Path: "src/test/resources/TestJsonFiles/specialCharacters.json"]. @01-11-2021 07:25:21.0902 AM
[ReportManager] File Action [ReadFromFile] successfully performed. With the following test data [File Path: "/Users/runner/work/SHAFT_ENGINE/SHAFT_ENGINE/src/test/resources/TestJsonFiles/specialCharacters.json"]. @01-11-2021 07:25:21.0907 AM
[ReportManager] Successfully created attachment [File Action Actual Result - Command Log] @01-11-2021 07:25:21.0908 AM
[ReportManager] Comparing the provided API response with the file at this path "src/test/resources/TestJsonFiles/specialCharacters.json", comparison type "EQUALS" @01-11-2021 07:25:21.0909 AM
[ReportManager] API Action [CompareJSON] successfully performed. With the following test data [src/test/resources/TestJsonFiles/specialCharacters.json]. @01-11-2021 07:25:21.0915 AM
[ReportManager] File Action [GetAbsolutePath] successfully performed. With the following test data [Relative Folder Path: "src/test/resources/TestJsonFiles/specialCharacters.json"]. @01-11-2021 07:25:21.0916 AM
[ReportManager] File Action [ReadFromFile] successfully performed. With the following test data [File Path: "/Users/runner/work/SHAFT_ENGINE/SHAFT_ENGINE/src/test/resources/TestJsonFiles/specialCharacters.json"]. @01-11-2021 07:25:21.0916 AM
[ReportManager] Verification [ValidateJSONFileContent] PASSED. Expected [Response data should match the JSON File in this path 'src/test/resources/TestJsonFiles/specialCharacters.json'] and Actual [TRUE]. Comparison Type [EQUALS]. Validation Type [POSITIVE]. @01-11-2021 07:25:21.0920 AM
[ReportManager] Successfully created attachment [Validation Test Data - Expected JSON Value] @01-11-2021 07:25:21.0921 AM
[ReportManager] Successfully created attachment [Validation Test Data - Actual JSON Value] @01-11-2021 07:25:21.0922 A

################################################################################################################################################
Starting Execution:	[129 out of 143] test cases in the current suite
Test Method:		[testPackage01.Test_JsonCompareWithSpecialCharacters.specialCharacters_assertion]
################################################################################################################################################
[ReportManager] File Action [GetAbsolutePath] successfully performed. With the following test data [Relative Folder Path: "src/test/resources/TestJsonFiles/specialCharacters.json"]. @01-11-2021 07:25:21.0925 AM
[ReportManager] File Action [ReadFromFile] successfully performed. With the following test data [File Path: "/Users/runner/work/SHAFT_ENGINE/SHAFT_ENGINE/src/test/resources/TestJsonFiles/specialCharacters.json"]. @01-11-2021 07:25:21.0926 AM
[ReportManager] Successfully created attachment [File Action Actual Result - Command Log] @01-11-2021 07:25:21.0926 AM
[ReportManager] Comparing the provided API response with the file at this path "src/test/resources/TestJsonFiles/specialCharacters.json", comparison type "CONTAINS" @01-11-2021 07:25:21.0926 AM
[ReportManager] API Action [CompareJSON] successfully performed. With the following test data [src/test/resources/TestJsonFiles/specialCharacters.json]. @01-11-2021 07:25:21.0935 AM
[ReportManager] File Action [GetAbsolutePath] successfully performed. With the following test data [Relative Folder Path: "src/test/resources/TestJsonFiles/specialCharacters.json"]. @01-11-2021 07:25:21.0935 AM
[ReportManager] File Action [ReadFromFile] successfully performed. With the following test data [File Path: "/Users/runner/work/SHAFT_ENGINE/SHAFT_ENGINE/src/test/resources/TestJsonFiles/specialCharacters.json"]. @01-11-2021 07:25:21.0935 AM
[ReportManager] Assertion Passed: trying out the log message @01-11-2021 07:25:21.0938 AM
[ReportManager] Successfully created attachment [Validation Test Data - Expected JSON Value] @01-11-2021 07:25:21.0939 AM
[ReportManager] Successfully created attachment [Validation Test Data - Actual JSON Value] @01-11-2021 07:25:21.0940 AM
[ReportManager] Assertion [ValidateJSONFileContent] PASSED. Expected [Response data should match the JSON File in this path 'src/test/resources/TestJsonFiles/specialCharacters.json'] and Actual [TRUE]. Comparison Type [CONTAINS]. Validation Type [POSITIVE]. @01-11-2021 07:25:21.0940 A

################################################################################################################################################
Starting Execution:	[130 out of 143] test cases in the current suite
Test Method:		[testPackage01.Test_SkipDueToIssue.doNotSkip]
################################################################################################################################################
[ReportManager] This should not be skipped. @01-11-2021 07:25:21.0943 A

################################################################################################################################################
Starting Execution:	[131 out of 143] test cases in the current suite
Test Method:		[testPackage01.Test_SkipDueToIssue.skip]
################################################################################################################################################
[ReportManager] This should be skipped. @01-11-2021 07:25:21.0949 A

################################################################################################################################################
Starting Execution:	[132 out of 143] test cases in the current suite
Test Method:		[testPackage01.Test_SkipDueToIssue.skip2]
################################################################################################################################################
[ReportManager] This should be skipped. @01-11-2021 07:25:21.0954 A

################################################################################################################################################
Starting Execution:	[133 out of 143] test cases in the current suite
Test Method:		[testPackage01.Test_JSONFileManager.readStringFromJson]
################################################################################################################################################
[ReportManager] Successfully loaded the following test data file [src/test/resources/TestDataFiles/simpleJSON.json]. @01-11-2021 07:25:21.0960 AM
[ReportManager] Successfully created attachment [Test Data - JSON] @01-11-2021 07:25:21.0960 AM
[ReportManager] Assertion [ValidateEquals] PASSED. Expected [Mohab Mohie] and Actual [Mohab Mohie]. Comparison Type [EQUALS]. Validation Type [POSITIVE]. @01-11-2021 07:25:21.0975 A
[ReportManager] File Action [GetAbsolutePath] successfully performed. With the following test data [Relative Folder Path: "target/downloadedFiles/"]. @01-11-2021 07:25:21.0979 AM
[ReportManager] Attempting to run locally on: [Mac-64], [Safari], Headless Execution. @01-11-2021 07:25:21.0979 AM
[ReportManager] Successfully Opened Safari. @01-11-2021 07:25:23.0155 AM
[ReportManager] Initial window size: (800, 600) @01-11-2021 07:25:23.0187 AM
[ReportManager] Window size after SWD Maximize: (1176, 811) @01-11-2021 07:25:23.0215 AM
[ReportManager] Browser Action [MaximizeWindow] successfully performed. With the following test data [New screen size is now: (1176, 811)]. @01-11-2021 07:25:23.0215 A

################################################################################################################################################
Starting Execution:	[134 out of 143] test cases in the current suite
Test Method:		[testPackage01.Test_assertEquals.test_assertElementAttribute]
################################################################################################################################################
[ReportManager] Target URL: [https://www.google.com/ncr], and after redirection: [https://www.google.com] @01-11-2021 07:25:23.0218 AM
[ReportManager] Initial URL: [] @01-11-2021 07:25:23.0286 AM
[ReportManager] Browser Action [NavigateToURL] successfully performed. With the following test data [https://www.google.com/ncr]. @01-11-2021 07:25:24.0645 AM
[ReportManager] Element Action [Type] successfully performed. With the following test data [INC_004010050:Another SCHEDULER with the same name [Duplicate Job Name] already exists.]. @01-11-2021 07:25:27.0004 AM
[ReportManager] Element Action [GetText] successfully performed. With the following test data [INC_004010050:Another SCHEDULER with the same name [Duplicate Job Name] already exists.]. @01-11-2021 07:25:27.0048 AM
[ReportManager] Loaded Shared OpenCV @01-11-2021 07:25:27.0114 AM
[ReportManager] Assertion [ValidateElementAttribute] PASSED. Expected [Value Should be 'INC_004010050:Another SCHEDULER with the same name \[Duplicate Job Name\] already exists.' for the 'text' attribute, element locator 'By.name: q'] and Actual [INC_004010050:Another SCHEDULER with the same name [Duplicate Job Name] already exists.]. Comparison Type [MATCHES]. Validation Type [POSITIVE]. @01-11-2021 07:25:27.0243 AM
[ReportManager] Successfully created attachment [Screenshot - 1635751527114_test_assertElementAttribute_ValidateElementAttribute_passed] @01-11-2021 07:25:27.0245 A
[ReportManager] Browser Action [CloseCurrentWindow] successfully performed. @01-11-2021 07:25:27.0346 AM
[ReportManager] Successfully created attachment [Browser Action Test Data - CloseCurrentWindow - Actual Value] @01-11-2021 07:25:27.0347 A
[ReportManager] File Action [GetAbsolutePath] successfully performed. With the following test data [Relative Folder Path: "target/downloadedFiles/"]. @01-11-2021 07:25:27.0348 AM
[ReportManager] Attempting to run locally on: [Mac-64], [Safari], Headless Execution. @01-11-2021 07:25:27.0349 AM
[ReportManager] Successfully Opened Safari. @01-11-2021 07:25:28.0176 AM
[ReportManager] Initial window size: (800, 600) @01-11-2021 07:25:28.0191 AM
[ReportManager] Window size after SWD Maximize: (1176, 811) @01-11-2021 07:25:28.0268 AM
[ReportManager] Browser Action [MaximizeWindow] successfully performed. With the following test data [New screen size is now: (1176, 811)]. @01-11-2021 07:25:28.0269 A

################################################################################################################################################
Starting Execution:	[135 out of 143] test cases in the current suite
Test Method:		[testPackage01.Test_IsElementClickable.testIsElementClickable]
################################################################################################################################################
[ReportManager] Target URL: [https://the-internet.herokuapp.com/] @01-11-2021 07:25:28.0273 AM
[ReportManager] Initial URL: [] @01-11-2021 07:25:28.0338 AM
[ReportManager] Browser Action [NavigateToURL] successfully performed. With the following test data [https://the-internet.herokuapp.com/]. @01-11-2021 07:25:28.0853 AM
[ReportManager] Element Action [IsElementClickable] successfully performed. @01-11-2021 07:25:28.0949 AM
[ReportManager] Assertion [ValidateTrue] PASSED. Expected [TRUE] and Actual [TRUE]. Validation Type [POSITIVE]. @01-11-2021 07:25:28.0949 A
[ReportManager] Browser Action [CloseCurrentWindow] successfully performed. @01-11-2021 07:25:29.0169 AM
[ReportManager] Successfully created attachment [Browser Action Test Data - CloseCurrentWindow - Actual Value] @01-11-2021 07:25:29.0169 A
[ReportManager] Successfully loaded the following test data file [src/test/resources/TestDataFiles/testSuite01/TestData.xlsx]. @01-11-2021 07:25:29.0206 AM
[ReportManager] Successfully created attachment [Test Data - Excel] @01-11-2021 07:25:29.0207 AM
[ReportManager] Attempting to run using Playwright locally on: [Mac-64], [Safari], Headless Execution. @01-11-2021 07:25:51.0182 AM
[ReportManager] File Action [GetAbsolutePath] successfully performed. With the following test data [Relative Folder Path: "target/downloadedFiles/"]. @01-11-2021 07:25:51.0183 AM
[ReportManager] Initial window size: (1280, 720) @01-11-2021 07:25:57.0368 AM
[ReportManager] Window size after Toolkit: com.microsoft.playwright.options.ViewportSize@63b10608 @01-11-2021 07:25:57.0378 AM
[ReportManager] Browser Action [MaximizeWindow] successfully performed. With the following test data [New screen size is now: (1920, 1080)]. @01-11-2021 07:25:57.0378 A

################################################################################################################################################
Starting Execution:	[136 out of 143] test cases in the current suite
Test Method:		[testPackage01.Test_google_playwright.navigateToURLandVerifyGoogleLogoIsDisplayed]
Test Description:	[TC001 - Navigate to URL and Verify Google Logo is Displayed]
################################################################################################################################################
[ReportManager] Target URL: [https://www.google.com/ncr], and after redirection: [https://www.google.com] @01-11-2021 07:25:57.0382 AM
[ReportManager] Initial URL: [about:blank] @01-11-2021 07:25:57.0881 AM
[ReportManager] Browser Action [NavigateToURL] successfully performed. With the following test data [https://www.google.com/ncr]. @01-11-2021 07:25:59.0591 AM
[ReportManager] Loaded Shared OpenCV @01-11-2021 07:25:59.0691 AM
[ReportManager] Assertion [ValidateElementExists] PASSED. Expected [Element Should Exist, locator 'xpath=//*[@id='hplogo' or @alt='Google']'] and Actual [Element Exists]. Comparison Type [EQUALS]. Validation Type [POSITIVE]. @01-11-2021 07:25:59.0926 AM
[ReportManager] Successfully created attachment [Screenshot - 1635751559688_navigateToURLandVerifyGoogleLogoIsDisplayed_ValidateElementExists_passed] @01-11-2021 07:25:59.0929 A

################################################################################################################################################
Starting Execution:	[137 out of 143] test cases in the current suite
Test Method:		[testPackage01.Test_google_playwright.searchForQueryandAssertResultsNumDisplayed]
Test Description:	[TC002 - Search for Query and Assert that the number of results is displayed]
################################################################################################################################################
[ReportManager] Element Action [Type] successfully performed. With the following test data [SHAFT_Engine]. @01-11-2021 07:26:00.0215 AM
[ReportManager] Element Action [KeyPress] successfully performed. With the following test data [Enter]. @01-11-2021 07:26:00.0245 AM
[ReportManager] Element Action [GetText] successfully performed. With the following test data [About 986,000 results (0.57 seconds) 
]. @01-11-2021 07:26:01.0713 AM
[ReportManager] Loaded Shared OpenCV @01-11-2021 07:26:02.0301 AM
[ReportManager] Assertion [ValidateElementAttribute] PASSED. Expected [Value Should not be '' for the 'text' attribute, element locator 'xpath=//div[@id='appbar']'] and Actual [About 986,000 results (0.57 seconds) 
]. Comparison Type [EQUALS]. Validation Type [NEGATIVE]. @01-11-2021 07:26:02.0505 AM
[ReportManager] Successfully created attachment [Screenshot - 1635751562299_searchForQueryandAssertResultsNumDisplayed_ValidateElementAttribute_passed] @01-11-2021 07:26:02.0507 A

################################################################################################################################################
Starting Execution:	[138 out of 143] test cases in the current suite
Test Method:		[testPackage01.Test_google_playwright.clickNextThrice]
Test Description:	[TC003 - Clicks the next button to make sure that the framework can scroll element into view before clicking it]
################################################################################################################################################
[ReportManager] Element Action [Click] successfully performed. With the following test data [Next]. @01-11-2021 07:26:02.0787 A
[ReportManager] Failed to find video recording. @01-11-2021 07:26:02.0789 AM
[ReportManager] Successfully Closed PlayWright Driver. @01-11-2021 07:26:02.0843 A
[ReportManager] File Action [GetAbsolutePath] successfully performed. With the following test data [Relative Folder Path: "target/downloadedFiles/"]. @01-11-2021 07:26:02.0845 AM
[ReportManager] Attempting to run locally on: [Mac-64], [Safari], Headless Execution. @01-11-2021 07:26:02.0845 AM
[ReportManager] Successfully Opened Safari. @01-11-2021 07:26:03.0637 AM
[ReportManager] Initial window size: (800, 600) @01-11-2021 07:26:03.0648 AM
[ReportManager] Window size after SWD Maximize: (1176, 811) @01-11-2021 07:26:03.0670 AM
[ReportManager] Browser Action [MaximizeWindow] successfully performed. With the following test data [New screen size is now: (1176, 811)]. @01-11-2021 07:26:03.0671 A

################################################################################################################################################
Starting Execution:	[139 out of 143] test cases in the current suite
Test Method:		[testPackage01.Test_verifyEquals.test_assertElementAttribute]
################################################################################################################################################
[ReportManager] Target URL: [https://www.google.com/ncr], and after redirection: [https://www.google.com] @01-11-2021 07:26:03.0673 AM
[ReportManager] Initial URL: [] @01-11-2021 07:26:03.0713 AM
[ReportManager] Browser Action [NavigateToURL] successfully performed. With the following test data [https://www.google.com/ncr]. @01-11-2021 07:26:05.0003 AM
[ReportManager] Element Action [Type] successfully performed. With the following test data [INC_004010050:Another SCHEDULER with the same name [Duplicate Job Name] already exists.]. @01-11-2021 07:26:07.0436 AM
[ReportManager] Element Action [GetText] successfully performed. With the following test data [INC_004010050:Another SCHEDULER with the same name [Duplicate Job Name] already exists.]. @01-11-2021 07:26:07.0488 AM
[ReportManager] Loaded Shared OpenCV @01-11-2021 07:26:07.0559 AM
[ReportManager] Verification [ValidateElementAttribute] PASSED. Expected [Value Should be 'INC_004010050:Another SCHEDULER with the same name \[Duplicate Job Name\] already exists.' for the 'text' attribute, element locator 'By.name: q'] and Actual [INC_004010050:Another SCHEDULER with the same name [Duplicate Job Name] already exists.]. Comparison Type [MATCHES]. Validation Type [POSITIVE]. @01-11-2021 07:26:07.0713 AM
[ReportManager] Successfully created attachment [Screenshot - 1635751567559_test_assertElementAttribute_ValidateElementAttribute_passed] @01-11-2021 07:26:07.0714 A
[ReportManager] Browser Action [CloseCurrentWindow] successfully performed. @01-11-2021 07:26:07.0878 AM
[ReportManager] Successfully created attachment [Browser Action Test Data - CloseCurrentWindow - Actual Value] @01-11-2021 07:26:07.0879 A

################################################################################################################################################
Starting Execution:	[140 out of 143] test cases in the current suite
Test Method:		[testPackage01.Test_SelectedValue.multipleSelect]
################################################################################################################################################
[ReportManager] File Action [GetAbsolutePath] successfully performed. With the following test data [Relative Folder Path: "target/downloadedFiles/"]. @01-11-2021 07:26:07.0882 AM
[ReportManager] Attempting to run locally on: [Mac-64], [GoogleChrome], Headless Execution. @01-11-2021 07:26:07.0882 AM
[ReportManager] Identifying OS/Driver combination and selecting the correct driver version automatically. Please note that if a new driver executable will be downloaded it may take some time... @01-11-2021 07:26:07.0883 AM
[ReportManager] Successfully Opened Google Chrome. @01-11-2021 07:26:08.0362 AM
[ReportManager] Initial window size: (1920, 1080) @01-11-2021 07:26:08.0368 AM
[ReportManager] Window size after SWD Maximize: (1920, 1080) @01-11-2021 07:26:08.0479 AM
[ReportManager] Window size after Toolkit: (1920, 1080) @01-11-2021 07:26:08.0815 AM
[ReportManager] Browser Action [MaximizeWindow] successfully performed. With the following test data [New screen size is now: (1920, 1080)]. @01-11-2021 07:26:08.0817 AM
[ReportManager] Target URL: [https://yari-demos.prod.mdn.mozit.cloud/en-US/docs/Web/HTML/Element/select/_sample_.Advanced_select_with_multiple_features.html] @01-11-2021 07:26:08.0818 AM
[ReportManager] Initial URL: [data:,] @01-11-2021 07:26:08.0842 AM
[ReportManager] Browser Action [NavigateToURL] successfully performed. With the following test data [https://yari-demos.prod.mdn.mozit.cloud/en-US/docs/Web/HTML/Element/select/_sample_.Advanced_select_with_multiple_features.html]. @01-11-2021 07:26:09.0076 AM
[ReportManager] Element Action [Select] successfully performed. With the following test data [Dog]. @01-11-2021 07:26:09.0256 AM
[ReportManager] Element Action [Select] successfully performed. With the following test data [Cat]. @01-11-2021 07:26:09.0402 AM
[ReportManager] Element Action [GetSelectedText] successfully performed. With the following test data [DogCat]. @01-11-2021 07:26:09.0485 AM
[ReportManager] DogCat @01-11-2021 07:26:09.0485 AM
[ReportManager] Element Action [GetSelectedText] successfully performed. With the following test data [DogCat]. @01-11-2021 07:26:09.0558 AM
[ReportManager] Loaded Shared OpenCV @01-11-2021 07:26:09.0832 AM
[ReportManager] Assertion [ValidateElementAttribute] PASSED. Expected [Value Should be 'DogCat' for the 'selectedText' attribute, element locator 'By.tagName: select'] and Actual [DogCat]. Comparison Type [EQUALS]. Validation Type [POSITIVE]. @01-11-2021 07:26:10.0039 AM
[ReportManager] Successfully created attachment [Screenshot - 1635751569832_multipleSelect_ValidateElementAttribute_passed] @01-11-2021 07:26:10.0040 AM
[ReportManager] Browser Action [CloseCurrentWindow] successfully performed. @01-11-2021 07:26:10.0330 AM
[ReportManager] Successfully created attachment [Browser Action Test Data - CloseCurrentWindow - Actual Value] @01-11-2021 07:26:10.0331 A

################################################################################################################################################
Starting Execution:	[141 out of 143] test cases in the current suite
Test Method:		[testPackage01.Test_SelectedValue.simpleSelect]
################################################################################################################################################
[ReportManager] File Action [GetAbsolutePath] successfully performed. With the following test data [Relative Folder Path: "target/downloadedFiles/"]. @01-11-2021 07:26:10.0334 AM
[ReportManager] Attempting to run locally on: [Mac-64], [GoogleChrome], Headless Execution. @01-11-2021 07:26:10.0334 AM
[ReportManager] Identifying OS/Driver combination and selecting the correct driver version automatically. Please note that if a new driver executable will be downloaded it may take some time... @01-11-2021 07:26:10.0334 AM
[ReportManager] Successfully Opened Google Chrome. @01-11-2021 07:26:10.0897 AM
[ReportManager] Initial window size: (1920, 1080) @01-11-2021 07:26:10.0900 AM
[ReportManager] Window size after SWD Maximize: (1920, 1080) @01-11-2021 07:26:11.0014 AM
[ReportManager] Window size after Toolkit: (1920, 1080) @01-11-2021 07:26:11.0416 AM
[ReportManager] Browser Action [MaximizeWindow] successfully performed. With the following test data [New screen size is now: (1920, 1080)]. @01-11-2021 07:26:11.0418 AM
[ReportManager] Target URL: [https://yari-demos.prod.mdn.mozit.cloud/en-US/docs/Web/HTML/Element/select/_sample_.Basic_select.html] @01-11-2021 07:26:11.0418 AM
[ReportManager] Initial URL: [data:,] @01-11-2021 07:26:11.0441 AM
[ReportManager] Browser Action [NavigateToURL] successfully performed. With the following test data [https://yari-demos.prod.mdn.mozit.cloud/en-US/docs/Web/HTML/Element/select/_sample_.Basic_select.html]. @01-11-2021 07:26:11.0807 AM
[ReportManager] Element Action [Select] successfully performed. With the following test data [Third Value]. @01-11-2021 07:26:12.0031 AM
[ReportManager] Element Action [GetSelectedText] successfully performed. With the following test data [Third Value]. @01-11-2021 07:26:12.0089 AM
[ReportManager] Third Value @01-11-2021 07:26:12.0089 AM
[ReportManager] Element Action [GetSelectedText] successfully performed. With the following test data [Third Value]. @01-11-2021 07:26:12.0141 AM
[ReportManager] Loaded Shared OpenCV @01-11-2021 07:26:12.0437 AM
[ReportManager] Assertion [ValidateElementAttribute] PASSED. Expected [Value Should be 'Third Value' for the 'selectedText' attribute, element locator 'By.tagName: select'] and Actual [Third Value]. Comparison Type [EQUALS]. Validation Type [POSITIVE]. @01-11-2021 07:26:12.0602 AM
[ReportManager] Successfully created attachment [Screenshot - 1635751572437_simpleSelect_ValidateElementAttribute_passed] @01-11-2021 07:26:12.0603 AM
[ReportManager] Browser Action [CloseCurrentWindow] successfully performed. @01-11-2021 07:26:12.0782 AM
[ReportManager] Successfully created attachment [Browser Action Test Data - CloseCurrentWindow - Actual Value] @01-11-2021 07:26:12.0782 A
[ReportManager] File Action [GetAbsolutePath] successfully performed. With the following test data [Relative Folder Path: "target/downloadedFiles/"]. @01-11-2021 07:26:12.0784 AM
[ReportManager] Attempting to run locally on: [Mac-64], [Safari], Headless Execution. @01-11-2021 07:26:12.0785 AM
[ReportManager] Successfully Opened Safari. @01-11-2021 07:26:13.0581 AM
[ReportManager] Initial window size: (800, 600) @01-11-2021 07:26:13.0586 AM
[ReportManager] Window size after SWD Maximize: (1176, 811) @01-11-2021 07:26:13.0605 AM
[ReportManager] Browser Action [MaximizeWindow] successfully performed. With the following test data [New screen size is now: (1176, 811)]. @01-11-2021 07:26:13.0605 A

################################################################################################################################################
Starting Execution:	[142 out of 143] test cases in the current suite
Test Method:		[testPackage01.Test_dynamicLoading.dynamicLoading_elementIsHidden]
################################################################################################################################################
[ReportManager] Target URL: [https://the-internet.herokuapp.com/dynamic_loading/1] @01-11-2021 07:26:13.0608 AM
[ReportManager] Initial URL: [] @01-11-2021 07:26:13.0649 AM
[ReportManager] Browser Action [NavigateToURL] successfully performed. With the following test data [https://the-internet.herokuapp.com/dynamic_loading/1]. @01-11-2021 07:26:14.0137 AM
[ReportManager] Element Action [Click] successfully performed. With the following test data [Start]. @01-11-2021 07:26:14.0391 AM
[ReportManager] Element Action [GetText] successfully performed. With the following test data [
    Hello World!
  ]. @01-11-2021 07:26:14.0420 A
[ReportManager] Browser Action [CloseCurrentWindow] successfully performed. @01-11-2021 07:26:14.0552 AM
[ReportManager] Successfully created attachment [Browser Action Test Data - CloseCurrentWindow - Actual Value] @01-11-2021 07:26:14.0553 A
[ReportManager] File Action [GetAbsolutePath] successfully performed. With the following test data [Relative Folder Path: "target/downloadedFiles/"]. @01-11-2021 07:26:14.0555 AM
[ReportManager] Attempting to run locally on: [Mac-64], [Safari], Headless Execution. @01-11-2021 07:26:14.0555 AM
[ReportManager] Successfully Opened Safari. @01-11-2021 07:26:15.0387 AM
[ReportManager] Initial window size: (800, 600) @01-11-2021 07:26:15.0392 AM
[ReportManager] Window size after SWD Maximize: (1176, 811) @01-11-2021 07:26:15.0405 AM
[ReportManager] Browser Action [MaximizeWindow] successfully performed. With the following test data [New screen size is now: (1176, 811)]. @01-11-2021 07:26:15.0405 A

################################################################################################################################################
Starting Execution:	[143 out of 143] test cases in the current suite
Test Method:		[testPackage01.Test_dynamicLoading.dynamicLoading_elementIsRendered]
################################################################################################################################################
[ReportManager] Target URL: [https://the-internet.herokuapp.com/dynamic_loading/2] @01-11-2021 07:26:15.0416 AM
[ReportManager] Initial URL: [] @01-11-2021 07:26:15.0512 AM
[ReportManager] Browser Action [NavigateToURL] successfully performed. With the following test data [https://the-internet.herokuapp.com/dynamic_loading/2]. @01-11-2021 07:26:16.0055 AM
[ReportManager] Element Action [Click] successfully performed. With the following test data [Start]. @01-11-2021 07:26:16.0325 A
[ReportManager] Browser Action [CloseCurrentWindow] successfully performed. @01-11-2021 07:26:16.0596 AM
[ReportManager] Successfully created attachment [Browser Action Test Data - CloseCurrentWindow - Actual Value] @01-11-2021 07:26:16.0597 A

################################################################################################################################################
Test Closure Activities
################################################################################################################################################
[ReportManager] Successfully created attachment [SHAFT Engine Logs - Execution log] @01-11-2021 07:26:16.0631 AM

################################################################################################################################################
This test run was powered by SHAFT Engine Version: [SHAFT Engine v5.4.20211030-BETA]
SHAFT Engine is licensed under the MIT License: [https://github.com/MohabMohie/SHAFT_ENGINE/blob/master/LICENSE].
################################################################################################################################################