{
  "uid" : "749aa300235bf0d1",
  "name" : "visualElementIdentification_requiresProcessing",
  "fullName" : "testPackage01.appium.AndroidBasicInteractionsTest.visualElementIdentification_requiresProcessing",
  "historyId" : "ac8b9db66922f188c297c61fd1b85db3",
  "time" : {
    "start" : 1638324574359,
    "stop" : 1638324606985,
    "duration" : 32626
  },
  "status" : "failed",
  "statusMessage" : "Assertion [ValidateElementExists] FAILED. Expected [Element Should Exist, locator 'AppiumBy.accessibilityId: Assets'] and Actual [Element Doesn't Exists]. Comparison Type [EQUALS]. Validation Type [POSITIVE].",
  "statusTrace" : "java.lang.AssertionError: Assertion [ValidateElementExists] FAILED. Expected [Element Should Exist, locator 'AppiumBy.accessibilityId: Assets'] and Actual [Element Doesn't Exists]. Comparison Type [EQUALS]. Validation Type [POSITIVE].\n\tat org.testng.Assert.fail(Assert.java:99)\n\tat com.shaft.validation.ValidationsHelper.reportValidationState(ValidationsHelper.java:860)\n\tat com.shaft.validation.ValidationsHelper.fail(ValidationsHelper.java:588)\n\tat com.shaft.validation.ValidationsHelper.validateElementExists(ValidationsHelper.java:155)\n\tat com.shaft.validation.ValidationsExecutor.perform(ValidationsExecutor.java:146)\n\tat testPackage01.appium.AndroidBasicInteractionsTest.visualElementIdentification_requiresProcessing(AndroidBasicInteractionsTest.java:90)\n\tat java.base/jdk.internal.reflect.NativeMethodAccessorImpl.invoke0(Native Method)\n\tat java.base/jdk.internal.reflect.NativeMethodAccessorImpl.invoke(NativeMethodAccessorImpl.java:77)\n\tat java.base/jdk.internal.reflect.DelegatingMethodAccessorImpl.invoke(DelegatingMethodAccessorImpl.java:43)\n\tat java.base/java.lang.reflect.Method.invoke(Method.java:568)\n\tat org.testng.internal.MethodInvocationHelper.invokeMethod(MethodInvocationHelper.java:133)\n\tat org.testng.internal.TestInvoker.invokeMethod(TestInvoker.java:598)\n\tat org.testng.internal.TestInvoker.invokeTestMethod(TestInvoker.java:173)\n\tat org.testng.internal.MethodRunner.runInSequence(MethodRunner.java:46)\n\tat org.testng.internal.TestInvoker$MethodInvocationAgent.invoke(TestInvoker.java:824)\n\tat org.testng.internal.TestInvoker.invokeTestMethods(TestInvoker.java:146)\n\tat org.testng.internal.TestMethodWorker.invokeTestMethods(TestMethodWorker.java:146)\n\tat org.testng.internal.TestMethodWorker.run(TestMethodWorker.java:128)\n\tat java.base/java.util.ArrayList.forEach(ArrayList.java:1511)\n\tat org.testng.TestRunner.privateRun(TestRunner.java:794)\n\tat org.testng.TestRunner.run(TestRunner.java:596)\n\tat org.testng.SuiteRunner.runTest(SuiteRunner.java:377)\n\tat org.testng.SuiteRunner.runSequentially(SuiteRunner.java:371)\n\tat org.testng.SuiteRunner.privateRun(SuiteRunner.java:332)\n\tat org.testng.SuiteRunner.run(SuiteRunner.java:276)\n\tat org.testng.SuiteRunnerWorker.runSuite(SuiteRunnerWorker.java:53)\n\tat org.testng.SuiteRunnerWorker.run(SuiteRunnerWorker.java:96)\n\tat org.testng.TestNG.runSuitesSequentially(TestNG.java:1212)\n\tat org.testng.TestNG.runSuitesLocally(TestNG.java:1134)\n\tat org.testng.TestNG.runSuites(TestNG.java:1063)\n\tat org.testng.TestNG.run(TestNG.java:1031)\n\tat org.apache.maven.surefire.testng.TestNGExecutor.run(TestNGExecutor.java:136)\n\tat org.apache.maven.surefire.testng.TestNGDirectoryTestSuite.executeSingleClass(TestNGDirectoryTestSuite.java:112)\n\tat org.apache.maven.surefire.testng.TestNGDirectoryTestSuite.execute(TestNGDirectoryTestSuite.java:99)\n\tat org.apache.maven.surefire.testng.TestNGProvider.invoke(TestNGProvider.java:145)\n\tat org.apache.maven.surefire.booter.ForkedBooter.runSuitesInProcess(ForkedBooter.java:428)\n\tat org.apache.maven.surefire.booter.ForkedBooter.execute(ForkedBooter.java:162)\n\tat org.apache.maven.surefire.booter.ForkedBooter.run(ForkedBooter.java:562)\n\tat org.apache.maven.surefire.booter.ForkedBooter.main(ForkedBooter.java:548)\n",
  "flaky" : false,
  "newFailed" : false,
  "newBroken" : false,
  "newPassed" : false,
  "retriesCount" : 0,
  "retriesStatusChange" : false,
  "beforeStages" : [ {
    "name" : "setupActivities",
    "time" : {
      "start" : 1638324263048,
      "stop" : 1638324265857,
      "duration" : 2809
    },
    "description" : "",
    "status" : "passed",
    "steps" : [ {
      "name" : "Folder [allure-results] was not found, it may have already been deleted.",
      "time" : {
        "start" : 1638324263086,
        "stop" : 1638324263088,
        "duration" : 2
      },
      "status" : "passed",
      "steps" : [ ],
      "attachments" : [ ],
      "parameters" : [ {
        "name" : "actionCounter",
        "value" : "1"
      }, {
        "name" : "logText",
        "value" : "Folder [allure-results] was not found, it may have already been deleted."
      } ],
      "stepsCount" : 0,
      "attachmentsCount" : 0,
      "shouldDisplayMessage" : false,
      "hasContent" : true
    }, {
      "name" : "Folder [/Users/runner/.m2/repository/allure/] was not found, it may have already been deleted.",
      "time" : {
        "start" : 1638324263089,
        "stop" : 1638324263089,
        "duration" : 0
      },
      "status" : "passed",
      "steps" : [ ],
      "attachments" : [ ],
      "parameters" : [ {
        "name" : "actionCounter",
        "value" : "2"
      }, {
        "name" : "logText",
        "value" : "Folder [/Users/runner/.m2/repository/allure/] was not found, it may have already been deleted."
      } ],
      "stepsCount" : 0,
      "attachmentsCount" : 0,
      "shouldDisplayMessage" : false,
      "hasContent" : true
    }, {
      "name" : "Downloading a file from this url [https://repo.maven.apache.org/maven2/io/qameta/allure/allure-commandline/2.16.1/allure-commandline-2.16.1.zip] to this directory [target/allureBinary.zip], please wait as downloading may take some time...",
      "time" : {
        "start" : 1638324263090,
        "stop" : 1638324263090,
        "duration" : 0
      },
      "status" : "passed",
      "steps" : [ ],
      "attachments" : [ ],
      "parameters" : [ {
        "name" : "actionCounter",
        "value" : "3"
      }, {
        "name" : "logText",
        "value" : "Downloading a file from this url [https://repo.maven.apache.org/maven2/io/qameta/allure/allure-commandline/2.16.1/allure-commandline-2.16.1.zip] to this directory [target/allureBinary.zip], please wait as downloading may take some time..."
      } ],
      "stepsCount" : 0,
      "attachmentsCount" : 0,
      "shouldDisplayMessage" : false,
      "hasContent" : true
    }, {
      "name" : "Terminal Action [PerformTerminalCommands] successfully performed. With the following test data [Host Name: \"localHost\" | Command: \"chmod u+x /Users/runner/.m2/repository/allure/allure-2.16.1/bin/allure\" | Exit Status: \"0\"].",
      "time" : {
        "start" : 1638324264894,
        "stop" : 1638324264894,
        "duration" : 0
      },
      "status" : "passed",
      "steps" : [ ],
      "attachments" : [ ],
      "parameters" : [ {
        "name" : "actionCounter",
        "value" : "4"
      }, {
        "name" : "logText",
        "value" : "Terminal Action [PerformTerminalCommands] successfully performed. With the following test data [Host Name: \"localHost\" | Command: \"chmod u+x /Users/runner/.m2/repository/allure/allure-2.16.1/bin/allure\" | Exit Status: \"0\"]."
      } ],
      "stepsCount" : 0,
      "attachmentsCount" : 0,
      "shouldDisplayMessage" : false,
      "hasContent" : true
    }, {
      "name" : "Terminal Action [PerformTerminalCommands] successfully performed. With the following test data [Host Name: \"localHost\" | Command: \"chmod u+x generate_allure_report.sh\" | Exit Status: \"0\"].",
      "time" : {
        "start" : 1638324264919,
        "stop" : 1638324264919,
        "duration" : 0
      },
      "status" : "passed",
      "steps" : [ ],
      "attachments" : [ ],
      "parameters" : [ {
        "name" : "actionCounter",
        "value" : "5"
      }, {
        "name" : "logText",
        "value" : "Terminal Action [PerformTerminalCommands] successfully performed. With the following test data [Host Name: \"localHost\" | Command: \"chmod u+x generate_allure_report.sh\" | Exit Status: \"0\"]."
      } ],
      "stepsCount" : 0,
      "attachmentsCount" : 0,
      "shouldDisplayMessage" : false,
      "hasContent" : true
    }, {
      "name" : "Folder [extent-reports] was not found, it may have already been deleted.",
      "time" : {
        "start" : 1638324265054,
        "stop" : 1638324265054,
        "duration" : 0
      },
      "status" : "passed",
      "steps" : [ ],
      "attachments" : [ ],
      "parameters" : [ {
        "name" : "actionCounter",
        "value" : "6"
      }, {
        "name" : "logText",
        "value" : "Folder [extent-reports] was not found, it may have already been deleted."
      } ],
      "stepsCount" : 0,
      "attachmentsCount" : 0,
      "shouldDisplayMessage" : false,
      "hasContent" : true
    } ],
    "attachments" : [ {
      "uid" : "b7c4be429912bd6e",
      "name" : "Attachment: SHAFT Links - Important",
      "source" : "b7c4be429912bd6e.uri",
      "type" : "text/uri-list",
      "size" : 346
    } ],
    "parameters" : [ ],
    "stepsCount" : 6,
    "attachmentsCount" : 1,
    "shouldDisplayMessage" : false,
    "hasContent" : true
  }, {
    "name" : "setup",
    "time" : {
      "start" : 1638324565984,
      "stop" : 1638324574356,
      "duration" : 8372
    },
    "description" : "",
    "status" : "passed",
    "steps" : [ {
      "name" : "Attempting to run remotely on: [Android], [http://0.0.0.0:4723/wd/hub].",
      "time" : {
        "start" : 1638324565984,
        "stop" : 1638324565985,
        "duration" : 1
      },
      "status" : "passed",
      "steps" : [ ],
      "attachments" : [ ],
      "parameters" : [ {
        "name" : "actionCounter",
        "value" : "57"
      }, {
        "name" : "logText",
        "value" : "Attempting to run remotely on: [Android], [http://0.0.0.0:4723/wd/hub]."
      } ],
      "stepsCount" : 0,
      "attachmentsCount" : 0,
      "shouldDisplayMessage" : false,
      "hasContent" : true
    }, {
      "name" : "Successfully Opened [NativeMobileApp].",
      "time" : {
        "start" : 1638324573826,
        "stop" : 1638324573826,
        "duration" : 0
      },
      "status" : "passed",
      "steps" : [ ],
      "attachments" : [ ],
      "parameters" : [ {
        "name" : "actionCounter",
        "value" : "58"
      }, {
        "name" : "logText",
        "value" : "Successfully Opened [NativeMobileApp]."
      } ],
      "stepsCount" : 0,
      "attachmentsCount" : 0,
      "shouldDisplayMessage" : false,
      "hasContent" : true
    } ],
    "attachments" : [ {
      "uid" : "51608895fda76cf8",
      "name" : "Attachment: SHAFT Engine Logs - Current Method log: setup",
      "source" : "51608895fda76cf8.txt",
      "type" : "text/plain",
      "size" : 667
    } ],
    "parameters" : [ ],
    "stepsCount" : 2,
    "attachmentsCount" : 1,
    "shouldDisplayMessage" : false,
    "hasContent" : true
  } ],
  "testStage" : {
    "status" : "failed",
    "statusMessage" : "Assertion [ValidateElementExists] FAILED. Expected [Element Should Exist, locator 'AppiumBy.accessibilityId: Assets'] and Actual [Element Doesn't Exists]. Comparison Type [EQUALS]. Validation Type [POSITIVE].",
    "statusTrace" : "java.lang.AssertionError: Assertion [ValidateElementExists] FAILED. Expected [Element Should Exist, locator 'AppiumBy.accessibilityId: Assets'] and Actual [Element Doesn't Exists]. Comparison Type [EQUALS]. Validation Type [POSITIVE].\n\tat org.testng.Assert.fail(Assert.java:99)\n\tat com.shaft.validation.ValidationsHelper.reportValidationState(ValidationsHelper.java:860)\n\tat com.shaft.validation.ValidationsHelper.fail(ValidationsHelper.java:588)\n\tat com.shaft.validation.ValidationsHelper.validateElementExists(ValidationsHelper.java:155)\n\tat com.shaft.validation.ValidationsExecutor.perform(ValidationsExecutor.java:146)\n\tat testPackage01.appium.AndroidBasicInteractionsTest.visualElementIdentification_requiresProcessing(AndroidBasicInteractionsTest.java:90)\n\tat java.base/jdk.internal.reflect.NativeMethodAccessorImpl.invoke0(Native Method)\n\tat java.base/jdk.internal.reflect.NativeMethodAccessorImpl.invoke(NativeMethodAccessorImpl.java:77)\n\tat java.base/jdk.internal.reflect.DelegatingMethodAccessorImpl.invoke(DelegatingMethodAccessorImpl.java:43)\n\tat java.base/java.lang.reflect.Method.invoke(Method.java:568)\n\tat org.testng.internal.MethodInvocationHelper.invokeMethod(MethodInvocationHelper.java:133)\n\tat org.testng.internal.TestInvoker.invokeMethod(TestInvoker.java:598)\n\tat org.testng.internal.TestInvoker.invokeTestMethod(TestInvoker.java:173)\n\tat org.testng.internal.MethodRunner.runInSequence(MethodRunner.java:46)\n\tat org.testng.internal.TestInvoker$MethodInvocationAgent.invoke(TestInvoker.java:824)\n\tat org.testng.internal.TestInvoker.invokeTestMethods(TestInvoker.java:146)\n\tat org.testng.internal.TestMethodWorker.invokeTestMethods(TestMethodWorker.java:146)\n\tat org.testng.internal.TestMethodWorker.run(TestMethodWorker.java:128)\n\tat java.base/java.util.ArrayList.forEach(ArrayList.java:1511)\n\tat org.testng.TestRunner.privateRun(TestRunner.java:794)\n\tat org.testng.TestRunner.run(TestRunner.java:596)\n\tat org.testng.SuiteRunner.runTest(SuiteRunner.java:377)\n\tat org.testng.SuiteRunner.runSequentially(SuiteRunner.java:371)\n\tat org.testng.SuiteRunner.privateRun(SuiteRunner.java:332)\n\tat org.testng.SuiteRunner.run(SuiteRunner.java:276)\n\tat org.testng.SuiteRunnerWorker.runSuite(SuiteRunnerWorker.java:53)\n\tat org.testng.SuiteRunnerWorker.run(SuiteRunnerWorker.java:96)\n\tat org.testng.TestNG.runSuitesSequentially(TestNG.java:1212)\n\tat org.testng.TestNG.runSuitesLocally(TestNG.java:1134)\n\tat org.testng.TestNG.runSuites(TestNG.java:1063)\n\tat org.testng.TestNG.run(TestNG.java:1031)\n\tat org.apache.maven.surefire.testng.TestNGExecutor.run(TestNGExecutor.java:136)\n\tat org.apache.maven.surefire.testng.TestNGDirectoryTestSuite.executeSingleClass(TestNGDirectoryTestSuite.java:112)\n\tat org.apache.maven.surefire.testng.TestNGDirectoryTestSuite.execute(TestNGDirectoryTestSuite.java:99)\n\tat org.apache.maven.surefire.testng.TestNGProvider.invoke(TestNGProvider.java:145)\n\tat org.apache.maven.surefire.booter.ForkedBooter.runSuitesInProcess(ForkedBooter.java:428)\n\tat org.apache.maven.surefire.booter.ForkedBooter.execute(ForkedBooter.java:162)\n\tat org.apache.maven.surefire.booter.ForkedBooter.run(ForkedBooter.java:562)\n\tat org.apache.maven.surefire.booter.ForkedBooter.main(ForkedBooter.java:548)\n",
    "steps" : [ {
      "name" : "Element Action [Tap] successfully performed.",
      "time" : {
        "start" : 1638324574918,
        "stop" : 1638324574919,
        "duration" : 1
      },
      "status" : "passed",
      "steps" : [ ],
      "attachments" : [ ],
      "parameters" : [ {
        "name" : "actionCounter",
        "value" : "59"
      }, {
        "name" : "logText",
        "value" : "Element Action [Tap] successfully performed."
      } ],
      "stepsCount" : 0,
      "attachmentsCount" : 0,
      "shouldDisplayMessage" : false,
      "hasContent" : true
    }, {
      "name" : "Assertion Failed: Then I Assert that the element found by [AppiumBy.accessibilityId: Assets] exists.",
      "time" : {
        "start" : 1638324606981,
        "stop" : 1638324606982,
        "duration" : 1
      },
      "status" : "passed",
      "steps" : [ ],
      "attachments" : [ {
        "uid" : "7abd1465507a4042",
        "name" : "Attachment: Screenshot - 1638324606434_visualElementIdentification_requiresProcessing_ValidateElementExists_failed",
        "source" : "7abd1465507a4042.png",
        "type" : "image/png",
        "size" : 7662
      } ],
      "parameters" : [ {
        "name" : "actionCounter",
        "value" : "60"
      }, {
        "name" : "customLog",
        "value" : "Assertion Failed: Then I Assert that the element found by [AppiumBy.accessibilityId: Assets] exists."
      }, {
        "name" : "stepLog",
        "value" : "Assertion [ValidateElementExists] FAILED. Expected [Element Should Exist, locator 'AppiumBy.accessibilityId: Assets'] and Actual [Element Doesn't Exists]. Comparison Type [EQUALS]. Validation Type [POSITIVE]."
      }, {
        "name" : "attachments",
        "value" : "[[Screenshot, 1638324606434_visualElementIdentification_requiresProcessing_ValidateElementExists_failed, java.io.ByteArrayInputStream@9198fe3]]"
      } ],
      "stepsCount" : 0,
      "attachmentsCount" : 1,
      "shouldDisplayMessage" : false,
      "hasContent" : true
    } ],
    "attachments" : [ {
      "uid" : "c4b368a8a36e7506",
      "name" : "Attachment: Animated Gif - visualElementIdentification_requiresProcessing",
      "source" : "c4b368a8a36e7506.gif",
      "type" : "image/gif",
      "size" : 7151
    }, {
      "uid" : "af434634f6cb6017",
      "name" : "Attachment: SHAFT Engine Logs - Current Method log: visualElementIdentification_requiresProcessing",
      "source" : "af434634f6cb6017.txt",
      "type" : "text/plain",
      "size" : 21913
    } ],
    "parameters" : [ ],
    "stepsCount" : 2,
    "attachmentsCount" : 3,
    "shouldDisplayMessage" : true,
    "hasContent" : true
  },
  "afterStages" : [ {
    "name" : "teardown",
    "time" : {
      "start" : 1638324606987,
      "stop" : 1638324608535,
      "duration" : 1548
    },
    "description" : "",
    "status" : "passed",
    "steps" : [ {
      "name" : "Successfully Closed All Drivers.",
      "time" : {
        "start" : 1638324608533,
        "stop" : 1638324608533,
        "duration" : 0
      },
      "status" : "passed",
      "steps" : [ ],
      "attachments" : [ ],
      "parameters" : [ {
        "name" : "actionCounter",
        "value" : "61"
      }, {
        "name" : "logText",
        "value" : "Successfully Closed All Drivers."
      } ],
      "stepsCount" : 0,
      "attachmentsCount" : 0,
      "shouldDisplayMessage" : false,
      "hasContent" : true
    } ],
    "attachments" : [ {
      "uid" : "42e2c223e7d32fa7",
      "name" : "Attachment: Video Recording - teardown",
      "source" : "42e2c223e7d32fa7.mp4",
      "type" : "video/mp4",
      "size" : 4808
    }, {
      "uid" : "f954c20624d048cb",
      "name" : "Attachment: SHAFT Engine Logs - Current Method log: teardown",
      "source" : "f954c20624d048cb.txt",
      "type" : "text/plain",
      "size" : 182
    } ],
    "parameters" : [ ],
    "stepsCount" : 1,
    "attachmentsCount" : 2,
    "shouldDisplayMessage" : false,
    "hasContent" : true
  }, {
    "name" : "teardownActivities",
    "time" : {
      "start" : 1638324650997,
      "stop" : 1638324651589,
      "duration" : 592
    },
    "description" : "",
    "status" : "passed",
    "steps" : [ {
      "name" : "Issue Summary: Total Issues = 3, New issues for Failed Tests = 3, Open issues for Passed Tests = 0, Open issues for Failed Tests = 0. Kindly check the attached Issue details.",
      "time" : {
        "start" : 1638324651008,
        "stop" : 1638324651009,
        "duration" : 1
      },
      "status" : "passed",
      "steps" : [ ],
      "attachments" : [ {
        "uid" : "b1ab620f69061fa1",
        "name" : "Attachment: SHAFT Engine Logs - Issues log CSV: 20211201-021050",
        "source" : "b1ab620f69061fa1.csv",
        "type" : "text/csv",
        "size" : 518
      } ],
      "parameters" : [ {
        "name" : "actionCounter",
        "value" : "67"
      }, {
        "name" : "logText",
        "value" : "Issue Summary: Total Issues = 3, New issues for Failed Tests = 3, Open issues for Passed Tests = 0, Open issues for Failed Tests = 0. Kindly check the attached Issue details."
      }, {
        "name" : "attachments",
        "value" : "[[SHAFT Engine Logs, Issues log CSV: 20211201-021050, java.io.ByteArrayInputStream@50d02417]]"
      } ],
      "stepsCount" : 0,
      "attachmentsCount" : 1,
      "shouldDisplayMessage" : false,
      "hasContent" : true
    } ],
    "attachments" : [ {
      "uid" : "feab2434aad8be85",
      "name" : "Attachment: SHAFT Engine Logs - Execution log: 20211201-021050",
      "source" : "feab2434aad8be85.txt",
      "type" : "text/plain",
      "size" : 89271
    }, {
      "uid" : "c91f2555bc3be3a5",
      "name" : "Attachment: HTML - Extent Emailable Execution Report",
      "source" : "c91f2555bc3be3a5.html",
      "type" : "text/html",
      "size" : 453696
    } ],
    "parameters" : [ ],
    "stepsCount" : 1,
    "attachmentsCount" : 3,
    "shouldDisplayMessage" : false,
    "hasContent" : true
  } ],
  "labels" : [ {
    "name" : "package",
    "value" : "testPackage01.appium.AndroidBasicInteractionsTest"
  }, {
    "name" : "testClass",
    "value" : "testPackage01.appium.AndroidBasicInteractionsTest"
  }, {
    "name" : "testMethod",
    "value" : "visualElementIdentification_requiresProcessing"
  }, {
    "name" : "parentSuite",
    "value" : "SHAFT: Custom Suite"
  }, {
    "name" : "suite",
    "value" : "SHAFT: Custom Test"
  }, {
    "name" : "subSuite",
    "value" : "testPackage01.appium.AndroidBasicInteractionsTest"
  }, {
    "name" : "host",
    "value" : "Mac-1638323691905.local"
  }, {
    "name" : "thread",
    "value" : "10179@Mac-1638323691905.local.main(1)"
  }, {
    "name" : "framework",
    "value" : "testng"
  }, {
    "name" : "language",
    "value" : "java"
  }, {
    "name" : "resultFormat",
    "value" : "allure2"
  } ],
  "parameters" : [ ],
  "links" : [ ],
  "hidden" : false,
  "retry" : false,
  "extra" : {
    "severity" : "normal",
    "retries" : [ ],
    "categories" : [ {
      "name" : "Product defects",
      "matchedStatuses" : [ ],
      "flaky" : false
    } ],
    "history" : {
      "statistic" : {
        "failed" : 9,
        "broken" : 0,
        "skipped" : 0,
        "passed" : 0,
        "unknown" : 0,
        "total" : 9
      },
      "items" : [ {
        "uid" : "91e806cef8a4320a",
        "reportUrl" : "https://MohabMohie.github.io/SHAFT_ENGINE/allure/MobileNative/Android/254//#testresult/91e806cef8a4320a",
        "status" : "failed",
        "statusDetails" : "Assertion [ValidateElementExists] FAILED. Expected [Element Should Exist, locator 'AppiumBy.accessibilityId: Assets'] and Actual [Element Doesn't Exists]. Comparison Type [EQUALS]. Validation Type [POSITIVE].",
        "time" : {
          "start" : 1638237367188,
          "stop" : 1638237400313,
          "duration" : 33125
        }
      }, {
        "uid" : "2e2e41c0340b9a52",
        "reportUrl" : "https://MohabMohie.github.io/SHAFT_ENGINE/allure/MobileNative/Android/252//#testresult/2e2e41c0340b9a52",
        "status" : "failed",
        "statusDetails" : "Assertion [ValidateElementExists] FAILED. Expected [Element Should Exist, locator 'AppiumBy.accessibilityId: Assets'] and Actual [Element Doesn't Exists]. Comparison Type [EQUALS]. Validation Type [POSITIVE].",
        "time" : {
          "start" : 1638151456520,
          "stop" : 1638151489012,
          "duration" : 32492
        }
      }, {
        "uid" : "49bc5e289b0479bb",
        "reportUrl" : "https://MohabMohie.github.io/SHAFT_ENGINE/allure/MobileNative/Android/251//#testresult/49bc5e289b0479bb",
        "status" : "failed",
        "statusDetails" : "Assertion [ValidateElementExists] FAILED. Expected [Element Should Exist, locator 'AppiumBy.accessibilityId: Assets'] and Actual [Element Doesn't Exists]. Comparison Type [EQUALS]. Validation Type [POSITIVE].",
        "time" : {
          "start" : 1638064789403,
          "stop" : 1638064822117,
          "duration" : 32714
        }
      }, {
        "uid" : "d3315de573946029",
        "reportUrl" : "https://MohabMohie.github.io/SHAFT_ENGINE/allure/MobileNative/Android/250//#testresult/d3315de573946029",
        "status" : "failed",
        "statusDetails" : "Assertion [ValidateElementExists] FAILED. Expected [Element Should Exist, locator 'AppiumBy.accessibilityId: Assets'] and Actual [Element Doesn't Exists]. Comparison Type [EQUALS]. Validation Type [POSITIVE].",
        "time" : {
          "start" : 1637978405088,
          "stop" : 1637978437735,
          "duration" : 32647
        }
      }, {
        "uid" : "f653f49046a89822",
        "reportUrl" : "https://MohabMohie.github.io/SHAFT_ENGINE/allure/MobileNative/Android/248//#testresult/f653f49046a89822",
        "status" : "failed",
        "statusDetails" : "Assertion [ValidateElementExists] FAILED. Expected [Element Should Exist, locator 'AppiumBy.accessibilityId: Assets'] and Actual [Element Doesn't Exists]. Comparison Type [EQUALS]. Validation Type [POSITIVE].",
        "time" : {
          "start" : 1637892041365,
          "stop" : 1637892073611,
          "duration" : 32246
        }
      }, {
        "uid" : "50a0b8c0d1c07272",
        "reportUrl" : "https://MohabMohie.github.io/SHAFT_ENGINE/allure/MobileNative/Android/247//#testresult/50a0b8c0d1c07272",
        "status" : "failed",
        "statusDetails" : "Assertion [ValidateElementExists] FAILED. Expected [Element Should Exist, locator 'AppiumBy.accessibilityId: Assets'] and Actual [Element Doesn't Exists]. Comparison Type [EQUALS]. Validation Type [POSITIVE].",
        "time" : {
          "start" : 1637805936409,
          "stop" : 1637805968552,
          "duration" : 32143
        }
      }, {
        "uid" : "7ecf32d541a9cc99",
        "reportUrl" : "https://MohabMohie.github.io/SHAFT_ENGINE/allure/MobileNative/Android/246//#testresult/7ecf32d541a9cc99",
        "status" : "failed",
        "statusDetails" : "Assertion [ValidateElementExists] FAILED. Expected [Element Should Exist, locator 'AppiumBy.accessibilityId: Assets'] and Actual [Element Doesn't Exists]. Comparison Type [EQUALS]. Validation Type [POSITIVE].",
        "time" : {
          "start" : 1637740379224,
          "stop" : 1637740412026,
          "duration" : 32802
        }
      }, {
        "uid" : "d005e931319a1ac1",
        "reportUrl" : "https://MohabMohie.github.io/SHAFT_ENGINE/allure/MobileNative/Android/245//#testresult/d005e931319a1ac1",
        "status" : "failed",
        "statusDetails" : "Assertion [ValidateElementExists] FAILED. Expected [Element Should Exist, locator 'AppiumBy.accessibilityId: Assets'] and Actual [Element Doesn't Exists]. Comparison Type [EQUALS]. Validation Type [POSITIVE].",
        "time" : {
          "start" : 1637739105630,
          "stop" : 1637739138612,
          "duration" : 32982
        }
      } ]
    },
    "tags" : [ ]
  },
  "source" : "749aa300235bf0d1.json",
  "parameterValues" : [ ]
}