{
  "uid" : "5684d45205613590",
  "name" : "f25",
  "fullName" : "testPackage01.Test_NewValidationHelper.f25",
  "historyId" : "b166e1c1837e7780d7033eca80f4a9c7",
  "time" : {
    "start" : 1635818275506,
    "stop" : 1635818275507,
    "duration" : 1
  },
  "status" : "skipped",
  "statusMessage" : "Driver Factory Action [createNewLocalDriverInstanceForSafari] failed. With the following test data [Failed to create a session onDESKTOP_SAFARI].",
  "statusTrace" : "java.lang.AssertionError: Driver Factory Action [createNewLocalDriverInstanceForSafari] failed. With the following test data [Failed to create a session onDESKTOP_SAFARI].\n\tat org.testng.Assert.fail(Assert.java:99)\n\tat com.shaft.driver.DriverFactoryHelper.failAction(DriverFactoryHelper.java:306)\n\tat com.shaft.driver.DriverFactoryHelper.createNewLocalDriverInstanceForSafari(DriverFactoryHelper.java:578)\n\tat com.shaft.driver.DriverFactoryHelper.createNewLocalDriverInstance(DriverFactoryHelper.java:598)\n\tat com.shaft.driver.DriverFactoryHelper.getDriver(DriverFactoryHelper.java:817)\n\tat com.shaft.driver.DriverFactoryHelper.getDriver(DriverFactoryHelper.java:140)\n\tat com.shaft.driver.DriverFactory.getDriver(DriverFactory.java:27)\n\tat com.shaft.gui.browser.BrowserFactory.getBrowser(BrowserFactory.java:20)\n\tat testPackage01.Test_NewValidationHelper.openBrowser(Test_NewValidationHelper.java:326)\n\tat java.base/jdk.internal.reflect.NativeMethodAccessorImpl.invoke0(Native Method)\n\tat java.base/jdk.internal.reflect.NativeMethodAccessorImpl.invoke(NativeMethodAccessorImpl.java:77)\n\tat java.base/jdk.internal.reflect.DelegatingMethodAccessorImpl.invoke(DelegatingMethodAccessorImpl.java:43)\n\tat java.base/java.lang.reflect.Method.invoke(Method.java:568)\n\tat org.testng.internal.MethodInvocationHelper.invokeMethod(MethodInvocationHelper.java:133)\n\tat org.testng.internal.MethodInvocationHelper.invokeMethodConsideringTimeout(MethodInvocationHelper.java:62)\n\tat org.testng.internal.ConfigInvoker.invokeConfigurationMethod(ConfigInvoker.java:385)\n\tat org.testng.internal.ConfigInvoker.invokeConfigurations(ConfigInvoker.java:321)\n\tat org.testng.internal.TestInvoker.runConfigMethods(TestInvoker.java:700)\n\tat org.testng.internal.TestInvoker.invokeMethod(TestInvoker.java:527)\n\tat org.testng.internal.TestInvoker.invokeTestMethod(TestInvoker.java:173)\n\tat org.testng.internal.MethodRunner.runInSequence(MethodRunner.java:46)\n\tat org.testng.internal.TestInvoker$MethodInvocationAgent.invoke(TestInvoker.java:824)\n\tat org.testng.internal.TestInvoker.invokeTestMethods(TestInvoker.java:146)\n\tat org.testng.internal.TestMethodWorker.invokeTestMethods(TestMethodWorker.java:146)\n\tat org.testng.internal.TestMethodWorker.run(TestMethodWorker.java:128)\n\tat java.base/java.util.ArrayList.forEach(ArrayList.java:1511)\n\tat org.testng.TestRunner.privateRun(TestRunner.java:794)\n\tat org.testng.TestRunner.run(TestRunner.java:596)\n\tat org.testng.SuiteRunner.runTest(SuiteRunner.java:377)\n\tat org.testng.SuiteRunner.runSequentially(SuiteRunner.java:371)\n\tat org.testng.SuiteRunner.privateRun(SuiteRunner.java:332)\n\tat org.testng.SuiteRunner.run(SuiteRunner.java:276)\n\tat org.testng.SuiteRunnerWorker.runSuite(SuiteRunnerWorker.java:53)\n\tat org.testng.SuiteRunnerWorker.run(SuiteRunnerWorker.java:96)\n\tat org.testng.TestNG.runSuitesSequentially(TestNG.java:1212)\n\tat org.testng.TestNG.runSuitesLocally(TestNG.java:1134)\n\tat org.testng.TestNG.runSuites(TestNG.java:1063)\n\tat org.testng.TestNG.run(TestNG.java:1031)\n\tat org.apache.maven.surefire.testng.TestNGExecutor.run(TestNGExecutor.java:136)\n\tat org.apache.maven.surefire.testng.TestNGDirectoryTestSuite.executeMulti(TestNGDirectoryTestSuite.java:193)\n\tat org.apache.maven.surefire.testng.TestNGDirectoryTestSuite.execute(TestNGDirectoryTestSuite.java:94)\n\tat org.apache.maven.surefire.testng.TestNGProvider.invoke(TestNGProvider.java:145)\n\tat org.apache.maven.surefire.booter.ForkedBooter.runSuitesInProcess(ForkedBooter.java:428)\n\tat org.apache.maven.surefire.booter.ForkedBooter.execute(ForkedBooter.java:162)\n\tat org.apache.maven.surefire.booter.ForkedBooter.run(ForkedBooter.java:562)\n\tat org.apache.maven.surefire.booter.ForkedBooter.main(ForkedBooter.java:548)\n",
  "flaky" : false,
  "newFailed" : false,
  "beforeStages" : [ ],
  "testStage" : {
    "status" : "skipped",
    "statusMessage" : "Driver Factory Action [createNewLocalDriverInstanceForSafari] failed. With the following test data [Failed to create a session onDESKTOP_SAFARI].",
    "statusTrace" : "java.lang.AssertionError: Driver Factory Action [createNewLocalDriverInstanceForSafari] failed. With the following test data [Failed to create a session onDESKTOP_SAFARI].\n\tat org.testng.Assert.fail(Assert.java:99)\n\tat com.shaft.driver.DriverFactoryHelper.failAction(DriverFactoryHelper.java:306)\n\tat com.shaft.driver.DriverFactoryHelper.createNewLocalDriverInstanceForSafari(DriverFactoryHelper.java:578)\n\tat com.shaft.driver.DriverFactoryHelper.createNewLocalDriverInstance(DriverFactoryHelper.java:598)\n\tat com.shaft.driver.DriverFactoryHelper.getDriver(DriverFactoryHelper.java:817)\n\tat com.shaft.driver.DriverFactoryHelper.getDriver(DriverFactoryHelper.java:140)\n\tat com.shaft.driver.DriverFactory.getDriver(DriverFactory.java:27)\n\tat com.shaft.gui.browser.BrowserFactory.getBrowser(BrowserFactory.java:20)\n\tat testPackage01.Test_NewValidationHelper.openBrowser(Test_NewValidationHelper.java:326)\n\tat java.base/jdk.internal.reflect.NativeMethodAccessorImpl.invoke0(Native Method)\n\tat java.base/jdk.internal.reflect.NativeMethodAccessorImpl.invoke(NativeMethodAccessorImpl.java:77)\n\tat java.base/jdk.internal.reflect.DelegatingMethodAccessorImpl.invoke(DelegatingMethodAccessorImpl.java:43)\n\tat java.base/java.lang.reflect.Method.invoke(Method.java:568)\n\tat org.testng.internal.MethodInvocationHelper.invokeMethod(MethodInvocationHelper.java:133)\n\tat org.testng.internal.MethodInvocationHelper.invokeMethodConsideringTimeout(MethodInvocationHelper.java:62)\n\tat org.testng.internal.ConfigInvoker.invokeConfigurationMethod(ConfigInvoker.java:385)\n\tat org.testng.internal.ConfigInvoker.invokeConfigurations(ConfigInvoker.java:321)\n\tat org.testng.internal.TestInvoker.runConfigMethods(TestInvoker.java:700)\n\tat org.testng.internal.TestInvoker.invokeMethod(TestInvoker.java:527)\n\tat org.testng.internal.TestInvoker.invokeTestMethod(TestInvoker.java:173)\n\tat org.testng.internal.MethodRunner.runInSequence(MethodRunner.java:46)\n\tat org.testng.internal.TestInvoker$MethodInvocationAgent.invoke(TestInvoker.java:824)\n\tat org.testng.internal.TestInvoker.invokeTestMethods(TestInvoker.java:146)\n\tat org.testng.internal.TestMethodWorker.invokeTestMethods(TestMethodWorker.java:146)\n\tat org.testng.internal.TestMethodWorker.run(TestMethodWorker.java:128)\n\tat java.base/java.util.ArrayList.forEach(ArrayList.java:1511)\n\tat org.testng.TestRunner.privateRun(TestRunner.java:794)\n\tat org.testng.TestRunner.run(TestRunner.java:596)\n\tat org.testng.SuiteRunner.runTest(SuiteRunner.java:377)\n\tat org.testng.SuiteRunner.runSequentially(SuiteRunner.java:371)\n\tat org.testng.SuiteRunner.privateRun(SuiteRunner.java:332)\n\tat org.testng.SuiteRunner.run(SuiteRunner.java:276)\n\tat org.testng.SuiteRunnerWorker.runSuite(SuiteRunnerWorker.java:53)\n\tat org.testng.SuiteRunnerWorker.run(SuiteRunnerWorker.java:96)\n\tat org.testng.TestNG.runSuitesSequentially(TestNG.java:1212)\n\tat org.testng.TestNG.runSuitesLocally(TestNG.java:1134)\n\tat org.testng.TestNG.runSuites(TestNG.java:1063)\n\tat org.testng.TestNG.run(TestNG.java:1031)\n\tat org.apache.maven.surefire.testng.TestNGExecutor.run(TestNGExecutor.java:136)\n\tat org.apache.maven.surefire.testng.TestNGDirectoryTestSuite.executeMulti(TestNGDirectoryTestSuite.java:193)\n\tat org.apache.maven.surefire.testng.TestNGDirectoryTestSuite.execute(TestNGDirectoryTestSuite.java:94)\n\tat org.apache.maven.surefire.testng.TestNGProvider.invoke(TestNGProvider.java:145)\n\tat org.apache.maven.surefire.booter.ForkedBooter.runSuitesInProcess(ForkedBooter.java:428)\n\tat org.apache.maven.surefire.booter.ForkedBooter.execute(ForkedBooter.java:162)\n\tat org.apache.maven.surefire.booter.ForkedBooter.run(ForkedBooter.java:562)\n\tat org.apache.maven.surefire.booter.ForkedBooter.main(ForkedBooter.java:548)\n",
    "steps" : [ ],
    "attachments" : [ {
      "uid" : "415ac75bb2a9d89e",
      "name" : "Attachment: SHAFT Engine Logs - Current Method log: f25",
      "source" : "415ac75bb2a9d89e.txt",
      "type" : "text/plain",
      "size" : 416
    } ],
    "parameters" : [ ],
    "stepsCount" : 0,
    "attachmentsCount" : 1,
    "shouldDisplayMessage" : true,
    "hasContent" : true
  },
  "afterStages" : [ {
    "name" : "closureActivities",
    "time" : {
      "start" : 1635818371472,
      "stop" : 1635818372098,
      "duration" : 626
    },
    "description" : "",
    "status" : "passed",
    "steps" : [ {
      "name" : "Successfully Closed All Drivers.",
      "time" : {
        "start" : 1635818371472,
        "stop" : 1635818371473,
        "duration" : 1
      },
      "status" : "passed",
      "steps" : [ ],
      "attachments" : [ ],
      "parameters" : [ {
        "name" : "actionCounter",
        "value" : "443"
      }, {
        "name" : "logText",
        "value" : "Successfully Closed All Drivers."
      } ],
      "stepsCount" : 0,
      "attachmentsCount" : 0,
      "shouldDisplayMessage" : false,
      "hasContent" : true
    }, {
      "name" : "Issue Summary: Total Issues = 5, New issues for Failed Tests = 3, Open issues for Passed Tests = 2, Open issues for Failed Tests = 0. Kindly check the attached Issue details.",
      "time" : {
        "start" : 1635818371500,
        "stop" : 1635818371506,
        "duration" : 6
      },
      "status" : "passed",
      "steps" : [ ],
      "attachments" : [ {
        "uid" : "6badd8afce55f9d5",
        "name" : "Attachment: SHAFT Engine Logs - Issues log CSV: 20211102-015931",
        "source" : "6badd8afce55f9d5.csv",
        "type" : "text/csv",
        "size" : 640
      } ],
      "parameters" : [ {
        "name" : "actionCounter",
        "value" : "444"
      }, {
        "name" : "logText",
        "value" : "Issue Summary: Total Issues = 5, New issues for Failed Tests = 3, Open issues for Passed Tests = 2, Open issues for Failed Tests = 0. Kindly check the attached Issue details."
      }, {
        "name" : "attachments",
        "value" : "[[SHAFT Engine Logs, Issues log CSV: 20211102-015931, java.io.ByteArrayInputStream@3e009b86]]"
      } ],
      "stepsCount" : 0,
      "attachmentsCount" : 1,
      "shouldDisplayMessage" : false,
      "hasContent" : true
    } ],
    "attachments" : [ {
      "uid" : "92314479fcebe4c8",
      "name" : "Attachment: SHAFT Engine Logs - Execution log: 20211102-015931",
      "source" : "92314479fcebe4c8.txt",
      "type" : "text/plain",
      "size" : 215141
    }, {
      "uid" : "edb8467329cd2de5",
      "name" : "Attachment: HTML - Extent Emailable Execution Report",
      "source" : "edb8467329cd2de5.html",
      "type" : "text/html",
      "size" : 10630521
    } ],
    "parameters" : [ ],
    "stepsCount" : 2,
    "attachmentsCount" : 3,
    "shouldDisplayMessage" : false,
    "hasContent" : true
  } ],
  "labels" : [ {
    "name" : "package",
    "value" : "testPackage01.Test_NewValidationHelper"
  }, {
    "name" : "testClass",
    "value" : "testPackage01.Test_NewValidationHelper"
  }, {
    "name" : "testMethod",
    "value" : "f25"
  }, {
    "name" : "parentSuite",
    "value" : "SHAFT: Custom Suite"
  }, {
    "name" : "suite",
    "value" : "SHAFT: Custom Test"
  }, {
    "name" : "subSuite",
    "value" : "testPackage01.Test_NewValidationHelper"
  }, {
    "name" : "host",
    "value" : "Mac-1635817609494.local"
  }, {
    "name" : "thread",
    "value" : "3280@Mac-1635817609494.local.main(1)"
  }, {
    "name" : "framework",
    "value" : "testng"
  }, {
    "name" : "language",
    "value" : "java"
  }, {
    "name" : "resultFormat",
    "value" : "allure2"
  } ],
  "parameters" : [ ],
  "links" : [ ],
  "hidden" : false,
  "retry" : false,
  "extra" : {
    "severity" : "normal",
    "retries" : [ ],
    "categories" : [ ],
    "history" : {
      "statistic" : {
        "failed" : 0,
        "broken" : 0,
        "skipped" : 11,
        "passed" : 9,
        "unknown" : 0,
        "total" : 20
      },
      "items" : [ {
        "uid" : "5626899e92b967ca",
        "reportUrl" : "https://MohabMohie.github.io/SHAFT_ENGINE/allure/macOS/Web/856//#testresult/5626899e92b967ca",
        "status" : "skipped",
        "statusDetails" : "Could not initialize class org.openqa.selenium.remote.UnreachableBrowserException",
        "time" : {
          "start" : 1635804180445,
          "stop" : 1635804180452,
          "duration" : 7
        }
      }, {
        "uid" : "66cdd7fb38b0481d",
        "reportUrl" : "https://MohabMohie.github.io/SHAFT_ENGINE/allure/macOS/Web/853//#testresult/66cdd7fb38b0481d",
        "status" : "skipped",
        "statusDetails" : "Could not initialize class org.openqa.selenium.remote.UnreachableBrowserException",
        "time" : {
          "start" : 1635751675037,
          "stop" : 1635751675038,
          "duration" : 1
        }
      }, {
        "uid" : "bf0fa10ee9b2587d",
        "reportUrl" : "https://MohabMohie.github.io/SHAFT_ENGINE/allure/macOS/Web/847//#testresult/bf0fa10ee9b2587d",
        "status" : "skipped",
        "statusDetails" : "Could not initialize class org.openqa.selenium.remote.UnreachableBrowserException",
        "time" : {
          "start" : 1635625327122,
          "stop" : 1635625327123,
          "duration" : 1
        }
      }, {
        "uid" : "cde409e6367ff5a6",
        "reportUrl" : "https://MohabMohie.github.io/SHAFT_ENGINE/allure/macOS/Web/845//#testresult/cde409e6367ff5a6",
        "status" : "skipped",
        "statusDetails" : "Could not initialize class org.openqa.selenium.remote.UnreachableBrowserException",
        "time" : {
          "start" : 1635621590588,
          "stop" : 1635621590589,
          "duration" : 1
        }
      }, {
        "uid" : "894962b21dfdd7c1",
        "reportUrl" : "https://MohabMohie.github.io/SHAFT_ENGINE/allure/macOS/Web/844//#testresult/894962b21dfdd7c1",
        "status" : "skipped",
        "statusDetails" : "Could not initialize class org.openqa.selenium.remote.UnreachableBrowserException",
        "time" : {
          "start" : 1635621143474,
          "stop" : 1635621143558,
          "duration" : 84
        }
      }, {
        "uid" : "381abf664f63138d",
        "reportUrl" : "https://MohabMohie.github.io/SHAFT_ENGINE/allure/macOS/Web/842//#testresult/381abf664f63138d",
        "status" : "skipped",
        "statusDetails" : "Could not initialize class org.openqa.selenium.remote.UnreachableBrowserException",
        "time" : {
          "start" : 1635558536055,
          "stop" : 1635558536057,
          "duration" : 2
        }
      }, {
        "uid" : "3439bcef00d22c3d",
        "reportUrl" : "https://MohabMohie.github.io/SHAFT_ENGINE/allure/macOS/Web/839//#testresult/3439bcef00d22c3d",
        "status" : "passed",
        "time" : {
          "start" : 1635472487692,
          "stop" : 1635472487695,
          "duration" : 3
        }
      }, {
        "uid" : "5e03dfd2ba4d1eb6",
        "reportUrl" : "https://MohabMohie.github.io/SHAFT_ENGINE/allure/macOS/Web/836//#testresult/5e03dfd2ba4d1eb6",
        "status" : "skipped",
        "statusDetails" : "Could not initialize class org.openqa.selenium.remote.UnreachableBrowserException",
        "time" : {
          "start" : 1635415089226,
          "stop" : 1635415089228,
          "duration" : 2
        }
      }, {
        "uid" : "2048a49f4fff0927",
        "reportUrl" : "https://MohabMohie.github.io/SHAFT_ENGINE/allure/macOS/Web/835//#testresult/2048a49f4fff0927",
        "status" : "skipped",
        "statusDetails" : "Could not initialize class org.openqa.selenium.remote.UnreachableBrowserException",
        "time" : {
          "start" : 1635385964106,
          "stop" : 1635385964191,
          "duration" : 85
        }
      }, {
        "uid" : "f1db55aad4eef6d2",
        "reportUrl" : "https://MohabMohie.github.io/SHAFT_ENGINE/allure/macOS/Web/832//#testresult/f1db55aad4eef6d2",
        "status" : "skipped",
        "statusDetails" : "Could not initialize class org.openqa.selenium.remote.UnreachableBrowserException",
        "time" : {
          "start" : 1635274700696,
          "stop" : 1635274700697,
          "duration" : 1
        }
      }, {
        "uid" : "8f8ee34249b45667",
        "reportUrl" : "https://MohabMohie.github.io/SHAFT_ENGINE/allure/macOS/Web/828//#testresult/8f8ee34249b45667",
        "status" : "skipped",
        "statusDetails" : "Could not initialize class org.openqa.selenium.remote.UnreachableBrowserException",
        "time" : {
          "start" : 1635213023669,
          "stop" : 1635213023670,
          "duration" : 1
        }
      }, {
        "uid" : "734e489c2fd8d13e",
        "reportUrl" : "https://MohabMohie.github.io/SHAFT_ENGINE/allure/macOS/Web/826//#testresult/734e489c2fd8d13e",
        "status" : "passed",
        "time" : {
          "start" : 1635170037170,
          "stop" : 1635170037172,
          "duration" : 2
        }
      }, {
        "uid" : "1e41437d7d1bb5be",
        "reportUrl" : "https://MohabMohie.github.io/SHAFT_ENGINE/allure/macOS/Web/824//#testresult/1e41437d7d1bb5be",
        "status" : "passed",
        "time" : {
          "start" : 1635127183816,
          "stop" : 1635127183820,
          "duration" : 4
        }
      }, {
        "uid" : "66b8d7adfa6acfbe",
        "reportUrl" : "https://MohabMohie.github.io/SHAFT_ENGINE/allure/macOS/Web/822//#testresult/66b8d7adfa6acfbe",
        "status" : "passed",
        "time" : {
          "start" : 1635023335750,
          "stop" : 1635023335753,
          "duration" : 3
        }
      }, {
        "uid" : "ee3d61e8d56e6a48",
        "reportUrl" : "https://MohabMohie.github.io/SHAFT_ENGINE/allure/macOS/Web/816//#testresult/ee3d61e8d56e6a48",
        "status" : "passed",
        "time" : {
          "start" : 1634782028658,
          "stop" : 1634782028661,
          "duration" : 3
        }
      }, {
        "uid" : "cb05666e0263d40e",
        "reportUrl" : "https://MohabMohie.github.io/SHAFT_ENGINE/allure/macOS/Web/813//#testresult/cb05666e0263d40e",
        "status" : "passed",
        "time" : {
          "start" : 1634608890746,
          "stop" : 1634608890747,
          "duration" : 1
        }
      }, {
        "uid" : "4fdda54eb029179e",
        "reportUrl" : "https://MohabMohie.github.io/SHAFT_ENGINE/allure/macOS/Web/804//#testresult/4fdda54eb029179e",
        "status" : "passed",
        "time" : {
          "start" : 1634158531002,
          "stop" : 1634158531016,
          "duration" : 14
        }
      }, {
        "uid" : "e246fd68cc5b9579",
        "reportUrl" : "https://MohabMohie.github.io/SHAFT_ENGINE/allure/macOS/Web/801//#testresult/e246fd68cc5b9579",
        "status" : "passed",
        "time" : {
          "start" : 1634004157106,
          "stop" : 1634004157108,
          "duration" : 2
        }
      }, {
        "uid" : "7afd84a2aeed4c35",
        "reportUrl" : "https://MohabMohie.github.io/SHAFT_ENGINE/allure/macOS/Web/800//#testresult/7afd84a2aeed4c35",
        "status" : "passed",
        "time" : {
          "start" : 1633964884176,
          "stop" : 1633964884177,
          "duration" : 1
        }
      } ]
    },
    "tags" : [ ]
  },
  "source" : "5684d45205613590.json",
  "parameterValues" : [ ]
}