{
  "uid" : "85fd87c4a9f2382a",
  "name" : "f3",
  "fullName" : "testPackage01.Test_NewValidationHelper.f3",
  "historyId" : "2a27a2abfdee42bde8e58c16a0e0f5dd",
  "time" : {
    "start" : 1635818275524,
    "stop" : 1635818275526,
    "duration" : 2
  },
  "status" : "skipped",
  "statusMessage" : "Driver Factory Action [createNewLocalDriverInstanceForSafari] failed. With the following test data [Failed to create a session onDESKTOP_SAFARI].",
  "statusTrace" : "java.lang.AssertionError: Driver Factory Action [createNewLocalDriverInstanceForSafari] failed. With the following test data [Failed to create a session onDESKTOP_SAFARI].\n\tat org.testng.Assert.fail(Assert.java:99)\n\tat com.shaft.driver.DriverFactoryHelper.failAction(DriverFactoryHelper.java:306)\n\tat com.shaft.driver.DriverFactoryHelper.createNewLocalDriverInstanceForSafari(DriverFactoryHelper.java:578)\n\tat com.shaft.driver.DriverFactoryHelper.createNewLocalDriverInstance(DriverFactoryHelper.java:598)\n\tat com.shaft.driver.DriverFactoryHelper.getDriver(DriverFactoryHelper.java:817)\n\tat com.shaft.driver.DriverFactoryHelper.getDriver(DriverFactoryHelper.java:140)\n\tat com.shaft.driver.DriverFactory.getDriver(DriverFactory.java:27)\n\tat com.shaft.gui.browser.BrowserFactory.getBrowser(BrowserFactory.java:20)\n\tat testPackage01.Test_NewValidationHelper.openBrowser(Test_NewValidationHelper.java:326)\n\tat java.base/jdk.internal.reflect.NativeMethodAccessorImpl.invoke0(Native Method)\n\tat java.base/jdk.internal.reflect.NativeMethodAccessorImpl.invoke(NativeMethodAccessorImpl.java:77)\n\tat java.base/jdk.internal.reflect.DelegatingMethodAccessorImpl.invoke(DelegatingMethodAccessorImpl.java:43)\n\tat java.base/java.lang.reflect.Method.invoke(Method.java:568)\n\tat org.testng.internal.MethodInvocationHelper.invokeMethod(MethodInvocationHelper.java:133)\n\tat org.testng.internal.MethodInvocationHelper.invokeMethodConsideringTimeout(MethodInvocationHelper.java:62)\n\tat org.testng.internal.ConfigInvoker.invokeConfigurationMethod(ConfigInvoker.java:385)\n\tat org.testng.internal.ConfigInvoker.invokeConfigurations(ConfigInvoker.java:321)\n\tat org.testng.internal.TestInvoker.runConfigMethods(TestInvoker.java:700)\n\tat org.testng.internal.TestInvoker.invokeMethod(TestInvoker.java:527)\n\tat org.testng.internal.TestInvoker.invokeTestMethod(TestInvoker.java:173)\n\tat org.testng.internal.MethodRunner.runInSequence(MethodRunner.java:46)\n\tat org.testng.internal.TestInvoker$MethodInvocationAgent.invoke(TestInvoker.java:824)\n\tat org.testng.internal.TestInvoker.invokeTestMethods(TestInvoker.java:146)\n\tat org.testng.internal.TestMethodWorker.invokeTestMethods(TestMethodWorker.java:146)\n\tat org.testng.internal.TestMethodWorker.run(TestMethodWorker.java:128)\n\tat java.base/java.util.ArrayList.forEach(ArrayList.java:1511)\n\tat org.testng.TestRunner.privateRun(TestRunner.java:794)\n\tat org.testng.TestRunner.run(TestRunner.java:596)\n\tat org.testng.SuiteRunner.runTest(SuiteRunner.java:377)\n\tat org.testng.SuiteRunner.runSequentially(SuiteRunner.java:371)\n\tat org.testng.SuiteRunner.privateRun(SuiteRunner.java:332)\n\tat org.testng.SuiteRunner.run(SuiteRunner.java:276)\n\tat org.testng.SuiteRunnerWorker.runSuite(SuiteRunnerWorker.java:53)\n\tat org.testng.SuiteRunnerWorker.run(SuiteRunnerWorker.java:96)\n\tat org.testng.TestNG.runSuitesSequentially(TestNG.java:1212)\n\tat org.testng.TestNG.runSuitesLocally(TestNG.java:1134)\n\tat org.testng.TestNG.runSuites(TestNG.java:1063)\n\tat org.testng.TestNG.run(TestNG.java:1031)\n\tat org.apache.maven.surefire.testng.TestNGExecutor.run(TestNGExecutor.java:136)\n\tat org.apache.maven.surefire.testng.TestNGDirectoryTestSuite.executeMulti(TestNGDirectoryTestSuite.java:193)\n\tat org.apache.maven.surefire.testng.TestNGDirectoryTestSuite.execute(TestNGDirectoryTestSuite.java:94)\n\tat org.apache.maven.surefire.testng.TestNGProvider.invoke(TestNGProvider.java:145)\n\tat org.apache.maven.surefire.booter.ForkedBooter.runSuitesInProcess(ForkedBooter.java:428)\n\tat org.apache.maven.surefire.booter.ForkedBooter.execute(ForkedBooter.java:162)\n\tat org.apache.maven.surefire.booter.ForkedBooter.run(ForkedBooter.java:562)\n\tat org.apache.maven.surefire.booter.ForkedBooter.main(ForkedBooter.java:548)\n",
  "flaky" : false,
  "newFailed" : false,
  "beforeStages" : [ ],
  "testStage" : {
    "status" : "skipped",
    "statusMessage" : "Driver Factory Action [createNewLocalDriverInstanceForSafari] failed. With the following test data [Failed to create a session onDESKTOP_SAFARI].",
    "statusTrace" : "java.lang.AssertionError: Driver Factory Action [createNewLocalDriverInstanceForSafari] failed. With the following test data [Failed to create a session onDESKTOP_SAFARI].\n\tat org.testng.Assert.fail(Assert.java:99)\n\tat com.shaft.driver.DriverFactoryHelper.failAction(DriverFactoryHelper.java:306)\n\tat com.shaft.driver.DriverFactoryHelper.createNewLocalDriverInstanceForSafari(DriverFactoryHelper.java:578)\n\tat com.shaft.driver.DriverFactoryHelper.createNewLocalDriverInstance(DriverFactoryHelper.java:598)\n\tat com.shaft.driver.DriverFactoryHelper.getDriver(DriverFactoryHelper.java:817)\n\tat com.shaft.driver.DriverFactoryHelper.getDriver(DriverFactoryHelper.java:140)\n\tat com.shaft.driver.DriverFactory.getDriver(DriverFactory.java:27)\n\tat com.shaft.gui.browser.BrowserFactory.getBrowser(BrowserFactory.java:20)\n\tat testPackage01.Test_NewValidationHelper.openBrowser(Test_NewValidationHelper.java:326)\n\tat java.base/jdk.internal.reflect.NativeMethodAccessorImpl.invoke0(Native Method)\n\tat java.base/jdk.internal.reflect.NativeMethodAccessorImpl.invoke(NativeMethodAccessorImpl.java:77)\n\tat java.base/jdk.internal.reflect.DelegatingMethodAccessorImpl.invoke(DelegatingMethodAccessorImpl.java:43)\n\tat java.base/java.lang.reflect.Method.invoke(Method.java:568)\n\tat org.testng.internal.MethodInvocationHelper.invokeMethod(MethodInvocationHelper.java:133)\n\tat org.testng.internal.MethodInvocationHelper.invokeMethodConsideringTimeout(MethodInvocationHelper.java:62)\n\tat org.testng.internal.ConfigInvoker.invokeConfigurationMethod(ConfigInvoker.java:385)\n\tat org.testng.internal.ConfigInvoker.invokeConfigurations(ConfigInvoker.java:321)\n\tat org.testng.internal.TestInvoker.runConfigMethods(TestInvoker.java:700)\n\tat org.testng.internal.TestInvoker.invokeMethod(TestInvoker.java:527)\n\tat org.testng.internal.TestInvoker.invokeTestMethod(TestInvoker.java:173)\n\tat org.testng.internal.MethodRunner.runInSequence(MethodRunner.java:46)\n\tat org.testng.internal.TestInvoker$MethodInvocationAgent.invoke(TestInvoker.java:824)\n\tat org.testng.internal.TestInvoker.invokeTestMethods(TestInvoker.java:146)\n\tat org.testng.internal.TestMethodWorker.invokeTestMethods(TestMethodWorker.java:146)\n\tat org.testng.internal.TestMethodWorker.run(TestMethodWorker.java:128)\n\tat java.base/java.util.ArrayList.forEach(ArrayList.java:1511)\n\tat org.testng.TestRunner.privateRun(TestRunner.java:794)\n\tat org.testng.TestRunner.run(TestRunner.java:596)\n\tat org.testng.SuiteRunner.runTest(SuiteRunner.java:377)\n\tat org.testng.SuiteRunner.runSequentially(SuiteRunner.java:371)\n\tat org.testng.SuiteRunner.privateRun(SuiteRunner.java:332)\n\tat org.testng.SuiteRunner.run(SuiteRunner.java:276)\n\tat org.testng.SuiteRunnerWorker.runSuite(SuiteRunnerWorker.java:53)\n\tat org.testng.SuiteRunnerWorker.run(SuiteRunnerWorker.java:96)\n\tat org.testng.TestNG.runSuitesSequentially(TestNG.java:1212)\n\tat org.testng.TestNG.runSuitesLocally(TestNG.java:1134)\n\tat org.testng.TestNG.runSuites(TestNG.java:1063)\n\tat org.testng.TestNG.run(TestNG.java:1031)\n\tat org.apache.maven.surefire.testng.TestNGExecutor.run(TestNGExecutor.java:136)\n\tat org.apache.maven.surefire.testng.TestNGDirectoryTestSuite.executeMulti(TestNGDirectoryTestSuite.java:193)\n\tat org.apache.maven.surefire.testng.TestNGDirectoryTestSuite.execute(TestNGDirectoryTestSuite.java:94)\n\tat org.apache.maven.surefire.testng.TestNGProvider.invoke(TestNGProvider.java:145)\n\tat org.apache.maven.surefire.booter.ForkedBooter.runSuitesInProcess(ForkedBooter.java:428)\n\tat org.apache.maven.surefire.booter.ForkedBooter.execute(ForkedBooter.java:162)\n\tat org.apache.maven.surefire.booter.ForkedBooter.run(ForkedBooter.java:562)\n\tat org.apache.maven.surefire.booter.ForkedBooter.main(ForkedBooter.java:548)\n",
    "steps" : [ ],
    "attachments" : [ {
      "uid" : "c70dcb69d2eb9374",
      "name" : "Attachment: SHAFT Engine Logs - Current Method log: f3",
      "source" : "c70dcb69d2eb9374.txt",
      "type" : "text/plain",
      "size" : 415
    } ],
    "parameters" : [ ],
    "stepsCount" : 0,
    "attachmentsCount" : 1,
    "shouldDisplayMessage" : true,
    "hasContent" : true
  },
  "afterStages" : [ {
    "name" : "closureActivities",
    "time" : {
      "start" : 1635818371472,
      "stop" : 1635818372098,
      "duration" : 626
    },
    "description" : "",
    "status" : "passed",
    "steps" : [ {
      "name" : "Successfully Closed All Drivers.",
      "time" : {
        "start" : 1635818371472,
        "stop" : 1635818371473,
        "duration" : 1
      },
      "status" : "passed",
      "steps" : [ ],
      "attachments" : [ ],
      "parameters" : [ {
        "name" : "actionCounter",
        "value" : "443"
      }, {
        "name" : "logText",
        "value" : "Successfully Closed All Drivers."
      } ],
      "stepsCount" : 0,
      "attachmentsCount" : 0,
      "shouldDisplayMessage" : false,
      "hasContent" : true
    }, {
      "name" : "Issue Summary: Total Issues = 5, New issues for Failed Tests = 3, Open issues for Passed Tests = 2, Open issues for Failed Tests = 0. Kindly check the attached Issue details.",
      "time" : {
        "start" : 1635818371500,
        "stop" : 1635818371506,
        "duration" : 6
      },
      "status" : "passed",
      "steps" : [ ],
      "attachments" : [ {
        "uid" : "6badd8afce55f9d5",
        "name" : "Attachment: SHAFT Engine Logs - Issues log CSV: 20211102-015931",
        "source" : "6badd8afce55f9d5.csv",
        "type" : "text/csv",
        "size" : 640
      } ],
      "parameters" : [ {
        "name" : "actionCounter",
        "value" : "444"
      }, {
        "name" : "logText",
        "value" : "Issue Summary: Total Issues = 5, New issues for Failed Tests = 3, Open issues for Passed Tests = 2, Open issues for Failed Tests = 0. Kindly check the attached Issue details."
      }, {
        "name" : "attachments",
        "value" : "[[SHAFT Engine Logs, Issues log CSV: 20211102-015931, java.io.ByteArrayInputStream@3e009b86]]"
      } ],
      "stepsCount" : 0,
      "attachmentsCount" : 1,
      "shouldDisplayMessage" : false,
      "hasContent" : true
    } ],
    "attachments" : [ {
      "uid" : "92314479fcebe4c8",
      "name" : "Attachment: SHAFT Engine Logs - Execution log: 20211102-015931",
      "source" : "92314479fcebe4c8.txt",
      "type" : "text/plain",
      "size" : 215141
    }, {
      "uid" : "edb8467329cd2de5",
      "name" : "Attachment: HTML - Extent Emailable Execution Report",
      "source" : "edb8467329cd2de5.html",
      "type" : "text/html",
      "size" : 10630521
    } ],
    "parameters" : [ ],
    "stepsCount" : 2,
    "attachmentsCount" : 3,
    "shouldDisplayMessage" : false,
    "hasContent" : true
  } ],
  "labels" : [ {
    "name" : "package",
    "value" : "testPackage01.Test_NewValidationHelper"
  }, {
    "name" : "testClass",
    "value" : "testPackage01.Test_NewValidationHelper"
  }, {
    "name" : "testMethod",
    "value" : "f3"
  }, {
    "name" : "parentSuite",
    "value" : "SHAFT: Custom Suite"
  }, {
    "name" : "suite",
    "value" : "SHAFT: Custom Test"
  }, {
    "name" : "subSuite",
    "value" : "testPackage01.Test_NewValidationHelper"
  }, {
    "name" : "host",
    "value" : "Mac-1635817609494.local"
  }, {
    "name" : "thread",
    "value" : "3280@Mac-1635817609494.local.main(1)"
  }, {
    "name" : "framework",
    "value" : "testng"
  }, {
    "name" : "language",
    "value" : "java"
  }, {
    "name" : "resultFormat",
    "value" : "allure2"
  } ],
  "parameters" : [ ],
  "links" : [ ],
  "hidden" : false,
  "retry" : false,
  "extra" : {
    "severity" : "normal",
    "retries" : [ ],
    "categories" : [ ],
    "history" : {
      "statistic" : {
        "failed" : 0,
        "broken" : 0,
        "skipped" : 11,
        "passed" : 9,
        "unknown" : 0,
        "total" : 20
      },
      "items" : [ {
        "uid" : "172669a7ef41d686",
        "reportUrl" : "https://MohabMohie.github.io/SHAFT_ENGINE/allure/macOS/Web/856//#testresult/172669a7ef41d686",
        "status" : "skipped",
        "statusDetails" : "Could not initialize class org.openqa.selenium.remote.UnreachableBrowserException",
        "time" : {
          "start" : 1635804180548,
          "stop" : 1635804180556,
          "duration" : 8
        }
      }, {
        "uid" : "add64398bfe357d7",
        "reportUrl" : "https://MohabMohie.github.io/SHAFT_ENGINE/allure/macOS/Web/853//#testresult/add64398bfe357d7",
        "status" : "skipped",
        "statusDetails" : "Could not initialize class org.openqa.selenium.remote.UnreachableBrowserException",
        "time" : {
          "start" : 1635751675053,
          "stop" : 1635751675054,
          "duration" : 1
        }
      }, {
        "uid" : "228f052b6064488b",
        "reportUrl" : "https://MohabMohie.github.io/SHAFT_ENGINE/allure/macOS/Web/847//#testresult/228f052b6064488b",
        "status" : "skipped",
        "statusDetails" : "Could not initialize class org.openqa.selenium.remote.UnreachableBrowserException",
        "time" : {
          "start" : 1635625327137,
          "stop" : 1635625327138,
          "duration" : 1
        }
      }, {
        "uid" : "beb63060cda8d0e1",
        "reportUrl" : "https://MohabMohie.github.io/SHAFT_ENGINE/allure/macOS/Web/845//#testresult/beb63060cda8d0e1",
        "status" : "skipped",
        "statusDetails" : "Could not initialize class org.openqa.selenium.remote.UnreachableBrowserException",
        "time" : {
          "start" : 1635621590606,
          "stop" : 1635621590608,
          "duration" : 2
        }
      }, {
        "uid" : "bbfde9783051cbcd",
        "reportUrl" : "https://MohabMohie.github.io/SHAFT_ENGINE/allure/macOS/Web/844//#testresult/bbfde9783051cbcd",
        "status" : "skipped",
        "statusDetails" : "Could not initialize class org.openqa.selenium.remote.UnreachableBrowserException",
        "time" : {
          "start" : 1635621144109,
          "stop" : 1635621144193,
          "duration" : 84
        }
      }, {
        "uid" : "864faffd8f27be32",
        "reportUrl" : "https://MohabMohie.github.io/SHAFT_ENGINE/allure/macOS/Web/842//#testresult/864faffd8f27be32",
        "status" : "skipped",
        "statusDetails" : "Could not initialize class org.openqa.selenium.remote.UnreachableBrowserException",
        "time" : {
          "start" : 1635558536075,
          "stop" : 1635558536077,
          "duration" : 2
        }
      }, {
        "uid" : "36987c8d5215286b",
        "reportUrl" : "https://MohabMohie.github.io/SHAFT_ENGINE/allure/macOS/Web/839//#testresult/36987c8d5215286b",
        "status" : "passed",
        "time" : {
          "start" : 1635472487722,
          "stop" : 1635472487724,
          "duration" : 2
        }
      }, {
        "uid" : "52f222cad37513d4",
        "reportUrl" : "https://MohabMohie.github.io/SHAFT_ENGINE/allure/macOS/Web/836//#testresult/52f222cad37513d4",
        "status" : "skipped",
        "statusDetails" : "Could not initialize class org.openqa.selenium.remote.UnreachableBrowserException",
        "time" : {
          "start" : 1635415089248,
          "stop" : 1635415089249,
          "duration" : 1
        }
      }, {
        "uid" : "d03577946a6b2c3",
        "reportUrl" : "https://MohabMohie.github.io/SHAFT_ENGINE/allure/macOS/Web/835//#testresult/d03577946a6b2c3",
        "status" : "skipped",
        "statusDetails" : "Could not initialize class org.openqa.selenium.remote.UnreachableBrowserException",
        "time" : {
          "start" : 1635385964835,
          "stop" : 1635385964920,
          "duration" : 85
        }
      }, {
        "uid" : "abc2bb4a3af927b3",
        "reportUrl" : "https://MohabMohie.github.io/SHAFT_ENGINE/allure/macOS/Web/832//#testresult/abc2bb4a3af927b3",
        "status" : "skipped",
        "statusDetails" : "Could not initialize class org.openqa.selenium.remote.UnreachableBrowserException",
        "time" : {
          "start" : 1635274700738,
          "stop" : 1635274700740,
          "duration" : 2
        }
      }, {
        "uid" : "f34a92463d2414a9",
        "reportUrl" : "https://MohabMohie.github.io/SHAFT_ENGINE/allure/macOS/Web/828//#testresult/f34a92463d2414a9",
        "status" : "skipped",
        "statusDetails" : "Could not initialize class org.openqa.selenium.remote.UnreachableBrowserException",
        "time" : {
          "start" : 1635213023683,
          "stop" : 1635213023685,
          "duration" : 2
        }
      }, {
        "uid" : "bb6423772c5e8a01",
        "reportUrl" : "https://MohabMohie.github.io/SHAFT_ENGINE/allure/macOS/Web/826//#testresult/bb6423772c5e8a01",
        "status" : "passed",
        "time" : {
          "start" : 1635170037188,
          "stop" : 1635170037190,
          "duration" : 2
        }
      }, {
        "uid" : "1a696edc4e55fdb9",
        "reportUrl" : "https://MohabMohie.github.io/SHAFT_ENGINE/allure/macOS/Web/824//#testresult/1a696edc4e55fdb9",
        "status" : "passed",
        "time" : {
          "start" : 1635127183846,
          "stop" : 1635127183849,
          "duration" : 3
        }
      }, {
        "uid" : "4a97f30396156732",
        "reportUrl" : "https://MohabMohie.github.io/SHAFT_ENGINE/allure/macOS/Web/822//#testresult/4a97f30396156732",
        "status" : "passed",
        "time" : {
          "start" : 1635023335779,
          "stop" : 1635023335780,
          "duration" : 1
        }
      }, {
        "uid" : "246bb50238e4b3d8",
        "reportUrl" : "https://MohabMohie.github.io/SHAFT_ENGINE/allure/macOS/Web/816//#testresult/246bb50238e4b3d8",
        "status" : "passed",
        "time" : {
          "start" : 1634782028679,
          "stop" : 1634782028681,
          "duration" : 2
        }
      }, {
        "uid" : "ae93365cd4fead6",
        "reportUrl" : "https://MohabMohie.github.io/SHAFT_ENGINE/allure/macOS/Web/813//#testresult/ae93365cd4fead6",
        "status" : "passed",
        "time" : {
          "start" : 1634608890760,
          "stop" : 1634608890761,
          "duration" : 1
        }
      }, {
        "uid" : "599a95dd2a84570b",
        "reportUrl" : "https://MohabMohie.github.io/SHAFT_ENGINE/allure/macOS/Web/804//#testresult/599a95dd2a84570b",
        "status" : "passed",
        "time" : {
          "start" : 1634158531112,
          "stop" : 1634158531125,
          "duration" : 13
        }
      }, {
        "uid" : "d29f0ef775667985",
        "reportUrl" : "https://MohabMohie.github.io/SHAFT_ENGINE/allure/macOS/Web/801//#testresult/d29f0ef775667985",
        "status" : "passed",
        "time" : {
          "start" : 1634004157143,
          "stop" : 1634004157150,
          "duration" : 7
        }
      }, {
        "uid" : "2ad3d73e94a9153b",
        "reportUrl" : "https://MohabMohie.github.io/SHAFT_ENGINE/allure/macOS/Web/800//#testresult/2ad3d73e94a9153b",
        "status" : "passed",
        "time" : {
          "start" : 1633964884190,
          "stop" : 1633964884191,
          "duration" : 1
        }
      } ]
    },
    "tags" : [ ]
  },
  "source" : "85fd87c4a9f2382a.json",
  "parameterValues" : [ ]
}