{
  "uid" : "b8aacbf8db6ce9cf",
  "name" : "assertElementExists_false_expectedToPass",
  "fullName" : "unitTests.tests_validations_assertions.assertElementExists_false_expectedToPass",
  "historyId" : "449a6e184141d72ffe54fd6d696434a1",
  "time" : {
    "start" : 1635818199748,
    "stop" : 1635818199750,
    "duration" : 2
  },
  "status" : "skipped",
  "statusMessage" : "Driver Factory Action [createNewLocalDriverInstanceForSafari] failed. With the following test data [Failed to create a session onDESKTOP_SAFARI].",
  "statusTrace" : "java.lang.AssertionError: Driver Factory Action [createNewLocalDriverInstanceForSafari] failed. With the following test data [Failed to create a session onDESKTOP_SAFARI].\n\tat org.testng.Assert.fail(Assert.java:99)\n\tat com.shaft.driver.DriverFactoryHelper.failAction(DriverFactoryHelper.java:306)\n\tat com.shaft.driver.DriverFactoryHelper.createNewLocalDriverInstanceForSafari(DriverFactoryHelper.java:578)\n\tat com.shaft.driver.DriverFactoryHelper.createNewLocalDriverInstance(DriverFactoryHelper.java:598)\n\tat com.shaft.driver.DriverFactoryHelper.getDriver(DriverFactoryHelper.java:817)\n\tat com.shaft.driver.DriverFactoryHelper.getDriver(DriverFactoryHelper.java:140)\n\tat com.shaft.driver.DriverFactory.getDriver(DriverFactory.java:27)\n\tat com.shaft.gui.browser.BrowserFactory.getBrowser(BrowserFactory.java:20)\n\tat unitTests.tests_validations_assertions.beforeMethod(tests_validations_assertions.java:406)\n\tat java.base/jdk.internal.reflect.NativeMethodAccessorImpl.invoke0(Native Method)\n\tat java.base/jdk.internal.reflect.NativeMethodAccessorImpl.invoke(NativeMethodAccessorImpl.java:77)\n\tat java.base/jdk.internal.reflect.DelegatingMethodAccessorImpl.invoke(DelegatingMethodAccessorImpl.java:43)\n\tat java.base/java.lang.reflect.Method.invoke(Method.java:568)\n\tat org.testng.internal.MethodInvocationHelper.invokeMethod(MethodInvocationHelper.java:133)\n\tat org.testng.internal.MethodInvocationHelper.invokeMethodConsideringTimeout(MethodInvocationHelper.java:62)\n\tat org.testng.internal.ConfigInvoker.invokeConfigurationMethod(ConfigInvoker.java:385)\n\tat org.testng.internal.ConfigInvoker.invokeConfigurations(ConfigInvoker.java:321)\n\tat org.testng.internal.TestInvoker.runConfigMethods(TestInvoker.java:700)\n\tat org.testng.internal.TestInvoker.invokeMethod(TestInvoker.java:527)\n\tat org.testng.internal.TestInvoker.invokeTestMethod(TestInvoker.java:173)\n\tat org.testng.internal.MethodRunner.runInSequence(MethodRunner.java:46)\n\tat org.testng.internal.TestInvoker$MethodInvocationAgent.invoke(TestInvoker.java:824)\n\tat org.testng.internal.TestInvoker.invokeTestMethods(TestInvoker.java:146)\n\tat org.testng.internal.TestMethodWorker.invokeTestMethods(TestMethodWorker.java:146)\n\tat org.testng.internal.TestMethodWorker.run(TestMethodWorker.java:128)\n\tat java.base/java.util.ArrayList.forEach(ArrayList.java:1511)\n\tat org.testng.TestRunner.privateRun(TestRunner.java:794)\n\tat org.testng.TestRunner.run(TestRunner.java:596)\n\tat org.testng.SuiteRunner.runTest(SuiteRunner.java:377)\n\tat org.testng.SuiteRunner.runSequentially(SuiteRunner.java:371)\n\tat org.testng.SuiteRunner.privateRun(SuiteRunner.java:332)\n\tat org.testng.SuiteRunner.run(SuiteRunner.java:276)\n\tat org.testng.SuiteRunnerWorker.runSuite(SuiteRunnerWorker.java:53)\n\tat org.testng.SuiteRunnerWorker.run(SuiteRunnerWorker.java:96)\n\tat org.testng.TestNG.runSuitesSequentially(TestNG.java:1212)\n\tat org.testng.TestNG.runSuitesLocally(TestNG.java:1134)\n\tat org.testng.TestNG.runSuites(TestNG.java:1063)\n\tat org.testng.TestNG.run(TestNG.java:1031)\n\tat org.apache.maven.surefire.testng.TestNGExecutor.run(TestNGExecutor.java:136)\n\tat org.apache.maven.surefire.testng.TestNGDirectoryTestSuite.executeMulti(TestNGDirectoryTestSuite.java:193)\n\tat org.apache.maven.surefire.testng.TestNGDirectoryTestSuite.execute(TestNGDirectoryTestSuite.java:94)\n\tat org.apache.maven.surefire.testng.TestNGProvider.invoke(TestNGProvider.java:145)\n\tat org.apache.maven.surefire.booter.ForkedBooter.runSuitesInProcess(ForkedBooter.java:428)\n\tat org.apache.maven.surefire.booter.ForkedBooter.execute(ForkedBooter.java:162)\n\tat org.apache.maven.surefire.booter.ForkedBooter.run(ForkedBooter.java:562)\n\tat org.apache.maven.surefire.booter.ForkedBooter.main(ForkedBooter.java:548)\n",
  "flaky" : false,
  "newFailed" : false,
  "beforeStages" : [ {
    "name" : "beforeMethod",
    "time" : {
      "start" : 1635818199747,
      "stop" : 1635818199747,
      "duration" : 0
    },
    "description" : "",
    "status" : "broken",
    "steps" : [ ],
    "attachments" : [ ],
    "parameters" : [ ],
    "stepsCount" : 0,
    "attachmentsCount" : 0,
    "shouldDisplayMessage" : false,
    "hasContent" : false
  } ],
  "testStage" : {
    "status" : "skipped",
    "statusMessage" : "Driver Factory Action [createNewLocalDriverInstanceForSafari] failed. With the following test data [Failed to create a session onDESKTOP_SAFARI].",
    "statusTrace" : "java.lang.AssertionError: Driver Factory Action [createNewLocalDriverInstanceForSafari] failed. With the following test data [Failed to create a session onDESKTOP_SAFARI].\n\tat org.testng.Assert.fail(Assert.java:99)\n\tat com.shaft.driver.DriverFactoryHelper.failAction(DriverFactoryHelper.java:306)\n\tat com.shaft.driver.DriverFactoryHelper.createNewLocalDriverInstanceForSafari(DriverFactoryHelper.java:578)\n\tat com.shaft.driver.DriverFactoryHelper.createNewLocalDriverInstance(DriverFactoryHelper.java:598)\n\tat com.shaft.driver.DriverFactoryHelper.getDriver(DriverFactoryHelper.java:817)\n\tat com.shaft.driver.DriverFactoryHelper.getDriver(DriverFactoryHelper.java:140)\n\tat com.shaft.driver.DriverFactory.getDriver(DriverFactory.java:27)\n\tat com.shaft.gui.browser.BrowserFactory.getBrowser(BrowserFactory.java:20)\n\tat unitTests.tests_validations_assertions.beforeMethod(tests_validations_assertions.java:406)\n\tat java.base/jdk.internal.reflect.NativeMethodAccessorImpl.invoke0(Native Method)\n\tat java.base/jdk.internal.reflect.NativeMethodAccessorImpl.invoke(NativeMethodAccessorImpl.java:77)\n\tat java.base/jdk.internal.reflect.DelegatingMethodAccessorImpl.invoke(DelegatingMethodAccessorImpl.java:43)\n\tat java.base/java.lang.reflect.Method.invoke(Method.java:568)\n\tat org.testng.internal.MethodInvocationHelper.invokeMethod(MethodInvocationHelper.java:133)\n\tat org.testng.internal.MethodInvocationHelper.invokeMethodConsideringTimeout(MethodInvocationHelper.java:62)\n\tat org.testng.internal.ConfigInvoker.invokeConfigurationMethod(ConfigInvoker.java:385)\n\tat org.testng.internal.ConfigInvoker.invokeConfigurations(ConfigInvoker.java:321)\n\tat org.testng.internal.TestInvoker.runConfigMethods(TestInvoker.java:700)\n\tat org.testng.internal.TestInvoker.invokeMethod(TestInvoker.java:527)\n\tat org.testng.internal.TestInvoker.invokeTestMethod(TestInvoker.java:173)\n\tat org.testng.internal.MethodRunner.runInSequence(MethodRunner.java:46)\n\tat org.testng.internal.TestInvoker$MethodInvocationAgent.invoke(TestInvoker.java:824)\n\tat org.testng.internal.TestInvoker.invokeTestMethods(TestInvoker.java:146)\n\tat org.testng.internal.TestMethodWorker.invokeTestMethods(TestMethodWorker.java:146)\n\tat org.testng.internal.TestMethodWorker.run(TestMethodWorker.java:128)\n\tat java.base/java.util.ArrayList.forEach(ArrayList.java:1511)\n\tat org.testng.TestRunner.privateRun(TestRunner.java:794)\n\tat org.testng.TestRunner.run(TestRunner.java:596)\n\tat org.testng.SuiteRunner.runTest(SuiteRunner.java:377)\n\tat org.testng.SuiteRunner.runSequentially(SuiteRunner.java:371)\n\tat org.testng.SuiteRunner.privateRun(SuiteRunner.java:332)\n\tat org.testng.SuiteRunner.run(SuiteRunner.java:276)\n\tat org.testng.SuiteRunnerWorker.runSuite(SuiteRunnerWorker.java:53)\n\tat org.testng.SuiteRunnerWorker.run(SuiteRunnerWorker.java:96)\n\tat org.testng.TestNG.runSuitesSequentially(TestNG.java:1212)\n\tat org.testng.TestNG.runSuitesLocally(TestNG.java:1134)\n\tat org.testng.TestNG.runSuites(TestNG.java:1063)\n\tat org.testng.TestNG.run(TestNG.java:1031)\n\tat org.apache.maven.surefire.testng.TestNGExecutor.run(TestNGExecutor.java:136)\n\tat org.apache.maven.surefire.testng.TestNGDirectoryTestSuite.executeMulti(TestNGDirectoryTestSuite.java:193)\n\tat org.apache.maven.surefire.testng.TestNGDirectoryTestSuite.execute(TestNGDirectoryTestSuite.java:94)\n\tat org.apache.maven.surefire.testng.TestNGProvider.invoke(TestNGProvider.java:145)\n\tat org.apache.maven.surefire.booter.ForkedBooter.runSuitesInProcess(ForkedBooter.java:428)\n\tat org.apache.maven.surefire.booter.ForkedBooter.execute(ForkedBooter.java:162)\n\tat org.apache.maven.surefire.booter.ForkedBooter.run(ForkedBooter.java:562)\n\tat org.apache.maven.surefire.booter.ForkedBooter.main(ForkedBooter.java:548)\n",
    "steps" : [ ],
    "attachments" : [ {
      "uid" : "396f9701456307e2",
      "name" : "Attachment: SHAFT Engine Logs - Current Method log: assertElementExists_false_expectedToPass",
      "source" : "396f9701456307e2.txt",
      "type" : "text/plain",
      "size" : 453
    } ],
    "parameters" : [ ],
    "stepsCount" : 0,
    "attachmentsCount" : 1,
    "shouldDisplayMessage" : true,
    "hasContent" : true
  },
  "afterStages" : [ {
    "name" : "afterMethod",
    "time" : {
      "start" : 1635818199751,
      "stop" : 1635818199751,
      "duration" : 0
    },
    "description" : "",
    "status" : "broken",
    "steps" : [ ],
    "attachments" : [ ],
    "parameters" : [ ],
    "stepsCount" : 0,
    "attachmentsCount" : 0,
    "shouldDisplayMessage" : false,
    "hasContent" : false
  }, {
    "name" : "closureActivities",
    "time" : {
      "start" : 1635818371472,
      "stop" : 1635818372098,
      "duration" : 626
    },
    "description" : "",
    "status" : "passed",
    "steps" : [ {
      "name" : "Successfully Closed All Drivers.",
      "time" : {
        "start" : 1635818371472,
        "stop" : 1635818371473,
        "duration" : 1
      },
      "status" : "passed",
      "steps" : [ ],
      "attachments" : [ ],
      "parameters" : [ {
        "name" : "actionCounter",
        "value" : "443"
      }, {
        "name" : "logText",
        "value" : "Successfully Closed All Drivers."
      } ],
      "stepsCount" : 0,
      "attachmentsCount" : 0,
      "shouldDisplayMessage" : false,
      "hasContent" : true
    }, {
      "name" : "Issue Summary: Total Issues = 5, New issues for Failed Tests = 3, Open issues for Passed Tests = 2, Open issues for Failed Tests = 0. Kindly check the attached Issue details.",
      "time" : {
        "start" : 1635818371500,
        "stop" : 1635818371506,
        "duration" : 6
      },
      "status" : "passed",
      "steps" : [ ],
      "attachments" : [ {
        "uid" : "6badd8afce55f9d5",
        "name" : "Attachment: SHAFT Engine Logs - Issues log CSV: 20211102-015931",
        "source" : "6badd8afce55f9d5.csv",
        "type" : "text/csv",
        "size" : 640
      } ],
      "parameters" : [ {
        "name" : "actionCounter",
        "value" : "444"
      }, {
        "name" : "logText",
        "value" : "Issue Summary: Total Issues = 5, New issues for Failed Tests = 3, Open issues for Passed Tests = 2, Open issues for Failed Tests = 0. Kindly check the attached Issue details."
      }, {
        "name" : "attachments",
        "value" : "[[SHAFT Engine Logs, Issues log CSV: 20211102-015931, java.io.ByteArrayInputStream@3e009b86]]"
      } ],
      "stepsCount" : 0,
      "attachmentsCount" : 1,
      "shouldDisplayMessage" : false,
      "hasContent" : true
    } ],
    "attachments" : [ {
      "uid" : "92314479fcebe4c8",
      "name" : "Attachment: SHAFT Engine Logs - Execution log: 20211102-015931",
      "source" : "92314479fcebe4c8.txt",
      "type" : "text/plain",
      "size" : 215141
    }, {
      "uid" : "edb8467329cd2de5",
      "name" : "Attachment: HTML - Extent Emailable Execution Report",
      "source" : "edb8467329cd2de5.html",
      "type" : "text/html",
      "size" : 10630521
    } ],
    "parameters" : [ ],
    "stepsCount" : 2,
    "attachmentsCount" : 3,
    "shouldDisplayMessage" : false,
    "hasContent" : true
  } ],
  "labels" : [ {
    "name" : "package",
    "value" : "unitTests.tests_validations_assertions"
  }, {
    "name" : "testClass",
    "value" : "unitTests.tests_validations_assertions"
  }, {
    "name" : "testMethod",
    "value" : "assertElementExists_false_expectedToPass"
  }, {
    "name" : "parentSuite",
    "value" : "SHAFT: Custom Suite"
  }, {
    "name" : "suite",
    "value" : "SHAFT: Custom Test"
  }, {
    "name" : "subSuite",
    "value" : "unitTests.tests_validations_assertions"
  }, {
    "name" : "host",
    "value" : "Mac-1635817609494.local"
  }, {
    "name" : "thread",
    "value" : "3280@Mac-1635817609494.local.main(1)"
  }, {
    "name" : "framework",
    "value" : "testng"
  }, {
    "name" : "language",
    "value" : "java"
  }, {
    "name" : "resultFormat",
    "value" : "allure2"
  } ],
  "parameters" : [ ],
  "links" : [ ],
  "hidden" : false,
  "retry" : false,
  "extra" : {
    "severity" : "normal",
    "retries" : [ ],
    "categories" : [ ],
    "history" : {
      "statistic" : {
        "failed" : 0,
        "broken" : 6,
        "skipped" : 5,
        "passed" : 9,
        "unknown" : 0,
        "total" : 20
      },
      "items" : [ {
        "uid" : "d291308f6f84c56a",
        "reportUrl" : "https://MohabMohie.github.io/SHAFT_ENGINE/allure/macOS/Web/856//#testresult/d291308f6f84c56a",
        "status" : "skipped",
        "statusDetails" : "Could not initialize class org.openqa.selenium.WebDriverException",
        "time" : {
          "start" : 1635804134700,
          "stop" : 1635804134713,
          "duration" : 13
        }
      }, {
        "uid" : "b0bb282f04760b0d",
        "reportUrl" : "https://MohabMohie.github.io/SHAFT_ENGINE/allure/macOS/Web/853//#testresult/b0bb282f04760b0d",
        "status" : "skipped",
        "statusDetails" : "Could not initialize class org.openqa.selenium.WebDriverException",
        "time" : {
          "start" : 1635751653952,
          "stop" : 1635751653953,
          "duration" : 1
        }
      }, {
        "uid" : "feccd3fbb9912579",
        "reportUrl" : "https://MohabMohie.github.io/SHAFT_ENGINE/allure/macOS/Web/847//#testresult/feccd3fbb9912579",
        "status" : "broken",
        "statusDetails" : "Could not initialize class org.openqa.selenium.remote.UnreachableBrowserException",
        "time" : {
          "start" : 1635625292689,
          "stop" : 1635625292721,
          "duration" : 32
        }
      }, {
        "uid" : "3a25e9b8f514634b",
        "reportUrl" : "https://MohabMohie.github.io/SHAFT_ENGINE/allure/macOS/Web/845//#testresult/3a25e9b8f514634b",
        "status" : "skipped",
        "statusDetails" : "Could not initialize class org.openqa.selenium.WebDriverException",
        "time" : {
          "start" : 1635621566096,
          "stop" : 1635621566097,
          "duration" : 1
        }
      }, {
        "uid" : "2456d20da64d75",
        "reportUrl" : "https://MohabMohie.github.io/SHAFT_ENGINE/allure/macOS/Web/844//#testresult/2456d20da64d75",
        "status" : "broken",
        "statusDetails" : "Could not initialize class org.openqa.selenium.remote.UnreachableBrowserException",
        "time" : {
          "start" : 1635621011665,
          "stop" : 1635621011761,
          "duration" : 96
        }
      }, {
        "uid" : "928365108150e805",
        "reportUrl" : "https://MohabMohie.github.io/SHAFT_ENGINE/allure/macOS/Web/842//#testresult/928365108150e805",
        "status" : "broken",
        "statusDetails" : "Could not initialize class org.openqa.selenium.remote.UnreachableBrowserException",
        "time" : {
          "start" : 1635558519091,
          "stop" : 1635558519113,
          "duration" : 22
        }
      }, {
        "uid" : "787988627be87275",
        "reportUrl" : "https://MohabMohie.github.io/SHAFT_ENGINE/allure/macOS/Web/839//#testresult/787988627be87275",
        "status" : "passed",
        "time" : {
          "start" : 1635472328983,
          "stop" : 1635472339699,
          "duration" : 10716
        }
      }, {
        "uid" : "547280675755bf1a",
        "reportUrl" : "https://MohabMohie.github.io/SHAFT_ENGINE/allure/macOS/Web/836//#testresult/547280675755bf1a",
        "status" : "skipped",
        "statusDetails" : "Could not initialize class org.openqa.selenium.SessionNotCreatedException",
        "time" : {
          "start" : 1635415066354,
          "stop" : 1635415066355,
          "duration" : 1
        }
      }, {
        "uid" : "f26be8d4b32fb414",
        "reportUrl" : "https://MohabMohie.github.io/SHAFT_ENGINE/allure/macOS/Web/835//#testresult/f26be8d4b32fb414",
        "status" : "broken",
        "statusDetails" : "Could not initialize class org.openqa.selenium.remote.UnreachableBrowserException",
        "time" : {
          "start" : 1635385854258,
          "stop" : 1635385854360,
          "duration" : 102
        }
      }, {
        "uid" : "8940dcddab89129",
        "reportUrl" : "https://MohabMohie.github.io/SHAFT_ENGINE/allure/macOS/Web/832//#testresult/8940dcddab89129",
        "status" : "broken",
        "statusDetails" : "Could not initialize class org.openqa.selenium.remote.UnreachableBrowserException",
        "time" : {
          "start" : 1635274672500,
          "stop" : 1635274672516,
          "duration" : 16
        }
      }, {
        "uid" : "f3fffdd556604a3c",
        "reportUrl" : "https://MohabMohie.github.io/SHAFT_ENGINE/allure/macOS/Web/828//#testresult/f3fffdd556604a3c",
        "status" : "broken",
        "statusDetails" : "Could not initialize class org.openqa.selenium.remote.UnreachableBrowserException",
        "time" : {
          "start" : 1635213000416,
          "stop" : 1635213000480,
          "duration" : 64
        }
      }, {
        "uid" : "b038e09ee98d581d",
        "reportUrl" : "https://MohabMohie.github.io/SHAFT_ENGINE/allure/macOS/Web/826//#testresult/b038e09ee98d581d",
        "status" : "passed",
        "time" : {
          "start" : 1635169724147,
          "stop" : 1635169734966,
          "duration" : 10819
        }
      }, {
        "uid" : "a93789acf240b48b",
        "reportUrl" : "https://MohabMohie.github.io/SHAFT_ENGINE/allure/macOS/Web/824//#testresult/a93789acf240b48b",
        "status" : "passed",
        "time" : {
          "start" : 1635127021421,
          "stop" : 1635127032500,
          "duration" : 11079
        }
      }, {
        "uid" : "20e3571a98eb9cc0",
        "reportUrl" : "https://MohabMohie.github.io/SHAFT_ENGINE/allure/macOS/Web/822//#testresult/20e3571a98eb9cc0",
        "status" : "passed",
        "time" : {
          "start" : 1635023179632,
          "stop" : 1635023190372,
          "duration" : 10740
        }
      }, {
        "uid" : "d6059478613f1e01",
        "reportUrl" : "https://MohabMohie.github.io/SHAFT_ENGINE/allure/macOS/Web/816//#testresult/d6059478613f1e01",
        "status" : "passed",
        "time" : {
          "start" : 1634781872433,
          "stop" : 1634781883327,
          "duration" : 10894
        }
      }, {
        "uid" : "6b4389513880bde8",
        "reportUrl" : "https://MohabMohie.github.io/SHAFT_ENGINE/allure/macOS/Web/813//#testresult/6b4389513880bde8",
        "status" : "passed",
        "time" : {
          "start" : 1634608623324,
          "stop" : 1634608634542,
          "duration" : 11218
        }
      }, {
        "uid" : "e3908996083d8d38",
        "reportUrl" : "https://MohabMohie.github.io/SHAFT_ENGINE/allure/macOS/Web/804//#testresult/e3908996083d8d38",
        "status" : "passed",
        "time" : {
          "start" : 1634158356016,
          "stop" : 1634158367122,
          "duration" : 11106
        }
      }, {
        "uid" : "f8fc2339a10249a9",
        "reportUrl" : "https://MohabMohie.github.io/SHAFT_ENGINE/allure/macOS/Web/801//#testresult/f8fc2339a10249a9",
        "status" : "passed",
        "time" : {
          "start" : 1634003984175,
          "stop" : 1634003994767,
          "duration" : 10592
        }
      }, {
        "uid" : "3b0617fa0ab045fa",
        "reportUrl" : "https://MohabMohie.github.io/SHAFT_ENGINE/allure/macOS/Web/800//#testresult/3b0617fa0ab045fa",
        "status" : "passed",
        "time" : {
          "start" : 1633964699258,
          "stop" : 1633964709975,
          "duration" : 10717
        }
      } ]
    },
    "tags" : [ ]
  },
  "source" : "b8aacbf8db6ce9cf.json",
  "parameterValues" : [ ]
}