################################################################################################################################################
Detected SHAFT Engine Version: [SHAFT Engine v5.4.20211025-BETA]
################################################################################################################################################

################################################################################################################################################
Starting Execution:	[1 out of 143] test cases in the current suite
Test Method:		[unitTests.tests_validations_assertions.assertComparativeRelation_greaterThanOrEquals_false_equals_expectedToFail]
################################################################################################################################################
[ReportManager] Assertion [ValidateComparativeRelation] FAILED. Expected [1] and Actual [1]. Comparison Type [GREATER_THAN_OR_EQUALS]. Validation Type [NEGATIVE]. @26-10-2021 18:56:29.0100 P

################################################################################################################################################
Starting Execution:	[2 out of 143] test cases in the current suite
Test Method:		[unitTests.tests_validations_assertions.assertComparativeRelation_greaterThanOrEquals_false_equals_expectedToPass]
################################################################################################################################################
[ReportManager] Assertion [ValidateComparativeRelation] PASSED. Expected [2] and Actual [1]. Comparison Type [GREATER_THAN_OR_EQUALS]. Validation Type [NEGATIVE]. @26-10-2021 18:56:29.0243 P

################################################################################################################################################
Starting Execution:	[3 out of 143] test cases in the current suite
Test Method:		[unitTests.tests_validations_assertions.assertComparativeRelation_greaterThanOrEquals_false_greaterThan_expectedToFail]
################################################################################################################################################
[ReportManager] Assertion [ValidateComparativeRelation] FAILED. Expected [1] and Actual [2]. Comparison Type [GREATER_THAN_OR_EQUALS]. Validation Type [NEGATIVE]. @26-10-2021 18:56:29.0254 P

################################################################################################################################################
Starting Execution:	[4 out of 143] test cases in the current suite
Test Method:		[unitTests.tests_validations_assertions.assertComparativeRelation_greaterThanOrEquals_false_greaterThan_expectedToPass]
################################################################################################################################################
[ReportManager] Assertion [ValidateComparativeRelation] PASSED. Expected [2] and Actual [1]. Comparison Type [GREATER_THAN_OR_EQUALS]. Validation Type [NEGATIVE]. @26-10-2021 18:56:29.0266 P

################################################################################################################################################
Starting Execution:	[5 out of 143] test cases in the current suite
Test Method:		[unitTests.tests_validations_assertions.assertComparativeRelation_greaterThanOrEquals_true_equals_expectedToFail]
################################################################################################################################################
[ReportManager] Assertion [ValidateComparativeRelation] FAILED. Expected [1] and Actual [0]. Comparison Type [GREATER_THAN_OR_EQUALS]. Validation Type [POSITIVE]. @26-10-2021 18:56:29.0274 P

################################################################################################################################################
Starting Execution:	[6 out of 143] test cases in the current suite
Test Method:		[unitTests.tests_validations_assertions.assertComparativeRelation_greaterThanOrEquals_true_equals_expectedToPass]
################################################################################################################################################
[ReportManager] Assertion [ValidateComparativeRelation] PASSED. Expected [1] and Actual [1]. Comparison Type [GREATER_THAN_OR_EQUALS]. Validation Type [POSITIVE]. @26-10-2021 18:56:29.0283 P

################################################################################################################################################
Starting Execution:	[7 out of 143] test cases in the current suite
Test Method:		[unitTests.tests_validations_assertions.assertComparativeRelation_greaterThanOrEquals_true_greaterThan_expectedToFail]
################################################################################################################################################
[ReportManager] Assertion [ValidateComparativeRelation] FAILED. Expected [2] and Actual [1]. Comparison Type [GREATER_THAN_OR_EQUALS]. Validation Type [POSITIVE]. @26-10-2021 18:56:29.0291 P

################################################################################################################################################
Starting Execution:	[8 out of 143] test cases in the current suite
Test Method:		[unitTests.tests_validations_assertions.assertComparativeRelation_greaterThanOrEquals_true_greaterThan_expectedToPass]
################################################################################################################################################
[ReportManager] Assertion [ValidateComparativeRelation] PASSED. Expected [1] and Actual [2]. Comparison Type [GREATER_THAN_OR_EQUALS]. Validation Type [POSITIVE]. @26-10-2021 18:56:29.0298 P
[ReportManager] File Action [GetAbsolutePath] successfully performed. With the following test data [Relative Folder Path: "target/downloadedFiles/"]. @26-10-2021 18:56:29.0313 PM
[ReportManager] Attempting to run remotely on: [Linux-64], [GoogleChrome], [http://localhost:4444/wd/hub], Headless Execution. @26-10-2021 18:56:29.0377 PM
[ReportManager] Successfully Opened [GoogleChrome]. @26-10-2021 18:56:34.0626 PM
[ReportManager] Target URL: [https://www.google.com/ncr], and after redirection: [www.google.com] @26-10-2021 18:56:34.0638 PM
[ReportManager] Initial URL: [data:,] @26-10-2021 18:56:35.0092 PM
[ReportManager] Browser Action [NavigateToURL] successfully performed. With the following test data [https://www.google.com/ncr]. @26-10-2021 18:56:36.0367 P

################################################################################################################################################
Starting Execution:	[9 out of 143] test cases in the current suite
Test Method:		[unitTests.tests_validations_assertions.assertElementAttribute_false_caseInsensitiveComparison_expectedToFail]
################################################################################################################################################
[ReportManager] Element Action [Type] successfully performed. With the following test data [AUTOMATION]. @26-10-2021 18:56:37.0211 PM
[ReportManager] Element Action [GetText] successfully performed. With the following test data [AUTOMATION]. @26-10-2021 18:56:37.0594 PM
[ReportManager] Loaded Shared OpenCV @26-10-2021 18:56:38.0525 PM
[ReportManager] Assertion [ValidateElementAttribute] FAILED. Expected [Value Should not be 'AutomaTion' for the 'text' attribute, element locator 'By.name: q'] and Actual [AUTOMATION]. Comparison Type [CASE_INSENSITIVE]. Validation Type [NEGATIVE]. @26-10-2021 18:56:39.0321 PM
[ReportManager] Successfully created attachment [Screenshot - 1635274597996_assertElementAttribute_false_caseInsensitiveComparison_expectedToFail_ValidateElementAttribute_failed] @26-10-2021 18:56:39.0355 P
[ReportManager] Browser Action [CloseCurrentWindow] successfully performed. @26-10-2021 18:56:39.0579 PM
[ReportManager] Successfully created attachment [Browser Action Test Data - CloseCurrentWindow - Actual Value] @26-10-2021 18:56:39.0584 P
[ReportManager] File Action [GetAbsolutePath] successfully performed. With the following test data [Relative Folder Path: "target/downloadedFiles/"]. @26-10-2021 18:56:39.0599 PM
[ReportManager] Attempting to run remotely on: [Linux-64], [GoogleChrome], [http://localhost:4444/wd/hub], Headless Execution. @26-10-2021 18:56:39.0599 PM
[ReportManager] Successfully Opened [GoogleChrome]. @26-10-2021 18:56:43.0598 PM
[ReportManager] Target URL: [https://www.google.com/ncr], and after redirection: [www.google.com] @26-10-2021 18:56:43.0598 PM
[ReportManager] Initial URL: [data:,] @26-10-2021 18:56:43.0724 PM
[ReportManager] Browser Action [NavigateToURL] successfully performed. With the following test data [https://www.google.com/ncr]. @26-10-2021 18:56:44.0845 P

################################################################################################################################################
Starting Execution:	[10 out of 143] test cases in the current suite
Test Method:		[unitTests.tests_validations_assertions.assertElementAttribute_false_caseInsensitiveComparison_expectedToPass]
################################################################################################################################################
[ReportManager] Element Action [Type] successfully performed. With the following test data [AUTOMATION]. @26-10-2021 18:56:45.0690 PM
[ReportManager] Element Action [GetText] successfully performed. With the following test data [AUTOMATION]. @26-10-2021 18:56:45.0937 PM
[ReportManager] Loaded Shared OpenCV @26-10-2021 18:56:46.0292 PM
[ReportManager] Assertion [ValidateElementAttribute] PASSED. Expected [Value Should not be 'AutomaTion123' for the 'text' attribute, element locator 'By.name: q'] and Actual [AUTOMATION]. Comparison Type [CASE_INSENSITIVE]. Validation Type [NEGATIVE]. @26-10-2021 18:56:46.0619 PM
[ReportManager] Successfully created attachment [Screenshot - 1635274606291_assertElementAttribute_false_caseInsensitiveComparison_expectedToPass_ValidateElementAttribute_passed] @26-10-2021 18:56:46.0622 P
[ReportManager] Browser Action [CloseCurrentWindow] successfully performed. @26-10-2021 18:56:46.0826 PM
[ReportManager] Successfully created attachment [Browser Action Test Data - CloseCurrentWindow - Actual Value] @26-10-2021 18:56:46.0834 P
[ReportManager] File Action [GetAbsolutePath] successfully performed. With the following test data [Relative Folder Path: "target/downloadedFiles/"]. @26-10-2021 18:56:46.0841 PM
[ReportManager] Attempting to run remotely on: [Linux-64], [GoogleChrome], [http://localhost:4444/wd/hub], Headless Execution. @26-10-2021 18:56:46.0842 PM
[ReportManager] Successfully Opened [GoogleChrome]. @26-10-2021 18:56:48.0599 PM
[ReportManager] Target URL: [https://www.google.com/ncr], and after redirection: [www.google.com] @26-10-2021 18:56:48.0599 PM
[ReportManager] Initial URL: [data:,] @26-10-2021 18:56:48.0747 PM
[ReportManager] Browser Action [NavigateToURL] successfully performed. With the following test data [https://www.google.com/ncr]. @26-10-2021 18:56:49.0648 P

################################################################################################################################################
Starting Execution:	[11 out of 143] test cases in the current suite
Test Method:		[unitTests.tests_validations_assertions.assertElementAttribute_false_containsComparison_expectedToFail]
################################################################################################################################################
[ReportManager] Element Action [Type] successfully performed. With the following test data [Automation123]. @26-10-2021 18:56:50.0494 PM
[ReportManager] Element Action [GetText] successfully performed. With the following test data [Automation123]. @26-10-2021 18:56:50.0790 PM
[ReportManager] Loaded Shared OpenCV @26-10-2021 18:56:51.0116 PM
[ReportManager] Assertion [ValidateElementAttribute] FAILED. Expected [Value Should not be 'Automation' for the 'text' attribute, element locator 'By.name: q'] and Actual [Automation123]. Comparison Type [CONTAINS]. Validation Type [NEGATIVE]. @26-10-2021 18:56:51.0400 PM
[ReportManager] Successfully created attachment [Screenshot - 1635274611116_assertElementAttribute_false_containsComparison_expectedToFail_ValidateElementAttribute_failed] @26-10-2021 18:56:51.0402 P
[ReportManager] Browser Action [CloseCurrentWindow] successfully performed. @26-10-2021 18:56:51.0604 PM
[ReportManager] Successfully created attachment [Browser Action Test Data - CloseCurrentWindow - Actual Value] @26-10-2021 18:56:51.0605 P
[ReportManager] File Action [GetAbsolutePath] successfully performed. With the following test data [Relative Folder Path: "target/downloadedFiles/"]. @26-10-2021 18:56:51.0610 PM
[ReportManager] Attempting to run remotely on: [Linux-64], [GoogleChrome], [http://localhost:4444/wd/hub], Headless Execution. @26-10-2021 18:56:51.0610 PM
[ReportManager] Successfully Opened [GoogleChrome]. @26-10-2021 18:56:53.0588 PM
[ReportManager] Target URL: [https://www.google.com/ncr], and after redirection: [www.google.com] @26-10-2021 18:56:53.0588 PM
[ReportManager] Initial URL: [data:,] @26-10-2021 18:56:53.0728 PM
[ReportManager] Browser Action [NavigateToURL] successfully performed. With the following test data [https://www.google.com/ncr]. @26-10-2021 18:56:54.0732 P

################################################################################################################################################
Starting Execution:	[12 out of 143] test cases in the current suite
Test Method:		[unitTests.tests_validations_assertions.assertElementAttribute_false_containsComparison_expectedToPass]
################################################################################################################################################
[ReportManager] Element Action [Type] successfully performed. With the following test data [Automation123]. @26-10-2021 18:56:55.0663 PM
[ReportManager] Element Action [GetText] successfully performed. With the following test data [Automation123]. @26-10-2021 18:56:55.0959 PM
[ReportManager] Loaded Shared OpenCV @26-10-2021 18:56:56.0306 PM
[ReportManager] Assertion [ValidateElementAttribute] PASSED. Expected [Value Should not be 'Automation1234' for the 'text' attribute, element locator 'By.name: q'] and Actual [Automation123]. Comparison Type [CONTAINS]. Validation Type [NEGATIVE]. @26-10-2021 18:56:56.0549 PM
[ReportManager] Successfully created attachment [Screenshot - 1635274616305_assertElementAttribute_false_containsComparison_expectedToPass_ValidateElementAttribute_passed] @26-10-2021 18:56:56.0550 P
[ReportManager] Browser Action [CloseCurrentWindow] successfully performed. @26-10-2021 18:56:56.0726 PM
[ReportManager] Successfully created attachment [Browser Action Test Data - CloseCurrentWindow - Actual Value] @26-10-2021 18:56:56.0728 P
[ReportManager] File Action [GetAbsolutePath] successfully performed. With the following test data [Relative Folder Path: "target/downloadedFiles/"]. @26-10-2021 18:56:56.0735 PM
[ReportManager] Attempting to run remotely on: [Linux-64], [GoogleChrome], [http://localhost:4444/wd/hub], Headless Execution. @26-10-2021 18:56:56.0736 PM
[ReportManager] Successfully Opened [GoogleChrome]. @26-10-2021 18:56:58.0544 PM
[ReportManager] Target URL: [https://www.google.com/ncr], and after redirection: [www.google.com] @26-10-2021 18:56:58.0545 PM
[ReportManager] Initial URL: [data:,] @26-10-2021 18:56:58.0655 PM
[ReportManager] Browser Action [NavigateToURL] successfully performed. With the following test data [https://www.google.com/ncr]. @26-10-2021 18:56:59.0547 P

################################################################################################################################################
Starting Execution:	[13 out of 143] test cases in the current suite
Test Method:		[unitTests.tests_validations_assertions.assertElementAttribute_false_literalComparison_expectedToFail]
################################################################################################################################################
[ReportManager] Element Action [Type] successfully performed. With the following test data [Automation!@#$%^&*()_+{}[]\';/.,]. @26-10-2021 18:57:00.0261 PM
[ReportManager] Element Action [GetText] successfully performed. With the following test data [Automation!@#$%^&*()_+{}[]\';/.,]. @26-10-2021 18:57:00.0483 PM
[ReportManager] Loaded Shared OpenCV @26-10-2021 18:57:00.0783 PM
[ReportManager] Assertion [ValidateElementAttribute] PASSED. Expected [Value Should not be 'Automation!@#$%^&*()_+{}[]\\';/.,' for the 'text' attribute, element locator 'By.name: q'] and Actual [Automation!@#$%^&*()_+{}[]\';/.,]. Comparison Type [EQUALS]. Validation Type [NEGATIVE]. @26-10-2021 18:57:01.0038 PM
[ReportManager] Successfully created attachment [Screenshot - 1635274620783_assertElementAttribute_false_literalComparison_expectedToFail_ValidateElementAttribute_passed] @26-10-2021 18:57:01.0040 P
[ReportManager] Browser Action [CloseCurrentWindow] successfully performed. @26-10-2021 18:57:01.0217 PM
[ReportManager] Successfully created attachment [Browser Action Test Data - CloseCurrentWindow - Actual Value] @26-10-2021 18:57:01.0218 P
[ReportManager] File Action [GetAbsolutePath] successfully performed. With the following test data [Relative Folder Path: "target/downloadedFiles/"]. @26-10-2021 18:57:01.0222 PM
[ReportManager] Attempting to run remotely on: [Linux-64], [GoogleChrome], [http://localhost:4444/wd/hub], Headless Execution. @26-10-2021 18:57:01.0222 PM
[ReportManager] Successfully Opened [GoogleChrome]. @26-10-2021 18:57:03.0545 PM
[ReportManager] Target URL: [https://www.google.com/ncr], and after redirection: [www.google.com] @26-10-2021 18:57:03.0545 PM
[ReportManager] Initial URL: [data:,] @26-10-2021 18:57:03.0681 PM
[ReportManager] Browser Action [NavigateToURL] successfully performed. With the following test data [https://www.google.com/ncr]. @26-10-2021 18:57:04.0647 P

################################################################################################################################################
Starting Execution:	[14 out of 143] test cases in the current suite
Test Method:		[unitTests.tests_validations_assertions.assertElementAttribute_false_literalComparison_expectedToPass]
################################################################################################################################################
[ReportManager] Element Action [Type] successfully performed. With the following test data [Automation!@#$%^&*()_+{}[]\';/.,]. @26-10-2021 18:57:05.0401 PM
[ReportManager] Element Action [GetText] successfully performed. With the following test data [Automation!@#$%^&*()_+{}[]\';/.,]. @26-10-2021 18:57:05.0654 PM
[ReportManager] Loaded Shared OpenCV @26-10-2021 18:57:05.0953 PM
[ReportManager] Assertion [ValidateElementAttribute] PASSED. Expected [Value Should not be 'Automation' for the 'text' attribute, element locator 'By.name: q'] and Actual [Automation!@#$%^&*()_+{}[]\';/.,]. Comparison Type [EQUALS]. Validation Type [NEGATIVE]. @26-10-2021 18:57:06.0201 PM
[ReportManager] Successfully created attachment [Screenshot - 1635274625953_assertElementAttribute_false_literalComparison_expectedToPass_ValidateElementAttribute_passed] @26-10-2021 18:57:06.0203 P
[ReportManager] Browser Action [CloseCurrentWindow] successfully performed. @26-10-2021 18:57:06.0356 PM
[ReportManager] Successfully created attachment [Browser Action Test Data - CloseCurrentWindow - Actual Value] @26-10-2021 18:57:06.0359 P
[ReportManager] File Action [GetAbsolutePath] successfully performed. With the following test data [Relative Folder Path: "target/downloadedFiles/"]. @26-10-2021 18:57:06.0363 PM
[ReportManager] Attempting to run remotely on: [Linux-64], [GoogleChrome], [http://localhost:4444/wd/hub], Headless Execution. @26-10-2021 18:57:06.0363 PM
[ReportManager] Successfully Opened [GoogleChrome]. @26-10-2021 18:57:08.0567 PM
[ReportManager] Target URL: [https://www.google.com/ncr], and after redirection: [www.google.com] @26-10-2021 18:57:08.0568 PM
[ReportManager] Initial URL: [data:,] @26-10-2021 18:57:08.0656 PM
[ReportManager] Browser Action [NavigateToURL] successfully performed. With the following test data [https://www.google.com/ncr]. @26-10-2021 18:57:09.0533 P

################################################################################################################################################
Starting Execution:	[15 out of 143] test cases in the current suite
Test Method:		[unitTests.tests_validations_assertions.assertElementAttribute_false_regexComparison_expectedToFail]
################################################################################################################################################
[ReportManager] Element Action [Type] successfully performed. With the following test data [Automation123]. @26-10-2021 18:57:10.0122 PM
[ReportManager] Element Action [GetText] successfully performed. With the following test data [Automation123]. @26-10-2021 18:57:10.0319 PM
[ReportManager] Loaded Shared OpenCV @26-10-2021 18:57:10.0603 PM
[ReportManager] Assertion [ValidateElementAttribute] FAILED. Expected [Value Should not be 'Automation.*' for the 'text' attribute, element locator 'By.name: q'] and Actual [Automation123]. Comparison Type [MATCHES]. Validation Type [NEGATIVE]. @26-10-2021 18:57:10.0850 PM
[ReportManager] Successfully created attachment [Screenshot - 1635274630603_assertElementAttribute_false_regexComparison_expectedToFail_ValidateElementAttribute_failed] @26-10-2021 18:57:10.0852 P
[ReportManager] Browser Action [CloseCurrentWindow] successfully performed. @26-10-2021 18:57:11.0052 PM
[ReportManager] Successfully created attachment [Browser Action Test Data - CloseCurrentWindow - Actual Value] @26-10-2021 18:57:11.0054 P
[ReportManager] File Action [GetAbsolutePath] successfully performed. With the following test data [Relative Folder Path: "target/downloadedFiles/"]. @26-10-2021 18:57:11.0063 PM
[ReportManager] Attempting to run remotely on: [Linux-64], [GoogleChrome], [http://localhost:4444/wd/hub], Headless Execution. @26-10-2021 18:57:11.0064 PM
[ReportManager] Successfully Opened [GoogleChrome]. @26-10-2021 18:57:13.0555 PM
[ReportManager] Target URL: [https://www.google.com/ncr], and after redirection: [www.google.com] @26-10-2021 18:57:13.0555 PM
[ReportManager] Initial URL: [data:,] @26-10-2021 18:57:13.0637 PM
[ReportManager] Browser Action [NavigateToURL] successfully performed. With the following test data [https://www.google.com/ncr]. @26-10-2021 18:57:14.0503 P

################################################################################################################################################
Starting Execution:	[16 out of 143] test cases in the current suite
Test Method:		[unitTests.tests_validations_assertions.assertElementAttribute_false_regexComparison_expectedToPass]
################################################################################################################################################
[ReportManager] Element Action [Type] successfully performed. With the following test data [Automation123]. @26-10-2021 18:57:15.0075 PM
[ReportManager] Element Action [GetText] successfully performed. With the following test data [Automation123]. @26-10-2021 18:57:15.0264 PM
[ReportManager] Loaded Shared OpenCV @26-10-2021 18:57:15.0579 PM
[ReportManager] Assertion [ValidateElementAttribute] PASSED. Expected [Value Should not be 'Automation' for the 'text' attribute, element locator 'By.name: q'] and Actual [Automation123]. Comparison Type [MATCHES]. Validation Type [NEGATIVE]. @26-10-2021 18:57:15.0816 PM
[ReportManager] Successfully created attachment [Screenshot - 1635274635579_assertElementAttribute_false_regexComparison_expectedToPass_ValidateElementAttribute_passed] @26-10-2021 18:57:15.0818 P
[ReportManager] Browser Action [CloseCurrentWindow] successfully performed. @26-10-2021 18:57:15.0977 PM
[ReportManager] Successfully created attachment [Browser Action Test Data - CloseCurrentWindow - Actual Value] @26-10-2021 18:57:15.0978 P
[ReportManager] File Action [GetAbsolutePath] successfully performed. With the following test data [Relative Folder Path: "target/downloadedFiles/"]. @26-10-2021 18:57:15.0990 PM
[ReportManager] Attempting to run remotely on: [Linux-64], [GoogleChrome], [http://localhost:4444/wd/hub], Headless Execution. @26-10-2021 18:57:15.0990 PM
[ReportManager] Successfully Opened [GoogleChrome]. @26-10-2021 18:57:18.0546 PM
[ReportManager] Target URL: [https://www.google.com/ncr], and after redirection: [www.google.com] @26-10-2021 18:57:18.0546 PM
[ReportManager] Initial URL: [data:,] @26-10-2021 18:57:18.0635 PM
[ReportManager] Browser Action [NavigateToURL] successfully performed. With the following test data [https://www.google.com/ncr]. @26-10-2021 18:57:19.0530 P

################################################################################################################################################
Starting Execution:	[17 out of 143] test cases in the current suite
Test Method:		[unitTests.tests_validations_assertions.assertElementAttribute_true_caseInsensitiveComparison_expectedToFail]
################################################################################################################################################
[ReportManager] Element Action [Type] successfully performed. With the following test data [AUTOMATION]. @26-10-2021 18:57:20.0095 PM
[ReportManager] Element Action [GetText] successfully performed. With the following test data [AUTOMATION]. @26-10-2021 18:57:20.0256 PM
[ReportManager] Loaded Shared OpenCV @26-10-2021 18:57:20.0764 PM
[ReportManager] Assertion [ValidateElementAttribute] FAILED. Expected [Value Should be 'AutomaTion123' for the 'text' attribute, element locator 'By.name: q'] and Actual [AUTOMATION]. Comparison Type [CASE_INSENSITIVE]. Validation Type [POSITIVE]. @26-10-2021 18:57:21.0010 PM
[ReportManager] Successfully created attachment [Screenshot - 1635274640764_assertElementAttribute_true_caseInsensitiveComparison_expectedToFail_ValidateElementAttribute_failed] @26-10-2021 18:57:21.0013 P
[ReportManager] Browser Action [CloseCurrentWindow] successfully performed. @26-10-2021 18:57:21.0173 PM
[ReportManager] Successfully created attachment [Browser Action Test Data - CloseCurrentWindow - Actual Value] @26-10-2021 18:57:21.0174 P
[ReportManager] File Action [GetAbsolutePath] successfully performed. With the following test data [Relative Folder Path: "target/downloadedFiles/"]. @26-10-2021 18:57:21.0178 PM
[ReportManager] Attempting to run remotely on: [Linux-64], [GoogleChrome], [http://localhost:4444/wd/hub], Headless Execution. @26-10-2021 18:57:21.0178 PM
[ReportManager] Successfully Opened [GoogleChrome]. @26-10-2021 18:57:23.0544 PM
[ReportManager] Target URL: [https://www.google.com/ncr], and after redirection: [www.google.com] @26-10-2021 18:57:23.0545 PM
[ReportManager] Initial URL: [data:,] @26-10-2021 18:57:23.0620 PM
[ReportManager] Browser Action [NavigateToURL] successfully performed. With the following test data [https://www.google.com/ncr]. @26-10-2021 18:57:24.0497 P

################################################################################################################################################
Starting Execution:	[18 out of 143] test cases in the current suite
Test Method:		[unitTests.tests_validations_assertions.assertElementAttribute_true_caseInsensitiveComparison_expectedToPass]
################################################################################################################################################
[ReportManager] Element Action [Type] successfully performed. With the following test data [AUTOMATION]. @26-10-2021 18:57:25.0097 PM
[ReportManager] Element Action [GetText] successfully performed. With the following test data [AUTOMATION]. @26-10-2021 18:57:25.0260 PM
[ReportManager] Loaded Shared OpenCV @26-10-2021 18:57:25.0574 PM
[ReportManager] Assertion [ValidateElementAttribute] PASSED. Expected [Value Should be 'AutomaTion' for the 'text' attribute, element locator 'By.name: q'] and Actual [AUTOMATION]. Comparison Type [CASE_INSENSITIVE]. Validation Type [POSITIVE]. @26-10-2021 18:57:25.0841 PM
[ReportManager] Successfully created attachment [Screenshot - 1635274645574_assertElementAttribute_true_caseInsensitiveComparison_expectedToPass_ValidateElementAttribute_passed] @26-10-2021 18:57:25.0842 P
[ReportManager] Browser Action [CloseCurrentWindow] successfully performed. @26-10-2021 18:57:25.0993 PM
[ReportManager] Successfully created attachment [Browser Action Test Data - CloseCurrentWindow - Actual Value] @26-10-2021 18:57:25.0994 P
[ReportManager] File Action [GetAbsolutePath] successfully performed. With the following test data [Relative Folder Path: "target/downloadedFiles/"]. @26-10-2021 18:57:25.0997 PM
[ReportManager] Attempting to run remotely on: [Linux-64], [GoogleChrome], [http://localhost:4444/wd/hub], Headless Execution. @26-10-2021 18:57:25.0997 PM
[ReportManager] Successfully Opened [GoogleChrome]. @26-10-2021 18:57:28.0558 PM
[ReportManager] Target URL: [https://www.google.com/ncr], and after redirection: [www.google.com] @26-10-2021 18:57:28.0558 PM
[ReportManager] Initial URL: [data:,] @26-10-2021 18:57:28.0647 PM
[ReportManager] Browser Action [NavigateToURL] successfully performed. With the following test data [https://www.google.com/ncr]. @26-10-2021 18:57:29.0483 P

################################################################################################################################################
Starting Execution:	[19 out of 143] test cases in the current suite
Test Method:		[unitTests.tests_validations_assertions.assertElementAttribute_true_containsComparison_expectedToFail]
################################################################################################################################################
[ReportManager] Element Action [Type] successfully performed. With the following test data [Automation123]. @26-10-2021 18:57:30.0034 PM
[ReportManager] Element Action [GetText] successfully performed. With the following test data [Automation123]. @26-10-2021 18:57:30.0188 PM
[ReportManager] Loaded Shared OpenCV @26-10-2021 18:57:30.0500 PM
[ReportManager] Assertion [ValidateElementAttribute] FAILED. Expected [Value Should be 'Automation1234' for the 'text' attribute, element locator 'By.name: q'] and Actual [Automation123]. Comparison Type [CONTAINS]. Validation Type [POSITIVE]. @26-10-2021 18:57:30.0724 PM
[ReportManager] Successfully created attachment [Screenshot - 1635274650500_assertElementAttribute_true_containsComparison_expectedToFail_ValidateElementAttribute_failed] @26-10-2021 18:57:30.0725 P
[ReportManager] Browser Action [CloseCurrentWindow] successfully performed. @26-10-2021 18:57:30.0885 PM
[ReportManager] Successfully created attachment [Browser Action Test Data - CloseCurrentWindow - Actual Value] @26-10-2021 18:57:30.0886 P
[ReportManager] File Action [GetAbsolutePath] successfully performed. With the following test data [Relative Folder Path: "target/downloadedFiles/"]. @26-10-2021 18:57:30.0889 PM
[ReportManager] Attempting to run remotely on: [Linux-64], [GoogleChrome], [http://localhost:4444/wd/hub], Headless Execution. @26-10-2021 18:57:30.0890 PM
[ReportManager] Successfully Opened [GoogleChrome]. @26-10-2021 18:57:33.0527 PM
[ReportManager] Target URL: [https://www.google.com/ncr], and after redirection: [www.google.com] @26-10-2021 18:57:33.0527 PM
[ReportManager] Initial URL: [data:,] @26-10-2021 18:57:33.0601 PM
[ReportManager] Browser Action [NavigateToURL] successfully performed. With the following test data [https://www.google.com/ncr]. @26-10-2021 18:57:34.0466 P

################################################################################################################################################
Starting Execution:	[20 out of 143] test cases in the current suite
Test Method:		[unitTests.tests_validations_assertions.assertElementAttribute_true_containsComparison_expectedToPass]
################################################################################################################################################
[ReportManager] Element Action [Type] successfully performed. With the following test data [Automation123]. @26-10-2021 18:57:35.0002 PM
[ReportManager] Element Action [GetText] successfully performed. With the following test data [Automation123]. @26-10-2021 18:57:35.0172 PM
[ReportManager] Loaded Shared OpenCV @26-10-2021 18:57:35.0493 PM
[ReportManager] Assertion [ValidateElementAttribute] PASSED. Expected [Value Should be 'Automation' for the 'text' attribute, element locator 'By.name: q'] and Actual [Automation123]. Comparison Type [CONTAINS]. Validation Type [POSITIVE]. @26-10-2021 18:57:35.0702 PM
[ReportManager] Successfully created attachment [Screenshot - 1635274655493_assertElementAttribute_true_containsComparison_expectedToPass_ValidateElementAttribute_passed] @26-10-2021 18:57:35.0703 P
[ReportManager] Browser Action [CloseCurrentWindow] successfully performed. @26-10-2021 18:57:35.0834 PM
[ReportManager] Successfully created attachment [Browser Action Test Data - CloseCurrentWindow - Actual Value] @26-10-2021 18:57:35.0837 P
[ReportManager] File Action [GetAbsolutePath] successfully performed. With the following test data [Relative Folder Path: "target/downloadedFiles/"]. @26-10-2021 18:57:35.0841 PM
[ReportManager] Attempting to run remotely on: [Linux-64], [GoogleChrome], [http://localhost:4444/wd/hub], Headless Execution. @26-10-2021 18:57:35.0841 PM
[ReportManager] Successfully Opened [GoogleChrome]. @26-10-2021 18:57:38.0530 PM
[ReportManager] Target URL: [https://www.google.com/ncr], and after redirection: [www.google.com] @26-10-2021 18:57:38.0530 PM
[ReportManager] Initial URL: [data:,] @26-10-2021 18:57:38.0599 PM
[ReportManager] Browser Action [NavigateToURL] successfully performed. With the following test data [https://www.google.com/ncr]. @26-10-2021 18:57:40.0279 P

################################################################################################################################################
Starting Execution:	[21 out of 143] test cases in the current suite
Test Method:		[unitTests.tests_validations_assertions.assertElementAttribute_true_literalComparison_expectedToFail]
################################################################################################################################################
[ReportManager] Element Action [Type] successfully performed. With the following test data [Automation!@#$%^&*()_+{}[]\';/.,]. @26-10-2021 18:57:40.0911 PM
[ReportManager] Element Action [GetText] successfully performed. With the following test data [Automation!@#$%^&*()_+{}[]\';/.,]. @26-10-2021 18:57:41.0095 PM
[ReportManager] Loaded Shared OpenCV @26-10-2021 18:57:41.0396 PM
[ReportManager] Assertion [ValidateElementAttribute] FAILED. Expected [Value Should be 'Automation' for the 'text' attribute, element locator 'By.name: q'] and Actual [Automation!@#$%^&*()_+{}[]\';/.,]. Comparison Type [EQUALS]. Validation Type [POSITIVE]. @26-10-2021 18:57:41.0626 PM
[ReportManager] Successfully created attachment [Screenshot - 1635274661396_assertElementAttribute_true_literalComparison_expectedToFail_ValidateElementAttribute_failed] @26-10-2021 18:57:41.0627 P
[ReportManager] Browser Action [CloseCurrentWindow] successfully performed. @26-10-2021 18:57:41.0769 PM
[ReportManager] Successfully created attachment [Browser Action Test Data - CloseCurrentWindow - Actual Value] @26-10-2021 18:57:41.0770 P
[ReportManager] File Action [GetAbsolutePath] successfully performed. With the following test data [Relative Folder Path: "target/downloadedFiles/"]. @26-10-2021 18:57:41.0773 PM
[ReportManager] Attempting to run remotely on: [Linux-64], [GoogleChrome], [http://localhost:4444/wd/hub], Headless Execution. @26-10-2021 18:57:41.0773 PM
[ReportManager] Successfully Opened [GoogleChrome]. @26-10-2021 18:57:43.0525 PM
[ReportManager] Target URL: [https://www.google.com/ncr], and after redirection: [www.google.com] @26-10-2021 18:57:43.0525 PM
[ReportManager] Initial URL: [data:,] @26-10-2021 18:57:43.0618 PM
[ReportManager] Browser Action [NavigateToURL] successfully performed. With the following test data [https://www.google.com/ncr]. @26-10-2021 18:57:44.0534 P

################################################################################################################################################
Starting Execution:	[22 out of 143] test cases in the current suite
Test Method:		[unitTests.tests_validations_assertions.assertElementAttribute_true_literalComparison_expectedToPass]
################################################################################################################################################
[ReportManager] Element Action [Type] successfully performed. With the following test data [Automation!@#$%^&*()_+{}[]\';/.,]. @26-10-2021 18:57:45.0216 PM
[ReportManager] Element Action [GetText] successfully performed. With the following test data [Automation!@#$%^&*()_+{}[]\';/.,]. @26-10-2021 18:57:45.0369 PM
[ReportManager] Loaded Shared OpenCV @26-10-2021 18:57:45.0658 PM
[ReportManager] Assertion [ValidateElementAttribute] PASSED. Expected [Value Should be 'Automation!@#$%^&*()_+{}[]\';/.,' for the 'text' attribute, element locator 'By.name: q'] and Actual [Automation!@#$%^&*()_+{}[]\';/.,]. Comparison Type [EQUALS]. Validation Type [POSITIVE]. @26-10-2021 18:57:45.0873 PM
[ReportManager] Successfully created attachment [Screenshot - 1635274665658_assertElementAttribute_true_literalComparison_expectedToPass_ValidateElementAttribute_passed] @26-10-2021 18:57:45.0874 P
[ReportManager] Browser Action [CloseCurrentWindow] successfully performed. @26-10-2021 18:57:46.0008 PM
[ReportManager] Successfully created attachment [Browser Action Test Data - CloseCurrentWindow - Actual Value] @26-10-2021 18:57:46.0010 P
[ReportManager] File Action [GetAbsolutePath] successfully performed. With the following test data [Relative Folder Path: "target/downloadedFiles/"]. @26-10-2021 18:57:46.0013 PM
[ReportManager] Attempting to run remotely on: [Linux-64], [GoogleChrome], [http://localhost:4444/wd/hub], Headless Execution. @26-10-2021 18:57:46.0013 PM
[ReportManager] Successfully Opened [GoogleChrome]. @26-10-2021 18:57:48.0577 PM
[ReportManager] Target URL: [https://www.google.com/ncr], and after redirection: [www.google.com] @26-10-2021 18:57:48.0577 PM
[ReportManager] Initial URL: [data:,] @26-10-2021 18:57:48.0659 PM
[ReportManager] Browser Action [NavigateToURL] successfully performed. With the following test data [https://www.google.com/ncr]. @26-10-2021 18:57:49.0533 P

################################################################################################################################################
Starting Execution:	[23 out of 143] test cases in the current suite
Test Method:		[unitTests.tests_validations_assertions.assertElementAttribute_true_regexComparison_expectedToFail]
################################################################################################################################################
[ReportManager] Element Action [Type] successfully performed. With the following test data [Automation123]. @26-10-2021 18:57:50.0171 PM
[ReportManager] Element Action [GetText] successfully performed. With the following test data [Automation123]. @26-10-2021 18:57:50.0309 PM
[ReportManager] Loaded Shared OpenCV @26-10-2021 18:57:50.0572 PM
[ReportManager] Assertion [ValidateElementAttribute] FAILED. Expected [Value Should be 'Automation' for the 'text' attribute, element locator 'By.name: q'] and Actual [Automation123]. Comparison Type [MATCHES]. Validation Type [POSITIVE]. @26-10-2021 18:57:50.0796 PM
[ReportManager] Successfully created attachment [Screenshot - 1635274670572_assertElementAttribute_true_regexComparison_expectedToFail_ValidateElementAttribute_failed] @26-10-2021 18:57:50.0797 P
[ReportManager] Browser Action [CloseCurrentWindow] successfully performed. @26-10-2021 18:57:50.0975 PM
[ReportManager] Successfully created attachment [Browser Action Test Data - CloseCurrentWindow - Actual Value] @26-10-2021 18:57:50.0976 P
[ReportManager] File Action [GetAbsolutePath] successfully performed. With the following test data [Relative Folder Path: "target/downloadedFiles/"]. @26-10-2021 18:57:50.0979 PM
[ReportManager] Attempting to run remotely on: [Linux-64], [GoogleChrome], [http://localhost:4444/wd/hub], Headless Execution. @26-10-2021 18:57:50.0979 PM
[ReportManager] Successfully Opened [GoogleChrome]. @26-10-2021 18:57:53.0527 PM
[ReportManager] Target URL: [https://www.google.com/ncr], and after redirection: [www.google.com] @26-10-2021 18:57:53.0527 PM
[ReportManager] Initial URL: [data:,] @26-10-2021 18:57:53.0608 PM
[ReportManager] Browser Action [NavigateToURL] successfully performed. With the following test data [https://www.google.com/ncr]. @26-10-2021 18:57:54.0387 P

################################################################################################################################################
Starting Execution:	[24 out of 143] test cases in the current suite
Test Method:		[unitTests.tests_validations_assertions.assertElementAttribute_true_regexComparison_expectedToPass]
################################################################################################################################################
[ReportManager] Element Action [Type] successfully performed. With the following test data [Automation123]. @26-10-2021 18:57:54.0896 PM
[ReportManager] Element Action [GetText] successfully performed. With the following test data [Automation123]. @26-10-2021 18:57:55.0062 PM
[ReportManager] Loaded Shared OpenCV @26-10-2021 18:57:55.0392 PM
[ReportManager] Assertion [ValidateElementAttribute] PASSED. Expected [Value Should be 'Automation.*' for the 'text' attribute, element locator 'By.name: q'] and Actual [Automation123]. Comparison Type [MATCHES]. Validation Type [POSITIVE]. @26-10-2021 18:57:55.0615 PM
[ReportManager] Successfully created attachment [Screenshot - 1635274675392_assertElementAttribute_true_regexComparison_expectedToPass_ValidateElementAttribute_passed] @26-10-2021 18:57:55.0616 P
[ReportManager] Browser Action [CloseCurrentWindow] successfully performed. @26-10-2021 18:57:55.0746 PM
[ReportManager] Successfully created attachment [Browser Action Test Data - CloseCurrentWindow - Actual Value] @26-10-2021 18:57:55.0747 P
[ReportManager] File Action [GetAbsolutePath] successfully performed. With the following test data [Relative Folder Path: "target/downloadedFiles/"]. @26-10-2021 18:57:55.0759 PM
[ReportManager] Attempting to run remotely on: [Linux-64], [GoogleChrome], [http://localhost:4444/wd/hub], Headless Execution. @26-10-2021 18:57:55.0759 PM
[ReportManager] Successfully Opened [GoogleChrome]. @26-10-2021 18:57:58.0572 PM
[ReportManager] Target URL: [https://www.google.com/ncr], and after redirection: [www.google.com] @26-10-2021 18:57:58.0572 PM
[ReportManager] Initial URL: [data:,] @26-10-2021 18:57:58.0668 PM
[ReportManager] Browser Action [NavigateToURL] successfully performed. With the following test data [https://www.google.com/ncr]. @26-10-2021 18:57:59.0636 P

################################################################################################################################################
Starting Execution:	[25 out of 143] test cases in the current suite
Test Method:		[unitTests.tests_validations_assertions.assertElementAttribute_type_true_literalComparison_expectedToPass]
################################################################################################################################################
[ReportManager] Element Action [Type] successfully performed. With the following test data [Automation!@#$%^&*()_+{}[]\';/.,]. @26-10-2021 18:58:00.0398 PM
[ReportManager] Element Action [GetText] successfully performed. With the following test data [Automation!@#$%^&*()_+{}[]\';/.,]. @26-10-2021 18:58:00.0531 PM
[ReportManager] Loaded Shared OpenCV @26-10-2021 18:58:00.0859 PM
[ReportManager] Assertion [ValidateElementAttribute] PASSED. Expected [Value Should be 'Automation!@#$%^&*()_+{}[]\';/.,' for the 'text' attribute, element locator 'By.name: q'] and Actual [Automation!@#$%^&*()_+{}[]\';/.,]. Comparison Type [EQUALS]. Validation Type [POSITIVE]. @26-10-2021 18:58:01.0083 PM
[ReportManager] Successfully created attachment [Screenshot - 1635274680859_assertElementAttribute_type_true_literalComparison_expectedToPass_ValidateElementAttribute_passed] @26-10-2021 18:58:01.0084 P
[ReportManager] Browser Action [CloseCurrentWindow] successfully performed. @26-10-2021 18:58:01.0229 PM
[ReportManager] Successfully created attachment [Browser Action Test Data - CloseCurrentWindow - Actual Value] @26-10-2021 18:58:01.0230 P
[ReportManager] File Action [GetAbsolutePath] successfully performed. With the following test data [Relative Folder Path: "target/downloadedFiles/"]. @26-10-2021 18:58:01.0235 PM
[ReportManager] Attempting to run remotely on: [Linux-64], [GoogleChrome], [http://localhost:4444/wd/hub], Headless Execution. @26-10-2021 18:58:01.0235 PM
[ReportManager] Successfully Opened [GoogleChrome]. @26-10-2021 18:58:03.0570 PM
[ReportManager] Target URL: [https://www.google.com/ncr], and after redirection: [www.google.com] @26-10-2021 18:58:03.0571 PM
[ReportManager] Initial URL: [data:,] @26-10-2021 18:58:03.0649 PM
[ReportManager] Browser Action [NavigateToURL] successfully performed. With the following test data [https://www.google.com/ncr]. @26-10-2021 18:58:04.0515 P

################################################################################################################################################
Starting Execution:	[26 out of 143] test cases in the current suite
Test Method:		[unitTests.tests_validations_assertions.assertElementExists_false_expectedToFail]
################################################################################################################################################
[ReportManager] Assertion [ValidateElementExists] PASSED. Expected [Element Should not Exist, locator 'By.id: hplogo'] and Actual [Element Doesn't Exists]. Comparison Type [EQUALS]. Validation Type [NEGATIVE]. @26-10-2021 18:58:15.0212 PM
[ReportManager] Successfully created attachment [Screenshot - 1635274695005_assertElementExists_false_expectedToFail_ValidateElementExists_passed] @26-10-2021 18:58:15.0213 P
[ReportManager] Browser Action [CloseCurrentWindow] successfully performed. @26-10-2021 18:58:15.0393 PM
[ReportManager] Successfully created attachment [Browser Action Test Data - CloseCurrentWindow - Actual Value] @26-10-2021 18:58:15.0394 P
[ReportManager] File Action [GetAbsolutePath] successfully performed. With the following test data [Relative Folder Path: "target/downloadedFiles/"]. @26-10-2021 18:58:15.0397 PM
[ReportManager] Attempting to run remotely on: [Linux-64], [GoogleChrome], [http://localhost:4444/wd/hub], Headless Execution. @26-10-2021 18:58:15.0398 PM
[ReportManager] Successfully Opened [GoogleChrome]. @26-10-2021 18:58:18.0547 PM
[ReportManager] Target URL: [https://www.google.com/ncr], and after redirection: [www.google.com] @26-10-2021 18:58:18.0547 PM
[ReportManager] Initial URL: [data:,] @26-10-2021 18:58:18.0613 PM
[ReportManager] Browser Action [NavigateToURL] successfully performed. With the following test data [https://www.google.com/ncr]. @26-10-2021 18:58:19.0554 P

################################################################################################################################################
Starting Execution:	[27 out of 143] test cases in the current suite
Test Method:		[unitTests.tests_validations_assertions.assertElementExists_false_expectedToPass]
################################################################################################################################################
[ReportManager] Assertion [ValidateElementExists] PASSED. Expected [Element Should not Exist, locator 'By.id: fakeElement'] and Actual [Element Doesn't Exists]. Comparison Type [EQUALS]. Validation Type [NEGATIVE]. @26-10-2021 18:58:30.0217 PM
[ReportManager] Successfully created attachment [Screenshot - 1635274710041_assertElementExists_false_expectedToPass_ValidateElementExists_passed] @26-10-2021 18:58:30.0218 P
[ReportManager] Browser Action [CloseCurrentWindow] successfully performed. @26-10-2021 18:58:30.0396 PM
[ReportManager] Successfully created attachment [Browser Action Test Data - CloseCurrentWindow - Actual Value] @26-10-2021 18:58:30.0397 P
[ReportManager] File Action [GetAbsolutePath] successfully performed. With the following test data [Relative Folder Path: "target/downloadedFiles/"]. @26-10-2021 18:58:30.0400 PM
[ReportManager] Attempting to run remotely on: [Linux-64], [GoogleChrome], [http://localhost:4444/wd/hub], Headless Execution. @26-10-2021 18:58:30.0400 PM
[ReportManager] Successfully Opened [GoogleChrome]. @26-10-2021 18:58:33.0530 PM
[ReportManager] Target URL: [https://www.google.com/ncr], and after redirection: [www.google.com] @26-10-2021 18:58:33.0530 PM
[ReportManager] Initial URL: [data:,] @26-10-2021 18:58:33.0648 PM
[ReportManager] Browser Action [NavigateToURL] successfully performed. With the following test data [https://www.google.com/ncr]. @26-10-2021 18:58:34.0597 P

################################################################################################################################################
Starting Execution:	[28 out of 143] test cases in the current suite
Test Method:		[unitTests.tests_validations_assertions.assertElementExists_false_multipleElementsFound_expectedToFail]
################################################################################################################################################
[ReportManager] Assertion [ValidateElementExists] FAILED. Expected [Element Should not Exist, locator 'By.xpath: //div'] and Actual [Element Exists but is not unique]. Comparison Type [EQUALS]. Validation Type [NEGATIVE]. @26-10-2021 18:58:35.0227 PM
[ReportManager] Successfully created attachment [Screenshot - 1635274715039_assertElementExists_false_multipleElementsFound_expectedToFail_ValidateElementExists_failed] @26-10-2021 18:58:35.0227 P
[ReportManager] Browser Action [CloseCurrentWindow] successfully performed. @26-10-2021 18:58:35.0415 PM
[ReportManager] Successfully created attachment [Browser Action Test Data - CloseCurrentWindow - Actual Value] @26-10-2021 18:58:35.0416 P
[ReportManager] File Action [GetAbsolutePath] successfully performed. With the following test data [Relative Folder Path: "target/downloadedFiles/"]. @26-10-2021 18:58:35.0419 PM
[ReportManager] Attempting to run remotely on: [Linux-64], [GoogleChrome], [http://localhost:4444/wd/hub], Headless Execution. @26-10-2021 18:58:35.0421 PM
[ReportManager] Successfully Opened [GoogleChrome]. @26-10-2021 18:58:38.0566 PM
[ReportManager] Target URL: [https://www.google.com/ncr], and after redirection: [www.google.com] @26-10-2021 18:58:38.0567 PM
[ReportManager] Initial URL: [data:,] @26-10-2021 18:58:38.0633 PM
[ReportManager] Browser Action [NavigateToURL] successfully performed. With the following test data [https://www.google.com/ncr]. @26-10-2021 18:58:39.0527 P

################################################################################################################################################
Starting Execution:	[29 out of 143] test cases in the current suite
Test Method:		[unitTests.tests_validations_assertions.assertElementExists_true_expectedToFail]
################################################################################################################################################
[ReportManager] Assertion [ValidateElementExists] FAILED. Expected [Element Should Exist, locator 'By.id: fakeElement'] and Actual [Element Doesn't Exists]. Comparison Type [EQUALS]. Validation Type [POSITIVE]. @26-10-2021 18:59:10.0529 PM
[ReportManager] Successfully created attachment [Screenshot - 1635274750350_assertElementExists_true_expectedToFail_ValidateElementExists_failed] @26-10-2021 18:59:10.0530 P
[ReportManager] Browser Action [CloseCurrentWindow] successfully performed. @26-10-2021 18:59:10.0675 PM
[ReportManager] Successfully created attachment [Browser Action Test Data - CloseCurrentWindow - Actual Value] @26-10-2021 18:59:10.0676 P
[ReportManager] File Action [GetAbsolutePath] successfully performed. With the following test data [Relative Folder Path: "target/downloadedFiles/"]. @26-10-2021 18:59:10.0678 PM
[ReportManager] Attempting to run remotely on: [Linux-64], [GoogleChrome], [http://localhost:4444/wd/hub], Headless Execution. @26-10-2021 18:59:10.0679 PM
[ReportManager] Successfully Opened [GoogleChrome]. @26-10-2021 18:59:13.0538 PM
[ReportManager] Target URL: [https://www.google.com/ncr], and after redirection: [www.google.com] @26-10-2021 18:59:13.0539 PM
[ReportManager] Initial URL: [data:,] @26-10-2021 18:59:13.0611 PM
[ReportManager] Browser Action [NavigateToURL] successfully performed. With the following test data [https://www.google.com/ncr]. @26-10-2021 18:59:14.0466 P

################################################################################################################################################
Starting Execution:	[30 out of 143] test cases in the current suite
Test Method:		[unitTests.tests_validations_assertions.assertElementExists_true_expectedToPass]
################################################################################################################################################
[ReportManager] Loaded Shared OpenCV @26-10-2021 18:59:14.0815 PM
[ReportManager] Assertion [ValidateElementExists] PASSED. Expected [Element Should Exist, locator 'By.xpath: //*[@id='hplogo' or @alt='Google']'] and Actual [Element Exists]. Comparison Type [EQUALS]. Validation Type [POSITIVE]. @26-10-2021 18:59:15.0025 PM
[ReportManager] Successfully created attachment [Screenshot - 1635274754815_assertElementExists_true_expectedToPass_ValidateElementExists_passed] @26-10-2021 18:59:15.0026 P
[ReportManager] Browser Action [CloseCurrentWindow] successfully performed. @26-10-2021 18:59:15.0161 PM
[ReportManager] Successfully created attachment [Browser Action Test Data - CloseCurrentWindow - Actual Value] @26-10-2021 18:59:15.0162 P
[ReportManager] File Action [GetAbsolutePath] successfully performed. With the following test data [Relative Folder Path: "target/downloadedFiles/"]. @26-10-2021 18:59:15.0165 PM
[ReportManager] Attempting to run remotely on: [Linux-64], [GoogleChrome], [http://localhost:4444/wd/hub], Headless Execution. @26-10-2021 18:59:15.0165 PM
[ReportManager] Successfully Opened [GoogleChrome]. @26-10-2021 18:59:18.0548 PM
[ReportManager] Target URL: [https://www.google.com/ncr], and after redirection: [www.google.com] @26-10-2021 18:59:18.0548 PM
[ReportManager] Initial URL: [data:,] @26-10-2021 18:59:18.0631 PM
[ReportManager] Browser Action [NavigateToURL] successfully performed. With the following test data [https://www.google.com/ncr]. @26-10-2021 18:59:19.0475 P

################################################################################################################################################
Starting Execution:	[31 out of 143] test cases in the current suite
Test Method:		[unitTests.tests_validations_assertions.assertElementExists_true_multipleElementsFound_expectedToFail]
################################################################################################################################################
[ReportManager] Assertion [ValidateElementExists] FAILED. Expected [Element Should Exist, locator 'By.xpath: //div'] and Actual [Element Exists but is not unique]. Comparison Type [EQUALS]. Validation Type [POSITIVE]. @26-10-2021 18:59:19.0990 PM
[ReportManager] Successfully created attachment [Screenshot - 1635274759815_assertElementExists_true_multipleElementsFound_expectedToFail_ValidateElementExists_failed] @26-10-2021 18:59:19.0991 P
[ReportManager] Browser Action [CloseCurrentWindow] successfully performed. @26-10-2021 18:59:20.0173 PM
[ReportManager] Successfully created attachment [Browser Action Test Data - CloseCurrentWindow - Actual Value] @26-10-2021 18:59:20.0174 P

################################################################################################################################################
Starting Execution:	[32 out of 143] test cases in the current suite
Test Method:		[unitTests.tests_validations_assertions.assertEquals_false_expectedToFail]
################################################################################################################################################
[ReportManager] Assertion [ValidateEquals] FAILED. Expected [1] and Actual [1]. Comparison Type [EQUALS]. Validation Type [NEGATIVE]. @26-10-2021 18:59:20.0179 P

################################################################################################################################################
Starting Execution:	[33 out of 143] test cases in the current suite
Test Method:		[unitTests.tests_validations_assertions.assertEquals_false_expectedToPass]
################################################################################################################################################
[ReportManager] Assertion [ValidateEquals] PASSED. Expected [1] and Actual [2]. Comparison Type [EQUALS]. Validation Type [NEGATIVE]. @26-10-2021 18:59:20.0182 P

################################################################################################################################################
Starting Execution:	[34 out of 143] test cases in the current suite
Test Method:		[unitTests.tests_validations_assertions.assertEquals_longCharacters]
################################################################################################################################################
[ReportManager] Verification [ValidateEquals] PASSED. Expected and Actual values are attached. Comparison Type [EQUALS]. Validation Type [POSITIVE]. @26-10-2021 18:59:20.0190 PM
[ReportManager] Successfully created attachment [Validation Test Data - Expected Value] @26-10-2021 18:59:20.0190 PM
[ReportManager] Successfully created attachment [Validation Test Data - Actual Value] @26-10-2021 18:59:20.0191 PM
[ReportManager] Assertion [ValidateEquals] PASSED. Expected and Actual values are attached. Comparison Type [EQUALS]. Validation Type [POSITIVE]. @26-10-2021 18:59:20.0191 PM
[ReportManager] Successfully created attachment [Validation Test Data - Expected Value] @26-10-2021 18:59:20.0192 PM
[ReportManager] Successfully created attachment [Validation Test Data - Actual Value] @26-10-2021 18:59:20.0194 P

################################################################################################################################################
Starting Execution:	[35 out of 143] test cases in the current suite
Test Method:		[unitTests.tests_validations_assertions.assertEquals_longCharacters_Discreet]
################################################################################################################################################
[ReportManager] Assertion [ValidateEquals] PASSED. Expected [1LH5pROcDBjjQk0t0mCr0lXuzQu9lcGj28kY8R1H81X67eVAQJgWQhILiRWVPUgZ6uCtK5cnBkF55Jr9vYngjGO1Iyf0Mktv6lruDlL9T8MAUPcUZJGHZtji6nIeadujDSNmWMj5d6C8zlFqw0CRqBU0hO5adIasHgBSNoLotAjce3NGXoDwAlp3rYreeV16VIyZXROQY] and Actual [1LH5pROcDBjjQk0t0mCr0lXuzQu9lcGj28kY8R1H81X67eVAQJgWQhILiRWVPUgZ6uCtK5cnBkF55Jr9vYngjGO1Iyf0Mktv6lruDlL9T8MAUPcUZJGHZtji6nIeadujDSNmWMj5d6C8zlFqw0CRqBU0hO5adIasHgBSNoLotAjce3NGXoDwAlp3rYreeV16VIyZXROQY]. Comparison Type [EQUALS]. Validation Type [POSITIVE]. @26-10-2021 18:59:20.0197 P

################################################################################################################################################
Starting Execution:	[36 out of 143] test cases in the current suite
Test Method:		[unitTests.tests_validations_assertions.assertEquals_true_expectedToFail]
################################################################################################################################################
[ReportManager] Assertion [ValidateEquals] FAILED. Expected [1] and Actual [2]. Comparison Type [EQUALS]. Validation Type [POSITIVE]. @26-10-2021 18:59:20.0201 P

################################################################################################################################################
Starting Execution:	[37 out of 143] test cases in the current suite
Test Method:		[unitTests.tests_validations_assertions.assertEquals_true_expectedToPass]
Test Description:	[Assert that assertEquals works as expected when the two values are equal.]
################################################################################################################################################
[ReportManager] Verification [ValidateEquals] PASSED. Expected [1] and Actual [1]. Comparison Type [EQUALS]. Validation Type [POSITIVE]. @26-10-2021 18:59:20.0214 PM
[ReportManager] Assertion [ValidateEquals] PASSED. Expected [1] and Actual [1]. Comparison Type [EQUALS]. Validation Type [POSITIVE]. @26-10-2021 18:59:20.0216 P

################################################################################################################################################
Starting Execution:	[38 out of 143] test cases in the current suite
Test Method:		[unitTests.tests_validations_assertions.assertEquals_true_expectedToPass__]
################################################################################################################################################
[ReportManager] Assertion [ValidateEquals] PASSED. Expected [1] and Actual [1]. Comparison Type [EQUALS]. Validation Type [POSITIVE]. @26-10-2021 18:59:20.0219 P

################################################################################################################################################
Starting Execution:	[39 out of 143] test cases in the current suite
Test Method:		[unitTests.tests_validations_assertions.assertFileExists_false_expectedToFail]
################################################################################################################################################
[ReportManager] File Action [DoesFileExist] successfully performed. With the following test data [File Path: "src/main/java/com/shaft/gui/element/ElementActions.java"]. @26-10-2021 18:59:20.0223 PM
[ReportManager] Assertion [ValidateFileExists] FAILED. Expected [File 'src/main/java/com/shaft/gui/element/ElementActions.java' should not exist, after up to '1' retries] and Actual [File exists]. Validation Type [NEGATIVE]. @26-10-2021 18:59:20.0228 P

################################################################################################################################################
Starting Execution:	[40 out of 143] test cases in the current suite
Test Method:		[unitTests.tests_validations_assertions.assertFileExists_false_expectedToPass]
################################################################################################################################################
[ReportManager] File Action [DoesFileExist] successfully performed. With the following test data [File Path: "src/main/java/com/shaft/gui/element/ElementActions.java_fail"]. @26-10-2021 18:59:20.0732 PM
[ReportManager] Assertion [ValidateFileExists] PASSED. Expected [File 'src/main/java/com/shaft/gui/element/ElementActions.java_fail' should not exist, after up to '1' retries] and Actual [File does not exist]. Validation Type [NEGATIVE]. @26-10-2021 18:59:20.0733 P

################################################################################################################################################
Starting Execution:	[41 out of 143] test cases in the current suite
Test Method:		[unitTests.tests_validations_assertions.assertFileExists_true_expectedToFail]
################################################################################################################################################
[ReportManager] File Action [DoesFileExist] successfully performed. With the following test data [File Path: "src/main/java/com/shaft/gui/element/ElementActions.java_fail"]. @26-10-2021 18:59:21.0237 PM
[ReportManager] Assertion [ValidateFileExists] FAILED. Expected [File 'src/main/java/com/shaft/gui/element/ElementActions.java_fail' should exist, after up to '1' retries] and Actual [File does not exist]. Validation Type [POSITIVE]. @26-10-2021 18:59:21.0238 P

################################################################################################################################################
Starting Execution:	[42 out of 143] test cases in the current suite
Test Method:		[unitTests.tests_validations_assertions.assertFileExists_true_expectedToPass]
################################################################################################################################################
[ReportManager] File Action [DoesFileExist] successfully performed. With the following test data [File Path: "src/main/java/com/shaft/gui/element/ElementActions.java"]. @26-10-2021 18:59:21.0245 PM
[ReportManager] Assertion [ValidateFileExists] PASSED. Expected [File 'src/main/java/com/shaft/gui/element/ElementActions.java' should exist, after up to '1' retries] and Actual [File exists]. Validation Type [POSITIVE]. @26-10-2021 18:59:21.0245 P

################################################################################################################################################
Starting Execution:	[43 out of 143] test cases in the current suite
Test Method:		[unitTests.tests_validations_assertions.assertNull_false_expectedToFail]
################################################################################################################################################
[ReportManager] Assertion [ValidateNull] FAILED. Expected [NULL] and Actual [NULL]. Comparison Type [EQUALS]. Validation Type [NEGATIVE]. @26-10-2021 18:59:21.0255 P

################################################################################################################################################
Starting Execution:	[44 out of 143] test cases in the current suite
Test Method:		[unitTests.tests_validations_assertions.assertNull_false_expectedToPass]
################################################################################################################################################
[ReportManager] Assertion [ValidateNull] PASSED. Expected [NULL] and Actual [1]. Comparison Type [EQUALS]. Validation Type [NEGATIVE]. @26-10-2021 18:59:21.0262 P

################################################################################################################################################
Starting Execution:	[45 out of 143] test cases in the current suite
Test Method:		[unitTests.tests_validations_assertions.assertNull_true_expectedToFail]
################################################################################################################################################
[ReportManager] Assertion [ValidateNull] FAILED. Expected [NULL] and Actual [1]. Comparison Type [EQUALS]. Validation Type [POSITIVE]. @26-10-2021 18:59:21.0268 P

################################################################################################################################################
Starting Execution:	[46 out of 143] test cases in the current suite
Test Method:		[unitTests.tests_validations_assertions.assertNull_true_expectedToPass]
################################################################################################################################################
[ReportManager] Assertion [ValidateNull] PASSED. Expected [NULL] and Actual [NULL]. Comparison Type [EQUALS]. Validation Type [POSITIVE]. @26-10-2021 18:59:21.0272 P

################################################################################################################################################
Starting Execution:	[47 out of 143] test cases in the current suite
Test Method:		[unitTests.tests_restActions.getPostsAndAssertBodyForSpecificTitle]
################################################################################################################################################
[ReportManager] Response status code: [200], status line: [HTTP/1.1 200 OK] @26-10-2021 18:59:23.0565 PM
[ReportManager] Assertion Passed: Evaluating the actual response status code against the expected one... @26-10-2021 18:59:23.0566 PM
[ReportManager] Assertion [ValidateEquals] PASSED. Expected [200] and Actual [200]. Comparison Type [EQUALS]. Validation Type [POSITIVE]. @26-10-2021 18:59:23.0566 PM
[ReportManager] API Action [PerformRequest] successfully performed. With the following test data [Request Type: "GET" | Target Status Code: "200" | Service URL: "https://jsonplaceholder.typicode.com/posts" | Content Type: "*/*" | Response Time: "792ms"]. @26-10-2021 18:59:24.0700 PM
[ReportManager] Successfully created attachment [API Request - Specifications] @26-10-2021 18:59:24.0701 PM
[ReportManager] Successfully created attachment [API Response - JSON Body] @26-10-2021 18:59:24.0989 PM
[ReportManager] API Action [GetResponseJSONValueAsList] successfully performed. @26-10-2021 18:59:25.0011 PM
[ReportManager] API Action [GetResponseJSONValue] successfully performed. With the following test data [title]. @26-10-2021 18:59:25.0036 PM
[ReportManager] API Action [GetResponseJSONValue] successfully performed. With the following test data [title]. @26-10-2021 18:59:25.0052 PM
[ReportManager] API Action [GetResponseJSONValue] successfully performed. With the following test data [body]. @26-10-2021 18:59:25.0068 PM
[ReportManager] Assertion [ValidateEquals] PASSED. Expected [qui neque nisi nulla] and Actual [est rerum tempore vitae
sequi sint nihil reprehenderit dolor beatae ea dolores neque
fugiat blanditiis voluptate porro vel nihil molestiae ut reiciendis
qui aperiam non debitis possimus qui neque nisi nulla]. Comparison Type [CONTAINS]. Validation Type [POSITIVE]. @26-10-2021 18:59:25.0068 PM
[ReportManager] API Action [GetResponseJSONValue] successfully performed. With the following test data [title]. @26-10-2021 18:59:25.0083 PM
[ReportManager] API Action [GetResponseJSONValue] successfully performed. With the following test data [title]. @26-10-2021 18:59:25.0097 PM
[ReportManager] API Action [GetResponseJSONValue] successfully performed. With the following test data [title]. @26-10-2021 18:59:25.0112 PM
[ReportManager] API Action [GetResponseJSONValue] successfully performed. With the following test data [title]. @26-10-2021 18:59:25.0133 PM
[ReportManager] API Action [GetResponseJSONValue] successfully performed. With the following test data [title]. @26-10-2021 18:59:25.0156 PM
[ReportManager] API Action [GetResponseJSONValue] successfully performed. With the following test data [title]. @26-10-2021 18:59:25.0182 PM
[ReportManager] API Action [GetResponseJSONValue] successfully performed. With the following test data [title]. @26-10-2021 18:59:25.0197 PM
[ReportManager] API Action [GetResponseJSONValue] successfully performed. With the following test data [title]. @26-10-2021 18:59:25.0211 PM
[ReportManager] API Action [GetResponseJSONValue] successfully performed. With the following test data [title]. @26-10-2021 18:59:25.0227 PM
[ReportManager] API Action [GetResponseJSONValue] successfully performed. With the following test data [title]. @26-10-2021 18:59:25.0241 PM
[ReportManager] API Action [GetResponseJSONValue] successfully performed. With the following test data [title]. @26-10-2021 18:59:25.0256 PM
[ReportManager] API Action [GetResponseJSONValue] successfully performed. With the following test data [title]. @26-10-2021 18:59:25.0278 PM
[ReportManager] API Action [GetResponseJSONValue] successfully performed. With the following test data [title]. @26-10-2021 18:59:25.0295 PM
[ReportManager] API Action [GetResponseJSONValue] successfully performed. With the following test data [title]. @26-10-2021 18:59:25.0310 PM
[ReportManager] API Action [GetResponseJSONValue] successfully performed. With the following test data [title]. @26-10-2021 18:59:25.0334 PM
[ReportManager] API Action [GetResponseJSONValue] successfully performed. With the following test data [title]. @26-10-2021 18:59:25.0354 PM
[ReportManager] API Action [GetResponseJSONValue] successfully performed. With the following test data [title]. @26-10-2021 18:59:25.0371 PM
[ReportManager] API Action [GetResponseJSONValue] successfully performed. With the following test data [title]. @26-10-2021 18:59:25.0390 PM
[ReportManager] API Action [GetResponseJSONValue] successfully performed. With the following test data [title]. @26-10-2021 18:59:25.0409 PM
[ReportManager] API Action [GetResponseJSONValue] successfully performed. With the following test data [title]. @26-10-2021 18:59:25.0430 PM
[ReportManager] API Action [GetResponseJSONValue] successfully performed. With the following test data [title]. @26-10-2021 18:59:25.0450 PM
[ReportManager] API Action [GetResponseJSONValue] successfully performed. With the following test data [title]. @26-10-2021 18:59:25.0473 PM
[ReportManager] API Action [GetResponseJSONValue] successfully performed. With the following test data [title]. @26-10-2021 18:59:25.0495 PM
[ReportManager] API Action [GetResponseJSONValue] successfully performed. With the following test data [title]. @26-10-2021 18:59:25.0510 PM
[ReportManager] API Action [GetResponseJSONValue] successfully performed. With the following test data [title]. @26-10-2021 18:59:25.0532 PM
[ReportManager] API Action [GetResponseJSONValue] successfully performed. With the following test data [title]. @26-10-2021 18:59:25.0547 PM
[ReportManager] API Action [GetResponseJSONValue] successfully performed. With the following test data [title]. @26-10-2021 18:59:25.0572 PM
[ReportManager] API Action [GetResponseJSONValue] successfully performed. With the following test data [title]. @26-10-2021 18:59:25.0597 PM
[ReportManager] API Action [GetResponseJSONValue] successfully performed. With the following test data [title]. @26-10-2021 18:59:25.0611 PM
[ReportManager] API Action [GetResponseJSONValue] successfully performed. With the following test data [title]. @26-10-2021 18:59:25.0623 PM
[ReportManager] API Action [GetResponseJSONValue] successfully performed. With the following test data [title]. @26-10-2021 18:59:25.0637 PM
[ReportManager] API Action [GetResponseJSONValue] successfully performed. With the following test data [title]. @26-10-2021 18:59:25.0652 PM
[ReportManager] API Action [GetResponseJSONValue] successfully performed. With the following test data [title]. @26-10-2021 18:59:25.0673 PM
[ReportManager] API Action [GetResponseJSONValue] successfully performed. With the following test data [title]. @26-10-2021 18:59:25.0687 PM
[ReportManager] API Action [GetResponseJSONValue] successfully performed. With the following test data [title]. @26-10-2021 18:59:25.0702 PM
[ReportManager] API Action [GetResponseJSONValue] successfully performed. With the following test data [title]. @26-10-2021 18:59:25.0713 PM
[ReportManager] API Action [GetResponseJSONValue] successfully performed. With the following test data [title]. @26-10-2021 18:59:25.0726 PM
[ReportManager] API Action [GetResponseJSONValue] successfully performed. With the following test data [title]. @26-10-2021 18:59:25.0741 PM
[ReportManager] API Action [GetResponseJSONValue] successfully performed. With the following test data [title]. @26-10-2021 18:59:25.0765 PM
[ReportManager] API Action [GetResponseJSONValue] successfully performed. With the following test data [title]. @26-10-2021 18:59:25.0776 PM
[ReportManager] API Action [GetResponseJSONValue] successfully performed. With the following test data [title]. @26-10-2021 18:59:25.0787 PM
[ReportManager] API Action [GetResponseJSONValue] successfully performed. With the following test data [title]. @26-10-2021 18:59:25.0799 PM
[ReportManager] API Action [GetResponseJSONValue] successfully performed. With the following test data [title]. @26-10-2021 18:59:25.0811 PM
[ReportManager] API Action [GetResponseJSONValue] successfully performed. With the following test data [title]. @26-10-2021 18:59:25.0822 PM
[ReportManager] API Action [GetResponseJSONValue] successfully performed. With the following test data [title]. @26-10-2021 18:59:25.0835 PM
[ReportManager] API Action [GetResponseJSONValue] successfully performed. With the following test data [title]. @26-10-2021 18:59:25.0847 PM
[ReportManager] API Action [GetResponseJSONValue] successfully performed. With the following test data [title]. @26-10-2021 18:59:25.0860 PM
[ReportManager] API Action [GetResponseJSONValue] successfully performed. With the following test data [title]. @26-10-2021 18:59:25.0872 PM
[ReportManager] API Action [GetResponseJSONValue] successfully performed. With the following test data [title]. @26-10-2021 18:59:25.0883 PM
[ReportManager] API Action [GetResponseJSONValue] successfully performed. With the following test data [title]. @26-10-2021 18:59:25.0894 PM
[ReportManager] API Action [GetResponseJSONValue] successfully performed. With the following test data [title]. @26-10-2021 18:59:25.0906 PM
[ReportManager] API Action [GetResponseJSONValue] successfully performed. With the following test data [title]. @26-10-2021 18:59:25.0917 PM
[ReportManager] API Action [GetResponseJSONValue] successfully performed. With the following test data [title]. @26-10-2021 18:59:25.0929 PM
[ReportManager] API Action [GetResponseJSONValue] successfully performed. With the following test data [title]. @26-10-2021 18:59:25.0941 PM
[ReportManager] API Action [GetResponseJSONValue] successfully performed. With the following test data [title]. @26-10-2021 18:59:25.0953 PM
[ReportManager] API Action [GetResponseJSONValue] successfully performed. With the following test data [title]. @26-10-2021 18:59:25.0966 PM
[ReportManager] API Action [GetResponseJSONValue] successfully performed. With the following test data [title]. @26-10-2021 18:59:25.0978 PM
[ReportManager] API Action [GetResponseJSONValue] successfully performed. With the following test data [title]. @26-10-2021 18:59:25.0989 PM
[ReportManager] API Action [GetResponseJSONValue] successfully performed. With the following test data [title]. @26-10-2021 18:59:26.0002 PM
[ReportManager] API Action [GetResponseJSONValue] successfully performed. With the following test data [title]. @26-10-2021 18:59:26.0034 PM
[ReportManager] API Action [GetResponseJSONValue] successfully performed. With the following test data [title]. @26-10-2021 18:59:26.0047 PM
[ReportManager] API Action [GetResponseJSONValue] successfully performed. With the following test data [title]. @26-10-2021 18:59:26.0061 PM
[ReportManager] API Action [GetResponseJSONValue] successfully performed. With the following test data [title]. @26-10-2021 18:59:26.0073 PM
[ReportManager] API Action [GetResponseJSONValue] successfully performed. With the following test data [title]. @26-10-2021 18:59:26.0086 PM
[ReportManager] API Action [GetResponseJSONValue] successfully performed. With the following test data [title]. @26-10-2021 18:59:26.0102 PM
[ReportManager] API Action [GetResponseJSONValue] successfully performed. With the following test data [title]. @26-10-2021 18:59:26.0115 PM
[ReportManager] API Action [GetResponseJSONValue] successfully performed. With the following test data [title]. @26-10-2021 18:59:26.0126 PM
[ReportManager] API Action [GetResponseJSONValue] successfully performed. With the following test data [title]. @26-10-2021 18:59:26.0139 PM
[ReportManager] API Action [GetResponseJSONValue] successfully performed. With the following test data [title]. @26-10-2021 18:59:26.0150 PM
[ReportManager] API Action [GetResponseJSONValue] successfully performed. With the following test data [title]. @26-10-2021 18:59:26.0163 PM
[ReportManager] API Action [GetResponseJSONValue] successfully performed. With the following test data [title]. @26-10-2021 18:59:26.0175 PM
[ReportManager] API Action [GetResponseJSONValue] successfully performed. With the following test data [title]. @26-10-2021 18:59:26.0187 PM
[ReportManager] API Action [GetResponseJSONValue] successfully performed. With the following test data [title]. @26-10-2021 18:59:26.0197 PM
[ReportManager] API Action [GetResponseJSONValue] successfully performed. With the following test data [title]. @26-10-2021 18:59:26.0207 PM
[ReportManager] API Action [GetResponseJSONValue] successfully performed. With the following test data [title]. @26-10-2021 18:59:26.0217 PM
[ReportManager] API Action [GetResponseJSONValue] successfully performed. With the following test data [title]. @26-10-2021 18:59:26.0227 PM
[ReportManager] API Action [GetResponseJSONValue] successfully performed. With the following test data [title]. @26-10-2021 18:59:26.0239 PM
[ReportManager] API Action [GetResponseJSONValue] successfully performed. With the following test data [title]. @26-10-2021 18:59:26.0250 PM
[ReportManager] API Action [GetResponseJSONValue] successfully performed. With the following test data [title]. @26-10-2021 18:59:26.0260 PM
[ReportManager] API Action [GetResponseJSONValue] successfully performed. With the following test data [title]. @26-10-2021 18:59:26.0270 PM
[ReportManager] API Action [GetResponseJSONValue] successfully performed. With the following test data [title]. @26-10-2021 18:59:26.0280 PM
[ReportManager] API Action [GetResponseJSONValue] successfully performed. With the following test data [title]. @26-10-2021 18:59:26.0290 PM
[ReportManager] API Action [GetResponseJSONValue] successfully performed. With the following test data [title]. @26-10-2021 18:59:26.0300 PM
[ReportManager] API Action [GetResponseJSONValue] successfully performed. With the following test data [title]. @26-10-2021 18:59:26.0309 PM
[ReportManager] API Action [GetResponseJSONValue] successfully performed. With the following test data [title]. @26-10-2021 18:59:26.0320 PM
[ReportManager] API Action [GetResponseJSONValue] successfully performed. With the following test data [title]. @26-10-2021 18:59:26.0329 PM
[ReportManager] API Action [GetResponseJSONValue] successfully performed. With the following test data [title]. @26-10-2021 18:59:26.0340 PM
[ReportManager] API Action [GetResponseJSONValue] successfully performed. With the following test data [title]. @26-10-2021 18:59:26.0350 PM
[ReportManager] API Action [GetResponseJSONValue] successfully performed. With the following test data [title]. @26-10-2021 18:59:26.0360 PM
[ReportManager] API Action [GetResponseJSONValue] successfully performed. With the following test data [title]. @26-10-2021 18:59:26.0370 PM
[ReportManager] API Action [GetResponseJSONValue] successfully performed. With the following test data [title]. @26-10-2021 18:59:26.0380 PM
[ReportManager] API Action [GetResponseJSONValue] successfully performed. With the following test data [title]. @26-10-2021 18:59:26.0390 PM
[ReportManager] API Action [GetResponseJSONValue] successfully performed. With the following test data [title]. @26-10-2021 18:59:26.0400 PM
[ReportManager] API Action [GetResponseJSONValue] successfully performed. With the following test data [title]. @26-10-2021 18:59:26.0410 PM
[ReportManager] API Action [GetResponseJSONValue] successfully performed. With the following test data [title]. @26-10-2021 18:59:26.0422 PM
[ReportManager] API Action [GetResponseJSONValue] successfully performed. With the following test data [title]. @26-10-2021 18:59:26.0431 PM
[ReportManager] API Action [GetResponseJSONValue] successfully performed. With the following test data [title]. @26-10-2021 18:59:26.0443 PM
[ReportManager] API Action [GetResponseJSONValue] successfully performed. With the following test data [title]. @26-10-2021 18:59:26.0453 P

################################################################################################################################################
Starting Execution:	[48 out of 143] test cases in the current suite
Test Method:		[unitTests.tests_restActions.validateUserEmail]
################################################################################################################################################
[ReportManager] Response status code: [200], status line: [HTTP/1.1 200 OK] @26-10-2021 18:59:26.0540 PM
[ReportManager] Assertion Passed: Evaluating the actual response status code against the expected one... @26-10-2021 18:59:26.0540 PM
[ReportManager] Assertion [ValidateEquals] PASSED. Expected [200] and Actual [200]. Comparison Type [EQUALS]. Validation Type [POSITIVE]. @26-10-2021 18:59:26.0540 PM
[ReportManager] API Action [PerformRequest] successfully performed. With the following test data [Request Type: "GET" | Target Status Code: "200" | Service URL: "https://jsonplaceholder.typicode.com/users" | Content Type: "*/*" | Response Time: "65ms"]. @26-10-2021 18:59:26.0560 PM
[ReportManager] Successfully created attachment [API Request - Specifications] @26-10-2021 18:59:26.0560 PM
[ReportManager] Successfully created attachment [API Response - JSON Body] @26-10-2021 18:59:26.0560 PM
[ReportManager] Assertion [ValidateEquals] PASSED. Expected and Actual values are attached. Comparison Type [CONTAINS]. Validation Type [POSITIVE]. @26-10-2021 18:59:26.0561 PM
[ReportManager] Successfully created attachment [Validation Test Data - Expected Value] @26-10-2021 18:59:26.0561 PM
[ReportManager] Successfully created attachment [Validation Test Data - Actual Value] @26-10-2021 18:59:26.0561 PM
[ReportManager] API Action [GetResponseJSONValueAsList] successfully performed. With the following test data [$]. @26-10-2021 18:59:26.0565 PM
[ReportManager] API Action [GetResponseJSONValue] successfully performed. With the following test data [name]. @26-10-2021 18:59:26.0576 PM
[ReportManager] API Action [GetResponseJSONValue] successfully performed. With the following test data [email]. @26-10-2021 18:59:26.0586 PM
[ReportManager] Assertion [ValidateEquals] PASSED. Expected [Sincere@april.biz] and Actual [Sincere@april.biz]. Comparison Type [EQUALS]. Validation Type [POSITIVE]. @26-10-2021 18:59:26.0586 PM
[ReportManager] API Action [GetResponseJSONValue] successfully performed. With the following test data [name]. @26-10-2021 18:59:26.0598 PM
[ReportManager] API Action [GetResponseJSONValue] successfully performed. With the following test data [name]. @26-10-2021 18:59:26.0607 PM
[ReportManager] API Action [GetResponseJSONValue] successfully performed. With the following test data [name]. @26-10-2021 18:59:26.0616 PM
[ReportManager] API Action [GetResponseJSONValue] successfully performed. With the following test data [name]. @26-10-2021 18:59:26.0627 PM
[ReportManager] API Action [GetResponseJSONValue] successfully performed. With the following test data [name]. @26-10-2021 18:59:26.0637 PM
[ReportManager] API Action [GetResponseJSONValue] successfully performed. With the following test data [name]. @26-10-2021 18:59:26.0648 PM
[ReportManager] API Action [GetResponseJSONValue] successfully performed. With the following test data [name]. @26-10-2021 18:59:26.0658 PM
[ReportManager] API Action [GetResponseJSONValue] successfully performed. With the following test data [name]. @26-10-2021 18:59:26.0797 PM
[ReportManager] API Action [GetResponseJSONValue] successfully performed. With the following test data [name]. @26-10-2021 18:59:26.0809 P
[ReportManager] File Action [GetAbsolutePath] successfully performed. With the following test data [Relative Folder Path: "target/downloadedFiles/"]. @26-10-2021 18:59:26.0812 PM
[ReportManager] Attempting to run remotely on: [Linux-64], [GoogleChrome], [http://localhost:4444/wd/hub], Headless Execution. @26-10-2021 18:59:26.0812 PM
[ReportManager] Successfully Opened [GoogleChrome]. @26-10-2021 18:59:28.0605 PM
[ReportManager] Target URL: [https://duckduckgo.com] @26-10-2021 18:59:28.0605 PM
[ReportManager] Initial URL: [data:,] @26-10-2021 18:59:28.0716 PM
[ReportManager] Browser Action [NavigateToURL] successfully performed. With the following test data [https://duckduckgo.com]. @26-10-2021 18:59:29.0366 P

################################################################################################################################################
Starting Execution:	[49 out of 143] test cases in the current suite
Test Method:		[unitTests.tests_browserActions.fullScreenWindow]
################################################################################################################################################
[ReportManager] Initial Windows Size: 1920x1080 @26-10-2021 18:59:29.0402 PM
[ReportManager] Initial window size: (1920, 1080) @26-10-2021 18:59:29.0407 PM
[ReportManager] Window size after Toolkit: (1920, 1080) @26-10-2021 18:59:29.0663 PM
[ReportManager] Browser Action [MaximizeWindow] successfully performed. With the following test data [New screen size is now: (1920, 1080)]. @26-10-2021 18:59:29.0676 PM
[ReportManager] Current Windows Size after fullScreen: 1920x1080 @26-10-2021 18:59:29.0690 PM
[ReportManager] Browser Action [FullScreenWindow] successfully performed. @26-10-2021 18:59:29.0703 PM
[ReportManager] Successfully created attachment [Browser Action Test Data - FullScreenWindow - Actual Value] @26-10-2021 18:59:29.0705 P
[ReportManager] Target URL: [https://duckduckgo.com] @26-10-2021 18:59:29.0711 PM
[ReportManager] Initial URL: [https://duckduckgo.com] @26-10-2021 18:59:29.0803 PM
[ReportManager] Browser Action [NavigateToURL] successfully performed. With the following test data [https://duckduckgo.com]. @26-10-2021 18:59:30.0252 PM
[ReportManager] Browser Action [CloseCurrentWindow] successfully performed. @26-10-2021 18:59:30.0415 PM
[ReportManager] Successfully created attachment [Browser Action Test Data - CloseCurrentWindow - Actual Value] @26-10-2021 18:59:30.0417 P
[ReportManager] File Action [GetAbsolutePath] successfully performed. With the following test data [Relative Folder Path: "target/downloadedFiles/"]. @26-10-2021 18:59:30.0420 PM
[ReportManager] Attempting to run remotely on: [Linux-64], [GoogleChrome], [http://localhost:4444/wd/hub], Headless Execution. @26-10-2021 18:59:30.0420 PM
[ReportManager] Successfully Opened [GoogleChrome]. @26-10-2021 18:59:33.0533 PM
[ReportManager] Target URL: [https://duckduckgo.com] @26-10-2021 18:59:33.0533 PM
[ReportManager] Initial URL: [data:,] @26-10-2021 18:59:33.0617 PM
[ReportManager] Browser Action [NavigateToURL] successfully performed. With the following test data [https://duckduckgo.com]. @26-10-2021 18:59:34.0238 P

################################################################################################################################################
Starting Execution:	[50 out of 143] test cases in the current suite
Test Method:		[unitTests.tests_browserActions.getCurrentURL]
################################################################################################################################################
[ReportManager] Browser Action [GetCurrentURL] successfully performed. With the following test data [https://duckduckgo.com/]. @26-10-2021 18:59:34.0296 P
[ReportManager] Target URL: [https://duckduckgo.com] @26-10-2021 18:59:34.0299 PM
[ReportManager] Initial URL: [https://duckduckgo.com] @26-10-2021 18:59:34.0396 PM
[ReportManager] Browser Action [NavigateToURL] successfully performed. With the following test data [https://duckduckgo.com]. @26-10-2021 18:59:34.0793 PM
[ReportManager] Browser Action [CloseCurrentWindow] successfully performed. @26-10-2021 18:59:34.0931 PM
[ReportManager] Successfully created attachment [Browser Action Test Data - CloseCurrentWindow - Actual Value] @26-10-2021 18:59:34.0931 P
[ReportManager] File Action [GetAbsolutePath] successfully performed. With the following test data [Relative Folder Path: "target/downloadedFiles/"]. @26-10-2021 18:59:34.0934 PM
[ReportManager] Attempting to run remotely on: [Linux-64], [GoogleChrome], [http://localhost:4444/wd/hub], Headless Execution. @26-10-2021 18:59:34.0938 PM
[ReportManager] Successfully Opened [GoogleChrome]. @26-10-2021 18:59:38.0555 PM
[ReportManager] Target URL: [https://duckduckgo.com] @26-10-2021 18:59:38.0556 PM
[ReportManager] Initial URL: [data:,] @26-10-2021 18:59:38.0652 PM
[ReportManager] Browser Action [NavigateToURL] successfully performed. With the following test data [https://duckduckgo.com]. @26-10-2021 18:59:39.0239 P

################################################################################################################################################
Starting Execution:	[51 out of 143] test cases in the current suite
Test Method:		[unitTests.tests_browserActions.getCurrentWindowTitle]
################################################################################################################################################
[ReportManager] Browser Action [GetCurrentWindowTitle] successfully performed. With the following test data [DuckDuckGo — Privacy, simplified.]. @26-10-2021 18:59:39.0307 P
[ReportManager] Target URL: [https://duckduckgo.com] @26-10-2021 18:59:39.0313 PM
[ReportManager] Initial URL: [https://duckduckgo.com] @26-10-2021 18:59:39.0392 PM
[ReportManager] Browser Action [NavigateToURL] successfully performed. With the following test data [https://duckduckgo.com]. @26-10-2021 18:59:39.0773 PM
[ReportManager] Browser Action [CloseCurrentWindow] successfully performed. @26-10-2021 18:59:39.0918 PM
[ReportManager] Successfully created attachment [Browser Action Test Data - CloseCurrentWindow - Actual Value] @26-10-2021 18:59:39.0918 P
[ReportManager] File Action [GetAbsolutePath] successfully performed. With the following test data [Relative Folder Path: "target/downloadedFiles/"]. @26-10-2021 18:59:39.0921 PM
[ReportManager] Attempting to run remotely on: [Linux-64], [GoogleChrome], [http://localhost:4444/wd/hub], Headless Execution. @26-10-2021 18:59:39.0921 PM
[ReportManager] Successfully Opened [GoogleChrome]. @26-10-2021 18:59:43.0591 PM
[ReportManager] Target URL: [https://duckduckgo.com] @26-10-2021 18:59:43.0591 PM
[ReportManager] Initial URL: [data:,] @26-10-2021 18:59:43.0691 PM
[ReportManager] Browser Action [NavigateToURL] successfully performed. With the following test data [https://duckduckgo.com]. @26-10-2021 18:59:44.0270 P

################################################################################################################################################
Starting Execution:	[52 out of 143] test cases in the current suite
Test Method:		[unitTests.tests_browserActions.getPageSource]
################################################################################################################################################
[ReportManager] Browser Action [GetPageSource] successfully performed. @26-10-2021 18:59:44.0334 PM
[ReportManager] Successfully created attachment [Browser Action Test Data - GetPageSource - Actual Value] @26-10-2021 18:59:44.0334 P
[ReportManager] Target URL: [https://duckduckgo.com] @26-10-2021 18:59:44.0337 PM
[ReportManager] Initial URL: [https://duckduckgo.com] @26-10-2021 18:59:44.0394 PM
[ReportManager] Browser Action [NavigateToURL] successfully performed. With the following test data [https://duckduckgo.com]. @26-10-2021 18:59:44.0790 PM
[ReportManager] Browser Action [CloseCurrentWindow] successfully performed. @26-10-2021 18:59:44.0959 PM
[ReportManager] Successfully created attachment [Browser Action Test Data - CloseCurrentWindow - Actual Value] @26-10-2021 18:59:44.0959 P
[ReportManager] File Action [GetAbsolutePath] successfully performed. With the following test data [Relative Folder Path: "target/downloadedFiles/"]. @26-10-2021 18:59:44.0961 PM
[ReportManager] Attempting to run remotely on: [Linux-64], [GoogleChrome], [http://localhost:4444/wd/hub], Headless Execution. @26-10-2021 18:59:44.0962 PM
[ReportManager] Successfully Opened [GoogleChrome]. @26-10-2021 18:59:48.0570 PM
[ReportManager] Target URL: [https://duckduckgo.com] @26-10-2021 18:59:48.0570 PM
[ReportManager] Initial URL: [data:,] @26-10-2021 18:59:48.0622 PM
[ReportManager] Browser Action [NavigateToURL] successfully performed. With the following test data [https://duckduckgo.com]. @26-10-2021 18:59:49.0398 P

################################################################################################################################################
Starting Execution:	[53 out of 143] test cases in the current suite
Test Method:		[unitTests.tests_browserActions.getWindowHandle]
################################################################################################################################################
[ReportManager] Browser Action [GetWindowHandle] successfully performed. With the following test data [CDwindow-BCDDDC04840E26B1A1E0CC8DC2B1C10E]. @26-10-2021 18:59:49.0447 P
[ReportManager] Target URL: [https://duckduckgo.com] @26-10-2021 18:59:49.0449 PM
[ReportManager] Initial URL: [https://duckduckgo.com] @26-10-2021 18:59:49.0529 PM
[ReportManager] Browser Action [NavigateToURL] successfully performed. With the following test data [https://duckduckgo.com]. @26-10-2021 18:59:49.0935 PM
[ReportManager] Browser Action [CloseCurrentWindow] successfully performed. @26-10-2021 18:59:50.0074 PM
[ReportManager] Successfully created attachment [Browser Action Test Data - CloseCurrentWindow - Actual Value] @26-10-2021 18:59:50.0075 P
[ReportManager] File Action [GetAbsolutePath] successfully performed. With the following test data [Relative Folder Path: "target/downloadedFiles/"]. @26-10-2021 18:59:50.0077 PM
[ReportManager] Attempting to run remotely on: [Linux-64], [GoogleChrome], [http://localhost:4444/wd/hub], Headless Execution. @26-10-2021 18:59:50.0078 PM
[ReportManager] Successfully Opened [GoogleChrome]. @26-10-2021 18:59:53.0542 PM
[ReportManager] Target URL: [https://duckduckgo.com] @26-10-2021 18:59:53.0542 PM
[ReportManager] Initial URL: [data:,] @26-10-2021 18:59:53.0681 PM
[ReportManager] Browser Action [NavigateToURL] successfully performed. With the following test data [https://duckduckgo.com]. @26-10-2021 18:59:54.0361 P

################################################################################################################################################
Starting Execution:	[54 out of 143] test cases in the current suite
Test Method:		[unitTests.tests_browserActions.getWindowPosition]
################################################################################################################################################
[ReportManager] Browser Action [GetWindowPosition] successfully performed. With the following test data [(0, 0)]. @26-10-2021 18:59:54.0420 P
[ReportManager] Target URL: [https://duckduckgo.com] @26-10-2021 18:59:54.0423 PM
[ReportManager] Initial URL: [https://duckduckgo.com] @26-10-2021 18:59:54.0509 PM
[ReportManager] Browser Action [NavigateToURL] successfully performed. With the following test data [https://duckduckgo.com]. @26-10-2021 18:59:54.0955 PM
[ReportManager] Browser Action [CloseCurrentWindow] successfully performed. @26-10-2021 18:59:55.0208 PM
[ReportManager] Successfully created attachment [Browser Action Test Data - CloseCurrentWindow - Actual Value] @26-10-2021 18:59:55.0209 P
[ReportManager] File Action [GetAbsolutePath] successfully performed. With the following test data [Relative Folder Path: "target/downloadedFiles/"]. @26-10-2021 18:59:55.0215 PM
[ReportManager] Attempting to run remotely on: [Linux-64], [GoogleChrome], [http://localhost:4444/wd/hub], Headless Execution. @26-10-2021 18:59:55.0215 PM
[ReportManager] Successfully Opened [GoogleChrome]. @26-10-2021 18:59:58.0546 PM
[ReportManager] Target URL: [https://duckduckgo.com] @26-10-2021 18:59:58.0546 PM
[ReportManager] Initial URL: [data:,] @26-10-2021 18:59:58.0600 PM
[ReportManager] Browser Action [NavigateToURL] successfully performed. With the following test data [https://duckduckgo.com]. @26-10-2021 18:59:59.0250 P

################################################################################################################################################
Starting Execution:	[55 out of 143] test cases in the current suite
Test Method:		[unitTests.tests_browserActions.getWindowSize]
################################################################################################################################################
[ReportManager] Browser Action [GetWindowSize] successfully performed. With the following test data [(1920, 1080)]. @26-10-2021 18:59:59.0305 P
[ReportManager] Target URL: [https://duckduckgo.com] @26-10-2021 18:59:59.0309 PM
[ReportManager] Initial URL: [https://duckduckgo.com] @26-10-2021 18:59:59.0404 PM
[ReportManager] Browser Action [NavigateToURL] successfully performed. With the following test data [https://duckduckgo.com]. @26-10-2021 18:59:59.0883 PM
[ReportManager] Browser Action [CloseCurrentWindow] successfully performed. @26-10-2021 19:00:00.0056 PM
[ReportManager] Successfully created attachment [Browser Action Test Data - CloseCurrentWindow - Actual Value] @26-10-2021 19:00:00.0057 P
[ReportManager] File Action [GetAbsolutePath] successfully performed. With the following test data [Relative Folder Path: "target/downloadedFiles/"]. @26-10-2021 19:00:00.0059 PM
[ReportManager] Attempting to run remotely on: [Linux-64], [GoogleChrome], [http://localhost:4444/wd/hub], Headless Execution. @26-10-2021 19:00:00.0059 PM
[ReportManager] Successfully Opened [GoogleChrome]. @26-10-2021 19:00:03.0538 PM
[ReportManager] Target URL: [https://duckduckgo.com] @26-10-2021 19:00:03.0538 PM
[ReportManager] Initial URL: [data:,] @26-10-2021 19:00:03.0620 PM
[ReportManager] Browser Action [NavigateToURL] successfully performed. With the following test data [https://duckduckgo.com]. @26-10-2021 19:00:04.0250 P

################################################################################################################################################
Starting Execution:	[56 out of 143] test cases in the current suite
Test Method:		[unitTests.tests_browserActions.maximizeWindow]
################################################################################################################################################
[ReportManager] Initial window size: (1920, 1080) @26-10-2021 19:00:04.0271 PM
[ReportManager] Window size after Toolkit: (1920, 1080) @26-10-2021 19:00:04.0519 PM
[ReportManager] Browser Action [MaximizeWindow] successfully performed. With the following test data [New screen size is now: (1920, 1080)]. @26-10-2021 19:00:04.0524 P
[ReportManager] Target URL: [https://duckduckgo.com] @26-10-2021 19:00:04.0526 PM
[ReportManager] Initial URL: [https://duckduckgo.com] @26-10-2021 19:00:04.0604 PM
[ReportManager] Browser Action [NavigateToURL] successfully performed. With the following test data [https://duckduckgo.com]. @26-10-2021 19:00:04.0988 PM
[ReportManager] Browser Action [CloseCurrentWindow] successfully performed. @26-10-2021 19:00:05.0106 PM
[ReportManager] Successfully created attachment [Browser Action Test Data - CloseCurrentWindow - Actual Value] @26-10-2021 19:00:05.0107 P
[ReportManager] File Action [GetAbsolutePath] successfully performed. With the following test data [Relative Folder Path: "target/downloadedFiles/"]. @26-10-2021 19:00:05.0111 PM
[ReportManager] Attempting to run remotely on: [Linux-64], [GoogleChrome], [http://localhost:4444/wd/hub], Headless Execution. @26-10-2021 19:00:05.0112 PM
[ReportManager] Successfully Opened [GoogleChrome]. @26-10-2021 19:00:08.0560 PM
[ReportManager] Target URL: [https://duckduckgo.com] @26-10-2021 19:00:08.0561 PM
[ReportManager] Initial URL: [data:,] @26-10-2021 19:00:08.0649 PM
[ReportManager] Browser Action [NavigateToURL] successfully performed. With the following test data [https://duckduckgo.com]. @26-10-2021 19:00:09.0228 P

################################################################################################################################################
Starting Execution:	[57 out of 143] test cases in the current suite
Test Method:		[unitTests.tests_browserActions.navigateBack]
################################################################################################################################################
[ReportManager] Target URL: [https://www.google.com/ncr], and after redirection: [https://www.google.com] @26-10-2021 19:00:09.0237 PM
[ReportManager] Initial URL: [https://duckduckgo.com] @26-10-2021 19:00:09.0372 PM
[ReportManager] Browser Action [NavigateToURL] successfully performed. With the following test data [https://www.google.com/ncr]. @26-10-2021 19:00:10.0223 PM
[ReportManager] Browser Action [NavigateBack] successfully performed. With the following test data [https://duckduckgo.com/]. @26-10-2021 19:00:10.0697 PM
[ReportManager] Browser Action [GetCurrentURL] successfully performed. With the following test data [https://duckduckgo.com/]. @26-10-2021 19:00:10.0740 PM
[ReportManager] Assertion Passed: Confirming that navigating back was successful @26-10-2021 19:00:11.0206 PM
[ReportManager] Successfully created attachment [Screenshot - 1635274811021_navigateBack_ValidateBrowserAttribute_passed] @26-10-2021 19:00:11.0207 PM
[ReportManager] Assertion [ValidateBrowserAttribute] PASSED. Expected [Value Should be 'https://duckduckgo.com' for the 'CurrentUrl' attribute] and Actual [https://duckduckgo.com/]. Comparison Type [CONTAINS]. Validation Type [POSITIVE]. @26-10-2021 19:00:11.0207 P
[ReportManager] Target URL: [https://duckduckgo.com] @26-10-2021 19:00:11.0214 PM
[ReportManager] Initial URL: [https://duckduckgo.com] @26-10-2021 19:00:11.0289 PM
[ReportManager] Browser Action [NavigateToURL] successfully performed. With the following test data [https://duckduckgo.com]. @26-10-2021 19:00:11.0665 PM
[ReportManager] Browser Action [CloseCurrentWindow] successfully performed. @26-10-2021 19:00:11.0786 PM
[ReportManager] Successfully created attachment [Browser Action Test Data - CloseCurrentWindow - Actual Value] @26-10-2021 19:00:11.0787 P
[ReportManager] File Action [GetAbsolutePath] successfully performed. With the following test data [Relative Folder Path: "target/downloadedFiles/"]. @26-10-2021 19:00:11.0792 PM
[ReportManager] Attempting to run remotely on: [Linux-64], [GoogleChrome], [http://localhost:4444/wd/hub], Headless Execution. @26-10-2021 19:00:11.0792 PM
[ReportManager] Successfully Opened [GoogleChrome]. @26-10-2021 19:00:13.0560 PM
[ReportManager] Target URL: [https://duckduckgo.com] @26-10-2021 19:00:13.0560 PM
[ReportManager] Initial URL: [data:,] @26-10-2021 19:00:13.0613 PM
[ReportManager] Browser Action [NavigateToURL] successfully performed. With the following test data [https://duckduckgo.com]. @26-10-2021 19:00:14.0187 P

################################################################################################################################################
Starting Execution:	[58 out of 143] test cases in the current suite
Test Method:		[unitTests.tests_browserActions.navigateForward]
################################################################################################################################################
[ReportManager] Target URL: [https://www.google.com/ncr], and after redirection: [https://www.google.com] @26-10-2021 19:00:14.0196 PM
[ReportManager] Initial URL: [https://duckduckgo.com] @26-10-2021 19:00:14.0275 PM
[ReportManager] Browser Action [NavigateToURL] successfully performed. With the following test data [https://www.google.com/ncr]. @26-10-2021 19:00:15.0166 PM
[ReportManager] Browser Action [NavigateBack] successfully performed. With the following test data [https://duckduckgo.com/]. @26-10-2021 19:00:15.0650 PM
[ReportManager] Browser Action [NavigateForward] successfully performed. With the following test data [https://www.google.com/]. @26-10-2021 19:00:16.0181 P
[ReportManager] Target URL: [https://duckduckgo.com] @26-10-2021 19:00:16.0183 PM
[ReportManager] Initial URL: [https://www.google.com] @26-10-2021 19:00:16.0264 PM
[ReportManager] Browser Action [NavigateToURL] successfully performed. With the following test data [https://duckduckgo.com]. @26-10-2021 19:00:16.0894 PM
[ReportManager] Browser Action [CloseCurrentWindow] successfully performed. @26-10-2021 19:00:17.0168 PM
[ReportManager] Successfully created attachment [Browser Action Test Data - CloseCurrentWindow - Actual Value] @26-10-2021 19:00:17.0168 P
[ReportManager] File Action [GetAbsolutePath] successfully performed. With the following test data [Relative Folder Path: "target/downloadedFiles/"]. @26-10-2021 19:00:17.0171 PM
[ReportManager] Attempting to run remotely on: [Linux-64], [GoogleChrome], [http://localhost:4444/wd/hub], Headless Execution. @26-10-2021 19:00:17.0171 PM
[ReportManager] Successfully Opened [GoogleChrome]. @26-10-2021 19:00:18.0587 PM
[ReportManager] Target URL: [https://duckduckgo.com] @26-10-2021 19:00:18.0587 PM
[ReportManager] Initial URL: [data:,] @26-10-2021 19:00:18.0651 PM
[ReportManager] Browser Action [NavigateToURL] successfully performed. With the following test data [https://duckduckgo.com]. @26-10-2021 19:00:19.0241 P

################################################################################################################################################
Starting Execution:	[59 out of 143] test cases in the current suite
Test Method:		[unitTests.tests_browserActions.navigateToURL]
################################################################################################################################################
[ReportManager] Target URL: [https://duckduckgo.com] @26-10-2021 19:00:19.0246 PM
[ReportManager] Initial URL: [https://duckduckgo.com] @26-10-2021 19:00:19.0326 PM
[ReportManager] Browser Action [NavigateToURL] successfully performed. With the following test data [https://duckduckgo.com]. @26-10-2021 19:00:19.0766 P
[ReportManager] Target URL: [https://duckduckgo.com] @26-10-2021 19:00:19.0769 PM
[ReportManager] Initial URL: [https://duckduckgo.com] @26-10-2021 19:00:19.0848 PM
[ReportManager] Browser Action [NavigateToURL] successfully performed. With the following test data [https://duckduckgo.com]. @26-10-2021 19:00:20.0205 PM
[ReportManager] Browser Action [CloseCurrentWindow] successfully performed. @26-10-2021 19:00:20.0329 PM
[ReportManager] Successfully created attachment [Browser Action Test Data - CloseCurrentWindow - Actual Value] @26-10-2021 19:00:20.0329 P
[ReportManager] File Action [GetAbsolutePath] successfully performed. With the following test data [Relative Folder Path: "target/downloadedFiles/"]. @26-10-2021 19:00:20.0332 PM
[ReportManager] Attempting to run remotely on: [Linux-64], [GoogleChrome], [http://localhost:4444/wd/hub], Headless Execution. @26-10-2021 19:00:20.0332 PM
[ReportManager] Successfully Opened [GoogleChrome]. @26-10-2021 19:00:23.0555 PM
[ReportManager] Target URL: [https://duckduckgo.com] @26-10-2021 19:00:23.0555 PM
[ReportManager] Initial URL: [data:,] @26-10-2021 19:00:23.0634 PM
[ReportManager] Browser Action [NavigateToURL] successfully performed. With the following test data [https://duckduckgo.com]. @26-10-2021 19:00:24.0293 P

################################################################################################################################################
Starting Execution:	[60 out of 143] test cases in the current suite
Test Method:		[unitTests.tests_browserActions.navigateToURLWithRedirection]
################################################################################################################################################
[ReportManager] Target URL: [https://www.google.com/ncr], and after redirection: [https://www.google.com] @26-10-2021 19:00:24.0300 PM
[ReportManager] Initial URL: [https://duckduckgo.com] @26-10-2021 19:00:24.0383 PM
[ReportManager] Browser Action [NavigateToURL] successfully performed. With the following test data [https://www.google.com/ncr]. @26-10-2021 19:00:25.0281 P
[ReportManager] Target URL: [https://duckduckgo.com] @26-10-2021 19:00:25.0285 PM
[ReportManager] Initial URL: [https://www.google.com] @26-10-2021 19:00:25.0350 PM
[ReportManager] Browser Action [NavigateToURL] successfully performed. With the following test data [https://duckduckgo.com]. @26-10-2021 19:00:25.0943 PM
[ReportManager] Browser Action [CloseCurrentWindow] successfully performed. @26-10-2021 19:00:26.0069 PM
[ReportManager] Successfully created attachment [Browser Action Test Data - CloseCurrentWindow - Actual Value] @26-10-2021 19:00:26.0069 P
[ReportManager] File Action [GetAbsolutePath] successfully performed. With the following test data [Relative Folder Path: "target/downloadedFiles/"]. @26-10-2021 19:00:26.0072 PM
[ReportManager] Attempting to run remotely on: [Linux-64], [GoogleChrome], [http://localhost:4444/wd/hub], Headless Execution. @26-10-2021 19:00:26.0072 PM
[ReportManager] Successfully Opened [GoogleChrome]. @26-10-2021 19:00:28.0556 PM
[ReportManager] Target URL: [https://duckduckgo.com] @26-10-2021 19:00:28.0556 PM
[ReportManager] Initial URL: [data:,] @26-10-2021 19:00:28.0619 PM
[ReportManager] Browser Action [NavigateToURL] successfully performed. With the following test data [https://duckduckgo.com]. @26-10-2021 19:00:29.0215 P

################################################################################################################################################
Starting Execution:	[61 out of 143] test cases in the current suite
Test Method:		[unitTests.tests_browserActions.refreshCurrentPage]
################################################################################################################################################
[ReportManager] Browser Action [RefreshCurrentPage] successfully performed. @26-10-2021 19:00:29.0469 PM
[ReportManager] Successfully created attachment [Browser Action Test Data - RefreshCurrentPage - Actual Value] @26-10-2021 19:00:29.0470 P
[ReportManager] Target URL: [https://duckduckgo.com] @26-10-2021 19:00:29.0473 PM
[ReportManager] Initial URL: [https://duckduckgo.com] @26-10-2021 19:00:29.0539 PM
[ReportManager] Browser Action [NavigateToURL] successfully performed. With the following test data [https://duckduckgo.com]. @26-10-2021 19:00:29.0887 PM
[ReportManager] Browser Action [CloseCurrentWindow] successfully performed. @26-10-2021 19:00:30.0038 PM
[ReportManager] Successfully created attachment [Browser Action Test Data - CloseCurrentWindow - Actual Value] @26-10-2021 19:00:30.0038 P
[ReportManager] File Action [GetAbsolutePath] successfully performed. With the following test data [Relative Folder Path: "target/downloadedFiles/"]. @26-10-2021 19:00:30.0042 PM
[ReportManager] Attempting to run remotely on: [Linux-64], [GoogleChrome], [http://localhost:4444/wd/hub], Headless Execution. @26-10-2021 19:00:30.0042 PM
[ReportManager] Successfully Opened [GoogleChrome]. @26-10-2021 19:00:33.0541 PM
[ReportManager] Target URL: [https://duckduckgo.com] @26-10-2021 19:00:33.0542 PM
[ReportManager] Initial URL: [data:,] @26-10-2021 19:00:33.0602 PM
[ReportManager] Browser Action [NavigateToURL] successfully performed. With the following test data [https://duckduckgo.com]. @26-10-2021 19:00:34.0176 P

################################################################################################################################################
Starting Execution:	[62 out of 143] test cases in the current suite
Test Method:		[unitTests.tests_browserActions.setWindowSize]
################################################################################################################################################
[ReportManager] Initial window size: (1920, 1080) @26-10-2021 19:00:34.0189 PM
[ReportManager] Window size after SWD: (1280, 720) @26-10-2021 19:00:34.0418 PM
[ReportManager] Browser Action [SetWindowSize] successfully performed. With the following test data [New screen size is now: (1280, 720)]. @26-10-2021 19:00:34.0419 P
[ReportManager] Target URL: [https://duckduckgo.com] @26-10-2021 19:00:34.0431 PM
[ReportManager] Initial URL: [https://duckduckgo.com] @26-10-2021 19:00:34.0540 PM
[ReportManager] Browser Action [NavigateToURL] successfully performed. With the following test data [https://duckduckgo.com]. @26-10-2021 19:00:34.0890 PM
[ReportManager] Browser Action [CloseCurrentWindow] successfully performed. @26-10-2021 19:00:35.0015 PM
[ReportManager] Successfully created attachment [Browser Action Test Data - CloseCurrentWindow - Actual Value] @26-10-2021 19:00:35.0015 P
[ReportManager] File Action [GetAbsolutePath] successfully performed. With the following test data [Relative Folder Path: "target/downloadedFiles/"]. @26-10-2021 19:00:35.0018 PM
[ReportManager] Attempting to run remotely on: [Linux-64], [GoogleChrome], [http://localhost:4444/wd/hub], Headless Execution. @26-10-2021 19:00:35.0020 PM
[ReportManager] Successfully Opened [GoogleChrome]. @26-10-2021 19:00:38.0557 P

################################################################################################################################################
Starting Execution:	[63 out of 143] test cases in the current suite
Test Method:		[unitTests.tests_element_elementActions.waitForElementToBePresent_false_expectedToFail]
################################################################################################################################################
[ReportManager] Target URL: [https://www.google.com/ncr], and after redirection: [www.google.com] @26-10-2021 19:00:38.0576 PM
[ReportManager] Initial URL: [data:,] @26-10-2021 19:00:38.0648 PM
[ReportManager] Browser Action [NavigateToURL] successfully performed. With the following test data [https://www.google.com/ncr]. @26-10-2021 19:00:41.0145 PM
[ReportManager] Waiting for element to be present; elementLocator [By.xpath: //*[@id='hplogo' or @alt='Google']], numberOfTries[1], stateOfPresence[false]... @26-10-2021 19:00:41.0149 PM
[ReportManager] Element Action [WaitForElementToBePresent] failed. With the following test data [waited for the element's state of presence to be (false). Element locator (By.xpath: //*[@id='hplogo' or @alt='Google'])]. @26-10-2021 19:00:41.0653 PM
[ReportManager] Successfully created attachment [Screenshot - 1635274841461_waitForElementToBePresent_false_expectedToFail_WaitForElementToBePresent_failed] @26-10-2021 19:00:41.0653 P
[ReportManager] Browser Action [CloseCurrentWindow] successfully performed. @26-10-2021 19:00:41.0794 PM
[ReportManager] Successfully created attachment [Browser Action Test Data - CloseCurrentWindow - Actual Value] @26-10-2021 19:00:41.0795 P
[ReportManager] File Action [GetAbsolutePath] successfully performed. With the following test data [Relative Folder Path: "target/downloadedFiles/"]. @26-10-2021 19:00:41.0798 PM
[ReportManager] Attempting to run remotely on: [Linux-64], [GoogleChrome], [http://localhost:4444/wd/hub], Headless Execution. @26-10-2021 19:00:41.0798 PM
[ReportManager] Successfully Opened [GoogleChrome]. @26-10-2021 19:00:43.0591 P

################################################################################################################################################
Starting Execution:	[64 out of 143] test cases in the current suite
Test Method:		[unitTests.tests_element_elementActions.waitForElementToBePresent_false_expectedToPass]
################################################################################################################################################
[ReportManager] Target URL: [https://www.google.com/ncr], and after redirection: [www.google.com] @26-10-2021 19:00:43.0601 PM
[ReportManager] Initial URL: [data:,] @26-10-2021 19:00:43.0693 PM
[ReportManager] Browser Action [NavigateToURL] successfully performed. With the following test data [https://www.google.com/ncr]. @26-10-2021 19:00:44.0582 PM
[ReportManager] Waiting for element to be present; elementLocator [By.id: bla], numberOfTries[1], stateOfPresence[false]... @26-10-2021 19:00:44.0583 PM
[ReportManager] Element Action [WaitForElementToBePresent] successfully performed. With the following test data [waited for the element's state of presence to be (false). Element locator (By.id: bla)]. @26-10-2021 19:00:49.0752 P
[ReportManager] Browser Action [CloseCurrentWindow] successfully performed. @26-10-2021 19:00:49.0895 PM
[ReportManager] Successfully created attachment [Browser Action Test Data - CloseCurrentWindow - Actual Value] @26-10-2021 19:00:49.0896 P
[ReportManager] File Action [GetAbsolutePath] successfully performed. With the following test data [Relative Folder Path: "target/downloadedFiles/"]. @26-10-2021 19:00:49.0899 PM
[ReportManager] Attempting to run remotely on: [Linux-64], [GoogleChrome], [http://localhost:4444/wd/hub], Headless Execution. @26-10-2021 19:00:49.0899 PM
[ReportManager] Successfully Opened [GoogleChrome]. @26-10-2021 19:00:53.0522 P

################################################################################################################################################
Starting Execution:	[65 out of 143] test cases in the current suite
Test Method:		[unitTests.tests_element_elementActions.waitForElementToBePresent_moreThanOneElement_expectedToFail]
################################################################################################################################################
[ReportManager] Target URL: [https://www.google.com/ncr], and after redirection: [www.google.com] @26-10-2021 19:00:53.0531 PM
[ReportManager] Initial URL: [data:,] @26-10-2021 19:00:53.0592 PM
[ReportManager] Browser Action [NavigateToURL] successfully performed. With the following test data [https://www.google.com/ncr]. @26-10-2021 19:00:54.0396 PM
[ReportManager] Waiting for element to be present; elementLocator [By.xpath: //*], numberOfTries[1], stateOfPresence[false]... @26-10-2021 19:00:54.0396 PM
[ReportManager] Element Action [WaitForElementToBePresent] failed. With the following test data [waited for the element's state of presence to be (false). Element locator (By.xpath: //*)]. @26-10-2021 19:00:54.0862 PM
[ReportManager] Successfully created attachment [Screenshot - 1635274854683_waitForElementToBePresent_moreThanOneElement_expectedToFail_WaitForElementToBePresent_failed] @26-10-2021 19:00:54.0863 P
[ReportManager] Browser Action [CloseCurrentWindow] successfully performed. @26-10-2021 19:00:54.0998 PM
[ReportManager] Successfully created attachment [Browser Action Test Data - CloseCurrentWindow - Actual Value] @26-10-2021 19:00:54.0999 P
[ReportManager] File Action [GetAbsolutePath] successfully performed. With the following test data [Relative Folder Path: "target/downloadedFiles/"]. @26-10-2021 19:00:55.0002 PM
[ReportManager] Attempting to run remotely on: [Linux-64], [GoogleChrome], [http://localhost:4444/wd/hub], Headless Execution. @26-10-2021 19:00:55.0002 PM
[ReportManager] Successfully Opened [GoogleChrome]. @26-10-2021 19:00:58.0571 P

################################################################################################################################################
Starting Execution:	[66 out of 143] test cases in the current suite
Test Method:		[unitTests.tests_element_elementActions.waitForElementToBePresent_true_expectedToFail]
################################################################################################################################################
[ReportManager] Target URL: [https://www.google.com/ncr], and after redirection: [www.google.com] @26-10-2021 19:00:58.0583 PM
[ReportManager] Initial URL: [data:,] @26-10-2021 19:00:58.0636 PM
[ReportManager] Browser Action [NavigateToURL] successfully performed. With the following test data [https://www.google.com/ncr]. @26-10-2021 19:00:59.0558 PM
[ReportManager] Waiting for element to be present; elementLocator [By.id: bla], numberOfTries[1], stateOfPresence[true]... @26-10-2021 19:00:59.0558 PM
[ReportManager] Element Action [WaitForElementToBePresent] failed. With the following test data [waited for the element's state of presence to be (true). Element locator (By.id: bla)]. @26-10-2021 19:01:05.0117 PM
[ReportManager] Successfully created attachment [Screenshot - 1635274864936_waitForElementToBePresent_true_expectedToFail_WaitForElementToBePresent_failed] @26-10-2021 19:01:05.0118 P
[ReportManager] Browser Action [CloseCurrentWindow] successfully performed. @26-10-2021 19:01:05.0275 PM
[ReportManager] Successfully created attachment [Browser Action Test Data - CloseCurrentWindow - Actual Value] @26-10-2021 19:01:05.0276 P
[ReportManager] File Action [GetAbsolutePath] successfully performed. With the following test data [Relative Folder Path: "target/downloadedFiles/"]. @26-10-2021 19:01:05.0282 PM
[ReportManager] Attempting to run remotely on: [Linux-64], [GoogleChrome], [http://localhost:4444/wd/hub], Headless Execution. @26-10-2021 19:01:05.0282 PM
[ReportManager] Successfully Opened [GoogleChrome]. @26-10-2021 19:01:08.0541 P

################################################################################################################################################
Starting Execution:	[67 out of 143] test cases in the current suite
Test Method:		[unitTests.tests_element_elementActions.waitForElementToBePresent_true_expectedToPass]
################################################################################################################################################
[ReportManager] Target URL: [https://www.google.com/ncr], and after redirection: [www.google.com] @26-10-2021 19:01:08.0547 PM
[ReportManager] Initial URL: [data:,] @26-10-2021 19:01:08.0607 PM
[ReportManager] Browser Action [NavigateToURL] successfully performed. With the following test data [https://www.google.com/ncr]. @26-10-2021 19:01:09.0459 PM
[ReportManager] Waiting for element to be present; elementLocator [By.xpath: //*[@id='hplogo' or @alt='Google']], numberOfTries[1], stateOfPresence[true]... @26-10-2021 19:01:09.0459 PM
[ReportManager] Element Action [WaitForElementToBePresent] successfully performed. With the following test data [waited for the element's state of presence to be (true). Element locator (By.xpath: //*[@id='hplogo' or @alt='Google'])]. @26-10-2021 19:01:09.0533 PM
[ReportManager] File Action [DoesFileExist] successfully performed. With the following test data [File Path: "src/test/resources/DynamicObjectRepository/unitTests_tests_element_elementActions_waitForElementToBePresent_true_expectedToPass_By_xpath_id_hplogo_or_alt_Google.png"]. @26-10-2021 19:01:09.0537 PM
[ReportManager] File Action [DoesFileExist] successfully performed. With the following test data [File Path: "src/test/resources/DynamicObjectRepository/unitTests_tests_element_elementActions_waitForElementToBePresent_true_expectedToPass_By_xpath_id_hplogo_or_alt_Google.png"]. @26-10-2021 19:01:09.0704 PM
[ReportManager] Passing the test and saving a reference image @26-10-2021 19:01:09.0704 PM
[ReportManager] File Action [GetAbsolutePath] successfully performed. With the following test data [Relative File Path: "src/test/resources/DynamicObjectRepository/unitTests_tests_element_elementActions_waitForElementToBePresent_true_expectedToPass_By_xpath_id_hplogo_or_alt_Google.png"]. @26-10-2021 19:01:09.0704 PM
[ReportManager] File Action [WriteToFile] successfully performed. With the following test data [Target File Path: "/home/runner/work/SHAFT_ENGINE/SHAFT_ENGINE/src/test/resources/DynamicObjectRepository/unitTests_tests_element_elementActions_waitForElementToBePresent_true_expectedToPass_By_xpath_id_hplogo_or_alt_Google.png"]. @26-10-2021 19:01:09.0707 PM
[ReportManager] Assertion Passed: Using Visual AI; OpenCV @26-10-2021 19:01:09.0708 PM
[ReportManager] Successfully created attachment [Validation Test Data - Actual Screenshot] @26-10-2021 19:01:09.0708 PM
[ReportManager] Assertion [ValidateElementMatches] PASSED. Expected [Element should match the reference screenshot] and Actual [TRUE]. Comparison Type [EXACT_OPENCV]. Validation Type [POSITIVE]. @26-10-2021 19:01:09.0708 P
[ReportManager] Browser Action [CloseCurrentWindow] successfully performed. @26-10-2021 19:01:09.0891 PM
[ReportManager] Successfully created attachment [Browser Action Test Data - CloseCurrentWindow - Actual Value] @26-10-2021 19:01:09.0892 P
[ReportManager] Successfully loaded the following test data file [src/test/resources/TestDataFiles/testSuite01/TestData.xlsx]. @26-10-2021 19:01:10.0929 PM
[ReportManager] Successfully created attachment [Test Data - Excel] @26-10-2021 19:01:10.0929 P

################################################################################################################################################
Starting Execution:	[68 out of 143] test cases in the current suite
Test Method:		[unitTests.tests_io_excelFileManager.getCellData_rowName_expectedToPass]
################################################################################################################################################
[ReportManager] testRowData. @26-10-2021 19:01:10.0984 P

################################################################################################################################################
Starting Execution:	[69 out of 143] test cases in the current suite
Test Method:		[testPackage01.Test_testData.f]
################################################################################################################################################
[ReportManager] Successfully loaded the following test data file [src/test/resources/TestDataFiles/testSuite01/TestData.xlsx]. @26-10-2021 19:01:11.0087 PM
[ReportManager] Successfully created attachment [Test Data - Excel] @26-10-2021 19:01:11.0087 PM
[ReportManager] Last Column Number is: [3]. Zero-based. @26-10-2021 19:01:11.0088 P

################################################################################################################################################
Starting Execution:	[70 out of 143] test cases in the current suite
Test Method:		[testPackage01.Test_SkipDueToIssue.doNotSkip]
################################################################################################################################################
[ReportManager] This should not be skipped. @26-10-2021 19:01:11.0093 P

################################################################################################################################################
Starting Execution:	[71 out of 143] test cases in the current suite
Test Method:		[testPackage01.Test_SkipDueToIssue.skip]
################################################################################################################################################
[ReportManager] This should be skipped. @26-10-2021 19:01:11.0100 P

################################################################################################################################################
Starting Execution:	[72 out of 143] test cases in the current suite
Test Method:		[testPackage01.Test_SkipDueToIssue.skip2]
################################################################################################################################################
[ReportManager] This should be skipped. @26-10-2021 19:01:11.0120 P

################################################################################################################################################
Starting Execution:	[73 out of 143] test cases in the current suite
Test Method:		[testPackage01.Test_chainableElementActions.chainElementActions]
################################################################################################################################################
[ReportManager] File Action [GetAbsolutePath] successfully performed. With the following test data [Relative Folder Path: "target/downloadedFiles/"]. @26-10-2021 19:01:11.0125 PM
[ReportManager] Attempting to run remotely on: [Linux-64], [GoogleChrome], [http://localhost:4444/wd/hub], Headless Execution. @26-10-2021 19:01:11.0126 PM
[ReportManager] Successfully Opened [GoogleChrome]. @26-10-2021 19:01:13.0547 PM
[ReportManager] Target URL: [https://www.google.com/ncr], and after redirection: [https://www.google.com] @26-10-2021 19:01:13.0547 PM
[ReportManager] Initial URL: [data:,] @26-10-2021 19:01:13.0612 PM
[ReportManager] Browser Action [NavigateToURL] successfully performed. With the following test data [https://www.google.com/ncr]. @26-10-2021 19:01:14.0472 PM
[ReportManager] Element Action [Type] successfully performed. With the following test data [chained type 1]. @26-10-2021 19:01:14.0934 PM
[ReportManager] Element Action [Type] successfully performed. With the following test data [chained type 2]. @26-10-2021 19:01:15.0430 PM
[ReportManager] Element Action [TypeAppend] successfully performed. With the following test data [345]. @26-10-2021 19:01:15.0587 PM
[ReportManager] Element Action [GetText] successfully performed. With the following test data [chained type 2345]. @26-10-2021 19:01:15.0753 PM
[ReportManager] Loaded Shared OpenCV @26-10-2021 19:01:16.0033 PM
[ReportManager] Assertion [ValidateElementAttribute] PASSED. Expected [Value Should be 'chained type 2345' for the 'text' attribute, element locator 'By.name: q'] and Actual [chained type 2345]. Comparison Type [EQUALS]. Validation Type [POSITIVE]. @26-10-2021 19:01:16.0260 PM
[ReportManager] Successfully created attachment [Screenshot - 1635274876033_chainElementActions_ValidateElementAttribute_passed] @26-10-2021 19:01:16.0261 PM
[ReportManager] Browser Action [CloseCurrentWindow] successfully performed. @26-10-2021 19:01:16.0388 PM
[ReportManager] Successfully created attachment [Browser Action Test Data - CloseCurrentWindow - Actual Value] @26-10-2021 19:01:16.0389 P

################################################################################################################################################
Starting Execution:	[74 out of 143] test cases in the current suite
Test Method:		[testPackage01.Test_NewValidationHelper.f1]
################################################################################################################################################
[ReportManager] Assertion Passed: Checking valid user data @26-10-2021 19:01:16.0400 PM
[ReportManager] Successfully created attachment [Validation Test Data - Expected Value] @26-10-2021 19:01:16.0400 PM
[ReportManager] Successfully created attachment [Validation Test Data - Actual Value] @26-10-2021 19:01:16.0400 PM
[ReportManager] Assertion [ValidateEquals] PASSED. Expected and Actual values are attached. Comparison Type [EQUALS]. Validation Type [POSITIVE]. @26-10-2021 19:01:16.0400 P
[ReportManager] File Action [GetAbsolutePath] successfully performed. With the following test data [Relative Folder Path: "target/downloadedFiles/"]. @26-10-2021 19:01:16.0402 PM
[ReportManager] Attempting to run remotely on: [Linux-64], [GoogleChrome], [http://localhost:4444/wd/hub], Headless Execution. @26-10-2021 19:01:16.0403 PM
[ReportManager] Successfully Opened [GoogleChrome]. @26-10-2021 19:01:18.0545 PM
[ReportManager] Target URL: [https://the-internet.herokuapp.com/] @26-10-2021 19:01:18.0545 PM
[ReportManager] Initial URL: [data:,] @26-10-2021 19:01:18.0612 PM
[ReportManager] Browser Action [NavigateToURL] successfully performed. With the following test data [https://the-internet.herokuapp.com/]. @26-10-2021 19:01:19.0790 P

################################################################################################################################################
Starting Execution:	[75 out of 143] test cases in the current suite
Test Method:		[testPackage01.Test_NewValidationHelper.f10]
################################################################################################################################################
[ReportManager] Assertion [ValidateElementExists] FAILED. Expected [Element Should Exist, locator 'By.tagName: div'] and Actual [Element Exists but is not unique]. Comparison Type [EQUALS]. Validation Type [POSITIVE]. @26-10-2021 19:01:20.0375 PM
[ReportManager] Successfully created attachment [Screenshot - 1635274880174_f10_ValidateElementExists_failed] @26-10-2021 19:01:20.0376 P
[ReportManager] Successfully Closed All Drivers. @26-10-2021 19:01:20.0467 P
[ReportManager] File Action [GetAbsolutePath] successfully performed. With the following test data [Relative Folder Path: "target/downloadedFiles/"]. @26-10-2021 19:01:20.0470 PM
[ReportManager] Attempting to run remotely on: [Linux-64], [GoogleChrome], [http://localhost:4444/wd/hub], Headless Execution. @26-10-2021 19:01:20.0470 PM
[ReportManager] Successfully Opened [GoogleChrome]. @26-10-2021 19:01:23.0540 PM
[ReportManager] Target URL: [https://the-internet.herokuapp.com/] @26-10-2021 19:01:23.0540 PM
[ReportManager] Initial URL: [data:,] @26-10-2021 19:01:23.0606 PM
[ReportManager] Browser Action [NavigateToURL] successfully performed. With the following test data [https://the-internet.herokuapp.com/]. @26-10-2021 19:01:24.0784 P

################################################################################################################################################
Starting Execution:	[76 out of 143] test cases in the current suite
Test Method:		[testPackage01.Test_NewValidationHelper.f11]
################################################################################################################################################
[ReportManager] Assertion Passed: Checking that false tag doesn't exist @26-10-2021 19:01:35.0481 PM
[ReportManager] Successfully created attachment [Screenshot - 1635274895291_f11_ValidateElementExists_passed] @26-10-2021 19:01:35.0482 PM
[ReportManager] Assertion [ValidateElementExists] PASSED. Expected [Element Should not Exist, locator 'By.tagName: h3'] and Actual [Element Doesn't Exists]. Comparison Type [EQUALS]. Validation Type [NEGATIVE]. @26-10-2021 19:01:35.0482 P
[ReportManager] Successfully Closed All Drivers. @26-10-2021 19:01:35.0573 P
[ReportManager] File Action [GetAbsolutePath] successfully performed. With the following test data [Relative Folder Path: "target/downloadedFiles/"]. @26-10-2021 19:01:35.0580 PM
[ReportManager] Attempting to run remotely on: [Linux-64], [GoogleChrome], [http://localhost:4444/wd/hub], Headless Execution. @26-10-2021 19:01:35.0580 PM
[ReportManager] Successfully Opened [GoogleChrome]. @26-10-2021 19:01:38.0545 PM
[ReportManager] Target URL: [https://the-internet.herokuapp.com/] @26-10-2021 19:01:38.0545 PM
[ReportManager] Initial URL: [data:,] @26-10-2021 19:01:38.0621 PM
[ReportManager] Browser Action [NavigateToURL] successfully performed. With the following test data [https://the-internet.herokuapp.com/]. @26-10-2021 19:01:39.0848 P

################################################################################################################################################
Starting Execution:	[77 out of 143] test cases in the current suite
Test Method:		[testPackage01.Test_NewValidationHelper.f12]
################################################################################################################################################
[ReportManager] Loaded Shared OpenCV @26-10-2021 19:01:40.0444 PM
[ReportManager] Assertion [ValidateElementExists] FAILED. Expected [Element Should not Exist, locator 'By.tagName: h1'] and Actual [Element Exists]. Comparison Type [EQUALS]. Validation Type [NEGATIVE]. @26-10-2021 19:01:40.0702 PM
[ReportManager] Successfully created attachment [Screenshot - 1635274900444_f12_ValidateElementExists_failed] @26-10-2021 19:01:40.0704 P
[ReportManager] Successfully Closed All Drivers. @26-10-2021 19:01:40.0793 P
[ReportManager] File Action [GetAbsolutePath] successfully performed. With the following test data [Relative Folder Path: "target/downloadedFiles/"]. @26-10-2021 19:01:40.0795 PM
[ReportManager] Attempting to run remotely on: [Linux-64], [GoogleChrome], [http://localhost:4444/wd/hub], Headless Execution. @26-10-2021 19:01:40.0796 PM
[ReportManager] Successfully Opened [GoogleChrome]. @26-10-2021 19:01:43.0554 PM
[ReportManager] Target URL: [https://the-internet.herokuapp.com/] @26-10-2021 19:01:43.0554 PM
[ReportManager] Initial URL: [data:,] @26-10-2021 19:01:43.0655 PM
[ReportManager] Browser Action [NavigateToURL] successfully performed. With the following test data [https://the-internet.herokuapp.com/]. @26-10-2021 19:01:44.0798 P

################################################################################################################################################
Starting Execution:	[78 out of 143] test cases in the current suite
Test Method:		[testPackage01.Test_NewValidationHelper.f13]
################################################################################################################################################
[ReportManager] Assertion [ValidateElementExists] FAILED. Expected [Element Should not Exist, locator 'By.tagName: div'] and Actual [Element Exists but is not unique]. Comparison Type [EQUALS]. Validation Type [NEGATIVE]. @26-10-2021 19:01:45.0380 PM
[ReportManager] Successfully created attachment [Screenshot - 1635274905183_f13_ValidateElementExists_failed] @26-10-2021 19:01:45.0381 P
[ReportManager] Successfully Closed All Drivers. @26-10-2021 19:01:45.0469 P
[ReportManager] File Action [GetAbsolutePath] successfully performed. With the following test data [Relative Folder Path: "target/downloadedFiles/"]. @26-10-2021 19:01:45.0473 PM
[ReportManager] Attempting to run remotely on: [Linux-64], [GoogleChrome], [http://localhost:4444/wd/hub], Headless Execution. @26-10-2021 19:01:45.0473 PM
[ReportManager] Successfully Opened [GoogleChrome]. @26-10-2021 19:01:48.0561 PM
[ReportManager] Target URL: [https://the-internet.herokuapp.com/] @26-10-2021 19:01:48.0561 PM
[ReportManager] Initial URL: [data:,] @26-10-2021 19:01:48.0632 PM
[ReportManager] Browser Action [NavigateToURL] successfully performed. With the following test data [https://the-internet.herokuapp.com/]. @26-10-2021 19:01:49.0816 P

################################################################################################################################################
Starting Execution:	[79 out of 143] test cases in the current suite
Test Method:		[testPackage01.Test_NewValidationHelper.f14]
################################################################################################################################################
[ReportManager] Element Action [GetText] successfully performed. With the following test data [Welcome to the-internet]. @26-10-2021 19:01:49.0930 PM
[ReportManager] Loaded Shared OpenCV @26-10-2021 19:01:50.0267 PM
[ReportManager] Assertion Passed: Asserting that the header text is correct @26-10-2021 19:01:50.0547 PM
[ReportManager] Successfully created attachment [Screenshot - 1635274910267_f14_ValidateElementAttribute_passed] @26-10-2021 19:01:50.0550 PM
[ReportManager] Assertion [ValidateElementAttribute] PASSED. Expected [Value Should be 'Welcome to the-internet' for the 'text' attribute, element locator 'By.tagName: h1'] and Actual [Welcome to the-internet]. Comparison Type [EQUALS]. Validation Type [POSITIVE]. @26-10-2021 19:01:50.0550 P
[ReportManager] Successfully Closed All Drivers. @26-10-2021 19:01:50.0644 P
[ReportManager] File Action [GetAbsolutePath] successfully performed. With the following test data [Relative Folder Path: "target/downloadedFiles/"]. @26-10-2021 19:01:50.0647 PM
[ReportManager] Attempting to run remotely on: [Linux-64], [GoogleChrome], [http://localhost:4444/wd/hub], Headless Execution. @26-10-2021 19:01:50.0648 PM
[ReportManager] Successfully Opened [GoogleChrome]. @26-10-2021 19:01:53.0541 PM
[ReportManager] Target URL: [https://the-internet.herokuapp.com/] @26-10-2021 19:01:53.0541 PM
[ReportManager] Initial URL: [data:,] @26-10-2021 19:01:53.0607 PM
[ReportManager] Browser Action [NavigateToURL] successfully performed. With the following test data [https://the-internet.herokuapp.com/]. @26-10-2021 19:01:54.0783 P

################################################################################################################################################
Starting Execution:	[80 out of 143] test cases in the current suite
Test Method:		[testPackage01.Test_NewValidationHelper.f15]
################################################################################################################################################
[ReportManager] Element Action [GetText] successfully performed. With the following test data [Welcome to the-internet]. @26-10-2021 19:01:54.0878 PM
[ReportManager] Loaded Shared OpenCV @26-10-2021 19:01:55.0153 PM
[ReportManager] Assertion [ValidateElementAttribute] FAILED. Expected [Value Should not be 'Welcome' for the 'text' attribute, element locator 'By.tagName: h1'] and Actual [Welcome to the-internet]. Comparison Type [CONTAINS]. Validation Type [NEGATIVE]. @26-10-2021 19:01:55.0375 PM
[ReportManager] Successfully created attachment [Screenshot - 1635274915152_f15_ValidateElementAttribute_failed] @26-10-2021 19:01:55.0377 P
[ReportManager] Successfully Closed All Drivers. @26-10-2021 19:01:55.0478 P
[ReportManager] File Action [GetAbsolutePath] successfully performed. With the following test data [Relative Folder Path: "target/downloadedFiles/"]. @26-10-2021 19:01:55.0481 PM
[ReportManager] Attempting to run remotely on: [Linux-64], [GoogleChrome], [http://localhost:4444/wd/hub], Headless Execution. @26-10-2021 19:01:55.0481 PM
[ReportManager] Successfully Opened [GoogleChrome]. @26-10-2021 19:01:58.0542 PM
[ReportManager] Target URL: [https://the-internet.herokuapp.com/] @26-10-2021 19:01:58.0542 PM
[ReportManager] Initial URL: [data:,] @26-10-2021 19:01:58.0625 PM
[ReportManager] Browser Action [NavigateToNewURL] failed. With the following test data [https://the-internet.herokuapp.com/]. @26-10-2021 19:04:58.0627 P

################################################################################################################################################
Starting Execution:	[81 out of 143] test cases in the current suite
Test Method:		[testPackage01.Test_NewValidationHelper.f16]
###############################################################################################################################################



################################################################################################################################################
Starting Execution:	[82 out of 143] test cases in the current suite
Test Method:		[testPackage01.Test_NewValidationHelper.f17]
###############################################################################################################################################



################################################################################################################################################
Starting Execution:	[83 out of 143] test cases in the current suite
Test Method:		[testPackage01.Test_NewValidationHelper.f18]
###############################################################################################################################################


################################################################################################################################################
Starting Execution:	[84 out of 143] test cases in the current suite
Test Method:		[testPackage01.Test_NewValidationHelper.f2]
###############################################################################################################################################


################################################################################################################################################
Starting Execution:	[85 out of 143] test cases in the current suite
Test Method:		[testPackage01.Test_NewValidationHelper.f20]
###############################################################################################################################################



################################################################################################################################################
Starting Execution:	[86 out of 143] test cases in the current suite
Test Method:		[testPackage01.Test_NewValidationHelper.f21]
###############################################################################################################################################



################################################################################################################################################
Starting Execution:	[87 out of 143] test cases in the current suite
Test Method:		[testPackage01.Test_NewValidationHelper.f22]
###############################################################################################################################################


################################################################################################################################################
Starting Execution:	[88 out of 143] test cases in the current suite
Test Method:		[testPackage01.Test_NewValidationHelper.f23]
###############################################################################################################################################

################################################################################################################################################
Starting Execution:	[89 out of 143] test cases in the current suite
Test Method:		[testPackage01.Test_NewValidationHelper.f24]
###############################################################################################################################################

################################################################################################################################################
Starting Execution:	[90 out of 143] test cases in the current suite
Test Method:		[testPackage01.Test_NewValidationHelper.f25]
###############################################################################################################################################

################################################################################################################################################
Starting Execution:	[91 out of 143] test cases in the current suite
Test Method:		[testPackage01.Test_NewValidationHelper.f26]
###############################################################################################################################################

################################################################################################################################################
Starting Execution:	[92 out of 143] test cases in the current suite
Test Method:		[testPackage01.Test_NewValidationHelper.f27]
###############################################################################################################################################

################################################################################################################################################
Starting Execution:	[93 out of 143] test cases in the current suite
Test Method:		[testPackage01.Test_NewValidationHelper.f28]
###############################################################################################################################################

################################################################################################################################################
Starting Execution:	[94 out of 143] test cases in the current suite
Test Method:		[testPackage01.Test_NewValidationHelper.f29]
###############################################################################################################################################

################################################################################################################################################
Starting Execution:	[95 out of 143] test cases in the current suite
Test Method:		[testPackage01.Test_NewValidationHelper.f3]
###############################################################################################################################################

################################################################################################################################################
Starting Execution:	[96 out of 143] test cases in the current suite
Test Method:		[testPackage01.Test_NewValidationHelper.f30]
###############################################################################################################################################

################################################################################################################################################
Starting Execution:	[97 out of 143] test cases in the current suite
Test Method:		[testPackage01.Test_NewValidationHelper.f31]
###############################################################################################################################################

################################################################################################################################################
Starting Execution:	[98 out of 143] test cases in the current suite
Test Method:		[testPackage01.Test_NewValidationHelper.f32]
###############################################################################################################################################

################################################################################################################################################
Starting Execution:	[99 out of 143] test cases in the current suite
Test Method:		[testPackage01.Test_NewValidationHelper.f33]
###############################################################################################################################################

################################################################################################################################################
Starting Execution:	[100 out of 143] test cases in the current suite
Test Method:		[testPackage01.Test_NewValidationHelper.f34]
###############################################################################################################################################

################################################################################################################################################
Starting Execution:	[101 out of 143] test cases in the current suite
Test Method:		[testPackage01.Test_NewValidationHelper.f35]
###############################################################################################################################################

################################################################################################################################################
Starting Execution:	[102 out of 143] test cases in the current suite
Test Method:		[testPackage01.Test_NewValidationHelper.f36]
###############################################################################################################################################

################################################################################################################################################
Starting Execution:	[103 out of 143] test cases in the current suite
Test Method:		[testPackage01.Test_NewValidationHelper.f37]
###############################################################################################################################################

################################################################################################################################################
Starting Execution:	[104 out of 143] test cases in the current suite
Test Method:		[testPackage01.Test_NewValidationHelper.f3_1]
###############################################################################################################################################

################################################################################################################################################
Starting Execution:	[105 out of 143] test cases in the current suite
Test Method:		[testPackage01.Test_NewValidationHelper.f4]
###############################################################################################################################################

################################################################################################################################################
Starting Execution:	[106 out of 143] test cases in the current suite
Test Method:		[testPackage01.Test_NewValidationHelper.f5]
###############################################################################################################################################

################################################################################################################################################
Starting Execution:	[107 out of 143] test cases in the current suite
Test Method:		[testPackage01.Test_NewValidationHelper.f6]
###############################################################################################################################################

################################################################################################################################################
Starting Execution:	[108 out of 143] test cases in the current suite
Test Method:		[testPackage01.Test_NewValidationHelper.f6_1]
###############################################################################################################################################

################################################################################################################################################
Starting Execution:	[109 out of 143] test cases in the current suite
Test Method:		[testPackage01.Test_NewValidationHelper.f6_2]
###############################################################################################################################################

################################################################################################################################################
Starting Execution:	[110 out of 143] test cases in the current suite
Test Method:		[testPackage01.Test_NewValidationHelper.f7]
###############################################################################################################################################


################################################################################################################################################
Starting Execution:	[111 out of 143] test cases in the current suite
Test Method:		[testPackage01.Test_NewValidationHelper.f8]
###############################################################################################################################################



################################################################################################################################################
Starting Execution:	[112 out of 143] test cases in the current suite
Test Method:		[testPackage01.Test_NewValidationHelper.f9]
###############################################################################################################################################


################################################################################################################################################
Starting Execution:	[113 out of 143] test cases in the current suite
Test Method:		[testPackage01.Test_NewValidationHelper.forceFail]
###############################################################################################################################################

################################################################################################################################################
Starting Execution:	[114 out of 143] test cases in the current suite
Test Method:		[testPackage01.Test_NewValidationHelper.forceFail2]
###############################################################################################################################################

################################################################################################################################################
Starting Execution:	[115 out of 143] test cases in the current suite
Test Method:		[testPackage01.Test_sendGraphqlRequest.sendGraphqlRequestUsingMutationAndVariables]
################################################################################################################################################
[ReportManager] GraphQl Request is being Performed with the Following Parameters [Service URL: https://api.spacex.land/graphql | Request Body: {"variables":"{\"name\": \"sherlock holmes\",\"rocket\": \"221B Baker Street\"}","query":"mutation ($name: String, $rocket: String) {\n  insert_users(objects: {name: $name, rocket: $rocket}) {\n    returning {\n      name\n      rocket\n    }\n  }\n}"}] @26-10-2021 19:04:58.0784 PM
[ReportManager] Response status code: [200], status line: [HTTP/1.1 200 OK] @26-10-2021 19:04:59.0328 PM
[ReportManager] Assertion Passed: Evaluating the actual response status code against the expected one... @26-10-2021 19:04:59.0328 PM
[ReportManager] Assertion [ValidateEquals] PASSED. Expected [200] and Actual [200]. Comparison Type [EQUALS]. Validation Type [POSITIVE]. @26-10-2021 19:04:59.0328 PM
[ReportManager] API Action [PerformRequest] successfully performed. With the following test data [Request Type: "POST" | Target Status Code: "200" | Service URL: "https://api.spacex.land/graphql" | Content Type: "application/json" | Response Time: "436ms"]. @26-10-2021 19:04:59.0346 PM
[ReportManager] Successfully created attachment [API Request - Specifications] @26-10-2021 19:04:59.0346 PM
[ReportManager] Successfully created attachment [API Request - JSON Body] @26-10-2021 19:04:59.0347 PM
[ReportManager] Successfully created attachment [API Response - JSON Body] @26-10-2021 19:04:59.0347 PM
[ReportManager] API Action [GetResponseJSONValue] successfully performed. With the following test data [data.insert_users.returning[0].name]. @26-10-2021 19:04:59.0412 PM
[ReportManager] Assertion [ValidateEquals] PASSED. Expected [sherlock holmes] and Actual [sherlock holmes]. Comparison Type [EQUALS]. Validation Type [POSITIVE]. @26-10-2021 19:04:59.0413 P

################################################################################################################################################
Starting Execution:	[116 out of 143] test cases in the current suite
Test Method:		[testPackage01.Test_sendGraphqlRequest.sendGraphqlRequestUsingQuery]
################################################################################################################################################
[ReportManager] GraphQl Request is being Performed with the Following Parameters [Service URL: https://api.spacex.land/graphql | Request Body: {"query":"{company {ceo}}"}] @26-10-2021 19:04:59.0416 PM
[ReportManager] Response status code: [200], status line: [HTTP/1.1 200 OK] @26-10-2021 19:04:59.0695 PM
[ReportManager] Assertion Passed: Evaluating the actual response status code against the expected one... @26-10-2021 19:04:59.0695 PM
[ReportManager] Assertion [ValidateEquals] PASSED. Expected [200] and Actual [200]. Comparison Type [EQUALS]. Validation Type [POSITIVE]. @26-10-2021 19:04:59.0695 PM
[ReportManager] API Action [PerformRequest] successfully performed. With the following test data [Request Type: "POST" | Target Status Code: "200" | Service URL: "https://api.spacex.land/graphql" | Content Type: "application/json" | Response Time: "273ms"]. @26-10-2021 19:04:59.0709 PM
[ReportManager] Successfully created attachment [API Request - Specifications] @26-10-2021 19:04:59.0710 PM
[ReportManager] Successfully created attachment [API Request - JSON Body] @26-10-2021 19:04:59.0710 PM
[ReportManager] Successfully created attachment [API Response - JSON Body] @26-10-2021 19:04:59.0711 PM
[ReportManager] API Action [GetResponseJSONValue] successfully performed. With the following test data [data.company.ceo]. @26-10-2021 19:04:59.0726 PM
[ReportManager] Assertion [ValidateEquals] PASSED. Expected [Elon Musk] and Actual [Elon Musk]. Comparison Type [EQUALS]. Validation Type [POSITIVE]. @26-10-2021 19:04:59.0727 P
[ReportManager] Successfully loaded the following test data file [src/test/resources/TestDataFiles/testSuite01/TestData.xlsx]. @26-10-2021 19:04:59.0782 PM
[ReportManager] Successfully created attachment [Test Data - Excel] @26-10-2021 19:04:59.0782 PM
[ReportManager] File Action [GetAbsolutePath] successfully performed. With the following test data [Relative Folder Path: "target/downloadedFiles/"]. @26-10-2021 19:04:59.0783 PM
[ReportManager] Attempting to run remotely on: [Linux-64], [GoogleChrome], [http://localhost:4444/wd/hub], Headless Execution. @26-10-2021 19:04:59.0783 PM
[ReportManager] Successfully Opened [GoogleChrome]. @26-10-2021 19:07:23.0588 P

################################################################################################################################################
Starting Execution:	[117 out of 143] test cases in the current suite
Test Method:		[testPackage01.Test_google.navigateToURLandVerifyGoogleLogoIsDisplayed]
Test Description:	[TC001 - Navigate to URL and Verify Google Logo is Displayed]
################################################################################################################################################
[ReportManager] Target URL: [https://www.google.com/ncr], and after redirection: [https://www.google.com] @26-10-2021 19:07:23.0593 PM
[ReportManager] Initial URL: [data:,] @26-10-2021 19:07:23.0656 PM
[ReportManager] Browser Action [NavigateToURL] successfully performed. With the following test data [https://www.google.com/ncr]. @26-10-2021 19:07:24.0456 PM
[ReportManager] Loaded Shared OpenCV @26-10-2021 19:07:24.0828 PM
[ReportManager] Assertion [ValidateElementExists] PASSED. Expected [Element Should Exist, locator 'By.xpath: //*[@id='hplogo' or @alt='Google']'] and Actual [Element Exists]. Comparison Type [EQUALS]. Validation Type [POSITIVE]. @26-10-2021 19:07:25.0031 PM
[ReportManager] Successfully created attachment [Screenshot - 1635275244828_navigateToURLandVerifyGoogleLogoIsDisplayed_ValidateElementExists_passed] @26-10-2021 19:07:25.0032 P

################################################################################################################################################
Starting Execution:	[118 out of 143] test cases in the current suite
Test Method:		[testPackage01.Test_google.searchForQueryandAssertResultsNumDisplayed]
Test Description:	[TC002 - Search for Query and Assert that the number of results is displayed]
################################################################################################################################################
[ReportManager] Element Action [Type] successfully performed. With the following test data [SHAFT_Engine]. @26-10-2021 19:07:25.0510 PM
[ReportManager] Element Action [KeyPress] successfully performed. With the following test data [Enter]. @26-10-2021 19:07:27.0056 PM
[ReportManager] Element Action [GetText] successfully performed. With the following test data [About 964,000 results (0.66 seconds) ]. @26-10-2021 19:07:27.0167 PM
[ReportManager] Loaded Shared OpenCV @26-10-2021 19:07:27.0464 PM
[ReportManager] Assertion [ValidateElementAttribute] PASSED. Expected [Value Should not be '' for the 'Text' attribute, element locator 'By.id: appbar'] and Actual [About 964,000 results (0.66 seconds) ]. Comparison Type [EQUALS]. Validation Type [NEGATIVE]. @26-10-2021 19:07:27.0705 PM
[ReportManager] Successfully created attachment [Screenshot - 1635275247464_searchForQueryandAssertResultsNumDisplayed_ValidateElementAttribute_passed] @26-10-2021 19:07:27.0708 P

################################################################################################################################################
Starting Execution:	[119 out of 143] test cases in the current suite
Test Method:		[testPackage01.Test_google.clickNextThrice]
Test Description:	[TC003 - Clicks the next button to make sure that the framework can scroll element into view before clicking it]
################################################################################################################################################
[ReportManager] Element Action [Click] successfully performed. With the following test data [Next]. @26-10-2021 19:07:29.0642 P
[ReportManager] Browser Action [CloseCurrentWindow] successfully performed. @26-10-2021 19:07:29.0841 PM
[ReportManager] Successfully created attachment [Browser Action Test Data - CloseCurrentWindow - Actual Value] @26-10-2021 19:07:29.0842 P
[ReportManager] File Action [GetAbsolutePath] successfully performed. With the following test data [Relative Folder Path: "target/downloadedFiles/"]. @26-10-2021 19:07:29.0858 PM
[ReportManager] Attempting to run remotely on: [Linux-64], [GoogleChrome], [http://localhost:4444/wd/hub], Headless Execution. @26-10-2021 19:07:29.0858 PM
[ReportManager] Successfully Opened [GoogleChrome]. @26-10-2021 19:07:33.0589 P

################################################################################################################################################
Starting Execution:	[120 out of 143] test cases in the current suite
Test Method:		[testPackage01.Test_ShadowDOM.shadowdom]
################################################################################################################################################
[ReportManager] Target URL: [https://mdn.github.io/web-components-examples/popup-info-box-web-component/] @26-10-2021 19:07:33.0599 PM
[ReportManager] Initial URL: [data:,] @26-10-2021 19:07:33.0696 PM
[ReportManager] Browser Action [NavigateToURL] successfully performed. With the following test data [https://mdn.github.io/web-components-examples/popup-info-box-web-component/]. @26-10-2021 19:07:34.0244 PM
[ReportManager] Element Action [Type] successfully performed. With the following test data [Typing into SHADOW DOM...]. @26-10-2021 19:07:34.0656 PM
[ReportManager] Element Action [GetText] successfully performed. With the following test data [Typing into SHADOW DOM...]. @26-10-2021 19:07:34.0821 PM
[ReportManager] Loaded Shared OpenCV @26-10-2021 19:07:35.0117 PM
[ReportManager] Assertion [ValidateElementAttribute] PASSED. Expected [Value Should be 'Typing into SHADOW DOM...' for the 'Text' attribute, element locator 'By.id: cvc'] and Actual [Typing into SHADOW DOM...]. Comparison Type [EQUALS]. Validation Type [POSITIVE]. @26-10-2021 19:07:35.0320 PM
[ReportManager] Successfully created attachment [Screenshot - 1635275255116_shadowdom_ValidateElementAttribute_passed] @26-10-2021 19:07:35.0321 P
[ReportManager] Browser Action [CloseCurrentWindow] successfully performed. @26-10-2021 19:07:35.0432 PM
[ReportManager] Successfully created attachment [Browser Action Test Data - CloseCurrentWindow - Actual Value] @26-10-2021 19:07:35.0432 P

################################################################################################################################################
Starting Execution:	[121 out of 143] test cases in the current suite
Test Method:		[testPackage01.Test_AssertApiResponseEquals.assertApiResponseEquals_expectedToPass]
################################################################################################################################################
[ReportManager] Response status code: [200], status line: [HTTP/1.1 200 OK] @26-10-2021 19:07:35.0515 PM
[ReportManager] Assertion Passed: Evaluating the actual response status code against the expected one... @26-10-2021 19:07:35.0515 PM
[ReportManager] Assertion [ValidateEquals] PASSED. Expected [200] and Actual [200]. Comparison Type [EQUALS]. Validation Type [POSITIVE]. @26-10-2021 19:07:35.0515 PM
[ReportManager] API Action [PerformRequest] successfully performed. With the following test data [Request Type: "GET" | Target Status Code: "200" | Service URL: "https://jsonplaceholder.typicode.com/users" | Content Type: "*/*" | Response Time: "73ms"]. @26-10-2021 19:07:35.0532 PM
[ReportManager] Successfully created attachment [API Request - Specifications] @26-10-2021 19:07:35.0533 PM
[ReportManager] Successfully created attachment [API Response - JSON Body] @26-10-2021 19:07:35.0533 PM
[ReportManager] API Action [GetResponseJSONValueAsList] successfully performed. With the following test data [$]. @26-10-2021 19:07:35.0538 PM
[ReportManager] API Action [GetResponseJSONValue] successfully performed. With the following test data [name]. @26-10-2021 19:07:35.0547 PM
[ReportManager] API Action [GetResponseJSONValue] successfully performed. With the following test data [email]. @26-10-2021 19:07:35.0556 PM
[ReportManager] Verification [ValidateEquals] PASSED. Expected [Sincere@april.biz] and Actual [Sincere@april.biz]. Comparison Type [EQUALS]. Validation Type [POSITIVE]. @26-10-2021 19:07:35.0556 PM
[ReportManager] API Action [GetResponseJSONValue] successfully performed. With the following test data [username]. @26-10-2021 19:07:35.0565 PM
[ReportManager] Assertion [ValidateEquals] PASSED. Expected [Bret] and Actual [Bret]. Comparison Type [EQUALS]. Validation Type [POSITIVE]. @26-10-2021 19:07:35.0565 PM
[ReportManager] API Action [GetResponseJSONValue] successfully performed. With the following test data [name]. @26-10-2021 19:07:35.0593 PM
[ReportManager] API Action [GetResponseJSONValue] successfully performed. With the following test data [name]. @26-10-2021 19:07:35.0605 PM
[ReportManager] API Action [GetResponseJSONValue] successfully performed. With the following test data [name]. @26-10-2021 19:07:35.0613 PM
[ReportManager] API Action [GetResponseJSONValue] successfully performed. With the following test data [name]. @26-10-2021 19:07:35.0622 PM
[ReportManager] API Action [GetResponseJSONValue] successfully performed. With the following test data [name]. @26-10-2021 19:07:35.0630 PM
[ReportManager] API Action [GetResponseJSONValue] successfully performed. With the following test data [name]. @26-10-2021 19:07:35.0659 PM
[ReportManager] API Action [GetResponseJSONValue] successfully performed. With the following test data [name]. @26-10-2021 19:07:35.0668 PM
[ReportManager] API Action [GetResponseJSONValue] successfully performed. With the following test data [name]. @26-10-2021 19:07:35.0677 PM
[ReportManager] API Action [GetResponseJSONValue] successfully performed. With the following test data [name]. @26-10-2021 19:07:35.0686 P
[ReportManager] File Action [GetAbsolutePath] successfully performed. With the following test data [Relative Folder Path: "target/downloadedFiles/"]. @26-10-2021 19:07:35.0695 PM
[ReportManager] Attempting to run remotely on: [Linux-64], [GoogleChrome], [http://localhost:4444/wd/hub], Headless Execution. @26-10-2021 19:07:35.0696 PM
[ReportManager] Successfully Opened [GoogleChrome]. @26-10-2021 19:07:38.0582 P

################################################################################################################################################
Starting Execution:	[122 out of 143] test cases in the current suite
Test Method:		[testPackage01.Test_IsElementClickable.testIsElementClickable]
################################################################################################################################################
[ReportManager] Target URL: [https://the-internet.herokuapp.com/] @26-10-2021 19:07:38.0584 PM
[ReportManager] Initial URL: [data:,] @26-10-2021 19:07:38.0678 PM
[ReportManager] Browser Action [NavigateToURL] successfully performed. With the following test data [https://the-internet.herokuapp.com/]. @26-10-2021 19:07:39.0807 PM
[ReportManager] Element Action [IsElementClickable] successfully performed. @26-10-2021 19:07:39.0977 PM
[ReportManager] Assertion [ValidateTrue] PASSED. Expected [TRUE] and Actual [TRUE]. Validation Type [POSITIVE]. @26-10-2021 19:07:39.0978 P
[ReportManager] Browser Action [CloseCurrentWindow] successfully performed. @26-10-2021 19:07:40.0123 PM
[ReportManager] Successfully created attachment [Browser Action Test Data - CloseCurrentWindow - Actual Value] @26-10-2021 19:07:40.0124 P

################################################################################################################################################
Starting Execution:	[123 out of 143] test cases in the current suite
Test Method:		[testPackage01.Test_JsonCompareWithSpecialCharacters.specialCharacters]
################################################################################################################################################
[ReportManager] File Action [GetAbsolutePath] successfully performed. With the following test data [Relative Folder Path: "src/test/resources/TestJsonFiles/specialCharacters.json"]. @26-10-2021 19:07:40.0129 PM
[ReportManager] File Action [ReadFromFile] successfully performed. With the following test data [File Path: "/home/runner/work/SHAFT_ENGINE/SHAFT_ENGINE/src/test/resources/TestJsonFiles/specialCharacters.json"]. @26-10-2021 19:07:40.0138 PM
[ReportManager] Successfully created attachment [File Action Actual Result - Command Log] @26-10-2021 19:07:40.0138 PM
[ReportManager] Comparing the provided API response with the file at this path "src/test/resources/TestJsonFiles/specialCharacters.json", comparison type "EQUALS" @26-10-2021 19:07:40.0139 PM
[ReportManager] API Action [CompareJSON] successfully performed. With the following test data [src/test/resources/TestJsonFiles/specialCharacters.json]. @26-10-2021 19:07:40.0146 PM
[ReportManager] File Action [GetAbsolutePath] successfully performed. With the following test data [Relative Folder Path: "src/test/resources/TestJsonFiles/specialCharacters.json"]. @26-10-2021 19:07:40.0146 PM
[ReportManager] File Action [ReadFromFile] successfully performed. With the following test data [File Path: "/home/runner/work/SHAFT_ENGINE/SHAFT_ENGINE/src/test/resources/TestJsonFiles/specialCharacters.json"]. @26-10-2021 19:07:40.0146 PM
[ReportManager] Verification [ValidateJSONFileContent] PASSED. Expected [Response data should match the JSON File in this path 'src/test/resources/TestJsonFiles/specialCharacters.json'] and Actual [TRUE]. Comparison Type [EQUALS]. Validation Type [POSITIVE]. @26-10-2021 19:07:40.0151 PM
[ReportManager] Successfully created attachment [Validation Test Data - Expected JSON Value] @26-10-2021 19:07:40.0152 PM
[ReportManager] Successfully created attachment [Validation Test Data - Actual JSON Value] @26-10-2021 19:07:40.0153 P

################################################################################################################################################
Starting Execution:	[124 out of 143] test cases in the current suite
Test Method:		[testPackage01.Test_JsonCompareWithSpecialCharacters.specialCharacters_assertion]
################################################################################################################################################
[ReportManager] File Action [GetAbsolutePath] successfully performed. With the following test data [Relative Folder Path: "src/test/resources/TestJsonFiles/specialCharacters.json"]. @26-10-2021 19:07:40.0157 PM
[ReportManager] File Action [ReadFromFile] successfully performed. With the following test data [File Path: "/home/runner/work/SHAFT_ENGINE/SHAFT_ENGINE/src/test/resources/TestJsonFiles/specialCharacters.json"]. @26-10-2021 19:07:40.0157 PM
[ReportManager] Successfully created attachment [File Action Actual Result - Command Log] @26-10-2021 19:07:40.0157 PM
[ReportManager] Comparing the provided API response with the file at this path "src/test/resources/TestJsonFiles/specialCharacters.json", comparison type "CONTAINS" @26-10-2021 19:07:40.0157 PM
[ReportManager] API Action [CompareJSON] successfully performed. With the following test data [src/test/resources/TestJsonFiles/specialCharacters.json]. @26-10-2021 19:07:40.0186 PM
[ReportManager] File Action [GetAbsolutePath] successfully performed. With the following test data [Relative Folder Path: "src/test/resources/TestJsonFiles/specialCharacters.json"]. @26-10-2021 19:07:40.0186 PM
[ReportManager] File Action [ReadFromFile] successfully performed. With the following test data [File Path: "/home/runner/work/SHAFT_ENGINE/SHAFT_ENGINE/src/test/resources/TestJsonFiles/specialCharacters.json"]. @26-10-2021 19:07:40.0187 PM
[ReportManager] Assertion Passed: trying out the log message @26-10-2021 19:07:40.0193 PM
[ReportManager] Successfully created attachment [Validation Test Data - Expected JSON Value] @26-10-2021 19:07:40.0194 PM
[ReportManager] Successfully created attachment [Validation Test Data - Actual JSON Value] @26-10-2021 19:07:40.0194 PM
[ReportManager] Assertion [ValidateJSONFileContent] PASSED. Expected [Response data should match the JSON File in this path 'src/test/resources/TestJsonFiles/specialCharacters.json'] and Actual [TRUE]. Comparison Type [CONTAINS]. Validation Type [POSITIVE]. @26-10-2021 19:07:40.0194 P
[ReportManager] File Action [GetAbsolutePath] successfully performed. With the following test data [Relative Folder Path: "target/downloadedFiles/"]. @26-10-2021 19:07:40.0201 PM
[ReportManager] Attempting to run remotely on: [Linux-64], [GoogleChrome], [http://localhost:4444/wd/hub], Headless Execution. @26-10-2021 19:07:40.0201 PM
[ReportManager] Successfully Opened [GoogleChrome]. @26-10-2021 19:07:43.0561 P

################################################################################################################################################
Starting Execution:	[125 out of 143] test cases in the current suite
Test Method:		[testPackage01.Test_assertEquals.test_assertElementAttribute]
################################################################################################################################################
[ReportManager] Target URL: [https://www.google.com/ncr], and after redirection: [https://www.google.com] @26-10-2021 19:07:43.0563 PM
[ReportManager] Initial URL: [data:,] @26-10-2021 19:07:43.0610 PM
[ReportManager] Browser Action [NavigateToURL] successfully performed. With the following test data [https://www.google.com/ncr]. @26-10-2021 19:07:44.0591 PM
[ReportManager] Element Action [Type] successfully performed. With the following test data [INC_004010050:Another SCHEDULER with the same name [Duplicate Job Name] already exists.]. @26-10-2021 19:07:45.0507 PM
[ReportManager] Element Action [GetText] successfully performed. With the following test data [INC_004010050:Another SCHEDULER with the same name [Duplicate Job Name] already exists.]. @26-10-2021 19:07:45.0720 PM
[ReportManager] Loaded Shared OpenCV @26-10-2021 19:07:45.0980 PM
[ReportManager] Assertion [ValidateElementAttribute] PASSED. Expected [Value Should be 'INC_004010050:Another SCHEDULER with the same name \[Duplicate Job Name\] already exists.' for the 'text' attribute, element locator 'By.name: q'] and Actual [INC_004010050:Another SCHEDULER with the same name [Duplicate Job Name] already exists.]. Comparison Type [MATCHES]. Validation Type [POSITIVE]. @26-10-2021 19:07:46.0180 PM
[ReportManager] Successfully created attachment [Screenshot - 1635275265980_test_assertElementAttribute_ValidateElementAttribute_passed] @26-10-2021 19:07:46.0181 P
[ReportManager] Browser Action [CloseCurrentWindow] successfully performed. @26-10-2021 19:07:46.0334 PM
[ReportManager] Successfully created attachment [Browser Action Test Data - CloseCurrentWindow - Actual Value] @26-10-2021 19:07:46.0335 P
[ReportManager] File Action [GetAbsolutePath] successfully performed. With the following test data [Relative Folder Path: "target/downloadedFiles/"]. @26-10-2021 19:07:46.0336 PM
[ReportManager] Attempting to run remotely on: [Linux-64], [GoogleChrome], [http://localhost:4444/wd/hub], Headless Execution. @26-10-2021 19:07:46.0337 PM
[ReportManager] Successfully Opened [GoogleChrome]. @26-10-2021 19:07:48.0577 P

################################################################################################################################################
Starting Execution:	[126 out of 143] test cases in the current suite
Test Method:		[testPackage01.Test_verifyEquals.test_assertElementAttribute]
################################################################################################################################################
[ReportManager] Target URL: [https://www.google.com/ncr], and after redirection: [https://www.google.com] @26-10-2021 19:07:48.0580 PM
[ReportManager] Initial URL: [data:,] @26-10-2021 19:07:48.0645 PM
[ReportManager] Browser Action [NavigateToURL] successfully performed. With the following test data [https://www.google.com/ncr]. @26-10-2021 19:07:49.0446 PM
[ReportManager] Element Action [Type] successfully performed. With the following test data [INC_004010050:Another SCHEDULER with the same name [Duplicate Job Name] already exists.]. @26-10-2021 19:07:50.0470 PM
[ReportManager] Element Action [GetText] successfully performed. With the following test data [INC_004010050:Another SCHEDULER with the same name [Duplicate Job Name] already exists.]. @26-10-2021 19:07:50.0676 PM
[ReportManager] Loaded Shared OpenCV @26-10-2021 19:07:50.0947 PM
[ReportManager] Verification [ValidateElementAttribute] PASSED. Expected [Value Should be 'INC_004010050:Another SCHEDULER with the same name \[Duplicate Job Name\] already exists.' for the 'text' attribute, element locator 'By.name: q'] and Actual [INC_004010050:Another SCHEDULER with the same name [Duplicate Job Name] already exists.]. Comparison Type [MATCHES]. Validation Type [POSITIVE]. @26-10-2021 19:07:51.0169 PM
[ReportManager] Successfully created attachment [Screenshot - 1635275270947_test_assertElementAttribute_ValidateElementAttribute_passed] @26-10-2021 19:07:51.0170 P
[ReportManager] Browser Action [CloseCurrentWindow] successfully performed. @26-10-2021 19:07:51.0354 PM
[ReportManager] Successfully created attachment [Browser Action Test Data - CloseCurrentWindow - Actual Value] @26-10-2021 19:07:51.0355 P

################################################################################################################################################
Starting Execution:	[127 out of 143] test cases in the current suite
Test Method:		[testPackage01.Test_JsonActions.f]
###############################################################################################################################################

################################################################################################################################################
Starting Execution:	[128 out of 143] test cases in the current suite
Test Method:		[testPackage01.Test_JsonActions.f2]
###############################################################################################################################################

################################################################################################################################################
Starting Execution:	[129 out of 143] test cases in the current suite
Test Method:		[testPackage01.Test_PDF.testPDF_Downloaded]
################################################################################################################################################
[ReportManager] File Action [DoesFileExist] successfully performed. With the following test data [File Path: "src/test/resources/TestDataFiles/sample.pdf"]. @26-10-2021 19:07:51.0381 PM
[ReportManager] File Action [GetAbsolutePath] successfully performed. With the following test data [Relative File Path: "src/test/resources/TestDataFiles/sample.pdf"]. @26-10-2021 19:07:51.0381 PM
[ReportManager] Assertion [ValidateTrue] PASSED. Expected [TRUE] and Actual [TRUE]. Validation Type [POSITIVE]. @26-10-2021 19:07:52.0012 P
[ReportManager] File Action [GetAbsolutePath] successfully performed. With the following test data [Relative Folder Path: "target/downloadedFiles/"]. @26-10-2021 19:07:52.0015 PM
[ReportManager] Attempting to run remotely on: [Linux-64], [GoogleChrome], [http://localhost:4444/wd/hub], Headless Execution. @26-10-2021 19:07:52.0015 PM
[ReportManager] Successfully Opened [GoogleChrome]. @26-10-2021 19:07:53.0569 P

################################################################################################################################################
Starting Execution:	[130 out of 143] test cases in the current suite
Test Method:		[testPackage01.Test_dragAndDrop.dragAndDropJquery]
################################################################################################################################################
[ReportManager] Target URL: [https://jqueryui.com/resources/demos/droppable/default.html] @26-10-2021 19:07:53.0575 PM
[ReportManager] Initial URL: [data:,] @26-10-2021 19:07:53.0626 PM
[ReportManager] Browser Action [NavigateToURL] successfully performed. With the following test data [https://jqueryui.com/resources/demos/droppable/default.html]. @26-10-2021 19:07:54.0208 PM
[ReportManager] Element Action [GetText] successfully performed. With the following test data [Drop here]. @26-10-2021 19:07:54.0354 PM
[ReportManager] Element Action [DragAndDrop] successfully performed. With the following test data [Start point: (8, 18), End point: (8, 18)]. @26-10-2021 19:07:55.0891 PM
[ReportManager] Element Action [GetText] successfully performed. With the following test data [Dropped!]. @26-10-2021 19:07:55.0988 PM
[ReportManager] Assertion Passed: Checking to see if the text has changed after performing drag and drop @26-10-2021 19:07:55.0995 PM
[ReportManager] Assertion [ValidateEquals] PASSED. Expected [Drop here] and Actual [Dropped!]. Comparison Type [EQUALS]. Validation Type [NEGATIVE]. @26-10-2021 19:07:55.0995 P
[ReportManager] Browser Action [CloseCurrentWindow] successfully performed. @26-10-2021 19:07:56.0142 PM
[ReportManager] Successfully created attachment [Browser Action Test Data - CloseCurrentWindow - Actual Value] @26-10-2021 19:07:56.0142 P
[ReportManager] File Action [GetAbsolutePath] successfully performed. With the following test data [Relative Folder Path: "target/downloadedFiles/"]. @26-10-2021 19:07:56.0145 PM
[ReportManager] Attempting to run remotely on: [Linux-64], [GoogleChrome], [http://localhost:4444/wd/hub], Headless Execution. @26-10-2021 19:07:56.0145 PM
[ReportManager] Successfully Opened [GoogleChrome]. @26-10-2021 19:07:58.0557 P

################################################################################################################################################
Starting Execution:	[131 out of 143] test cases in the current suite
Test Method:		[testPackage01.Test_dragAndDrop.dragAndDrop]
Test Description:	[TC001 - Test Drag and Drop function.]
################################################################################################################################################
[ReportManager] Target URL: [http://the-internet.herokuapp.com/drag_and_drop] @26-10-2021 19:07:58.0566 PM
[ReportManager] Initial URL: [data:,] @26-10-2021 19:07:58.0640 PM
[ReportManager] Browser Action [NavigateToURL] successfully performed. With the following test data [http://the-internet.herokuapp.com/drag_and_drop]. @26-10-2021 19:07:59.0588 PM
[ReportManager] Attempting Drag and Drop @26-10-2021 19:07:59.0588 PM
[ReportManager] Element Action [DragAndDrop] successfully performed. With the following test data [Start point: (492, 89), End point: (707, 89)]. @26-10-2021 19:08:00.0909 P
[ReportManager] Browser Action [CloseCurrentWindow] successfully performed. @26-10-2021 19:08:01.0031 PM
[ReportManager] Successfully created attachment [Browser Action Test Data - CloseCurrentWindow - Actual Value] @26-10-2021 19:08:01.0031 P
[ReportManager] File Action [GetAbsolutePath] successfully performed. With the following test data [Relative Folder Path: "target/downloadedFiles/"]. @26-10-2021 19:08:01.0034 PM
[ReportManager] Attempting to run remotely on: [Linux-64], [GoogleChrome], [http://localhost:4444/wd/hub], Headless Execution. @26-10-2021 19:08:01.0034 PM
[ReportManager] Successfully Opened [GoogleChrome]. @26-10-2021 19:08:03.0578 P

################################################################################################################################################
Starting Execution:	[132 out of 143] test cases in the current suite
Test Method:		[testPackage01.Test_dragAndDrop.dragAndDropByOffset]
Test Description:	[TC002 - Test Drag and Drop by offset function.]
################################################################################################################################################
[ReportManager] Target URL: [https://jqueryui.com/resources/demos/draggable/default.html] @26-10-2021 19:08:03.0596 PM
[ReportManager] Initial URL: [data:,] @26-10-2021 19:08:03.0672 PM
[ReportManager] Browser Action [NavigateToURL] successfully performed. With the following test data [https://jqueryui.com/resources/demos/draggable/default.html]. @26-10-2021 19:08:04.0213 PM
[ReportManager] Element Action [DragAndDropByOffset] successfully performed. With the following test data [Start point: (8, 8), End point: (108, 58)]. @26-10-2021 19:08:04.0768 P
[ReportManager] Browser Action [CloseCurrentWindow] successfully performed. @26-10-2021 19:08:04.0892 PM
[ReportManager] Successfully created attachment [Browser Action Test Data - CloseCurrentWindow - Actual Value] @26-10-2021 19:08:04.0892 P
[ReportManager] File Action [GetAbsolutePath] successfully performed. With the following test data [Relative Folder Path: "target/downloadedFiles/"]. @26-10-2021 19:08:04.0894 PM
[ReportManager] Attempting to run remotely on: [Linux-64], [GoogleChrome], [http://localhost:4444/wd/hub], Headless Execution. @26-10-2021 19:08:04.0894 PM
[ReportManager] Successfully Opened [GoogleChrome]. @26-10-2021 19:08:08.0584 P

################################################################################################################################################
Starting Execution:	[133 out of 143] test cases in the current suite
Test Method:		[testPackage01.Test_clipboardActions.typeTextAndCopyPaste]
################################################################################################################################################
[ReportManager] Target URL: [https://www.google.com/ncr], and after redirection: [https://www.google.com] @26-10-2021 19:08:08.0586 PM
[ReportManager] Initial URL: [data:,] @26-10-2021 19:08:08.0649 PM
[ReportManager] Browser Action [NavigateToURL] successfully performed. With the following test data [https://www.google.com/ncr]. @26-10-2021 19:08:09.0622 PM
[ReportManager] Element Action [Type] successfully performed. With the following test data [FIRST]. @26-10-2021 19:08:10.0069 PM
[ReportManager] Element Action [ClipboardActions] successfully performed. With the following test data [select all]. @26-10-2021 19:08:10.0164 PM
[ReportManager] Element Action [ClipboardActions] successfully performed. With the following test data [copy]. @26-10-2021 19:08:10.0294 PM
[ReportManager] Element Action [ClipboardActions] successfully performed. With the following test data [unselect]. @26-10-2021 19:08:10.0379 PM
[ReportManager] Element Action [ClipboardActions] successfully performed. With the following test data [paste]. @26-10-2021 19:08:10.0559 PM
[ReportManager] Element Action [ClipboardActions] successfully performed. With the following test data [select all]. @26-10-2021 19:08:10.0642 PM
[ReportManager] Element Action [Type] successfully performed. @26-10-2021 19:08:11.0062 PM
[ReportManager] Element Action [ClipboardActions] successfully performed. With the following test data [cut]. @26-10-2021 19:08:11.0062 PM
[ReportManager] Element Action [ClipboardActions] successfully performed. With the following test data [paste]. @26-10-2021 19:08:11.0150 PM
[ReportManager] Element Action [ClipboardActions] successfully performed. With the following test data [paste]. @26-10-2021 19:08:11.0210 P
[ReportManager] Browser Action [CloseCurrentWindow] successfully performed. @26-10-2021 19:08:11.0363 PM
[ReportManager] Successfully created attachment [Browser Action Test Data - CloseCurrentWindow - Actual Value] @26-10-2021 19:08:11.0364 P
[ReportManager] File Action [GetAbsolutePath] successfully performed. With the following test data [Relative Folder Path: "target/downloadedFiles/"]. @26-10-2021 19:08:11.0370 PM
[ReportManager] Attempting to run remotely on: [Linux-64], [GoogleChrome], [http://localhost:4444/wd/hub], Headless Execution. @26-10-2021 19:08:11.0370 PM
[ReportManager] Successfully Opened [GoogleChrome]. @26-10-2021 19:08:13.0570 P

################################################################################################################################################
Starting Execution:	[134 out of 143] test cases in the current suite
Test Method:		[testPackage01.Test_dynamicLoading.dynamicLoading_elementIsHidden]
################################################################################################################################################
[ReportManager] Target URL: [https://the-internet.herokuapp.com/dynamic_loading/1] @26-10-2021 19:08:13.0578 PM
[ReportManager] Initial URL: [data:,] @26-10-2021 19:08:13.0620 PM
[ReportManager] Browser Action [NavigateToURL] successfully performed. With the following test data [https://the-internet.herokuapp.com/dynamic_loading/1]. @26-10-2021 19:08:14.0832 PM
[ReportManager] Element Action [Click] successfully performed. With the following test data [Start]. @26-10-2021 19:08:15.0385 PM
[ReportManager] Element Action [GetText] successfully performed. With the following test data [
    Hello World!
  ]. @26-10-2021 19:08:15.0509 PM
[ReportManager] Loaded Shared OpenCV @26-10-2021 19:08:15.0818 PM
[ReportManager] Assertion [ValidateElementAttribute] PASSED. Expected [Value Should be 'Hello World!' for the 'text' attribute, element locator 'By.id: finish'] and Actual [
    Hello World!
  ]. Comparison Type [CONTAINS]. Validation Type [POSITIVE]. @26-10-2021 19:08:16.0052 PM
[ReportManager] Successfully created attachment [Screenshot - 1635275295818_dynamicLoading_elementIsHidden_ValidateElementAttribute_passed] @26-10-2021 19:08:16.0052 P
[ReportManager] Browser Action [CloseCurrentWindow] successfully performed. @26-10-2021 19:08:16.0183 PM
[ReportManager] Successfully created attachment [Browser Action Test Data - CloseCurrentWindow - Actual Value] @26-10-2021 19:08:16.0184 P
[ReportManager] File Action [GetAbsolutePath] successfully performed. With the following test data [Relative Folder Path: "target/downloadedFiles/"]. @26-10-2021 19:08:16.0187 PM
[ReportManager] Attempting to run remotely on: [Linux-64], [GoogleChrome], [http://localhost:4444/wd/hub], Headless Execution. @26-10-2021 19:08:16.0187 PM
[ReportManager] Successfully Opened [GoogleChrome]. @26-10-2021 19:08:18.0572 P

################################################################################################################################################
Starting Execution:	[135 out of 143] test cases in the current suite
Test Method:		[testPackage01.Test_dynamicLoading.dynamicLoading_elementIsRendered]
################################################################################################################################################
[ReportManager] Target URL: [https://the-internet.herokuapp.com/dynamic_loading/2] @26-10-2021 19:08:18.0574 PM
[ReportManager] Initial URL: [data:,] @26-10-2021 19:08:18.0644 PM
[ReportManager] Browser Action [NavigateToURL] successfully performed. With the following test data [https://the-internet.herokuapp.com/dynamic_loading/2]. @26-10-2021 19:08:19.0717 PM
[ReportManager] Element Action [Click] successfully performed. With the following test data [Start]. @26-10-2021 19:08:20.0269 PM
[ReportManager] Element Action [GetText] successfully performed. With the following test data [Hello World!]. @26-10-2021 19:08:25.0446 PM
[ReportManager] Loaded Shared OpenCV @26-10-2021 19:08:25.0759 PM
[ReportManager] Assertion [ValidateElementAttribute] PASSED. Expected [Value Should be 'Hello World!' for the 'text' attribute, element locator 'By.id: finish'] and Actual [Hello World!]. Comparison Type [CONTAINS]. Validation Type [POSITIVE]. @26-10-2021 19:08:25.0976 PM
[ReportManager] Successfully created attachment [Screenshot - 1635275305759_dynamicLoading_elementIsRendered_ValidateElementAttribute_passed] @26-10-2021 19:08:25.0977 P
[ReportManager] Browser Action [CloseCurrentWindow] successfully performed. @26-10-2021 19:08:26.0119 PM
[ReportManager] Successfully created attachment [Browser Action Test Data - CloseCurrentWindow - Actual Value] @26-10-2021 19:08:26.0120 P
[ReportManager] File Action [GetAbsolutePath] successfully performed. With the following test data [Relative Folder Path: "target/downloadedFiles/"]. @26-10-2021 19:08:26.0122 PM
[ReportManager] Attempting to run remotely on: [Linux-64], [GoogleChrome], [http://localhost:4444/wd/hub], Headless Execution. @26-10-2021 19:08:26.0122 PM
[ReportManager] Successfully Opened [GoogleChrome]. @26-10-2021 19:08:28.0578 P

################################################################################################################################################
Starting Execution:	[136 out of 143] test cases in the current suite
Test Method:		[testPackage01.Test_uploadFile.uploadFile_invisibleUploadInput]
################################################################################################################################################
[ReportManager] Target URL: [https://fineuploader.com/demos.html#gallery-view] @26-10-2021 19:08:28.0588 PM
[ReportManager] Initial URL: [data:,] @26-10-2021 19:08:28.0643 PM
[ReportManager] Browser Action [NavigateToURL] successfully performed. With the following test data [https://fineuploader.com/demos.html#gallery-view]. @26-10-2021 19:08:30.0826 PM
[ReportManager] File Action [GetAbsolutePath] successfully performed. With the following test data [Relative File Path: "src/main/resources/images/shaft.png"]. @26-10-2021 19:08:30.0827 PM
[ReportManager] Successfully created attachment [File Action Actual Result - Command Log] @26-10-2021 19:08:30.0827 PM
[ReportManager] Element Action [TypeFileLocationForUpload] successfully performed. With the following test data [/home/runner/work/SHAFT_ENGINE/SHAFT_ENGINE/src/main/resources/images/shaft.png]. @26-10-2021 19:08:31.0045 PM
[ReportManager] Attempting to getAttribute [src] from elementLocator [By.xpath: //div[@id='fine-uploader-gallery']//div[@class='qq-thumbnail-wrapper']/img]. @26-10-2021 19:08:31.0046 PM
[ReportManager] Element Action [GetAttribute] successfully performed. @26-10-2021 19:08:31.0186 PM
[ReportManager] Successfully created attachment [Element Action Test Data - GetAttribute - Actual Value] @26-10-2021 19:08:31.0187 PM
[ReportManager] Loaded Shared OpenCV @26-10-2021 19:08:31.0500 PM
[ReportManager] Assertion [ValidateElementAttribute] PASSED. Expected and Actual values are attached. Comparison Type [CONTAINS]. Validation Type [POSITIVE]. @26-10-2021 19:08:31.0742 PM
[ReportManager] Successfully created attachment [Validation Test Data - Expected Value] @26-10-2021 19:08:31.0743 PM
[ReportManager] Successfully created attachment [Validation Test Data - Actual Value] @26-10-2021 19:08:31.0743 PM
[ReportManager] Successfully created attachment [Screenshot - 1635275311500_uploadFile_invisibleUploadInput_ValidateElementAttribute_passed] @26-10-2021 19:08:31.0745 P
[ReportManager] Browser Action [CloseCurrentWindow] successfully performed. @26-10-2021 19:08:31.0881 PM
[ReportManager] Successfully created attachment [Browser Action Test Data - CloseCurrentWindow - Actual Value] @26-10-2021 19:08:31.0881 P
[ReportManager] File Action [GetAbsolutePath] successfully performed. With the following test data [Relative Folder Path: "target/downloadedFiles/"]. @26-10-2021 19:08:31.0884 PM
[ReportManager] Attempting to run remotely on: [Linux-64], [GoogleChrome], [http://localhost:4444/wd/hub], Headless Execution. @26-10-2021 19:08:31.0884 PM
[ReportManager] Successfully Opened [GoogleChrome]. @26-10-2021 19:08:33.0574 P

################################################################################################################################################
Starting Execution:	[137 out of 143] test cases in the current suite
Test Method:		[testPackage01.Test_uploadFile.uploadFile_visibleUploadInput]
################################################################################################################################################
[ReportManager] Target URL: [http://demo.guru99.com/test/upload/] @26-10-2021 19:08:33.0580 PM
[ReportManager] Initial URL: [data:,] @26-10-2021 19:08:33.0663 PM
[ReportManager] Browser Action [NavigateToURL] successfully performed. With the following test data [http://demo.guru99.com/test/upload/]. @26-10-2021 19:08:35.0175 PM
[ReportManager] File Action [GetAbsolutePath] successfully performed. With the following test data [Relative File Path: "src/main/resources/images/shaft.png"]. @26-10-2021 19:08:35.0176 PM
[ReportManager] Successfully created attachment [File Action Actual Result - Command Log] @26-10-2021 19:08:35.0176 PM
[ReportManager] Element Action [TypeFileLocationForUpload] successfully performed. With the following test data [/home/runner/work/SHAFT_ENGINE/SHAFT_ENGINE/src/main/resources/images/shaft.png]. @26-10-2021 19:08:35.0298 PM
[ReportManager] Element Action [Click] successfully performed. With the following test data [on]. @26-10-2021 19:08:35.0855 PM
[ReportManager] Element Action [Click] successfully performed. With the following test data [Submit File]. @26-10-2021 19:08:36.0392 PM
[ReportManager] Element Action [GetText] successfully performed. With the following test data [1 file
has been successfully uploaded.]. @26-10-2021 19:08:37.0057 PM
[ReportManager] Loaded Shared OpenCV @26-10-2021 19:08:37.0337 PM
[ReportManager] Assertion [ValidateElementAttribute] PASSED. Expected [Value Should be '1 file' for the 'Text' attribute, element locator 'By.id: res'] and Actual [1 file
has been successfully uploaded.]. Comparison Type [CONTAINS]. Validation Type [POSITIVE]. @26-10-2021 19:08:37.0540 PM
[ReportManager] Successfully created attachment [Screenshot - 1635275317337_uploadFile_visibleUploadInput_ValidateElementAttribute_passed] @26-10-2021 19:08:37.0541 P
[ReportManager] Browser Action [CloseCurrentWindow] successfully performed. @26-10-2021 19:08:37.0680 PM
[ReportManager] Successfully created attachment [Browser Action Test Data - CloseCurrentWindow - Actual Value] @26-10-2021 19:08:37.0681 P

################################################################################################################################################
Starting Execution:	[138 out of 143] test cases in the current suite
Test Method:		[testPackage01.Test_SelectedValue.multipleSelect]
################################################################################################################################################
[ReportManager] File Action [GetAbsolutePath] successfully performed. With the following test data [Relative Folder Path: "target/downloadedFiles/"]. @26-10-2021 19:08:37.0685 PM
[ReportManager] Attempting to run remotely on: [Linux-64], [GoogleChrome], [http://localhost:4444/wd/hub], Headless Execution. @26-10-2021 19:08:37.0685 PM
[ReportManager] Successfully Opened [GoogleChrome]. @26-10-2021 19:08:38.0582 PM
[ReportManager] Target URL: [https://yari-demos.prod.mdn.mozit.cloud/en-US/docs/Web/HTML/Element/select/_sample_.Advanced_select_with_multiple_features.html] @26-10-2021 19:08:38.0582 PM
[ReportManager] Initial URL: [data:,] @26-10-2021 19:08:38.0680 PM
[ReportManager] Browser Action [NavigateToURL] successfully performed. With the following test data [https://yari-demos.prod.mdn.mozit.cloud/en-US/docs/Web/HTML/Element/select/_sample_.Advanced_select_with_multiple_features.html]. @26-10-2021 19:08:39.0134 PM
[ReportManager] Element Action [Select] successfully performed. With the following test data [Dog]. @26-10-2021 19:08:39.0483 PM
[ReportManager] Element Action [Select] successfully performed. With the following test data [Cat]. @26-10-2021 19:08:39.0848 PM
[ReportManager] Element Action [GetSelectedText] successfully performed. With the following test data [DogCat]. @26-10-2021 19:08:40.0075 PM
[ReportManager] DogCat @26-10-2021 19:08:40.0075 PM
[ReportManager] Element Action [GetSelectedText] successfully performed. With the following test data [DogCat]. @26-10-2021 19:08:40.0254 PM
[ReportManager] Loaded Shared OpenCV @26-10-2021 19:08:40.0508 PM
[ReportManager] Assertion [ValidateElementAttribute] PASSED. Expected [Value Should be 'DogCat' for the 'selectedText' attribute, element locator 'By.tagName: select'] and Actual [DogCat]. Comparison Type [EQUALS]. Validation Type [POSITIVE]. @26-10-2021 19:08:40.0727 PM
[ReportManager] Successfully created attachment [Screenshot - 1635275320508_multipleSelect_ValidateElementAttribute_passed] @26-10-2021 19:08:40.0727 PM
[ReportManager] Browser Action [CloseCurrentWindow] successfully performed. @26-10-2021 19:08:40.0831 PM
[ReportManager] Successfully created attachment [Browser Action Test Data - CloseCurrentWindow - Actual Value] @26-10-2021 19:08:40.0832 P

################################################################################################################################################
Starting Execution:	[139 out of 143] test cases in the current suite
Test Method:		[testPackage01.Test_SelectedValue.simpleSelect]
################################################################################################################################################
[ReportManager] File Action [GetAbsolutePath] successfully performed. With the following test data [Relative Folder Path: "target/downloadedFiles/"]. @26-10-2021 19:08:40.0850 PM
[ReportManager] Attempting to run remotely on: [Linux-64], [GoogleChrome], [http://localhost:4444/wd/hub], Headless Execution. @26-10-2021 19:08:40.0850 PM
[ReportManager] Successfully Opened [GoogleChrome]. @26-10-2021 19:08:43.0578 PM
[ReportManager] Target URL: [https://yari-demos.prod.mdn.mozit.cloud/en-US/docs/Web/HTML/Element/select/_sample_.Basic_select.html] @26-10-2021 19:08:43.0580 PM
[ReportManager] Initial URL: [data:,] @26-10-2021 19:08:43.0650 PM
[ReportManager] Browser Action [NavigateToURL] successfully performed. With the following test data [https://yari-demos.prod.mdn.mozit.cloud/en-US/docs/Web/HTML/Element/select/_sample_.Basic_select.html]. @26-10-2021 19:08:43.0911 PM
[ReportManager] Element Action [Select] successfully performed. With the following test data [Third Value]. @26-10-2021 19:08:44.0389 PM
[ReportManager] Element Action [GetSelectedText] successfully performed. With the following test data [Third Value]. @26-10-2021 19:08:44.0536 PM
[ReportManager] Third Value @26-10-2021 19:08:44.0536 PM
[ReportManager] Element Action [GetSelectedText] successfully performed. With the following test data [Third Value]. @26-10-2021 19:08:44.0662 PM
[ReportManager] Loaded Shared OpenCV @26-10-2021 19:08:44.0925 PM
[ReportManager] Assertion [ValidateElementAttribute] PASSED. Expected [Value Should be 'Third Value' for the 'selectedText' attribute, element locator 'By.tagName: select'] and Actual [Third Value]. Comparison Type [EQUALS]. Validation Type [POSITIVE]. @26-10-2021 19:08:45.0128 PM
[ReportManager] Successfully created attachment [Screenshot - 1635275324925_simpleSelect_ValidateElementAttribute_passed] @26-10-2021 19:08:45.0129 PM
[ReportManager] Browser Action [CloseCurrentWindow] successfully performed. @26-10-2021 19:08:45.0241 PM
[ReportManager] Successfully created attachment [Browser Action Test Data - CloseCurrentWindow - Actual Value] @26-10-2021 19:08:45.0242 P

################################################################################################################################################
Starting Execution:	[140 out of 143] test cases in the current suite
Test Method:		[testPackage01.Test_JSONFileManager.readStringFromJson]
################################################################################################################################################
[ReportManager] Successfully loaded the following test data file [src/test/resources/TestDataFiles/simpleJSON.json]. @26-10-2021 19:08:45.0247 PM
[ReportManager] Successfully created attachment [Test Data - JSON] @26-10-2021 19:08:45.0249 PM
[ReportManager] Assertion [ValidateEquals] PASSED. Expected [Mohab Mohie] and Actual [Mohab Mohie]. Comparison Type [EQUALS]. Validation Type [POSITIVE]. @26-10-2021 19:08:45.0264 P
[ReportManager] Successfully loaded the following test data file [src/test/resources/TestDataFiles/testSuite01/TestData.xlsx]. @26-10-2021 19:08:45.0295 PM
[ReportManager] Successfully created attachment [Test Data - Excel] @26-10-2021 19:08:45.0295 PM
[ReportManager] Attempting to run using Playwright locally on: [Linux-64], [GoogleChrome], Headless Execution. @26-10-2021 19:09:01.0659 PM
[ReportManager] File Action [GetAbsolutePath] successfully performed. With the following test data [Relative Folder Path: "target/downloadedFiles/"]. @26-10-2021 19:09:01.0660 PM
[ReportManager] Initial window size: (1280, 720) @26-10-2021 19:09:02.0218 PM
[ReportManager] Window size after Toolkit: com.microsoft.playwright.options.ViewportSize@2080a1d4 @26-10-2021 19:09:02.0226 PM
[ReportManager] Browser Action [MaximizeWindow] successfully performed. With the following test data [New screen size is now: (1920, 1080)]. @26-10-2021 19:09:02.0227 P

################################################################################################################################################
Starting Execution:	[141 out of 143] test cases in the current suite
Test Method:		[testPackage01.Test_google_playwright.navigateToURLandVerifyGoogleLogoIsDisplayed]
Test Description:	[TC001 - Navigate to URL and Verify Google Logo is Displayed]
################################################################################################################################################
[ReportManager] Target URL: [https://www.google.com/ncr], and after redirection: [https://www.google.com] @26-10-2021 19:09:02.0241 PM
[ReportManager] Initial URL: [about:blank] @26-10-2021 19:09:02.0687 PM
[ReportManager] Browser Action [NavigateToURL] successfully performed. With the following test data [https://www.google.com/ncr]. @26-10-2021 19:09:05.0000 PM
[ReportManager] Loaded Shared OpenCV @26-10-2021 19:09:05.0270 PM
[ReportManager] Assertion [ValidateElementExists] PASSED. Expected [Element Should Exist, locator 'xpath=//*[@id='hplogo' or @alt='Google']'] and Actual [Element Exists]. Comparison Type [EQUALS]. Validation Type [POSITIVE]. @26-10-2021 19:09:05.0481 PM
[ReportManager] Successfully created attachment [Screenshot - 1635275345267_navigateToURLandVerifyGoogleLogoIsDisplayed_ValidateElementExists_passed] @26-10-2021 19:09:05.0482 P

################################################################################################################################################
Starting Execution:	[142 out of 143] test cases in the current suite
Test Method:		[testPackage01.Test_google_playwright.searchForQueryandAssertResultsNumDisplayed]
Test Description:	[TC002 - Search for Query and Assert that the number of results is displayed]
################################################################################################################################################
[ReportManager] Element Action [Type] successfully performed. With the following test data [SHAFT_Engine]. @26-10-2021 19:09:05.0761 PM
[ReportManager] Element Action [KeyPress] successfully performed. With the following test data [Enter]. @26-10-2021 19:09:05.0807 PM
[ReportManager] Element Action [GetText] successfully performed. With the following test data [About 964,000 results (0.62 seconds) ]. @26-10-2021 19:09:06.0781 PM
[ReportManager] Loaded Shared OpenCV @26-10-2021 19:09:09.0131 PM
[ReportManager] Assertion [ValidateElementAttribute] PASSED. Expected [Value Should not be '' for the 'text' attribute, element locator 'xpath=//div[@id='appbar']'] and Actual [About 964,000 results (0.62 seconds) ]. Comparison Type [EQUALS]. Validation Type [NEGATIVE]. @26-10-2021 19:09:09.0412 PM
[ReportManager] Successfully created attachment [Screenshot - 1635275349130_searchForQueryandAssertResultsNumDisplayed_ValidateElementAttribute_passed] @26-10-2021 19:09:09.0415 P

################################################################################################################################################
Starting Execution:	[143 out of 143] test cases in the current suite
Test Method:		[testPackage01.Test_google_playwright.clickNextThrice]
Test Description:	[TC003 - Clicks the next button to make sure that the framework can scroll element into view before clicking it]
################################################################################################################################################
[ReportManager] Element Action [Click] successfully performed. With the following test data [Next]. @26-10-2021 19:09:09.0681 P
[ReportManager] Failed to find video recording. @26-10-2021 19:09:09.0683 PM
[ReportManager] Successfully Closed PlayWright Driver. @26-10-2021 19:09:09.0740 P

################################################################################################################################################
Test Closure Activities
################################################################################################################################################
[ReportManager] Successfully created attachment [SHAFT Engine Logs - Execution log] @26-10-2021 19:09:09.0806 PM

################################################################################################################################################
This test run was powered by SHAFT Engine Version: [SHAFT Engine v5.4.20211025-BETA]
SHAFT Engine is licensed under the MIT License: [https://github.com/MohabMohie/SHAFT_ENGINE/blob/master/LICENSE].
################################################################################################################################################