################################################################################################################################################
Detected SHAFT Engine Version: [SHAFT Engine v5.4.20211122-BETA]
################################################################################################################################################
[ReportManager] File Action [GetAbsolutePath] successfully performed. With the following test data [Relative Folder Path: "target/downloadedFiles/"]. @28-11-2021 01:55:24.0951 AM
[ReportManager] Attempting to run remotely on: [Android], [http://0.0.0.0:4723/wd/hub]. @28-11-2021 01:55:25.0002 AM
[ReportManager] File Action [GetAbsolutePath] successfully performed. With the following test data [Relative Folder Path: "src/test/resources/testDataFiles/apps/ApiDemos-debug.apk"]. @28-11-2021 01:55:25.0004 AM
[ReportManager] Successfully Opened [NativeMobileApp]. @28-11-2021 01:55:44.0139 AM
[ReportManager] Started recording device screen @28-11-2021 01:55:44.0823 A

################################################################################################################################################
Starting Execution:	[1 out of 8] test cases in the current suite
Test Method:		[testPackage01.appium.AndroidBasicInteractionsTest.scrollInExpandableLists_horizontalScrolling_insideElement]
################################################################################################################################################
[ReportManager] File Action [CreateFile] successfully performed. With the following test data [Target Folder: "allure-results//screenshots/20211128-015544", Target File: "/1638064545885_scrollInExpandableLists_horizontalScrolling_insideElement.gif"]. @28-11-2021 01:55:46.0501 AM
[ReportManager] Element Action [Tap] successfully performed. With the following test data [Views]. @28-11-2021 01:55:49.0750 AM
[ReportManager] Swiping to find Element using W3C Compliant Actions. SwipeDirection [DOWN], TargetElementLocator [AppiumBy.accessibilityId: Tabs]. @28-11-2021 01:55:50.0014 AM
[ReportManager] Attempted to scroll using these parameters: [{width=720, top=100, percent=0.8, left=0, height=1065, direction=DOWN}], there is still more room to keep scrolling. @28-11-2021 01:55:52.0521 AM
[ReportManager] Swiping to find Element using W3C Compliant Actions. SwipeDirection [DOWN], TargetElementLocator [AppiumBy.accessibilityId: Tabs]. @28-11-2021 01:55:52.0553 AM
[ReportManager] Attempted to scroll using these parameters: [{width=720, top=100, percent=0.8, left=0, height=1065, direction=DOWN}], there is still more room to keep scrolling. @28-11-2021 01:55:55.0069 AM
[ReportManager] Swiping to find Element using W3C Compliant Actions. SwipeDirection [DOWN], TargetElementLocator [AppiumBy.accessibilityId: Tabs]. @28-11-2021 01:55:55.0109 AM
[ReportManager] Attempted to scroll using these parameters: [{width=720, top=100, percent=0.8, left=0, height=1065, direction=DOWN}], there is still more room to keep scrolling. @28-11-2021 01:55:57.0644 AM
[ReportManager] Element Action [IsElementDisplayed] successfully performed. @28-11-2021 01:55:58.0373 AM
[ReportManager] Element found on screen. @28-11-2021 01:55:58.0373 AM
[ReportManager] Element Action [SwipeElementIntoView] successfully performed. @28-11-2021 01:55:58.0834 AM
[ReportManager] Element Action [Tap] successfully performed. With the following test data [Tabs]. @28-11-2021 01:56:00.0847 AM
[ReportManager] Element Action [Tap] successfully performed. With the following test data [5. Scrollable]. @28-11-2021 01:56:02.0697 AM
[ReportManager] Swiping to find Element using W3C Compliant Actions. SwipeDirection [RIGHT], TargetElementLocator [By.xpath: //android.widget.HorizontalScrollView//android.widget.TextView[@text='TAB 12']], inside ScrollableElement [By.xpath: //android.widget.HorizontalScrollView]. @28-11-2021 01:56:04.0447 AM
[ReportManager] Attempted to scroll using these parameters: [{width=490, top=122, percent=1, left=100, height=112, direction=RIGHT}], there is no more room to keep scrolling. @28-11-2021 01:56:07.0021 AM
[ReportManager] Element Action [SwipeElementIntoView] failed. @28-11-2021 01:56:07.0782 AM
[ReportManager] Successfully created attachment [Screenshot - 1638064567425_scrollInExpandableLists_horizontalScrolling_insideElement_SwipeElementIntoView_failed] @28-11-2021 01:56:07.0794 AM
[ReportManager] Successfully created attachment [Animated Gif - scrollInExpandableLists_horizontalScrolling_insideElement] @28-11-2021 01:56:07.0802 A
[ReportManager] Successfully created attachment [Video Recording - teardown] @28-11-2021 01:56:08.0613 AM
[ReportManager] Successfully Closed All Drivers. @28-11-2021 01:56:09.0015 A
[ReportManager] File Action [GetAbsolutePath] successfully performed. With the following test data [Relative Folder Path: "target/downloadedFiles/"]. @28-11-2021 01:56:09.0021 AM
[ReportManager] Attempting to run remotely on: [Android], [http://0.0.0.0:4723/wd/hub]. @28-11-2021 01:56:09.0022 AM
[ReportManager] File Action [GetAbsolutePath] successfully performed. With the following test data [Relative Folder Path: "src/test/resources/testDataFiles/apps/ApiDemos-debug.apk"]. @28-11-2021 01:56:09.0022 AM
[ReportManager] Successfully Opened [NativeMobileApp]. @28-11-2021 01:56:17.0478 AM
[ReportManager] Started recording device screen @28-11-2021 01:56:18.0001 A

################################################################################################################################################
Starting Execution:	[2 out of 8] test cases in the current suite
Test Method:		[testPackage01.appium.AndroidBasicInteractionsTest.scrollInExpandableLists_verticalScrolling_insideElement]
################################################################################################################################################
[ReportManager] File Action [CreateFile] successfully performed. With the following test data [Target Folder: "allure-results//screenshots/20211128-015544", Target File: "/1638064578533_scrollInExpandableLists_verticalScrolling_insideElement.gif"]. @28-11-2021 01:56:18.0548 AM
[ReportManager] Element Action [Tap] successfully performed. With the following test data [Views]. @28-11-2021 01:56:20.0102 AM
[ReportManager] Swiping to find Element using W3C Compliant Actions. SwipeDirection [DOWN], TargetElementLocator [AppiumBy.accessibilityId: Splitting Touches across Views]. @28-11-2021 01:56:20.0638 AM
[ReportManager] Attempted to scroll using these parameters: [{width=720, top=100, percent=0.8, left=0, height=1065, direction=DOWN}], there is still more room to keep scrolling. @28-11-2021 01:56:23.0236 AM
[ReportManager] Swiping to find Element using W3C Compliant Actions. SwipeDirection [DOWN], TargetElementLocator [AppiumBy.accessibilityId: Splitting Touches across Views]. @28-11-2021 01:56:23.0277 AM
[ReportManager] Attempted to scroll using these parameters: [{width=720, top=100, percent=0.8, left=0, height=1065, direction=DOWN}], there is still more room to keep scrolling. @28-11-2021 01:56:25.0769 AM
[ReportManager] Swiping to find Element using W3C Compliant Actions. SwipeDirection [DOWN], TargetElementLocator [AppiumBy.accessibilityId: Splitting Touches across Views]. @28-11-2021 01:56:25.0818 AM
[ReportManager] Attempted to scroll using these parameters: [{width=720, top=100, percent=0.8, left=0, height=1065, direction=DOWN}], there is still more room to keep scrolling. @28-11-2021 01:56:28.0397 AM
[ReportManager] Element Action [IsElementDisplayed] successfully performed. @28-11-2021 01:56:29.0025 AM
[ReportManager] Element found on screen. @28-11-2021 01:56:29.0025 AM
[ReportManager] Element Action [SwipeElementIntoView] successfully performed. @28-11-2021 01:56:29.0610 AM
[ReportManager] Element Action [Tap] successfully performed. With the following test data [Splitting Touches across Views]. @28-11-2021 01:56:31.0129 AM
[ReportManager] Swiping to find Element using W3C Compliant Actions. SwipeDirection [DOWN], TargetElementLocator [By.xpath: //android.widget.ListView[2]/android.widget.TextView[@text='Blue']], inside ScrollableElement [By.id: io.appium.android.apis:id/list2]. @28-11-2021 01:56:32.0443 AM
[ReportManager] Attempted to scroll using these parameters: [{width=360, top=100, percent=0.8, left=360, height=811, direction=DOWN}], there is still more room to keep scrolling. @28-11-2021 01:56:35.0107 AM
[ReportManager] Swiping to find Element using W3C Compliant Actions. SwipeDirection [DOWN], TargetElementLocator [By.xpath: //android.widget.ListView[2]/android.widget.TextView[@text='Blue']], inside ScrollableElement [By.id: io.appium.android.apis:id/list2]. @28-11-2021 01:56:35.0262 AM
[ReportManager] Attempted to scroll using these parameters: [{width=360, top=100, percent=0.8, left=360, height=811, direction=DOWN}], there is still more room to keep scrolling. @28-11-2021 01:56:37.0726 AM
[ReportManager] Swiping to find Element using W3C Compliant Actions. SwipeDirection [DOWN], TargetElementLocator [By.xpath: //android.widget.ListView[2]/android.widget.TextView[@text='Blue']], inside ScrollableElement [By.id: io.appium.android.apis:id/list2]. @28-11-2021 01:56:37.0798 AM
[ReportManager] Attempted to scroll using these parameters: [{width=360, top=100, percent=0.8, left=360, height=811, direction=DOWN}], there is still more room to keep scrolling. @28-11-2021 01:56:40.0284 AM
[ReportManager] Swiping to find Element using W3C Compliant Actions. SwipeDirection [DOWN], TargetElementLocator [By.xpath: //android.widget.ListView[2]/android.widget.TextView[@text='Blue']], inside ScrollableElement [By.id: io.appium.android.apis:id/list2]. @28-11-2021 01:56:40.0354 AM
[ReportManager] Attempted to scroll using these parameters: [{width=360, top=100, percent=0.8, left=360, height=811, direction=DOWN}], there is still more room to keep scrolling. @28-11-2021 01:56:42.0895 AM
[ReportManager] Swiping to find Element using W3C Compliant Actions. SwipeDirection [DOWN], TargetElementLocator [By.xpath: //android.widget.ListView[2]/android.widget.TextView[@text='Blue']], inside ScrollableElement [By.id: io.appium.android.apis:id/list2]. @28-11-2021 01:56:42.0967 AM
[ReportManager] Attempted to scroll using these parameters: [{width=360, top=100, percent=0.8, left=360, height=811, direction=DOWN}], there is still more room to keep scrolling. @28-11-2021 01:56:45.0560 AM
[ReportManager] Swiping to find Element using W3C Compliant Actions. SwipeDirection [DOWN], TargetElementLocator [By.xpath: //android.widget.ListView[2]/android.widget.TextView[@text='Blue']], inside ScrollableElement [By.id: io.appium.android.apis:id/list2]. @28-11-2021 01:56:45.0644 AM
[ReportManager] Attempted to scroll using these parameters: [{width=360, top=100, percent=0.8, left=360, height=811, direction=DOWN}], there is still more room to keep scrolling. @28-11-2021 01:56:48.0215 AM
[ReportManager] Swiping to find Element using W3C Compliant Actions. SwipeDirection [DOWN], TargetElementLocator [By.xpath: //android.widget.ListView[2]/android.widget.TextView[@text='Blue']], inside ScrollableElement [By.id: io.appium.android.apis:id/list2]. @28-11-2021 01:56:48.0281 AM
[ReportManager] Attempted to scroll using these parameters: [{width=360, top=100, percent=0.8, left=360, height=811, direction=DOWN}], there is still more room to keep scrolling. @28-11-2021 01:56:50.0827 AM
[ReportManager] Swiping to find Element using W3C Compliant Actions. SwipeDirection [DOWN], TargetElementLocator [By.xpath: //android.widget.ListView[2]/android.widget.TextView[@text='Blue']], inside ScrollableElement [By.id: io.appium.android.apis:id/list2]. @28-11-2021 01:56:50.0909 AM
[ReportManager] Attempted to scroll using these parameters: [{width=360, top=100, percent=0.8, left=360, height=811, direction=DOWN}], there is still more room to keep scrolling. @28-11-2021 01:56:53.0485 AM
[ReportManager] Swiping to find Element using W3C Compliant Actions. SwipeDirection [DOWN], TargetElementLocator [By.xpath: //android.widget.ListView[2]/android.widget.TextView[@text='Blue']], inside ScrollableElement [By.id: io.appium.android.apis:id/list2]. @28-11-2021 01:56:53.0569 AM
[ReportManager] Attempted to scroll using these parameters: [{width=360, top=100, percent=0.8, left=360, height=811, direction=DOWN}], there is still more room to keep scrolling. @28-11-2021 01:56:56.0122 AM
[ReportManager] Element Action [IsElementDisplayed] successfully performed. @28-11-2021 01:56:57.0366 AM
[ReportManager] Element found on screen. @28-11-2021 01:56:57.0367 AM
[ReportManager] Element Action [SwipeElementIntoView] successfully performed. @28-11-2021 01:56:57.0813 AM
[ReportManager] Element Action [Tap] successfully performed. With the following test data [Blue]. @28-11-2021 01:56:59.0903 AM
[ReportManager] Swiping to find Element using W3C Compliant Actions. SwipeDirection [UP], TargetElementLocator [By.xpath: //android.widget.ListView[2]/android.widget.TextView[@text='Abbaye de Belloc']], inside ScrollableElement [By.id: io.appium.android.apis:id/list2]. @28-11-2021 01:57:00.0088 AM
[ReportManager] Attempted to scroll using these parameters: [{width=360, top=802, percent=0.8, left=360, height=811, direction=UP}], there is still more room to keep scrolling. @28-11-2021 01:57:02.0580 AM
[ReportManager] Swiping to find Element using W3C Compliant Actions. SwipeDirection [UP], TargetElementLocator [By.xpath: //android.widget.ListView[2]/android.widget.TextView[@text='Abbaye de Belloc']], inside ScrollableElement [By.id: io.appium.android.apis:id/list2]. @28-11-2021 01:57:02.0641 AM
[ReportManager] Attempted to scroll using these parameters: [{width=360, top=802, percent=0.8, left=360, height=811, direction=UP}], there is still more room to keep scrolling. @28-11-2021 01:57:05.0146 AM
[ReportManager] Swiping to find Element using W3C Compliant Actions. SwipeDirection [UP], TargetElementLocator [By.xpath: //android.widget.ListView[2]/android.widget.TextView[@text='Abbaye de Belloc']], inside ScrollableElement [By.id: io.appium.android.apis:id/list2]. @28-11-2021 01:57:05.0190 AM
[ReportManager] Attempted to scroll using these parameters: [{width=360, top=802, percent=0.8, left=360, height=811, direction=UP}], there is still more room to keep scrolling. @28-11-2021 01:57:07.0650 AM
[ReportManager] Swiping to find Element using W3C Compliant Actions. SwipeDirection [UP], TargetElementLocator [By.xpath: //android.widget.ListView[2]/android.widget.TextView[@text='Abbaye de Belloc']], inside ScrollableElement [By.id: io.appium.android.apis:id/list2]. @28-11-2021 01:57:07.0698 AM
[ReportManager] Attempted to scroll using these parameters: [{width=360, top=802, percent=0.8, left=360, height=811, direction=UP}], there is still more room to keep scrolling. @28-11-2021 01:57:10.0271 AM
[ReportManager] Swiping to find Element using W3C Compliant Actions. SwipeDirection [UP], TargetElementLocator [By.xpath: //android.widget.ListView[2]/android.widget.TextView[@text='Abbaye de Belloc']], inside ScrollableElement [By.id: io.appium.android.apis:id/list2]. @28-11-2021 01:57:10.0324 AM
[ReportManager] Attempted to scroll using these parameters: [{width=360, top=802, percent=0.8, left=360, height=811, direction=UP}], there is still more room to keep scrolling. @28-11-2021 01:57:12.0896 AM
[ReportManager] Swiping to find Element using W3C Compliant Actions. SwipeDirection [UP], TargetElementLocator [By.xpath: //android.widget.ListView[2]/android.widget.TextView[@text='Abbaye de Belloc']], inside ScrollableElement [By.id: io.appium.android.apis:id/list2]. @28-11-2021 01:57:12.0965 AM
[ReportManager] Attempted to scroll using these parameters: [{width=360, top=802, percent=0.8, left=360, height=811, direction=UP}], there is still more room to keep scrolling. @28-11-2021 01:57:15.0521 AM
[ReportManager] Swiping to find Element using W3C Compliant Actions. SwipeDirection [UP], TargetElementLocator [By.xpath: //android.widget.ListView[2]/android.widget.TextView[@text='Abbaye de Belloc']], inside ScrollableElement [By.id: io.appium.android.apis:id/list2]. @28-11-2021 01:57:15.0570 AM
[ReportManager] Attempted to scroll using these parameters: [{width=360, top=802, percent=0.8, left=360, height=811, direction=UP}], there is still more room to keep scrolling. @28-11-2021 01:57:18.0031 AM
[ReportManager] Swiping to find Element using W3C Compliant Actions. SwipeDirection [UP], TargetElementLocator [By.xpath: //android.widget.ListView[2]/android.widget.TextView[@text='Abbaye de Belloc']], inside ScrollableElement [By.id: io.appium.android.apis:id/list2]. @28-11-2021 01:57:18.0076 AM
[ReportManager] Attempted to scroll using these parameters: [{width=360, top=802, percent=0.8, left=360, height=811, direction=UP}], there is still more room to keep scrolling. @28-11-2021 01:57:20.0607 AM
[ReportManager] Swiping to find Element using W3C Compliant Actions. SwipeDirection [UP], TargetElementLocator [By.xpath: //android.widget.ListView[2]/android.widget.TextView[@text='Abbaye de Belloc']], inside ScrollableElement [By.id: io.appium.android.apis:id/list2]. @28-11-2021 01:57:20.0658 AM
[ReportManager] Attempted to scroll using these parameters: [{width=360, top=802, percent=0.8, left=360, height=811, direction=UP}], there is no more room to keep scrolling. @28-11-2021 01:57:22.0204 AM
[ReportManager] Element Action [IsElementDisplayed] successfully performed. @28-11-2021 01:57:22.0852 AM
[ReportManager] Element found on screen. @28-11-2021 01:57:22.0852 AM
[ReportManager] Element Action [SwipeElementIntoView] successfully performed. @28-11-2021 01:57:23.0261 AM
[ReportManager] Element Action [Tap] successfully performed. With the following test data [Abbaye de Belloc]. @28-11-2021 01:57:24.0640 AM
[ReportManager] Successfully created attachment [Animated Gif - scrollInExpandableLists_verticalScrolling_insideElement] @28-11-2021 01:57:24.0644 A
[ReportManager] Successfully created attachment [Video Recording - teardown] @28-11-2021 01:57:25.0436 AM
[ReportManager] Successfully Closed All Drivers. @28-11-2021 01:57:25.0813 A
[ReportManager] File Action [GetAbsolutePath] successfully performed. With the following test data [Relative Folder Path: "target/downloadedFiles/"]. @28-11-2021 01:57:25.0816 AM
[ReportManager] Attempting to run remotely on: [Android], [http://0.0.0.0:4723/wd/hub]. @28-11-2021 01:57:25.0816 AM
[ReportManager] File Action [GetAbsolutePath] successfully performed. With the following test data [Relative Folder Path: "src/test/resources/testDataFiles/apps/ApiDemos-debug.apk"]. @28-11-2021 01:57:25.0817 AM
[ReportManager] Successfully Opened [NativeMobileApp]. @28-11-2021 01:57:32.0915 AM
[ReportManager] Started recording device screen @28-11-2021 01:57:33.0543 A

################################################################################################################################################
Starting Execution:	[3 out of 8] test cases in the current suite
Test Method:		[testPackage01.appium.AndroidBasicInteractionsTest.scrollInExpandableLists_verticalScrolling_insideElement2]
################################################################################################################################################
[ReportManager] File Action [CreateFile] successfully performed. With the following test data [Target Folder: "allure-results//screenshots/20211128-015544", Target File: "/1638064654182_scrollInExpandableLists_verticalScrolling_insideElement2.gif"]. @28-11-2021 01:57:34.0196 AM
[ReportManager] Element Action [Tap] successfully performed. With the following test data [Views]. @28-11-2021 01:57:35.0635 AM
[ReportManager] Swiping to find Element using W3C Compliant Actions. SwipeDirection [DOWN], TargetElementLocator [AppiumBy.accessibilityId: Splitting Touches across Views]. @28-11-2021 01:57:35.0928 AM
[ReportManager] Attempted to scroll using these parameters: [{width=720, top=100, percent=0.8, left=0, height=1065, direction=DOWN}], there is still more room to keep scrolling. @28-11-2021 01:57:38.0445 AM
[ReportManager] Swiping to find Element using W3C Compliant Actions. SwipeDirection [DOWN], TargetElementLocator [AppiumBy.accessibilityId: Splitting Touches across Views]. @28-11-2021 01:57:38.0483 AM
[ReportManager] Attempted to scroll using these parameters: [{width=720, top=100, percent=0.8, left=0, height=1065, direction=DOWN}], there is still more room to keep scrolling. @28-11-2021 01:57:40.0976 AM
[ReportManager] Swiping to find Element using W3C Compliant Actions. SwipeDirection [DOWN], TargetElementLocator [AppiumBy.accessibilityId: Splitting Touches across Views]. @28-11-2021 01:57:41.0005 AM
[ReportManager] Attempted to scroll using these parameters: [{width=720, top=100, percent=0.8, left=0, height=1065, direction=DOWN}], there is still more room to keep scrolling. @28-11-2021 01:57:43.0566 AM
[ReportManager] Element Action [IsElementDisplayed] successfully performed. @28-11-2021 01:57:44.0157 AM
[ReportManager] Element found on screen. @28-11-2021 01:57:44.0157 AM
[ReportManager] Element Action [SwipeElementIntoView] successfully performed. @28-11-2021 01:57:44.0562 AM
[ReportManager] Element Action [Tap] successfully performed. With the following test data [Splitting Touches across Views]. @28-11-2021 01:57:46.0031 AM
[ReportManager] Swiping to find Element using W3C Compliant Actions. SwipeDirection [DOWN], TargetElementLocator [By.xpath: //android.widget.ListView[1]/android.widget.TextView[@text='Blue']], inside ScrollableElement [By.id: io.appium.android.apis:id/list1]. @28-11-2021 01:57:47.0056 AM
[ReportManager] Attempted to scroll using these parameters: [{width=360, top=100, percent=0.8, left=0, height=811, direction=DOWN}], there is still more room to keep scrolling. @28-11-2021 01:57:49.0677 AM
[ReportManager] Swiping to find Element using W3C Compliant Actions. SwipeDirection [DOWN], TargetElementLocator [By.xpath: //android.widget.ListView[1]/android.widget.TextView[@text='Blue']], inside ScrollableElement [By.id: io.appium.android.apis:id/list1]. @28-11-2021 01:57:49.0747 AM
[ReportManager] Attempted to scroll using these parameters: [{width=360, top=100, percent=0.8, left=0, height=811, direction=DOWN}], there is still more room to keep scrolling. @28-11-2021 01:57:52.0213 AM
[ReportManager] Swiping to find Element using W3C Compliant Actions. SwipeDirection [DOWN], TargetElementLocator [By.xpath: //android.widget.ListView[1]/android.widget.TextView[@text='Blue']], inside ScrollableElement [By.id: io.appium.android.apis:id/list1]. @28-11-2021 01:57:52.0286 AM
[ReportManager] Attempted to scroll using these parameters: [{width=360, top=100, percent=0.8, left=0, height=811, direction=DOWN}], there is still more room to keep scrolling. @28-11-2021 01:57:54.0771 AM
[ReportManager] Swiping to find Element using W3C Compliant Actions. SwipeDirection [DOWN], TargetElementLocator [By.xpath: //android.widget.ListView[1]/android.widget.TextView[@text='Blue']], inside ScrollableElement [By.id: io.appium.android.apis:id/list1]. @28-11-2021 01:57:54.0830 AM
[ReportManager] Attempted to scroll using these parameters: [{width=360, top=100, percent=0.8, left=0, height=811, direction=DOWN}], there is still more room to keep scrolling. @28-11-2021 01:57:57.0332 AM
[ReportManager] Swiping to find Element using W3C Compliant Actions. SwipeDirection [DOWN], TargetElementLocator [By.xpath: //android.widget.ListView[1]/android.widget.TextView[@text='Blue']], inside ScrollableElement [By.id: io.appium.android.apis:id/list1]. @28-11-2021 01:57:57.0404 AM
[ReportManager] Attempted to scroll using these parameters: [{width=360, top=100, percent=0.8, left=0, height=811, direction=DOWN}], there is still more room to keep scrolling. @28-11-2021 01:57:59.0895 AM
[ReportManager] Swiping to find Element using W3C Compliant Actions. SwipeDirection [DOWN], TargetElementLocator [By.xpath: //android.widget.ListView[1]/android.widget.TextView[@text='Blue']], inside ScrollableElement [By.id: io.appium.android.apis:id/list1]. @28-11-2021 01:57:59.0967 AM
[ReportManager] Attempted to scroll using these parameters: [{width=360, top=100, percent=0.8, left=0, height=811, direction=DOWN}], there is still more room to keep scrolling. @28-11-2021 01:58:02.0450 AM
[ReportManager] Swiping to find Element using W3C Compliant Actions. SwipeDirection [DOWN], TargetElementLocator [By.xpath: //android.widget.ListView[1]/android.widget.TextView[@text='Blue']], inside ScrollableElement [By.id: io.appium.android.apis:id/list1]. @28-11-2021 01:58:02.0515 AM
[ReportManager] Attempted to scroll using these parameters: [{width=360, top=100, percent=0.8, left=0, height=811, direction=DOWN}], there is still more room to keep scrolling. @28-11-2021 01:58:05.0021 AM
[ReportManager] Swiping to find Element using W3C Compliant Actions. SwipeDirection [DOWN], TargetElementLocator [By.xpath: //android.widget.ListView[1]/android.widget.TextView[@text='Blue']], inside ScrollableElement [By.id: io.appium.android.apis:id/list1]. @28-11-2021 01:58:05.0078 AM
[ReportManager] Attempted to scroll using these parameters: [{width=360, top=100, percent=0.8, left=0, height=811, direction=DOWN}], there is still more room to keep scrolling. @28-11-2021 01:58:07.0674 AM
[ReportManager] Element Action [IsElementDisplayed] successfully performed. @28-11-2021 01:58:08.0419 AM
[ReportManager] Element found on screen. @28-11-2021 01:58:08.0419 AM
[ReportManager] Element Action [SwipeElementIntoView] successfully performed. @28-11-2021 01:58:08.0884 AM
[ReportManager] Element Action [Tap] successfully performed. With the following test data [Blue]. @28-11-2021 01:58:10.0421 AM
[ReportManager] Swiping to find Element using W3C Compliant Actions. SwipeDirection [UP], TargetElementLocator [By.xpath: //android.widget.ListView[1]/android.widget.TextView[@text='Abbaye de Belloc']], inside ScrollableElement [By.id: io.appium.android.apis:id/list1]. @28-11-2021 01:58:10.0553 AM
[ReportManager] Attempted to scroll using these parameters: [{width=360, top=802, percent=0.8, left=0, height=811, direction=UP}], there is still more room to keep scrolling. @28-11-2021 01:58:13.0123 AM
[ReportManager] Swiping to find Element using W3C Compliant Actions. SwipeDirection [UP], TargetElementLocator [By.xpath: //android.widget.ListView[1]/android.widget.TextView[@text='Abbaye de Belloc']], inside ScrollableElement [By.id: io.appium.android.apis:id/list1]. @28-11-2021 01:58:13.0175 AM
[ReportManager] Attempted to scroll using these parameters: [{width=360, top=802, percent=0.8, left=0, height=811, direction=UP}], there is still more room to keep scrolling. @28-11-2021 01:58:15.0737 AM
[ReportManager] Swiping to find Element using W3C Compliant Actions. SwipeDirection [UP], TargetElementLocator [By.xpath: //android.widget.ListView[1]/android.widget.TextView[@text='Abbaye de Belloc']], inside ScrollableElement [By.id: io.appium.android.apis:id/list1]. @28-11-2021 01:58:15.0808 AM
[ReportManager] Attempted to scroll using these parameters: [{width=360, top=802, percent=0.8, left=0, height=811, direction=UP}], there is still more room to keep scrolling. @28-11-2021 01:58:18.0333 AM
[ReportManager] Swiping to find Element using W3C Compliant Actions. SwipeDirection [UP], TargetElementLocator [By.xpath: //android.widget.ListView[1]/android.widget.TextView[@text='Abbaye de Belloc']], inside ScrollableElement [By.id: io.appium.android.apis:id/list1]. @28-11-2021 01:58:18.0376 AM
[ReportManager] Attempted to scroll using these parameters: [{width=360, top=802, percent=0.8, left=0, height=811, direction=UP}], there is still more room to keep scrolling. @28-11-2021 01:58:20.0896 AM
[ReportManager] Swiping to find Element using W3C Compliant Actions. SwipeDirection [UP], TargetElementLocator [By.xpath: //android.widget.ListView[1]/android.widget.TextView[@text='Abbaye de Belloc']], inside ScrollableElement [By.id: io.appium.android.apis:id/list1]. @28-11-2021 01:58:20.0938 AM
[ReportManager] Attempted to scroll using these parameters: [{width=360, top=802, percent=0.8, left=0, height=811, direction=UP}], there is still more room to keep scrolling. @28-11-2021 01:58:23.0456 AM
[ReportManager] Swiping to find Element using W3C Compliant Actions. SwipeDirection [UP], TargetElementLocator [By.xpath: //android.widget.ListView[1]/android.widget.TextView[@text='Abbaye de Belloc']], inside ScrollableElement [By.id: io.appium.android.apis:id/list1]. @28-11-2021 01:58:23.0512 AM
[ReportManager] Attempted to scroll using these parameters: [{width=360, top=802, percent=0.8, left=0, height=811, direction=UP}], there is still more room to keep scrolling. @28-11-2021 01:58:26.0021 AM
[ReportManager] Swiping to find Element using W3C Compliant Actions. SwipeDirection [UP], TargetElementLocator [By.xpath: //android.widget.ListView[1]/android.widget.TextView[@text='Abbaye de Belloc']], inside ScrollableElement [By.id: io.appium.android.apis:id/list1]. @28-11-2021 01:58:26.0093 AM
[ReportManager] Attempted to scroll using these parameters: [{width=360, top=802, percent=0.8, left=0, height=811, direction=UP}], there is still more room to keep scrolling. @28-11-2021 01:58:28.0584 AM
[ReportManager] Swiping to find Element using W3C Compliant Actions. SwipeDirection [UP], TargetElementLocator [By.xpath: //android.widget.ListView[1]/android.widget.TextView[@text='Abbaye de Belloc']], inside ScrollableElement [By.id: io.appium.android.apis:id/list1]. @28-11-2021 01:58:28.0627 AM
[ReportManager] Attempted to scroll using these parameters: [{width=360, top=802, percent=0.8, left=0, height=811, direction=UP}], there is no more room to keep scrolling. @28-11-2021 01:58:30.0203 AM
[ReportManager] Element Action [IsElementDisplayed] successfully performed. @28-11-2021 01:58:30.0846 AM
[ReportManager] Element found on screen. @28-11-2021 01:58:30.0846 AM
[ReportManager] Element Action [SwipeElementIntoView] successfully performed. @28-11-2021 01:58:31.0256 AM
[ReportManager] Element Action [Tap] successfully performed. With the following test data [Abbaye de Belloc]. @28-11-2021 01:58:32.0672 AM
[ReportManager] Successfully created attachment [Animated Gif - scrollInExpandableLists_verticalScrolling_insideElement2] @28-11-2021 01:58:32.0675 A
[ReportManager] Successfully created attachment [Video Recording - teardown] @28-11-2021 01:58:33.0465 AM
[ReportManager] Successfully Closed All Drivers. @28-11-2021 01:58:33.0953 A
[ReportManager] File Action [GetAbsolutePath] successfully performed. With the following test data [Relative Folder Path: "target/downloadedFiles/"]. @28-11-2021 01:58:33.0956 AM
[ReportManager] Attempting to run remotely on: [Android], [http://0.0.0.0:4723/wd/hub]. @28-11-2021 01:58:33.0956 AM
[ReportManager] File Action [GetAbsolutePath] successfully performed. With the following test data [Relative Folder Path: "src/test/resources/testDataFiles/apps/ApiDemos-debug.apk"]. @28-11-2021 01:58:33.0957 AM
[ReportManager] Successfully Opened [NativeMobileApp]. @28-11-2021 01:58:40.0688 AM
[ReportManager] Started recording device screen @28-11-2021 01:58:41.0292 A

################################################################################################################################################
Starting Execution:	[4 out of 8] test cases in the current suite
Test Method:		[testPackage01.appium.AndroidBasicInteractionsTest.scrollInExpandableLists_verticalScrolling_insideScreen]
################################################################################################################################################
[ReportManager] File Action [CreateFile] successfully performed. With the following test data [Target Folder: "allure-results//screenshots/20211128-015544", Target File: "/1638064721695_scrollInExpandableLists_verticalScrolling_insideScreen.gif"]. @28-11-2021 01:58:41.0708 AM
[ReportManager] Element Action [Tap] successfully performed. With the following test data [Views]. @28-11-2021 01:58:43.0001 AM
[ReportManager] Element Action [Tap] successfully performed. With the following test data [Expandable Lists]. @28-11-2021 01:58:44.0924 AM
[ReportManager] Element Action [Tap] successfully performed. With the following test data [3. Simple Adapter]. @28-11-2021 01:58:46.0775 AM
[ReportManager] Swiping to find Element using W3C Compliant Actions. SwipeDirection [DOWN], TargetElementLocator [By.xpath: //android.widget.TextView[@text='Group 18']]. @28-11-2021 01:58:47.0828 AM
[ReportManager] Attempted to scroll using these parameters: [{width=720, top=100, percent=0.8, left=0, height=1065, direction=DOWN}], there is still more room to keep scrolling. @28-11-2021 01:58:50.0439 AM
[ReportManager] Swiping to find Element using W3C Compliant Actions. SwipeDirection [DOWN], TargetElementLocator [By.xpath: //android.widget.TextView[@text='Group 18']]. @28-11-2021 01:58:50.0487 AM
[ReportManager] Attempted to scroll using these parameters: [{width=720, top=100, percent=0.8, left=0, height=1065, direction=DOWN}], there is no more room to keep scrolling. @28-11-2021 01:58:51.0998 AM
[ReportManager] Element Action [IsElementDisplayed] successfully performed. @28-11-2021 01:58:52.0743 AM
[ReportManager] Element found on screen. @28-11-2021 01:58:52.0743 AM
[ReportManager] Element Action [SwipeElementIntoView] successfully performed. @28-11-2021 01:58:53.0157 AM
[ReportManager] Element Action [Tap] successfully performed. With the following test data [Group 18]. @28-11-2021 01:58:54.0543 AM
[ReportManager] Swiping to find Element using W3C Compliant Actions. SwipeDirection [DOWN], TargetElementLocator [By.xpath: //android.widget.TextView[@text='Child 13']]. @28-11-2021 01:58:55.0033 AM
[ReportManager] Attempted to scroll using these parameters: [{width=720, top=100, percent=0.8, left=0, height=1065, direction=DOWN}], there is still more room to keep scrolling. @28-11-2021 01:58:57.0646 AM
[ReportManager] Element Action [IsElementDisplayed] successfully performed. @28-11-2021 01:58:58.0368 AM
[ReportManager] Element found on screen. @28-11-2021 01:58:58.0368 AM
[ReportManager] Element Action [SwipeElementIntoView] successfully performed. @28-11-2021 01:58:58.0778 AM
[ReportManager] Swiping to find Element using W3C Compliant Actions. SwipeDirection [UP], TargetElementLocator [By.xpath: //android.widget.TextView[@text='Group 1']]. @28-11-2021 01:58:58.0846 AM
[ReportManager] Attempted to scroll using these parameters: [{width=720, top=1084, percent=0.8, left=0, height=1065, direction=UP}], there is still more room to keep scrolling. @28-11-2021 01:59:01.0426 AM
[ReportManager] Swiping to find Element using W3C Compliant Actions. SwipeDirection [UP], TargetElementLocator [By.xpath: //android.widget.TextView[@text='Group 1']]. @28-11-2021 01:59:01.0485 AM
[ReportManager] Attempted to scroll using these parameters: [{width=720, top=1084, percent=0.8, left=0, height=1065, direction=UP}], there is still more room to keep scrolling. @28-11-2021 01:59:04.0021 AM
[ReportManager] Swiping to find Element using W3C Compliant Actions. SwipeDirection [UP], TargetElementLocator [By.xpath: //android.widget.TextView[@text='Group 1']]. @28-11-2021 01:59:04.0070 AM
[ReportManager] Attempted to scroll using these parameters: [{width=720, top=1084, percent=0.8, left=0, height=1065, direction=UP}], there is still more room to keep scrolling. @28-11-2021 01:59:06.0614 AM
[ReportManager] Swiping to find Element using W3C Compliant Actions. SwipeDirection [UP], TargetElementLocator [By.xpath: //android.widget.TextView[@text='Group 1']]. @28-11-2021 01:59:06.0662 AM
[ReportManager] Attempted to scroll using these parameters: [{width=720, top=1084, percent=0.8, left=0, height=1065, direction=UP}], there is no more room to keep scrolling. @28-11-2021 01:59:08.0169 AM
[ReportManager] Element Action [IsElementDisplayed] successfully performed. @28-11-2021 01:59:08.0896 AM
[ReportManager] Element found on screen. @28-11-2021 01:59:08.0896 AM
[ReportManager] Element Action [SwipeElementIntoView] successfully performed. @28-11-2021 01:59:09.0302 AM
[ReportManager] Successfully created attachment [Animated Gif - scrollInExpandableLists_verticalScrolling_insideScreen] @28-11-2021 01:59:09.0305 A
[ReportManager] Successfully created attachment [Video Recording - teardown] @28-11-2021 01:59:10.0225 AM
[ReportManager] Successfully Closed All Drivers. @28-11-2021 01:59:10.0633 A
[ReportManager] File Action [GetAbsolutePath] successfully performed. With the following test data [Relative Folder Path: "target/downloadedFiles/"]. @28-11-2021 01:59:10.0636 AM
[ReportManager] Attempting to run remotely on: [Android], [http://0.0.0.0:4723/wd/hub]. @28-11-2021 01:59:10.0636 AM
[ReportManager] File Action [GetAbsolutePath] successfully performed. With the following test data [Relative Folder Path: "src/test/resources/testDataFiles/apps/ApiDemos-debug.apk"]. @28-11-2021 01:59:10.0636 AM
[ReportManager] Successfully Opened [NativeMobileApp]. @28-11-2021 01:59:17.0242 AM
[ReportManager] Started recording device screen @28-11-2021 01:59:17.0830 A

################################################################################################################################################
Starting Execution:	[5 out of 8] test cases in the current suite
Test Method:		[testPackage01.appium.AndroidBasicInteractionsTest.testOpensAlert]
################################################################################################################################################
[ReportManager] File Action [CreateFile] successfully performed. With the following test data [Target Folder: "allure-results//screenshots/20211128-015544", Target File: "/1638064759998_testOpensAlert.gif"]. @28-11-2021 01:59:20.0012 AM
[ReportManager] Element Action [Tap] successfully performed. With the following test data [OK CANCEL DIALOG WITH A MESSAGE]. @28-11-2021 01:59:21.0548 AM
[ReportManager] Element Action [GetText] successfully performed. With the following test data [Lorem ipsum dolor sit aie consectetur adipiscing
Plloaso mako nuto siwuf cakso dodtos anr koop.]. @28-11-2021 01:59:22.0096 AM
[ReportManager] Loaded Shared OpenCV @28-11-2021 01:59:23.0567 AM
[ReportManager] Verification Passed: Then I Verify that the element found by [By.id: android:id/alertTitle] text is equal to [Lorem ipsum dolor sit aie consectetur adipiscing
Plloaso mako nuto siwuf cakso dodtos anr koop.]. @28-11-2021 01:59:24.0089 AM
[ReportManager] Successfully created attachment [Screenshot - 1638064762414_testOpensAlert_ValidateElementAttribute_passed] @28-11-2021 01:59:24.0091 AM
[ReportManager] Verification [ValidateElementAttribute] PASSED. Expected [Value Should be 'Lorem ipsum dolor sit aie consectetur adipiscing
Plloaso mako nuto siwuf cakso dodtos anr koop.' for the 'text' attribute, element locator 'By.id: android:id/alertTitle'] and Actual [Lorem ipsum dolor sit aie consectetur adipiscing
Plloaso mako nuto siwuf cakso dodtos anr koop.]. Comparison Type [EQUALS]. Validation Type [POSITIVE]. @28-11-2021 01:59:24.0091 AM
[ReportManager] Element Action [Tap] successfully performed. With the following test data [OK]. @28-11-2021 01:59:25.0463 AM
[ReportManager] Successfully created attachment [Animated Gif - testOpensAlert] @28-11-2021 01:59:25.0465 A
[ReportManager] Successfully created attachment [Video Recording - teardown] @28-11-2021 01:59:26.0274 AM
[ReportManager] Successfully Closed All Drivers. @28-11-2021 01:59:26.0612 A
[ReportManager] File Action [GetAbsolutePath] successfully performed. With the following test data [Relative Folder Path: "target/downloadedFiles/"]. @28-11-2021 01:59:26.0614 AM
[ReportManager] Attempting to run remotely on: [Android], [http://0.0.0.0:4723/wd/hub]. @28-11-2021 01:59:26.0615 AM
[ReportManager] File Action [GetAbsolutePath] successfully performed. With the following test data [Relative Folder Path: "src/test/resources/testDataFiles/apps/ApiDemos-debug.apk"]. @28-11-2021 01:59:26.0615 AM
[ReportManager] Successfully Opened [NativeMobileApp]. @28-11-2021 01:59:33.0532 AM
[ReportManager] Started recording device screen @28-11-2021 01:59:34.0033 A

################################################################################################################################################
Starting Execution:	[6 out of 8] test cases in the current suite
Test Method:		[testPackage01.appium.AndroidBasicInteractionsTest.testSendKeys]
################################################################################################################################################
[ReportManager] File Action [CreateFile] successfully performed. With the following test data [Target Folder: "allure-results//screenshots/20211128-015544", Target File: "/1638064777562_testSendKeys.gif"]. @28-11-2021 01:59:37.0576 AM
[ReportManager] Element Action [Type] successfully performed. With the following test data [Hello world!]. @28-11-2021 01:59:38.0020 AM
[ReportManager] Element Action [Tap] successfully performed. With the following test data [ONSEARCHREQUESTED()]. @28-11-2021 01:59:39.0372 AM
[ReportManager] Element Action [GetText] successfully performed. With the following test data [Hello world!]. @28-11-2021 01:59:40.0294 AM
[ReportManager] Loaded Shared OpenCV @28-11-2021 01:59:40.0616 AM
[ReportManager] Assertion Passed: Then I Assert that the element found by [By.id: android:id/search_src_text] text is equal to [Hello world!]. @28-11-2021 01:59:40.0922 AM
[ReportManager] Successfully created attachment [Screenshot - 1638064780616_testSendKeys_ValidateElementAttribute_passed] @28-11-2021 01:59:40.0923 AM
[ReportManager] Assertion [ValidateElementAttribute] PASSED. Expected [Value Should be 'Hello world!' for the 'text' attribute, element locator 'By.id: android:id/search_src_text'] and Actual [Hello world!]. Comparison Type [EQUALS]. Validation Type [POSITIVE]. @28-11-2021 01:59:40.0923 AM
[ReportManager] Successfully created attachment [Animated Gif - testSendKeys] @28-11-2021 01:59:40.0924 A
[ReportManager] Successfully created attachment [Video Recording - teardown] @28-11-2021 01:59:41.0822 AM
[ReportManager] Successfully Closed All Drivers. @28-11-2021 01:59:42.0233 A
[ReportManager] File Action [GetAbsolutePath] successfully performed. With the following test data [Relative Folder Path: "target/downloadedFiles/"]. @28-11-2021 01:59:42.0235 AM
[ReportManager] Attempting to run remotely on: [Android], [http://0.0.0.0:4723/wd/hub]. @28-11-2021 01:59:42.0236 AM
[ReportManager] File Action [GetAbsolutePath] successfully performed. With the following test data [Relative Folder Path: "src/test/resources/testDataFiles/apps/ApiDemos-debug.apk"]. @28-11-2021 01:59:42.0236 AM
[ReportManager] Successfully Opened [NativeMobileApp]. @28-11-2021 01:59:48.0828 AM
[ReportManager] Started recording device screen @28-11-2021 01:59:49.0398 A

################################################################################################################################################
Starting Execution:	[7 out of 8] test cases in the current suite
Test Method:		[testPackage01.appium.AndroidBasicInteractionsTest.visualElementIdentification_requiresProcessing]
################################################################################################################################################
[ReportManager] File Action [DoesFileExist] successfully performed. With the following test data [File Path: "src/main/resources/dynamicObjectRepository/content2.png"]. @28-11-2021 01:59:49.0596 AM
[ReportManager] Loaded Shared OpenCV @28-11-2021 01:59:49.0596 AM
[ReportManager] Successfully identified the element using AI; OpenCV. @28-11-2021 01:59:49.0667 AM
[ReportManager] Element Action [Tap] successfully performed. @28-11-2021 01:59:49.0937 AM
[ReportManager] org.openqa.selenium.TimeoutException:
Expected condition failed: waiting for com.shaft.gui.element.ElementActionsHelper$$Lambda$616/0x0000000801102220@578cd644 (tried for 25 second(s) with 1000 milliseconds interval)
org.openqa.selenium.support.ui.FluentWait.timeoutException(FluentWait.java:263)
org.openqa.selenium.support.ui.FluentWait.until(FluentWait.java:231)
com.shaft.gui.element.ElementActionsHelper.waitForElementPresence(ElementActionsHelper.java:63)
com.shaft.gui.element.ElementActionsHelper.waitForElementPresence(ElementActionsHelper.java:37)
com.shaft.gui.element.WebDriverElementActions.getMatchingElementsCount(WebDriverElementActions.java:1468)
com.shaft.gui.element.WebDriverElementActions.getElementsCount(WebDriverElementActions.java:559)
com.shaft.gui.element.ElementActions.getElementsCount(ElementActions.java:261)
com.shaft.validation.ValidationsHelper.validateElementExists(ValidationsHelper.java:149)
com.shaft.validation.ValidationsExecutor.perform(ValidationsExecutor.java:146)
testPackage01.appium.AndroidBasicInteractionsTest.visualElementIdentification_requiresProcessing(AndroidBasicInteractionsTest.java:90)
java.base/jdk.internal.reflect.NativeMethodAccessorImpl.invoke0(Native Method)
java.base/jdk.internal.reflect.NativeMethodAccessorImpl.invoke(NativeMethodAccessorImpl.java:77)
java.base/jdk.internal.reflect.DelegatingMethodAccessorImpl.invoke(DelegatingMethodAccessorImpl.java:43)
java.base/java.lang.reflect.Method.invoke(Method.java:568)
org.testng.internal.MethodInvocationHelper.invokeMethod(MethodInvocationHelper.java:133)
org.testng.internal.TestInvoker.invokeMethod(TestInvoker.java:598)
org.testng.internal.TestInvoker.invokeTestMethod(TestInvoker.java:173)
org.testng.internal.MethodRunner.runInSequence(MethodRunner.java:46)
org.testng.internal.TestInvoker$MethodInvocationAgent.invoke(TestInvoker.java:824)
org.testng.internal.TestInvoker.invokeTestMethods(TestInvoker.java:146)
org.testng.internal.TestMethodWorker.invokeTestMethods(TestMethodWorker.java:146)
org.testng.internal.TestMethodWorker.run(TestMethodWorker.java:128)
java.base/java.util.ArrayList.forEach(ArrayList.java:1511)
org.testng.TestRunner.privateRun(TestRunner.java:794)
org.testng.TestRunner.run(TestRunner.java:596)
org.testng.SuiteRunner.runTest(SuiteRunner.java:377)
org.testng.SuiteRunner.runSequentially(SuiteRunner.java:371)
org.testng.SuiteRunner.privateRun(SuiteRunner.java:332)
org.testng.SuiteRunner.run(SuiteRunner.java:276)
org.testng.SuiteRunnerWorker.runSuite(SuiteRunnerWorker.java:53)
org.testng.SuiteRunnerWorker.run(SuiteRunnerWorker.java:96)
org.testng.TestNG.runSuitesSequentially(TestNG.java:1212)
org.testng.TestNG.runSuitesLocally(TestNG.java:1134)
org.testng.TestNG.runSuites(TestNG.java:1063)
org.testng.TestNG.run(TestNG.java:1031)
org.apache.maven.surefire.testng.TestNGExecutor.run(TestNGExecutor.java:136)
org.apache.maven.surefire.testng.TestNGDirectoryTestSuite.executeSingleClass(TestNGDirectoryTestSuite.java:112)
org.apache.maven.surefire.testng.TestNGDirectoryTestSuite.execute(TestNGDirectoryTestSuite.java:99)
org.apache.maven.surefire.testng.TestNGProvider.invoke(TestNGProvider.java:145)
org.apache.maven.surefire.booter.ForkedBooter.runSuitesInProcess(ForkedBooter.java:428)
org.apache.maven.surefire.booter.ForkedBooter.execute(ForkedBooter.java:162)
org.apache.maven.surefire.booter.ForkedBooter.run(ForkedBooter.java:562)
org.apache.maven.surefire.booter.ForkedBooter.main(ForkedBooter.java:548)

Caused by: org.openqa.selenium.NoSuchElementException:
An element could not be located on the page using the given search parameters.
For documentation on this error, please visit: https://selenium.dev/exceptions/#no_such_element
Build info: version: '4.1.0', revision: '87802e897b'
System info: host: 'Mac-1638062869496.local', ip: '10.212.20.242', os.name: 'Mac OS X', os.arch: 'x86_64', os.version: '11.5', java.version: '17.0.1'
Driver info: io.appium.java_client.android.AndroidDriver
Command: [65c59e3e-8bcc-4e40-87a0-62b70ad321fa, findElement {using=accessibility id, value=Assets}]
Capabilities {appium:app: /Users/runner/work/SHAFT_EN..., appium:appPackage: io.appium.android.apis, appium:appWaitActivity: *, appium:automationName: UIAutomator2, appium:databaseEnabled: false, appium:desired: {app: /Users/runner/work/SHAFT_EN..., appWaitActivity: *, automationName: UIAutomator2, disableWindowAnimation: true, platformName: android}, appium:deviceApiLevel: 30, appium:deviceManufacturer: unknown, appium:deviceModel: Android SDK built for x86, appium:deviceName: emulator-5554, appium:deviceScreenDensity: 320, appium:deviceScreenSize: 720x1280, appium:deviceUDID: emulator-5554, appium:disableWindowAnimation: true, appium:javascriptEnabled: true, appium:locationContextEnabled: false, appium:networkConnectionEnabled: true, appium:pixelRatio: 2, appium:platformVersion: 11, appium:statBarHeight: 48, appium:takesScreenshot: true, appium:viewportRect: {height: 1136, left: 0, top: 48, width: 720}, appium:warnings: {}, appium:webStorageEnabled: false, platformName: android}
Session ID: 65c59e3e-8bcc-4e40-87a0-62b70ad321fa
jdk.internal.reflect.GeneratedConstructorAccessor13.newInstance(Unknown Source)
java.base/jdk.internal.reflect.DelegatingConstructorAccessorImpl.newInstance(DelegatingConstructorAccessorImpl.java:45)
java.base/java.lang.reflect.Constructor.newInstanceWithCaller(Constructor.java:499)
java.base/java.lang.reflect.Constructor.newInstance(Constructor.java:480)
org.openqa.selenium.remote.codec.w3c.W3CHttpResponseCodec.createException(W3CHttpResponseCodec.java:200)
org.openqa.selenium.remote.codec.w3c.W3CHttpResponseCodec.decode(W3CHttpResponseCodec.java:133)
org.openqa.selenium.remote.codec.w3c.W3CHttpResponseCodec.decode(W3CHttpResponseCodec.java:53)
org.openqa.selenium.remote.HttpCommandExecutor.execute(HttpCommandExecutor.java:184)
io.appium.java_client.remote.AppiumCommandExecutor.execute(AppiumCommandExecutor.java:180)
org.openqa.selenium.remote.RemoteWebDriver.execute(RemoteWebDriver.java:559)
org.openqa.selenium.remote.ElementLocation$ElementFinder$2.findElement(ElementLocation.java:162)
org.openqa.selenium.remote.ElementLocation.findElement(ElementLocation.java:60)
org.openqa.selenium.remote.RemoteWebDriver.findElement(RemoteWebDriver.java:383)
org.openqa.selenium.remote.RemoteWebDriver.findElement(RemoteWebDriver.java:375)
com.shaft.gui.element.ElementActionsHelper.lambda$waitForElementPresence$0(ElementActionsHelper.java:68)
org.openqa.selenium.support.ui.FluentWait.until(FluentWait.java:208)
com.shaft.gui.element.ElementActionsHelper.waitForElementPresence(ElementActionsHelper.java:63)
com.shaft.gui.element.ElementActionsHelper.waitForElementPresence(ElementActionsHelper.java:37)
com.shaft.gui.element.WebDriverElementActions.getMatchingElementsCount(WebDriverElementActions.java:1468)
com.shaft.gui.element.WebDriverElementActions.getElementsCount(WebDriverElementActions.java:559)
com.shaft.gui.element.ElementActions.getElementsCount(ElementActions.java:261)
com.shaft.validation.ValidationsHelper.validateElementExists(ValidationsHelper.java:149)
com.shaft.validation.ValidationsExecutor.perform(ValidationsExecutor.java:146)
testPackage01.appium.AndroidBasicInteractionsTest.visualElementIdentification_requiresProcessing(AndroidBasicInteractionsTest.java:90)
java.base/jdk.internal.reflect.NativeMethodAccessorImpl.invoke0(Native Method)
java.base/jdk.internal.reflect.NativeMethodAccessorImpl.invoke(NativeMethodAccessorImpl.java:77)
java.base/jdk.internal.reflect.DelegatingMethodAccessorImpl.invoke(DelegatingMethodAccessorImpl.java:43)
java.base/java.lang.reflect.Method.invoke(Method.java:568)
org.testng.internal.MethodInvocationHelper.invokeMethod(MethodInvocationHelper.java:133)
org.testng.internal.TestInvoker.invokeMethod(TestInvoker.java:598)
org.testng.internal.TestInvoker.invokeTestMethod(TestInvoker.java:173)
org.testng.internal.MethodRunner.runInSequence(MethodRunner.java:46)
org.testng.internal.TestInvoker$MethodInvocationAgent.invoke(TestInvoker.java:824)
org.testng.internal.TestInvoker.invokeTestMethods(TestInvoker.java:146)
org.testng.internal.TestMethodWorker.invokeTestMethods(TestMethodWorker.java:146)
org.testng.internal.TestMethodWorker.run(TestMethodWorker.java:128)
java.base/java.util.ArrayList.forEach(ArrayList.java:1511)
org.testng.TestRunner.privateRun(TestRunner.java:794)
org.testng.TestRunner.run(TestRunner.java:596)
org.testng.SuiteRunner.runTest(SuiteRunner.java:377)
org.testng.SuiteRunner.runSequentially(SuiteRunner.java:371)
org.testng.SuiteRunner.privateRun(SuiteRunner.java:332)
org.testng.SuiteRunner.run(SuiteRunner.java:276)
org.testng.SuiteRunnerWorker.runSuite(SuiteRunnerWorker.java:53)
org.testng.SuiteRunnerWorker.run(SuiteRunnerWorker.java:96)
org.testng.TestNG.runSuitesSequentially(TestNG.java:1212)
org.testng.TestNG.runSuitesLocally(TestNG.java:1134)
org.testng.TestNG.runSuites(TestNG.java:1063)
org.testng.TestNG.run(TestNG.java:1031)
org.apache.maven.surefire.testng.TestNGExecutor.run(TestNGExecutor.java:136)
org.apache.maven.surefire.testng.TestNGDirectoryTestSuite.executeSingleClass(TestNGDirectoryTestSuite.java:112)
org.apache.maven.surefire.testng.TestNGDirectoryTestSuite.execute(TestNGDirectoryTestSuite.java:99)
org.apache.maven.surefire.testng.TestNGProvider.invoke(TestNGProvider.java:145)
org.apache.maven.surefire.booter.ForkedBooter.runSuitesInProcess(ForkedBooter.java:428)
org.apache.maven.surefire.booter.ForkedBooter.execute(ForkedBooter.java:162)
org.apache.maven.surefire.booter.ForkedBooter.run(ForkedBooter.java:562)
org.apache.maven.surefire.booter.ForkedBooter.main(ForkedBooter.java:548) @28-11-2021 02:00:15.0677 AM
[ReportManager] org.openqa.selenium.TimeoutException:
Expected condition failed: waiting for com.shaft.gui.element.ElementActionsHelper$$Lambda$616/0x0000000801102220@26acbc9d (tried for 5 second(s) with 1000 milliseconds interval)
org.openqa.selenium.support.ui.FluentWait.timeoutException(FluentWait.java:263)
org.openqa.selenium.support.ui.FluentWait.until(FluentWait.java:231)
com.shaft.gui.element.ElementActionsHelper.waitForElementPresence(ElementActionsHelper.java:63)
com.shaft.gui.element.ElementActionsHelper.waitForElementPresence(ElementActionsHelper.java:37)
com.shaft.gui.element.WebDriverElementActions.getMatchingElementsCount(WebDriverElementActions.java:1468)
com.shaft.gui.element.WebDriverElementActions.getElementsCount(WebDriverElementActions.java:559)
com.shaft.gui.element.ElementActions.getElementsCount(ElementActions.java:261)
com.shaft.gui.image.ScreenshotManager.internalCaptureScreenShot(ScreenshotManager.java:394)
com.shaft.gui.image.ScreenshotManager.captureScreenShot(ScreenshotManager.java:141)
com.shaft.validation.ValidationsHelper.reportValidationState(ValidationsHelper.java:823)
com.shaft.validation.ValidationsHelper.fail(ValidationsHelper.java:588)
com.shaft.validation.ValidationsHelper.validateElementExists(ValidationsHelper.java:155)
com.shaft.validation.ValidationsExecutor.perform(ValidationsExecutor.java:146)
testPackage01.appium.AndroidBasicInteractionsTest.visualElementIdentification_requiresProcessing(AndroidBasicInteractionsTest.java:90)
java.base/jdk.internal.reflect.NativeMethodAccessorImpl.invoke0(Native Method)
java.base/jdk.internal.reflect.NativeMethodAccessorImpl.invoke(NativeMethodAccessorImpl.java:77)
java.base/jdk.internal.reflect.DelegatingMethodAccessorImpl.invoke(DelegatingMethodAccessorImpl.java:43)
java.base/java.lang.reflect.Method.invoke(Method.java:568)
org.testng.internal.MethodInvocationHelper.invokeMethod(MethodInvocationHelper.java:133)
org.testng.internal.TestInvoker.invokeMethod(TestInvoker.java:598)
org.testng.internal.TestInvoker.invokeTestMethod(TestInvoker.java:173)
org.testng.internal.MethodRunner.runInSequence(MethodRunner.java:46)
org.testng.internal.TestInvoker$MethodInvocationAgent.invoke(TestInvoker.java:824)
org.testng.internal.TestInvoker.invokeTestMethods(TestInvoker.java:146)
org.testng.internal.TestMethodWorker.invokeTestMethods(TestMethodWorker.java:146)
org.testng.internal.TestMethodWorker.run(TestMethodWorker.java:128)
java.base/java.util.ArrayList.forEach(ArrayList.java:1511)
org.testng.TestRunner.privateRun(TestRunner.java:794)
org.testng.TestRunner.run(TestRunner.java:596)
org.testng.SuiteRunner.runTest(SuiteRunner.java:377)
org.testng.SuiteRunner.runSequentially(SuiteRunner.java:371)
org.testng.SuiteRunner.privateRun(SuiteRunner.java:332)
org.testng.SuiteRunner.run(SuiteRunner.java:276)
org.testng.SuiteRunnerWorker.runSuite(SuiteRunnerWorker.java:53)
org.testng.SuiteRunnerWorker.run(SuiteRunnerWorker.java:96)
org.testng.TestNG.runSuitesSequentially(TestNG.java:1212)
org.testng.TestNG.runSuitesLocally(TestNG.java:1134)
org.testng.TestNG.runSuites(TestNG.java:1063)
org.testng.TestNG.run(TestNG.java:1031)
org.apache.maven.surefire.testng.TestNGExecutor.run(TestNGExecutor.java:136)
org.apache.maven.surefire.testng.TestNGDirectoryTestSuite.executeSingleClass(TestNGDirectoryTestSuite.java:112)
org.apache.maven.surefire.testng.TestNGDirectoryTestSuite.execute(TestNGDirectoryTestSuite.java:99)
org.apache.maven.surefire.testng.TestNGProvider.invoke(TestNGProvider.java:145)
org.apache.maven.surefire.booter.ForkedBooter.runSuitesInProcess(ForkedBooter.java:428)
org.apache.maven.surefire.booter.ForkedBooter.execute(ForkedBooter.java:162)
org.apache.maven.surefire.booter.ForkedBooter.run(ForkedBooter.java:562)
org.apache.maven.surefire.booter.ForkedBooter.main(ForkedBooter.java:548)

Caused by: org.openqa.selenium.NoSuchElementException:
An element could not be located on the page using the given search parameters.
For documentation on this error, please visit: https://selenium.dev/exceptions/#no_such_element
Build info: version: '4.1.0', revision: '87802e897b'
System info: host: 'Mac-1638062869496.local', ip: '10.212.20.242', os.name: 'Mac OS X', os.arch: 'x86_64', os.version: '11.5', java.version: '17.0.1'
Driver info: io.appium.java_client.android.AndroidDriver
Command: [65c59e3e-8bcc-4e40-87a0-62b70ad321fa, findElement {using=accessibility id, value=Assets}]
Capabilities {appium:app: /Users/runner/work/SHAFT_EN..., appium:appPackage: io.appium.android.apis, appium:appWaitActivity: *, appium:automationName: UIAutomator2, appium:databaseEnabled: false, appium:desired: {app: /Users/runner/work/SHAFT_EN..., appWaitActivity: *, automationName: UIAutomator2, disableWindowAnimation: true, platformName: android}, appium:deviceApiLevel: 30, appium:deviceManufacturer: unknown, appium:deviceModel: Android SDK built for x86, appium:deviceName: emulator-5554, appium:deviceScreenDensity: 320, appium:deviceScreenSize: 720x1280, appium:deviceUDID: emulator-5554, appium:disableWindowAnimation: true, appium:javascriptEnabled: true, appium:locationContextEnabled: false, appium:networkConnectionEnabled: true, appium:pixelRatio: 2, appium:platformVersion: 11, appium:statBarHeight: 48, appium:takesScreenshot: true, appium:viewportRect: {height: 1136, left: 0, top: 48, width: 720}, appium:warnings: {}, appium:webStorageEnabled: false, platformName: android}
Session ID: 65c59e3e-8bcc-4e40-87a0-62b70ad321fa
jdk.internal.reflect.GeneratedConstructorAccessor13.newInstance(Unknown Source)
java.base/jdk.internal.reflect.DelegatingConstructorAccessorImpl.newInstance(DelegatingConstructorAccessorImpl.java:45)
java.base/java.lang.reflect.Constructor.newInstanceWithCaller(Constructor.java:499)
java.base/java.lang.reflect.Constructor.newInstance(Constructor.java:480)
org.openqa.selenium.remote.codec.w3c.W3CHttpResponseCodec.createException(W3CHttpResponseCodec.java:200)
org.openqa.selenium.remote.codec.w3c.W3CHttpResponseCodec.decode(W3CHttpResponseCodec.java:133)
org.openqa.selenium.remote.codec.w3c.W3CHttpResponseCodec.decode(W3CHttpResponseCodec.java:53)
org.openqa.selenium.remote.HttpCommandExecutor.execute(HttpCommandExecutor.java:184)
io.appium.java_client.remote.AppiumCommandExecutor.execute(AppiumCommandExecutor.java:180)
org.openqa.selenium.remote.RemoteWebDriver.execute(RemoteWebDriver.java:559)
org.openqa.selenium.remote.ElementLocation$ElementFinder$2.findElement(ElementLocation.java:162)
org.openqa.selenium.remote.ElementLocation.findElement(ElementLocation.java:60)
org.openqa.selenium.remote.RemoteWebDriver.findElement(RemoteWebDriver.java:383)
org.openqa.selenium.remote.RemoteWebDriver.findElement(RemoteWebDriver.java:375)
com.shaft.gui.element.ElementActionsHelper.lambda$waitForElementPresence$0(ElementActionsHelper.java:68)
org.openqa.selenium.support.ui.FluentWait.until(FluentWait.java:208)
com.shaft.gui.element.ElementActionsHelper.waitForElementPresence(ElementActionsHelper.java:63)
com.shaft.gui.element.ElementActionsHelper.waitForElementPresence(ElementActionsHelper.java:37)
com.shaft.gui.element.WebDriverElementActions.getMatchingElementsCount(WebDriverElementActions.java:1468)
com.shaft.gui.element.WebDriverElementActions.getElementsCount(WebDriverElementActions.java:559)
com.shaft.gui.element.ElementActions.getElementsCount(ElementActions.java:261)
com.shaft.gui.image.ScreenshotManager.internalCaptureScreenShot(ScreenshotManager.java:394)
com.shaft.gui.image.ScreenshotManager.captureScreenShot(ScreenshotManager.java:141)
com.shaft.validation.ValidationsHelper.reportValidationState(ValidationsHelper.java:823)
com.shaft.validation.ValidationsHelper.fail(ValidationsHelper.java:588)
com.shaft.validation.ValidationsHelper.validateElementExists(ValidationsHelper.java:155)
com.shaft.validation.ValidationsExecutor.perform(ValidationsExecutor.java:146)
testPackage01.appium.AndroidBasicInteractionsTest.visualElementIdentification_requiresProcessing(AndroidBasicInteractionsTest.java:90)
java.base/jdk.internal.reflect.NativeMethodAccessorImpl.invoke0(Native Method)
java.base/jdk.internal.reflect.NativeMethodAccessorImpl.invoke(NativeMethodAccessorImpl.java:77)
java.base/jdk.internal.reflect.DelegatingMethodAccessorImpl.invoke(DelegatingMethodAccessorImpl.java:43)
java.base/java.lang.reflect.Method.invoke(Method.java:568)
org.testng.internal.MethodInvocationHelper.invokeMethod(MethodInvocationHelper.java:133)
org.testng.internal.TestInvoker.invokeMethod(TestInvoker.java:598)
org.testng.internal.TestInvoker.invokeTestMethod(TestInvoker.java:173)
org.testng.internal.MethodRunner.runInSequence(MethodRunner.java:46)
org.testng.internal.TestInvoker$MethodInvocationAgent.invoke(TestInvoker.java:824)
org.testng.internal.TestInvoker.invokeTestMethods(TestInvoker.java:146)
org.testng.internal.TestMethodWorker.invokeTestMethods(TestMethodWorker.java:146)
org.testng.internal.TestMethodWorker.run(TestMethodWorker.java:128)
java.base/java.util.ArrayList.forEach(ArrayList.java:1511)
org.testng.TestRunner.privateRun(TestRunner.java:794)
org.testng.TestRunner.run(TestRunner.java:596)
org.testng.SuiteRunner.runTest(SuiteRunner.java:377)
org.testng.SuiteRunner.runSequentially(SuiteRunner.java:371)
org.testng.SuiteRunner.privateRun(SuiteRunner.java:332)
org.testng.SuiteRunner.run(SuiteRunner.java:276)
org.testng.SuiteRunnerWorker.runSuite(SuiteRunnerWorker.java:53)
org.testng.SuiteRunnerWorker.run(SuiteRunnerWorker.java:96)
org.testng.TestNG.runSuitesSequentially(TestNG.java:1212)
org.testng.TestNG.runSuitesLocally(TestNG.java:1134)
org.testng.TestNG.runSuites(TestNG.java:1063)
org.testng.TestNG.run(TestNG.java:1031)
org.apache.maven.surefire.testng.TestNGExecutor.run(TestNGExecutor.java:136)
org.apache.maven.surefire.testng.TestNGDirectoryTestSuite.executeSingleClass(TestNGDirectoryTestSuite.java:112)
org.apache.maven.surefire.testng.TestNGDirectoryTestSuite.execute(TestNGDirectoryTestSuite.java:99)
org.apache.maven.surefire.testng.TestNGProvider.invoke(TestNGProvider.java:145)
org.apache.maven.surefire.booter.ForkedBooter.runSuitesInProcess(ForkedBooter.java:428)
org.apache.maven.surefire.booter.ForkedBooter.execute(ForkedBooter.java:162)
org.apache.maven.surefire.booter.ForkedBooter.run(ForkedBooter.java:562)
org.apache.maven.surefire.booter.ForkedBooter.main(ForkedBooter.java:548) @28-11-2021 02:00:21.0411 AM
[ReportManager] File Action [CreateFile] successfully performed. With the following test data [Target Folder: "allure-results//screenshots/20211128-015544", Target File: "/1638064821579_visualElementIdentification_requiresProcessing.gif"]. @28-11-2021 02:00:21.0593 AM
[ReportManager] Assertion Failed: Then I Assert that the element found by [AppiumBy.accessibilityId: Assets] exists. @28-11-2021 02:00:22.0113 AM
[ReportManager] Successfully created attachment [Screenshot - 1638064821579_visualElementIdentification_requiresProcessing_ValidateElementExists_failed] @28-11-2021 02:00:22.0114 AM
[ReportManager] Assertion [ValidateElementExists] FAILED. Expected [Element Should Exist, locator 'AppiumBy.accessibilityId: Assets'] and Actual [Element Doesn't Exists]. Comparison Type [EQUALS]. Validation Type [POSITIVE]. @28-11-2021 02:00:22.0114 AM
[ReportManager] Successfully created attachment [Animated Gif - visualElementIdentification_requiresProcessing] @28-11-2021 02:00:22.0115 A
[ReportManager] Successfully created attachment [Video Recording - teardown] @28-11-2021 02:00:22.0899 AM
[ReportManager] Successfully Closed All Drivers. @28-11-2021 02:00:23.0225 A
[ReportManager] File Action [GetAbsolutePath] successfully performed. With the following test data [Relative Folder Path: "target/downloadedFiles/"]. @28-11-2021 02:00:23.0227 AM
[ReportManager] Attempting to run remotely on: [Android], [http://0.0.0.0:4723/wd/hub]. @28-11-2021 02:00:23.0228 AM
[ReportManager] File Action [GetAbsolutePath] successfully performed. With the following test data [Relative Folder Path: "src/test/resources/testDataFiles/apps/ApiDemos-debug.apk"]. @28-11-2021 02:00:23.0228 AM
[ReportManager] Successfully Opened [NativeMobileApp]. @28-11-2021 02:00:30.0056 AM
[ReportManager] Started recording device screen @28-11-2021 02:00:30.0579 A

################################################################################################################################################
Starting Execution:	[8 out of 8] test cases in the current suite
Test Method:		[testPackage01.appium.AndroidBasicInteractionsTest.visualElementIdentification_samedpi]
################################################################################################################################################
[ReportManager] File Action [DoesFileExist] successfully performed. With the following test data [File Path: "src/main/resources/dynamicObjectRepository/content.png"]. @28-11-2021 02:00:30.0762 AM
[ReportManager] Loaded Shared OpenCV @28-11-2021 02:00:30.0763 AM
[ReportManager] Successfully identified the element using AI; OpenCV. @28-11-2021 02:00:30.0843 AM
[ReportManager] Element Action [Tap] successfully performed. @28-11-2021 02:00:31.0110 AM
[ReportManager] org.openqa.selenium.TimeoutException:
Expected condition failed: waiting for com.shaft.gui.element.ElementActionsHelper$$Lambda$616/0x0000000801102220@592efd6 (tried for 25 second(s) with 1000 milliseconds interval)
org.openqa.selenium.support.ui.FluentWait.timeoutException(FluentWait.java:263)
org.openqa.selenium.support.ui.FluentWait.until(FluentWait.java:231)
com.shaft.gui.element.ElementActionsHelper.waitForElementPresence(ElementActionsHelper.java:63)
com.shaft.gui.element.ElementActionsHelper.waitForElementPresence(ElementActionsHelper.java:37)
com.shaft.gui.element.WebDriverElementActions.getMatchingElementsCount(WebDriverElementActions.java:1468)
com.shaft.gui.element.WebDriverElementActions.getElementsCount(WebDriverElementActions.java:559)
com.shaft.gui.element.ElementActions.getElementsCount(ElementActions.java:261)
com.shaft.validation.ValidationsHelper.validateElementExists(ValidationsHelper.java:149)
com.shaft.validation.ValidationsExecutor.perform(ValidationsExecutor.java:146)
testPackage01.appium.AndroidBasicInteractionsTest.visualElementIdentification_samedpi(AndroidBasicInteractionsTest.java:81)
java.base/jdk.internal.reflect.NativeMethodAccessorImpl.invoke0(Native Method)
java.base/jdk.internal.reflect.NativeMethodAccessorImpl.invoke(NativeMethodAccessorImpl.java:77)
java.base/jdk.internal.reflect.DelegatingMethodAccessorImpl.invoke(DelegatingMethodAccessorImpl.java:43)
java.base/java.lang.reflect.Method.invoke(Method.java:568)
org.testng.internal.MethodInvocationHelper.invokeMethod(MethodInvocationHelper.java:133)
org.testng.internal.TestInvoker.invokeMethod(TestInvoker.java:598)
org.testng.internal.TestInvoker.invokeTestMethod(TestInvoker.java:173)
org.testng.internal.MethodRunner.runInSequence(MethodRunner.java:46)
org.testng.internal.TestInvoker$MethodInvocationAgent.invoke(TestInvoker.java:824)
org.testng.internal.TestInvoker.invokeTestMethods(TestInvoker.java:146)
org.testng.internal.TestMethodWorker.invokeTestMethods(TestMethodWorker.java:146)
org.testng.internal.TestMethodWorker.run(TestMethodWorker.java:128)
java.base/java.util.ArrayList.forEach(ArrayList.java:1511)
org.testng.TestRunner.privateRun(TestRunner.java:794)
org.testng.TestRunner.run(TestRunner.java:596)
org.testng.SuiteRunner.runTest(SuiteRunner.java:377)
org.testng.SuiteRunner.runSequentially(SuiteRunner.java:371)
org.testng.SuiteRunner.privateRun(SuiteRunner.java:332)
org.testng.SuiteRunner.run(SuiteRunner.java:276)
org.testng.SuiteRunnerWorker.runSuite(SuiteRunnerWorker.java:53)
org.testng.SuiteRunnerWorker.run(SuiteRunnerWorker.java:96)
org.testng.TestNG.runSuitesSequentially(TestNG.java:1212)
org.testng.TestNG.runSuitesLocally(TestNG.java:1134)
org.testng.TestNG.runSuites(TestNG.java:1063)
org.testng.TestNG.run(TestNG.java:1031)
org.apache.maven.surefire.testng.TestNGExecutor.run(TestNGExecutor.java:136)
org.apache.maven.surefire.testng.TestNGDirectoryTestSuite.executeSingleClass(TestNGDirectoryTestSuite.java:112)
org.apache.maven.surefire.testng.TestNGDirectoryTestSuite.execute(TestNGDirectoryTestSuite.java:99)
org.apache.maven.surefire.testng.TestNGProvider.invoke(TestNGProvider.java:145)
org.apache.maven.surefire.booter.ForkedBooter.runSuitesInProcess(ForkedBooter.java:428)
org.apache.maven.surefire.booter.ForkedBooter.execute(ForkedBooter.java:162)
org.apache.maven.surefire.booter.ForkedBooter.run(ForkedBooter.java:562)
org.apache.maven.surefire.booter.ForkedBooter.main(ForkedBooter.java:548)

Caused by: org.openqa.selenium.NoSuchElementException:
An element could not be located on the page using the given search parameters.
For documentation on this error, please visit: https://selenium.dev/exceptions/#no_such_element
Build info: version: '4.1.0', revision: '87802e897b'
System info: host: 'Mac-1638062869496.local', ip: '10.212.20.242', os.name: 'Mac OS X', os.arch: 'x86_64', os.version: '11.5', java.version: '17.0.1'
Driver info: io.appium.java_client.android.AndroidDriver
Command: [e88545cf-14a0-4e0f-93f2-5350b9437aa6, findElement {using=accessibility id, value=Assets}]
Capabilities {appium:app: /Users/runner/work/SHAFT_EN..., appium:appPackage: io.appium.android.apis, appium:appWaitActivity: *, appium:automationName: UIAutomator2, appium:databaseEnabled: false, appium:desired: {app: /Users/runner/work/SHAFT_EN..., appWaitActivity: *, automationName: UIAutomator2, disableWindowAnimation: true, platformName: android}, appium:deviceApiLevel: 30, appium:deviceManufacturer: unknown, appium:deviceModel: Android SDK built for x86, appium:deviceName: emulator-5554, appium:deviceScreenDensity: 320, appium:deviceScreenSize: 720x1280, appium:deviceUDID: emulator-5554, appium:disableWindowAnimation: true, appium:javascriptEnabled: true, appium:locationContextEnabled: false, appium:networkConnectionEnabled: true, appium:pixelRatio: 2, appium:platformVersion: 11, appium:statBarHeight: 48, appium:takesScreenshot: true, appium:viewportRect: {height: 1136, left: 0, top: 48, width: 720}, appium:warnings: {}, appium:webStorageEnabled: false, platformName: android}
Session ID: e88545cf-14a0-4e0f-93f2-5350b9437aa6
jdk.internal.reflect.GeneratedConstructorAccessor13.newInstance(Unknown Source)
java.base/jdk.internal.reflect.DelegatingConstructorAccessorImpl.newInstance(DelegatingConstructorAccessorImpl.java:45)
java.base/java.lang.reflect.Constructor.newInstanceWithCaller(Constructor.java:499)
java.base/java.lang.reflect.Constructor.newInstance(Constructor.java:480)
org.openqa.selenium.remote.codec.w3c.W3CHttpResponseCodec.createException(W3CHttpResponseCodec.java:200)
org.openqa.selenium.remote.codec.w3c.W3CHttpResponseCodec.decode(W3CHttpResponseCodec.java:133)
org.openqa.selenium.remote.codec.w3c.W3CHttpResponseCodec.decode(W3CHttpResponseCodec.java:53)
org.openqa.selenium.remote.HttpCommandExecutor.execute(HttpCommandExecutor.java:184)
io.appium.java_client.remote.AppiumCommandExecutor.execute(AppiumCommandExecutor.java:180)
org.openqa.selenium.remote.RemoteWebDriver.execute(RemoteWebDriver.java:559)
org.openqa.selenium.remote.ElementLocation$ElementFinder$2.findElement(ElementLocation.java:162)
org.openqa.selenium.remote.ElementLocation.findElement(ElementLocation.java:60)
org.openqa.selenium.remote.RemoteWebDriver.findElement(RemoteWebDriver.java:383)
org.openqa.selenium.remote.RemoteWebDriver.findElement(RemoteWebDriver.java:375)
com.shaft.gui.element.ElementActionsHelper.lambda$waitForElementPresence$0(ElementActionsHelper.java:68)
org.openqa.selenium.support.ui.FluentWait.until(FluentWait.java:208)
com.shaft.gui.element.ElementActionsHelper.waitForElementPresence(ElementActionsHelper.java:63)
com.shaft.gui.element.ElementActionsHelper.waitForElementPresence(ElementActionsHelper.java:37)
com.shaft.gui.element.WebDriverElementActions.getMatchingElementsCount(WebDriverElementActions.java:1468)
com.shaft.gui.element.WebDriverElementActions.getElementsCount(WebDriverElementActions.java:559)
com.shaft.gui.element.ElementActions.getElementsCount(ElementActions.java:261)
com.shaft.validation.ValidationsHelper.validateElementExists(ValidationsHelper.java:149)
com.shaft.validation.ValidationsExecutor.perform(ValidationsExecutor.java:146)
testPackage01.appium.AndroidBasicInteractionsTest.visualElementIdentification_samedpi(AndroidBasicInteractionsTest.java:81)
java.base/jdk.internal.reflect.NativeMethodAccessorImpl.invoke0(Native Method)
java.base/jdk.internal.reflect.NativeMethodAccessorImpl.invoke(NativeMethodAccessorImpl.java:77)
java.base/jdk.internal.reflect.DelegatingMethodAccessorImpl.invoke(DelegatingMethodAccessorImpl.java:43)
java.base/java.lang.reflect.Method.invoke(Method.java:568)
org.testng.internal.MethodInvocationHelper.invokeMethod(MethodInvocationHelper.java:133)
org.testng.internal.TestInvoker.invokeMethod(TestInvoker.java:598)
org.testng.internal.TestInvoker.invokeTestMethod(TestInvoker.java:173)
org.testng.internal.MethodRunner.runInSequence(MethodRunner.java:46)
org.testng.internal.TestInvoker$MethodInvocationAgent.invoke(TestInvoker.java:824)
org.testng.internal.TestInvoker.invokeTestMethods(TestInvoker.java:146)
org.testng.internal.TestMethodWorker.invokeTestMethods(TestMethodWorker.java:146)
org.testng.internal.TestMethodWorker.run(TestMethodWorker.java:128)
java.base/java.util.ArrayList.forEach(ArrayList.java:1511)
org.testng.TestRunner.privateRun(TestRunner.java:794)
org.testng.TestRunner.run(TestRunner.java:596)
org.testng.SuiteRunner.runTest(SuiteRunner.java:377)
org.testng.SuiteRunner.runSequentially(SuiteRunner.java:371)
org.testng.SuiteRunner.privateRun(SuiteRunner.java:332)
org.testng.SuiteRunner.run(SuiteRunner.java:276)
org.testng.SuiteRunnerWorker.runSuite(SuiteRunnerWorker.java:53)
org.testng.SuiteRunnerWorker.run(SuiteRunnerWorker.java:96)
org.testng.TestNG.runSuitesSequentially(TestNG.java:1212)
org.testng.TestNG.runSuitesLocally(TestNG.java:1134)
org.testng.TestNG.runSuites(TestNG.java:1063)
org.testng.TestNG.run(TestNG.java:1031)
org.apache.maven.surefire.testng.TestNGExecutor.run(TestNGExecutor.java:136)
org.apache.maven.surefire.testng.TestNGDirectoryTestSuite.executeSingleClass(TestNGDirectoryTestSuite.java:112)
org.apache.maven.surefire.testng.TestNGDirectoryTestSuite.execute(TestNGDirectoryTestSuite.java:99)
org.apache.maven.surefire.testng.TestNGProvider.invoke(TestNGProvider.java:145)
org.apache.maven.surefire.booter.ForkedBooter.runSuitesInProcess(ForkedBooter.java:428)
org.apache.maven.surefire.booter.ForkedBooter.execute(ForkedBooter.java:162)
org.apache.maven.surefire.booter.ForkedBooter.run(ForkedBooter.java:562)
org.apache.maven.surefire.booter.ForkedBooter.main(ForkedBooter.java:548) @28-11-2021 02:00:56.0630 AM
[ReportManager] org.openqa.selenium.TimeoutException:
Expected condition failed: waiting for com.shaft.gui.element.ElementActionsHelper$$Lambda$616/0x0000000801102220@1cad8bce (tried for 5 second(s) with 1000 milliseconds interval)
org.openqa.selenium.support.ui.FluentWait.timeoutException(FluentWait.java:263)
org.openqa.selenium.support.ui.FluentWait.until(FluentWait.java:231)
com.shaft.gui.element.ElementActionsHelper.waitForElementPresence(ElementActionsHelper.java:63)
com.shaft.gui.element.ElementActionsHelper.waitForElementPresence(ElementActionsHelper.java:37)
com.shaft.gui.element.WebDriverElementActions.getMatchingElementsCount(WebDriverElementActions.java:1468)
com.shaft.gui.element.WebDriverElementActions.getElementsCount(WebDriverElementActions.java:559)
com.shaft.gui.element.ElementActions.getElementsCount(ElementActions.java:261)
com.shaft.gui.image.ScreenshotManager.internalCaptureScreenShot(ScreenshotManager.java:394)
com.shaft.gui.image.ScreenshotManager.captureScreenShot(ScreenshotManager.java:141)
com.shaft.validation.ValidationsHelper.reportValidationState(ValidationsHelper.java:823)
com.shaft.validation.ValidationsHelper.fail(ValidationsHelper.java:588)
com.shaft.validation.ValidationsHelper.validateElementExists(ValidationsHelper.java:155)
com.shaft.validation.ValidationsExecutor.perform(ValidationsExecutor.java:146)
testPackage01.appium.AndroidBasicInteractionsTest.visualElementIdentification_samedpi(AndroidBasicInteractionsTest.java:81)
java.base/jdk.internal.reflect.NativeMethodAccessorImpl.invoke0(Native Method)
java.base/jdk.internal.reflect.NativeMethodAccessorImpl.invoke(NativeMethodAccessorImpl.java:77)
java.base/jdk.internal.reflect.DelegatingMethodAccessorImpl.invoke(DelegatingMethodAccessorImpl.java:43)
java.base/java.lang.reflect.Method.invoke(Method.java:568)
org.testng.internal.MethodInvocationHelper.invokeMethod(MethodInvocationHelper.java:133)
org.testng.internal.TestInvoker.invokeMethod(TestInvoker.java:598)
org.testng.internal.TestInvoker.invokeTestMethod(TestInvoker.java:173)
org.testng.internal.MethodRunner.runInSequence(MethodRunner.java:46)
org.testng.internal.TestInvoker$MethodInvocationAgent.invoke(TestInvoker.java:824)
org.testng.internal.TestInvoker.invokeTestMethods(TestInvoker.java:146)
org.testng.internal.TestMethodWorker.invokeTestMethods(TestMethodWorker.java:146)
org.testng.internal.TestMethodWorker.run(TestMethodWorker.java:128)
java.base/java.util.ArrayList.forEach(ArrayList.java:1511)
org.testng.TestRunner.privateRun(TestRunner.java:794)
org.testng.TestRunner.run(TestRunner.java:596)
org.testng.SuiteRunner.runTest(SuiteRunner.java:377)
org.testng.SuiteRunner.runSequentially(SuiteRunner.java:371)
org.testng.SuiteRunner.privateRun(SuiteRunner.java:332)
org.testng.SuiteRunner.run(SuiteRunner.java:276)
org.testng.SuiteRunnerWorker.runSuite(SuiteRunnerWorker.java:53)
org.testng.SuiteRunnerWorker.run(SuiteRunnerWorker.java:96)
org.testng.TestNG.runSuitesSequentially(TestNG.java:1212)
org.testng.TestNG.runSuitesLocally(TestNG.java:1134)
org.testng.TestNG.runSuites(TestNG.java:1063)
org.testng.TestNG.run(TestNG.java:1031)
org.apache.maven.surefire.testng.TestNGExecutor.run(TestNGExecutor.java:136)
org.apache.maven.surefire.testng.TestNGDirectoryTestSuite.executeSingleClass(TestNGDirectoryTestSuite.java:112)
org.apache.maven.surefire.testng.TestNGDirectoryTestSuite.execute(TestNGDirectoryTestSuite.java:99)
org.apache.maven.surefire.testng.TestNGProvider.invoke(TestNGProvider.java:145)
org.apache.maven.surefire.booter.ForkedBooter.runSuitesInProcess(ForkedBooter.java:428)
org.apache.maven.surefire.booter.ForkedBooter.execute(ForkedBooter.java:162)
org.apache.maven.surefire.booter.ForkedBooter.run(ForkedBooter.java:562)
org.apache.maven.surefire.booter.ForkedBooter.main(ForkedBooter.java:548)

Caused by: org.openqa.selenium.NoSuchElementException:
An element could not be located on the page using the given search parameters.
For documentation on this error, please visit: https://selenium.dev/exceptions/#no_such_element
Build info: version: '4.1.0', revision: '87802e897b'
System info: host: 'Mac-1638062869496.local', ip: '10.212.20.242', os.name: 'Mac OS X', os.arch: 'x86_64', os.version: '11.5', java.version: '17.0.1'
Driver info: io.appium.java_client.android.AndroidDriver
Command: [e88545cf-14a0-4e0f-93f2-5350b9437aa6, findElement {using=accessibility id, value=Assets}]
Capabilities {appium:app: /Users/runner/work/SHAFT_EN..., appium:appPackage: io.appium.android.apis, appium:appWaitActivity: *, appium:automationName: UIAutomator2, appium:databaseEnabled: false, appium:desired: {app: /Users/runner/work/SHAFT_EN..., appWaitActivity: *, automationName: UIAutomator2, disableWindowAnimation: true, platformName: android}, appium:deviceApiLevel: 30, appium:deviceManufacturer: unknown, appium:deviceModel: Android SDK built for x86, appium:deviceName: emulator-5554, appium:deviceScreenDensity: 320, appium:deviceScreenSize: 720x1280, appium:deviceUDID: emulator-5554, appium:disableWindowAnimation: true, appium:javascriptEnabled: true, appium:locationContextEnabled: false, appium:networkConnectionEnabled: true, appium:pixelRatio: 2, appium:platformVersion: 11, appium:statBarHeight: 48, appium:takesScreenshot: true, appium:viewportRect: {height: 1136, left: 0, top: 48, width: 720}, appium:warnings: {}, appium:webStorageEnabled: false, platformName: android}
Session ID: e88545cf-14a0-4e0f-93f2-5350b9437aa6
jdk.internal.reflect.GeneratedConstructorAccessor13.newInstance(Unknown Source)
java.base/jdk.internal.reflect.DelegatingConstructorAccessorImpl.newInstance(DelegatingConstructorAccessorImpl.java:45)
java.base/java.lang.reflect.Constructor.newInstanceWithCaller(Constructor.java:499)
java.base/java.lang.reflect.Constructor.newInstance(Constructor.java:480)
org.openqa.selenium.remote.codec.w3c.W3CHttpResponseCodec.createException(W3CHttpResponseCodec.java:200)
org.openqa.selenium.remote.codec.w3c.W3CHttpResponseCodec.decode(W3CHttpResponseCodec.java:133)
org.openqa.selenium.remote.codec.w3c.W3CHttpResponseCodec.decode(W3CHttpResponseCodec.java:53)
org.openqa.selenium.remote.HttpCommandExecutor.execute(HttpCommandExecutor.java:184)
io.appium.java_client.remote.AppiumCommandExecutor.execute(AppiumCommandExecutor.java:180)
org.openqa.selenium.remote.RemoteWebDriver.execute(RemoteWebDriver.java:559)
org.openqa.selenium.remote.ElementLocation$ElementFinder$2.findElement(ElementLocation.java:162)
org.openqa.selenium.remote.ElementLocation.findElement(ElementLocation.java:60)
org.openqa.selenium.remote.RemoteWebDriver.findElement(RemoteWebDriver.java:383)
org.openqa.selenium.remote.RemoteWebDriver.findElement(RemoteWebDriver.java:375)
com.shaft.gui.element.ElementActionsHelper.lambda$waitForElementPresence$0(ElementActionsHelper.java:68)
org.openqa.selenium.support.ui.FluentWait.until(FluentWait.java:208)
com.shaft.gui.element.ElementActionsHelper.waitForElementPresence(ElementActionsHelper.java:63)
com.shaft.gui.element.ElementActionsHelper.waitForElementPresence(ElementActionsHelper.java:37)
com.shaft.gui.element.WebDriverElementActions.getMatchingElementsCount(WebDriverElementActions.java:1468)
com.shaft.gui.element.WebDriverElementActions.getElementsCount(WebDriverElementActions.java:559)
com.shaft.gui.element.ElementActions.getElementsCount(ElementActions.java:261)
com.shaft.gui.image.ScreenshotManager.internalCaptureScreenShot(ScreenshotManager.java:394)
com.shaft.gui.image.ScreenshotManager.captureScreenShot(ScreenshotManager.java:141)
com.shaft.validation.ValidationsHelper.reportValidationState(ValidationsHelper.java:823)
com.shaft.validation.ValidationsHelper.fail(ValidationsHelper.java:588)
com.shaft.validation.ValidationsHelper.validateElementExists(ValidationsHelper.java:155)
com.shaft.validation.ValidationsExecutor.perform(ValidationsExecutor.java:146)
testPackage01.appium.AndroidBasicInteractionsTest.visualElementIdentification_samedpi(AndroidBasicInteractionsTest.java:81)
java.base/jdk.internal.reflect.NativeMethodAccessorImpl.invoke0(Native Method)
java.base/jdk.internal.reflect.NativeMethodAccessorImpl.invoke(NativeMethodAccessorImpl.java:77)
java.base/jdk.internal.reflect.DelegatingMethodAccessorImpl.invoke(DelegatingMethodAccessorImpl.java:43)
java.base/java.lang.reflect.Method.invoke(Method.java:568)
org.testng.internal.MethodInvocationHelper.invokeMethod(MethodInvocationHelper.java:133)
org.testng.internal.TestInvoker.invokeMethod(TestInvoker.java:598)
org.testng.internal.TestInvoker.invokeTestMethod(TestInvoker.java:173)
org.testng.internal.MethodRunner.runInSequence(MethodRunner.java:46)
org.testng.internal.TestInvoker$MethodInvocationAgent.invoke(TestInvoker.java:824)
org.testng.internal.TestInvoker.invokeTestMethods(TestInvoker.java:146)
org.testng.internal.TestMethodWorker.invokeTestMethods(TestMethodWorker.java:146)
org.testng.internal.TestMethodWorker.run(TestMethodWorker.java:128)
java.base/java.util.ArrayList.forEach(ArrayList.java:1511)
org.testng.TestRunner.privateRun(TestRunner.java:794)
org.testng.TestRunner.run(TestRunner.java:596)
org.testng.SuiteRunner.runTest(SuiteRunner.java:377)
org.testng.SuiteRunner.runSequentially(SuiteRunner.java:371)
org.testng.SuiteRunner.privateRun(SuiteRunner.java:332)
org.testng.SuiteRunner.run(SuiteRunner.java:276)
org.testng.SuiteRunnerWorker.runSuite(SuiteRunnerWorker.java:53)
org.testng.SuiteRunnerWorker.run(SuiteRunnerWorker.java:96)
org.testng.TestNG.runSuitesSequentially(TestNG.java:1212)
org.testng.TestNG.runSuitesLocally(TestNG.java:1134)
org.testng.TestNG.runSuites(TestNG.java:1063)
org.testng.TestNG.run(TestNG.java:1031)
org.apache.maven.surefire.testng.TestNGExecutor.run(TestNGExecutor.java:136)
org.apache.maven.surefire.testng.TestNGDirectoryTestSuite.executeSingleClass(TestNGDirectoryTestSuite.java:112)
org.apache.maven.surefire.testng.TestNGDirectoryTestSuite.execute(TestNGDirectoryTestSuite.java:99)
org.apache.maven.surefire.testng.TestNGProvider.invoke(TestNGProvider.java:145)
org.apache.maven.surefire.booter.ForkedBooter.runSuitesInProcess(ForkedBooter.java:428)
org.apache.maven.surefire.booter.ForkedBooter.execute(ForkedBooter.java:162)
org.apache.maven.surefire.booter.ForkedBooter.run(ForkedBooter.java:562)
org.apache.maven.surefire.booter.ForkedBooter.main(ForkedBooter.java:548) @28-11-2021 02:01:02.0305 AM
[ReportManager] File Action [CreateFile] successfully performed. With the following test data [Target Folder: "allure-results//screenshots/20211128-015544", Target File: "/1638064862476_visualElementIdentification_samedpi.gif"]. @28-11-2021 02:01:02.0490 AM
[ReportManager] Assertion Failed: Then I Assert that the element found by [AppiumBy.accessibilityId: Assets] exists. @28-11-2021 02:01:03.0011 AM
[ReportManager] Successfully created attachment [Screenshot - 1638064862476_visualElementIdentification_samedpi_ValidateElementExists_failed] @28-11-2021 02:01:03.0012 AM
[ReportManager] Assertion [ValidateElementExists] FAILED. Expected [Element Should Exist, locator 'AppiumBy.accessibilityId: Assets'] and Actual [Element Doesn't Exists]. Comparison Type [EQUALS]. Validation Type [POSITIVE]. @28-11-2021 02:01:03.0012 AM
[ReportManager] Successfully created attachment [Animated Gif - visualElementIdentification_samedpi] @28-11-2021 02:01:03.0013 A
[ReportManager] Successfully created attachment [Video Recording - teardown] @28-11-2021 02:01:03.0830 AM
[ReportManager] Successfully Closed All Drivers. @28-11-2021 02:01:04.0319 A
[ReportManager] Successfully created attachment [SHAFT Engine Logs - Execution log] @28-11-2021 02:01:04.0340 AM

################################################################################################################################################
This test run was powered by SHAFT Engine Version: [SHAFT Engine v5.4.20211122-BETA]
SHAFT Engine is licensed under the MIT License: [https://github.com/MohabMohie/SHAFT_ENGINE/blob/master/LICENSE].
################################################################################################################################################