{
  "uid" : "57c52de1cbe566be",
  "name" : "assertEquals_true_expectedToFail",
  "fullName" : "unitTests.tests_validations_assertions.assertEquals_true_expectedToFail",
  "historyId" : "6279582d02bb323ff2fca935852a8c5f",
  "time" : {
    "start" : 1637286760042,
    "stop" : 1637286760043,
    "duration" : 1
  },
  "status" : "passed",
  "flaky" : false,
  "newFailed" : false,
  "beforeStages" : [ {
    "name" : "setupActivities",
    "time" : {
      "start" : 1637286618130,
      "stop" : 1637286620882,
      "duration" : 2752
    },
    "description" : "",
    "status" : "passed",
    "steps" : [ {
      "name" : "Folder [allure-results] was not found, it may have already been deleted.",
      "time" : {
        "start" : 1637286618241,
        "stop" : 1637286618243,
        "duration" : 2
      },
      "status" : "passed",
      "steps" : [ ],
      "attachments" : [ ],
      "parameters" : [ {
        "name" : "actionCounter",
        "value" : "1"
      }, {
        "name" : "logText",
        "value" : "Folder [allure-results] was not found, it may have already been deleted."
      } ],
      "stepsCount" : 0,
      "attachmentsCount" : 0,
      "shouldDisplayMessage" : false,
      "hasContent" : true
    }, {
      "name" : "Folder [/Users/runner/.m2/repository/allure/] was not found, it may have already been deleted.",
      "time" : {
        "start" : 1637286618244,
        "stop" : 1637286618244,
        "duration" : 0
      },
      "status" : "passed",
      "steps" : [ ],
      "attachments" : [ ],
      "parameters" : [ {
        "name" : "actionCounter",
        "value" : "2"
      }, {
        "name" : "logText",
        "value" : "Folder [/Users/runner/.m2/repository/allure/] was not found, it may have already been deleted."
      } ],
      "stepsCount" : 0,
      "attachmentsCount" : 0,
      "shouldDisplayMessage" : false,
      "hasContent" : true
    }, {
      "name" : "Downloading a file from this url [https://repo.maven.apache.org/maven2/io/qameta/allure/allure-commandline/2.16.1/allure-commandline-2.16.1.zip] to this directory [target/allureBinary.zip], please wait as downloading may take some time...",
      "time" : {
        "start" : 1637286618245,
        "stop" : 1637286618245,
        "duration" : 0
      },
      "status" : "passed",
      "steps" : [ ],
      "attachments" : [ ],
      "parameters" : [ {
        "name" : "actionCounter",
        "value" : "3"
      }, {
        "name" : "logText",
        "value" : "Downloading a file from this url [https://repo.maven.apache.org/maven2/io/qameta/allure/allure-commandline/2.16.1/allure-commandline-2.16.1.zip] to this directory [target/allureBinary.zip], please wait as downloading may take some time..."
      } ],
      "stepsCount" : 0,
      "attachmentsCount" : 0,
      "shouldDisplayMessage" : false,
      "hasContent" : true
    }, {
      "name" : "Terminal Action [PerformTerminalCommands] successfully performed. With the following test data [Host Name: \"localHost\" | Command: \"chmod u+x /Users/runner/.m2/repository/allure/allure-2.16.1/bin/allure\" | Exit Status: \"0\"].",
      "time" : {
        "start" : 1637286619926,
        "stop" : 1637286619926,
        "duration" : 0
      },
      "status" : "passed",
      "steps" : [ ],
      "attachments" : [ ],
      "parameters" : [ {
        "name" : "actionCounter",
        "value" : "4"
      }, {
        "name" : "logText",
        "value" : "Terminal Action [PerformTerminalCommands] successfully performed. With the following test data [Host Name: \"localHost\" | Command: \"chmod u+x /Users/runner/.m2/repository/allure/allure-2.16.1/bin/allure\" | Exit Status: \"0\"]."
      } ],
      "stepsCount" : 0,
      "attachmentsCount" : 0,
      "shouldDisplayMessage" : false,
      "hasContent" : true
    }, {
      "name" : "Terminal Action [PerformTerminalCommands] successfully performed. With the following test data [Host Name: \"localHost\" | Command: \"chmod u+x generate_allure_report.sh\" | Exit Status: \"0\"].",
      "time" : {
        "start" : 1637286619936,
        "stop" : 1637286619937,
        "duration" : 1
      },
      "status" : "passed",
      "steps" : [ ],
      "attachments" : [ ],
      "parameters" : [ {
        "name" : "actionCounter",
        "value" : "5"
      }, {
        "name" : "logText",
        "value" : "Terminal Action [PerformTerminalCommands] successfully performed. With the following test data [Host Name: \"localHost\" | Command: \"chmod u+x generate_allure_report.sh\" | Exit Status: \"0\"]."
      } ],
      "stepsCount" : 0,
      "attachmentsCount" : 0,
      "shouldDisplayMessage" : false,
      "hasContent" : true
    }, {
      "name" : "Folder [extent-reports] was not found, it may have already been deleted.",
      "time" : {
        "start" : 1637286620067,
        "stop" : 1637286620067,
        "duration" : 0
      },
      "status" : "passed",
      "steps" : [ ],
      "attachments" : [ ],
      "parameters" : [ {
        "name" : "actionCounter",
        "value" : "6"
      }, {
        "name" : "logText",
        "value" : "Folder [extent-reports] was not found, it may have already been deleted."
      } ],
      "stepsCount" : 0,
      "attachmentsCount" : 0,
      "shouldDisplayMessage" : false,
      "hasContent" : true
    } ],
    "attachments" : [ {
      "uid" : "554dca318ffbdca5",
      "name" : "Attachment: SHAFT Links - Important",
      "source" : "554dca318ffbdca5.uri",
      "type" : "text/uri-list",
      "size" : 346
    }, {
      "uid" : "fbd0cb5d1666d354",
      "name" : "Attachment: Properties - testNG",
      "source" : "fbd0cb5d1666d354.properties",
      "type" : "text/plain",
      "size" : 492
    }, {
      "uid" : "241b2e26b12ebbf8",
      "name" : "Attachment: Properties - ExecutionPlatform",
      "source" : "241b2e26b12ebbf8.properties",
      "type" : "text/plain",
      "size" : 394
    }, {
      "uid" : "36a260dde05e0ff",
      "name" : "Attachment: Properties - path",
      "source" : "36a260dde05e0ff.properties",
      "type" : "text/plain",
      "size" : 687
    }, {
      "uid" : "14da271be570a6f0",
      "name" : "Attachment: Properties - video",
      "source" : "14da271be570a6f0.properties",
      "type" : "text/plain",
      "size" : 763
    }, {
      "uid" : "8a9f58c835f6524a",
      "name" : "Attachment: Properties - pattern",
      "source" : "8a9f58c835f6524a.properties",
      "type" : "text/plain",
      "size" : 564
    }, {
      "uid" : "1a95e0c6cb8aa2c6",
      "name" : "Attachment: Properties - internal",
      "source" : "1a95e0c6cb8aa2c6.properties",
      "type" : "text/plain",
      "size" : 116
    }, {
      "uid" : "f7aabb441820b891",
      "name" : "Attachment: Properties - MobileCapabilities",
      "source" : "f7aabb441820b891.properties",
      "type" : "text/plain",
      "size" : 470
    }, {
      "uid" : "87b8219c529c83be",
      "name" : "Attachment: Properties - cucumber",
      "source" : "87b8219c529c83be.properties",
      "type" : "text/plain",
      "size" : 226
    }, {
      "uid" : "5544f602374f5c31",
      "name" : "Attachment: Properties - PlatformFlags",
      "source" : "5544f602374f5c31.properties",
      "type" : "text/plain",
      "size" : 765
    }, {
      "uid" : "75136a304fe92473",
      "name" : "Attachment: Properties - Timeouts",
      "source" : "75136a304fe92473.properties",
      "type" : "text/plain",
      "size" : 722
    }, {
      "uid" : "48d77fc92a2c4184",
      "name" : "Attachment: Properties - Reporting",
      "source" : "48d77fc92a2c4184.properties",
      "type" : "text/plain",
      "size" : 614
    }, {
      "uid" : "6400df9d60baa6e9",
      "name" : "Attachment: Properties - browserStack",
      "source" : "6400df9d60baa6e9.properties",
      "type" : "text/plain",
      "size" : 877
    }, {
      "uid" : "3982c9bf7db97cec",
      "name" : "Attachment: Properties - VisualValidations",
      "source" : "3982c9bf7db97cec.properties",
      "type" : "text/plain",
      "size" : 723
    } ],
    "parameters" : [ ],
    "stepsCount" : 6,
    "attachmentsCount" : 14,
    "shouldDisplayMessage" : false,
    "hasContent" : true
  } ],
  "testStage" : {
    "status" : "passed",
    "steps" : [ {
      "name" : "Assertion [ValidateEquals] FAILED. Expected [1] and Actual [2]. Comparison Type [EQUALS]. Validation Type [POSITIVE].",
      "time" : {
        "start" : 1637286760042,
        "stop" : 1637286760042,
        "duration" : 0
      },
      "status" : "passed",
      "steps" : [ ],
      "attachments" : [ ],
      "parameters" : [ {
        "name" : "actionCounter",
        "value" : "305"
      }, {
        "name" : "logText",
        "value" : "Assertion [ValidateEquals] FAILED. Expected [1] and Actual [2]. Comparison Type [EQUALS]. Validation Type [POSITIVE]."
      }, {
        "name" : "attachments",
        "value" : "null"
      } ],
      "stepsCount" : 0,
      "attachmentsCount" : 0,
      "shouldDisplayMessage" : false,
      "hasContent" : true
    } ],
    "attachments" : [ {
      "uid" : "faac97b56c92b8fd",
      "name" : "Attachment: SHAFT Engine Logs - Current Method log: assertEquals_true_expectedToFail",
      "source" : "faac97b56c92b8fd.txt",
      "type" : "text/plain",
      "size" : 608
    } ],
    "parameters" : [ ],
    "stepsCount" : 1,
    "attachmentsCount" : 1,
    "shouldDisplayMessage" : false,
    "hasContent" : true
  },
  "afterStages" : [ ],
  "labels" : [ {
    "name" : "package",
    "value" : "unitTests.tests_validations_assertions"
  }, {
    "name" : "testClass",
    "value" : "unitTests.tests_validations_assertions"
  }, {
    "name" : "testMethod",
    "value" : "assertEquals_true_expectedToFail"
  }, {
    "name" : "parentSuite",
    "value" : "SHAFT: Custom Suite"
  }, {
    "name" : "suite",
    "value" : "SHAFT: Custom Test"
  }, {
    "name" : "subSuite",
    "value" : "unitTests.tests_validations_assertions"
  }, {
    "name" : "host",
    "value" : "Mac-1637285843898.local"
  }, {
    "name" : "thread",
    "value" : "2316@Mac-1637285843898.local.main(1)"
  }, {
    "name" : "framework",
    "value" : "testng"
  }, {
    "name" : "language",
    "value" : "java"
  }, {
    "name" : "resultFormat",
    "value" : "allure2"
  } ],
  "parameters" : [ ],
  "links" : [ ],
  "hidden" : false,
  "retry" : false,
  "extra" : {
    "severity" : "normal",
    "retries" : [ ],
    "categories" : [ ],
    "history" : {
      "statistic" : {
        "failed" : 0,
        "broken" : 0,
        "skipped" : 3,
        "passed" : 4,
        "unknown" : 0,
        "total" : 7
      },
      "items" : [ {
        "uid" : "96de20fcb122f15a",
        "reportUrl" : "https://MohabMohie.github.io/SHAFT_ENGINE/allure/macOS/Web/917//#testresult/96de20fcb122f15a",
        "status" : "passed",
        "time" : {
          "start" : 1637200427743,
          "stop" : 1637200427745,
          "duration" : 2
        }
      }, {
        "uid" : "766884fe1559fc8a",
        "reportUrl" : "https://MohabMohie.github.io/SHAFT_ENGINE/allure/macOS/Web/916//#testresult/766884fe1559fc8a",
        "status" : "skipped",
        "statusDetails" : "Could not initialize class org.openqa.selenium.WebDriverException",
        "time" : {
          "start" : 1637178438092,
          "stop" : 1637178438175,
          "duration" : 83
        }
      }, {
        "uid" : "1f9e3fcfe417e3a9",
        "reportUrl" : "https://MohabMohie.github.io/SHAFT_ENGINE/allure/macOS/Web/915//#testresult/1f9e3fcfe417e3a9",
        "status" : "skipped",
        "statusDetails" : "Could not initialize class org.openqa.selenium.SessionNotCreatedException",
        "time" : {
          "start" : 1637177353059,
          "stop" : 1637177353141,
          "duration" : 82
        }
      }, {
        "uid" : "dbe18d05cebaa8f6",
        "reportUrl" : "https://MohabMohie.github.io/SHAFT_ENGINE/allure/macOS/Web/912//#testresult/dbe18d05cebaa8f6",
        "status" : "passed",
        "time" : {
          "start" : 1637154111978,
          "stop" : 1637154111981,
          "duration" : 3
        }
      }, {
        "uid" : "9cdd0e9001558027",
        "reportUrl" : "https://MohabMohie.github.io/SHAFT_ENGINE/allure/macOS/Web/911//#testresult/9cdd0e9001558027",
        "status" : "skipped",
        "statusDetails" : "Could not initialize class org.openqa.selenium.WebDriverException",
        "time" : {
          "start" : 1637140859948,
          "stop" : 1637140859951,
          "duration" : 3
        }
      }, {
        "uid" : "7c40c1e41ccddd7d",
        "reportUrl" : "https://MohabMohie.github.io/SHAFT_ENGINE/allure/macOS/Web/910//#testresult/7c40c1e41ccddd7d",
        "status" : "passed",
        "time" : {
          "start" : 1637135479333,
          "stop" : 1637135479335,
          "duration" : 2
        }
      } ]
    },
    "tags" : [ ]
  },
  "source" : "57c52de1cbe566be.json",
  "parameterValues" : [ ]
}