{
  "uid" : "5b6d69082a6e62ce",
  "name" : "testOpensAlert",
  "fullName" : "testPackage01.appium.AndroidBasicInteractionsTest.testOpensAlert",
  "historyId" : "24b479e3afe5f5d25d11c1341062bb6f",
  "time" : {
    "start" : 1638669981282,
    "stop" : 1638669981284,
    "duration" : 2
  },
  "status" : "broken",
  "statusMessage" : "Cannot invoke \"com.aventstack.extentreports.ExtentReports.createTest(String)\" because \"com.shaft.tools.io.ReportManagerHelper.extentReport\" is null",
  "statusTrace" : "java.lang.NullPointerException: Cannot invoke \"com.aventstack.extentreports.ExtentReports.createTest(String)\" because \"com.shaft.tools.io.ReportManagerHelper.extentReport\" is null\n\tat com.shaft.tools.io.ReportManagerHelper.extentReportsCreateTest(ReportManagerHelper.java:421)\n\tat com.shaft.tools.listeners.InvokedMethodListener.beforeInvocation(InvokedMethodListener.java:55)\n\tat org.testng.internal.invokers.InvokedMethodListenerInvoker.invokeListener(InvokedMethodListenerInvoker.java:56)\n\tat org.testng.internal.BaseInvoker.runInvokedMethodListeners(BaseInvoker.java:56)\n\tat org.testng.internal.TestInvoker.invokeListenersForSkippedTestResult(TestInvoker.java:444)\n\tat org.testng.internal.TestInvoker.invokeMethod(TestInvoker.java:545)\n\tat org.testng.internal.TestInvoker.invokeTestMethod(TestInvoker.java:173)\n\tat org.testng.internal.MethodRunner.runInSequence(MethodRunner.java:46)\n\tat org.testng.internal.TestInvoker$MethodInvocationAgent.invoke(TestInvoker.java:824)\n\tat org.testng.internal.TestInvoker.invokeTestMethods(TestInvoker.java:146)\n\tat org.testng.internal.TestMethodWorker.invokeTestMethods(TestMethodWorker.java:146)\n\tat org.testng.internal.TestMethodWorker.run(TestMethodWorker.java:128)\n\tat java.base/java.util.ArrayList.forEach(ArrayList.java:1511)\n\tat org.testng.TestRunner.privateRun(TestRunner.java:794)\n\tat org.testng.TestRunner.run(TestRunner.java:596)\n\tat org.testng.SuiteRunner.runTest(SuiteRunner.java:377)\n\tat org.testng.SuiteRunner.runSequentially(SuiteRunner.java:371)\n\tat org.testng.SuiteRunner.privateRun(SuiteRunner.java:332)\n\tat org.testng.SuiteRunner.run(SuiteRunner.java:276)\n\tat org.testng.SuiteRunnerWorker.runSuite(SuiteRunnerWorker.java:53)\n\tat org.testng.SuiteRunnerWorker.run(SuiteRunnerWorker.java:96)\n\tat org.testng.TestNG.runSuitesSequentially(TestNG.java:1212)\n\tat org.testng.TestNG.runSuitesLocally(TestNG.java:1134)\n\tat org.testng.TestNG.runSuites(TestNG.java:1063)\n\tat org.testng.TestNG.run(TestNG.java:1031)\n\tat org.apache.maven.surefire.testng.TestNGExecutor.run(TestNGExecutor.java:136)\n\tat org.apache.maven.surefire.testng.TestNGDirectoryTestSuite.executeSingleClass(TestNGDirectoryTestSuite.java:112)\n\tat org.apache.maven.surefire.testng.TestNGDirectoryTestSuite.execute(TestNGDirectoryTestSuite.java:99)\n\tat org.apache.maven.surefire.testng.TestNGProvider.invoke(TestNGProvider.java:145)\n\tat org.apache.maven.surefire.booter.ForkedBooter.runSuitesInProcess(ForkedBooter.java:428)\n\tat org.apache.maven.surefire.booter.ForkedBooter.execute(ForkedBooter.java:162)\n\tat org.apache.maven.surefire.booter.ForkedBooter.run(ForkedBooter.java:562)\n\tat org.apache.maven.surefire.booter.ForkedBooter.main(ForkedBooter.java:548)\n",
  "flaky" : false,
  "newFailed" : false,
  "newBroken" : false,
  "newPassed" : false,
  "retriesCount" : 0,
  "retriesStatusChange" : false,
  "beforeStages" : [ {
    "name" : "setupActivities",
    "time" : {
      "start" : 1638669980216,
      "stop" : 1638669980760,
      "duration" : 544
    },
    "description" : "",
    "status" : "failed",
    "statusMessage" : "File Action [DownloadFile] failed. With the following test data [Target File URL: [https://repo.maven.apache.org/maven2/io/qameta/allure/allure-commandline/2.17.0/allure-commandline-2.17.0.zip], and Destination File Path: [target/allureBinary.zip]].",
    "statusTrace" : "java.lang.AssertionError: File Action [DownloadFile] failed. With the following test data [Target File URL: [https://repo.maven.apache.org/maven2/io/qameta/allure/allure-commandline/2.17.0/allure-commandline-2.17.0.zip], and Destination File Path: [target/allureBinary.zip]].\n\tat org.testng.Assert.fail(Assert.java:87)\n\tat com.shaft.cli.FileActions.failAction(FileActions.java:580)\n\tat com.shaft.cli.FileActions.failAction(FileActions.java:568)\n\tat com.shaft.cli.FileActions.downloadFile(FileActions.java:543)\n\tat com.shaft.cli.FileActions.downloadFile(FileActions.java:520)\n\tat com.shaft.tools.io.ReportManagerHelper.downloadAndExtractAllureBinaries(ReportManagerHelper.java:724)\n\tat com.shaft.tools.io.ReportManagerHelper.initializeAllureReportingEnvironment(ReportManagerHelper.java:188)\n\tat com.shaft.tools.io.LogsHelper.setupActivities(LogsHelper.java:20)\n\tat java.base/jdk.internal.reflect.NativeMethodAccessorImpl.invoke0(Native Method)\n\tat java.base/jdk.internal.reflect.NativeMethodAccessorImpl.invoke(NativeMethodAccessorImpl.java:77)\n\tat java.base/jdk.internal.reflect.DelegatingMethodAccessorImpl.invoke(DelegatingMethodAccessorImpl.java:43)\n\tat java.base/java.lang.reflect.Method.invoke(Method.java:568)\n\tat org.testng.internal.MethodInvocationHelper.invokeMethod(MethodInvocationHelper.java:133)\n\tat org.testng.internal.MethodInvocationHelper.invokeMethodConsideringTimeout(MethodInvocationHelper.java:62)\n\tat org.testng.internal.ConfigInvoker.invokeConfigurationMethod(ConfigInvoker.java:385)\n\tat org.testng.internal.ConfigInvoker.invokeConfigurations(ConfigInvoker.java:321)\n\tat org.testng.SuiteRunner.privateRun(SuiteRunner.java:317)\n\tat org.testng.SuiteRunner.run(SuiteRunner.java:276)\n\tat org.testng.SuiteRunnerWorker.runSuite(SuiteRunnerWorker.java:53)\n\tat org.testng.SuiteRunnerWorker.run(SuiteRunnerWorker.java:96)\n\tat org.testng.TestNG.runSuitesSequentially(TestNG.java:1212)\n\tat org.testng.TestNG.runSuitesLocally(TestNG.java:1134)\n\tat org.testng.TestNG.runSuites(TestNG.java:1063)\n\tat org.testng.TestNG.run(TestNG.java:1031)\n\tat org.apache.maven.surefire.testng.TestNGExecutor.run(TestNGExecutor.java:136)\n\tat org.apache.maven.surefire.testng.TestNGDirectoryTestSuite.executeSingleClass(TestNGDirectoryTestSuite.java:112)\n\tat org.apache.maven.surefire.testng.TestNGDirectoryTestSuite.execute(TestNGDirectoryTestSuite.java:99)\n\tat org.apache.maven.surefire.testng.TestNGProvider.invoke(TestNGProvider.java:145)\n\tat org.apache.maven.surefire.booter.ForkedBooter.runSuitesInProcess(ForkedBooter.java:428)\n\tat org.apache.maven.surefire.booter.ForkedBooter.execute(ForkedBooter.java:162)\n\tat org.apache.maven.surefire.booter.ForkedBooter.run(ForkedBooter.java:562)\n\tat org.apache.maven.surefire.booter.ForkedBooter.main(ForkedBooter.java:548)\nCaused by: java.io.FileNotFoundException: https://repo.maven.apache.org/maven2/io/qameta/allure/allure-commandline/2.17.0/allure-commandline-2.17.0.zip\n\tat java.base/sun.net.www.protocol.http.HttpURLConnection.getInputStream0(HttpURLConnection.java:1993)\n\tat java.base/sun.net.www.protocol.http.HttpURLConnection.getInputStream(HttpURLConnection.java:1589)\n\tat java.base/sun.net.www.protocol.https.HttpsURLConnectionImpl.getInputStream(HttpsURLConnectionImpl.java:224)\n\tat org.apache.commons.io.FileUtils.copyURLToFile(FileUtils.java:1097)\n\tat com.shaft.cli.FileActions.downloadFile(FileActions.java:532)\n\t... 28 more\n",
    "steps" : [ {
      "name" : "Folder [allure-results] was not found, it may have already been deleted.",
      "time" : {
        "start" : 1638669980280,
        "stop" : 1638669980282,
        "duration" : 2
      },
      "status" : "passed",
      "steps" : [ ],
      "attachments" : [ ],
      "parameters" : [ {
        "name" : "actionCounter",
        "value" : "1"
      }, {
        "name" : "logText",
        "value" : "Folder [allure-results] was not found, it may have already been deleted."
      } ],
      "stepsCount" : 0,
      "attachmentsCount" : 0,
      "shouldDisplayMessage" : false,
      "hasContent" : true
    }, {
      "name" : "Folder [/Users/runner/.m2/repository/allure/] was not found, it may have already been deleted.",
      "time" : {
        "start" : 1638669980283,
        "stop" : 1638669980284,
        "duration" : 1
      },
      "status" : "passed",
      "steps" : [ ],
      "attachments" : [ ],
      "parameters" : [ {
        "name" : "actionCounter",
        "value" : "2"
      }, {
        "name" : "logText",
        "value" : "Folder [/Users/runner/.m2/repository/allure/] was not found, it may have already been deleted."
      } ],
      "stepsCount" : 0,
      "attachmentsCount" : 0,
      "shouldDisplayMessage" : false,
      "hasContent" : true
    }, {
      "name" : "Downloading a file from this url [https://repo.maven.apache.org/maven2/io/qameta/allure/allure-commandline/2.17.0/allure-commandline-2.17.0.zip] to this directory [target/allureBinary.zip], please wait as downloading may take some time...",
      "time" : {
        "start" : 1638669980284,
        "stop" : 1638669980284,
        "duration" : 0
      },
      "status" : "passed",
      "steps" : [ ],
      "attachments" : [ ],
      "parameters" : [ {
        "name" : "actionCounter",
        "value" : "3"
      }, {
        "name" : "logText",
        "value" : "Downloading a file from this url [https://repo.maven.apache.org/maven2/io/qameta/allure/allure-commandline/2.17.0/allure-commandline-2.17.0.zip] to this directory [target/allureBinary.zip], please wait as downloading may take some time..."
      } ],
      "stepsCount" : 0,
      "attachmentsCount" : 0,
      "shouldDisplayMessage" : false,
      "hasContent" : true
    }, {
      "name" : "An Exception Occured with this Message: https://repo.maven.apache.org/maven2/io/qameta/allure/allure-commandline/2.17.0/allure-commandline-2.17.0.zip.",
      "time" : {
        "start" : 1638669980745,
        "stop" : 1638669980751,
        "duration" : 6
      },
      "status" : "passed",
      "steps" : [ ],
      "attachments" : [ {
        "uid" : "49abfa23e4455ce8",
        "name" : "Attachment: Exception Stack Trace - java.io.FileNotFoundException",
        "source" : "49abfa23e4455ce8.txt",
        "type" : "text/plain",
        "size" : 2715
      } ],
      "parameters" : [ {
        "name" : "actionCounter",
        "value" : "4"
      }, {
        "name" : "logText",
        "value" : "An Exception Occured with this Message: https://repo.maven.apache.org/maven2/io/qameta/allure/allure-commandline/2.17.0/allure-commandline-2.17.0.zip."
      }, {
        "name" : "attachments",
        "value" : "[[Exception Stack Trace, java.io.FileNotFoundException, java.io.FileNotFoundException:\nhttps://repo.maven.apache.org/maven2/io/qameta/allure/allure-commandline/2.17.0/allure-commandline-2.17.0.zip\njava.base/sun.net.www.protocol.http.HttpURLConnection.getInputStream0(HttpURLConnection.java:1993)\njava.base/sun.net.www.protocol.http.HttpURLConnection.getInputStream(HttpURLConnection.java:1589)\njava.base/sun.net.www.protocol.https.HttpsURLConnectionImpl.getInputStream(HttpsURLConnectionImpl.java:224)\norg.apache.commons.io.FileUtils.copyURLToFile(FileUtils.java:1097)\ncom.shaft.cli.FileActions.downloadFile(FileActions.java:532)\ncom.shaft.cli.FileActions.downloadFile(FileActions.java:520)\ncom.shaft.tools.io.ReportManagerHelper.downloadAndExtractAllureBinaries(ReportManagerHelper.java:724)\ncom.shaft.tools.io.ReportManagerHelper.initializeAllureReportingEnvironment(ReportManagerHelper.java:188)\ncom.shaft.tools.io.LogsHelper.setupActivities(LogsHelper.java:20)\njava.base/jdk.internal.reflect.NativeMethodAccessorImpl.invoke0(Native Method)\njava.base/jdk.internal.reflect.NativeMethodAccessorImpl.invoke(NativeMethodAccessorImpl.java:77)\njava.base/jdk.internal.reflect.DelegatingMethodAccessorImpl.invoke(DelegatingMethodAccessorImpl.java:43)\njava.base/java.lang.reflect.Method.invoke(Method.java:568)\norg.testng.internal.MethodInvocationHelper.invokeMethod(MethodInvocationHelper.java:133)\norg.testng.internal.MethodInvocationHelper.invokeMethodConsideringTimeout(MethodInvocationHelper.java:62)\norg.testng.internal.ConfigInvoker.invokeConfigurationMethod(ConfigInvoker.java:385)\norg.testng.internal.ConfigInvoker.invokeConfigurations(ConfigInvoker.java:321)\norg.testng.SuiteRunner.privateRun(SuiteRunner.java:317)\norg.testng.SuiteRunner.run(SuiteRunner.java:276)\norg.testng.SuiteRunnerWorker.runSuite(SuiteRunnerWorker.java:53)\norg.testng.SuiteRunnerWorker.run(SuiteRunnerWorker.java:96)\norg.testng.TestNG.runSuitesSequentially(TestNG.java:1212)\norg.testng.TestNG.runSuitesLocally(TestNG.java:1134)\norg.testng.TestNG.runSuites(TestNG.java:1063)\norg.testng.TestNG.run(TestNG.java:1031)\norg.apache.maven.surefire.testng.TestNGExecutor.run(TestNGExecutor.java:136)\norg.apache.maven.surefire.testng.TestNGDirectoryTestSuite.executeSingleClass(TestNGDirectoryTestSuite.java:112)\norg.apache.maven.surefire.testng.TestNGDirectoryTestSuite.execute(TestNGDirectoryTestSuite.java:99)\norg.apache.maven.surefire.testng.TestNGProvider.invoke(TestNGProvider.java:145)\norg.apache.maven.surefire.booter.ForkedBooter.runSuitesInProcess(ForkedBooter.java:428)\norg.apache.maven.surefire.booter.ForkedBooter.execute(ForkedBooter.java:162)\norg.apache.maven.surefire.booter.ForkedBooter.run(ForkedBooter.java:562)\norg.apache.maven.surefire.booter.ForkedBooter.main(ForkedBooter.java:548)\n]]"
      } ],
      "stepsCount" : 0,
      "attachmentsCount" : 1,
      "shouldDisplayMessage" : false,
      "hasContent" : true
    } ],
    "attachments" : [ ],
    "parameters" : [ ],
    "stepsCount" : 4,
    "attachmentsCount" : 1,
    "shouldDisplayMessage" : true,
    "hasContent" : true
  }, {
    "name" : "setup",
    "time" : {
      "start" : 1638669981279,
      "stop" : 1638669981279,
      "duration" : 0
    },
    "description" : "",
    "status" : "broken",
    "steps" : [ ],
    "attachments" : [ ],
    "parameters" : [ ],
    "stepsCount" : 0,
    "attachmentsCount" : 0,
    "shouldDisplayMessage" : false,
    "hasContent" : false
  } ],
  "afterStages" : [ {
    "name" : "teardownActivities",
    "time" : {
      "start" : 1638669981311,
      "stop" : 1638669981311,
      "duration" : 0
    },
    "description" : "",
    "status" : "broken",
    "steps" : [ ],
    "attachments" : [ ],
    "parameters" : [ ],
    "stepsCount" : 0,
    "attachmentsCount" : 0,
    "shouldDisplayMessage" : false,
    "hasContent" : false
  } ],
  "labels" : [ {
    "name" : "package",
    "value" : "testPackage01.appium.AndroidBasicInteractionsTest"
  }, {
    "name" : "testClass",
    "value" : "testPackage01.appium.AndroidBasicInteractionsTest"
  }, {
    "name" : "testMethod",
    "value" : "testOpensAlert"
  }, {
    "name" : "parentSuite",
    "value" : "SHAFT: Custom Suite"
  }, {
    "name" : "suite",
    "value" : "SHAFT: Custom Test"
  }, {
    "name" : "subSuite",
    "value" : "testPackage01.appium.AndroidBasicInteractionsTest"
  }, {
    "name" : "host",
    "value" : "Mac-1638669516987.local"
  }, {
    "name" : "thread",
    "value" : "8433@Mac-1638669516987.local.main(1)"
  }, {
    "name" : "framework",
    "value" : "testng"
  }, {
    "name" : "language",
    "value" : "java"
  }, {
    "name" : "resultFormat",
    "value" : "allure2"
  } ],
  "parameters" : [ ],
  "links" : [ ],
  "hidden" : false,
  "retry" : false,
  "extra" : {
    "severity" : "normal",
    "retries" : [ ],
    "categories" : [ {
      "name" : "Test defects",
      "matchedStatuses" : [ ],
      "flaky" : false
    } ],
    "history" : {
      "statistic" : {
        "failed" : 0,
        "broken" : 2,
        "skipped" : 0,
        "passed" : 14,
        "unknown" : 0,
        "total" : 16
      },
      "items" : [ {
        "uid" : "59163526fc8d979",
        "reportUrl" : "https://MohabMohie.github.io/SHAFT_ENGINE/allure/MobileNative/Android/269//#testresult/59163526fc8d979",
        "status" : "broken",
        "statusDetails" : "Cannot invoke \"com.aventstack.extentreports.ExtentReports.createTest(String)\" because \"com.shaft.tools.io.ReportManagerHelper.extentReport\" is null",
        "time" : {
          "start" : 1638632266175,
          "stop" : 1638632266176,
          "duration" : 1
        }
      }, {
        "uid" : "e76fc1deebbcd9d5",
        "reportUrl" : "https://MohabMohie.github.io/SHAFT_ENGINE/allure/MobileNative/Android/263//#testresult/e76fc1deebbcd9d5",
        "status" : "passed",
        "time" : {
          "start" : 1638437600174,
          "stop" : 1638437615401,
          "duration" : 15227
        }
      }, {
        "uid" : "606800ba3ad996c4",
        "reportUrl" : "https://MohabMohie.github.io/SHAFT_ENGINE/allure/MobileNative/Android/262//#testresult/606800ba3ad996c4",
        "status" : "passed",
        "time" : {
          "start" : 1638410783828,
          "stop" : 1638410791844,
          "duration" : 8016
        }
      }, {
        "uid" : "8eb8f9ab79bc176b",
        "reportUrl" : "https://MohabMohie.github.io/SHAFT_ENGINE/allure/MobileNative/Android/259//#testresult/8eb8f9ab79bc176b",
        "status" : "passed",
        "time" : {
          "start" : 1638354970889,
          "stop" : 1638354985169,
          "duration" : 14280
        }
      }, {
        "uid" : "e03279e5c2892d5",
        "reportUrl" : "https://MohabMohie.github.io/SHAFT_ENGINE/allure/MobileNative/Android/257//#testresult/e03279e5c2892d5",
        "status" : "passed",
        "time" : {
          "start" : 1638346859089,
          "stop" : 1638346867025,
          "duration" : 7936
        }
      }, {
        "uid" : "b2a79408a4307c46",
        "reportUrl" : "https://MohabMohie.github.io/SHAFT_ENGINE/allure/MobileNative/Android/258//#testresult/b2a79408a4307c46",
        "status" : "passed",
        "time" : {
          "start" : 1638346575450,
          "stop" : 1638346583011,
          "duration" : 7561
        }
      }, {
        "uid" : "67d257e9b7b9411b",
        "reportUrl" : "https://MohabMohie.github.io/SHAFT_ENGINE/allure/MobileNative/Android/256//#testresult/67d257e9b7b9411b",
        "status" : "passed",
        "time" : {
          "start" : 1638324539318,
          "stop" : 1638324548281,
          "duration" : 8963
        }
      }, {
        "uid" : "b57a686f857d643a",
        "reportUrl" : "https://MohabMohie.github.io/SHAFT_ENGINE/allure/MobileNative/Android/254//#testresult/b57a686f857d643a",
        "status" : "passed",
        "time" : {
          "start" : 1638237330999,
          "stop" : 1638237339920,
          "duration" : 8921
        }
      }, {
        "uid" : "158d9c279b8ec4b9",
        "reportUrl" : "https://MohabMohie.github.io/SHAFT_ENGINE/allure/MobileNative/Android/252//#testresult/158d9c279b8ec4b9",
        "status" : "passed",
        "time" : {
          "start" : 1638151420657,
          "stop" : 1638151429628,
          "duration" : 8971
        }
      }, {
        "uid" : "448815e45d381d38",
        "reportUrl" : "https://MohabMohie.github.io/SHAFT_ENGINE/allure/MobileNative/Android/251//#testresult/448815e45d381d38",
        "status" : "passed",
        "time" : {
          "start" : 1638064757835,
          "stop" : 1638064765466,
          "duration" : 7631
        }
      }, {
        "uid" : "23f3dd47f241816",
        "reportUrl" : "https://MohabMohie.github.io/SHAFT_ENGINE/allure/MobileNative/Android/250//#testresult/23f3dd47f241816",
        "status" : "passed",
        "time" : {
          "start" : 1637978373220,
          "stop" : 1637978380804,
          "duration" : 7584
        }
      }, {
        "uid" : "c5032faab3a0183f",
        "reportUrl" : "https://MohabMohie.github.io/SHAFT_ENGINE/allure/MobileNative/Android/248//#testresult/c5032faab3a0183f",
        "status" : "passed",
        "time" : {
          "start" : 1637892010628,
          "stop" : 1637892018245,
          "duration" : 7617
        }
      }, {
        "uid" : "1981bd99a79e924a",
        "reportUrl" : "https://MohabMohie.github.io/SHAFT_ENGINE/allure/MobileNative/Android/247//#testresult/1981bd99a79e924a",
        "status" : "passed",
        "time" : {
          "start" : 1637805903733,
          "stop" : 1637805911985,
          "duration" : 8252
        }
      }, {
        "uid" : "5587c5e36c754a87",
        "reportUrl" : "https://MohabMohie.github.io/SHAFT_ENGINE/allure/MobileNative/Android/246//#testresult/5587c5e36c754a87",
        "status" : "passed",
        "time" : {
          "start" : 1637740344423,
          "stop" : 1637740352545,
          "duration" : 8122
        }
      }, {
        "uid" : "79d7e2c57be0f33e",
        "reportUrl" : "https://MohabMohie.github.io/SHAFT_ENGINE/allure/MobileNative/Android/245//#testresult/79d7e2c57be0f33e",
        "status" : "passed",
        "time" : {
          "start" : 1637739069829,
          "stop" : 1637739078452,
          "duration" : 8623
        }
      } ]
    },
    "tags" : [ ]
  },
  "source" : "5b6d69082a6e62ce.json",
  "parameterValues" : [ ]
}