{
  "uid" : "6d117edfb49fe84a",
  "name" : "f31",
  "fullName" : "testPackage01.Test_NewValidationHelper.f31",
  "historyId" : "a56697260ac1ade7b44ceede44b0438a",
  "time" : {
    "start" : 1638842365307,
    "stop" : 1638842365309,
    "duration" : 2
  },
  "status" : "skipped",
  "statusMessage" : "Driver Factory Action [createNewLocalDriverInstanceForSafari] failed. With the following test data [Failed to create a session on DESKTOP_SAFARI].",
  "statusTrace" : "java.lang.AssertionError: Driver Factory Action [createNewLocalDriverInstanceForSafari] failed. With the following test data [Failed to create a session on DESKTOP_SAFARI].\n\tat org.testng.Assert.fail(Assert.java:99)\n\tat com.shaft.driver.DriverFactoryHelper.failAction(DriverFactoryHelper.java:306)\n\tat com.shaft.driver.DriverFactoryHelper.createNewLocalDriverInstanceForSafari(DriverFactoryHelper.java:576)\n\tat com.shaft.driver.DriverFactoryHelper.createNewLocalDriverInstance(DriverFactoryHelper.java:596)\n\tat com.shaft.driver.DriverFactoryHelper.getDriver(DriverFactoryHelper.java:815)\n\tat com.shaft.driver.DriverFactoryHelper.getDriver(DriverFactoryHelper.java:140)\n\tat com.shaft.driver.DriverFactory.getDriver(DriverFactory.java:27)\n\tat com.shaft.gui.browser.BrowserFactory.getBrowser(BrowserFactory.java:21)\n\tat testPackage01.Test_NewValidationHelper.openBrowser(Test_NewValidationHelper.java:326)\n\tat java.base/jdk.internal.reflect.NativeMethodAccessorImpl.invoke0(Native Method)\n\tat java.base/jdk.internal.reflect.NativeMethodAccessorImpl.invoke(NativeMethodAccessorImpl.java:77)\n\tat java.base/jdk.internal.reflect.DelegatingMethodAccessorImpl.invoke(DelegatingMethodAccessorImpl.java:43)\n\tat java.base/java.lang.reflect.Method.invoke(Method.java:568)\n\tat org.testng.internal.MethodInvocationHelper.invokeMethod(MethodInvocationHelper.java:133)\n\tat org.testng.internal.MethodInvocationHelper.invokeMethodConsideringTimeout(MethodInvocationHelper.java:62)\n\tat org.testng.internal.ConfigInvoker.invokeConfigurationMethod(ConfigInvoker.java:385)\n\tat org.testng.internal.ConfigInvoker.invokeConfigurations(ConfigInvoker.java:321)\n\tat org.testng.internal.TestInvoker.runConfigMethods(TestInvoker.java:700)\n\tat org.testng.internal.TestInvoker.invokeMethod(TestInvoker.java:527)\n\tat org.testng.internal.TestInvoker.invokeTestMethod(TestInvoker.java:173)\n\tat org.testng.internal.MethodRunner.runInSequence(MethodRunner.java:46)\n\tat org.testng.internal.TestInvoker$MethodInvocationAgent.invoke(TestInvoker.java:824)\n\tat org.testng.internal.TestInvoker.invokeTestMethods(TestInvoker.java:146)\n\tat org.testng.internal.TestMethodWorker.invokeTestMethods(TestMethodWorker.java:146)\n\tat org.testng.internal.TestMethodWorker.run(TestMethodWorker.java:128)\n\tat java.base/java.util.ArrayList.forEach(ArrayList.java:1511)\n\tat org.testng.TestRunner.privateRun(TestRunner.java:794)\n\tat org.testng.TestRunner.run(TestRunner.java:596)\n\tat org.testng.SuiteRunner.runTest(SuiteRunner.java:377)\n\tat org.testng.SuiteRunner.runSequentially(SuiteRunner.java:371)\n\tat org.testng.SuiteRunner.privateRun(SuiteRunner.java:332)\n\tat org.testng.SuiteRunner.run(SuiteRunner.java:276)\n\tat org.testng.SuiteRunnerWorker.runSuite(SuiteRunnerWorker.java:53)\n\tat org.testng.SuiteRunnerWorker.run(SuiteRunnerWorker.java:96)\n\tat org.testng.TestNG.runSuitesSequentially(TestNG.java:1212)\n\tat org.testng.TestNG.runSuitesLocally(TestNG.java:1134)\n\tat org.testng.TestNG.runSuites(TestNG.java:1063)\n\tat org.testng.TestNG.run(TestNG.java:1031)\n\tat org.apache.maven.surefire.testng.TestNGExecutor.run(TestNGExecutor.java:136)\n\tat org.apache.maven.surefire.testng.TestNGDirectoryTestSuite.executeMulti(TestNGDirectoryTestSuite.java:193)\n\tat org.apache.maven.surefire.testng.TestNGDirectoryTestSuite.execute(TestNGDirectoryTestSuite.java:94)\n\tat org.apache.maven.surefire.testng.TestNGProvider.invoke(TestNGProvider.java:145)\n\tat org.apache.maven.surefire.booter.ForkedBooter.runSuitesInProcess(ForkedBooter.java:428)\n\tat org.apache.maven.surefire.booter.ForkedBooter.execute(ForkedBooter.java:162)\n\tat org.apache.maven.surefire.booter.ForkedBooter.run(ForkedBooter.java:562)\n\tat org.apache.maven.surefire.booter.ForkedBooter.main(ForkedBooter.java:548)\n",
  "flaky" : false,
  "newFailed" : false,
  "beforeStages" : [ {
    "name" : "setupActivities",
    "time" : {
      "start" : 1638842257343,
      "stop" : 1638842259639,
      "duration" : 2296
    },
    "description" : "",
    "status" : "passed",
    "steps" : [ {
      "name" : "Folder [allure-results] was not found, it may have already been deleted.",
      "time" : {
        "start" : 1638842257405,
        "stop" : 1638842257407,
        "duration" : 2
      },
      "status" : "passed",
      "steps" : [ ],
      "attachments" : [ ],
      "parameters" : [ {
        "name" : "actionCounter",
        "value" : "1"
      }, {
        "name" : "logText",
        "value" : "Folder [allure-results] was not found, it may have already been deleted."
      } ],
      "stepsCount" : 0,
      "attachmentsCount" : 0,
      "shouldDisplayMessage" : false,
      "hasContent" : true
    }, {
      "name" : "Folder [/Users/runner/.m2/repository/allure/] was not found, it may have already been deleted.",
      "time" : {
        "start" : 1638842257409,
        "stop" : 1638842257409,
        "duration" : 0
      },
      "status" : "passed",
      "steps" : [ ],
      "attachments" : [ ],
      "parameters" : [ {
        "name" : "actionCounter",
        "value" : "2"
      }, {
        "name" : "logText",
        "value" : "Folder [/Users/runner/.m2/repository/allure/] was not found, it may have already been deleted."
      } ],
      "stepsCount" : 0,
      "attachmentsCount" : 0,
      "shouldDisplayMessage" : false,
      "hasContent" : true
    }, {
      "name" : "Downloading a file from this url [https://repo.maven.apache.org/maven2/io/qameta/allure/allure-commandline/2.17.0/allure-commandline-2.17.0.zip] to this directory [target/allureBinary.zip], please wait as downloading may take some time...",
      "time" : {
        "start" : 1638842257409,
        "stop" : 1638842257409,
        "duration" : 0
      },
      "status" : "passed",
      "steps" : [ ],
      "attachments" : [ ],
      "parameters" : [ {
        "name" : "actionCounter",
        "value" : "3"
      }, {
        "name" : "logText",
        "value" : "Downloading a file from this url [https://repo.maven.apache.org/maven2/io/qameta/allure/allure-commandline/2.17.0/allure-commandline-2.17.0.zip] to this directory [target/allureBinary.zip], please wait as downloading may take some time..."
      } ],
      "stepsCount" : 0,
      "attachmentsCount" : 0,
      "shouldDisplayMessage" : false,
      "hasContent" : true
    }, {
      "name" : "Terminal Action [PerformTerminalCommands] successfully performed. With the following test data [Host Name: \"localHost\" | Command: \"chmod u+x /Users/runner/.m2/repository/allure/allure-2.17.0/bin/allure\" | Exit Status: \"0\"].",
      "time" : {
        "start" : 1638842258842,
        "stop" : 1638842258842,
        "duration" : 0
      },
      "status" : "passed",
      "steps" : [ ],
      "attachments" : [ ],
      "parameters" : [ {
        "name" : "actionCounter",
        "value" : "4"
      }, {
        "name" : "logText",
        "value" : "Terminal Action [PerformTerminalCommands] successfully performed. With the following test data [Host Name: \"localHost\" | Command: \"chmod u+x /Users/runner/.m2/repository/allure/allure-2.17.0/bin/allure\" | Exit Status: \"0\"]."
      } ],
      "stepsCount" : 0,
      "attachmentsCount" : 0,
      "shouldDisplayMessage" : false,
      "hasContent" : true
    }, {
      "name" : "Terminal Action [PerformTerminalCommands] successfully performed. With the following test data [Host Name: \"localHost\" | Command: \"chmod u+x generate_allure_report.sh\" | Exit Status: \"0\"].",
      "time" : {
        "start" : 1638842258849,
        "stop" : 1638842258849,
        "duration" : 0
      },
      "status" : "passed",
      "steps" : [ ],
      "attachments" : [ ],
      "parameters" : [ {
        "name" : "actionCounter",
        "value" : "5"
      }, {
        "name" : "logText",
        "value" : "Terminal Action [PerformTerminalCommands] successfully performed. With the following test data [Host Name: \"localHost\" | Command: \"chmod u+x generate_allure_report.sh\" | Exit Status: \"0\"]."
      } ],
      "stepsCount" : 0,
      "attachmentsCount" : 0,
      "shouldDisplayMessage" : false,
      "hasContent" : true
    }, {
      "name" : "Folder [extent-reports] was not found, it may have already been deleted.",
      "time" : {
        "start" : 1638842258938,
        "stop" : 1638842258938,
        "duration" : 0
      },
      "status" : "passed",
      "steps" : [ ],
      "attachments" : [ ],
      "parameters" : [ {
        "name" : "actionCounter",
        "value" : "6"
      }, {
        "name" : "logText",
        "value" : "Folder [extent-reports] was not found, it may have already been deleted."
      } ],
      "stepsCount" : 0,
      "attachmentsCount" : 0,
      "shouldDisplayMessage" : false,
      "hasContent" : true
    } ],
    "attachments" : [ {
      "uid" : "86434d53db13e600",
      "name" : "Attachment: SHAFT Links - Important",
      "source" : "86434d53db13e600.uri",
      "type" : "text/uri-list",
      "size" : 346
    }, {
      "uid" : "7179b0a62a68547",
      "name" : "Attachment: Properties - testNG",
      "source" : "7179b0a62a68547.properties",
      "type" : "text/plain",
      "size" : 492
    }, {
      "uid" : "9ed97319709e8b4c",
      "name" : "Attachment: Properties - ExecutionPlatform",
      "source" : "9ed97319709e8b4c.properties",
      "type" : "text/plain",
      "size" : 394
    }, {
      "uid" : "a3ad69bb1377f2a",
      "name" : "Attachment: Properties - path",
      "source" : "a3ad69bb1377f2a.properties",
      "type" : "text/plain",
      "size" : 687
    }, {
      "uid" : "9f267b86ed099fa0",
      "name" : "Attachment: Properties - video",
      "source" : "9f267b86ed099fa0.properties",
      "type" : "text/plain",
      "size" : 763
    }, {
      "uid" : "739f1ff389b0a966",
      "name" : "Attachment: Properties - pattern",
      "source" : "739f1ff389b0a966.properties",
      "type" : "text/plain",
      "size" : 564
    }, {
      "uid" : "f4ef6fde9dc95a17",
      "name" : "Attachment: Properties - internal",
      "source" : "f4ef6fde9dc95a17.properties",
      "type" : "text/plain",
      "size" : 117
    }, {
      "uid" : "28e3ffa4bb504dbd",
      "name" : "Attachment: Properties - MobileCapabilities",
      "source" : "28e3ffa4bb504dbd.properties",
      "type" : "text/plain",
      "size" : 470
    }, {
      "uid" : "28336652448eb514",
      "name" : "Attachment: Properties - cucumber",
      "source" : "28336652448eb514.properties",
      "type" : "text/plain",
      "size" : 226
    }, {
      "uid" : "c5549e44abb1274f",
      "name" : "Attachment: Properties - PlatformFlags",
      "source" : "c5549e44abb1274f.properties",
      "type" : "text/plain",
      "size" : 765
    }, {
      "uid" : "fab4cd75349ada08",
      "name" : "Attachment: Properties - Timeouts",
      "source" : "fab4cd75349ada08.properties",
      "type" : "text/plain",
      "size" : 722
    }, {
      "uid" : "d85f32ec2e94cdbe",
      "name" : "Attachment: Properties - Reporting",
      "source" : "d85f32ec2e94cdbe.properties",
      "type" : "text/plain",
      "size" : 614
    }, {
      "uid" : "abf5c36321bf1463",
      "name" : "Attachment: Properties - browserStack",
      "source" : "abf5c36321bf1463.properties",
      "type" : "text/plain",
      "size" : 877
    }, {
      "uid" : "36cc490d27cb84b",
      "name" : "Attachment: Properties - VisualValidations",
      "source" : "36cc490d27cb84b.properties",
      "type" : "text/plain",
      "size" : 723
    } ],
    "parameters" : [ ],
    "stepsCount" : 6,
    "attachmentsCount" : 14,
    "shouldDisplayMessage" : false,
    "hasContent" : true
  } ],
  "testStage" : {
    "status" : "skipped",
    "statusMessage" : "Driver Factory Action [createNewLocalDriverInstanceForSafari] failed. With the following test data [Failed to create a session on DESKTOP_SAFARI].",
    "statusTrace" : "java.lang.AssertionError: Driver Factory Action [createNewLocalDriverInstanceForSafari] failed. With the following test data [Failed to create a session on DESKTOP_SAFARI].\n\tat org.testng.Assert.fail(Assert.java:99)\n\tat com.shaft.driver.DriverFactoryHelper.failAction(DriverFactoryHelper.java:306)\n\tat com.shaft.driver.DriverFactoryHelper.createNewLocalDriverInstanceForSafari(DriverFactoryHelper.java:576)\n\tat com.shaft.driver.DriverFactoryHelper.createNewLocalDriverInstance(DriverFactoryHelper.java:596)\n\tat com.shaft.driver.DriverFactoryHelper.getDriver(DriverFactoryHelper.java:815)\n\tat com.shaft.driver.DriverFactoryHelper.getDriver(DriverFactoryHelper.java:140)\n\tat com.shaft.driver.DriverFactory.getDriver(DriverFactory.java:27)\n\tat com.shaft.gui.browser.BrowserFactory.getBrowser(BrowserFactory.java:21)\n\tat testPackage01.Test_NewValidationHelper.openBrowser(Test_NewValidationHelper.java:326)\n\tat java.base/jdk.internal.reflect.NativeMethodAccessorImpl.invoke0(Native Method)\n\tat java.base/jdk.internal.reflect.NativeMethodAccessorImpl.invoke(NativeMethodAccessorImpl.java:77)\n\tat java.base/jdk.internal.reflect.DelegatingMethodAccessorImpl.invoke(DelegatingMethodAccessorImpl.java:43)\n\tat java.base/java.lang.reflect.Method.invoke(Method.java:568)\n\tat org.testng.internal.MethodInvocationHelper.invokeMethod(MethodInvocationHelper.java:133)\n\tat org.testng.internal.MethodInvocationHelper.invokeMethodConsideringTimeout(MethodInvocationHelper.java:62)\n\tat org.testng.internal.ConfigInvoker.invokeConfigurationMethod(ConfigInvoker.java:385)\n\tat org.testng.internal.ConfigInvoker.invokeConfigurations(ConfigInvoker.java:321)\n\tat org.testng.internal.TestInvoker.runConfigMethods(TestInvoker.java:700)\n\tat org.testng.internal.TestInvoker.invokeMethod(TestInvoker.java:527)\n\tat org.testng.internal.TestInvoker.invokeTestMethod(TestInvoker.java:173)\n\tat org.testng.internal.MethodRunner.runInSequence(MethodRunner.java:46)\n\tat org.testng.internal.TestInvoker$MethodInvocationAgent.invoke(TestInvoker.java:824)\n\tat org.testng.internal.TestInvoker.invokeTestMethods(TestInvoker.java:146)\n\tat org.testng.internal.TestMethodWorker.invokeTestMethods(TestMethodWorker.java:146)\n\tat org.testng.internal.TestMethodWorker.run(TestMethodWorker.java:128)\n\tat java.base/java.util.ArrayList.forEach(ArrayList.java:1511)\n\tat org.testng.TestRunner.privateRun(TestRunner.java:794)\n\tat org.testng.TestRunner.run(TestRunner.java:596)\n\tat org.testng.SuiteRunner.runTest(SuiteRunner.java:377)\n\tat org.testng.SuiteRunner.runSequentially(SuiteRunner.java:371)\n\tat org.testng.SuiteRunner.privateRun(SuiteRunner.java:332)\n\tat org.testng.SuiteRunner.run(SuiteRunner.java:276)\n\tat org.testng.SuiteRunnerWorker.runSuite(SuiteRunnerWorker.java:53)\n\tat org.testng.SuiteRunnerWorker.run(SuiteRunnerWorker.java:96)\n\tat org.testng.TestNG.runSuitesSequentially(TestNG.java:1212)\n\tat org.testng.TestNG.runSuitesLocally(TestNG.java:1134)\n\tat org.testng.TestNG.runSuites(TestNG.java:1063)\n\tat org.testng.TestNG.run(TestNG.java:1031)\n\tat org.apache.maven.surefire.testng.TestNGExecutor.run(TestNGExecutor.java:136)\n\tat org.apache.maven.surefire.testng.TestNGDirectoryTestSuite.executeMulti(TestNGDirectoryTestSuite.java:193)\n\tat org.apache.maven.surefire.testng.TestNGDirectoryTestSuite.execute(TestNGDirectoryTestSuite.java:94)\n\tat org.apache.maven.surefire.testng.TestNGProvider.invoke(TestNGProvider.java:145)\n\tat org.apache.maven.surefire.booter.ForkedBooter.runSuitesInProcess(ForkedBooter.java:428)\n\tat org.apache.maven.surefire.booter.ForkedBooter.execute(ForkedBooter.java:162)\n\tat org.apache.maven.surefire.booter.ForkedBooter.run(ForkedBooter.java:562)\n\tat org.apache.maven.surefire.booter.ForkedBooter.main(ForkedBooter.java:548)\n",
    "steps" : [ ],
    "attachments" : [ {
      "uid" : "643179a2b6a2aa54",
      "name" : "Attachment: SHAFT Engine Logs - Current Method log: f31",
      "source" : "643179a2b6a2aa54.txt",
      "type" : "text/plain",
      "size" : 417
    } ],
    "parameters" : [ ],
    "stepsCount" : 0,
    "attachmentsCount" : 1,
    "shouldDisplayMessage" : true,
    "hasContent" : true
  },
  "afterStages" : [ {
    "name" : "teardownActivities",
    "time" : {
      "start" : 1638842460369,
      "stop" : 1638842461039,
      "duration" : 670
    },
    "description" : "",
    "status" : "passed",
    "steps" : [ {
      "name" : "Successfully Closed All Drivers.",
      "time" : {
        "start" : 1638842460369,
        "stop" : 1638842460370,
        "duration" : 1
      },
      "status" : "passed",
      "steps" : [ ],
      "attachments" : [ ],
      "parameters" : [ {
        "name" : "actionCounter",
        "value" : "258"
      }, {
        "name" : "logText",
        "value" : "Successfully Closed All Drivers."
      } ],
      "stepsCount" : 0,
      "attachmentsCount" : 0,
      "shouldDisplayMessage" : false,
      "hasContent" : true
    }, {
      "name" : "Issue Summary: Total Issues = 3, New issues for Failed Tests = 1, Open issues for Passed Tests = 2, Open issues for Failed Tests = 0. Kindly check the attached Issue details.",
      "time" : {
        "start" : 1638842460384,
        "stop" : 1638842460385,
        "duration" : 1
      },
      "status" : "passed",
      "steps" : [ ],
      "attachments" : [ {
        "uid" : "1035473f4842f361",
        "name" : "Attachment: SHAFT Engine Logs - Issues log CSV: 20211207-020100",
        "source" : "1035473f4842f361.csv",
        "type" : "text/csv",
        "size" : 361
      } ],
      "parameters" : [ {
        "name" : "actionCounter",
        "value" : "259"
      }, {
        "name" : "logText",
        "value" : "Issue Summary: Total Issues = 3, New issues for Failed Tests = 1, Open issues for Passed Tests = 2, Open issues for Failed Tests = 0. Kindly check the attached Issue details."
      }, {
        "name" : "attachments",
        "value" : "[[SHAFT Engine Logs, Issues log CSV: 20211207-020100, java.io.ByteArrayInputStream@758c1cb1]]"
      } ],
      "stepsCount" : 0,
      "attachmentsCount" : 1,
      "shouldDisplayMessage" : false,
      "hasContent" : true
    } ],
    "attachments" : [ {
      "uid" : "84d57809b1f91730",
      "name" : "Attachment: SHAFT Engine Logs - Execution log: 20211207-020100",
      "source" : "84d57809b1f91730.txt",
      "type" : "text/plain",
      "size" : 199051
    }, {
      "uid" : "9a44b7ecb3a8ce64",
      "name" : "Attachment: HTML - Extent Emailable Execution Report",
      "source" : "9a44b7ecb3a8ce64.html",
      "type" : "text/html",
      "size" : 4964265
    } ],
    "parameters" : [ ],
    "stepsCount" : 2,
    "attachmentsCount" : 3,
    "shouldDisplayMessage" : false,
    "hasContent" : true
  } ],
  "labels" : [ {
    "name" : "package",
    "value" : "testPackage01.Test_NewValidationHelper"
  }, {
    "name" : "testClass",
    "value" : "testPackage01.Test_NewValidationHelper"
  }, {
    "name" : "testMethod",
    "value" : "f31"
  }, {
    "name" : "parentSuite",
    "value" : "SHAFT: Custom Suite"
  }, {
    "name" : "suite",
    "value" : "SHAFT: Custom Test"
  }, {
    "name" : "subSuite",
    "value" : "testPackage01.Test_NewValidationHelper"
  }, {
    "name" : "host",
    "value" : "Mac-1638841829032.local"
  }, {
    "name" : "thread",
    "value" : "2816@Mac-1638841829032.local.main(1)"
  }, {
    "name" : "framework",
    "value" : "testng"
  }, {
    "name" : "language",
    "value" : "java"
  }, {
    "name" : "resultFormat",
    "value" : "allure2"
  } ],
  "parameters" : [ ],
  "links" : [ ],
  "hidden" : false,
  "retry" : false,
  "extra" : {
    "severity" : "normal",
    "retries" : [ ],
    "categories" : [ ],
    "history" : {
      "statistic" : {
        "failed" : 0,
        "broken" : 5,
        "skipped" : 9,
        "passed" : 1,
        "unknown" : 0,
        "total" : 15
      },
      "items" : [ {
        "uid" : "56fe5b01521baf8b",
        "reportUrl" : "https://MohabMohie.github.io/SHAFT_ENGINE/allure/macOS/Web/967//#testresult/56fe5b01521baf8b",
        "status" : "broken",
        "statusDetails" : "Cannot invoke \"com.aventstack.extentreports.ExtentReports.createTest(String)\" because \"com.shaft.tools.io.ReportManagerHelper.extentReport\" is null",
        "time" : {
          "start" : 1638794018838,
          "stop" : 1638794018838,
          "duration" : 0
        }
      }, {
        "uid" : "5d3f8abab9e69f4c",
        "reportUrl" : "https://MohabMohie.github.io/SHAFT_ENGINE/allure/macOS/Web/964//#testresult/5d3f8abab9e69f4c",
        "status" : "broken",
        "statusDetails" : "Cannot invoke \"com.aventstack.extentreports.ExtentReports.createTest(String)\" because \"com.shaft.tools.io.ReportManagerHelper.extentReport\" is null",
        "time" : {
          "start" : 1638669483212,
          "stop" : 1638669483212,
          "duration" : 0
        }
      }, {
        "uid" : "5eca0615532a831e",
        "reportUrl" : "https://MohabMohie.github.io/SHAFT_ENGINE/allure/macOS/Web/963//#testresult/5eca0615532a831e",
        "status" : "broken",
        "statusDetails" : "Cannot invoke \"com.aventstack.extentreports.ExtentReports.createTest(String)\" because \"com.shaft.tools.io.ReportManagerHelper.extentReport\" is null",
        "time" : {
          "start" : 1638631928493,
          "stop" : 1638631928494,
          "duration" : 1
        }
      }, {
        "uid" : "fd2178ecb40a5912",
        "reportUrl" : "https://MohabMohie.github.io/SHAFT_ENGINE/allure/macOS/Web/962//#testresult/fd2178ecb40a5912",
        "status" : "broken",
        "statusDetails" : "Cannot invoke \"com.aventstack.extentreports.ExtentReports.createTest(String)\" because \"com.shaft.tools.io.ReportManagerHelper.extentReport\" is null",
        "time" : {
          "start" : 1638582661308,
          "stop" : 1638582661309,
          "duration" : 1
        }
      }, {
        "uid" : "58a06782f02ff163",
        "reportUrl" : "https://MohabMohie.github.io/SHAFT_ENGINE/allure/macOS/Web/959//#testresult/58a06782f02ff163",
        "status" : "broken",
        "statusDetails" : "Cannot invoke \"com.aventstack.extentreports.ExtentReports.createTest(String)\" because \"com.shaft.tools.io.ReportManagerHelper.extentReport\" is null",
        "time" : {
          "start" : 1638437098672,
          "stop" : 1638437098673,
          "duration" : 1
        }
      }, {
        "uid" : "7e3c744fd1ac91a6",
        "reportUrl" : "https://MohabMohie.github.io/SHAFT_ENGINE/allure/macOS/Web/956//#testresult/7e3c744fd1ac91a6",
        "status" : "passed",
        "time" : {
          "start" : 1638410072660,
          "stop" : 1638410072746,
          "duration" : 86
        }
      }, {
        "uid" : "4899b7c6eef240a9",
        "reportUrl" : "https://MohabMohie.github.io/SHAFT_ENGINE/allure/macOS/Web/953//#testresult/4899b7c6eef240a9",
        "status" : "skipped",
        "statusDetails" : "Driver Factory Action [createNewLocalDriverInstanceForSafari] failed. With the following test data [Failed to create a session on DESKTOP_SAFARI].",
        "time" : {
          "start" : 1638354698040,
          "stop" : 1638354698042,
          "duration" : 2
        }
      }, {
        "uid" : "78b3fe7418ad7ddd",
        "reportUrl" : "https://MohabMohie.github.io/SHAFT_ENGINE/allure/macOS/Web/951//#testresult/78b3fe7418ad7ddd",
        "status" : "skipped",
        "statusDetails" : "Driver Factory Action [createNewLocalDriverInstanceForSafari] failed. With the following test data [Failed to create a session on DESKTOP_SAFARI].",
        "time" : {
          "start" : 1638346228531,
          "stop" : 1638346228614,
          "duration" : 83
        }
      }, {
        "uid" : "9add5c18a8e1d963",
        "reportUrl" : "https://MohabMohie.github.io/SHAFT_ENGINE/allure/macOS/Web/950//#testresult/9add5c18a8e1d963",
        "status" : "skipped",
        "statusDetails" : "Driver Factory Action [createNewLocalDriverInstanceForSafari] failed. With the following test data [Failed to create a session on DESKTOP_SAFARI].",
        "time" : {
          "start" : 1638324059698,
          "stop" : 1638324059699,
          "duration" : 1
        }
      }, {
        "uid" : "ebc77f450c469b3e",
        "reportUrl" : "https://MohabMohie.github.io/SHAFT_ENGINE/allure/macOS/Web/946//#testresult/ebc77f450c469b3e",
        "status" : "skipped",
        "statusDetails" : "Driver Factory Action [createNewLocalDriverInstanceForSafari] failed. With the following test data [Failed to create a session on DESKTOP_SAFARI].",
        "time" : {
          "start" : 1638150701212,
          "stop" : 1638150701213,
          "duration" : 1
        }
      }, {
        "uid" : "22376be470003312",
        "reportUrl" : "https://MohabMohie.github.io/SHAFT_ENGINE/allure/macOS/Web/945//#testresult/22376be470003312",
        "status" : "skipped",
        "statusDetails" : "Driver Factory Action [createNewLocalDriverInstanceForSafari] failed. With the following test data [Failed to create a session on DESKTOP_SAFARI].",
        "time" : {
          "start" : 1638064168643,
          "stop" : 1638064168684,
          "duration" : 41
        }
      }, {
        "uid" : "e6b0919d64237c80",
        "reportUrl" : "https://MohabMohie.github.io/SHAFT_ENGINE/allure/macOS/Web/944//#testresult/e6b0919d64237c80",
        "status" : "skipped",
        "statusDetails" : "Driver Factory Action [createNewLocalDriverInstanceForSafari] failed. With the following test data [Failed to create a session on DESKTOP_SAFARI].",
        "time" : {
          "start" : 1637977730638,
          "stop" : 1637977730640,
          "duration" : 2
        }
      }, {
        "uid" : "188308ff4d72f29a",
        "reportUrl" : "https://MohabMohie.github.io/SHAFT_ENGINE/allure/macOS/Web/942//#testresult/188308ff4d72f29a",
        "status" : "skipped",
        "statusDetails" : "Driver Factory Action [createNewLocalDriverInstanceForSafari] failed. With the following test data [Failed to create a session on DESKTOP_SAFARI].",
        "time" : {
          "start" : 1637891428632,
          "stop" : 1637891428633,
          "duration" : 1
        }
      }, {
        "uid" : "e54b4af3060ce307",
        "reportUrl" : "https://MohabMohie.github.io/SHAFT_ENGINE/allure/macOS/Web/940//#testresult/e54b4af3060ce307",
        "status" : "skipped",
        "statusDetails" : "Driver Factory Action [createNewLocalDriverInstanceForSafari] failed. With the following test data [Failed to create a session on DESKTOP_SAFARI].",
        "time" : {
          "start" : 1637739643679,
          "stop" : 1637739643681,
          "duration" : 2
        }
      } ]
    },
    "tags" : [ ]
  },
  "source" : "6d117edfb49fe84a.json",
  "parameterValues" : [ ]
}