{
  "uid" : "201874f4a9e18448",
  "name" : "getCurrentURL",
  "fullName" : "unitTests.tests_browserActions.getCurrentURL",
  "historyId" : "b916e3a3cf9aae34687e6cba489385fd",
  "time" : {
    "start" : 1632967125521,
    "stop" : 1632967125527,
    "duration" : 6
  },
  "status" : "skipped",
  "statusMessage" : "Driver Factory Action [createNewLocalDriverInstanceForSafari] failed. With the following test data [Failed to create a session onDESKTOP_SAFARI].",
  "statusTrace" : "java.lang.AssertionError: Driver Factory Action [createNewLocalDriverInstanceForSafari] failed. With the following test data [Failed to create a session onDESKTOP_SAFARI].\n\tat org.testng.Assert.fail(Assert.java:99)\n\tat com.shaft.driver.DriverFactoryHelper.failAction(DriverFactoryHelper.java:304)\n\tat com.shaft.driver.DriverFactoryHelper.createNewLocalDriverInstanceForSafari(DriverFactoryHelper.java:543)\n\tat com.shaft.driver.DriverFactoryHelper.createNewLocalDriverInstance(DriverFactoryHelper.java:562)\n\tat com.shaft.driver.DriverFactoryHelper.getDriver(DriverFactoryHelper.java:770)\n\tat com.shaft.driver.DriverFactoryHelper.getDriver(DriverFactoryHelper.java:138)\n\tat com.shaft.driver.DriverFactory.getDriver(DriverFactory.java:27)\n\tat com.shaft.gui.browser.BrowserFactory.getBrowser(BrowserFactory.java:20)\n\tat unitTests.tests_browserActions.beforeMethod(tests_browserActions.java:90)\n\tat java.base/jdk.internal.reflect.NativeMethodAccessorImpl.invoke0(Native Method)\n\tat java.base/jdk.internal.reflect.NativeMethodAccessorImpl.invoke(NativeMethodAccessorImpl.java:78)\n\tat java.base/jdk.internal.reflect.DelegatingMethodAccessorImpl.invoke(DelegatingMethodAccessorImpl.java:43)\n\tat java.base/java.lang.reflect.Method.invoke(Method.java:567)\n\tat org.testng.internal.MethodInvocationHelper.invokeMethod(MethodInvocationHelper.java:133)\n\tat org.testng.internal.MethodInvocationHelper.invokeMethodConsideringTimeout(MethodInvocationHelper.java:62)\n\tat org.testng.internal.ConfigInvoker.invokeConfigurationMethod(ConfigInvoker.java:385)\n\tat org.testng.internal.ConfigInvoker.invokeConfigurations(ConfigInvoker.java:321)\n\tat org.testng.internal.TestInvoker.runConfigMethods(TestInvoker.java:700)\n\tat org.testng.internal.TestInvoker.invokeMethod(TestInvoker.java:527)\n\tat org.testng.internal.TestInvoker.invokeTestMethod(TestInvoker.java:173)\n\tat org.testng.internal.MethodRunner.runInSequence(MethodRunner.java:46)\n\tat org.testng.internal.TestInvoker$MethodInvocationAgent.invoke(TestInvoker.java:824)\n\tat org.testng.internal.TestInvoker.invokeTestMethods(TestInvoker.java:146)\n\tat org.testng.internal.TestMethodWorker.invokeTestMethods(TestMethodWorker.java:146)\n\tat org.testng.internal.TestMethodWorker.run(TestMethodWorker.java:128)\n\tat java.base/java.util.ArrayList.forEach(ArrayList.java:1511)\n\tat org.testng.TestRunner.privateRun(TestRunner.java:794)\n\tat org.testng.TestRunner.run(TestRunner.java:596)\n\tat org.testng.SuiteRunner.runTest(SuiteRunner.java:377)\n\tat org.testng.SuiteRunner.runSequentially(SuiteRunner.java:371)\n\tat org.testng.SuiteRunner.privateRun(SuiteRunner.java:332)\n\tat org.testng.SuiteRunner.run(SuiteRunner.java:276)\n\tat org.testng.SuiteRunnerWorker.runSuite(SuiteRunnerWorker.java:53)\n\tat org.testng.SuiteRunnerWorker.run(SuiteRunnerWorker.java:96)\n\tat org.testng.TestNG.runSuitesSequentially(TestNG.java:1212)\n\tat org.testng.TestNG.runSuitesLocally(TestNG.java:1134)\n\tat org.testng.TestNG.runSuites(TestNG.java:1063)\n\tat org.testng.TestNG.run(TestNG.java:1031)\n\tat org.apache.maven.surefire.testng.TestNGExecutor.run(TestNGExecutor.java:136)\n\tat org.apache.maven.surefire.testng.TestNGDirectoryTestSuite.executeMulti(TestNGDirectoryTestSuite.java:193)\n\tat org.apache.maven.surefire.testng.TestNGDirectoryTestSuite.execute(TestNGDirectoryTestSuite.java:94)\n\tat org.apache.maven.surefire.testng.TestNGProvider.invoke(TestNGProvider.java:145)\n\tat org.apache.maven.surefire.booter.ForkedBooter.runSuitesInProcess(ForkedBooter.java:428)\n\tat org.apache.maven.surefire.booter.ForkedBooter.execute(ForkedBooter.java:162)\n\tat org.apache.maven.surefire.booter.ForkedBooter.run(ForkedBooter.java:562)\n\tat org.apache.maven.surefire.booter.ForkedBooter.main(ForkedBooter.java:548)\n",
  "flaky" : false,
  "newFailed" : false,
  "beforeStages" : [ {
    "name" : "beforeMethod",
    "time" : {
      "start" : 1632967125085,
      "stop" : 1632967125501,
      "duration" : 416
    },
    "description" : "",
    "status" : "failed",
    "statusMessage" : "Driver Factory Action [createNewLocalDriverInstanceForSafari] failed. With the following test data [Failed to create a session onDESKTOP_SAFARI].",
    "statusTrace" : "java.lang.AssertionError: Driver Factory Action [createNewLocalDriverInstanceForSafari] failed. With the following test data [Failed to create a session onDESKTOP_SAFARI].\n\tat org.testng.Assert.fail(Assert.java:99)\n\tat com.shaft.driver.DriverFactoryHelper.failAction(DriverFactoryHelper.java:304)\n\tat com.shaft.driver.DriverFactoryHelper.createNewLocalDriverInstanceForSafari(DriverFactoryHelper.java:543)\n\tat com.shaft.driver.DriverFactoryHelper.createNewLocalDriverInstance(DriverFactoryHelper.java:562)\n\tat com.shaft.driver.DriverFactoryHelper.getDriver(DriverFactoryHelper.java:770)\n\tat com.shaft.driver.DriverFactoryHelper.getDriver(DriverFactoryHelper.java:138)\n\tat com.shaft.driver.DriverFactory.getDriver(DriverFactory.java:27)\n\tat com.shaft.gui.browser.BrowserFactory.getBrowser(BrowserFactory.java:20)\n\tat unitTests.tests_browserActions.beforeMethod(tests_browserActions.java:90)\n\tat java.base/jdk.internal.reflect.NativeMethodAccessorImpl.invoke0(Native Method)\n\tat java.base/jdk.internal.reflect.NativeMethodAccessorImpl.invoke(NativeMethodAccessorImpl.java:78)\n\tat java.base/jdk.internal.reflect.DelegatingMethodAccessorImpl.invoke(DelegatingMethodAccessorImpl.java:43)\n\tat java.base/java.lang.reflect.Method.invoke(Method.java:567)\n\tat org.testng.internal.MethodInvocationHelper.invokeMethod(MethodInvocationHelper.java:133)\n\tat org.testng.internal.MethodInvocationHelper.invokeMethodConsideringTimeout(MethodInvocationHelper.java:62)\n\tat org.testng.internal.ConfigInvoker.invokeConfigurationMethod(ConfigInvoker.java:385)\n\tat org.testng.internal.ConfigInvoker.invokeConfigurations(ConfigInvoker.java:321)\n\tat org.testng.internal.TestInvoker.runConfigMethods(TestInvoker.java:700)\n\tat org.testng.internal.TestInvoker.invokeMethod(TestInvoker.java:527)\n\tat org.testng.internal.TestInvoker.invokeTestMethod(TestInvoker.java:173)\n\tat org.testng.internal.MethodRunner.runInSequence(MethodRunner.java:46)\n\tat org.testng.internal.TestInvoker$MethodInvocationAgent.invoke(TestInvoker.java:824)\n\tat org.testng.internal.TestInvoker.invokeTestMethods(TestInvoker.java:146)\n\tat org.testng.internal.TestMethodWorker.invokeTestMethods(TestMethodWorker.java:146)\n\tat org.testng.internal.TestMethodWorker.run(TestMethodWorker.java:128)\n\tat java.base/java.util.ArrayList.forEach(ArrayList.java:1511)\n\tat org.testng.TestRunner.privateRun(TestRunner.java:794)\n\tat org.testng.TestRunner.run(TestRunner.java:596)\n\tat org.testng.SuiteRunner.runTest(SuiteRunner.java:377)\n\tat org.testng.SuiteRunner.runSequentially(SuiteRunner.java:371)\n\tat org.testng.SuiteRunner.privateRun(SuiteRunner.java:332)\n\tat org.testng.SuiteRunner.run(SuiteRunner.java:276)\n\tat org.testng.SuiteRunnerWorker.runSuite(SuiteRunnerWorker.java:53)\n\tat org.testng.SuiteRunnerWorker.run(SuiteRunnerWorker.java:96)\n\tat org.testng.TestNG.runSuitesSequentially(TestNG.java:1212)\n\tat org.testng.TestNG.runSuitesLocally(TestNG.java:1134)\n\tat org.testng.TestNG.runSuites(TestNG.java:1063)\n\tat org.testng.TestNG.run(TestNG.java:1031)\n\tat org.apache.maven.surefire.testng.TestNGExecutor.run(TestNGExecutor.java:136)\n\tat org.apache.maven.surefire.testng.TestNGDirectoryTestSuite.executeMulti(TestNGDirectoryTestSuite.java:193)\n\tat org.apache.maven.surefire.testng.TestNGDirectoryTestSuite.execute(TestNGDirectoryTestSuite.java:94)\n\tat org.apache.maven.surefire.testng.TestNGProvider.invoke(TestNGProvider.java:145)\n\tat org.apache.maven.surefire.booter.ForkedBooter.runSuitesInProcess(ForkedBooter.java:428)\n\tat org.apache.maven.surefire.booter.ForkedBooter.execute(ForkedBooter.java:162)\n\tat org.apache.maven.surefire.booter.ForkedBooter.run(ForkedBooter.java:562)\n\tat org.apache.maven.surefire.booter.ForkedBooter.main(ForkedBooter.java:548)\n",
    "steps" : [ {
      "name" : "Attempting to run locally on: [Mac-64], [Safari], Headless Execution.",
      "time" : {
        "start" : 1632967125086,
        "stop" : 1632967125086,
        "duration" : 0
      },
      "status" : "passed",
      "steps" : [ ],
      "attachments" : [ ],
      "parameters" : [ {
        "name" : "actionCounter",
        "value" : "41"
      }, {
        "name" : "logText",
        "value" : "Attempting to run locally on: [Mac-64], [Safari], Headless Execution."
      } ],
      "stepsCount" : 0,
      "attachmentsCount" : 0,
      "shouldDisplayMessage" : false,
      "hasContent" : true
    }, {
      "name" : "An Exception Occured with this Message: Could not create a session: The Safari instance terminated while trying to pair with it..",
      "time" : {
        "start" : 1632967125498,
        "stop" : 1632967125499,
        "duration" : 1
      },
      "status" : "passed",
      "steps" : [ ],
      "attachments" : [ {
        "uid" : "b1683b9831d0572",
        "name" : "Attachment: Exception Stack Trace - org.openqa.selenium.SessionNotCreatedException",
        "source" : "b1683b9831d0572.txt",
        "type" : "text/plain",
        "size" : 5918
      } ],
      "parameters" : [ {
        "name" : "actionCounter",
        "value" : "42"
      }, {
        "name" : "logText",
        "value" : "An Exception Occured with this Message: Could not create a session: The Safari instance terminated while trying to pair with it.."
      }, {
        "name" : "attachments",
        "value" : "[[Exception Stack Trace, org.openqa.selenium.SessionNotCreatedException, org.openqa.selenium.SessionNotCreatedException:\nCould not create a session: The Safari instance terminated while trying to pair with it.\nBuild info: version: '3.141.59', revision: 'e82be7d358', time: '2018-11-14T08:17:03'\nSystem info: host: 'Mac-1632966315814.local', ip: '10.79.0.127', os.name: 'Mac OS X', os.arch: 'x86_64', os.version: '10.15.7', java.version: '16.0.2'\nDriver info: driver.version: SafariDriver\nremote stacktrace: \njava.base/jdk.internal.reflect.NativeConstructorAccessorImpl.newInstance0(Native Method)\njava.base/jdk.internal.reflect.NativeConstructorAccessorImpl.newInstance(NativeConstructorAccessorImpl.java:78)\njava.base/jdk.internal.reflect.DelegatingConstructorAccessorImpl.newInstance(DelegatingConstructorAccessorImpl.java:45)\njava.base/java.lang.reflect.Constructor.newInstanceWithCaller(Constructor.java:499)\njava.base/java.lang.reflect.Constructor.newInstance(Constructor.java:480)\norg.openqa.selenium.remote.W3CHandshakeResponse.lambda$errorHandler$0(W3CHandshakeResponse.java:62)\norg.openqa.selenium.remote.HandshakeResponse.lambda$getResponseFunction$0(HandshakeResponse.java:30)\norg.openqa.selenium.remote.ProtocolHandshake.lambda$createSession$0(ProtocolHandshake.java:126)\njava.base/java.util.stream.ReferencePipeline$3$1.accept(ReferencePipeline.java:197)\njava.base/java.util.Spliterators$ArraySpliterator.tryAdvance(Spliterators.java:958)\njava.base/java.util.stream.ReferencePipeline.forEachWithCancel(ReferencePipeline.java:129)\njava.base/java.util.stream.AbstractPipeline.copyIntoWithCancel(AbstractPipeline.java:502)\njava.base/java.util.stream.AbstractPipeline.copyInto(AbstractPipeline.java:488)\njava.base/java.util.stream.AbstractPipeline.wrapAndCopyInto(AbstractPipeline.java:474)\njava.base/java.util.stream.FindOps$FindOp.evaluateSequential(FindOps.java:150)\njava.base/java.util.stream.AbstractPipeline.evaluate(AbstractPipeline.java:234)\njava.base/java.util.stream.ReferencePipeline.findFirst(ReferencePipeline.java:647)\norg.openqa.selenium.remote.ProtocolHandshake.createSession(ProtocolHandshake.java:128)\norg.openqa.selenium.remote.ProtocolHandshake.createSession(ProtocolHandshake.java:74)\norg.openqa.selenium.remote.HttpCommandExecutor.execute(HttpCommandExecutor.java:136)\norg.openqa.selenium.remote.service.DriverCommandExecutor.execute(DriverCommandExecutor.java:83)\norg.openqa.selenium.remote.RemoteWebDriver.execute(RemoteWebDriver.java:552)\norg.openqa.selenium.remote.RemoteWebDriver.startSession(RemoteWebDriver.java:213)\norg.openqa.selenium.remote.RemoteWebDriver.<init>(RemoteWebDriver.java:131)\norg.openqa.selenium.safari.SafariDriver.<init>(SafariDriver.java:81)\norg.openqa.selenium.safari.SafariDriver.<init>(SafariDriver.java:63)\ncom.shaft.driver.DriverFactoryHelper.createNewLocalDriverInstanceForSafari(DriverFactoryHelper.java:540)\ncom.shaft.driver.DriverFactoryHelper.createNewLocalDriverInstance(DriverFactoryHelper.java:562)\ncom.shaft.driver.DriverFactoryHelper.getDriver(DriverFactoryHelper.java:770)\ncom.shaft.driver.DriverFactoryHelper.getDriver(DriverFactoryHelper.java:138)\ncom.shaft.driver.DriverFactory.getDriver(DriverFactory.java:27)\ncom.shaft.gui.browser.BrowserFactory.getBrowser(BrowserFactory.java:20)\nunitTests.tests_browserActions.beforeMethod(tests_browserActions.java:90)\njava.base/jdk.internal.reflect.NativeMethodAccessorImpl.invoke0(Native Method)\njava.base/jdk.internal.reflect.NativeMethodAccessorImpl.invoke(NativeMethodAccessorImpl.java:78)\njava.base/jdk.internal.reflect.DelegatingMethodAccessorImpl.invoke(DelegatingMethodAccessorImpl.java:43)\njava.base/java.lang.reflect.Method.invoke(Method.java:567)\norg.testng.internal.MethodInvocationHelper.invokeMethod(MethodInvocationHelper.java:133)\norg.testng.internal.MethodInvocationHelper.invokeMethodConsideringTimeout(MethodInvocationHelper.java:62)\norg.testng.internal.ConfigInvoker.invokeConfigurationMethod(ConfigInvoker.java:385)\norg.testng.internal.ConfigInvoker.invokeConfigurations(ConfigInvoker.java:321)\norg.testng.internal.TestInvoker.runConfigMethods(TestInvoker.java:700)\norg.testng.internal.TestInvoker.invokeMethod(TestInvoker.java:527)\norg.testng.internal.TestInvoker.invokeTestMethod(TestInvoker.java:173)\norg.testng.internal.MethodRunner.runInSequence(MethodRunner.java:46)\norg.testng.internal.TestInvoker$MethodInvocationAgent.invoke(TestInvoker.java:824)\norg.testng.internal.TestInvoker.invokeTestMethods(TestInvoker.java:146)\norg.testng.internal.TestMethodWorker.invokeTestMethods(TestMethodWorker.java:146)\norg.testng.internal.TestMethodWorker.run(TestMethodWorker.java:128)\njava.base/java.util.ArrayList.forEach(ArrayList.java:1511)\norg.testng.TestRunner.privateRun(TestRunner.java:794)\norg.testng.TestRunner.run(TestRunner.java:596)\norg.testng.SuiteRunner.runTest(SuiteRunner.java:377)\norg.testng.SuiteRunner.runSequentially(SuiteRunner.java:371)\norg.testng.SuiteRunner.privateRun(SuiteRunner.java:332)\norg.testng.SuiteRunner.run(SuiteRunner.java:276)\norg.testng.SuiteRunnerWorker.runSuite(SuiteRunnerWorker.java:53)\norg.testng.SuiteRunnerWorker.run(SuiteRunnerWorker.java:96)\norg.testng.TestNG.runSuitesSequentially(TestNG.java:1212)\norg.testng.TestNG.runSuitesLocally(TestNG.java:1134)\norg.testng.TestNG.runSuites(TestNG.java:1063)\norg.testng.TestNG.run(TestNG.java:1031)\norg.apache.maven.surefire.testng.TestNGExecutor.run(TestNGExecutor.java:136)\norg.apache.maven.surefire.testng.TestNGDirectoryTestSuite.executeMulti(TestNGDirectoryTestSuite.java:193)\norg.apache.maven.surefire.testng.TestNGDirectoryTestSuite.execute(TestNGDirectoryTestSuite.java:94)\norg.apache.maven.surefire.testng.TestNGProvider.invoke(TestNGProvider.java:145)\norg.apache.maven.surefire.booter.ForkedBooter.runSuitesInProcess(ForkedBooter.java:428)\norg.apache.maven.surefire.booter.ForkedBooter.execute(ForkedBooter.java:162)\norg.apache.maven.surefire.booter.ForkedBooter.run(ForkedBooter.java:562)\norg.apache.maven.surefire.booter.ForkedBooter.main(ForkedBooter.java:548)\n]]"
      } ],
      "stepsCount" : 0,
      "attachmentsCount" : 1,
      "shouldDisplayMessage" : false,
      "hasContent" : true
    }, {
      "name" : "Driver Factory Action [createNewLocalDriverInstanceForSafari] failed. With the following test data [Failed to create a session onDESKTOP_SAFARI].",
      "time" : {
        "start" : 1632967125499,
        "stop" : 1632967125499,
        "duration" : 0
      },
      "status" : "passed",
      "steps" : [ ],
      "attachments" : [ ],
      "parameters" : [ {
        "name" : "actionCounter",
        "value" : "44"
      }, {
        "name" : "logText",
        "value" : "Driver Factory Action [createNewLocalDriverInstanceForSafari] failed. With the following test data [Failed to create a session onDESKTOP_SAFARI]."
      } ],
      "stepsCount" : 0,
      "attachmentsCount" : 0,
      "shouldDisplayMessage" : false,
      "hasContent" : true
    } ],
    "attachments" : [ {
      "uid" : "425a3c11c2828085",
      "name" : "Attachment: SHAFT Engine Logs - Current Method log: beforeMethod",
      "source" : "425a3c11c2828085.txt",
      "type" : "text/plain",
      "size" : 808
    } ],
    "parameters" : [ ],
    "stepsCount" : 3,
    "attachmentsCount" : 2,
    "shouldDisplayMessage" : true,
    "hasContent" : true
  } ],
  "testStage" : {
    "status" : "skipped",
    "statusMessage" : "Driver Factory Action [createNewLocalDriverInstanceForSafari] failed. With the following test data [Failed to create a session onDESKTOP_SAFARI].",
    "statusTrace" : "java.lang.AssertionError: Driver Factory Action [createNewLocalDriverInstanceForSafari] failed. With the following test data [Failed to create a session onDESKTOP_SAFARI].\n\tat org.testng.Assert.fail(Assert.java:99)\n\tat com.shaft.driver.DriverFactoryHelper.failAction(DriverFactoryHelper.java:304)\n\tat com.shaft.driver.DriverFactoryHelper.createNewLocalDriverInstanceForSafari(DriverFactoryHelper.java:543)\n\tat com.shaft.driver.DriverFactoryHelper.createNewLocalDriverInstance(DriverFactoryHelper.java:562)\n\tat com.shaft.driver.DriverFactoryHelper.getDriver(DriverFactoryHelper.java:770)\n\tat com.shaft.driver.DriverFactoryHelper.getDriver(DriverFactoryHelper.java:138)\n\tat com.shaft.driver.DriverFactory.getDriver(DriverFactory.java:27)\n\tat com.shaft.gui.browser.BrowserFactory.getBrowser(BrowserFactory.java:20)\n\tat unitTests.tests_browserActions.beforeMethod(tests_browserActions.java:90)\n\tat java.base/jdk.internal.reflect.NativeMethodAccessorImpl.invoke0(Native Method)\n\tat java.base/jdk.internal.reflect.NativeMethodAccessorImpl.invoke(NativeMethodAccessorImpl.java:78)\n\tat java.base/jdk.internal.reflect.DelegatingMethodAccessorImpl.invoke(DelegatingMethodAccessorImpl.java:43)\n\tat java.base/java.lang.reflect.Method.invoke(Method.java:567)\n\tat org.testng.internal.MethodInvocationHelper.invokeMethod(MethodInvocationHelper.java:133)\n\tat org.testng.internal.MethodInvocationHelper.invokeMethodConsideringTimeout(MethodInvocationHelper.java:62)\n\tat org.testng.internal.ConfigInvoker.invokeConfigurationMethod(ConfigInvoker.java:385)\n\tat org.testng.internal.ConfigInvoker.invokeConfigurations(ConfigInvoker.java:321)\n\tat org.testng.internal.TestInvoker.runConfigMethods(TestInvoker.java:700)\n\tat org.testng.internal.TestInvoker.invokeMethod(TestInvoker.java:527)\n\tat org.testng.internal.TestInvoker.invokeTestMethod(TestInvoker.java:173)\n\tat org.testng.internal.MethodRunner.runInSequence(MethodRunner.java:46)\n\tat org.testng.internal.TestInvoker$MethodInvocationAgent.invoke(TestInvoker.java:824)\n\tat org.testng.internal.TestInvoker.invokeTestMethods(TestInvoker.java:146)\n\tat org.testng.internal.TestMethodWorker.invokeTestMethods(TestMethodWorker.java:146)\n\tat org.testng.internal.TestMethodWorker.run(TestMethodWorker.java:128)\n\tat java.base/java.util.ArrayList.forEach(ArrayList.java:1511)\n\tat org.testng.TestRunner.privateRun(TestRunner.java:794)\n\tat org.testng.TestRunner.run(TestRunner.java:596)\n\tat org.testng.SuiteRunner.runTest(SuiteRunner.java:377)\n\tat org.testng.SuiteRunner.runSequentially(SuiteRunner.java:371)\n\tat org.testng.SuiteRunner.privateRun(SuiteRunner.java:332)\n\tat org.testng.SuiteRunner.run(SuiteRunner.java:276)\n\tat org.testng.SuiteRunnerWorker.runSuite(SuiteRunnerWorker.java:53)\n\tat org.testng.SuiteRunnerWorker.run(SuiteRunnerWorker.java:96)\n\tat org.testng.TestNG.runSuitesSequentially(TestNG.java:1212)\n\tat org.testng.TestNG.runSuitesLocally(TestNG.java:1134)\n\tat org.testng.TestNG.runSuites(TestNG.java:1063)\n\tat org.testng.TestNG.run(TestNG.java:1031)\n\tat org.apache.maven.surefire.testng.TestNGExecutor.run(TestNGExecutor.java:136)\n\tat org.apache.maven.surefire.testng.TestNGDirectoryTestSuite.executeMulti(TestNGDirectoryTestSuite.java:193)\n\tat org.apache.maven.surefire.testng.TestNGDirectoryTestSuite.execute(TestNGDirectoryTestSuite.java:94)\n\tat org.apache.maven.surefire.testng.TestNGProvider.invoke(TestNGProvider.java:145)\n\tat org.apache.maven.surefire.booter.ForkedBooter.runSuitesInProcess(ForkedBooter.java:428)\n\tat org.apache.maven.surefire.booter.ForkedBooter.execute(ForkedBooter.java:162)\n\tat org.apache.maven.surefire.booter.ForkedBooter.run(ForkedBooter.java:562)\n\tat org.apache.maven.surefire.booter.ForkedBooter.main(ForkedBooter.java:548)\n",
    "steps" : [ ],
    "attachments" : [ {
      "uid" : "903abe1e7080f818",
      "name" : "Attachment: SHAFT Engine Logs - Current Method log: getCurrentURL",
      "source" : "903abe1e7080f818.txt",
      "type" : "text/plain",
      "size" : 417
    } ],
    "parameters" : [ ],
    "stepsCount" : 0,
    "attachmentsCount" : 1,
    "shouldDisplayMessage" : true,
    "hasContent" : true
  },
  "afterStages" : [ {
    "name" : "afterMethod",
    "time" : {
      "start" : 1632967125528,
      "stop" : 1632967125528,
      "duration" : 0
    },
    "description" : "",
    "status" : "broken",
    "steps" : [ ],
    "attachments" : [ ],
    "parameters" : [ ],
    "stepsCount" : 0,
    "attachmentsCount" : 0,
    "shouldDisplayMessage" : false,
    "hasContent" : false
  }, {
    "name" : "closureActivities",
    "time" : {
      "start" : 1632967493951,
      "stop" : 1632967494515,
      "duration" : 564
    },
    "description" : "",
    "status" : "passed",
    "steps" : [ {
      "name" : "Successfully Closed All Drivers.",
      "time" : {
        "start" : 1632967493952,
        "stop" : 1632967493952,
        "duration" : 0
      },
      "status" : "passed",
      "steps" : [ ],
      "attachments" : [ ],
      "parameters" : [ {
        "name" : "actionCounter",
        "value" : "512"
      }, {
        "name" : "logText",
        "value" : "Successfully Closed All Drivers."
      } ],
      "stepsCount" : 0,
      "attachmentsCount" : 0,
      "shouldDisplayMessage" : false,
      "hasContent" : true
    }, {
      "name" : "Issue Summary: Total Issues = 6, New issues for Failed Tests = 4, Open issues for Passed Tests = 2, Open issues for Failed Tests = 0. Kindly check the attached Issue details.",
      "time" : {
        "start" : 1632967493966,
        "stop" : 1632967493967,
        "duration" : 1
      },
      "status" : "passed",
      "steps" : [ ],
      "attachments" : [ {
        "uid" : "d1c065f0c94f25aa",
        "name" : "Attachment: SHAFT Engine Logs - Issues log CSV: 20210930-020453",
        "source" : "d1c065f0c94f25aa.csv",
        "type" : "text/csv",
        "size" : 759
      } ],
      "parameters" : [ {
        "name" : "actionCounter",
        "value" : "513"
      }, {
        "name" : "logText",
        "value" : "Issue Summary: Total Issues = 6, New issues for Failed Tests = 4, Open issues for Passed Tests = 2, Open issues for Failed Tests = 0. Kindly check the attached Issue details."
      }, {
        "name" : "attachments",
        "value" : "[[SHAFT Engine Logs, Issues log CSV: 20210930-020453, java.io.ByteArrayInputStream@58b7cd4]]"
      } ],
      "stepsCount" : 0,
      "attachmentsCount" : 1,
      "shouldDisplayMessage" : false,
      "hasContent" : true
    } ],
    "attachments" : [ {
      "uid" : "2f5ee84ede5e582c",
      "name" : "Attachment: SHAFT Engine Logs - Execution log: 20210930-020453",
      "source" : "2f5ee84ede5e582c.txt",
      "type" : "text/plain",
      "size" : 236336
    }, {
      "uid" : "590f3f6273f8f7d1",
      "name" : "Attachment: HTML - Extent Emailable Execution Report",
      "source" : "590f3f6273f8f7d1.html",
      "type" : "text/html",
      "size" : 9376493
    } ],
    "parameters" : [ ],
    "stepsCount" : 2,
    "attachmentsCount" : 3,
    "shouldDisplayMessage" : false,
    "hasContent" : true
  } ],
  "labels" : [ {
    "name" : "package",
    "value" : "unitTests.tests_browserActions"
  }, {
    "name" : "testClass",
    "value" : "unitTests.tests_browserActions"
  }, {
    "name" : "testMethod",
    "value" : "getCurrentURL"
  }, {
    "name" : "parentSuite",
    "value" : "SHAFT: Custom Suite"
  }, {
    "name" : "suite",
    "value" : "SHAFT: Custom Test"
  }, {
    "name" : "subSuite",
    "value" : "unitTests.tests_browserActions"
  }, {
    "name" : "host",
    "value" : "Mac-1632966315814.local"
  }, {
    "name" : "thread",
    "value" : "5197@Mac-1632966315814.local.main(1)"
  }, {
    "name" : "framework",
    "value" : "testng"
  }, {
    "name" : "language",
    "value" : "java"
  }, {
    "name" : "resultFormat",
    "value" : "allure2"
  } ],
  "parameters" : [ ],
  "links" : [ ],
  "hidden" : false,
  "retry" : false,
  "extra" : {
    "severity" : "normal",
    "retries" : [ ],
    "categories" : [ ],
    "history" : {
      "statistic" : {
        "failed" : 0,
        "broken" : 0,
        "skipped" : 3,
        "passed" : 10,
        "unknown" : 0,
        "total" : 13
      },
      "items" : [ {
        "uid" : "51aa36cdc1853943",
        "reportUrl" : "https://MohabMohie.github.io/SHAFT_ENGINE/allure/macOS/Web/770//#testresult/51aa36cdc1853943",
        "status" : "passed",
        "time" : {
          "start" : 1632880071812,
          "stop" : 1632880071871,
          "duration" : 59
        }
      }, {
        "uid" : "ae4832700b1efa4c",
        "reportUrl" : "https://MohabMohie.github.io/SHAFT_ENGINE/allure/macOS/Web/767//#testresult/ae4832700b1efa4c",
        "status" : "skipped",
        "statusDetails" : "Driver Factory Action [createNewLocalDriverInstanceForSafari] failed. With the following test data [Failed to create a session onDESKTOP_SAFARI].",
        "time" : {
          "start" : 1632794028898,
          "stop" : 1632794028903,
          "duration" : 5
        }
      }, {
        "uid" : "fd215856a583891b",
        "reportUrl" : "https://MohabMohie.github.io/SHAFT_ENGINE/allure/macOS/Web/762//#testresult/fd215856a583891b",
        "status" : "skipped",
        "statusDetails" : "Driver Factory Action [createNewLocalDriverInstanceForSafari] failed. With the following test data [Failed to create a session onDESKTOP_SAFARI].",
        "time" : {
          "start" : 1632707545271,
          "stop" : 1632707545277,
          "duration" : 6
        }
      }, {
        "uid" : "5bb7a9c55f57553d",
        "reportUrl" : "https://MohabMohie.github.io/SHAFT_ENGINE/allure/macOS/Web/760//#testresult/5bb7a9c55f57553d",
        "status" : "passed",
        "time" : {
          "start" : 1632534851545,
          "stop" : 1632534851576,
          "duration" : 31
        }
      }, {
        "uid" : "e917b483a01d7ec4",
        "reportUrl" : "https://MohabMohie.github.io/SHAFT_ENGINE/allure/macOS/Web/758//#testresult/e917b483a01d7ec4",
        "status" : "passed",
        "time" : {
          "start" : 1632436461657,
          "stop" : 1632436461690,
          "duration" : 33
        }
      }, {
        "uid" : "6ec4990ba2496cdf",
        "reportUrl" : "https://MohabMohie.github.io/SHAFT_ENGINE/allure/macOS/Web/754//#testresult/6ec4990ba2496cdf",
        "status" : "passed",
        "time" : {
          "start" : 1632362250090,
          "stop" : 1632362250114,
          "duration" : 24
        }
      }, {
        "uid" : "1e683624c70dd6d7",
        "reportUrl" : "https://MohabMohie.github.io/SHAFT_ENGINE/allure/macOS/Web/752//#testresult/1e683624c70dd6d7",
        "status" : "passed",
        "time" : {
          "start" : 1632320141888,
          "stop" : 1632320141921,
          "duration" : 33
        }
      }, {
        "uid" : "663c76f42c1e8718",
        "reportUrl" : "https://MohabMohie.github.io/SHAFT_ENGINE/allure/macOS/Web/750//#testresult/663c76f42c1e8718",
        "status" : "passed",
        "time" : {
          "start" : 1632275887611,
          "stop" : 1632275887748,
          "duration" : 137
        }
      }, {
        "uid" : "5f470c95a2f01210",
        "reportUrl" : "https://MohabMohie.github.io/SHAFT_ENGINE/allure/macOS/Web/738//#testresult/5f470c95a2f01210",
        "status" : "passed",
        "time" : {
          "start" : 1632102985952,
          "stop" : 1632102985981,
          "duration" : 29
        }
      }, {
        "uid" : "36108ce69e856ee2",
        "reportUrl" : "https://MohabMohie.github.io/SHAFT_ENGINE/allure/macOS/Web/736//#testresult/36108ce69e856ee2",
        "status" : "passed",
        "time" : {
          "start" : 1631930032564,
          "stop" : 1631930032587,
          "duration" : 23
        }
      }, {
        "uid" : "cc47ffcf910c5962",
        "reportUrl" : "https://MohabMohie.github.io/SHAFT_ENGINE/allure/macOS/Web/735//#testresult/cc47ffcf910c5962",
        "status" : "passed",
        "time" : {
          "start" : 1631843851426,
          "stop" : 1631843851457,
          "duration" : 31
        }
      }, {
        "uid" : "65f0bd49297084c6",
        "reportUrl" : "https://MohabMohie.github.io/SHAFT_ENGINE/allure/macOS/Web/734//#testresult/65f0bd49297084c6",
        "status" : "passed",
        "time" : {
          "start" : 1631820807194,
          "stop" : 1631820807219,
          "duration" : 25
        }
      } ]
    },
    "tags" : [ ]
  },
  "source" : "201874f4a9e18448.json",
  "parameterValues" : [ ]
}