################################################################################################################################################
Detected SHAFT Engine Version: [SHAFT Engine v5.4.20211030-BETA]
################################################################################################################################################
[ReportManager] File Action [GetAbsolutePath] successfully performed. With the following test data [Relative Folder Path: "target/downloadedFiles/"]. @04-11-2021 10:08:39.0125 AM
[ReportManager] Attempting to run remotely on: [Linux-64], [GoogleChrome], [http://localhost:4444/wd/hub], Headless Execution. @04-11-2021 10:08:39.0146 AM
[ReportManager] Successfully Opened [GoogleChrome]. @04-11-2021 10:08:43.0476 A

################################################################################################################################################
Starting Execution:	[1 out of 146] test cases in the current suite
Test Method:		[testPackage01.Test_IsElementClickable.testIsElementClickable]
################################################################################################################################################
[ReportManager] Target URL: [https://the-internet.herokuapp.com/] @04-11-2021 10:08:43.0662 AM
[ReportManager] Initial URL: [data:,] @04-11-2021 10:08:43.0932 AM
[ReportManager] Browser Action [NavigateToURL] successfully performed. With the following test data [https://the-internet.herokuapp.com/]. @04-11-2021 10:08:44.0884 AM
[ReportManager] Element Action [IsElementClickable] successfully performed. @04-11-2021 10:08:45.0433 AM
[ReportManager] Assertion [ValidateTrue] PASSED. Expected [TRUE] and Actual [TRUE]. Validation Type [POSITIVE]. @04-11-2021 10:08:45.0443 A
[ReportManager] Browser Action [CloseCurrentWindow] successfully performed. @04-11-2021 10:08:45.0709 AM
[ReportManager] Successfully created attachment [Browser Action Test Data - CloseCurrentWindow - Actual Value] @04-11-2021 10:08:45.0710 A

################################################################################################################################################
Starting Execution:	[2 out of 146] test cases in the current suite
Test Method:		[testPackage01.Test_chainableElementActions.chainElementActions]
################################################################################################################################################
[ReportManager] File Action [GetAbsolutePath] successfully performed. With the following test data [Relative Folder Path: "target/downloadedFiles/"]. @04-11-2021 10:08:45.0721 AM
[ReportManager] Attempting to run remotely on: [Linux-64], [GoogleChrome], [http://localhost:4444/wd/hub], Headless Execution. @04-11-2021 10:08:45.0721 AM
[ReportManager] Successfully Opened [GoogleChrome]. @04-11-2021 10:08:47.0466 AM
[ReportManager] Target URL: [https://www.google.com/ncr], and after redirection: [https://www.google.com] @04-11-2021 10:08:47.0466 AM
[ReportManager] Initial URL: [data:,] @04-11-2021 10:08:47.0601 AM
[ReportManager] Browser Action [NavigateToURL] successfully performed. With the following test data [https://www.google.com/ncr]. @04-11-2021 10:08:48.0808 AM
[ReportManager] Element Action [Type] successfully performed. With the following test data [chained type 1]. @04-11-2021 10:08:49.0659 AM
[ReportManager] Element Action [Type] successfully performed. With the following test data [chained type 2]. @04-11-2021 10:08:50.0457 AM
[ReportManager] Element Action [TypeAppend] successfully performed. With the following test data [345]. @04-11-2021 10:08:50.0650 AM
[ReportManager] Element Action [GetText] successfully performed. With the following test data [chained type 2345]. @04-11-2021 10:08:50.0945 AM
[ReportManager] Loaded Shared OpenCV @04-11-2021 10:08:51.0881 AM
[ReportManager] Assertion [ValidateElementAttribute] PASSED. Expected [Value Should be 'chained type 2345' for the 'text' attribute, element locator 'By.name: q'] and Actual [chained type 2345]. Comparison Type [EQUALS]. Validation Type [POSITIVE]. @04-11-2021 10:08:52.0484 AM
[ReportManager] Successfully created attachment [Screenshot - 1636020531377_chainElementActions_ValidateElementAttribute_passed] @04-11-2021 10:08:52.0514 AM
[ReportManager] Browser Action [CloseCurrentWindow] successfully performed. @04-11-2021 10:08:52.0741 AM
[ReportManager] Successfully created attachment [Browser Action Test Data - CloseCurrentWindow - Actual Value] @04-11-2021 10:08:52.0762 A

################################################################################################################################################
Starting Execution:	[3 out of 146] test cases in the current suite
Test Method:		[testPackage01.Test_AssertApiResponseEquals.assertApiResponseEquals_expectedToPass]
################################################################################################################################################
[ReportManager] Response status code: [200], status line: [HTTP/1.1 200 OK] @04-11-2021 10:08:55.0311 AM
[ReportManager] Assertion Passed: Evaluating the actual response status code against the expected one... @04-11-2021 10:08:55.0317 AM
[ReportManager] Assertion [ValidateComparativeRelation] PASSED. Expected [200] and Actual [200]. Comparison Type [EQUALS]. Validation Type [POSITIVE]. @04-11-2021 10:08:55.0317 AM
[ReportManager] API Action [PerformRequest] successfully performed. With the following test data [Request Type: "GET" | Target Status Code: "200" | Service URL: "https://jsonplaceholder.typicode.com/users" | Content Type: "*/*" | Response Time: "911ms"]. @04-11-2021 10:08:56.0616 AM
[ReportManager] Successfully created attachment [API Request - Specifications] @04-11-2021 10:08:56.0617 AM
[ReportManager] Successfully created attachment [API Response - JSON Body] @04-11-2021 10:08:56.0887 AM
[ReportManager] API Action [GetResponseJSONValueAsList] successfully performed. With the following test data [$]. @04-11-2021 10:08:56.0911 AM
[ReportManager] API Action [GetResponseJSONValue] successfully performed. With the following test data [name]. @04-11-2021 10:08:56.0937 AM
[ReportManager] API Action [GetResponseJSONValue] successfully performed. With the following test data [email]. @04-11-2021 10:08:56.0958 AM
[ReportManager] Verification [ValidateEquals] PASSED. Expected [Sincere@april.biz] and Actual [Sincere@april.biz]. Comparison Type [EQUALS]. Validation Type [POSITIVE]. @04-11-2021 10:08:56.0959 AM
[ReportManager] API Action [GetResponseJSONValue] successfully performed. With the following test data [username]. @04-11-2021 10:08:56.0975 AM
[ReportManager] Assertion [ValidateEquals] PASSED. Expected [Bret] and Actual [Bret]. Comparison Type [EQUALS]. Validation Type [POSITIVE]. @04-11-2021 10:08:56.0975 AM
[ReportManager] API Action [GetResponseJSONValue] successfully performed. With the following test data [name]. @04-11-2021 10:08:56.0991 AM
[ReportManager] API Action [GetResponseJSONValue] successfully performed. With the following test data [name]. @04-11-2021 10:08:57.0006 AM
[ReportManager] API Action [GetResponseJSONValue] successfully performed. With the following test data [name]. @04-11-2021 10:08:57.0022 AM
[ReportManager] API Action [GetResponseJSONValue] successfully performed. With the following test data [name]. @04-11-2021 10:08:57.0037 AM
[ReportManager] API Action [GetResponseJSONValue] successfully performed. With the following test data [name]. @04-11-2021 10:08:57.0052 AM
[ReportManager] API Action [GetResponseJSONValue] successfully performed. With the following test data [name]. @04-11-2021 10:08:57.0070 AM
[ReportManager] API Action [GetResponseJSONValue] successfully performed. With the following test data [name]. @04-11-2021 10:08:57.0099 AM
[ReportManager] API Action [GetResponseJSONValue] successfully performed. With the following test data [name]. @04-11-2021 10:08:57.0122 AM
[ReportManager] API Action [GetResponseJSONValue] successfully performed. With the following test data [name]. @04-11-2021 10:08:57.0144 A
[ReportManager] File Action [GetAbsolutePath] successfully performed. With the following test data [Relative Folder Path: "target/downloadedFiles/"]. @04-11-2021 10:08:57.0157 AM
[ReportManager] Attempting to run remotely on: [Linux-64], [GoogleChrome], [http://localhost:4444/wd/hub], Headless Execution. @04-11-2021 10:08:57.0158 AM
[ReportManager] Successfully Opened [GoogleChrome]. @04-11-2021 10:08:57.0519 A

################################################################################################################################################
Starting Execution:	[4 out of 146] test cases in the current suite
Test Method:		[testPackage01.Test_assertEquals.test_assertElementAttribute]
################################################################################################################################################
[ReportManager] Target URL: [https://www.google.com/ncr], and after redirection: [https://www.google.com] @04-11-2021 10:08:57.0525 AM
[ReportManager] Initial URL: [data:,] @04-11-2021 10:08:57.0693 AM
[ReportManager] Browser Action [NavigateToURL] successfully performed. With the following test data [https://www.google.com/ncr]. @04-11-2021 10:08:58.0772 AM
[ReportManager] Element Action [Type] successfully performed. With the following test data [INC_004010050:Another SCHEDULER with the same name [Duplicate Job Name] already exists.]. @04-11-2021 10:09:00.0131 AM
[ReportManager] Element Action [GetText] successfully performed. With the following test data [INC_004010050:Another SCHEDULER with the same name [Duplicate Job Name] already exists.]. @04-11-2021 10:09:00.0593 AM
[ReportManager] Loaded Shared OpenCV @04-11-2021 10:09:00.0983 AM
[ReportManager] Assertion [ValidateElementAttribute] PASSED. Expected [Value Should be 'INC_004010050:Another SCHEDULER with the same name \[Duplicate Job Name\] already exists.' for the 'text' attribute, element locator 'By.name: q'] and Actual [INC_004010050:Another SCHEDULER with the same name [Duplicate Job Name] already exists.]. Comparison Type [MATCHES]. Validation Type [POSITIVE]. @04-11-2021 10:09:01.0315 AM
[ReportManager] Successfully created attachment [Screenshot - 1636020540983_test_assertElementAttribute_ValidateElementAttribute_passed] @04-11-2021 10:09:01.0316 A
[ReportManager] Browser Action [CloseCurrentWindow] successfully performed. @04-11-2021 10:09:01.0545 AM
[ReportManager] Successfully created attachment [Browser Action Test Data - CloseCurrentWindow - Actual Value] @04-11-2021 10:09:01.0546 A

################################################################################################################################################
Starting Execution:	[5 out of 146] test cases in the current suite
Test Method:		[testPackage01.Test_SkipDueToIssue.doNotSkip]
################################################################################################################################################
[ReportManager] This should not be skipped. @04-11-2021 10:09:01.0557 A

################################################################################################################################################
Starting Execution:	[6 out of 146] test cases in the current suite
Test Method:		[testPackage01.Test_SkipDueToIssue.skip]
################################################################################################################################################
[ReportManager] This should be skipped. @04-11-2021 10:09:01.0569 A

################################################################################################################################################
Starting Execution:	[7 out of 146] test cases in the current suite
Test Method:		[testPackage01.Test_SkipDueToIssue.skip2]
################################################################################################################################################
[ReportManager] This should be skipped. @04-11-2021 10:09:01.0578 A
[ReportManager] File Action [GetAbsolutePath] successfully performed. With the following test data [Relative Folder Path: "target/downloadedFiles/"]. @04-11-2021 10:09:01.0582 AM
[ReportManager] Attempting to run remotely on: [Linux-64], [GoogleChrome], [http://localhost:4444/wd/hub], Headless Execution. @04-11-2021 10:09:01.0582 AM
[ReportManager] Successfully Opened [GoogleChrome]. @04-11-2021 10:09:02.0457 A

################################################################################################################################################
Starting Execution:	[8 out of 146] test cases in the current suite
Test Method:		[testPackage01.Test_verifyEquals.test_assertElementAttribute]
################################################################################################################################################
[ReportManager] Target URL: [https://www.google.com/ncr], and after redirection: [https://www.google.com] @04-11-2021 10:09:02.0461 AM
[ReportManager] Initial URL: [data:,] @04-11-2021 10:09:02.0623 AM
[ReportManager] Browser Action [NavigateToURL] successfully performed. With the following test data [https://www.google.com/ncr]. @04-11-2021 10:09:03.0737 AM
[ReportManager] Element Action [Type] successfully performed. With the following test data [INC_004010050:Another SCHEDULER with the same name [Duplicate Job Name] already exists.]. @04-11-2021 10:09:04.0839 AM
[ReportManager] Element Action [GetText] successfully performed. With the following test data [INC_004010050:Another SCHEDULER with the same name [Duplicate Job Name] already exists.]. @04-11-2021 10:09:05.0122 AM
[ReportManager] Loaded Shared OpenCV @04-11-2021 10:09:05.0459 AM
[ReportManager] Verification [ValidateElementAttribute] PASSED. Expected [Value Should be 'INC_004010050:Another SCHEDULER with the same name \[Duplicate Job Name\] already exists.' for the 'text' attribute, element locator 'By.name: q'] and Actual [INC_004010050:Another SCHEDULER with the same name [Duplicate Job Name] already exists.]. Comparison Type [MATCHES]. Validation Type [POSITIVE]. @04-11-2021 10:09:05.0722 AM
[ReportManager] Successfully created attachment [Screenshot - 1636020545459_test_assertElementAttribute_ValidateElementAttribute_passed] @04-11-2021 10:09:05.0724 A
[ReportManager] Browser Action [CloseCurrentWindow] successfully performed. @04-11-2021 10:09:05.0894 AM
[ReportManager] Successfully created attachment [Browser Action Test Data - CloseCurrentWindow - Actual Value] @04-11-2021 10:09:05.0895 A

################################################################################################################################################
Starting Execution:	[9 out of 146] test cases in the current suite
Test Method:		[testPackage01.Test_MatchJsonSchema.checkAPI_ResponseSchema]
################################################################################################################################################
[ReportManager] Response status code: [200], status line: [HTTP/1.1 200 OK] @04-11-2021 10:09:06.0017 AM
[ReportManager] Assertion Passed: Evaluating the actual response status code against the expected one... @04-11-2021 10:09:06.0018 AM
[ReportManager] Assertion [ValidateComparativeRelation] PASSED. Expected [200] and Actual [200]. Comparison Type [EQUALS]. Validation Type [POSITIVE]. @04-11-2021 10:09:06.0018 AM
[ReportManager] API Action [PerformRequest] successfully performed. With the following test data [Request Type: "GET" | Target Status Code: "200" | Service URL: "http://api.zippopotam.us/us/90210" | Content Type: "*/*" | Response Time: "110ms"]. @04-11-2021 10:09:06.0037 AM
[ReportManager] Successfully created attachment [API Request - Specifications] @04-11-2021 10:09:06.0037 AM
[ReportManager] Successfully created attachment [API Response - JSON Body] @04-11-2021 10:09:06.0038 AM
[ReportManager] File Action [GetAbsolutePath] successfully performed. With the following test data [Relative Folder Path: "src/test/resources/testDataFiles/schema.json"]. @04-11-2021 10:09:06.0039 A
[ReportManager] File Action [GetAbsolutePath] successfully performed. With the following test data [Relative Folder Path: "target/downloadedFiles/"]. @04-11-2021 10:09:06.0398 AM
[ReportManager] Attempting to run remotely on: [Linux-64], [GoogleChrome], [http://localhost:4444/wd/hub], Headless Execution. @04-11-2021 10:09:06.0398 AM
[ReportManager] Successfully Opened [GoogleChrome]. @04-11-2021 10:09:07.0505 A

################################################################################################################################################
Starting Execution:	[10 out of 146] test cases in the current suite
Test Method:		[testPackage01.Test_RelativeLocators.relativeLocatorsTest1]
################################################################################################################################################
[ReportManager] Target URL: [https://duckduckgo.com/] @04-11-2021 10:09:07.0508 AM
[ReportManager] Initial URL: [data:,] @04-11-2021 10:09:07.0627 AM
[ReportManager] Browser Action [NavigateToURL] successfully performed. With the following test data [https://duckduckgo.com/]. @04-11-2021 10:09:08.0364 AM
[ReportManager] Element Action [Type] successfully performed. With the following test data [SHAFT_Engine]. @04-11-2021 10:09:09.0014 AM
[ReportManager] Element Action [KeyPress] successfully performed. With the following test data [ENTER]. @04-11-2021 10:09:10.0391 AM
[ReportManager] Element Action [GetText] successfully performed. With the following test data [GitHub - MohabMohie/SHAFT_ENGINE: SHAFT_ENGINE is a Test...]. @04-11-2021 10:09:10.0684 AM
[ReportManager] Loaded Shared OpenCV @04-11-2021 10:09:11.0147 AM
[ReportManager] Assertion Passed: Then I Assert that the element found by [[unknown locator]] text contains [GitHub - MohabMohie/SHAFT_ENGINE]. @04-11-2021 10:09:11.0462 AM
[ReportManager] Successfully created attachment [Screenshot - 1636020551147_relativeLocatorsTest1_ValidateElementAttribute_passed] @04-11-2021 10:09:11.0484 AM
[ReportManager] Assertion [ValidateElementAttribute] PASSED. Expected [Value Should be 'GitHub - MohabMohie/SHAFT_ENGINE' for the 'text' attribute, element locator '[unknown locator]'] and Actual [GitHub - MohabMohie/SHAFT_ENGINE: SHAFT_ENGINE is a Test...]. Comparison Type [CONTAINS]. Validation Type [POSITIVE]. @04-11-2021 10:09:11.0484 A
[ReportManager] Browser Action [CloseCurrentWindow] successfully performed. @04-11-2021 10:09:11.0707 AM
[ReportManager] Successfully created attachment [Browser Action Test Data - CloseCurrentWindow - Actual Value] @04-11-2021 10:09:11.0723 A

################################################################################################################################################
Starting Execution:	[11 out of 146] test cases in the current suite
Test Method:		[testPackage01.Test_PDF.testPDF1]
################################################################################################################################################
[ReportManager] File Action [DoesFileExist] successfully performed. With the following test data [File Path: "src/test/resources/TestDataFiles/sample.pdf"]. @04-11-2021 10:09:11.0751 AM
[ReportManager] File Action [GetAbsolutePath] successfully performed. With the following test data [Relative Folder Path: "src/test/resources/TestDataFiles/sample.pdf"]. @04-11-2021 10:09:11.0752 AM
[ReportManager] Assertion Passed: Checking to see that the pdf file contains [A Simple PDF File] @04-11-2021 10:09:12.0341 AM
[ReportManager] Successfully created attachment [Validation Test Data - Expected Value] @04-11-2021 10:09:12.0341 AM
[ReportManager] Successfully created attachment [Validation Test Data - Actual Value] @04-11-2021 10:09:12.0342 AM
[ReportManager] Assertion [ValidateEquals] PASSED. Expected and Actual values are attached. Comparison Type [CONTAINS]. Validation Type [POSITIVE]. @04-11-2021 10:09:12.0348 A

################################################################################################################################################
Starting Execution:	[12 out of 146] test cases in the current suite
Test Method:		[testPackage01.Test_PDF.testPDF2]
################################################################################################################################################
[ReportManager] File Action [DoesFileExist] successfully performed. With the following test data [File Path: "src/test/resources/TestDataFiles/sample.pdf"]. @04-11-2021 10:09:12.0358 AM
[ReportManager] File Action [GetAbsolutePath] successfully performed. With the following test data [Relative Folder Path: "src/test/resources/TestDataFiles/sample.pdf"]. @04-11-2021 10:09:12.0358 AM
[ReportManager] Assertion Passed: Checking to see that the pdf file contains [A Simple PDF File] @04-11-2021 10:09:12.0395 AM
[ReportManager] Successfully created attachment [Validation Test Data - Expected Value] @04-11-2021 10:09:12.0396 AM
[ReportManager] Successfully created attachment [Validation Test Data - Actual Value] @04-11-2021 10:09:12.0396 AM
[ReportManager] Assertion [ValidateEquals] PASSED. Expected and Actual values are attached. Comparison Type [CONTAINS]. Validation Type [POSITIVE]. @04-11-2021 10:09:12.0396 A

################################################################################################################################################
Starting Execution:	[13 out of 146] test cases in the current suite
Test Method:		[testPackage01.Test_testData.f]
################################################################################################################################################
[ReportManager] Successfully loaded the following test data file [src/test/resources/TestDataFiles/testSuite01/TestData.xlsx]. @04-11-2021 10:09:13.0498 AM
[ReportManager] Successfully created attachment [Test Data - Excel] @04-11-2021 10:09:13.0500 AM
[ReportManager] Last Column Number is: [3]. Zero-based. @04-11-2021 10:09:13.0509 A

################################################################################################################################################
Starting Execution:	[14 out of 146] test cases in the current suite
Test Method:		[testPackage01.Test_SelectedValue.multipleSelect]
################################################################################################################################################
[ReportManager] File Action [GetAbsolutePath] successfully performed. With the following test data [Relative Folder Path: "target/downloadedFiles/"]. @04-11-2021 10:09:13.0515 AM
[ReportManager] Attempting to run remotely on: [Linux-64], [GoogleChrome], [http://localhost:4444/wd/hub], Headless Execution. @04-11-2021 10:09:13.0515 AM
[ReportManager] Successfully Opened [GoogleChrome]. @04-11-2021 10:09:17.0424 AM
[ReportManager] Target URL: [https://yari-demos.prod.mdn.mozit.cloud/en-US/docs/Web/HTML/Element/select/_sample_.Advanced_select_with_multiple_features.html] @04-11-2021 10:09:17.0425 AM
[ReportManager] Initial URL: [data:,] @04-11-2021 10:09:17.0514 AM
[ReportManager] Browser Action [NavigateToURL] successfully performed. With the following test data [https://yari-demos.prod.mdn.mozit.cloud/en-US/docs/Web/HTML/Element/select/_sample_.Advanced_select_with_multiple_features.html]. @04-11-2021 10:09:18.0078 AM
[ReportManager] Element Action [Select] successfully performed. With the following test data [Dog]. @04-11-2021 10:09:18.0626 AM
[ReportManager] Element Action [Select] successfully performed. With the following test data [Cat]. @04-11-2021 10:09:19.0046 AM
[ReportManager] Element Action [GetSelectedText] successfully performed. With the following test data [DogCat]. @04-11-2021 10:09:19.0297 AM
[ReportManager] DogCat @04-11-2021 10:09:19.0297 AM
[ReportManager] Element Action [GetSelectedText] successfully performed. With the following test data [DogCat]. @04-11-2021 10:09:19.0604 AM
[ReportManager] Loaded Shared OpenCV @04-11-2021 10:09:19.0952 AM
[ReportManager] Assertion [ValidateElementAttribute] PASSED. Expected [Value Should be 'DogCat' for the 'selectedText' attribute, element locator 'By.tagName: select'] and Actual [DogCat]. Comparison Type [EQUALS]. Validation Type [POSITIVE]. @04-11-2021 10:09:20.0258 AM
[ReportManager] Successfully created attachment [Screenshot - 1636020559952_multipleSelect_ValidateElementAttribute_passed] @04-11-2021 10:09:20.0259 AM
[ReportManager] Browser Action [CloseCurrentWindow] successfully performed. @04-11-2021 10:09:20.0385 AM
[ReportManager] Successfully created attachment [Browser Action Test Data - CloseCurrentWindow - Actual Value] @04-11-2021 10:09:20.0385 A

################################################################################################################################################
Starting Execution:	[15 out of 146] test cases in the current suite
Test Method:		[testPackage01.Test_SelectedValue.simpleSelect]
################################################################################################################################################
[ReportManager] File Action [GetAbsolutePath] successfully performed. With the following test data [Relative Folder Path: "target/downloadedFiles/"]. @04-11-2021 10:09:20.0399 AM
[ReportManager] Attempting to run remotely on: [Linux-64], [GoogleChrome], [http://localhost:4444/wd/hub], Headless Execution. @04-11-2021 10:09:20.0399 AM
[ReportManager] Successfully Opened [GoogleChrome]. @04-11-2021 10:09:22.0462 AM
[ReportManager] Target URL: [https://yari-demos.prod.mdn.mozit.cloud/en-US/docs/Web/HTML/Element/select/_sample_.Basic_select.html] @04-11-2021 10:09:22.0462 AM
[ReportManager] Initial URL: [data:,] @04-11-2021 10:09:22.0535 AM
[ReportManager] Browser Action [NavigateToURL] successfully performed. With the following test data [https://yari-demos.prod.mdn.mozit.cloud/en-US/docs/Web/HTML/Element/select/_sample_.Basic_select.html]. @04-11-2021 10:09:22.0873 AM
[ReportManager] Element Action [Select] successfully performed. With the following test data [Third Value]. @04-11-2021 10:09:23.0474 AM
[ReportManager] Element Action [GetSelectedText] successfully performed. With the following test data [Third Value]. @04-11-2021 10:09:23.0654 AM
[ReportManager] Third Value @04-11-2021 10:09:23.0655 AM
[ReportManager] Element Action [GetSelectedText] successfully performed. With the following test data [Third Value]. @04-11-2021 10:09:23.0845 AM
[ReportManager] Loaded Shared OpenCV @04-11-2021 10:09:24.0144 AM
[ReportManager] Assertion [ValidateElementAttribute] PASSED. Expected [Value Should be 'Third Value' for the 'selectedText' attribute, element locator 'By.tagName: select'] and Actual [Third Value]. Comparison Type [EQUALS]. Validation Type [POSITIVE]. @04-11-2021 10:09:24.0377 AM
[ReportManager] Successfully created attachment [Screenshot - 1636020564144_simpleSelect_ValidateElementAttribute_passed] @04-11-2021 10:09:24.0378 AM
[ReportManager] Browser Action [CloseCurrentWindow] successfully performed. @04-11-2021 10:09:24.0527 AM
[ReportManager] Successfully created attachment [Browser Action Test Data - CloseCurrentWindow - Actual Value] @04-11-2021 10:09:24.0527 A
[ReportManager] Successfully loaded the following test data file [src/test/resources/TestDataFiles/testSuite01/TestData.xlsx]. @04-11-2021 10:09:24.0591 AM
[ReportManager] Successfully created attachment [Test Data - Excel] @04-11-2021 10:09:24.0592 AM
[ReportManager] Attempting to run using Playwright locally on: [Linux-64], [GoogleChrome], Headless Execution. @04-11-2021 10:09:39.0785 AM
[ReportManager] File Action [GetAbsolutePath] successfully performed. With the following test data [Relative Folder Path: "target/downloadedFiles/"]. @04-11-2021 10:09:39.0791 AM
[ReportManager] Initial window size: (1280, 720) @04-11-2021 10:09:40.0149 AM
[ReportManager] Window size after Toolkit: com.microsoft.playwright.options.ViewportSize@1e98f6f2 @04-11-2021 10:09:40.0154 AM
[ReportManager] Browser Action [MaximizeWindow] successfully performed. With the following test data [New screen size is now: (1920, 1080)]. @04-11-2021 10:09:40.0156 A

################################################################################################################################################
Starting Execution:	[16 out of 146] test cases in the current suite
Test Method:		[testPackage01.Test_google_playwright.navigateToURLandVerifyGoogleLogoIsDisplayed]
Test Description:	[TC001 - Navigate to URL and Verify Google Logo is Displayed]
################################################################################################################################################
[ReportManager] Target URL: [https://www.google.com/ncr], and after redirection: [https://www.google.com] @04-11-2021 10:09:40.0164 AM
[ReportManager] Initial URL: [about:blank] @04-11-2021 10:09:40.0640 AM
[ReportManager] Browser Action [NavigateToURL] successfully performed. With the following test data [https://www.google.com/ncr]. @04-11-2021 10:09:42.0982 AM
[ReportManager] Loaded Shared OpenCV @04-11-2021 10:09:43.0282 AM
[ReportManager] Assertion [ValidateElementExists] PASSED. Expected [Element Should Exist, locator 'xpath=//*[@id='hplogo' or @alt='Google']'] and Actual [Element Exists]. Comparison Type [EQUALS]. Validation Type [POSITIVE]. @04-11-2021 10:09:43.0662 AM
[ReportManager] Successfully created attachment [Screenshot - 1636020583277_navigateToURLandVerifyGoogleLogoIsDisplayed_ValidateElementExists_passed] @04-11-2021 10:09:43.0663 A

################################################################################################################################################
Starting Execution:	[17 out of 146] test cases in the current suite
Test Method:		[testPackage01.Test_google_playwright.searchForQueryandAssertResultsNumDisplayed]
Test Description:	[TC002 - Search for Query and Assert that the number of results is displayed]
################################################################################################################################################
[ReportManager] Element Action [Type] successfully performed. With the following test data [SHAFT_Engine]. @04-11-2021 10:09:44.0449 AM
[ReportManager] Element Action [KeyPress] successfully performed. With the following test data [Enter]. @04-11-2021 10:09:44.0510 AM
[ReportManager] Element Action [GetText] successfully performed. With the following test data [About 855,000 results (0.82 seconds) ]. @04-11-2021 10:09:45.0592 AM
[ReportManager] Loaded Shared OpenCV @04-11-2021 10:09:47.0727 AM
[ReportManager] Assertion [ValidateElementAttribute] PASSED. Expected [Value Should not be '' for the 'text' attribute, element locator 'xpath=//div[@id='appbar']'] and Actual [About 855,000 results (0.82 seconds) ]. Comparison Type [EQUALS]. Validation Type [NEGATIVE]. @04-11-2021 10:09:48.0001 AM
[ReportManager] Successfully created attachment [Screenshot - 1636020587725_searchForQueryandAssertResultsNumDisplayed_ValidateElementAttribute_passed] @04-11-2021 10:09:48.0004 A

################################################################################################################################################
Starting Execution:	[18 out of 146] test cases in the current suite
Test Method:		[testPackage01.Test_google_playwright.clickNextThrice]
Test Description:	[TC003 - Clicks the next button to make sure that the framework can scroll element into view before clicking it]
################################################################################################################################################
[ReportManager] Element Action [Click] successfully performed. With the following test data [Next]. @04-11-2021 10:09:48.0257 A
[ReportManager] Failed to find video recording. @04-11-2021 10:09:48.0259 AM
[ReportManager] Successfully Closed PlayWright Driver. @04-11-2021 10:09:48.0321 A

################################################################################################################################################
Starting Execution:	[19 out of 146] test cases in the current suite
Test Method:		[testPackage01.Test_sendGraphqlRequest.sendGraphqlRequestUsingMutationAndVariables]
################################################################################################################################################
[ReportManager] GraphQl Request is being Performed with the Following Parameters [Service URL: https://api.spacex.land/graphql | Request Body: {"variables":"{\"name\": \"sherlock holmes\",\"rocket\": \"221B Baker Street\"}","query":"mutation ($name: String, $rocket: String) {\n  insert_users(objects: {name: $name, rocket: $rocket}) {\n    returning {\n      name\n      rocket\n    }\n  }\n}"}] @04-11-2021 10:09:48.0324 AM
[ReportManager] Response status code: [200], status line: [HTTP/1.1 200 OK] @04-11-2021 10:09:48.0597 AM
[ReportManager] Assertion Passed: Evaluating the actual response status code against the expected one... @04-11-2021 10:09:48.0598 AM
[ReportManager] Assertion [ValidateComparativeRelation] PASSED. Expected [200] and Actual [200]. Comparison Type [EQUALS]. Validation Type [POSITIVE]. @04-11-2021 10:09:48.0598 AM
[ReportManager] API Action [PerformRequest] successfully performed. With the following test data [Request Type: "POST" | Target Status Code: "200" | Service URL: "https://api.spacex.land/graphql" | Content Type: "application/json" | Response Time: "182ms"]. @04-11-2021 10:09:48.0615 AM
[ReportManager] Successfully created attachment [API Request - Specifications] @04-11-2021 10:09:48.0616 AM
[ReportManager] Successfully created attachment [API Request - JSON Body] @04-11-2021 10:09:48.0616 AM
[ReportManager] Successfully created attachment [API Response - JSON Body] @04-11-2021 10:09:48.0617 AM
[ReportManager] API Action [GetResponseJSONValue] successfully performed. With the following test data [data.insert_users.returning[0].name]. @04-11-2021 10:09:48.0707 AM
[ReportManager] Assertion [ValidateEquals] PASSED. Expected [sherlock holmes] and Actual [sherlock holmes]. Comparison Type [EQUALS]. Validation Type [POSITIVE]. @04-11-2021 10:09:48.0708 A

################################################################################################################################################
Starting Execution:	[20 out of 146] test cases in the current suite
Test Method:		[testPackage01.Test_sendGraphqlRequest.sendGraphqlRequestUsingQuery]
################################################################################################################################################
[ReportManager] GraphQl Request is being Performed with the Following Parameters [Service URL: https://api.spacex.land/graphql | Request Body: {"query":"{company {ceo}}"}] @04-11-2021 10:09:48.0724 AM
[ReportManager] Response status code: [200], status line: [HTTP/1.1 200 OK] @04-11-2021 10:09:48.0832 AM
[ReportManager] Assertion Passed: Evaluating the actual response status code against the expected one... @04-11-2021 10:09:48.0832 AM
[ReportManager] Assertion [ValidateComparativeRelation] PASSED. Expected [200] and Actual [200]. Comparison Type [EQUALS]. Validation Type [POSITIVE]. @04-11-2021 10:09:48.0832 AM
[ReportManager] API Action [PerformRequest] successfully performed. With the following test data [Request Type: "POST" | Target Status Code: "200" | Service URL: "https://api.spacex.land/graphql" | Content Type: "application/json" | Response Time: "99ms"]. @04-11-2021 10:09:48.0847 AM
[ReportManager] Successfully created attachment [API Request - Specifications] @04-11-2021 10:09:48.0848 AM
[ReportManager] Successfully created attachment [API Request - JSON Body] @04-11-2021 10:09:48.0848 AM
[ReportManager] Successfully created attachment [API Response - JSON Body] @04-11-2021 10:09:48.0849 AM
[ReportManager] API Action [GetResponseJSONValue] successfully performed. With the following test data [data.company.ceo]. @04-11-2021 10:09:48.0861 AM
[ReportManager] Assertion [ValidateEquals] PASSED. Expected [Elon Musk] and Actual [Elon Musk]. Comparison Type [EQUALS]. Validation Type [POSITIVE]. @04-11-2021 10:09:48.0861 A

################################################################################################################################################
Starting Execution:	[21 out of 146] test cases in the current suite
Test Method:		[testPackage01.Test_NewValidationHelper.f1]
################################################################################################################################################
[ReportManager] Assertion Passed: Checking valid user data @04-11-2021 10:09:48.0871 AM
[ReportManager] Successfully created attachment [Validation Test Data - Expected Value] @04-11-2021 10:09:48.0872 AM
[ReportManager] Successfully created attachment [Validation Test Data - Actual Value] @04-11-2021 10:09:48.0872 AM
[ReportManager] Assertion [ValidateEquals] PASSED. Expected and Actual values are attached. Comparison Type [EQUALS]. Validation Type [POSITIVE]. @04-11-2021 10:09:48.0872 A
[ReportManager] File Action [GetAbsolutePath] successfully performed. With the following test data [Relative Folder Path: "target/downloadedFiles/"]. @04-11-2021 10:09:48.0891 AM
[ReportManager] Attempting to run remotely on: [Linux-64], [GoogleChrome], [http://localhost:4444/wd/hub], Headless Execution. @04-11-2021 10:09:48.0892 AM
[ReportManager] Successfully Opened [GoogleChrome]. @04-11-2021 10:09:52.0436 AM
[ReportManager] Target URL: [https://the-internet.herokuapp.com/] @04-11-2021 10:09:52.0436 AM
[ReportManager] Initial URL: [data:,] @04-11-2021 10:09:52.0513 AM
[ReportManager] Browser Action [NavigateToURL] successfully performed. With the following test data [https://the-internet.herokuapp.com/]. @04-11-2021 10:09:53.0061 A

################################################################################################################################################
Starting Execution:	[22 out of 146] test cases in the current suite
Test Method:		[testPackage01.Test_NewValidationHelper.f10]
################################################################################################################################################
[ReportManager] Loaded Shared OpenCV @04-11-2021 10:09:53.0531 AM
[ReportManager] Assertion [ValidateElementExists] FAILED. Expected [Element Should Exist, locator 'By.tagName: div'] and Actual [Element Exists but is not unique]. Comparison Type [EQUALS]. Validation Type [POSITIVE]. @04-11-2021 10:09:53.0771 AM
[ReportManager] Successfully created attachment [Screenshot - 1636020593531_f10_ValidateElementExists_failed] @04-11-2021 10:09:53.0773 A
[ReportManager] Successfully Closed All Drivers. @04-11-2021 10:09:53.0880 A
[ReportManager] File Action [GetAbsolutePath] successfully performed. With the following test data [Relative Folder Path: "target/downloadedFiles/"]. @04-11-2021 10:09:53.0884 AM
[ReportManager] Attempting to run remotely on: [Linux-64], [GoogleChrome], [http://localhost:4444/wd/hub], Headless Execution. @04-11-2021 10:09:53.0884 AM
[ReportManager] Successfully Opened [GoogleChrome]. @04-11-2021 10:09:57.0428 AM
[ReportManager] Target URL: [https://the-internet.herokuapp.com/] @04-11-2021 10:09:57.0428 AM
[ReportManager] Initial URL: [data:,] @04-11-2021 10:09:57.0538 AM
[ReportManager] Browser Action [NavigateToURL] successfully performed. With the following test data [https://the-internet.herokuapp.com/]. @04-11-2021 10:09:58.0107 A

################################################################################################################################################
Starting Execution:	[23 out of 146] test cases in the current suite
Test Method:		[testPackage01.Test_NewValidationHelper.f11]
################################################################################################################################################
[ReportManager] Assertion Passed: Checking that false tag doesn't exist @04-11-2021 10:10:08.0964 AM
[ReportManager] Successfully created attachment [Screenshot - 1636020608711_f11_ValidateElementExists_passed] @04-11-2021 10:10:08.0965 AM
[ReportManager] Assertion [ValidateElementExists] PASSED. Expected [Element Should not Exist, locator 'By.tagName: h3'] and Actual [Element Doesn't Exists]. Comparison Type [EQUALS]. Validation Type [NEGATIVE]. @04-11-2021 10:10:08.0965 A
[ReportManager] Successfully Closed All Drivers. @04-11-2021 10:10:09.0116 A
[ReportManager] File Action [GetAbsolutePath] successfully performed. With the following test data [Relative Folder Path: "target/downloadedFiles/"]. @04-11-2021 10:10:09.0124 AM
[ReportManager] Attempting to run remotely on: [Linux-64], [GoogleChrome], [http://localhost:4444/wd/hub], Headless Execution. @04-11-2021 10:10:09.0125 AM
[ReportManager] Successfully Opened [GoogleChrome]. @04-11-2021 10:10:12.0430 AM
[ReportManager] Target URL: [https://the-internet.herokuapp.com/] @04-11-2021 10:10:12.0430 AM
[ReportManager] Initial URL: [data:,] @04-11-2021 10:10:12.0506 AM
[ReportManager] Browser Action [NavigateToURL] successfully performed. With the following test data [https://the-internet.herokuapp.com/]. @04-11-2021 10:10:13.0078 A

################################################################################################################################################
Starting Execution:	[24 out of 146] test cases in the current suite
Test Method:		[testPackage01.Test_NewValidationHelper.f12]
################################################################################################################################################
[ReportManager] Loaded Shared OpenCV @04-11-2021 10:10:13.0538 AM
[ReportManager] Assertion [ValidateElementExists] FAILED. Expected [Element Should not Exist, locator 'By.tagName: h1'] and Actual [Element Exists]. Comparison Type [EQUALS]. Validation Type [NEGATIVE]. @04-11-2021 10:10:13.0785 AM
[ReportManager] Successfully created attachment [Screenshot - 1636020613538_f12_ValidateElementExists_failed] @04-11-2021 10:10:13.0787 A
[ReportManager] Successfully Closed All Drivers. @04-11-2021 10:10:13.0883 A
[ReportManager] File Action [GetAbsolutePath] successfully performed. With the following test data [Relative Folder Path: "target/downloadedFiles/"]. @04-11-2021 10:10:13.0886 AM
[ReportManager] Attempting to run remotely on: [Linux-64], [GoogleChrome], [http://localhost:4444/wd/hub], Headless Execution. @04-11-2021 10:10:13.0886 AM
[ReportManager] Successfully Opened [GoogleChrome]. @04-11-2021 10:10:17.0415 AM
[ReportManager] Target URL: [https://the-internet.herokuapp.com/] @04-11-2021 10:10:17.0416 AM
[ReportManager] Initial URL: [data:,] @04-11-2021 10:10:17.0506 AM
[ReportManager] Browser Action [NavigateToURL] successfully performed. With the following test data [https://the-internet.herokuapp.com/]. @04-11-2021 10:10:18.0019 A

################################################################################################################################################
Starting Execution:	[25 out of 146] test cases in the current suite
Test Method:		[testPackage01.Test_NewValidationHelper.f13]
################################################################################################################################################
[ReportManager] Loaded Shared OpenCV @04-11-2021 10:10:18.0447 AM
[ReportManager] Assertion [ValidateElementExists] FAILED. Expected [Element Should not Exist, locator 'By.tagName: div'] and Actual [Element Exists but is not unique]. Comparison Type [EQUALS]. Validation Type [NEGATIVE]. @04-11-2021 10:10:18.0688 AM
[ReportManager] Successfully created attachment [Screenshot - 1636020618447_f13_ValidateElementExists_failed] @04-11-2021 10:10:18.0690 A
[ReportManager] Successfully Closed All Drivers. @04-11-2021 10:10:18.0788 A
[ReportManager] File Action [GetAbsolutePath] successfully performed. With the following test data [Relative Folder Path: "target/downloadedFiles/"]. @04-11-2021 10:10:18.0790 AM
[ReportManager] Attempting to run remotely on: [Linux-64], [GoogleChrome], [http://localhost:4444/wd/hub], Headless Execution. @04-11-2021 10:10:18.0791 AM
[ReportManager] Successfully Opened [GoogleChrome]. @04-11-2021 10:10:22.0487 AM
[ReportManager] Target URL: [https://the-internet.herokuapp.com/] @04-11-2021 10:10:22.0487 AM
[ReportManager] Initial URL: [data:,] @04-11-2021 10:10:22.0588 AM
[ReportManager] Browser Action [NavigateToURL] successfully performed. With the following test data [https://the-internet.herokuapp.com/]. @04-11-2021 10:10:23.0099 A

################################################################################################################################################
Starting Execution:	[26 out of 146] test cases in the current suite
Test Method:		[testPackage01.Test_NewValidationHelper.f14]
################################################################################################################################################
[ReportManager] Element Action [GetText] successfully performed. With the following test data [Welcome to the-internet]. @04-11-2021 10:10:23.0260 AM
[ReportManager] Loaded Shared OpenCV @04-11-2021 10:10:23.0578 AM
[ReportManager] Assertion Passed: Asserting that the header text is correct @04-11-2021 10:10:23.0822 AM
[ReportManager] Successfully created attachment [Screenshot - 1636020623578_f14_ValidateElementAttribute_passed] @04-11-2021 10:10:23.0824 AM
[ReportManager] Assertion [ValidateElementAttribute] PASSED. Expected [Value Should be 'Welcome to the-internet' for the 'text' attribute, element locator 'By.tagName: h1'] and Actual [Welcome to the-internet]. Comparison Type [EQUALS]. Validation Type [POSITIVE]. @04-11-2021 10:10:23.0824 A
[ReportManager] Successfully Closed All Drivers. @04-11-2021 10:10:23.0915 A
[ReportManager] File Action [GetAbsolutePath] successfully performed. With the following test data [Relative Folder Path: "target/downloadedFiles/"]. @04-11-2021 10:10:23.0917 AM
[ReportManager] Attempting to run remotely on: [Linux-64], [GoogleChrome], [http://localhost:4444/wd/hub], Headless Execution. @04-11-2021 10:10:23.0918 AM
[ReportManager] Successfully Opened [GoogleChrome]. @04-11-2021 10:10:27.0419 AM
[ReportManager] Target URL: [https://the-internet.herokuapp.com/] @04-11-2021 10:10:27.0419 AM
[ReportManager] Initial URL: [data:,] @04-11-2021 10:10:27.0503 AM
[ReportManager] Browser Action [NavigateToURL] successfully performed. With the following test data [https://the-internet.herokuapp.com/]. @04-11-2021 10:10:28.0079 A

################################################################################################################################################
Starting Execution:	[27 out of 146] test cases in the current suite
Test Method:		[testPackage01.Test_NewValidationHelper.f15]
################################################################################################################################################
[ReportManager] Element Action [GetText] successfully performed. With the following test data [Welcome to the-internet]. @04-11-2021 10:10:28.0226 AM
[ReportManager] Loaded Shared OpenCV @04-11-2021 10:10:28.0511 AM
[ReportManager] Assertion [ValidateElementAttribute] FAILED. Expected [Value Should not be 'Welcome' for the 'text' attribute, element locator 'By.tagName: h1'] and Actual [Welcome to the-internet]. Comparison Type [CONTAINS]. Validation Type [NEGATIVE]. @04-11-2021 10:10:28.0761 AM
[ReportManager] Successfully created attachment [Screenshot - 1636020628511_f15_ValidateElementAttribute_failed] @04-11-2021 10:10:28.0763 A
[ReportManager] Successfully Closed All Drivers. @04-11-2021 10:10:28.0881 A
[ReportManager] File Action [GetAbsolutePath] successfully performed. With the following test data [Relative Folder Path: "target/downloadedFiles/"]. @04-11-2021 10:10:28.0910 AM
[ReportManager] Attempting to run remotely on: [Linux-64], [GoogleChrome], [http://localhost:4444/wd/hub], Headless Execution. @04-11-2021 10:10:28.0910 AM
[ReportManager] Successfully Opened [GoogleChrome]. @04-11-2021 10:10:32.0426 AM
[ReportManager] Target URL: [https://the-internet.herokuapp.com/] @04-11-2021 10:10:32.0426 AM
[ReportManager] Initial URL: [data:,] @04-11-2021 10:10:32.0511 AM
[ReportManager] Browser Action [NavigateToURL] successfully performed. With the following test data [https://the-internet.herokuapp.com/]. @04-11-2021 10:10:33.0077 A

################################################################################################################################################
Starting Execution:	[28 out of 146] test cases in the current suite
Test Method:		[testPackage01.Test_NewValidationHelper.f16]
################################################################################################################################################
[ReportManager] Element Action [IdentifyUniqueElement] failed. With the following test data [zero elements found matching this locator "By.tagName: h3".]. @04-11-2021 10:10:58.0958 AM
[ReportManager] Successfully created attachment [Screenshot - 1636020658759_f16_IdentifyUniqueElement_failed] @04-11-2021 10:10:58.0959 AM
[ReportManager] Assertion [ValidateElementAttribute] FAILED. Expected [Value Should not be 'Welcome' for the 'text' attribute, element locator 'By.tagName: h3'] and Actual [Failed to read the desired element attribute]. Comparison Type [CONTAINS]. Validation Type [NEGATIVE]. @04-11-2021 10:10:58.0960 A
[ReportManager] Successfully Closed All Drivers. @04-11-2021 10:10:59.0067 A
[ReportManager] File Action [GetAbsolutePath] successfully performed. With the following test data [Relative Folder Path: "target/downloadedFiles/"]. @04-11-2021 10:10:59.0072 AM
[ReportManager] Attempting to run remotely on: [Linux-64], [GoogleChrome], [http://localhost:4444/wd/hub], Headless Execution. @04-11-2021 10:10:59.0073 AM
[ReportManager] Successfully Opened [GoogleChrome]. @04-11-2021 10:11:02.0468 AM
[ReportManager] Target URL: [https://the-internet.herokuapp.com/] @04-11-2021 10:11:02.0469 AM
[ReportManager] Initial URL: [data:,] @04-11-2021 10:11:02.0564 AM
[ReportManager] Browser Action [NavigateToURL] successfully performed. With the following test data [https://the-internet.herokuapp.com/]. @04-11-2021 10:11:03.0146 A

################################################################################################################################################
Starting Execution:	[29 out of 146] test cases in the current suite
Test Method:		[testPackage01.Test_NewValidationHelper.f17]
################################################################################################################################################
[ReportManager] Attempting to getAttribute [text2] from elementLocator [By.tagName: h1]. @04-11-2021 10:11:03.0154 AM
[ReportManager] Element Action [GetAttribute] successfully performed. @04-11-2021 10:11:03.0278 AM
[ReportManager] Loaded Shared OpenCV @04-11-2021 10:11:03.0575 AM
[ReportManager] Assertion [ValidateElementAttribute] PASSED. Expected [Value Should not be 'Welcome' for the 'text2' attribute, element locator 'By.tagName: h1'] and Actual [null]. Comparison Type [CONTAINS]. Validation Type [NEGATIVE]. @04-11-2021 10:11:03.0815 AM
[ReportManager] Successfully created attachment [Screenshot - 1636020663575_f17_ValidateElementAttribute_passed] @04-11-2021 10:11:03.0817 A
[ReportManager] Successfully Closed All Drivers. @04-11-2021 10:11:03.0918 A
[ReportManager] File Action [GetAbsolutePath] successfully performed. With the following test data [Relative Folder Path: "target/downloadedFiles/"]. @04-11-2021 10:11:03.0920 AM
[ReportManager] Attempting to run remotely on: [Linux-64], [GoogleChrome], [http://localhost:4444/wd/hub], Headless Execution. @04-11-2021 10:11:03.0921 AM
[ReportManager] Successfully Opened [GoogleChrome]. @04-11-2021 10:11:07.0421 AM
[ReportManager] Target URL: [https://the-internet.herokuapp.com/] @04-11-2021 10:11:07.0421 AM
[ReportManager] Initial URL: [data:,] @04-11-2021 10:11:07.0532 AM
[ReportManager] Browser Action [NavigateToURL] successfully performed. With the following test data [https://the-internet.herokuapp.com/]. @04-11-2021 10:11:08.0088 A

################################################################################################################################################
Starting Execution:	[30 out of 146] test cases in the current suite
Test Method:		[testPackage01.Test_NewValidationHelper.f18]
################################################################################################################################################
[ReportManager] Element Action [GetText] successfully performed. With the following test data [Welcome to the-internet]. @04-11-2021 10:11:08.0203 AM
[ReportManager] Loaded Shared OpenCV @04-11-2021 10:11:08.0505 AM
[ReportManager] Assertion [ValidateElementAttribute] PASSED. Expected [Value Should not be 'no' for the 'text' attribute, element locator 'By.tagName: h1'] and Actual [Welcome to the-internet]. Comparison Type [CONTAINS]. Validation Type [NEGATIVE]. @04-11-2021 10:11:08.0741 AM
[ReportManager] Successfully created attachment [Screenshot - 1636020668504_f18_ValidateElementAttribute_passed] @04-11-2021 10:11:08.0750 A
[ReportManager] Successfully Closed All Drivers. @04-11-2021 10:11:08.0848 A

################################################################################################################################################
Starting Execution:	[31 out of 146] test cases in the current suite
Test Method:		[testPackage01.Test_NewValidationHelper.f2]
################################################################################################################################################
[ReportManager] Assertion Failed: Checking valid user data @04-11-2021 10:11:08.0859 AM
[ReportManager] Assertion [ValidateEquals] FAILED. Expected [1] and Actual [2]. Comparison Type [EQUALS]. Validation Type [POSITIVE]. @04-11-2021 10:11:08.0860 A
[ReportManager] File Action [GetAbsolutePath] successfully performed. With the following test data [Relative Folder Path: "target/downloadedFiles/"]. @04-11-2021 10:11:08.0873 AM
[ReportManager] Attempting to run remotely on: [Linux-64], [GoogleChrome], [http://localhost:4444/wd/hub], Headless Execution. @04-11-2021 10:11:08.0873 AM
[ReportManager] Successfully Opened [GoogleChrome]. @04-11-2021 10:11:12.0404 AM
[ReportManager] Target URL: [https://the-internet.herokuapp.com/] @04-11-2021 10:11:12.0404 AM
[ReportManager] Initial URL: [data:,] @04-11-2021 10:11:12.0480 AM
[ReportManager] Browser Action [NavigateToURL] successfully performed. With the following test data [https://the-internet.herokuapp.com/]. @04-11-2021 10:11:12.0959 A

################################################################################################################################################
Starting Execution:	[32 out of 146] test cases in the current suite
Test Method:		[testPackage01.Test_NewValidationHelper.f20]
################################################################################################################################################
[ReportManager] Element Action [GetSize] successfully performed. With the following test data [(970, 61)]. @04-11-2021 10:11:13.0104 AM
[ReportManager] Loaded Shared OpenCV @04-11-2021 10:11:13.0412 AM
[ReportManager] Assertion [ValidateElementAttribute] PASSED. Expected [Value Should not be 'a' for the 'size' attribute, element locator 'By.tagName: h1'] and Actual [(970, 61)]. Comparison Type [CONTAINS]. Validation Type [NEGATIVE]. @04-11-2021 10:11:13.0666 AM
[ReportManager] Successfully created attachment [Screenshot - 1636020673412_f20_ValidateElementAttribute_passed] @04-11-2021 10:11:13.0668 A
[ReportManager] Successfully Closed All Drivers. @04-11-2021 10:11:13.0781 A
[ReportManager] File Action [GetAbsolutePath] successfully performed. With the following test data [Relative Folder Path: "target/downloadedFiles/"]. @04-11-2021 10:11:13.0803 AM
[ReportManager] Attempting to run remotely on: [Linux-64], [GoogleChrome], [http://localhost:4444/wd/hub], Headless Execution. @04-11-2021 10:11:13.0803 AM
[ReportManager] Successfully Opened [GoogleChrome]. @04-11-2021 10:11:17.0445 AM
[ReportManager] Target URL: [https://the-internet.herokuapp.com/] @04-11-2021 10:11:17.0445 AM
[ReportManager] Initial URL: [data:,] @04-11-2021 10:11:17.0521 AM
[ReportManager] Browser Action [NavigateToURL] successfully performed. With the following test data [https://the-internet.herokuapp.com/]. @04-11-2021 10:11:18.0056 A

################################################################################################################################################
Starting Execution:	[33 out of 146] test cases in the current suite
Test Method:		[testPackage01.Test_NewValidationHelper.f21]
################################################################################################################################################
[ReportManager] Element Action [IdentifyUniqueElement] failed. With the following test data [zero elements found matching this locator "By.tagName: h3".]. @04-11-2021 10:11:43.0965 AM
[ReportManager] Successfully created attachment [Screenshot - 1636020703773_f21_IdentifyUniqueElement_failed] @04-11-2021 10:11:43.0966 AM
[ReportManager] Assertion [ValidateElementAttribute] FAILED. Expected [Value Should be 'Welcome' for the 'text' attribute, element locator 'By.tagName: h3'] and Actual [Failed to read the desired element attribute]. Comparison Type [CONTAINS]. Validation Type [POSITIVE]. @04-11-2021 10:11:43.0967 A
[ReportManager] Successfully Closed All Drivers. @04-11-2021 10:11:44.0061 A
[ReportManager] File Action [GetAbsolutePath] successfully performed. With the following test data [Relative Folder Path: "target/downloadedFiles/"]. @04-11-2021 10:11:44.0063 AM
[ReportManager] Attempting to run remotely on: [Linux-64], [GoogleChrome], [http://localhost:4444/wd/hub], Headless Execution. @04-11-2021 10:11:44.0064 AM
[ReportManager] Successfully Opened [GoogleChrome]. @04-11-2021 10:11:47.0434 AM
[ReportManager] Target URL: [https://the-internet.herokuapp.com/] @04-11-2021 10:11:47.0438 AM
[ReportManager] Initial URL: [data:,] @04-11-2021 10:11:47.0557 AM
[ReportManager] Browser Action [NavigateToURL] successfully performed. With the following test data [https://the-internet.herokuapp.com/]. @04-11-2021 10:11:48.0091 A

################################################################################################################################################
Starting Execution:	[34 out of 146] test cases in the current suite
Test Method:		[testPackage01.Test_NewValidationHelper.f22]
################################################################################################################################################
[ReportManager] Element Action [GetText] successfully performed. With the following test data [Welcome to the-internet]. @04-11-2021 10:11:48.0241 AM
[ReportManager] Loaded Shared OpenCV @04-11-2021 10:11:48.0562 AM
[ReportManager] Assertion [ValidateElementAttribute] FAILED. Expected [Value Should be 'yyy' for the 'text' attribute, element locator 'By.tagName: h1'] and Actual [Welcome to the-internet]. Comparison Type [CONTAINS]. Validation Type [POSITIVE]. @04-11-2021 10:11:48.0797 AM
[ReportManager] Successfully created attachment [Screenshot - 1636020708562_f22_ValidateElementAttribute_failed] @04-11-2021 10:11:48.0799 A
[ReportManager] Successfully Closed All Drivers. @04-11-2021 10:11:48.0899 A

################################################################################################################################################
Starting Execution:	[35 out of 146] test cases in the current suite
Test Method:		[testPackage01.Test_NewValidationHelper.f23]
################################################################################################################################################
[ReportManager] Assertion Passed: confirming that the actual is greater than or equal to the expected @04-11-2021 10:11:48.0903 AM
[ReportManager] Assertion [ValidateComparativeRelation] PASSED. Expected [1] and Actual [1]. Comparison Type [GREATER_THAN_OR_EQUALS]. Validation Type [POSITIVE]. @04-11-2021 10:11:48.0903 A

################################################################################################################################################
Starting Execution:	[36 out of 146] test cases in the current suite
Test Method:		[testPackage01.Test_NewValidationHelper.f24]
################################################################################################################################################
[ReportManager] Assertion [ValidateComparativeRelation] PASSED. Expected [1] and Actual [10]. Comparison Type [GREATER_THAN_OR_EQUALS]. Validation Type [POSITIVE]. @04-11-2021 10:11:48.0907 A

################################################################################################################################################
Starting Execution:	[37 out of 146] test cases in the current suite
Test Method:		[testPackage01.Test_NewValidationHelper.f25]
################################################################################################################################################
[ReportManager] Assertion [ValidateComparativeRelation] PASSED. Expected [1] and Actual [1]. Comparison Type [EQUALS]. Validation Type [POSITIVE]. @04-11-2021 10:11:48.0910 A

################################################################################################################################################
Starting Execution:	[38 out of 146] test cases in the current suite
Test Method:		[testPackage01.Test_NewValidationHelper.f26]
################################################################################################################################################
[ReportManager] Assertion [ValidateComparativeRelation] PASSED. Expected [1] and Actual [5]. Comparison Type [GREATER_THAN]. Validation Type [POSITIVE]. @04-11-2021 10:11:48.0912 A

################################################################################################################################################
Starting Execution:	[39 out of 146] test cases in the current suite
Test Method:		[testPackage01.Test_NewValidationHelper.f27]
################################################################################################################################################
[ReportManager] Assertion [ValidateComparativeRelation] PASSED. Expected [11] and Actual [5]. Comparison Type [LESS_THAN]. Validation Type [POSITIVE]. @04-11-2021 10:11:48.0915 A

################################################################################################################################################
Starting Execution:	[40 out of 146] test cases in the current suite
Test Method:		[testPackage01.Test_NewValidationHelper.f28]
################################################################################################################################################
[ReportManager] Assertion [ValidateComparativeRelation] PASSED. Expected [11] and Actual [5]. Comparison Type [LESS_THAN_OR_EQUALS]. Validation Type [POSITIVE]. @04-11-2021 10:11:48.0921 A

################################################################################################################################################
Starting Execution:	[41 out of 146] test cases in the current suite
Test Method:		[testPackage01.Test_NewValidationHelper.f29]
################################################################################################################################################
[ReportManager] Assertion [ValidateComparativeRelation] PASSED. Expected [11] and Actual [11]. Comparison Type [LESS_THAN_OR_EQUALS]. Validation Type [POSITIVE]. @04-11-2021 10:11:48.0924 A

################################################################################################################################################
Starting Execution:	[42 out of 146] test cases in the current suite
Test Method:		[testPackage01.Test_NewValidationHelper.f3]
################################################################################################################################################
[ReportManager] Assertion [ValidateEquals] PASSED. Expected [1] and Actual [2]. Comparison Type [EQUALS]. Validation Type [NEGATIVE]. @04-11-2021 10:11:48.0927 A

################################################################################################################################################
Starting Execution:	[43 out of 146] test cases in the current suite
Test Method:		[testPackage01.Test_NewValidationHelper.f30]
################################################################################################################################################
[ReportManager] Assertion [ValidateComparativeRelation] FAILED. Expected [-9] and Actual [11]. Comparison Type [LESS_THAN_OR_EQUALS]. Validation Type [POSITIVE]. @04-11-2021 10:11:48.0929 A

################################################################################################################################################
Starting Execution:	[44 out of 146] test cases in the current suite
Test Method:		[testPackage01.Test_NewValidationHelper.f31]
################################################################################################################################################
[ReportManager] Assertion [ValidateTrue] PASSED. Expected [TRUE] and Actual [TRUE]. Validation Type [POSITIVE]. @04-11-2021 10:11:48.0932 A

################################################################################################################################################
Starting Execution:	[45 out of 146] test cases in the current suite
Test Method:		[testPackage01.Test_NewValidationHelper.f32]
################################################################################################################################################
[ReportManager] Assertion [ValidateTrue] PASSED. Expected [FALSE] and Actual [FALSE]. Validation Type [NEGATIVE]. @04-11-2021 10:11:48.0935 A

################################################################################################################################################
Starting Execution:	[46 out of 146] test cases in the current suite
Test Method:		[testPackage01.Test_NewValidationHelper.f33]
################################################################################################################################################
[ReportManager] Assertion [ValidateTrue] FAILED. Expected [FALSE] and Actual [TRUE]. Validation Type [NEGATIVE]. @04-11-2021 10:11:48.0938 A

################################################################################################################################################
Starting Execution:	[47 out of 146] test cases in the current suite
Test Method:		[testPackage01.Test_NewValidationHelper.f34]
################################################################################################################################################
[ReportManager] Assertion [ValidateTrue] FAILED. Expected [TRUE] and Actual [FALSE]. Validation Type [POSITIVE]. @04-11-2021 10:11:48.0940 A

################################################################################################################################################
Starting Execution:	[48 out of 146] test cases in the current suite
Test Method:		[testPackage01.Test_NewValidationHelper.f35]
################################################################################################################################################
[ReportManager] File Action [DoesFileExist] successfully performed. With the following test data [File Path: "pom.xml"]. @04-11-2021 10:11:48.0943 AM
[ReportManager] Assertion [ValidateFileExists] PASSED. Expected [File 'pom.xml' should exist, after up to '1' retries] and Actual [File exists]. Validation Type [POSITIVE]. @04-11-2021 10:11:48.0949 A

################################################################################################################################################
Starting Execution:	[49 out of 146] test cases in the current suite
Test Method:		[testPackage01.Test_NewValidationHelper.f36]
################################################################################################################################################
[ReportManager] File Action [DoesFileExist] successfully performed. With the following test data [File Path: "src/test/java/testPackage01/Test_NewValidationHelper.java"]. @04-11-2021 10:11:48.0952 AM
[ReportManager] Assertion [ValidateFileExists] PASSED. Expected [File 'src/test/java/testPackage01/Test_NewValidationHelper.java' should exist, after up to '1' retries] and Actual [File exists]. Validation Type [POSITIVE]. @04-11-2021 10:11:48.0953 A

################################################################################################################################################
Starting Execution:	[50 out of 146] test cases in the current suite
Test Method:		[testPackage01.Test_NewValidationHelper.f37]
################################################################################################################################################
[ReportManager] File Action [DoesFileExist] successfully performed. With the following test data [File Path: "pom.xml"]. @04-11-2021 10:11:48.0958 AM
[ReportManager] Assertion Failed: confirming that the file does't exist after 5 retries @04-11-2021 10:11:48.0958 AM
[ReportManager] Assertion [ValidateFileExists] FAILED. Expected [File 'pom.xml' should not exist, after up to '5' retries] and Actual [File exists]. Validation Type [NEGATIVE]. @04-11-2021 10:11:48.0958 A

################################################################################################################################################
Starting Execution:	[51 out of 146] test cases in the current suite
Test Method:		[testPackage01.Test_NewValidationHelper.f3_1]
################################################################################################################################################
[ReportManager] Assertion Passed: Checking valid user data @04-11-2021 10:11:48.0962 AM
[ReportManager] Assertion [ValidateEquals] PASSED. Expected [null] and Actual [null]. Comparison Type [EQUALS]. Validation Type [POSITIVE]. @04-11-2021 10:11:48.0962 A

################################################################################################################################################
Starting Execution:	[52 out of 146] test cases in the current suite
Test Method:		[testPackage01.Test_NewValidationHelper.f4]
################################################################################################################################################
[ReportManager] Assertion [ValidateEquals] PASSED. Expected [1] and Actual [123]. Comparison Type [CONTAINS]. Validation Type [POSITIVE]. @04-11-2021 10:11:48.0964 A

################################################################################################################################################
Starting Execution:	[53 out of 146] test cases in the current suite
Test Method:		[testPackage01.Test_NewValidationHelper.f5]
################################################################################################################################################
[ReportManager] Assertion [ValidateNull] PASSED. Expected [NULL] and Actual [1]. Comparison Type [EQUALS]. Validation Type [NEGATIVE]. @04-11-2021 10:11:48.0967 A

################################################################################################################################################
Starting Execution:	[54 out of 146] test cases in the current suite
Test Method:		[testPackage01.Test_NewValidationHelper.f6]
################################################################################################################################################
[ReportManager] Assertion Failed: Making sure that null string is not equal to null object @04-11-2021 10:11:48.0970 AM
[ReportManager] Assertion [ValidateNull] FAILED. Expected [NULL] and Actual [NULL]. Comparison Type [EQUALS]. Validation Type [POSITIVE]. @04-11-2021 10:11:48.0970 A

################################################################################################################################################
Starting Execution:	[55 out of 146] test cases in the current suite
Test Method:		[testPackage01.Test_NewValidationHelper.f6_1]
################################################################################################################################################
[ReportManager] Assertion [ValidateNull] FAILED. Expected [NULL] and Actual [NULL]. Comparison Type [EQUALS]. Validation Type [NEGATIVE]. @04-11-2021 10:11:48.0972 A

################################################################################################################################################
Starting Execution:	[56 out of 146] test cases in the current suite
Test Method:		[testPackage01.Test_NewValidationHelper.f6_2]
################################################################################################################################################
[ReportManager] Assertion Failed: Making sure that null string is not equal to null object @04-11-2021 10:11:48.0975 AM
[ReportManager] Assertion [ValidateNull] FAILED. Expected [NULL] and Actual [not null]. Comparison Type [EQUALS]. Validation Type [POSITIVE]. @04-11-2021 10:11:48.0975 A

################################################################################################################################################
Starting Execution:	[57 out of 146] test cases in the current suite
Test Method:		[testPackage01.Test_NewValidationHelper.f7]
################################################################################################################################################
[ReportManager] Assertion [ValidateNull] PASSED. Expected [NULL] and Actual [NULL]. Comparison Type [EQUALS]. Validation Type [POSITIVE]. @04-11-2021 10:11:48.0977 A
[ReportManager] File Action [GetAbsolutePath] successfully performed. With the following test data [Relative Folder Path: "target/downloadedFiles/"]. @04-11-2021 10:11:48.0979 AM
[ReportManager] Attempting to run remotely on: [Linux-64], [GoogleChrome], [http://localhost:4444/wd/hub], Headless Execution. @04-11-2021 10:11:48.0980 AM
[ReportManager] Successfully Opened [GoogleChrome]. @04-11-2021 10:11:52.0430 AM
[ReportManager] Target URL: [https://the-internet.herokuapp.com/] @04-11-2021 10:11:52.0430 AM
[ReportManager] Initial URL: [data:,] @04-11-2021 10:11:52.0503 AM
[ReportManager] Browser Action [NavigateToURL] successfully performed. With the following test data [https://the-internet.herokuapp.com/]. @04-11-2021 10:11:53.0023 A

################################################################################################################################################
Starting Execution:	[58 out of 146] test cases in the current suite
Test Method:		[testPackage01.Test_NewValidationHelper.f8]
################################################################################################################################################
[ReportManager] Loaded Shared OpenCV @04-11-2021 10:11:53.0406 AM
[ReportManager] Assertion [ValidateElementExists] PASSED. Expected [Element Should Exist, locator 'By.tagName: h1'] and Actual [Element Exists]. Comparison Type [EQUALS]. Validation Type [POSITIVE]. @04-11-2021 10:11:53.0651 AM
[ReportManager] Successfully created attachment [Screenshot - 1636020713406_f8_ValidateElementExists_passed] @04-11-2021 10:11:53.0654 A
[ReportManager] Successfully Closed All Drivers. @04-11-2021 10:11:53.0822 A
[ReportManager] File Action [GetAbsolutePath] successfully performed. With the following test data [Relative Folder Path: "target/downloadedFiles/"]. @04-11-2021 10:11:53.0824 AM
[ReportManager] Attempting to run remotely on: [Linux-64], [GoogleChrome], [http://localhost:4444/wd/hub], Headless Execution. @04-11-2021 10:11:53.0825 AM
[ReportManager] Successfully Opened [GoogleChrome]. @04-11-2021 10:11:57.0415 AM
[ReportManager] Target URL: [https://the-internet.herokuapp.com/] @04-11-2021 10:11:57.0416 AM
[ReportManager] Initial URL: [data:,] @04-11-2021 10:11:57.0492 AM
[ReportManager] Browser Action [NavigateToURL] successfully performed. With the following test data [https://the-internet.herokuapp.com/]. @04-11-2021 10:11:58.0025 A

################################################################################################################################################
Starting Execution:	[59 out of 146] test cases in the current suite
Test Method:		[testPackage01.Test_NewValidationHelper.f9]
################################################################################################################################################
[ReportManager] Assertion [ValidateElementExists] FAILED. Expected [Element Should Exist, locator 'By.tagName: h3'] and Actual [Element Doesn't Exists]. Comparison Type [EQUALS]. Validation Type [POSITIVE]. @04-11-2021 10:12:29.0074 AM
[ReportManager] Successfully created attachment [Screenshot - 1636020748877_f9_ValidateElementExists_failed] @04-11-2021 10:12:29.0075 A
[ReportManager] Successfully Closed All Drivers. @04-11-2021 10:12:29.0194 A

################################################################################################################################################
Starting Execution:	[60 out of 146] test cases in the current suite
Test Method:		[testPackage01.Test_NewValidationHelper.forceFail]
################################################################################################################################################
[ReportManager] Assertion [ValidateFail] FAILED. Successfully force failed the test. @04-11-2021 10:12:29.0199 A

################################################################################################################################################
Starting Execution:	[61 out of 146] test cases in the current suite
Test Method:		[testPackage01.Test_NewValidationHelper.forceFail2]
################################################################################################################################################
[ReportManager] Assertion Failed: Custom Message @04-11-2021 10:12:29.0218 AM
[ReportManager] Assertion [ValidateFail] FAILED. Successfully force failed the test. @04-11-2021 10:12:29.0218 A
[ReportManager] Successfully loaded the following test data file [src/test/resources/TestDataFiles/testSuite01/TestData.xlsx]. @04-11-2021 10:12:29.0326 AM
[ReportManager] Successfully created attachment [Test Data - Excel] @04-11-2021 10:12:29.0327 AM
[ReportManager] File Action [GetAbsolutePath] successfully performed. With the following test data [Relative Folder Path: "target/downloadedFiles/"]. @04-11-2021 10:12:29.0327 AM
[ReportManager] Attempting to run remotely on: [Linux-64], [GoogleChrome], [http://localhost:4444/wd/hub], Headless Execution. @04-11-2021 10:12:29.0327 AM
[ReportManager] Successfully Opened [GoogleChrome]. @04-11-2021 10:12:32.0435 A

################################################################################################################################################
Starting Execution:	[62 out of 146] test cases in the current suite
Test Method:		[testPackage01.Test_google.navigateToURLandVerifyGoogleLogoIsDisplayed]
Test Description:	[TC001 - Navigate to URL and Verify Google Logo is Displayed]
################################################################################################################################################
[ReportManager] Target URL: [https://www.google.com/ncr], and after redirection: [https://www.google.com] @04-11-2021 10:12:32.0437 AM
[ReportManager] Initial URL: [data:,] @04-11-2021 10:12:32.0521 AM
[ReportManager] Browser Action [NavigateToURL] successfully performed. With the following test data [https://www.google.com/ncr]. @04-11-2021 10:12:33.0467 AM
[ReportManager] Loaded Shared OpenCV @04-11-2021 10:12:33.0939 AM
[ReportManager] Assertion Passed: Then I Assert that the element found by [By.xpath: //*[@id='hplogo' or @alt='Google']] exists. @04-11-2021 10:12:34.0168 AM
[ReportManager] Successfully created attachment [Screenshot - 1636020753939_navigateToURLandVerifyGoogleLogoIsDisplayed_ValidateElementExists_passed] @04-11-2021 10:12:34.0169 AM
[ReportManager] Assertion [ValidateElementExists] PASSED. Expected [Element Should Exist, locator 'By.xpath: //*[@id='hplogo' or @alt='Google']'] and Actual [Element Exists]. Comparison Type [EQUALS]. Validation Type [POSITIVE]. @04-11-2021 10:12:34.0170 A

################################################################################################################################################
Starting Execution:	[63 out of 146] test cases in the current suite
Test Method:		[testPackage01.Test_google.searchForQueryandAssertResultsNumDisplayed]
Test Description:	[TC002 - Search for Query and Assert that the number of results is displayed]
################################################################################################################################################
[ReportManager] Element Action [Type] successfully performed. With the following test data [SHAFT_Engine]. @04-11-2021 10:12:34.0754 AM
[ReportManager] Element Action [KeyPress] successfully performed. With the following test data [Enter]. @04-11-2021 10:12:36.0122 AM
[ReportManager] Element Action [GetText] successfully performed. With the following test data [About 869,000 results (0.54 seconds) ]. @04-11-2021 10:12:36.0265 AM
[ReportManager] Loaded Shared OpenCV @04-11-2021 10:12:36.0629 AM
[ReportManager] Assertion Passed: Then I Assert that the element found by [By.id: appbar] text does not equal []. @04-11-2021 10:12:36.0916 AM
[ReportManager] Successfully created attachment [Screenshot - 1636020756628_searchForQueryandAssertResultsNumDisplayed_ValidateElementAttribute_passed] @04-11-2021 10:12:36.0919 AM
[ReportManager] Assertion [ValidateElementAttribute] PASSED. Expected [Value Should not be '' for the 'text' attribute, element locator 'By.id: appbar'] and Actual [About 869,000 results (0.54 seconds) ]. Comparison Type [EQUALS]. Validation Type [NEGATIVE]. @04-11-2021 10:12:36.0919 A

################################################################################################################################################
Starting Execution:	[64 out of 146] test cases in the current suite
Test Method:		[testPackage01.Test_google.clickNextThrice]
Test Description:	[TC003 - Clicks the next button to make sure that the framework can scroll element into view before clicking it]
################################################################################################################################################
[ReportManager] Element Action [Click] successfully performed. With the following test data [Next]. @04-11-2021 10:12:38.0939 A
[ReportManager] Browser Action [CloseCurrentWindow] successfully performed. @04-11-2021 10:12:39.0134 AM
[ReportManager] Successfully created attachment [Browser Action Test Data - CloseCurrentWindow - Actual Value] @04-11-2021 10:12:39.0140 A
[ReportManager] File Action [GetAbsolutePath] successfully performed. With the following test data [Relative Folder Path: "target/downloadedFiles/"]. @04-11-2021 10:12:39.0142 AM
[ReportManager] Attempting to run remotely on: [Linux-64], [GoogleChrome], [http://localhost:4444/wd/hub], Headless Execution. @04-11-2021 10:12:39.0142 AM
[ReportManager] Successfully Opened [GoogleChrome]. @04-11-2021 10:12:42.0458 A

################################################################################################################################################
Starting Execution:	[65 out of 146] test cases in the current suite
Test Method:		[testPackage01.Test_clipboardActions.typeTextAndCopyPaste]
################################################################################################################################################
[ReportManager] Target URL: [https://www.google.com/ncr], and after redirection: [https://www.google.com] @04-11-2021 10:12:42.0465 AM
[ReportManager] Initial URL: [data:,] @04-11-2021 10:12:42.0563 AM
[ReportManager] Browser Action [NavigateToURL] successfully performed. With the following test data [https://www.google.com/ncr]. @04-11-2021 10:12:43.0476 AM
[ReportManager] Element Action [Type] successfully performed. With the following test data [FIRST]. @04-11-2021 10:12:44.0071 AM
[ReportManager] Element Action [ClipboardActions] successfully performed. With the following test data [select all]. @04-11-2021 10:12:44.0181 AM
[ReportManager] Element Action [ClipboardActions] successfully performed. With the following test data [copy]. @04-11-2021 10:12:44.0302 AM
[ReportManager] Element Action [ClipboardActions] successfully performed. With the following test data [unselect]. @04-11-2021 10:12:44.0489 AM
[ReportManager] Element Action [ClipboardActions] successfully performed. With the following test data [paste]. @04-11-2021 10:12:44.0597 AM
[ReportManager] Element Action [ClipboardActions] successfully performed. With the following test data [select all]. @04-11-2021 10:12:44.0712 AM
[ReportManager] Element Action [Type] successfully performed. @04-11-2021 10:12:45.0319 AM
[ReportManager] Element Action [ClipboardActions] successfully performed. With the following test data [cut]. @04-11-2021 10:12:45.0319 AM
[ReportManager] Element Action [ClipboardActions] successfully performed. With the following test data [paste]. @04-11-2021 10:12:45.0380 AM
[ReportManager] Element Action [ClipboardActions] successfully performed. With the following test data [paste]. @04-11-2021 10:12:45.0457 A
[ReportManager] Browser Action [CloseCurrentWindow] successfully performed. @04-11-2021 10:12:45.0609 AM
[ReportManager] Successfully created attachment [Browser Action Test Data - CloseCurrentWindow - Actual Value] @04-11-2021 10:12:45.0610 A

################################################################################################################################################
Starting Execution:	[66 out of 146] test cases in the current suite
Test Method:		[testPackage01.Test_JSONFileManager.readStringFromJson]
################################################################################################################################################
[ReportManager] File Action [GetAbsolutePath] successfully performed. With the following test data [Relative Folder Path: "src/test/resources/testDataFiles/simpleJSON.json"]. @04-11-2021 10:12:45.0617 AM
[ReportManager] An Exception Occured with this Message: /home/runner/work/SHAFT_ENGINE/SHAFT_ENGINE/src/test/resources/testDataFiles/simpleJSON.json (No such file or directory). @04-11-2021 10:12:45.0617 AM
[ReportManager] Successfully created attachment [Exception Stack Trace - java.io.FileNotFoundException] @04-11-2021 10:12:45.0617 AM
[ReportManager] Couldn't find the desired file. [src/test/resources/testDataFiles/simpleJSON.json]. @04-11-2021 10:12:45.0618 A
[ReportManager] File Action [GetAbsolutePath] successfully performed. With the following test data [Relative Folder Path: "target/downloadedFiles/"]. @04-11-2021 10:12:45.0622 AM
[ReportManager] Attempting to run remotely on: [Linux-64], [GoogleChrome], [http://localhost:4444/wd/hub], Headless Execution. @04-11-2021 10:12:45.0623 AM
[ReportManager] Successfully Opened [GoogleChrome]. @04-11-2021 10:12:47.0425 A

################################################################################################################################################
Starting Execution:	[67 out of 146] test cases in the current suite
Test Method:		[testPackage01.Test_uploadFile.uploadFile_invisibleUploadInput]
################################################################################################################################################
[ReportManager] Target URL: [https://fineuploader.com/demos.html#gallery-view] @04-11-2021 10:12:47.0430 AM
[ReportManager] Initial URL: [data:,] @04-11-2021 10:12:47.0538 AM
[ReportManager] Browser Action [NavigateToURL] successfully performed. With the following test data [https://fineuploader.com/demos.html#gallery-view]. @04-11-2021 10:12:48.0985 AM
[ReportManager] File Action [GetAbsolutePath] successfully performed. With the following test data [Relative File Path: "src/main/resources/images/shaft.png"]. @04-11-2021 10:12:48.0985 AM
[ReportManager] Successfully created attachment [File Action Actual Result - Command Log] @04-11-2021 10:12:48.0986 AM
[ReportManager] Element Action [TypeFileLocationForUpload] successfully performed. With the following test data [/home/runner/work/SHAFT_ENGINE/SHAFT_ENGINE/src/main/resources/images/shaft.png]. @04-11-2021 10:12:49.0176 AM
[ReportManager] Attempting to getAttribute [src] from elementLocator [By.xpath: //div[@id='fine-uploader-gallery']//div[@class='qq-thumbnail-wrapper']/img]. @04-11-2021 10:12:49.0176 AM
[ReportManager] Element Action [GetAttribute] successfully performed. @04-11-2021 10:12:49.0326 AM
[ReportManager] Successfully created attachment [Element Action Test Data - GetAttribute - Actual Value] @04-11-2021 10:12:49.0327 AM
[ReportManager] Loaded Shared OpenCV @04-11-2021 10:12:49.0674 AM
[ReportManager] Assertion [ValidateElementAttribute] PASSED. Expected and Actual values are attached. Comparison Type [CONTAINS]. Validation Type [POSITIVE]. @04-11-2021 10:12:49.0928 AM
[ReportManager] Successfully created attachment [Validation Test Data - Expected Value] @04-11-2021 10:12:49.0929 AM
[ReportManager] Successfully created attachment [Validation Test Data - Actual Value] @04-11-2021 10:12:49.0929 AM
[ReportManager] Successfully created attachment [Screenshot - 1636020769674_uploadFile_invisibleUploadInput_ValidateElementAttribute_passed] @04-11-2021 10:12:49.0932 A
[ReportManager] Browser Action [CloseCurrentWindow] successfully performed. @04-11-2021 10:12:50.0097 AM
[ReportManager] Successfully created attachment [Browser Action Test Data - CloseCurrentWindow - Actual Value] @04-11-2021 10:12:50.0098 A
[ReportManager] File Action [GetAbsolutePath] successfully performed. With the following test data [Relative Folder Path: "target/downloadedFiles/"]. @04-11-2021 10:12:50.0102 AM
[ReportManager] Attempting to run remotely on: [Linux-64], [GoogleChrome], [http://localhost:4444/wd/hub], Headless Execution. @04-11-2021 10:12:50.0102 AM
[ReportManager] Successfully Opened [GoogleChrome]. @04-11-2021 10:12:52.0428 A

################################################################################################################################################
Starting Execution:	[68 out of 146] test cases in the current suite
Test Method:		[testPackage01.Test_uploadFile.uploadFile_visibleUploadInput]
################################################################################################################################################
[ReportManager] Target URL: [http://demo.guru99.com/test/upload/] @04-11-2021 10:12:52.0431 AM
[ReportManager] Initial URL: [data:,] @04-11-2021 10:12:52.0499 AM
[ReportManager] Browser Action [NavigateToURL] successfully performed. With the following test data [http://demo.guru99.com/test/upload/]. @04-11-2021 10:12:53.0535 AM
[ReportManager] File Action [GetAbsolutePath] successfully performed. With the following test data [Relative File Path: "src/main/resources/images/shaft.png"]. @04-11-2021 10:12:53.0536 AM
[ReportManager] Successfully created attachment [File Action Actual Result - Command Log] @04-11-2021 10:12:53.0536 AM
[ReportManager] Element Action [TypeFileLocationForUpload] successfully performed. With the following test data [/home/runner/work/SHAFT_ENGINE/SHAFT_ENGINE/src/main/resources/images/shaft.png]. @04-11-2021 10:12:53.0672 AM
[ReportManager] Element Action [Click] successfully performed. With the following test data [on]. @04-11-2021 10:12:54.0261 AM
[ReportManager] Element Action [Click] successfully performed. With the following test data [Submit File]. @04-11-2021 10:12:54.0931 AM
[ReportManager] Element Action [GetText] successfully performed. With the following test data [1 file
has been successfully uploaded.]. @04-11-2021 10:12:55.0597 AM
[ReportManager] Loaded Shared OpenCV @04-11-2021 10:12:55.0906 AM
[ReportManager] Assertion [ValidateElementAttribute] PASSED. Expected [Value Should be '1 file' for the 'Text' attribute, element locator 'By.id: res'] and Actual [1 file
has been successfully uploaded.]. Comparison Type [CONTAINS]. Validation Type [POSITIVE]. @04-11-2021 10:12:56.0126 AM
[ReportManager] Successfully created attachment [Screenshot - 1636020775906_uploadFile_visibleUploadInput_ValidateElementAttribute_passed] @04-11-2021 10:12:56.0127 A
[ReportManager] Browser Action [CloseCurrentWindow] successfully performed. @04-11-2021 10:12:56.0281 AM
[ReportManager] Successfully created attachment [Browser Action Test Data - CloseCurrentWindow - Actual Value] @04-11-2021 10:12:56.0282 A
[ReportManager] File Action [GetAbsolutePath] successfully performed. With the following test data [Relative Folder Path: "target/downloadedFiles/"]. @04-11-2021 10:12:56.0292 AM
[ReportManager] Attempting to run remotely on: [Linux-64], [GoogleChrome], [http://localhost:4444/wd/hub], Headless Execution. @04-11-2021 10:12:56.0293 AM
[ReportManager] Successfully Opened [GoogleChrome]. @04-11-2021 10:12:57.0429 A

################################################################################################################################################
Starting Execution:	[69 out of 146] test cases in the current suite
Test Method:		[testPackage01.Test_dragAndDrop.dragAndDropJquery]
################################################################################################################################################
[ReportManager] Target URL: [https://jqueryui.com/resources/demos/droppable/default.html] @04-11-2021 10:12:57.0435 AM
[ReportManager] Initial URL: [data:,] @04-11-2021 10:12:57.0531 AM
[ReportManager] Browser Action [NavigateToURL] successfully performed. With the following test data [https://jqueryui.com/resources/demos/droppable/default.html]. @04-11-2021 10:12:58.0031 AM
[ReportManager] Element Action [GetText] successfully performed. With the following test data [Drop here]. @04-11-2021 10:12:58.0159 AM
[ReportManager] Element Action [DragAndDrop] successfully performed. With the following test data [Start point: (8, 18), End point: (8, 18)]. @04-11-2021 10:12:59.0772 AM
[ReportManager] Element Action [GetText] successfully performed. With the following test data [Dropped!]. @04-11-2021 10:12:59.0891 AM
[ReportManager] Assertion Passed: Checking to see if the text has changed after performing drag and drop @04-11-2021 10:12:59.0892 AM
[ReportManager] Assertion [ValidateEquals] PASSED. Expected [Drop here] and Actual [Dropped!]. Comparison Type [EQUALS]. Validation Type [NEGATIVE]. @04-11-2021 10:12:59.0892 A
[ReportManager] Browser Action [CloseCurrentWindow] successfully performed. @04-11-2021 10:13:00.0049 AM
[ReportManager] Successfully created attachment [Browser Action Test Data - CloseCurrentWindow - Actual Value] @04-11-2021 10:13:00.0049 A
[ReportManager] File Action [GetAbsolutePath] successfully performed. With the following test data [Relative Folder Path: "target/downloadedFiles/"]. @04-11-2021 10:13:00.0051 AM
[ReportManager] Attempting to run remotely on: [Linux-64], [GoogleChrome], [http://localhost:4444/wd/hub], Headless Execution. @04-11-2021 10:13:00.0051 AM
[ReportManager] Successfully Opened [GoogleChrome]. @04-11-2021 10:13:02.0430 A

################################################################################################################################################
Starting Execution:	[70 out of 146] test cases in the current suite
Test Method:		[testPackage01.Test_dragAndDrop.dragAndDrop]
Test Description:	[TC001 - Test Drag and Drop function.]
################################################################################################################################################
[ReportManager] Target URL: [http://the-internet.herokuapp.com/drag_and_drop] @04-11-2021 10:13:02.0432 AM
[ReportManager] Initial URL: [data:,] @04-11-2021 10:13:02.0508 AM
[ReportManager] Browser Action [NavigateToURL] successfully performed. With the following test data [http://the-internet.herokuapp.com/drag_and_drop]. @04-11-2021 10:13:02.0965 AM
[ReportManager] Attempting Drag and Drop @04-11-2021 10:13:02.0966 AM
[ReportManager] Element Action [DragAndDrop] successfully performed. With the following test data [Start point: (492, 89), End point: (707, 89)]. @04-11-2021 10:13:04.0287 A
[ReportManager] Browser Action [CloseCurrentWindow] successfully performed. @04-11-2021 10:13:04.0454 AM
[ReportManager] Successfully created attachment [Browser Action Test Data - CloseCurrentWindow - Actual Value] @04-11-2021 10:13:04.0455 A
[ReportManager] File Action [GetAbsolutePath] successfully performed. With the following test data [Relative Folder Path: "target/downloadedFiles/"]. @04-11-2021 10:13:04.0456 AM
[ReportManager] Attempting to run remotely on: [Linux-64], [GoogleChrome], [http://localhost:4444/wd/hub], Headless Execution. @04-11-2021 10:13:04.0456 AM
[ReportManager] Successfully Opened [GoogleChrome]. @04-11-2021 10:13:07.0418 A

################################################################################################################################################
Starting Execution:	[71 out of 146] test cases in the current suite
Test Method:		[testPackage01.Test_dragAndDrop.dragAndDropByOffset]
Test Description:	[TC002 - Test Drag and Drop by offset function.]
################################################################################################################################################
[ReportManager] Target URL: [https://jqueryui.com/resources/demos/draggable/default.html] @04-11-2021 10:13:07.0422 AM
[ReportManager] Initial URL: [data:,] @04-11-2021 10:13:07.0507 AM
[ReportManager] Browser Action [NavigateToURL] successfully performed. With the following test data [https://jqueryui.com/resources/demos/draggable/default.html]. @04-11-2021 10:13:07.0958 AM
[ReportManager] Element Action [DragAndDropByOffset] successfully performed. With the following test data [Start point: (8, 8), End point: (108, 58)]. @04-11-2021 10:13:08.0504 A
[ReportManager] Browser Action [CloseCurrentWindow] successfully performed. @04-11-2021 10:13:08.0644 AM
[ReportManager] Successfully created attachment [Browser Action Test Data - CloseCurrentWindow - Actual Value] @04-11-2021 10:13:08.0645 A

################################################################################################################################################
Starting Execution:	[72 out of 146] test cases in the current suite
Test Method:		[testPackage01.Test_JsonActions.f]
###############################################################################################################################################

################################################################################################################################################
Starting Execution:	[73 out of 146] test cases in the current suite
Test Method:		[testPackage01.Test_JsonActions.f2]
###############################################################################################################################################
[ReportManager] File Action [GetAbsolutePath] successfully performed. With the following test data [Relative Folder Path: "target/downloadedFiles/"]. @04-11-2021 10:13:08.0660 AM
[ReportManager] Attempting to run remotely on: [Linux-64], [GoogleChrome], [http://localhost:4444/wd/hub], Headless Execution. @04-11-2021 10:13:08.0660 AM
[ReportManager] Successfully Opened [GoogleChrome]. @04-11-2021 10:13:12.0450 A

################################################################################################################################################
Starting Execution:	[74 out of 146] test cases in the current suite
Test Method:		[testPackage01.Test_dynamicLoading.dynamicLoading_elementIsHidden]
################################################################################################################################################
[ReportManager] Target URL: [https://the-internet.herokuapp.com/dynamic_loading/1] @04-11-2021 10:13:12.0453 AM
[ReportManager] Initial URL: [data:,] @04-11-2021 10:13:12.0547 AM
[ReportManager] Browser Action [NavigateToURL] successfully performed. With the following test data [https://the-internet.herokuapp.com/dynamic_loading/1]. @04-11-2021 10:13:13.0030 AM
[ReportManager] Element Action [Click] successfully performed. With the following test data [Start]. @04-11-2021 10:13:13.0676 AM
[ReportManager] Element Action [GetText] successfully performed. With the following test data [
    Hello World!
  ]. @04-11-2021 10:13:13.0839 AM
[ReportManager] Loaded Shared OpenCV @04-11-2021 10:13:14.0142 AM
[ReportManager] Assertion [ValidateElementAttribute] PASSED. Expected [Value Should be 'Hello World!' for the 'text' attribute, element locator 'By.id: finish'] and Actual [
    Hello World!
  ]. Comparison Type [CONTAINS]. Validation Type [POSITIVE]. @04-11-2021 10:13:14.0369 AM
[ReportManager] Successfully created attachment [Screenshot - 1636020794142_dynamicLoading_elementIsHidden_ValidateElementAttribute_passed] @04-11-2021 10:13:14.0371 A
[ReportManager] Browser Action [CloseCurrentWindow] successfully performed. @04-11-2021 10:13:14.0519 AM
[ReportManager] Successfully created attachment [Browser Action Test Data - CloseCurrentWindow - Actual Value] @04-11-2021 10:13:14.0519 A
[ReportManager] File Action [GetAbsolutePath] successfully performed. With the following test data [Relative Folder Path: "target/downloadedFiles/"]. @04-11-2021 10:13:14.0521 AM
[ReportManager] Attempting to run remotely on: [Linux-64], [GoogleChrome], [http://localhost:4444/wd/hub], Headless Execution. @04-11-2021 10:13:14.0521 AM
[ReportManager] Successfully Opened [GoogleChrome]. @04-11-2021 10:13:17.0438 A

################################################################################################################################################
Starting Execution:	[75 out of 146] test cases in the current suite
Test Method:		[testPackage01.Test_dynamicLoading.dynamicLoading_elementIsRendered]
################################################################################################################################################
[ReportManager] Target URL: [https://the-internet.herokuapp.com/dynamic_loading/2] @04-11-2021 10:13:17.0440 AM
[ReportManager] Initial URL: [data:,] @04-11-2021 10:13:17.0509 AM
[ReportManager] Browser Action [NavigateToURL] successfully performed. With the following test data [https://the-internet.herokuapp.com/dynamic_loading/2]. @04-11-2021 10:13:18.0018 AM
[ReportManager] Element Action [Click] successfully performed. With the following test data [Start]. @04-11-2021 10:13:18.0622 AM
[ReportManager] Element Action [GetText] successfully performed. With the following test data [Hello World!]. @04-11-2021 10:13:23.0831 AM
[ReportManager] Loaded Shared OpenCV @04-11-2021 10:13:24.0157 AM
[ReportManager] Assertion [ValidateElementAttribute] PASSED. Expected [Value Should be 'Hello World!' for the 'text' attribute, element locator 'By.id: finish'] and Actual [Hello World!]. Comparison Type [CONTAINS]. Validation Type [POSITIVE]. @04-11-2021 10:13:24.0379 AM
[ReportManager] Successfully created attachment [Screenshot - 1636020804156_dynamicLoading_elementIsRendered_ValidateElementAttribute_passed] @04-11-2021 10:13:24.0379 A
[ReportManager] Browser Action [CloseCurrentWindow] successfully performed. @04-11-2021 10:13:24.0526 AM
[ReportManager] Successfully created attachment [Browser Action Test Data - CloseCurrentWindow - Actual Value] @04-11-2021 10:13:24.0526 A

################################################################################################################################################
Starting Execution:	[76 out of 146] test cases in the current suite
Test Method:		[testPackage01.Test_JsonCompareWithSpecialCharacters.specialCharacters]
################################################################################################################################################
[ReportManager] File Action [GetAbsolutePath] successfully performed. With the following test data [Relative Folder Path: "src/test/resources/testDataFiles/specialCharacters.json"]. @04-11-2021 10:13:24.0533 AM
[ReportManager] File Action [ReadFromFile] successfully performed. With the following test data [File Path: "/home/runner/work/SHAFT_ENGINE/SHAFT_ENGINE/src/test/resources/testDataFiles/specialCharacters.json"]. @04-11-2021 10:13:24.0540 AM
[ReportManager] Comparing the provided API response with the file at this path "src/test/resources/testDataFiles/specialCharacters.json", comparison type "EQUALS" @04-11-2021 10:13:24.0541 AM
[ReportManager] An Exception Occured @04-11-2021 10:13:24.0547 AM
[ReportManager] Successfully created attachment [Exception Stack Trace - org.json.simple.parser.ParseException] @04-11-2021 10:13:24.0547 AM
[ReportManager] API Action [CompareJSON] failed. With the following test data [Couldn't parse the desired file. [src/test/resources/testDataFiles/specialCharacters.json].]. @04-11-2021 10:13:24.0548 A

################################################################################################################################################
Starting Execution:	[77 out of 146] test cases in the current suite
Test Method:		[testPackage01.Test_JsonCompareWithSpecialCharacters.specialCharacters_assertion]
################################################################################################################################################
[ReportManager] File Action [GetAbsolutePath] successfully performed. With the following test data [Relative Folder Path: "src/test/resources/testDataFiles/specialCharacters.json"]. @04-11-2021 10:13:24.0556 AM
[ReportManager] File Action [ReadFromFile] successfully performed. With the following test data [File Path: "/home/runner/work/SHAFT_ENGINE/SHAFT_ENGINE/src/test/resources/testDataFiles/specialCharacters.json"]. @04-11-2021 10:13:24.0556 AM
[ReportManager] Comparing the provided API response with the file at this path "src/test/resources/testDataFiles/specialCharacters.json", comparison type "CONTAINS" @04-11-2021 10:13:24.0557 AM
[ReportManager] An Exception Occured @04-11-2021 10:13:24.0557 AM
[ReportManager] Successfully created attachment [Exception Stack Trace - org.json.simple.parser.ParseException] @04-11-2021 10:13:24.0558 AM
[ReportManager] API Action [CompareJSON] failed. With the following test data [Couldn't parse the desired file. [src/test/resources/testDataFiles/specialCharacters.json].]. @04-11-2021 10:13:24.0565 A
[ReportManager] File Action [GetAbsolutePath] successfully performed. With the following test data [Relative Folder Path: "target/downloadedFiles/"]. @04-11-2021 10:13:24.0572 AM
[ReportManager] Attempting to run remotely on: [Linux-64], [GoogleChrome], [http://localhost:4444/wd/hub], Headless Execution. @04-11-2021 10:13:24.0573 AM
[ReportManager] Successfully Opened [GoogleChrome]. @04-11-2021 10:13:27.0428 A

################################################################################################################################################
Starting Execution:	[78 out of 146] test cases in the current suite
Test Method:		[testPackage01.Test_ShadowDOM.shadowdom]
################################################################################################################################################
[ReportManager] Target URL: [https://mdn.github.io/web-components-examples/popup-info-box-web-component/] @04-11-2021 10:13:27.0431 AM
[ReportManager] Initial URL: [data:,] @04-11-2021 10:13:27.0523 AM
[ReportManager] Browser Action [NavigateToURL] successfully performed. With the following test data [https://mdn.github.io/web-components-examples/popup-info-box-web-component/]. @04-11-2021 10:13:27.0987 AM
[ReportManager] Element Action [Type] successfully performed. With the following test data [Typing into SHADOW DOM...]. @04-11-2021 10:13:28.0458 AM
[ReportManager] Element Action [GetText] successfully performed. With the following test data [Typing into SHADOW DOM...]. @04-11-2021 10:13:28.0740 AM
[ReportManager] Loaded Shared OpenCV @04-11-2021 10:13:29.0175 AM
[ReportManager] Assertion [ValidateElementAttribute] PASSED. Expected [Value Should be 'Typing into SHADOW DOM...' for the 'Text' attribute, element locator 'By.id: cvc'] and Actual [Typing into SHADOW DOM...]. Comparison Type [EQUALS]. Validation Type [POSITIVE]. @04-11-2021 10:13:29.0578 AM
[ReportManager] Successfully created attachment [Screenshot - 1636020809175_shadowdom_ValidateElementAttribute_passed] @04-11-2021 10:13:29.0578 A
[ReportManager] Browser Action [CloseCurrentWindow] successfully performed. @04-11-2021 10:13:29.0704 AM
[ReportManager] Successfully created attachment [Browser Action Test Data - CloseCurrentWindow - Actual Value] @04-11-2021 10:13:29.0704 A
[ReportManager] File Action [GetAbsolutePath] successfully performed. With the following test data [Relative Folder Path: "target/downloadedFiles/"]. @04-11-2021 10:13:29.0706 AM
[ReportManager] Attempting to run remotely on: [Linux-64], [GoogleChrome], [http://localhost:4444/wd/hub], Headless Execution. @04-11-2021 10:13:29.0706 AM
[ReportManager] Successfully Opened [GoogleChrome]. @04-11-2021 10:13:32.0431 AM
[ReportManager] Target URL: [https://duckduckgo.com] @04-11-2021 10:13:32.0432 AM
[ReportManager] Initial URL: [data:,] @04-11-2021 10:13:32.0504 AM
[ReportManager] Browser Action [NavigateToURL] successfully performed. With the following test data [https://duckduckgo.com]. @04-11-2021 10:13:33.0167 A

################################################################################################################################################
Starting Execution:	[79 out of 146] test cases in the current suite
Test Method:		[unitTests.tests_browserActions.fullScreenWindow]
################################################################################################################################################
[ReportManager] Initial Windows Size: 1920x1080 @04-11-2021 10:13:33.0186 AM
[ReportManager] Initial window size: (1920, 1080) @04-11-2021 10:13:33.0215 AM
[ReportManager] Window size after Toolkit: (1920, 1080) @04-11-2021 10:13:33.0454 AM
[ReportManager] Browser Action [MaximizeWindow] successfully performed. With the following test data [New screen size is now: (1920, 1080)]. @04-11-2021 10:13:33.0460 AM
[ReportManager] Current Windows Size after fullScreen: 1920x1080 @04-11-2021 10:13:33.0495 AM
[ReportManager] Browser Action [FullScreenWindow] successfully performed. @04-11-2021 10:13:33.0537 AM
[ReportManager] Successfully created attachment [Browser Action Test Data - FullScreenWindow - Actual Value] @04-11-2021 10:13:33.0538 A
[ReportManager] Target URL: [https://duckduckgo.com] @04-11-2021 10:13:33.0540 AM
[ReportManager] Initial URL: [https://duckduckgo.com] @04-11-2021 10:13:33.0625 AM
[ReportManager] Browser Action [NavigateToURL] successfully performed. With the following test data [https://duckduckgo.com]. @04-11-2021 10:13:34.0028 AM
[ReportManager] Browser Action [CloseCurrentWindow] successfully performed. @04-11-2021 10:13:34.0158 AM
[ReportManager] Successfully created attachment [Browser Action Test Data - CloseCurrentWindow - Actual Value] @04-11-2021 10:13:34.0159 A
[ReportManager] File Action [GetAbsolutePath] successfully performed. With the following test data [Relative Folder Path: "target/downloadedFiles/"]. @04-11-2021 10:13:34.0161 AM
[ReportManager] Attempting to run remotely on: [Linux-64], [GoogleChrome], [http://localhost:4444/wd/hub], Headless Execution. @04-11-2021 10:13:34.0162 AM
[ReportManager] Successfully Opened [GoogleChrome]. @04-11-2021 10:13:37.0418 AM
[ReportManager] Target URL: [https://duckduckgo.com] @04-11-2021 10:13:37.0419 AM
[ReportManager] Initial URL: [data:,] @04-11-2021 10:13:37.0487 AM
[ReportManager] Browser Action [NavigateToURL] successfully performed. With the following test data [https://duckduckgo.com]. @04-11-2021 10:13:38.0071 A

################################################################################################################################################
Starting Execution:	[80 out of 146] test cases in the current suite
Test Method:		[unitTests.tests_browserActions.getCurrentURL]
################################################################################################################################################
[ReportManager] Browser Action [GetCurrentURL] successfully performed. With the following test data [https://duckduckgo.com/]. @04-11-2021 10:13:38.0125 A
[ReportManager] Target URL: [https://duckduckgo.com] @04-11-2021 10:13:38.0128 AM
[ReportManager] Initial URL: [https://duckduckgo.com] @04-11-2021 10:13:38.0233 AM
[ReportManager] Browser Action [NavigateToURL] successfully performed. With the following test data [https://duckduckgo.com]. @04-11-2021 10:13:38.0641 AM
[ReportManager] Browser Action [CloseCurrentWindow] successfully performed. @04-11-2021 10:13:38.0787 AM
[ReportManager] Successfully created attachment [Browser Action Test Data - CloseCurrentWindow - Actual Value] @04-11-2021 10:13:38.0787 A
[ReportManager] File Action [GetAbsolutePath] successfully performed. With the following test data [Relative Folder Path: "target/downloadedFiles/"]. @04-11-2021 10:13:38.0789 AM
[ReportManager] Attempting to run remotely on: [Linux-64], [GoogleChrome], [http://localhost:4444/wd/hub], Headless Execution. @04-11-2021 10:13:38.0790 AM
[ReportManager] Successfully Opened [GoogleChrome]. @04-11-2021 10:13:42.0426 AM
[ReportManager] Target URL: [https://duckduckgo.com] @04-11-2021 10:13:42.0426 AM
[ReportManager] Initial URL: [data:,] @04-11-2021 10:13:42.0479 AM
[ReportManager] Browser Action [NavigateToURL] successfully performed. With the following test data [https://duckduckgo.com]. @04-11-2021 10:13:43.0094 A

################################################################################################################################################
Starting Execution:	[81 out of 146] test cases in the current suite
Test Method:		[unitTests.tests_browserActions.getCurrentWindowTitle]
################################################################################################################################################
[ReportManager] Browser Action [GetCurrentWindowTitle] successfully performed. With the following test data [DuckDuckGo — Privacy, simplified.]. @04-11-2021 10:13:43.0148 A
[ReportManager] Target URL: [https://duckduckgo.com] @04-11-2021 10:13:43.0155 AM
[ReportManager] Initial URL: [https://duckduckgo.com] @04-11-2021 10:13:43.0230 AM
[ReportManager] Browser Action [NavigateToURL] successfully performed. With the following test data [https://duckduckgo.com]. @04-11-2021 10:13:43.0615 AM
[ReportManager] Browser Action [CloseCurrentWindow] successfully performed. @04-11-2021 10:13:43.0765 AM
[ReportManager] Successfully created attachment [Browser Action Test Data - CloseCurrentWindow - Actual Value] @04-11-2021 10:13:43.0767 A
[ReportManager] File Action [GetAbsolutePath] successfully performed. With the following test data [Relative Folder Path: "target/downloadedFiles/"]. @04-11-2021 10:13:43.0769 AM
[ReportManager] Attempting to run remotely on: [Linux-64], [GoogleChrome], [http://localhost:4444/wd/hub], Headless Execution. @04-11-2021 10:13:43.0769 AM
[ReportManager] Successfully Opened [GoogleChrome]. @04-11-2021 10:13:47.0434 AM
[ReportManager] Target URL: [https://duckduckgo.com] @04-11-2021 10:13:47.0434 AM
[ReportManager] Initial URL: [data:,] @04-11-2021 10:13:47.0499 AM
[ReportManager] Browser Action [NavigateToURL] successfully performed. With the following test data [https://duckduckgo.com]. @04-11-2021 10:13:48.0132 A

################################################################################################################################################
Starting Execution:	[82 out of 146] test cases in the current suite
Test Method:		[unitTests.tests_browserActions.getPageSource]
################################################################################################################################################
[ReportManager] Browser Action [GetPageSource] successfully performed. @04-11-2021 10:13:48.0185 AM
[ReportManager] Successfully created attachment [Browser Action Test Data - GetPageSource - Actual Value] @04-11-2021 10:13:48.0185 A
[ReportManager] Target URL: [https://duckduckgo.com] @04-11-2021 10:13:48.0192 AM
[ReportManager] Initial URL: [https://duckduckgo.com] @04-11-2021 10:13:48.0273 AM
[ReportManager] Browser Action [NavigateToURL] successfully performed. With the following test data [https://duckduckgo.com]. @04-11-2021 10:13:48.0680 AM
[ReportManager] Browser Action [CloseCurrentWindow] successfully performed. @04-11-2021 10:13:48.0867 AM
[ReportManager] Successfully created attachment [Browser Action Test Data - CloseCurrentWindow - Actual Value] @04-11-2021 10:13:48.0867 A
[ReportManager] File Action [GetAbsolutePath] successfully performed. With the following test data [Relative Folder Path: "target/downloadedFiles/"]. @04-11-2021 10:13:48.0869 AM
[ReportManager] Attempting to run remotely on: [Linux-64], [GoogleChrome], [http://localhost:4444/wd/hub], Headless Execution. @04-11-2021 10:13:48.0870 AM
[ReportManager] Successfully Opened [GoogleChrome]. @04-11-2021 10:13:52.0428 AM
[ReportManager] Target URL: [https://duckduckgo.com] @04-11-2021 10:13:52.0428 AM
[ReportManager] Initial URL: [data:,] @04-11-2021 10:13:52.0489 AM
[ReportManager] Browser Action [NavigateToURL] successfully performed. With the following test data [https://duckduckgo.com]. @04-11-2021 10:13:53.0131 A

################################################################################################################################################
Starting Execution:	[83 out of 146] test cases in the current suite
Test Method:		[unitTests.tests_browserActions.getWindowHandle]
################################################################################################################################################
[ReportManager] Browser Action [GetWindowHandle] successfully performed. With the following test data [CDwindow-AF3BEDD7F4B749A747CD5600BEF3EF28]. @04-11-2021 10:13:53.0173 A
[ReportManager] Target URL: [https://duckduckgo.com] @04-11-2021 10:13:53.0177 AM
[ReportManager] Initial URL: [https://duckduckgo.com] @04-11-2021 10:13:53.0268 AM
[ReportManager] Browser Action [NavigateToURL] successfully performed. With the following test data [https://duckduckgo.com]. @04-11-2021 10:13:53.0676 AM
[ReportManager] Browser Action [CloseCurrentWindow] successfully performed. @04-11-2021 10:13:53.0818 AM
[ReportManager] Successfully created attachment [Browser Action Test Data - CloseCurrentWindow - Actual Value] @04-11-2021 10:13:53.0819 A
[ReportManager] File Action [GetAbsolutePath] successfully performed. With the following test data [Relative Folder Path: "target/downloadedFiles/"]. @04-11-2021 10:13:53.0821 AM
[ReportManager] Attempting to run remotely on: [Linux-64], [GoogleChrome], [http://localhost:4444/wd/hub], Headless Execution. @04-11-2021 10:13:53.0821 AM
[ReportManager] Successfully Opened [GoogleChrome]. @04-11-2021 10:13:57.0434 AM
[ReportManager] Target URL: [https://duckduckgo.com] @04-11-2021 10:13:57.0434 AM
[ReportManager] Initial URL: [data:,] @04-11-2021 10:13:57.0512 AM
[ReportManager] Browser Action [NavigateToURL] successfully performed. With the following test data [https://duckduckgo.com]. @04-11-2021 10:13:58.0089 A

################################################################################################################################################
Starting Execution:	[84 out of 146] test cases in the current suite
Test Method:		[unitTests.tests_browserActions.getWindowPosition]
################################################################################################################################################
[ReportManager] Browser Action [GetWindowPosition] successfully performed. With the following test data [(0, 0)]. @04-11-2021 10:13:58.0167 A
[ReportManager] Target URL: [https://duckduckgo.com] @04-11-2021 10:13:58.0172 AM
[ReportManager] Initial URL: [https://duckduckgo.com] @04-11-2021 10:13:58.0265 AM
[ReportManager] Browser Action [NavigateToURL] successfully performed. With the following test data [https://duckduckgo.com]. @04-11-2021 10:13:58.0702 AM
[ReportManager] Browser Action [CloseCurrentWindow] successfully performed. @04-11-2021 10:13:58.0842 AM
[ReportManager] Successfully created attachment [Browser Action Test Data - CloseCurrentWindow - Actual Value] @04-11-2021 10:13:58.0843 A
[ReportManager] File Action [GetAbsolutePath] successfully performed. With the following test data [Relative Folder Path: "target/downloadedFiles/"]. @04-11-2021 10:13:58.0845 AM
[ReportManager] Attempting to run remotely on: [Linux-64], [GoogleChrome], [http://localhost:4444/wd/hub], Headless Execution. @04-11-2021 10:13:58.0845 AM
[ReportManager] Successfully Opened [GoogleChrome]. @04-11-2021 10:14:02.0426 AM
[ReportManager] Target URL: [https://duckduckgo.com] @04-11-2021 10:14:02.0426 AM
[ReportManager] Initial URL: [data:,] @04-11-2021 10:14:02.0484 AM
[ReportManager] Browser Action [NavigateToURL] successfully performed. With the following test data [https://duckduckgo.com]. @04-11-2021 10:14:03.0114 A

################################################################################################################################################
Starting Execution:	[85 out of 146] test cases in the current suite
Test Method:		[unitTests.tests_browserActions.getWindowSize]
################################################################################################################################################
[ReportManager] Browser Action [GetWindowSize] successfully performed. With the following test data [(1920, 1080)]. @04-11-2021 10:14:03.0176 A
[ReportManager] Target URL: [https://duckduckgo.com] @04-11-2021 10:14:03.0178 AM
[ReportManager] Initial URL: [https://duckduckgo.com] @04-11-2021 10:14:03.0330 AM
[ReportManager] Browser Action [NavigateToURL] successfully performed. With the following test data [https://duckduckgo.com]. @04-11-2021 10:14:03.0708 AM
[ReportManager] Browser Action [CloseCurrentWindow] successfully performed. @04-11-2021 10:14:03.0878 AM
[ReportManager] Successfully created attachment [Browser Action Test Data - CloseCurrentWindow - Actual Value] @04-11-2021 10:14:03.0879 A
[ReportManager] File Action [GetAbsolutePath] successfully performed. With the following test data [Relative Folder Path: "target/downloadedFiles/"]. @04-11-2021 10:14:03.0887 AM
[ReportManager] Attempting to run remotely on: [Linux-64], [GoogleChrome], [http://localhost:4444/wd/hub], Headless Execution. @04-11-2021 10:14:03.0887 AM
[ReportManager] Successfully Opened [GoogleChrome]. @04-11-2021 10:14:07.0456 AM
[ReportManager] Target URL: [https://duckduckgo.com] @04-11-2021 10:14:07.0456 AM
[ReportManager] Initial URL: [data:,] @04-11-2021 10:14:07.0525 AM
[ReportManager] Browser Action [NavigateToURL] successfully performed. With the following test data [https://duckduckgo.com]. @04-11-2021 10:14:08.0102 A

################################################################################################################################################
Starting Execution:	[86 out of 146] test cases in the current suite
Test Method:		[unitTests.tests_browserActions.maximizeWindow]
################################################################################################################################################
[ReportManager] Initial window size: (1920, 1080) @04-11-2021 10:14:08.0136 AM
[ReportManager] Window size after Toolkit: (1920, 1080) @04-11-2021 10:14:08.0364 AM
[ReportManager] Browser Action [MaximizeWindow] successfully performed. With the following test data [New screen size is now: (1920, 1080)]. @04-11-2021 10:14:08.0372 A
[ReportManager] Target URL: [https://duckduckgo.com] @04-11-2021 10:14:08.0377 AM
[ReportManager] Initial URL: [https://duckduckgo.com] @04-11-2021 10:14:08.0474 AM
[ReportManager] Browser Action [NavigateToURL] successfully performed. With the following test data [https://duckduckgo.com]. @04-11-2021 10:14:08.0918 AM
[ReportManager] Browser Action [CloseCurrentWindow] successfully performed. @04-11-2021 10:14:09.0071 AM
[ReportManager] Successfully created attachment [Browser Action Test Data - CloseCurrentWindow - Actual Value] @04-11-2021 10:14:09.0071 A
[ReportManager] File Action [GetAbsolutePath] successfully performed. With the following test data [Relative Folder Path: "target/downloadedFiles/"]. @04-11-2021 10:14:09.0073 AM
[ReportManager] Attempting to run remotely on: [Linux-64], [GoogleChrome], [http://localhost:4444/wd/hub], Headless Execution. @04-11-2021 10:14:09.0073 AM
[ReportManager] Successfully Opened [GoogleChrome]. @04-11-2021 10:14:12.0429 AM
[ReportManager] Target URL: [https://duckduckgo.com] @04-11-2021 10:14:12.0429 AM
[ReportManager] Initial URL: [data:,] @04-11-2021 10:14:12.0498 AM
[ReportManager] Browser Action [NavigateToURL] successfully performed. With the following test data [https://duckduckgo.com]. @04-11-2021 10:14:13.0140 A

################################################################################################################################################
Starting Execution:	[87 out of 146] test cases in the current suite
Test Method:		[unitTests.tests_browserActions.navigateBack]
################################################################################################################################################
[ReportManager] Target URL: [https://www.google.com/ncr], and after redirection: [https://www.google.com] @04-11-2021 10:14:13.0150 AM
[ReportManager] Initial URL: [https://duckduckgo.com] @04-11-2021 10:14:13.0259 AM
[ReportManager] Browser Action [NavigateToURL] successfully performed. With the following test data [https://www.google.com/ncr]. @04-11-2021 10:14:14.0078 AM
[ReportManager] Browser Action [NavigateBack] successfully performed. With the following test data [https://duckduckgo.com/]. @04-11-2021 10:14:14.0610 AM
[ReportManager] Browser Action [GetCurrentURL] successfully performed. With the following test data [https://duckduckgo.com/]. @04-11-2021 10:14:14.0685 AM
[ReportManager] Assertion Passed: Confirming that navigating back was successful @04-11-2021 10:14:15.0100 AM
[ReportManager] Successfully created attachment [Screenshot - 1636020854894_navigateBack_ValidateBrowserAttribute_passed] @04-11-2021 10:14:15.0101 AM
[ReportManager] Assertion [ValidateBrowserAttribute] PASSED. Expected [Value Should be 'https://duckduckgo.com' for the 'CurrentUrl' attribute] and Actual [https://duckduckgo.com/]. Comparison Type [CONTAINS]. Validation Type [POSITIVE]. @04-11-2021 10:14:15.0101 A
[ReportManager] Target URL: [https://duckduckgo.com] @04-11-2021 10:14:15.0106 AM
[ReportManager] Initial URL: [https://duckduckgo.com] @04-11-2021 10:14:15.0208 AM
[ReportManager] Browser Action [NavigateToURL] successfully performed. With the following test data [https://duckduckgo.com]. @04-11-2021 10:14:15.0686 AM
[ReportManager] Browser Action [CloseCurrentWindow] successfully performed. @04-11-2021 10:14:15.0811 AM
[ReportManager] Successfully created attachment [Browser Action Test Data - CloseCurrentWindow - Actual Value] @04-11-2021 10:14:15.0812 A
[ReportManager] File Action [GetAbsolutePath] successfully performed. With the following test data [Relative Folder Path: "target/downloadedFiles/"]. @04-11-2021 10:14:15.0814 AM
[ReportManager] Attempting to run remotely on: [Linux-64], [GoogleChrome], [http://localhost:4444/wd/hub], Headless Execution. @04-11-2021 10:14:15.0814 AM
[ReportManager] Successfully Opened [GoogleChrome]. @04-11-2021 10:14:17.0425 AM
[ReportManager] Target URL: [https://duckduckgo.com] @04-11-2021 10:14:17.0425 AM
[ReportManager] Initial URL: [data:,] @04-11-2021 10:14:17.0535 AM
[ReportManager] Browser Action [NavigateToURL] successfully performed. With the following test data [https://duckduckgo.com]. @04-11-2021 10:14:18.0145 A

################################################################################################################################################
Starting Execution:	[88 out of 146] test cases in the current suite
Test Method:		[unitTests.tests_browserActions.navigateForward]
################################################################################################################################################
[ReportManager] Target URL: [https://www.google.com/ncr], and after redirection: [https://www.google.com] @04-11-2021 10:14:18.0149 AM
[ReportManager] Initial URL: [https://duckduckgo.com] @04-11-2021 10:14:18.0253 AM
[ReportManager] Browser Action [NavigateToURL] successfully performed. With the following test data [https://www.google.com/ncr]. @04-11-2021 10:14:19.0045 AM
[ReportManager] Browser Action [NavigateBack] successfully performed. With the following test data [https://duckduckgo.com/]. @04-11-2021 10:14:19.0549 AM
[ReportManager] Browser Action [NavigateForward] successfully performed. With the following test data [https://www.google.com/]. @04-11-2021 10:14:20.0075 A
[ReportManager] Target URL: [https://duckduckgo.com] @04-11-2021 10:14:20.0082 AM
[ReportManager] Initial URL: [https://www.google.com] @04-11-2021 10:14:20.0201 AM
[ReportManager] Browser Action [NavigateToURL] successfully performed. With the following test data [https://duckduckgo.com]. @04-11-2021 10:14:20.0772 AM
[ReportManager] Browser Action [CloseCurrentWindow] successfully performed. @04-11-2021 10:14:20.0955 AM
[ReportManager] Successfully created attachment [Browser Action Test Data - CloseCurrentWindow - Actual Value] @04-11-2021 10:14:20.0955 A
[ReportManager] File Action [GetAbsolutePath] successfully performed. With the following test data [Relative Folder Path: "target/downloadedFiles/"]. @04-11-2021 10:14:20.0957 AM
[ReportManager] Attempting to run remotely on: [Linux-64], [GoogleChrome], [http://localhost:4444/wd/hub], Headless Execution. @04-11-2021 10:14:20.0957 AM
[ReportManager] Successfully Opened [GoogleChrome]. @04-11-2021 10:14:22.0430 AM
[ReportManager] Target URL: [https://duckduckgo.com] @04-11-2021 10:14:22.0430 AM
[ReportManager] Initial URL: [data:,] @04-11-2021 10:14:22.0488 AM
[ReportManager] Browser Action [NavigateToURL] successfully performed. With the following test data [https://duckduckgo.com]. @04-11-2021 10:14:23.0080 A

################################################################################################################################################
Starting Execution:	[89 out of 146] test cases in the current suite
Test Method:		[unitTests.tests_browserActions.navigateToURL]
################################################################################################################################################
[ReportManager] Target URL: [https://duckduckgo.com] @04-11-2021 10:14:23.0083 AM
[ReportManager] Initial URL: [https://duckduckgo.com] @04-11-2021 10:14:23.0153 AM
[ReportManager] Browser Action [NavigateToURL] successfully performed. With the following test data [https://duckduckgo.com]. @04-11-2021 10:14:23.0541 A
[ReportManager] Target URL: [https://duckduckgo.com] @04-11-2021 10:14:23.0543 AM
[ReportManager] Initial URL: [https://duckduckgo.com] @04-11-2021 10:14:23.0610 AM
[ReportManager] Browser Action [NavigateToURL] successfully performed. With the following test data [https://duckduckgo.com]. @04-11-2021 10:14:24.0264 AM
[ReportManager] Browser Action [CloseCurrentWindow] successfully performed. @04-11-2021 10:14:24.0396 AM
[ReportManager] Successfully created attachment [Browser Action Test Data - CloseCurrentWindow - Actual Value] @04-11-2021 10:14:24.0397 A
[ReportManager] File Action [GetAbsolutePath] successfully performed. With the following test data [Relative Folder Path: "target/downloadedFiles/"]. @04-11-2021 10:14:24.0399 AM
[ReportManager] Attempting to run remotely on: [Linux-64], [GoogleChrome], [http://localhost:4444/wd/hub], Headless Execution. @04-11-2021 10:14:24.0399 AM
[ReportManager] Successfully Opened [GoogleChrome]. @04-11-2021 10:14:27.0428 AM
[ReportManager] Target URL: [https://duckduckgo.com] @04-11-2021 10:14:27.0428 AM
[ReportManager] Initial URL: [data:,] @04-11-2021 10:14:27.0508 AM
[ReportManager] Browser Action [NavigateToURL] successfully performed. With the following test data [https://duckduckgo.com]. @04-11-2021 10:14:28.0187 A

################################################################################################################################################
Starting Execution:	[90 out of 146] test cases in the current suite
Test Method:		[unitTests.tests_browserActions.navigateToURLWithRedirection]
################################################################################################################################################
[ReportManager] Target URL: [https://www.google.com/ncr], and after redirection: [https://www.google.com] @04-11-2021 10:14:28.0204 AM
[ReportManager] Initial URL: [https://duckduckgo.com] @04-11-2021 10:14:28.0308 AM
[ReportManager] Browser Action [NavigateToURL] successfully performed. With the following test data [https://www.google.com/ncr]. @04-11-2021 10:14:29.0195 A
[ReportManager] Target URL: [https://duckduckgo.com] @04-11-2021 10:14:29.0198 AM
[ReportManager] Initial URL: [https://www.google.com] @04-11-2021 10:14:29.0276 AM
[ReportManager] Browser Action [NavigateToURL] successfully performed. With the following test data [https://duckduckgo.com]. @04-11-2021 10:14:29.0928 AM
[ReportManager] Browser Action [CloseCurrentWindow] successfully performed. @04-11-2021 10:14:30.0066 AM
[ReportManager] Successfully created attachment [Browser Action Test Data - CloseCurrentWindow - Actual Value] @04-11-2021 10:14:30.0066 A
[ReportManager] File Action [GetAbsolutePath] successfully performed. With the following test data [Relative Folder Path: "target/downloadedFiles/"]. @04-11-2021 10:14:30.0091 AM
[ReportManager] Attempting to run remotely on: [Linux-64], [GoogleChrome], [http://localhost:4444/wd/hub], Headless Execution. @04-11-2021 10:14:30.0091 AM
[ReportManager] Successfully Opened [GoogleChrome]. @04-11-2021 10:14:32.0425 AM
[ReportManager] Target URL: [https://duckduckgo.com] @04-11-2021 10:14:32.0425 AM
[ReportManager] Initial URL: [data:,] @04-11-2021 10:14:32.0486 AM
[ReportManager] Browser Action [NavigateToURL] successfully performed. With the following test data [https://duckduckgo.com]. @04-11-2021 10:14:33.0077 A

################################################################################################################################################
Starting Execution:	[91 out of 146] test cases in the current suite
Test Method:		[unitTests.tests_browserActions.refreshCurrentPage]
################################################################################################################################################
[ReportManager] Browser Action [RefreshCurrentPage] successfully performed. @04-11-2021 10:14:33.0330 AM
[ReportManager] Successfully created attachment [Browser Action Test Data - RefreshCurrentPage - Actual Value] @04-11-2021 10:14:33.0330 A
[ReportManager] Target URL: [https://duckduckgo.com] @04-11-2021 10:14:33.0334 AM
[ReportManager] Initial URL: [https://duckduckgo.com] @04-11-2021 10:14:33.0410 AM
[ReportManager] Browser Action [NavigateToURL] successfully performed. With the following test data [https://duckduckgo.com]. @04-11-2021 10:14:33.0805 AM
[ReportManager] Browser Action [CloseCurrentWindow] successfully performed. @04-11-2021 10:14:33.0916 AM
[ReportManager] Successfully created attachment [Browser Action Test Data - CloseCurrentWindow - Actual Value] @04-11-2021 10:14:33.0916 A
[ReportManager] File Action [GetAbsolutePath] successfully performed. With the following test data [Relative Folder Path: "target/downloadedFiles/"]. @04-11-2021 10:14:33.0919 AM
[ReportManager] Attempting to run remotely on: [Linux-64], [GoogleChrome], [http://localhost:4444/wd/hub], Headless Execution. @04-11-2021 10:14:33.0919 AM
[ReportManager] Successfully Opened [GoogleChrome]. @04-11-2021 10:14:37.0425 AM
[ReportManager] Target URL: [https://duckduckgo.com] @04-11-2021 10:14:37.0425 AM
[ReportManager] Initial URL: [data:,] @04-11-2021 10:14:37.0488 AM
[ReportManager] Browser Action [NavigateToURL] successfully performed. With the following test data [https://duckduckgo.com]. @04-11-2021 10:14:38.0085 A

################################################################################################################################################
Starting Execution:	[92 out of 146] test cases in the current suite
Test Method:		[unitTests.tests_browserActions.setWindowSize]
################################################################################################################################################
[ReportManager] Initial window size: (1920, 1080) @04-11-2021 10:14:38.0100 AM
[ReportManager] Window size after SWD: (1280, 720) @04-11-2021 10:14:38.0330 AM
[ReportManager] Browser Action [SetWindowSize] successfully performed. With the following test data [New screen size is now: (1280, 720)]. @04-11-2021 10:14:38.0331 A
[ReportManager] Target URL: [https://duckduckgo.com] @04-11-2021 10:14:38.0333 AM
[ReportManager] Initial URL: [https://duckduckgo.com] @04-11-2021 10:14:38.0428 AM
[ReportManager] Browser Action [NavigateToURL] successfully performed. With the following test data [https://duckduckgo.com]. @04-11-2021 10:14:38.0796 AM
[ReportManager] Browser Action [CloseCurrentWindow] successfully performed. @04-11-2021 10:14:38.0966 AM
[ReportManager] Successfully created attachment [Browser Action Test Data - CloseCurrentWindow - Actual Value] @04-11-2021 10:14:38.0966 A

################################################################################################################################################
Starting Execution:	[93 out of 146] test cases in the current suite
Test Method:		[unitTests.tests_restActions.getPostsAndAssertBodyForSpecificTitle]
################################################################################################################################################
[ReportManager] Response status code: [200], status line: [HTTP/1.1 200 OK] @04-11-2021 10:14:39.0068 AM
[ReportManager] Assertion Passed: Evaluating the actual response status code against the expected one... @04-11-2021 10:14:39.0068 AM
[ReportManager] Assertion [ValidateComparativeRelation] PASSED. Expected [200] and Actual [200]. Comparison Type [EQUALS]. Validation Type [POSITIVE]. @04-11-2021 10:14:39.0068 AM
[ReportManager] API Action [PerformRequest] successfully performed. With the following test data [Request Type: "GET" | Target Status Code: "200" | Service URL: "https://jsonplaceholder.typicode.com/posts" | Content Type: "*/*" | Response Time: "89ms"]. @04-11-2021 10:14:39.0120 AM
[ReportManager] Successfully created attachment [API Request - Specifications] @04-11-2021 10:14:39.0121 AM
[ReportManager] Successfully created attachment [API Response - JSON Body] @04-11-2021 10:14:39.0121 AM
[ReportManager] API Action [GetResponseJSONValueAsList] successfully performed. @04-11-2021 10:14:39.0136 AM
[ReportManager] API Action [GetResponseJSONValue] successfully performed. With the following test data [title]. @04-11-2021 10:14:39.0148 AM
[ReportManager] API Action [GetResponseJSONValue] successfully performed. With the following test data [title]. @04-11-2021 10:14:39.0158 AM
[ReportManager] API Action [GetResponseJSONValue] successfully performed. With the following test data [body]. @04-11-2021 10:14:39.0177 AM
[ReportManager] Assertion [ValidateEquals] PASSED. Expected [qui neque nisi nulla] and Actual [est rerum tempore vitae
sequi sint nihil reprehenderit dolor beatae ea dolores neque
fugiat blanditiis voluptate porro vel nihil molestiae ut reiciendis
qui aperiam non debitis possimus qui neque nisi nulla]. Comparison Type [CONTAINS]. Validation Type [POSITIVE]. @04-11-2021 10:14:39.0177 AM
[ReportManager] API Action [GetResponseJSONValue] successfully performed. With the following test data [title]. @04-11-2021 10:14:39.0190 AM
[ReportManager] API Action [GetResponseJSONValue] successfully performed. With the following test data [title]. @04-11-2021 10:14:39.0211 AM
[ReportManager] API Action [GetResponseJSONValue] successfully performed. With the following test data [title]. @04-11-2021 10:14:39.0226 AM
[ReportManager] API Action [GetResponseJSONValue] successfully performed. With the following test data [title]. @04-11-2021 10:14:39.0245 AM
[ReportManager] API Action [GetResponseJSONValue] successfully performed. With the following test data [title]. @04-11-2021 10:14:39.0263 AM
[ReportManager] API Action [GetResponseJSONValue] successfully performed. With the following test data [title]. @04-11-2021 10:14:39.0279 AM
[ReportManager] API Action [GetResponseJSONValue] successfully performed. With the following test data [title]. @04-11-2021 10:14:39.0295 AM
[ReportManager] API Action [GetResponseJSONValue] successfully performed. With the following test data [title]. @04-11-2021 10:14:39.0306 AM
[ReportManager] API Action [GetResponseJSONValue] successfully performed. With the following test data [title]. @04-11-2021 10:14:39.0319 AM
[ReportManager] API Action [GetResponseJSONValue] successfully performed. With the following test data [title]. @04-11-2021 10:14:39.0336 AM
[ReportManager] API Action [GetResponseJSONValue] successfully performed. With the following test data [title]. @04-11-2021 10:14:39.0349 AM
[ReportManager] API Action [GetResponseJSONValue] successfully performed. With the following test data [title]. @04-11-2021 10:14:39.0359 AM
[ReportManager] API Action [GetResponseJSONValue] successfully performed. With the following test data [title]. @04-11-2021 10:14:39.0370 AM
[ReportManager] API Action [GetResponseJSONValue] successfully performed. With the following test data [title]. @04-11-2021 10:14:39.0380 AM
[ReportManager] API Action [GetResponseJSONValue] successfully performed. With the following test data [title]. @04-11-2021 10:14:39.0390 AM
[ReportManager] API Action [GetResponseJSONValue] successfully performed. With the following test data [title]. @04-11-2021 10:14:39.0401 AM
[ReportManager] API Action [GetResponseJSONValue] successfully performed. With the following test data [title]. @04-11-2021 10:14:39.0417 AM
[ReportManager] API Action [GetResponseJSONValue] successfully performed. With the following test data [title]. @04-11-2021 10:14:39.0432 AM
[ReportManager] API Action [GetResponseJSONValue] successfully performed. With the following test data [title]. @04-11-2021 10:14:39.0445 AM
[ReportManager] API Action [GetResponseJSONValue] successfully performed. With the following test data [title]. @04-11-2021 10:14:39.0457 AM
[ReportManager] API Action [GetResponseJSONValue] successfully performed. With the following test data [title]. @04-11-2021 10:14:39.0478 AM
[ReportManager] API Action [GetResponseJSONValue] successfully performed. With the following test data [title]. @04-11-2021 10:14:39.0492 AM
[ReportManager] API Action [GetResponseJSONValue] successfully performed. With the following test data [title]. @04-11-2021 10:14:39.0504 AM
[ReportManager] API Action [GetResponseJSONValue] successfully performed. With the following test data [title]. @04-11-2021 10:14:39.0516 AM
[ReportManager] API Action [GetResponseJSONValue] successfully performed. With the following test data [title]. @04-11-2021 10:14:39.0532 AM
[ReportManager] API Action [GetResponseJSONValue] successfully performed. With the following test data [title]. @04-11-2021 10:14:39.0546 AM
[ReportManager] API Action [GetResponseJSONValue] successfully performed. With the following test data [title]. @04-11-2021 10:14:39.0555 AM
[ReportManager] API Action [GetResponseJSONValue] successfully performed. With the following test data [title]. @04-11-2021 10:14:39.0568 AM
[ReportManager] API Action [GetResponseJSONValue] successfully performed. With the following test data [title]. @04-11-2021 10:14:39.0578 AM
[ReportManager] API Action [GetResponseJSONValue] successfully performed. With the following test data [title]. @04-11-2021 10:14:39.0594 AM
[ReportManager] API Action [GetResponseJSONValue] successfully performed. With the following test data [title]. @04-11-2021 10:14:39.0604 AM
[ReportManager] API Action [GetResponseJSONValue] successfully performed. With the following test data [title]. @04-11-2021 10:14:39.0613 AM
[ReportManager] API Action [GetResponseJSONValue] successfully performed. With the following test data [title]. @04-11-2021 10:14:39.0625 AM
[ReportManager] API Action [GetResponseJSONValue] successfully performed. With the following test data [title]. @04-11-2021 10:14:39.0635 AM
[ReportManager] API Action [GetResponseJSONValue] successfully performed. With the following test data [title]. @04-11-2021 10:14:39.0645 AM
[ReportManager] API Action [GetResponseJSONValue] successfully performed. With the following test data [title]. @04-11-2021 10:14:39.0655 AM
[ReportManager] API Action [GetResponseJSONValue] successfully performed. With the following test data [title]. @04-11-2021 10:14:39.0664 AM
[ReportManager] API Action [GetResponseJSONValue] successfully performed. With the following test data [title]. @04-11-2021 10:14:39.0673 AM
[ReportManager] API Action [GetResponseJSONValue] successfully performed. With the following test data [title]. @04-11-2021 10:14:39.0682 AM
[ReportManager] API Action [GetResponseJSONValue] successfully performed. With the following test data [title]. @04-11-2021 10:14:39.0692 AM
[ReportManager] API Action [GetResponseJSONValue] successfully performed. With the following test data [title]. @04-11-2021 10:14:39.0701 AM
[ReportManager] API Action [GetResponseJSONValue] successfully performed. With the following test data [title]. @04-11-2021 10:14:39.0734 AM
[ReportManager] API Action [GetResponseJSONValue] successfully performed. With the following test data [title]. @04-11-2021 10:14:39.0744 AM
[ReportManager] API Action [GetResponseJSONValue] successfully performed. With the following test data [title]. @04-11-2021 10:14:39.0753 AM
[ReportManager] API Action [GetResponseJSONValue] successfully performed. With the following test data [title]. @04-11-2021 10:14:39.0761 AM
[ReportManager] API Action [GetResponseJSONValue] successfully performed. With the following test data [title]. @04-11-2021 10:14:39.0771 AM
[ReportManager] API Action [GetResponseJSONValue] successfully performed. With the following test data [title]. @04-11-2021 10:14:39.0781 AM
[ReportManager] API Action [GetResponseJSONValue] successfully performed. With the following test data [title]. @04-11-2021 10:14:39.0790 AM
[ReportManager] API Action [GetResponseJSONValue] successfully performed. With the following test data [title]. @04-11-2021 10:14:39.0800 AM
[ReportManager] API Action [GetResponseJSONValue] successfully performed. With the following test data [title]. @04-11-2021 10:14:39.0809 AM
[ReportManager] API Action [GetResponseJSONValue] successfully performed. With the following test data [title]. @04-11-2021 10:14:39.0818 AM
[ReportManager] API Action [GetResponseJSONValue] successfully performed. With the following test data [title]. @04-11-2021 10:14:39.0828 AM
[ReportManager] API Action [GetResponseJSONValue] successfully performed. With the following test data [title]. @04-11-2021 10:14:39.0838 AM
[ReportManager] API Action [GetResponseJSONValue] successfully performed. With the following test data [title]. @04-11-2021 10:14:39.0848 AM
[ReportManager] API Action [GetResponseJSONValue] successfully performed. With the following test data [title]. @04-11-2021 10:14:39.0859 AM
[ReportManager] API Action [GetResponseJSONValue] successfully performed. With the following test data [title]. @04-11-2021 10:14:39.0869 AM
[ReportManager] API Action [GetResponseJSONValue] successfully performed. With the following test data [title]. @04-11-2021 10:14:39.0879 AM
[ReportManager] API Action [GetResponseJSONValue] successfully performed. With the following test data [title]. @04-11-2021 10:14:39.0906 AM
[ReportManager] API Action [GetResponseJSONValue] successfully performed. With the following test data [title]. @04-11-2021 10:14:39.0916 AM
[ReportManager] API Action [GetResponseJSONValue] successfully performed. With the following test data [title]. @04-11-2021 10:14:39.0928 AM
[ReportManager] API Action [GetResponseJSONValue] successfully performed. With the following test data [title]. @04-11-2021 10:14:39.0940 AM
[ReportManager] API Action [GetResponseJSONValue] successfully performed. With the following test data [title]. @04-11-2021 10:14:39.0951 AM
[ReportManager] API Action [GetResponseJSONValue] successfully performed. With the following test data [title]. @04-11-2021 10:14:39.0973 AM
[ReportManager] API Action [GetResponseJSONValue] successfully performed. With the following test data [title]. @04-11-2021 10:14:39.0997 AM
[ReportManager] API Action [GetResponseJSONValue] successfully performed. With the following test data [title]. @04-11-2021 10:14:40.0015 AM
[ReportManager] API Action [GetResponseJSONValue] successfully performed. With the following test data [title]. @04-11-2021 10:14:40.0026 AM
[ReportManager] API Action [GetResponseJSONValue] successfully performed. With the following test data [title]. @04-11-2021 10:14:40.0036 AM
[ReportManager] API Action [GetResponseJSONValue] successfully performed. With the following test data [title]. @04-11-2021 10:14:40.0045 AM
[ReportManager] API Action [GetResponseJSONValue] successfully performed. With the following test data [title]. @04-11-2021 10:14:40.0056 AM
[ReportManager] API Action [GetResponseJSONValue] successfully performed. With the following test data [title]. @04-11-2021 10:14:40.0066 AM
[ReportManager] API Action [GetResponseJSONValue] successfully performed. With the following test data [title]. @04-11-2021 10:14:40.0076 AM
[ReportManager] API Action [GetResponseJSONValue] successfully performed. With the following test data [title]. @04-11-2021 10:14:40.0085 AM
[ReportManager] API Action [GetResponseJSONValue] successfully performed. With the following test data [title]. @04-11-2021 10:14:40.0094 AM
[ReportManager] API Action [GetResponseJSONValue] successfully performed. With the following test data [title]. @04-11-2021 10:14:40.0141 AM
[ReportManager] API Action [GetResponseJSONValue] successfully performed. With the following test data [title]. @04-11-2021 10:14:40.0157 AM
[ReportManager] API Action [GetResponseJSONValue] successfully performed. With the following test data [title]. @04-11-2021 10:14:40.0187 AM
[ReportManager] API Action [GetResponseJSONValue] successfully performed. With the following test data [title]. @04-11-2021 10:14:40.0211 AM
[ReportManager] API Action [GetResponseJSONValue] successfully performed. With the following test data [title]. @04-11-2021 10:14:40.0225 AM
[ReportManager] API Action [GetResponseJSONValue] successfully performed. With the following test data [title]. @04-11-2021 10:14:40.0264 AM
[ReportManager] API Action [GetResponseJSONValue] successfully performed. With the following test data [title]. @04-11-2021 10:14:40.0275 AM
[ReportManager] API Action [GetResponseJSONValue] successfully performed. With the following test data [title]. @04-11-2021 10:14:40.0295 AM
[ReportManager] API Action [GetResponseJSONValue] successfully performed. With the following test data [title]. @04-11-2021 10:14:40.0307 AM
[ReportManager] API Action [GetResponseJSONValue] successfully performed. With the following test data [title]. @04-11-2021 10:14:40.0329 AM
[ReportManager] API Action [GetResponseJSONValue] successfully performed. With the following test data [title]. @04-11-2021 10:14:40.0349 AM
[ReportManager] API Action [GetResponseJSONValue] successfully performed. With the following test data [title]. @04-11-2021 10:14:40.0374 AM
[ReportManager] API Action [GetResponseJSONValue] successfully performed. With the following test data [title]. @04-11-2021 10:14:40.0397 AM
[ReportManager] API Action [GetResponseJSONValue] successfully performed. With the following test data [title]. @04-11-2021 10:14:40.0429 AM
[ReportManager] API Action [GetResponseJSONValue] successfully performed. With the following test data [title]. @04-11-2021 10:14:40.0452 AM
[ReportManager] API Action [GetResponseJSONValue] successfully performed. With the following test data [title]. @04-11-2021 10:14:40.0463 AM
[ReportManager] API Action [GetResponseJSONValue] successfully performed. With the following test data [title]. @04-11-2021 10:14:40.0480 AM
[ReportManager] API Action [GetResponseJSONValue] successfully performed. With the following test data [title]. @04-11-2021 10:14:40.0493 AM
[ReportManager] API Action [GetResponseJSONValue] successfully performed. With the following test data [title]. @04-11-2021 10:14:40.0517 AM
[ReportManager] API Action [GetResponseJSONValue] successfully performed. With the following test data [title]. @04-11-2021 10:14:40.0535 AM
[ReportManager] API Action [GetResponseJSONValue] successfully performed. With the following test data [title]. @04-11-2021 10:14:40.0562 AM
[ReportManager] API Action [GetResponseJSONValue] successfully performed. With the following test data [title]. @04-11-2021 10:14:40.0584 AM
[ReportManager] API Action [GetResponseJSONValue] successfully performed. With the following test data [title]. @04-11-2021 10:14:40.0599 AM
[ReportManager] API Action [GetResponseJSONValue] successfully performed. With the following test data [title]. @04-11-2021 10:14:40.0622 AM
[ReportManager] API Action [GetResponseJSONValue] successfully performed. With the following test data [title]. @04-11-2021 10:14:40.0657 A

################################################################################################################################################
Starting Execution:	[94 out of 146] test cases in the current suite
Test Method:		[unitTests.tests_restActions.validateUserEmail]
################################################################################################################################################
[ReportManager] Response status code: [200], status line: [HTTP/1.1 200 OK] @04-11-2021 10:14:40.0754 AM
[ReportManager] Assertion Passed: Evaluating the actual response status code against the expected one... @04-11-2021 10:14:40.0755 AM
[ReportManager] Assertion [ValidateComparativeRelation] PASSED. Expected [200] and Actual [200]. Comparison Type [EQUALS]. Validation Type [POSITIVE]. @04-11-2021 10:14:40.0755 AM
[ReportManager] API Action [PerformRequest] successfully performed. With the following test data [Request Type: "GET" | Target Status Code: "200" | Service URL: "https://jsonplaceholder.typicode.com/users" | Content Type: "*/*" | Response Time: "61ms"]. @04-11-2021 10:14:40.0773 AM
[ReportManager] Successfully created attachment [API Request - Specifications] @04-11-2021 10:14:40.0774 AM
[ReportManager] Successfully created attachment [API Response - JSON Body] @04-11-2021 10:14:40.0774 AM
[ReportManager] Assertion [ValidateEquals] PASSED. Expected and Actual values are attached. Comparison Type [CONTAINS]. Validation Type [POSITIVE]. @04-11-2021 10:14:40.0775 AM
[ReportManager] Successfully created attachment [Validation Test Data - Expected Value] @04-11-2021 10:14:40.0775 AM
[ReportManager] Successfully created attachment [Validation Test Data - Actual Value] @04-11-2021 10:14:40.0776 AM
[ReportManager] API Action [GetResponseJSONValueAsList] successfully performed. With the following test data [$]. @04-11-2021 10:14:40.0778 AM
[ReportManager] API Action [GetResponseJSONValue] successfully performed. With the following test data [name]. @04-11-2021 10:14:40.0793 AM
[ReportManager] API Action [GetResponseJSONValue] successfully performed. With the following test data [email]. @04-11-2021 10:14:40.0809 AM
[ReportManager] Assertion [ValidateEquals] PASSED. Expected [Sincere@april.biz] and Actual [Sincere@april.biz]. Comparison Type [EQUALS]. Validation Type [POSITIVE]. @04-11-2021 10:14:40.0810 AM
[ReportManager] API Action [GetResponseJSONValue] successfully performed. With the following test data [name]. @04-11-2021 10:14:40.0821 AM
[ReportManager] API Action [GetResponseJSONValue] successfully performed. With the following test data [name]. @04-11-2021 10:14:40.0833 AM
[ReportManager] API Action [GetResponseJSONValue] successfully performed. With the following test data [name]. @04-11-2021 10:14:40.0850 AM
[ReportManager] API Action [GetResponseJSONValue] successfully performed. With the following test data [name]. @04-11-2021 10:14:40.0865 AM
[ReportManager] API Action [GetResponseJSONValue] successfully performed. With the following test data [name]. @04-11-2021 10:14:40.0885 AM
[ReportManager] API Action [GetResponseJSONValue] successfully performed. With the following test data [name]. @04-11-2021 10:14:40.0894 AM
[ReportManager] API Action [GetResponseJSONValue] successfully performed. With the following test data [name]. @04-11-2021 10:14:40.0903 AM
[ReportManager] API Action [GetResponseJSONValue] successfully performed. With the following test data [name]. @04-11-2021 10:14:40.0911 AM
[ReportManager] API Action [GetResponseJSONValue] successfully performed. With the following test data [name]. @04-11-2021 10:14:40.0920 A
[ReportManager] Successfully loaded the following test data file [src/test/resources/TestDataFiles/testSuite01/TestData.xlsx]. @04-11-2021 10:14:40.0968 AM
[ReportManager] Successfully created attachment [Test Data - Excel] @04-11-2021 10:14:40.0968 A

################################################################################################################################################
Starting Execution:	[95 out of 146] test cases in the current suite
Test Method:		[unitTests.tests_io_excelFileManager.getCellData_rowName_expectedToPass]
################################################################################################################################################
[ReportManager] testRowData. @04-11-2021 10:14:40.0973 A

################################################################################################################################################
Starting Execution:	[96 out of 146] test cases in the current suite
Test Method:		[unitTests.tests_validations_assertions.assertComparativeRelation_greaterThanOrEquals_false_equals_expectedToFail]
################################################################################################################################################
[ReportManager] Assertion [ValidateComparativeRelation] FAILED. Expected [1] and Actual [1]. Comparison Type [GREATER_THAN_OR_EQUALS]. Validation Type [NEGATIVE]. @04-11-2021 10:14:40.0977 A

################################################################################################################################################
Starting Execution:	[97 out of 146] test cases in the current suite
Test Method:		[unitTests.tests_validations_assertions.assertComparativeRelation_greaterThanOrEquals_false_equals_expectedToPass]
################################################################################################################################################
[ReportManager] Assertion [ValidateComparativeRelation] PASSED. Expected [2] and Actual [1]. Comparison Type [GREATER_THAN_OR_EQUALS]. Validation Type [NEGATIVE]. @04-11-2021 10:14:40.0985 A

################################################################################################################################################
Starting Execution:	[98 out of 146] test cases in the current suite
Test Method:		[unitTests.tests_validations_assertions.assertComparativeRelation_greaterThanOrEquals_false_greaterThan_expectedToFail]
################################################################################################################################################
[ReportManager] Assertion [ValidateComparativeRelation] FAILED. Expected [1] and Actual [2]. Comparison Type [GREATER_THAN_OR_EQUALS]. Validation Type [NEGATIVE]. @04-11-2021 10:14:40.0987 A

################################################################################################################################################
Starting Execution:	[99 out of 146] test cases in the current suite
Test Method:		[unitTests.tests_validations_assertions.assertComparativeRelation_greaterThanOrEquals_false_greaterThan_expectedToPass]
################################################################################################################################################
[ReportManager] Assertion [ValidateComparativeRelation] PASSED. Expected [2] and Actual [1]. Comparison Type [GREATER_THAN_OR_EQUALS]. Validation Type [NEGATIVE]. @04-11-2021 10:14:40.0992 A

################################################################################################################################################
Starting Execution:	[100 out of 146] test cases in the current suite
Test Method:		[unitTests.tests_validations_assertions.assertComparativeRelation_greaterThanOrEquals_true_equals_expectedToFail]
################################################################################################################################################
[ReportManager] Assertion [ValidateComparativeRelation] FAILED. Expected [1] and Actual [0]. Comparison Type [GREATER_THAN_OR_EQUALS]. Validation Type [POSITIVE]. @04-11-2021 10:14:40.0995 A

################################################################################################################################################
Starting Execution:	[101 out of 146] test cases in the current suite
Test Method:		[unitTests.tests_validations_assertions.assertComparativeRelation_greaterThanOrEquals_true_equals_expectedToPass]
################################################################################################################################################
[ReportManager] Assertion [ValidateComparativeRelation] PASSED. Expected [1] and Actual [1]. Comparison Type [GREATER_THAN_OR_EQUALS]. Validation Type [POSITIVE]. @04-11-2021 10:14:40.0998 A

################################################################################################################################################
Starting Execution:	[102 out of 146] test cases in the current suite
Test Method:		[unitTests.tests_validations_assertions.assertComparativeRelation_greaterThanOrEquals_true_greaterThan_expectedToFail]
################################################################################################################################################
[ReportManager] Assertion [ValidateComparativeRelation] FAILED. Expected [2] and Actual [1]. Comparison Type [GREATER_THAN_OR_EQUALS]. Validation Type [POSITIVE]. @04-11-2021 10:14:41.0007 A

################################################################################################################################################
Starting Execution:	[103 out of 146] test cases in the current suite
Test Method:		[unitTests.tests_validations_assertions.assertComparativeRelation_greaterThanOrEquals_true_greaterThan_expectedToPass]
################################################################################################################################################
[ReportManager] Assertion [ValidateComparativeRelation] PASSED. Expected [1] and Actual [2]. Comparison Type [GREATER_THAN_OR_EQUALS]. Validation Type [POSITIVE]. @04-11-2021 10:14:41.0009 A
[ReportManager] File Action [GetAbsolutePath] successfully performed. With the following test data [Relative Folder Path: "target/downloadedFiles/"]. @04-11-2021 10:14:41.0011 AM
[ReportManager] Attempting to run remotely on: [Linux-64], [GoogleChrome], [http://localhost:4444/wd/hub], Headless Execution. @04-11-2021 10:14:41.0011 AM
[ReportManager] Successfully Opened [GoogleChrome]. @04-11-2021 10:14:42.0440 AM
[ReportManager] Target URL: [https://www.google.com/ncr], and after redirection: [www.google.com] @04-11-2021 10:14:42.0440 AM
[ReportManager] Initial URL: [data:,] @04-11-2021 10:14:42.0518 AM
[ReportManager] Browser Action [NavigateToURL] successfully performed. With the following test data [https://www.google.com/ncr]. @04-11-2021 10:14:43.0383 A

################################################################################################################################################
Starting Execution:	[104 out of 146] test cases in the current suite
Test Method:		[unitTests.tests_validations_assertions.assertElementAttribute_false_caseInsensitiveComparison_expectedToFail]
################################################################################################################################################
[ReportManager] Element Action [Type] successfully performed. With the following test data [AUTOMATION]. @04-11-2021 10:14:43.0999 AM
[ReportManager] Element Action [GetText] successfully performed. With the following test data [AUTOMATION]. @04-11-2021 10:14:44.0159 AM
[ReportManager] Loaded Shared OpenCV @04-11-2021 10:14:44.0497 AM
[ReportManager] Assertion [ValidateElementAttribute] FAILED. Expected [Value Should not be 'AutomaTion' for the 'text' attribute, element locator 'By.name: q'] and Actual [AUTOMATION]. Comparison Type [CASE_INSENSITIVE]. Validation Type [NEGATIVE]. @04-11-2021 10:14:44.0746 AM
[ReportManager] Successfully created attachment [Screenshot - 1636020884497_assertElementAttribute_false_caseInsensitiveComparison_expectedToFail_ValidateElementAttribute_failed] @04-11-2021 10:14:44.0748 A
[ReportManager] Browser Action [CloseCurrentWindow] successfully performed. @04-11-2021 10:14:44.0901 AM
[ReportManager] Successfully created attachment [Browser Action Test Data - CloseCurrentWindow - Actual Value] @04-11-2021 10:14:44.0902 A
[ReportManager] File Action [GetAbsolutePath] successfully performed. With the following test data [Relative Folder Path: "target/downloadedFiles/"]. @04-11-2021 10:14:44.0904 AM
[ReportManager] Attempting to run remotely on: [Linux-64], [GoogleChrome], [http://localhost:4444/wd/hub], Headless Execution. @04-11-2021 10:14:44.0905 AM
[ReportManager] Successfully Opened [GoogleChrome]. @04-11-2021 10:14:47.0430 AM
[ReportManager] Target URL: [https://www.google.com/ncr], and after redirection: [www.google.com] @04-11-2021 10:14:47.0431 AM
[ReportManager] Initial URL: [data:,] @04-11-2021 10:14:47.0499 AM
[ReportManager] Browser Action [NavigateToURL] successfully performed. With the following test data [https://www.google.com/ncr]. @04-11-2021 10:14:48.0336 A

################################################################################################################################################
Starting Execution:	[105 out of 146] test cases in the current suite
Test Method:		[unitTests.tests_validations_assertions.assertElementAttribute_false_caseInsensitiveComparison_expectedToPass]
################################################################################################################################################
[ReportManager] Element Action [Type] successfully performed. With the following test data [AUTOMATION]. @04-11-2021 10:14:48.0899 AM
[ReportManager] Element Action [GetText] successfully performed. With the following test data [AUTOMATION]. @04-11-2021 10:14:49.0059 AM
[ReportManager] Loaded Shared OpenCV @04-11-2021 10:14:49.0370 AM
[ReportManager] Assertion [ValidateElementAttribute] PASSED. Expected [Value Should not be 'AutomaTion123' for the 'text' attribute, element locator 'By.name: q'] and Actual [AUTOMATION]. Comparison Type [CASE_INSENSITIVE]. Validation Type [NEGATIVE]. @04-11-2021 10:14:49.0614 AM
[ReportManager] Successfully created attachment [Screenshot - 1636020889370_assertElementAttribute_false_caseInsensitiveComparison_expectedToPass_ValidateElementAttribute_passed] @04-11-2021 10:14:49.0616 A
[ReportManager] Browser Action [CloseCurrentWindow] successfully performed. @04-11-2021 10:14:49.0831 AM
[ReportManager] Successfully created attachment [Browser Action Test Data - CloseCurrentWindow - Actual Value] @04-11-2021 10:14:49.0831 A
[ReportManager] File Action [GetAbsolutePath] successfully performed. With the following test data [Relative Folder Path: "target/downloadedFiles/"]. @04-11-2021 10:14:49.0839 AM
[ReportManager] Attempting to run remotely on: [Linux-64], [GoogleChrome], [http://localhost:4444/wd/hub], Headless Execution. @04-11-2021 10:14:49.0840 AM
[ReportManager] Successfully Opened [GoogleChrome]. @04-11-2021 10:14:52.0431 AM
[ReportManager] Target URL: [https://www.google.com/ncr], and after redirection: [www.google.com] @04-11-2021 10:14:52.0432 AM
[ReportManager] Initial URL: [data:,] @04-11-2021 10:14:52.0498 AM
[ReportManager] Browser Action [NavigateToURL] successfully performed. With the following test data [https://www.google.com/ncr]. @04-11-2021 10:14:53.0312 A

################################################################################################################################################
Starting Execution:	[106 out of 146] test cases in the current suite
Test Method:		[unitTests.tests_validations_assertions.assertElementAttribute_false_containsComparison_expectedToFail]
################################################################################################################################################
[ReportManager] Element Action [Type] successfully performed. With the following test data [Automation123]. @04-11-2021 10:14:53.0818 AM
[ReportManager] Element Action [GetText] successfully performed. With the following test data [Automation123]. @04-11-2021 10:14:53.0961 AM
[ReportManager] Loaded Shared OpenCV @04-11-2021 10:14:54.0253 AM
[ReportManager] Assertion [ValidateElementAttribute] FAILED. Expected [Value Should not be 'Automation' for the 'text' attribute, element locator 'By.name: q'] and Actual [Automation123]. Comparison Type [CONTAINS]. Validation Type [NEGATIVE]. @04-11-2021 10:14:54.0477 AM
[ReportManager] Successfully created attachment [Screenshot - 1636020894252_assertElementAttribute_false_containsComparison_expectedToFail_ValidateElementAttribute_failed] @04-11-2021 10:14:54.0478 A
[ReportManager] Browser Action [CloseCurrentWindow] successfully performed. @04-11-2021 10:14:54.0642 AM
[ReportManager] Successfully created attachment [Browser Action Test Data - CloseCurrentWindow - Actual Value] @04-11-2021 10:14:54.0642 A
[ReportManager] File Action [GetAbsolutePath] successfully performed. With the following test data [Relative Folder Path: "target/downloadedFiles/"]. @04-11-2021 10:14:54.0645 AM
[ReportManager] Attempting to run remotely on: [Linux-64], [GoogleChrome], [http://localhost:4444/wd/hub], Headless Execution. @04-11-2021 10:14:54.0645 AM
[ReportManager] Successfully Opened [GoogleChrome]. @04-11-2021 10:14:57.0442 AM
[ReportManager] Target URL: [https://www.google.com/ncr], and after redirection: [www.google.com] @04-11-2021 10:14:57.0442 AM
[ReportManager] Initial URL: [data:,] @04-11-2021 10:14:57.0509 AM
[ReportManager] Browser Action [NavigateToURL] successfully performed. With the following test data [https://www.google.com/ncr]. @04-11-2021 10:14:58.0354 A

################################################################################################################################################
Starting Execution:	[107 out of 146] test cases in the current suite
Test Method:		[unitTests.tests_validations_assertions.assertElementAttribute_false_containsComparison_expectedToPass]
################################################################################################################################################
[ReportManager] Element Action [Type] successfully performed. With the following test data [Automation123]. @04-11-2021 10:14:58.0880 AM
[ReportManager] Element Action [GetText] successfully performed. With the following test data [Automation123]. @04-11-2021 10:14:59.0091 AM
[ReportManager] Loaded Shared OpenCV @04-11-2021 10:14:59.0389 AM
[ReportManager] Assertion [ValidateElementAttribute] PASSED. Expected [Value Should not be 'Automation1234' for the 'text' attribute, element locator 'By.name: q'] and Actual [Automation123]. Comparison Type [CONTAINS]. Validation Type [NEGATIVE]. @04-11-2021 10:14:59.0633 AM
[ReportManager] Successfully created attachment [Screenshot - 1636020899389_assertElementAttribute_false_containsComparison_expectedToPass_ValidateElementAttribute_passed] @04-11-2021 10:14:59.0635 A
[ReportManager] Browser Action [CloseCurrentWindow] successfully performed. @04-11-2021 10:14:59.0790 AM
[ReportManager] Successfully created attachment [Browser Action Test Data - CloseCurrentWindow - Actual Value] @04-11-2021 10:14:59.0791 A
[ReportManager] File Action [GetAbsolutePath] successfully performed. With the following test data [Relative Folder Path: "target/downloadedFiles/"]. @04-11-2021 10:14:59.0796 AM
[ReportManager] Attempting to run remotely on: [Linux-64], [GoogleChrome], [http://localhost:4444/wd/hub], Headless Execution. @04-11-2021 10:14:59.0796 AM
[ReportManager] Successfully Opened [GoogleChrome]. @04-11-2021 10:15:02.0426 AM
[ReportManager] Target URL: [https://www.google.com/ncr], and after redirection: [www.google.com] @04-11-2021 10:15:02.0426 AM
[ReportManager] Initial URL: [data:,] @04-11-2021 10:15:02.0478 AM
[ReportManager] Browser Action [NavigateToURL] successfully performed. With the following test data [https://www.google.com/ncr]. @04-11-2021 10:15:03.0343 A

################################################################################################################################################
Starting Execution:	[108 out of 146] test cases in the current suite
Test Method:		[unitTests.tests_validations_assertions.assertElementAttribute_false_literalComparison_expectedToFail]
################################################################################################################################################
[ReportManager] Element Action [Type] successfully performed. With the following test data [Automation!@#$%^&*()_+{}[]\';/.,]. @04-11-2021 10:15:03.0959 AM
[ReportManager] Element Action [GetText] successfully performed. With the following test data [Automation!@#$%^&*()_+{}[]\';/.,]. @04-11-2021 10:15:04.0130 AM
[ReportManager] Loaded Shared OpenCV @04-11-2021 10:15:04.0438 AM
[ReportManager] Assertion [ValidateElementAttribute] PASSED. Expected [Value Should not be 'Automation!@#$%^&*()_+{}[]\\';/.,' for the 'text' attribute, element locator 'By.name: q'] and Actual [Automation!@#$%^&*()_+{}[]\';/.,]. Comparison Type [EQUALS]. Validation Type [NEGATIVE]. @04-11-2021 10:15:04.0685 AM
[ReportManager] Successfully created attachment [Screenshot - 1636020904438_assertElementAttribute_false_literalComparison_expectedToFail_ValidateElementAttribute_passed] @04-11-2021 10:15:04.0686 A
[ReportManager] Browser Action [CloseCurrentWindow] successfully performed. @04-11-2021 10:15:04.0919 AM
[ReportManager] Successfully created attachment [Browser Action Test Data - CloseCurrentWindow - Actual Value] @04-11-2021 10:15:04.0920 A
[ReportManager] File Action [GetAbsolutePath] successfully performed. With the following test data [Relative Folder Path: "target/downloadedFiles/"]. @04-11-2021 10:15:04.0924 AM
[ReportManager] Attempting to run remotely on: [Linux-64], [GoogleChrome], [http://localhost:4444/wd/hub], Headless Execution. @04-11-2021 10:15:04.0924 AM
[ReportManager] Successfully Opened [GoogleChrome]. @04-11-2021 10:15:07.0429 AM
[ReportManager] Target URL: [https://www.google.com/ncr], and after redirection: [www.google.com] @04-11-2021 10:15:07.0431 AM
[ReportManager] Initial URL: [data:,] @04-11-2021 10:15:07.0500 AM
[ReportManager] Browser Action [NavigateToURL] successfully performed. With the following test data [https://www.google.com/ncr]. @04-11-2021 10:15:08.0339 A

################################################################################################################################################
Starting Execution:	[109 out of 146] test cases in the current suite
Test Method:		[unitTests.tests_validations_assertions.assertElementAttribute_false_literalComparison_expectedToPass]
################################################################################################################################################
[ReportManager] Element Action [Type] successfully performed. With the following test data [Automation!@#$%^&*()_+{}[]\';/.,]. @04-11-2021 10:15:08.0955 AM
[ReportManager] Element Action [GetText] successfully performed. With the following test data [Automation!@#$%^&*()_+{}[]\';/.,]. @04-11-2021 10:15:09.0164 AM
[ReportManager] Loaded Shared OpenCV @04-11-2021 10:15:09.0458 AM
[ReportManager] Assertion [ValidateElementAttribute] PASSED. Expected [Value Should not be 'Automation' for the 'text' attribute, element locator 'By.name: q'] and Actual [Automation!@#$%^&*()_+{}[]\';/.,]. Comparison Type [EQUALS]. Validation Type [NEGATIVE]. @04-11-2021 10:15:09.0696 AM
[ReportManager] Successfully created attachment [Screenshot - 1636020909458_assertElementAttribute_false_literalComparison_expectedToPass_ValidateElementAttribute_passed] @04-11-2021 10:15:09.0700 A
[ReportManager] Browser Action [CloseCurrentWindow] successfully performed. @04-11-2021 10:15:09.0842 AM
[ReportManager] Successfully created attachment [Browser Action Test Data - CloseCurrentWindow - Actual Value] @04-11-2021 10:15:09.0842 A
[ReportManager] File Action [GetAbsolutePath] successfully performed. With the following test data [Relative Folder Path: "target/downloadedFiles/"]. @04-11-2021 10:15:09.0846 AM
[ReportManager] Attempting to run remotely on: [Linux-64], [GoogleChrome], [http://localhost:4444/wd/hub], Headless Execution. @04-11-2021 10:15:09.0846 AM
[ReportManager] Successfully Opened [GoogleChrome]. @04-11-2021 10:15:12.0445 AM
[ReportManager] Target URL: [https://www.google.com/ncr], and after redirection: [www.google.com] @04-11-2021 10:15:12.0445 AM
[ReportManager] Initial URL: [data:,] @04-11-2021 10:15:12.0529 AM
[ReportManager] Browser Action [NavigateToURL] successfully performed. With the following test data [https://www.google.com/ncr]. @04-11-2021 10:15:13.0399 A

################################################################################################################################################
Starting Execution:	[110 out of 146] test cases in the current suite
Test Method:		[unitTests.tests_validations_assertions.assertElementAttribute_false_regexComparison_expectedToFail]
################################################################################################################################################
[ReportManager] Element Action [Type] successfully performed. With the following test data [Automation123]. @04-11-2021 10:15:13.0885 AM
[ReportManager] Element Action [GetText] successfully performed. With the following test data [Automation123]. @04-11-2021 10:15:14.0073 AM
[ReportManager] Loaded Shared OpenCV @04-11-2021 10:15:14.0385 AM
[ReportManager] Assertion [ValidateElementAttribute] FAILED. Expected [Value Should not be 'Automation.*' for the 'text' attribute, element locator 'By.name: q'] and Actual [Automation123]. Comparison Type [MATCHES]. Validation Type [NEGATIVE]. @04-11-2021 10:15:14.0640 AM
[ReportManager] Successfully created attachment [Screenshot - 1636020914385_assertElementAttribute_false_regexComparison_expectedToFail_ValidateElementAttribute_failed] @04-11-2021 10:15:14.0642 A
[ReportManager] Browser Action [CloseCurrentWindow] successfully performed. @04-11-2021 10:15:14.0771 AM
[ReportManager] Successfully created attachment [Browser Action Test Data - CloseCurrentWindow - Actual Value] @04-11-2021 10:15:14.0772 A
[ReportManager] File Action [GetAbsolutePath] successfully performed. With the following test data [Relative Folder Path: "target/downloadedFiles/"]. @04-11-2021 10:15:14.0774 AM
[ReportManager] Attempting to run remotely on: [Linux-64], [GoogleChrome], [http://localhost:4444/wd/hub], Headless Execution. @04-11-2021 10:15:14.0774 AM
[ReportManager] Successfully Opened [GoogleChrome]. @04-11-2021 10:15:17.0440 AM
[ReportManager] Target URL: [https://www.google.com/ncr], and after redirection: [www.google.com] @04-11-2021 10:15:17.0440 AM
[ReportManager] Initial URL: [data:,] @04-11-2021 10:15:17.0524 AM
[ReportManager] Browser Action [NavigateToURL] successfully performed. With the following test data [https://www.google.com/ncr]. @04-11-2021 10:15:18.0297 A

################################################################################################################################################
Starting Execution:	[111 out of 146] test cases in the current suite
Test Method:		[unitTests.tests_validations_assertions.assertElementAttribute_false_regexComparison_expectedToPass]
################################################################################################################################################
[ReportManager] Element Action [Type] successfully performed. With the following test data [Automation123]. @04-11-2021 10:15:18.0813 AM
[ReportManager] Element Action [GetText] successfully performed. With the following test data [Automation123]. @04-11-2021 10:15:18.0995 AM
[ReportManager] Loaded Shared OpenCV @04-11-2021 10:15:19.0304 AM
[ReportManager] Assertion [ValidateElementAttribute] PASSED. Expected [Value Should not be 'Automation' for the 'text' attribute, element locator 'By.name: q'] and Actual [Automation123]. Comparison Type [MATCHES]. Validation Type [NEGATIVE]. @04-11-2021 10:15:19.0543 AM
[ReportManager] Successfully created attachment [Screenshot - 1636020919304_assertElementAttribute_false_regexComparison_expectedToPass_ValidateElementAttribute_passed] @04-11-2021 10:15:19.0544 A
[ReportManager] Browser Action [CloseCurrentWindow] successfully performed. @04-11-2021 10:15:19.0676 AM
[ReportManager] Successfully created attachment [Browser Action Test Data - CloseCurrentWindow - Actual Value] @04-11-2021 10:15:19.0677 A
[ReportManager] File Action [GetAbsolutePath] successfully performed. With the following test data [Relative Folder Path: "target/downloadedFiles/"]. @04-11-2021 10:15:19.0680 AM
[ReportManager] Attempting to run remotely on: [Linux-64], [GoogleChrome], [http://localhost:4444/wd/hub], Headless Execution. @04-11-2021 10:15:19.0680 AM
[ReportManager] Successfully Opened [GoogleChrome]. @04-11-2021 10:15:22.0429 AM
[ReportManager] Target URL: [https://www.google.com/ncr], and after redirection: [www.google.com] @04-11-2021 10:15:22.0429 AM
[ReportManager] Initial URL: [data:,] @04-11-2021 10:15:22.0525 AM
[ReportManager] Browser Action [NavigateToURL] successfully performed. With the following test data [https://www.google.com/ncr]. @04-11-2021 10:15:23.0339 A

################################################################################################################################################
Starting Execution:	[112 out of 146] test cases in the current suite
Test Method:		[unitTests.tests_validations_assertions.assertElementAttribute_true_caseInsensitiveComparison_expectedToFail]
################################################################################################################################################
[ReportManager] Element Action [Type] successfully performed. With the following test data [AUTOMATION]. @04-11-2021 10:15:23.0858 AM
[ReportManager] Element Action [GetText] successfully performed. With the following test data [AUTOMATION]. @04-11-2021 10:15:24.0023 AM
[ReportManager] Loaded Shared OpenCV @04-11-2021 10:15:24.0294 AM
[ReportManager] Assertion [ValidateElementAttribute] FAILED. Expected [Value Should be 'AutomaTion123' for the 'text' attribute, element locator 'By.name: q'] and Actual [AUTOMATION]. Comparison Type [CASE_INSENSITIVE]. Validation Type [POSITIVE]. @04-11-2021 10:15:24.0531 AM
[ReportManager] Successfully created attachment [Screenshot - 1636020924294_assertElementAttribute_true_caseInsensitiveComparison_expectedToFail_ValidateElementAttribute_failed] @04-11-2021 10:15:24.0533 A
[ReportManager] Browser Action [CloseCurrentWindow] successfully performed. @04-11-2021 10:15:24.0675 AM
[ReportManager] Successfully created attachment [Browser Action Test Data - CloseCurrentWindow - Actual Value] @04-11-2021 10:15:24.0675 A
[ReportManager] File Action [GetAbsolutePath] successfully performed. With the following test data [Relative Folder Path: "target/downloadedFiles/"]. @04-11-2021 10:15:24.0680 AM
[ReportManager] Attempting to run remotely on: [Linux-64], [GoogleChrome], [http://localhost:4444/wd/hub], Headless Execution. @04-11-2021 10:15:24.0680 AM
[ReportManager] Successfully Opened [GoogleChrome]. @04-11-2021 10:15:27.0441 AM
[ReportManager] Target URL: [https://www.google.com/ncr], and after redirection: [www.google.com] @04-11-2021 10:15:27.0441 AM
[ReportManager] Initial URL: [data:,] @04-11-2021 10:15:27.0527 AM
[ReportManager] Browser Action [NavigateToURL] successfully performed. With the following test data [https://www.google.com/ncr]. @04-11-2021 10:15:28.0338 A

################################################################################################################################################
Starting Execution:	[113 out of 146] test cases in the current suite
Test Method:		[unitTests.tests_validations_assertions.assertElementAttribute_true_caseInsensitiveComparison_expectedToPass]
################################################################################################################################################
[ReportManager] Element Action [Type] successfully performed. With the following test data [AUTOMATION]. @04-11-2021 10:15:28.0837 AM
[ReportManager] Element Action [GetText] successfully performed. With the following test data [AUTOMATION]. @04-11-2021 10:15:29.0014 AM
[ReportManager] Loaded Shared OpenCV @04-11-2021 10:15:29.0295 AM
[ReportManager] Assertion [ValidateElementAttribute] PASSED. Expected [Value Should be 'AutomaTion' for the 'text' attribute, element locator 'By.name: q'] and Actual [AUTOMATION]. Comparison Type [CASE_INSENSITIVE]. Validation Type [POSITIVE]. @04-11-2021 10:15:29.0557 AM
[ReportManager] Successfully created attachment [Screenshot - 1636020929295_assertElementAttribute_true_caseInsensitiveComparison_expectedToPass_ValidateElementAttribute_passed] @04-11-2021 10:15:29.0559 A
[ReportManager] Browser Action [CloseCurrentWindow] successfully performed. @04-11-2021 10:15:29.0687 AM
[ReportManager] Successfully created attachment [Browser Action Test Data - CloseCurrentWindow - Actual Value] @04-11-2021 10:15:29.0687 A
[ReportManager] File Action [GetAbsolutePath] successfully performed. With the following test data [Relative Folder Path: "target/downloadedFiles/"]. @04-11-2021 10:15:29.0690 AM
[ReportManager] Attempting to run remotely on: [Linux-64], [GoogleChrome], [http://localhost:4444/wd/hub], Headless Execution. @04-11-2021 10:15:29.0690 AM
[ReportManager] Successfully Opened [GoogleChrome]. @04-11-2021 10:15:32.0441 AM
[ReportManager] Target URL: [https://www.google.com/ncr], and after redirection: [www.google.com] @04-11-2021 10:15:32.0441 AM
[ReportManager] Initial URL: [data:,] @04-11-2021 10:15:32.0517 AM
[ReportManager] Browser Action [NavigateToURL] successfully performed. With the following test data [https://www.google.com/ncr]. @04-11-2021 10:15:33.0361 A

################################################################################################################################################
Starting Execution:	[114 out of 146] test cases in the current suite
Test Method:		[unitTests.tests_validations_assertions.assertElementAttribute_true_containsComparison_expectedToFail]
################################################################################################################################################
[ReportManager] Element Action [Type] successfully performed. With the following test data [Automation123]. @04-11-2021 10:15:33.0859 AM
[ReportManager] Element Action [GetText] successfully performed. With the following test data [Automation123]. @04-11-2021 10:15:34.0020 AM
[ReportManager] Loaded Shared OpenCV @04-11-2021 10:15:34.0316 AM
[ReportManager] Assertion [ValidateElementAttribute] FAILED. Expected [Value Should be 'Automation1234' for the 'text' attribute, element locator 'By.name: q'] and Actual [Automation123]. Comparison Type [CONTAINS]. Validation Type [POSITIVE]. @04-11-2021 10:15:34.0559 AM
[ReportManager] Successfully created attachment [Screenshot - 1636020934316_assertElementAttribute_true_containsComparison_expectedToFail_ValidateElementAttribute_failed] @04-11-2021 10:15:34.0560 A
[ReportManager] Browser Action [CloseCurrentWindow] successfully performed. @04-11-2021 10:15:34.0714 AM
[ReportManager] Successfully created attachment [Browser Action Test Data - CloseCurrentWindow - Actual Value] @04-11-2021 10:15:34.0715 A
[ReportManager] File Action [GetAbsolutePath] successfully performed. With the following test data [Relative Folder Path: "target/downloadedFiles/"]. @04-11-2021 10:15:34.0724 AM
[ReportManager] Attempting to run remotely on: [Linux-64], [GoogleChrome], [http://localhost:4444/wd/hub], Headless Execution. @04-11-2021 10:15:34.0724 AM
[ReportManager] Successfully Opened [GoogleChrome]. @04-11-2021 10:15:37.0442 AM
[ReportManager] Target URL: [https://www.google.com/ncr], and after redirection: [www.google.com] @04-11-2021 10:15:37.0442 AM
[ReportManager] Initial URL: [data:,] @04-11-2021 10:15:37.0528 AM
[ReportManager] Browser Action [NavigateToURL] successfully performed. With the following test data [https://www.google.com/ncr]. @04-11-2021 10:15:38.0343 A

################################################################################################################################################
Starting Execution:	[115 out of 146] test cases in the current suite
Test Method:		[unitTests.tests_validations_assertions.assertElementAttribute_true_containsComparison_expectedToPass]
################################################################################################################################################
[ReportManager] Element Action [Type] successfully performed. With the following test data [Automation123]. @04-11-2021 10:15:38.0850 AM
[ReportManager] Element Action [GetText] successfully performed. With the following test data [Automation123]. @04-11-2021 10:15:39.0048 AM
[ReportManager] Loaded Shared OpenCV @04-11-2021 10:15:39.0352 AM
[ReportManager] Assertion [ValidateElementAttribute] PASSED. Expected [Value Should be 'Automation' for the 'text' attribute, element locator 'By.name: q'] and Actual [Automation123]. Comparison Type [CONTAINS]. Validation Type [POSITIVE]. @04-11-2021 10:15:39.0593 AM
[ReportManager] Successfully created attachment [Screenshot - 1636020939352_assertElementAttribute_true_containsComparison_expectedToPass_ValidateElementAttribute_passed] @04-11-2021 10:15:39.0595 A
[ReportManager] Browser Action [CloseCurrentWindow] successfully performed. @04-11-2021 10:15:39.0721 AM
[ReportManager] Successfully created attachment [Browser Action Test Data - CloseCurrentWindow - Actual Value] @04-11-2021 10:15:39.0722 A
[ReportManager] File Action [GetAbsolutePath] successfully performed. With the following test data [Relative Folder Path: "target/downloadedFiles/"]. @04-11-2021 10:15:39.0724 AM
[ReportManager] Attempting to run remotely on: [Linux-64], [GoogleChrome], [http://localhost:4444/wd/hub], Headless Execution. @04-11-2021 10:15:39.0725 AM
[ReportManager] Successfully Opened [GoogleChrome]. @04-11-2021 10:15:42.0428 AM
[ReportManager] Target URL: [https://www.google.com/ncr], and after redirection: [www.google.com] @04-11-2021 10:15:42.0428 AM
[ReportManager] Initial URL: [data:,] @04-11-2021 10:15:42.0485 AM
[ReportManager] Browser Action [NavigateToURL] successfully performed. With the following test data [https://www.google.com/ncr]. @04-11-2021 10:15:43.0288 A

################################################################################################################################################
Starting Execution:	[116 out of 146] test cases in the current suite
Test Method:		[unitTests.tests_validations_assertions.assertElementAttribute_true_literalComparison_expectedToFail]
################################################################################################################################################
[ReportManager] Element Action [Type] successfully performed. With the following test data [Automation!@#$%^&*()_+{}[]\';/.,]. @04-11-2021 10:15:43.0911 AM
[ReportManager] Element Action [GetText] successfully performed. With the following test data [Automation!@#$%^&*()_+{}[]\';/.,]. @04-11-2021 10:15:44.0112 AM
[ReportManager] Loaded Shared OpenCV @04-11-2021 10:15:44.0400 AM
[ReportManager] Assertion [ValidateElementAttribute] FAILED. Expected [Value Should be 'Automation' for the 'text' attribute, element locator 'By.name: q'] and Actual [Automation!@#$%^&*()_+{}[]\';/.,]. Comparison Type [EQUALS]. Validation Type [POSITIVE]. @04-11-2021 10:15:44.0642 AM
[ReportManager] Successfully created attachment [Screenshot - 1636020944400_assertElementAttribute_true_literalComparison_expectedToFail_ValidateElementAttribute_failed] @04-11-2021 10:15:44.0644 A
[ReportManager] Browser Action [CloseCurrentWindow] successfully performed. @04-11-2021 10:15:44.0790 AM
[ReportManager] Successfully created attachment [Browser Action Test Data - CloseCurrentWindow - Actual Value] @04-11-2021 10:15:44.0790 A
[ReportManager] File Action [GetAbsolutePath] successfully performed. With the following test data [Relative Folder Path: "target/downloadedFiles/"]. @04-11-2021 10:15:44.0793 AM
[ReportManager] Attempting to run remotely on: [Linux-64], [GoogleChrome], [http://localhost:4444/wd/hub], Headless Execution. @04-11-2021 10:15:44.0793 AM
[ReportManager] Successfully Opened [GoogleChrome]. @04-11-2021 10:15:47.0440 AM
[ReportManager] Target URL: [https://www.google.com/ncr], and after redirection: [www.google.com] @04-11-2021 10:15:47.0440 AM
[ReportManager] Initial URL: [data:,] @04-11-2021 10:15:47.0504 AM
[ReportManager] Browser Action [NavigateToURL] successfully performed. With the following test data [https://www.google.com/ncr]. @04-11-2021 10:15:48.0351 A

################################################################################################################################################
Starting Execution:	[117 out of 146] test cases in the current suite
Test Method:		[unitTests.tests_validations_assertions.assertElementAttribute_true_literalComparison_expectedToPass]
################################################################################################################################################
[ReportManager] Element Action [Type] successfully performed. With the following test data [Automation!@#$%^&*()_+{}[]\';/.,]. @04-11-2021 10:15:48.0953 AM
[ReportManager] Element Action [GetText] successfully performed. With the following test data [Automation!@#$%^&*()_+{}[]\';/.,]. @04-11-2021 10:15:49.0136 AM
[ReportManager] Loaded Shared OpenCV @04-11-2021 10:15:49.0421 AM
[ReportManager] Assertion [ValidateElementAttribute] PASSED. Expected [Value Should be 'Automation!@#$%^&*()_+{}[]\';/.,' for the 'text' attribute, element locator 'By.name: q'] and Actual [Automation!@#$%^&*()_+{}[]\';/.,]. Comparison Type [EQUALS]. Validation Type [POSITIVE]. @04-11-2021 10:15:49.0779 AM
[ReportManager] Successfully created attachment [Screenshot - 1636020949421_assertElementAttribute_true_literalComparison_expectedToPass_ValidateElementAttribute_passed] @04-11-2021 10:15:49.0782 A
[ReportManager] Browser Action [CloseCurrentWindow] successfully performed. @04-11-2021 10:15:49.0934 AM
[ReportManager] Successfully created attachment [Browser Action Test Data - CloseCurrentWindow - Actual Value] @04-11-2021 10:15:49.0935 A
[ReportManager] File Action [GetAbsolutePath] successfully performed. With the following test data [Relative Folder Path: "target/downloadedFiles/"]. @04-11-2021 10:15:49.0941 AM
[ReportManager] Attempting to run remotely on: [Linux-64], [GoogleChrome], [http://localhost:4444/wd/hub], Headless Execution. @04-11-2021 10:15:49.0942 AM
[ReportManager] Successfully Opened [GoogleChrome]. @04-11-2021 10:15:52.0441 AM
[ReportManager] Target URL: [https://www.google.com/ncr], and after redirection: [www.google.com] @04-11-2021 10:15:52.0441 AM
[ReportManager] Initial URL: [data:,] @04-11-2021 10:15:52.0498 AM
[ReportManager] Browser Action [NavigateToURL] successfully performed. With the following test data [https://www.google.com/ncr]. @04-11-2021 10:15:53.0442 A

################################################################################################################################################
Starting Execution:	[118 out of 146] test cases in the current suite
Test Method:		[unitTests.tests_validations_assertions.assertElementAttribute_true_regexComparison_expectedToFail]
################################################################################################################################################
[ReportManager] Element Action [Type] successfully performed. With the following test data [Automation123]. @04-11-2021 10:15:54.0007 AM
[ReportManager] Element Action [GetText] successfully performed. With the following test data [Automation123]. @04-11-2021 10:15:54.0158 AM
[ReportManager] Loaded Shared OpenCV @04-11-2021 10:15:54.0515 AM
[ReportManager] Assertion [ValidateElementAttribute] FAILED. Expected [Value Should be 'Automation' for the 'text' attribute, element locator 'By.name: q'] and Actual [Automation123]. Comparison Type [MATCHES]. Validation Type [POSITIVE]. @04-11-2021 10:15:54.0767 AM
[ReportManager] Successfully created attachment [Screenshot - 1636020954515_assertElementAttribute_true_regexComparison_expectedToFail_ValidateElementAttribute_failed] @04-11-2021 10:15:54.0769 A
[ReportManager] Browser Action [CloseCurrentWindow] successfully performed. @04-11-2021 10:15:54.0910 AM
[ReportManager] Successfully created attachment [Browser Action Test Data - CloseCurrentWindow - Actual Value] @04-11-2021 10:15:54.0911 A
[ReportManager] File Action [GetAbsolutePath] successfully performed. With the following test data [Relative Folder Path: "target/downloadedFiles/"]. @04-11-2021 10:15:54.0914 AM
[ReportManager] Attempting to run remotely on: [Linux-64], [GoogleChrome], [http://localhost:4444/wd/hub], Headless Execution. @04-11-2021 10:15:54.0915 AM
[ReportManager] Successfully Opened [GoogleChrome]. @04-11-2021 10:15:57.0437 AM
[ReportManager] Target URL: [https://www.google.com/ncr], and after redirection: [www.google.com] @04-11-2021 10:15:57.0437 AM
[ReportManager] Initial URL: [data:,] @04-11-2021 10:15:57.0496 AM
[ReportManager] Browser Action [NavigateToURL] successfully performed. With the following test data [https://www.google.com/ncr]. @04-11-2021 10:15:58.0336 A

################################################################################################################################################
Starting Execution:	[119 out of 146] test cases in the current suite
Test Method:		[unitTests.tests_validations_assertions.assertElementAttribute_true_regexComparison_expectedToPass]
################################################################################################################################################
[ReportManager] Element Action [Type] successfully performed. With the following test data [Automation123]. @04-11-2021 10:15:58.0847 AM
[ReportManager] Element Action [GetText] successfully performed. With the following test data [Automation123]. @04-11-2021 10:15:59.0015 AM
[ReportManager] Loaded Shared OpenCV @04-11-2021 10:15:59.0350 AM
[ReportManager] Assertion [ValidateElementAttribute] PASSED. Expected [Value Should be 'Automation.*' for the 'text' attribute, element locator 'By.name: q'] and Actual [Automation123]. Comparison Type [MATCHES]. Validation Type [POSITIVE]. @04-11-2021 10:15:59.0577 AM
[ReportManager] Successfully created attachment [Screenshot - 1636020959350_assertElementAttribute_true_regexComparison_expectedToPass_ValidateElementAttribute_passed] @04-11-2021 10:15:59.0578 A
[ReportManager] Browser Action [CloseCurrentWindow] successfully performed. @04-11-2021 10:15:59.0722 AM
[ReportManager] Successfully created attachment [Browser Action Test Data - CloseCurrentWindow - Actual Value] @04-11-2021 10:15:59.0723 A
[ReportManager] File Action [GetAbsolutePath] successfully performed. With the following test data [Relative Folder Path: "target/downloadedFiles/"]. @04-11-2021 10:15:59.0726 AM
[ReportManager] Attempting to run remotely on: [Linux-64], [GoogleChrome], [http://localhost:4444/wd/hub], Headless Execution. @04-11-2021 10:15:59.0726 AM
[ReportManager] Successfully Opened [GoogleChrome]. @04-11-2021 10:16:02.0436 AM
[ReportManager] Target URL: [https://www.google.com/ncr], and after redirection: [www.google.com] @04-11-2021 10:16:02.0437 AM
[ReportManager] Initial URL: [data:,] @04-11-2021 10:16:02.0499 AM
[ReportManager] Browser Action [NavigateToURL] successfully performed. With the following test data [https://www.google.com/ncr]. @04-11-2021 10:16:03.0323 A

################################################################################################################################################
Starting Execution:	[120 out of 146] test cases in the current suite
Test Method:		[unitTests.tests_validations_assertions.assertElementAttribute_type_true_literalComparison_expectedToPass]
################################################################################################################################################
[ReportManager] Element Action [Type] successfully performed. With the following test data [Automation!@#$%^&*()_+{}[]\';/.,]. @04-11-2021 10:16:03.0898 AM
[ReportManager] Element Action [GetText] successfully performed. With the following test data [Automation!@#$%^&*()_+{}[]\';/.,]. @04-11-2021 10:16:04.0044 AM
[ReportManager] Loaded Shared OpenCV @04-11-2021 10:16:04.0395 AM
[ReportManager] Assertion [ValidateElementAttribute] PASSED. Expected [Value Should be 'Automation!@#$%^&*()_+{}[]\';/.,' for the 'text' attribute, element locator 'By.name: q'] and Actual [Automation!@#$%^&*()_+{}[]\';/.,]. Comparison Type [EQUALS]. Validation Type [POSITIVE]. @04-11-2021 10:16:04.0641 AM
[ReportManager] Successfully created attachment [Screenshot - 1636020964395_assertElementAttribute_type_true_literalComparison_expectedToPass_ValidateElementAttribute_passed] @04-11-2021 10:16:04.0643 A
[ReportManager] Browser Action [CloseCurrentWindow] successfully performed. @04-11-2021 10:16:04.0770 AM
[ReportManager] Successfully created attachment [Browser Action Test Data - CloseCurrentWindow - Actual Value] @04-11-2021 10:16:04.0770 A
[ReportManager] File Action [GetAbsolutePath] successfully performed. With the following test data [Relative Folder Path: "target/downloadedFiles/"]. @04-11-2021 10:16:04.0773 AM
[ReportManager] Attempting to run remotely on: [Linux-64], [GoogleChrome], [http://localhost:4444/wd/hub], Headless Execution. @04-11-2021 10:16:04.0773 AM
[ReportManager] Successfully Opened [GoogleChrome]. @04-11-2021 10:16:07.0465 AM
[ReportManager] Target URL: [https://www.google.com/ncr], and after redirection: [www.google.com] @04-11-2021 10:16:07.0465 AM
[ReportManager] Initial URL: [data:,] @04-11-2021 10:16:07.0512 AM
[ReportManager] Browser Action [NavigateToURL] successfully performed. With the following test data [https://www.google.com/ncr]. @04-11-2021 10:16:08.0351 A

################################################################################################################################################
Starting Execution:	[121 out of 146] test cases in the current suite
Test Method:		[unitTests.tests_validations_assertions.assertElementExists_false_expectedToFail]
################################################################################################################################################
[ReportManager] Loaded Shared OpenCV @04-11-2021 10:16:08.0706 AM
[ReportManager] Assertion [ValidateElementExists] FAILED. Expected [Element Should not Exist, locator 'By.id: hplogo'] and Actual [Element Exists]. Comparison Type [EQUALS]. Validation Type [NEGATIVE]. @04-11-2021 10:16:08.0965 AM
[ReportManager] Successfully created attachment [Screenshot - 1636020968706_assertElementExists_false_expectedToFail_ValidateElementExists_failed] @04-11-2021 10:16:08.0966 A
[ReportManager] Browser Action [CloseCurrentWindow] successfully performed. @04-11-2021 10:16:09.0123 AM
[ReportManager] Successfully created attachment [Browser Action Test Data - CloseCurrentWindow - Actual Value] @04-11-2021 10:16:09.0124 A
[ReportManager] File Action [GetAbsolutePath] successfully performed. With the following test data [Relative Folder Path: "target/downloadedFiles/"]. @04-11-2021 10:16:09.0126 AM
[ReportManager] Attempting to run remotely on: [Linux-64], [GoogleChrome], [http://localhost:4444/wd/hub], Headless Execution. @04-11-2021 10:16:09.0126 AM
[ReportManager] Successfully Opened [GoogleChrome]. @04-11-2021 10:16:12.0440 AM
[ReportManager] Target URL: [https://www.google.com/ncr], and after redirection: [www.google.com] @04-11-2021 10:16:12.0441 AM
[ReportManager] Initial URL: [data:,] @04-11-2021 10:16:12.0511 AM
[ReportManager] Browser Action [NavigateToURL] successfully performed. With the following test data [https://www.google.com/ncr]. @04-11-2021 10:16:13.0310 A

################################################################################################################################################
Starting Execution:	[122 out of 146] test cases in the current suite
Test Method:		[unitTests.tests_validations_assertions.assertElementExists_false_expectedToPass]
################################################################################################################################################
[ReportManager] Assertion [ValidateElementExists] PASSED. Expected [Element Should not Exist, locator 'By.id: fakeElement'] and Actual [Element Doesn't Exists]. Comparison Type [EQUALS]. Validation Type [NEGATIVE]. @04-11-2021 10:16:23.0942 AM
[ReportManager] Successfully created attachment [Screenshot - 1636020983758_assertElementExists_false_expectedToPass_ValidateElementExists_passed] @04-11-2021 10:16:23.0943 A
[ReportManager] Browser Action [CloseCurrentWindow] successfully performed. @04-11-2021 10:16:24.0076 AM
[ReportManager] Successfully created attachment [Browser Action Test Data - CloseCurrentWindow - Actual Value] @04-11-2021 10:16:24.0077 A
[ReportManager] File Action [GetAbsolutePath] successfully performed. With the following test data [Relative Folder Path: "target/downloadedFiles/"]. @04-11-2021 10:16:24.0079 AM
[ReportManager] Attempting to run remotely on: [Linux-64], [GoogleChrome], [http://localhost:4444/wd/hub], Headless Execution. @04-11-2021 10:16:24.0079 AM
[ReportManager] Successfully Opened [GoogleChrome]. @04-11-2021 10:16:27.0441 AM
[ReportManager] Target URL: [https://www.google.com/ncr], and after redirection: [www.google.com] @04-11-2021 10:16:27.0441 AM
[ReportManager] Initial URL: [data:,] @04-11-2021 10:16:27.0501 AM
[ReportManager] Browser Action [NavigateToURL] successfully performed. With the following test data [https://www.google.com/ncr]. @04-11-2021 10:16:28.0323 A

################################################################################################################################################
Starting Execution:	[123 out of 146] test cases in the current suite
Test Method:		[unitTests.tests_validations_assertions.assertElementExists_false_multipleElementsFound_expectedToFail]
################################################################################################################################################
[ReportManager] Loaded Shared OpenCV @04-11-2021 10:16:28.0676 AM
[ReportManager] Assertion [ValidateElementExists] FAILED. Expected [Element Should not Exist, locator 'By.xpath: //div'] and Actual [Element Exists but is not unique]. Comparison Type [EQUALS]. Validation Type [NEGATIVE]. @04-11-2021 10:16:28.0898 AM
[ReportManager] Successfully created attachment [Screenshot - 1636020988675_assertElementExists_false_multipleElementsFound_expectedToFail_ValidateElementExists_failed] @04-11-2021 10:16:28.0899 A
[ReportManager] Browser Action [CloseCurrentWindow] successfully performed. @04-11-2021 10:16:29.0062 AM
[ReportManager] Successfully created attachment [Browser Action Test Data - CloseCurrentWindow - Actual Value] @04-11-2021 10:16:29.0063 A
[ReportManager] File Action [GetAbsolutePath] successfully performed. With the following test data [Relative Folder Path: "target/downloadedFiles/"]. @04-11-2021 10:16:29.0065 AM
[ReportManager] Attempting to run remotely on: [Linux-64], [GoogleChrome], [http://localhost:4444/wd/hub], Headless Execution. @04-11-2021 10:16:29.0065 AM
[ReportManager] Successfully Opened [GoogleChrome]. @04-11-2021 10:16:32.0438 AM
[ReportManager] Target URL: [https://www.google.com/ncr], and after redirection: [www.google.com] @04-11-2021 10:16:32.0439 AM
[ReportManager] Initial URL: [data:,] @04-11-2021 10:16:32.0482 AM
[ReportManager] Browser Action [NavigateToURL] successfully performed. With the following test data [https://www.google.com/ncr]. @04-11-2021 10:16:33.0340 A

################################################################################################################################################
Starting Execution:	[124 out of 146] test cases in the current suite
Test Method:		[unitTests.tests_validations_assertions.assertElementExists_true_expectedToFail]
################################################################################################################################################
[ReportManager] Assertion [ValidateElementExists] FAILED. Expected [Element Should Exist, locator 'By.id: fakeElement'] and Actual [Element Doesn't Exists]. Comparison Type [EQUALS]. Validation Type [POSITIVE]. @04-11-2021 10:17:04.0271 AM
[ReportManager] Successfully created attachment [Screenshot - 1636021024076_assertElementExists_true_expectedToFail_ValidateElementExists_failed] @04-11-2021 10:17:04.0272 A
[ReportManager] Browser Action [CloseCurrentWindow] successfully performed. @04-11-2021 10:17:04.0419 AM
[ReportManager] Successfully created attachment [Browser Action Test Data - CloseCurrentWindow - Actual Value] @04-11-2021 10:17:04.0420 A
[ReportManager] File Action [GetAbsolutePath] successfully performed. With the following test data [Relative Folder Path: "target/downloadedFiles/"]. @04-11-2021 10:17:04.0430 AM
[ReportManager] Attempting to run remotely on: [Linux-64], [GoogleChrome], [http://localhost:4444/wd/hub], Headless Execution. @04-11-2021 10:17:04.0431 AM
[ReportManager] Successfully Opened [GoogleChrome]. @04-11-2021 10:17:07.0443 AM
[ReportManager] Target URL: [https://www.google.com/ncr], and after redirection: [www.google.com] @04-11-2021 10:17:07.0443 AM
[ReportManager] Initial URL: [data:,] @04-11-2021 10:17:07.0510 AM
[ReportManager] Browser Action [NavigateToURL] successfully performed. With the following test data [https://www.google.com/ncr]. @04-11-2021 10:17:08.0314 A

################################################################################################################################################
Starting Execution:	[125 out of 146] test cases in the current suite
Test Method:		[unitTests.tests_validations_assertions.assertElementExists_true_expectedToPass]
################################################################################################################################################
[ReportManager] Loaded Shared OpenCV @04-11-2021 10:17:08.0677 AM
[ReportManager] Assertion [ValidateElementExists] PASSED. Expected [Element Should Exist, locator 'By.xpath: //*[@id='hplogo' or @alt='Google']'] and Actual [Element Exists]. Comparison Type [EQUALS]. Validation Type [POSITIVE]. @04-11-2021 10:17:08.0914 AM
[ReportManager] Successfully created attachment [Screenshot - 1636021028677_assertElementExists_true_expectedToPass_ValidateElementExists_passed] @04-11-2021 10:17:08.0915 A
[ReportManager] Browser Action [CloseCurrentWindow] successfully performed. @04-11-2021 10:17:09.0047 AM
[ReportManager] Successfully created attachment [Browser Action Test Data - CloseCurrentWindow - Actual Value] @04-11-2021 10:17:09.0048 A
[ReportManager] File Action [GetAbsolutePath] successfully performed. With the following test data [Relative Folder Path: "target/downloadedFiles/"]. @04-11-2021 10:17:09.0053 AM
[ReportManager] Attempting to run remotely on: [Linux-64], [GoogleChrome], [http://localhost:4444/wd/hub], Headless Execution. @04-11-2021 10:17:09.0053 AM
[ReportManager] Successfully Opened [GoogleChrome]. @04-11-2021 10:17:12.0438 AM
[ReportManager] Target URL: [https://www.google.com/ncr], and after redirection: [www.google.com] @04-11-2021 10:17:12.0439 AM
[ReportManager] Initial URL: [data:,] @04-11-2021 10:17:12.0520 AM
[ReportManager] Browser Action [NavigateToURL] successfully performed. With the following test data [https://www.google.com/ncr]. @04-11-2021 10:17:13.0337 A

################################################################################################################################################
Starting Execution:	[126 out of 146] test cases in the current suite
Test Method:		[unitTests.tests_validations_assertions.assertElementExists_true_multipleElementsFound_expectedToFail]
################################################################################################################################################
[ReportManager] Loaded Shared OpenCV @04-11-2021 10:17:13.0713 AM
[ReportManager] Assertion [ValidateElementExists] FAILED. Expected [Element Should Exist, locator 'By.xpath: //div'] and Actual [Element Exists but is not unique]. Comparison Type [EQUALS]. Validation Type [POSITIVE]. @04-11-2021 10:17:13.0938 AM
[ReportManager] Successfully created attachment [Screenshot - 1636021033713_assertElementExists_true_multipleElementsFound_expectedToFail_ValidateElementExists_failed] @04-11-2021 10:17:13.0939 A
[ReportManager] Browser Action [CloseCurrentWindow] successfully performed. @04-11-2021 10:17:14.0061 AM
[ReportManager] Successfully created attachment [Browser Action Test Data - CloseCurrentWindow - Actual Value] @04-11-2021 10:17:14.0062 A

################################################################################################################################################
Starting Execution:	[127 out of 146] test cases in the current suite
Test Method:		[unitTests.tests_validations_assertions.assertEquals_false_expectedToFail]
################################################################################################################################################
[ReportManager] Assertion [ValidateEquals] FAILED. Expected [1] and Actual [1]. Comparison Type [EQUALS]. Validation Type [NEGATIVE]. @04-11-2021 10:17:14.0066 A

################################################################################################################################################
Starting Execution:	[128 out of 146] test cases in the current suite
Test Method:		[unitTests.tests_validations_assertions.assertEquals_false_expectedToPass]
################################################################################################################################################
[ReportManager] Assertion [ValidateEquals] PASSED. Expected [1] and Actual [2]. Comparison Type [EQUALS]. Validation Type [NEGATIVE]. @04-11-2021 10:17:14.0072 A

################################################################################################################################################
Starting Execution:	[129 out of 146] test cases in the current suite
Test Method:		[unitTests.tests_validations_assertions.assertEquals_longCharacters]
################################################################################################################################################
[ReportManager] Verification [ValidateEquals] PASSED. Expected and Actual values are attached. Comparison Type [EQUALS]. Validation Type [POSITIVE]. @04-11-2021 10:17:14.0075 AM
[ReportManager] Successfully created attachment [Validation Test Data - Expected Value] @04-11-2021 10:17:14.0075 AM
[ReportManager] Successfully created attachment [Validation Test Data - Actual Value] @04-11-2021 10:17:14.0075 AM
[ReportManager] Assertion [ValidateEquals] PASSED. Expected and Actual values are attached. Comparison Type [EQUALS]. Validation Type [POSITIVE]. @04-11-2021 10:17:14.0075 AM
[ReportManager] Successfully created attachment [Validation Test Data - Expected Value] @04-11-2021 10:17:14.0075 AM
[ReportManager] Successfully created attachment [Validation Test Data - Actual Value] @04-11-2021 10:17:14.0076 A

################################################################################################################################################
Starting Execution:	[130 out of 146] test cases in the current suite
Test Method:		[unitTests.tests_validations_assertions.assertEquals_longCharacters_Discreet]
################################################################################################################################################
[ReportManager] Assertion [ValidateEquals] PASSED. Expected [1LH5pROcDBjjQk0t0mCr0lXuzQu9lcGj28kY8R1H81X67eVAQJgWQhILiRWVPUgZ6uCtK5cnBkF55Jr9vYngjGO1Iyf0Mktv6lruDlL9T8MAUPcUZJGHZtji6nIeadujDSNmWMj5d6C8zlFqw0CRqBU0hO5adIasHgBSNoLotAjce3NGXoDwAlp3rYreeV16VIyZXROQY] and Actual [1LH5pROcDBjjQk0t0mCr0lXuzQu9lcGj28kY8R1H81X67eVAQJgWQhILiRWVPUgZ6uCtK5cnBkF55Jr9vYngjGO1Iyf0Mktv6lruDlL9T8MAUPcUZJGHZtji6nIeadujDSNmWMj5d6C8zlFqw0CRqBU0hO5adIasHgBSNoLotAjce3NGXoDwAlp3rYreeV16VIyZXROQY]. Comparison Type [EQUALS]. Validation Type [POSITIVE]. @04-11-2021 10:17:14.0077 A

################################################################################################################################################
Starting Execution:	[131 out of 146] test cases in the current suite
Test Method:		[unitTests.tests_validations_assertions.assertEquals_true_expectedToFail]
################################################################################################################################################
[ReportManager] Assertion [ValidateEquals] FAILED. Expected [1] and Actual [2]. Comparison Type [EQUALS]. Validation Type [POSITIVE]. @04-11-2021 10:17:14.0082 A

################################################################################################################################################
Starting Execution:	[132 out of 146] test cases in the current suite
Test Method:		[unitTests.tests_validations_assertions.assertEquals_true_expectedToPass]
Test Description:	[Assert that assertEquals works as expected when the two values are equal.]
################################################################################################################################################
[ReportManager] Verification [ValidateEquals] PASSED. Expected [1] and Actual [1]. Comparison Type [EQUALS]. Validation Type [POSITIVE]. @04-11-2021 10:17:14.0084 AM
[ReportManager] Assertion [ValidateEquals] PASSED. Expected [1] and Actual [1]. Comparison Type [EQUALS]. Validation Type [POSITIVE]. @04-11-2021 10:17:14.0085 A

################################################################################################################################################
Starting Execution:	[133 out of 146] test cases in the current suite
Test Method:		[unitTests.tests_validations_assertions.assertEquals_true_expectedToPass__]
################################################################################################################################################
[ReportManager] Assertion [ValidateEquals] PASSED. Expected [1] and Actual [1]. Comparison Type [EQUALS]. Validation Type [POSITIVE]. @04-11-2021 10:17:14.0088 A

################################################################################################################################################
Starting Execution:	[134 out of 146] test cases in the current suite
Test Method:		[unitTests.tests_validations_assertions.assertFileExists_false_expectedToFail]
################################################################################################################################################
[ReportManager] File Action [DoesFileExist] successfully performed. With the following test data [File Path: "src/main/java/com/shaft/gui/element/ElementActions.java"]. @04-11-2021 10:17:14.0090 AM
[ReportManager] Assertion [ValidateFileExists] FAILED. Expected [File 'src/main/java/com/shaft/gui/element/ElementActions.java' should not exist, after up to '1' retries] and Actual [File exists]. Validation Type [NEGATIVE]. @04-11-2021 10:17:14.0091 A

################################################################################################################################################
Starting Execution:	[135 out of 146] test cases in the current suite
Test Method:		[unitTests.tests_validations_assertions.assertFileExists_false_expectedToPass]
################################################################################################################################################
[ReportManager] File Action [DoesFileExist] successfully performed. With the following test data [File Path: "src/main/java/com/shaft/gui/element/ElementActions.java_fail"]. @04-11-2021 10:17:14.0593 AM
[ReportManager] Assertion [ValidateFileExists] PASSED. Expected [File 'src/main/java/com/shaft/gui/element/ElementActions.java_fail' should not exist, after up to '1' retries] and Actual [File does not exist]. Validation Type [NEGATIVE]. @04-11-2021 10:17:14.0593 A

################################################################################################################################################
Starting Execution:	[136 out of 146] test cases in the current suite
Test Method:		[unitTests.tests_validations_assertions.assertFileExists_true_expectedToFail]
################################################################################################################################################
[ReportManager] File Action [DoesFileExist] successfully performed. With the following test data [File Path: "src/main/java/com/shaft/gui/element/ElementActions.java_fail"]. @04-11-2021 10:17:15.0097 AM
[ReportManager] Assertion [ValidateFileExists] FAILED. Expected [File 'src/main/java/com/shaft/gui/element/ElementActions.java_fail' should exist, after up to '1' retries] and Actual [File does not exist]. Validation Type [POSITIVE]. @04-11-2021 10:17:15.0097 A

################################################################################################################################################
Starting Execution:	[137 out of 146] test cases in the current suite
Test Method:		[unitTests.tests_validations_assertions.assertFileExists_true_expectedToPass]
################################################################################################################################################
[ReportManager] File Action [DoesFileExist] successfully performed. With the following test data [File Path: "src/main/java/com/shaft/gui/element/ElementActions.java"]. @04-11-2021 10:17:15.0102 AM
[ReportManager] Assertion [ValidateFileExists] PASSED. Expected [File 'src/main/java/com/shaft/gui/element/ElementActions.java' should exist, after up to '1' retries] and Actual [File exists]. Validation Type [POSITIVE]. @04-11-2021 10:17:15.0103 A

################################################################################################################################################
Starting Execution:	[138 out of 146] test cases in the current suite
Test Method:		[unitTests.tests_validations_assertions.assertNull_false_expectedToFail]
################################################################################################################################################
[ReportManager] Assertion [ValidateNull] FAILED. Expected [NULL] and Actual [NULL]. Comparison Type [EQUALS]. Validation Type [NEGATIVE]. @04-11-2021 10:17:15.0105 A

################################################################################################################################################
Starting Execution:	[139 out of 146] test cases in the current suite
Test Method:		[unitTests.tests_validations_assertions.assertNull_false_expectedToPass]
################################################################################################################################################
[ReportManager] Assertion [ValidateNull] PASSED. Expected [NULL] and Actual [1]. Comparison Type [EQUALS]. Validation Type [NEGATIVE]. @04-11-2021 10:17:15.0107 A

################################################################################################################################################
Starting Execution:	[140 out of 146] test cases in the current suite
Test Method:		[unitTests.tests_validations_assertions.assertNull_true_expectedToFail]
################################################################################################################################################
[ReportManager] Assertion [ValidateNull] FAILED. Expected [NULL] and Actual [1]. Comparison Type [EQUALS]. Validation Type [POSITIVE]. @04-11-2021 10:17:15.0110 A

################################################################################################################################################
Starting Execution:	[141 out of 146] test cases in the current suite
Test Method:		[unitTests.tests_validations_assertions.assertNull_true_expectedToPass]
################################################################################################################################################
[ReportManager] Assertion [ValidateNull] PASSED. Expected [NULL] and Actual [NULL]. Comparison Type [EQUALS]. Validation Type [POSITIVE]. @04-11-2021 10:17:15.0112 A
[ReportManager] File Action [GetAbsolutePath] successfully performed. With the following test data [Relative Folder Path: "target/downloadedFiles/"]. @04-11-2021 10:17:15.0113 AM
[ReportManager] Attempting to run remotely on: [Linux-64], [GoogleChrome], [http://localhost:4444/wd/hub], Headless Execution. @04-11-2021 10:17:15.0113 AM
[ReportManager] Successfully Opened [GoogleChrome]. @04-11-2021 10:17:17.0452 A

################################################################################################################################################
Starting Execution:	[142 out of 146] test cases in the current suite
Test Method:		[unitTests.tests_element_elementActions.waitForElementToBePresent_false_expectedToFail]
################################################################################################################################################
[ReportManager] Target URL: [https://www.google.com/ncr], and after redirection: [www.google.com] @04-11-2021 10:17:17.0454 AM
[ReportManager] Initial URL: [data:,] @04-11-2021 10:17:17.0512 AM
[ReportManager] Browser Action [NavigateToURL] successfully performed. With the following test data [https://www.google.com/ncr]. @04-11-2021 10:17:18.0456 AM
[ReportManager] Waiting for element to be present; elementLocator [By.xpath: //*[@id='hplogo' or @alt='Google']], numberOfTries[1], stateOfPresence[false]... @04-11-2021 10:17:18.0478 AM
[ReportManager] Element Action [WaitForElementToBePresent] failed. With the following test data [waited for the element's state of presence to be (false). Element locator (By.xpath: //*[@id='hplogo' or @alt='Google'])]. @04-11-2021 10:17:18.0964 AM
[ReportManager] Successfully created attachment [Screenshot - 1636021038773_waitForElementToBePresent_false_expectedToFail_WaitForElementToBePresent_failed] @04-11-2021 10:17:18.0965 A
[ReportManager] Browser Action [CloseCurrentWindow] successfully performed. @04-11-2021 10:17:19.0104 AM
[ReportManager] Successfully created attachment [Browser Action Test Data - CloseCurrentWindow - Actual Value] @04-11-2021 10:17:19.0105 A
[ReportManager] File Action [GetAbsolutePath] successfully performed. With the following test data [Relative Folder Path: "target/downloadedFiles/"]. @04-11-2021 10:17:19.0108 AM
[ReportManager] Attempting to run remotely on: [Linux-64], [GoogleChrome], [http://localhost:4444/wd/hub], Headless Execution. @04-11-2021 10:17:19.0108 AM
[ReportManager] Successfully Opened [GoogleChrome]. @04-11-2021 10:17:22.0455 A

################################################################################################################################################
Starting Execution:	[143 out of 146] test cases in the current suite
Test Method:		[unitTests.tests_element_elementActions.waitForElementToBePresent_false_expectedToPass]
################################################################################################################################################
[ReportManager] Target URL: [https://www.google.com/ncr], and after redirection: [www.google.com] @04-11-2021 10:17:22.0463 AM
[ReportManager] Initial URL: [data:,] @04-11-2021 10:17:22.0516 AM
[ReportManager] Browser Action [NavigateToURL] successfully performed. With the following test data [https://www.google.com/ncr]. @04-11-2021 10:17:23.0324 AM
[ReportManager] Waiting for element to be present; elementLocator [By.id: bla], numberOfTries[1], stateOfPresence[false]... @04-11-2021 10:17:23.0324 AM
[ReportManager] Element Action [WaitForElementToBePresent] successfully performed. With the following test data [waited for the element's state of presence to be (false). Element locator (By.id: bla)]. @04-11-2021 10:17:28.0453 A
[ReportManager] Browser Action [CloseCurrentWindow] successfully performed. @04-11-2021 10:17:28.0575 AM
[ReportManager] Successfully created attachment [Browser Action Test Data - CloseCurrentWindow - Actual Value] @04-11-2021 10:17:28.0576 A
[ReportManager] File Action [GetAbsolutePath] successfully performed. With the following test data [Relative Folder Path: "target/downloadedFiles/"]. @04-11-2021 10:17:28.0578 AM
[ReportManager] Attempting to run remotely on: [Linux-64], [GoogleChrome], [http://localhost:4444/wd/hub], Headless Execution. @04-11-2021 10:17:28.0578 AM
[ReportManager] Successfully Opened [GoogleChrome]. @04-11-2021 10:17:32.0439 A

################################################################################################################################################
Starting Execution:	[144 out of 146] test cases in the current suite
Test Method:		[unitTests.tests_element_elementActions.waitForElementToBePresent_moreThanOneElement_expectedToFail]
################################################################################################################################################
[ReportManager] Target URL: [https://www.google.com/ncr], and after redirection: [www.google.com] @04-11-2021 10:17:32.0441 AM
[ReportManager] Initial URL: [data:,] @04-11-2021 10:17:32.0498 AM
[ReportManager] Browser Action [NavigateToURL] successfully performed. With the following test data [https://www.google.com/ncr]. @04-11-2021 10:17:33.0310 AM
[ReportManager] Waiting for element to be present; elementLocator [By.xpath: //*], numberOfTries[1], stateOfPresence[false]... @04-11-2021 10:17:33.0310 AM
[ReportManager] Element Action [WaitForElementToBePresent] failed. With the following test data [waited for the element's state of presence to be (false). Element locator (By.xpath: //*)]. @04-11-2021 10:17:33.0813 AM
[ReportManager] Successfully created attachment [Screenshot - 1636021053616_waitForElementToBePresent_moreThanOneElement_expectedToFail_WaitForElementToBePresent_failed] @04-11-2021 10:17:33.0816 A
[ReportManager] Browser Action [CloseCurrentWindow] successfully performed. @04-11-2021 10:17:34.0050 AM
[ReportManager] Successfully created attachment [Browser Action Test Data - CloseCurrentWindow - Actual Value] @04-11-2021 10:17:34.0051 A
[ReportManager] File Action [GetAbsolutePath] successfully performed. With the following test data [Relative Folder Path: "target/downloadedFiles/"]. @04-11-2021 10:17:34.0056 AM
[ReportManager] Attempting to run remotely on: [Linux-64], [GoogleChrome], [http://localhost:4444/wd/hub], Headless Execution. @04-11-2021 10:17:34.0056 AM
[ReportManager] Successfully Opened [GoogleChrome]. @04-11-2021 10:17:37.0444 A

################################################################################################################################################
Starting Execution:	[145 out of 146] test cases in the current suite
Test Method:		[unitTests.tests_element_elementActions.waitForElementToBePresent_true_expectedToFail]
################################################################################################################################################
[ReportManager] Target URL: [https://www.google.com/ncr], and after redirection: [www.google.com] @04-11-2021 10:17:37.0447 AM
[ReportManager] Initial URL: [data:,] @04-11-2021 10:17:37.0532 AM
[ReportManager] Browser Action [NavigateToURL] successfully performed. With the following test data [https://www.google.com/ncr]. @04-11-2021 10:17:38.0373 AM
[ReportManager] Waiting for element to be present; elementLocator [By.id: bla], numberOfTries[1], stateOfPresence[true]... @04-11-2021 10:17:38.0373 AM
[ReportManager] Element Action [WaitForElementToBePresent] failed. With the following test data [waited for the element's state of presence to be (true). Element locator (By.id: bla)]. @04-11-2021 10:17:43.0935 AM
[ReportManager] Successfully created attachment [Screenshot - 1636021063759_waitForElementToBePresent_true_expectedToFail_WaitForElementToBePresent_failed] @04-11-2021 10:17:43.0935 A
[ReportManager] Browser Action [CloseCurrentWindow] successfully performed. @04-11-2021 10:17:44.0074 AM
[ReportManager] Successfully created attachment [Browser Action Test Data - CloseCurrentWindow - Actual Value] @04-11-2021 10:17:44.0074 A
[ReportManager] File Action [GetAbsolutePath] successfully performed. With the following test data [Relative Folder Path: "target/downloadedFiles/"]. @04-11-2021 10:17:44.0077 AM
[ReportManager] Attempting to run remotely on: [Linux-64], [GoogleChrome], [http://localhost:4444/wd/hub], Headless Execution. @04-11-2021 10:17:44.0077 AM
[ReportManager] Successfully Opened [GoogleChrome]. @04-11-2021 10:17:47.0440 A

################################################################################################################################################
Starting Execution:	[146 out of 146] test cases in the current suite
Test Method:		[unitTests.tests_element_elementActions.waitForElementToBePresent_true_expectedToPass]
################################################################################################################################################
[ReportManager] Target URL: [https://www.google.com/ncr], and after redirection: [www.google.com] @04-11-2021 10:17:47.0448 AM
[ReportManager] Initial URL: [data:,] @04-11-2021 10:17:47.0530 AM
[ReportManager] Browser Action [NavigateToURL] successfully performed. With the following test data [https://www.google.com/ncr]. @04-11-2021 10:17:48.0293 AM
[ReportManager] Waiting for element to be present; elementLocator [By.xpath: //*[@id='hplogo' or @alt='Google']], numberOfTries[1], stateOfPresence[true]... @04-11-2021 10:17:48.0293 AM
[ReportManager] Element Action [WaitForElementToBePresent] successfully performed. With the following test data [waited for the element's state of presence to be (true). Element locator (By.xpath: //*[@id='hplogo' or @alt='Google'])]. @04-11-2021 10:17:48.0367 AM
[ReportManager] File Action [DoesFileExist] successfully performed. With the following test data [File Path: "src/main/resources/dynamicObjectRepository/unitTests_tests_element_elementActions_waitForElementToBePresent_true_expectedToPass_By_xpath_id_hplogo_or_alt_Google.png"]. @04-11-2021 10:17:48.0371 AM
[ReportManager] File Action [DoesFileExist] successfully performed. With the following test data [File Path: "src/main/resources/dynamicObjectRepository/unitTests_tests_element_elementActions_waitForElementToBePresent_true_expectedToPass_By_xpath_id_hplogo_or_alt_Google.png"]. @04-11-2021 10:17:48.0606 AM
[ReportManager] Passing the test and saving a reference image @04-11-2021 10:17:48.0606 AM
[ReportManager] File Action [GetAbsolutePath] successfully performed. With the following test data [Relative File Path: "src/main/resources/dynamicObjectRepository/unitTests_tests_element_elementActions_waitForElementToBePresent_true_expectedToPass_By_xpath_id_hplogo_or_alt_Google.png"]. @04-11-2021 10:17:48.0606 AM
[ReportManager] File Action [WriteToFile] successfully performed. With the following test data [Target File Path: "/home/runner/work/SHAFT_ENGINE/SHAFT_ENGINE/src/main/resources/dynamicObjectRepository/unitTests_tests_element_elementActions_waitForElementToBePresent_true_expectedToPass_By_xpath_id_hplogo_or_alt_Google.png"]. @04-11-2021 10:17:48.0608 AM
[ReportManager] Assertion Passed: Using Visual AI; OpenCV @04-11-2021 10:17:48.0608 AM
[ReportManager] Successfully created attachment [Validation Test Data - Actual Screenshot] @04-11-2021 10:17:48.0609 AM
[ReportManager] Assertion [ValidateElementMatches] PASSED. Expected [Element should match the reference screenshot] and Actual [TRUE]. Comparison Type [EXACT_OPENCV]. Validation Type [POSITIVE]. @04-11-2021 10:17:48.0609 A
[ReportManager] Browser Action [CloseCurrentWindow] successfully performed. @04-11-2021 10:17:48.0752 AM
[ReportManager] Successfully created attachment [Browser Action Test Data - CloseCurrentWindow - Actual Value] @04-11-2021 10:17:48.0753 A
[ReportManager] Successfully created attachment [SHAFT Engine Logs - Execution log] @04-11-2021 10:17:48.0781 AM

################################################################################################################################################
This test run was powered by SHAFT Engine Version: [SHAFT Engine v5.4.20211030-BETA]
SHAFT Engine is licensed under the MIT License: [https://github.com/MohabMohie/SHAFT_ENGINE/blob/master/LICENSE].
################################################################################################################################################