{
  "uid" : "b286f71cb9ca26d3",
  "name" : "f10",
  "fullName" : "testPackage01.Test_NewValidationHelper.f10",
  "historyId" : "d5d715b3d739d9e30ec0c208231a5b19",
  "time" : {
    "start" : 1637140886459,
    "stop" : 1637140886752,
    "duration" : 293
  },
  "status" : "passed",
  "flaky" : false,
  "newFailed" : false,
  "beforeStages" : [ {
    "name" : "openBrowser",
    "time" : {
      "start" : 1637140884807,
      "stop" : 1637140886441,
      "duration" : 1634
    },
    "description" : "",
    "status" : "passed",
    "steps" : [ {
      "name" : "Attempting to run locally on: [Mac-64], [Safari], Headless Execution.",
      "time" : {
        "start" : 1637140884807,
        "stop" : 1637140884807,
        "duration" : 0
      },
      "status" : "passed",
      "steps" : [ ],
      "attachments" : [ ],
      "parameters" : [ {
        "name" : "actionCounter",
        "value" : "209"
      }, {
        "name" : "logText",
        "value" : "Attempting to run locally on: [Mac-64], [Safari], Headless Execution."
      } ],
      "stepsCount" : 0,
      "attachmentsCount" : 0,
      "shouldDisplayMessage" : false,
      "hasContent" : true
    }, {
      "name" : "Successfully Opened Safari.",
      "time" : {
        "start" : 1637140885627,
        "stop" : 1637140885628,
        "duration" : 1
      },
      "status" : "passed",
      "steps" : [ ],
      "attachments" : [ ],
      "parameters" : [ {
        "name" : "actionCounter",
        "value" : "210"
      }, {
        "name" : "logText",
        "value" : "Successfully Opened Safari."
      } ],
      "stepsCount" : 0,
      "attachmentsCount" : 0,
      "shouldDisplayMessage" : false,
      "hasContent" : true
    }, {
      "name" : "Browser Action [MaximizeWindow] successfully performed. With the following test data [New screen size is now: (1176, 811)].",
      "time" : {
        "start" : 1637140885679,
        "stop" : 1637140885680,
        "duration" : 1
      },
      "status" : "passed",
      "steps" : [ ],
      "attachments" : [ ],
      "parameters" : [ {
        "name" : "actionCounter",
        "value" : "211"
      }, {
        "name" : "logText",
        "value" : "Browser Action [MaximizeWindow] successfully performed. With the following test data [New screen size is now: (1176, 811)]."
      }, {
        "name" : "attachments",
        "value" : "[null]"
      } ],
      "stepsCount" : 0,
      "attachmentsCount" : 0,
      "shouldDisplayMessage" : false,
      "hasContent" : true
    }, {
      "name" : "Browser Action [NavigateToURL] successfully performed. With the following test data [https://the-internet.herokuapp.com/].",
      "time" : {
        "start" : 1637140886441,
        "stop" : 1637140886441,
        "duration" : 0
      },
      "status" : "passed",
      "steps" : [ ],
      "attachments" : [ ],
      "parameters" : [ {
        "name" : "actionCounter",
        "value" : "212"
      }, {
        "name" : "logText",
        "value" : "Browser Action [NavigateToURL] successfully performed. With the following test data [https://the-internet.herokuapp.com/]."
      }, {
        "name" : "attachments",
        "value" : "[null]"
      } ],
      "stepsCount" : 0,
      "attachmentsCount" : 0,
      "shouldDisplayMessage" : false,
      "hasContent" : true
    } ],
    "attachments" : [ ],
    "parameters" : [ ],
    "stepsCount" : 4,
    "attachmentsCount" : 0,
    "shouldDisplayMessage" : false,
    "hasContent" : true
  }, {
    "name" : "setupActivities",
    "time" : {
      "start" : 1637140785206,
      "stop" : 1637140788438,
      "duration" : 3232
    },
    "description" : "",
    "status" : "passed",
    "steps" : [ {
      "name" : "Folder [allure-results] was not found, it may have already been deleted.",
      "time" : {
        "start" : 1637140785301,
        "stop" : 1637140785303,
        "duration" : 2
      },
      "status" : "passed",
      "steps" : [ ],
      "attachments" : [ ],
      "parameters" : [ {
        "name" : "actionCounter",
        "value" : "1"
      }, {
        "name" : "logText",
        "value" : "Folder [allure-results] was not found, it may have already been deleted."
      } ],
      "stepsCount" : 0,
      "attachmentsCount" : 0,
      "shouldDisplayMessage" : false,
      "hasContent" : true
    }, {
      "name" : "Folder [/Users/runner/.m2/repository/allure/] was not found, it may have already been deleted.",
      "time" : {
        "start" : 1637140785304,
        "stop" : 1637140785304,
        "duration" : 0
      },
      "status" : "passed",
      "steps" : [ ],
      "attachments" : [ ],
      "parameters" : [ {
        "name" : "actionCounter",
        "value" : "2"
      }, {
        "name" : "logText",
        "value" : "Folder [/Users/runner/.m2/repository/allure/] was not found, it may have already been deleted."
      } ],
      "stepsCount" : 0,
      "attachmentsCount" : 0,
      "shouldDisplayMessage" : false,
      "hasContent" : true
    }, {
      "name" : "Downloading a file from this url [https://repo.maven.apache.org/maven2/io/qameta/allure/allure-commandline/2.16.1/allure-commandline-2.16.1.zip] to this directory [target/allureBinary.zip], please wait as downloading may take some time...",
      "time" : {
        "start" : 1637140785305,
        "stop" : 1637140785305,
        "duration" : 0
      },
      "status" : "passed",
      "steps" : [ ],
      "attachments" : [ ],
      "parameters" : [ {
        "name" : "actionCounter",
        "value" : "3"
      }, {
        "name" : "logText",
        "value" : "Downloading a file from this url [https://repo.maven.apache.org/maven2/io/qameta/allure/allure-commandline/2.16.1/allure-commandline-2.16.1.zip] to this directory [target/allureBinary.zip], please wait as downloading may take some time..."
      } ],
      "stepsCount" : 0,
      "attachmentsCount" : 0,
      "shouldDisplayMessage" : false,
      "hasContent" : true
    }, {
      "name" : "Terminal Action [PerformTerminalCommands] successfully performed. With the following test data [Host Name: \"localHost\" | Command: \"chmod u+x /Users/runner/.m2/repository/allure/allure-2.16.1/bin/allure\" | Exit Status: \"0\"].",
      "time" : {
        "start" : 1637140787454,
        "stop" : 1637140787454,
        "duration" : 0
      },
      "status" : "passed",
      "steps" : [ ],
      "attachments" : [ ],
      "parameters" : [ {
        "name" : "actionCounter",
        "value" : "4"
      }, {
        "name" : "logText",
        "value" : "Terminal Action [PerformTerminalCommands] successfully performed. With the following test data [Host Name: \"localHost\" | Command: \"chmod u+x /Users/runner/.m2/repository/allure/allure-2.16.1/bin/allure\" | Exit Status: \"0\"]."
      } ],
      "stepsCount" : 0,
      "attachmentsCount" : 0,
      "shouldDisplayMessage" : false,
      "hasContent" : true
    }, {
      "name" : "Terminal Action [PerformTerminalCommands] successfully performed. With the following test data [Host Name: \"localHost\" | Command: \"chmod u+x generate_allure_report.sh\" | Exit Status: \"0\"].",
      "time" : {
        "start" : 1637140787463,
        "stop" : 1637140787463,
        "duration" : 0
      },
      "status" : "passed",
      "steps" : [ ],
      "attachments" : [ ],
      "parameters" : [ {
        "name" : "actionCounter",
        "value" : "5"
      }, {
        "name" : "logText",
        "value" : "Terminal Action [PerformTerminalCommands] successfully performed. With the following test data [Host Name: \"localHost\" | Command: \"chmod u+x generate_allure_report.sh\" | Exit Status: \"0\"]."
      } ],
      "stepsCount" : 0,
      "attachmentsCount" : 0,
      "shouldDisplayMessage" : false,
      "hasContent" : true
    }, {
      "name" : "Folder [extent-reports] was not found, it may have already been deleted.",
      "time" : {
        "start" : 1637140787591,
        "stop" : 1637140787591,
        "duration" : 0
      },
      "status" : "passed",
      "steps" : [ ],
      "attachments" : [ ],
      "parameters" : [ {
        "name" : "actionCounter",
        "value" : "6"
      }, {
        "name" : "logText",
        "value" : "Folder [extent-reports] was not found, it may have already been deleted."
      } ],
      "stepsCount" : 0,
      "attachmentsCount" : 0,
      "shouldDisplayMessage" : false,
      "hasContent" : true
    } ],
    "attachments" : [ {
      "uid" : "85d5a7b44c13d920",
      "name" : "Attachment: SHAFT Links - Important",
      "source" : "85d5a7b44c13d920.uri",
      "type" : "text/uri-list",
      "size" : 346
    }, {
      "uid" : "3674403b7cfd9466",
      "name" : "Attachment: Properties - testNG",
      "source" : "3674403b7cfd9466.properties",
      "type" : "text/plain",
      "size" : 492
    }, {
      "uid" : "6330f76bfbc985ba",
      "name" : "Attachment: Properties - ExecutionPlatform",
      "source" : "6330f76bfbc985ba.properties",
      "type" : "text/plain",
      "size" : 394
    }, {
      "uid" : "b7193b3079959dc4",
      "name" : "Attachment: Properties - path",
      "source" : "b7193b3079959dc4.properties",
      "type" : "text/plain",
      "size" : 687
    }, {
      "uid" : "eb80f205ffe37728",
      "name" : "Attachment: Properties - video",
      "source" : "eb80f205ffe37728.properties",
      "type" : "text/plain",
      "size" : 763
    }, {
      "uid" : "66cdefc97775389",
      "name" : "Attachment: Properties - pattern",
      "source" : "66cdefc97775389.properties",
      "type" : "text/plain",
      "size" : 564
    }, {
      "uid" : "a4566548a3bb4bd8",
      "name" : "Attachment: Properties - internal",
      "source" : "a4566548a3bb4bd8.properties",
      "type" : "text/plain",
      "size" : 116
    }, {
      "uid" : "b97b7566ac3cb71e",
      "name" : "Attachment: Properties - MobileCapabilities",
      "source" : "b97b7566ac3cb71e.properties",
      "type" : "text/plain",
      "size" : 470
    }, {
      "uid" : "56004acebce4f3eb",
      "name" : "Attachment: Properties - cucumber",
      "source" : "56004acebce4f3eb.properties",
      "type" : "text/plain",
      "size" : 226
    }, {
      "uid" : "80b47ccb865abd0c",
      "name" : "Attachment: Properties - PlatformFlags",
      "source" : "80b47ccb865abd0c.properties",
      "type" : "text/plain",
      "size" : 722
    }, {
      "uid" : "c5d47e24bbadc962",
      "name" : "Attachment: Properties - Timeouts",
      "source" : "c5d47e24bbadc962.properties",
      "type" : "text/plain",
      "size" : 722
    }, {
      "uid" : "5e93359333c01123",
      "name" : "Attachment: Properties - Reporting",
      "source" : "5e93359333c01123.properties",
      "type" : "text/plain",
      "size" : 614
    }, {
      "uid" : "fb4019422c43594",
      "name" : "Attachment: Properties - browserStack",
      "source" : "fb4019422c43594.properties",
      "type" : "text/plain",
      "size" : 877
    }, {
      "uid" : "961c9fd879eea4b",
      "name" : "Attachment: Properties - VisualValidations",
      "source" : "961c9fd879eea4b.properties",
      "type" : "text/plain",
      "size" : 723
    } ],
    "parameters" : [ ],
    "stepsCount" : 6,
    "attachmentsCount" : 14,
    "shouldDisplayMessage" : false,
    "hasContent" : true
  } ],
  "testStage" : {
    "status" : "passed",
    "steps" : [ {
      "name" : "Assertion [ValidateElementExists] FAILED. Expected [Element Should Exist, locator 'By.tagName: div'] and Actual [Element Exists but is not unique]. Comparison Type [EQUALS]. Validation Type [POSITIVE].",
      "time" : {
        "start" : 1637140886730,
        "stop" : 1637140886744,
        "duration" : 14
      },
      "status" : "passed",
      "steps" : [ ],
      "attachments" : [ {
        "uid" : "b018e134a18f0868",
        "name" : "Attachment: Screenshot - 1637140886545_f10_ValidateElementExists_failed",
        "source" : "b018e134a18f0868.png",
        "type" : "image/png",
        "size" : 202269
      } ],
      "parameters" : [ {
        "name" : "actionCounter",
        "value" : "213"
      }, {
        "name" : "logText",
        "value" : "Assertion [ValidateElementExists] FAILED. Expected [Element Should Exist, locator 'By.tagName: div'] and Actual [Element Exists but is not unique]. Comparison Type [EQUALS]. Validation Type [POSITIVE]."
      }, {
        "name" : "attachments",
        "value" : "[[Screenshot, 1637140886545_f10_ValidateElementExists_failed, java.io.ByteArrayInputStream@5a0d3c69]]"
      } ],
      "stepsCount" : 0,
      "attachmentsCount" : 1,
      "shouldDisplayMessage" : false,
      "hasContent" : true
    } ],
    "attachments" : [ {
      "uid" : "5b2b136eff2ba419",
      "name" : "Attachment: SHAFT Engine Logs - Current Method log: f10",
      "source" : "5b2b136eff2ba419.txt",
      "type" : "text/plain",
      "size" : 868
    } ],
    "parameters" : [ ],
    "stepsCount" : 1,
    "attachmentsCount" : 2,
    "shouldDisplayMessage" : false,
    "hasContent" : true
  },
  "afterStages" : [ {
    "name" : "closeBrowser",
    "time" : {
      "start" : 1637140886765,
      "stop" : 1637140887067,
      "duration" : 302
    },
    "description" : "",
    "status" : "broken",
    "statusMessage" : "Could not initialize class org.openqa.selenium.remote.UnreachableBrowserException",
    "statusTrace" : "java.lang.NoClassDefFoundError: Could not initialize class org.openqa.selenium.remote.UnreachableBrowserException\n\tat org.openqa.selenium.remote.RemoteWebDriver.execute(RemoteWebDriver.java:583)\n\tat org.openqa.selenium.remote.RemoteWebDriver.execute(RemoteWebDriver.java:614)\n\tat org.openqa.selenium.remote.RemoteWebDriver.execute(RemoteWebDriver.java:618)\n\tat org.openqa.selenium.remote.RemoteWebDriver.quit(RemoteWebDriver.java:455)\n\tat com.shaft.driver.DriverFactoryHelper.attemptToCloseOrQuitDriver(DriverFactoryHelper.java:737)\n\tat com.shaft.driver.DriverFactoryHelper.closeAllDrivers(DriverFactoryHelper.java:238)\n\tat com.shaft.driver.DriverFactory.closeAllDrivers(DriverFactory.java:175)\n\tat com.shaft.gui.browser.BrowserFactory.closeAllBrowsers(BrowserFactory.java:50)\n\tat testPackage01.Test_NewValidationHelper.closeBrowser(Test_NewValidationHelper.java:332)\n\tat java.base/jdk.internal.reflect.NativeMethodAccessorImpl.invoke0(Native Method)\n\tat java.base/jdk.internal.reflect.NativeMethodAccessorImpl.invoke(NativeMethodAccessorImpl.java:77)\n\tat java.base/jdk.internal.reflect.DelegatingMethodAccessorImpl.invoke(DelegatingMethodAccessorImpl.java:43)\n\tat java.base/java.lang.reflect.Method.invoke(Method.java:568)\n\tat org.testng.internal.MethodInvocationHelper.invokeMethod(MethodInvocationHelper.java:133)\n\tat org.testng.internal.MethodInvocationHelper.invokeMethodConsideringTimeout(MethodInvocationHelper.java:62)\n\tat org.testng.internal.ConfigInvoker.invokeConfigurationMethod(ConfigInvoker.java:385)\n\tat org.testng.internal.ConfigInvoker.invokeConfigurations(ConfigInvoker.java:321)\n\tat org.testng.internal.TestInvoker.runConfigMethods(TestInvoker.java:700)\n\tat org.testng.internal.TestInvoker.runAfterGroupsConfigurations(TestInvoker.java:676)\n\tat org.testng.internal.TestInvoker.invokeMethod(TestInvoker.java:660)\n\tat org.testng.internal.TestInvoker.invokeTestMethod(TestInvoker.java:173)\n\tat org.testng.internal.MethodRunner.runInSequence(MethodRunner.java:46)\n\tat org.testng.internal.TestInvoker$MethodInvocationAgent.invoke(TestInvoker.java:824)\n\tat org.testng.internal.TestInvoker.invokeTestMethods(TestInvoker.java:146)\n\tat org.testng.internal.TestMethodWorker.invokeTestMethods(TestMethodWorker.java:146)\n\tat org.testng.internal.TestMethodWorker.run(TestMethodWorker.java:128)\n\tat java.base/java.util.ArrayList.forEach(ArrayList.java:1511)\n\tat org.testng.TestRunner.privateRun(TestRunner.java:794)\n\tat org.testng.TestRunner.run(TestRunner.java:596)\n\tat org.testng.SuiteRunner.runTest(SuiteRunner.java:377)\n\tat org.testng.SuiteRunner.runSequentially(SuiteRunner.java:371)\n\tat org.testng.SuiteRunner.privateRun(SuiteRunner.java:332)\n\tat org.testng.SuiteRunner.run(SuiteRunner.java:276)\n\tat org.testng.SuiteRunnerWorker.runSuite(SuiteRunnerWorker.java:53)\n\tat org.testng.SuiteRunnerWorker.run(SuiteRunnerWorker.java:96)\n\tat org.testng.TestNG.runSuitesSequentially(TestNG.java:1212)\n\tat org.testng.TestNG.runSuitesLocally(TestNG.java:1134)\n\tat org.testng.TestNG.runSuites(TestNG.java:1063)\n\tat org.testng.TestNG.run(TestNG.java:1031)\n\tat org.apache.maven.surefire.testng.TestNGExecutor.run(TestNGExecutor.java:136)\n\tat org.apache.maven.surefire.testng.TestNGDirectoryTestSuite.executeMulti(TestNGDirectoryTestSuite.java:193)\n\tat org.apache.maven.surefire.testng.TestNGDirectoryTestSuite.execute(TestNGDirectoryTestSuite.java:94)\n\tat org.apache.maven.surefire.testng.TestNGProvider.invoke(TestNGProvider.java:145)\n\tat org.apache.maven.surefire.booter.ForkedBooter.runSuitesInProcess(ForkedBooter.java:428)\n\tat org.apache.maven.surefire.booter.ForkedBooter.execute(ForkedBooter.java:162)\n\tat org.apache.maven.surefire.booter.ForkedBooter.run(ForkedBooter.java:562)\n\tat org.apache.maven.surefire.booter.ForkedBooter.main(ForkedBooter.java:548)\n",
    "steps" : [ ],
    "attachments" : [ ],
    "parameters" : [ ],
    "stepsCount" : 0,
    "attachmentsCount" : 0,
    "shouldDisplayMessage" : true,
    "hasContent" : true
  } ],
  "labels" : [ {
    "name" : "package",
    "value" : "testPackage01.Test_NewValidationHelper"
  }, {
    "name" : "testClass",
    "value" : "testPackage01.Test_NewValidationHelper"
  }, {
    "name" : "testMethod",
    "value" : "f10"
  }, {
    "name" : "parentSuite",
    "value" : "SHAFT: Custom Suite"
  }, {
    "name" : "suite",
    "value" : "SHAFT: Custom Test"
  }, {
    "name" : "subSuite",
    "value" : "testPackage01.Test_NewValidationHelper"
  }, {
    "name" : "host",
    "value" : "Mac-1637140585100.local"
  }, {
    "name" : "thread",
    "value" : "2644@Mac-1637140585100.local.main(1)"
  }, {
    "name" : "framework",
    "value" : "testng"
  }, {
    "name" : "language",
    "value" : "java"
  }, {
    "name" : "resultFormat",
    "value" : "allure2"
  } ],
  "parameters" : [ ],
  "links" : [ ],
  "hidden" : false,
  "retry" : false,
  "extra" : {
    "severity" : "normal",
    "retries" : [ ],
    "categories" : [ ],
    "history" : {
      "statistic" : {
        "failed" : 0,
        "broken" : 0,
        "skipped" : 0,
        "passed" : 2,
        "unknown" : 0,
        "total" : 2
      },
      "items" : [ {
        "uid" : "c95337355c6df9e1",
        "reportUrl" : "https://MohabMohie.github.io/SHAFT_ENGINE/allure/macOS/Web/910//#testresult/c95337355c6df9e1",
        "status" : "passed",
        "time" : {
          "start" : 1637135656320,
          "stop" : 1637135656550,
          "duration" : 230
        }
      } ]
    },
    "tags" : [ ]
  },
  "source" : "b286f71cb9ca26d3.json",
  "parameterValues" : [ ]
}