{
  "uid" : "eb53da22ddd7c74d",
  "name" : "specialCharacters_assertion",
  "fullName" : "testPackage01.Test_JsonCompareWithSpecialCharacters.specialCharacters_assertion",
  "historyId" : "8a4b6fbdb2fb99adceabd3a1832314da",
  "time" : {
    "start" : 1635971259019,
    "stop" : 1635971259023,
    "duration" : 4
  },
  "status" : "failed",
  "statusMessage" : "API Action [CompareJSON] failed. With the following test data [Couldn't parse the desired file. [nullspecialCharacters.json].].",
  "statusTrace" : "java.lang.AssertionError: API Action [CompareJSON] failed. With the following test data [Couldn't parse the desired file. [nullspecialCharacters.json].].\n\tat org.testng.Assert.fail(Assert.java:87)\n\tat com.shaft.api.RestActions.failAction(RestActions.java:89)\n\tat com.shaft.api.RestActions.failAction(RestActions.java:415)\n\tat com.shaft.api.RestActions.compareJSON(RestActions.java:392)\n\tat com.shaft.validation.ValidationsHelper.validateJSONFileContent(ValidationsHelper.java:615)\n\tat com.shaft.validation.Assertions.assertJSONFileContent(Assertions.java:696)\n\tat testPackage01.Test_JsonCompareWithSpecialCharacters.specialCharacters_assertion(Test_JsonCompareWithSpecialCharacters.java:27)\n\tat java.base/jdk.internal.reflect.NativeMethodAccessorImpl.invoke0(Native Method)\n\tat java.base/jdk.internal.reflect.NativeMethodAccessorImpl.invoke(NativeMethodAccessorImpl.java:77)\n\tat java.base/jdk.internal.reflect.DelegatingMethodAccessorImpl.invoke(DelegatingMethodAccessorImpl.java:43)\n\tat java.base/java.lang.reflect.Method.invoke(Method.java:568)\n\tat org.testng.internal.MethodInvocationHelper.invokeMethod(MethodInvocationHelper.java:133)\n\tat org.testng.internal.TestInvoker.invokeMethod(TestInvoker.java:598)\n\tat org.testng.internal.TestInvoker.invokeTestMethod(TestInvoker.java:173)\n\tat org.testng.internal.MethodRunner.runInSequence(MethodRunner.java:46)\n\tat org.testng.internal.TestInvoker$MethodInvocationAgent.invoke(TestInvoker.java:824)\n\tat org.testng.internal.TestInvoker.invokeTestMethods(TestInvoker.java:146)\n\tat org.testng.internal.TestMethodWorker.invokeTestMethods(TestMethodWorker.java:146)\n\tat org.testng.internal.TestMethodWorker.run(TestMethodWorker.java:128)\n\tat java.base/java.util.ArrayList.forEach(ArrayList.java:1511)\n\tat org.testng.TestRunner.privateRun(TestRunner.java:794)\n\tat org.testng.TestRunner.run(TestRunner.java:596)\n\tat org.testng.SuiteRunner.runTest(SuiteRunner.java:377)\n\tat org.testng.SuiteRunner.runSequentially(SuiteRunner.java:371)\n\tat org.testng.SuiteRunner.privateRun(SuiteRunner.java:332)\n\tat org.testng.SuiteRunner.run(SuiteRunner.java:276)\n\tat org.testng.SuiteRunnerWorker.runSuite(SuiteRunnerWorker.java:53)\n\tat org.testng.SuiteRunnerWorker.run(SuiteRunnerWorker.java:96)\n\tat org.testng.TestNG.runSuitesSequentially(TestNG.java:1212)\n\tat org.testng.TestNG.runSuitesLocally(TestNG.java:1134)\n\tat org.testng.TestNG.runSuites(TestNG.java:1063)\n\tat org.testng.TestNG.run(TestNG.java:1031)\n\tat org.apache.maven.surefire.testng.TestNGExecutor.run(TestNGExecutor.java:136)\n\tat org.apache.maven.surefire.testng.TestNGDirectoryTestSuite.executeMulti(TestNGDirectoryTestSuite.java:193)\n\tat org.apache.maven.surefire.testng.TestNGDirectoryTestSuite.execute(TestNGDirectoryTestSuite.java:94)\n\tat org.apache.maven.surefire.testng.TestNGProvider.invoke(TestNGProvider.java:145)\n\tat org.apache.maven.surefire.booter.ForkedBooter.runSuitesInProcess(ForkedBooter.java:428)\n\tat org.apache.maven.surefire.booter.ForkedBooter.execute(ForkedBooter.java:162)\n\tat org.apache.maven.surefire.booter.ForkedBooter.run(ForkedBooter.java:562)\n\tat org.apache.maven.surefire.booter.ForkedBooter.main(ForkedBooter.java:548)\nCaused by: Unexpected token END OF FILE at position 0.\n\tat org.json.simple.parser.JSONParser.parse(JSONParser.java:257)\n\tat org.json.simple.parser.JSONParser.parse(JSONParser.java:81)\n\tat org.json.simple.parser.JSONParser.parse(JSONParser.java:75)\n\tat com.shaft.api.RestActions.compareJSON(RestActions.java:353)\n\t... 36 more\n",
  "flaky" : false,
  "newFailed" : true,
  "beforeStages" : [ {
    "name" : "setupActivities",
    "time" : {
      "start" : 1635970970194,
      "stop" : 1635970971239,
      "duration" : 1045
    },
    "description" : "",
    "status" : "passed",
    "steps" : [ {
      "name" : "Folder [extent-reports] was not found, it may have already been deleted.",
      "time" : {
        "start" : 1635970970414,
        "stop" : 1635970970419,
        "duration" : 5
      },
      "status" : "passed",
      "steps" : [ ],
      "attachments" : [ ],
      "parameters" : [ {
        "name" : "actionCounter",
        "value" : "1"
      }, {
        "name" : "logText",
        "value" : "Folder [extent-reports] was not found, it may have already been deleted."
      } ],
      "stepsCount" : 0,
      "attachmentsCount" : 0,
      "shouldDisplayMessage" : false,
      "hasContent" : true
    } ],
    "attachments" : [ {
      "uid" : "459ea15ee1d98ccd",
      "name" : "Attachment: SHAFT Links - Important",
      "source" : "459ea15ee1d98ccd.uri",
      "type" : "text/uri-list",
      "size" : 346
    } ],
    "parameters" : [ ],
    "stepsCount" : 1,
    "attachmentsCount" : 1,
    "shouldDisplayMessage" : false,
    "hasContent" : true
  } ],
  "testStage" : {
    "status" : "failed",
    "statusMessage" : "API Action [CompareJSON] failed. With the following test data [Couldn't parse the desired file. [nullspecialCharacters.json].].",
    "statusTrace" : "java.lang.AssertionError: API Action [CompareJSON] failed. With the following test data [Couldn't parse the desired file. [nullspecialCharacters.json].].\n\tat org.testng.Assert.fail(Assert.java:87)\n\tat com.shaft.api.RestActions.failAction(RestActions.java:89)\n\tat com.shaft.api.RestActions.failAction(RestActions.java:415)\n\tat com.shaft.api.RestActions.compareJSON(RestActions.java:392)\n\tat com.shaft.validation.ValidationsHelper.validateJSONFileContent(ValidationsHelper.java:615)\n\tat com.shaft.validation.Assertions.assertJSONFileContent(Assertions.java:696)\n\tat testPackage01.Test_JsonCompareWithSpecialCharacters.specialCharacters_assertion(Test_JsonCompareWithSpecialCharacters.java:27)\n\tat java.base/jdk.internal.reflect.NativeMethodAccessorImpl.invoke0(Native Method)\n\tat java.base/jdk.internal.reflect.NativeMethodAccessorImpl.invoke(NativeMethodAccessorImpl.java:77)\n\tat java.base/jdk.internal.reflect.DelegatingMethodAccessorImpl.invoke(DelegatingMethodAccessorImpl.java:43)\n\tat java.base/java.lang.reflect.Method.invoke(Method.java:568)\n\tat org.testng.internal.MethodInvocationHelper.invokeMethod(MethodInvocationHelper.java:133)\n\tat org.testng.internal.TestInvoker.invokeMethod(TestInvoker.java:598)\n\tat org.testng.internal.TestInvoker.invokeTestMethod(TestInvoker.java:173)\n\tat org.testng.internal.MethodRunner.runInSequence(MethodRunner.java:46)\n\tat org.testng.internal.TestInvoker$MethodInvocationAgent.invoke(TestInvoker.java:824)\n\tat org.testng.internal.TestInvoker.invokeTestMethods(TestInvoker.java:146)\n\tat org.testng.internal.TestMethodWorker.invokeTestMethods(TestMethodWorker.java:146)\n\tat org.testng.internal.TestMethodWorker.run(TestMethodWorker.java:128)\n\tat java.base/java.util.ArrayList.forEach(ArrayList.java:1511)\n\tat org.testng.TestRunner.privateRun(TestRunner.java:794)\n\tat org.testng.TestRunner.run(TestRunner.java:596)\n\tat org.testng.SuiteRunner.runTest(SuiteRunner.java:377)\n\tat org.testng.SuiteRunner.runSequentially(SuiteRunner.java:371)\n\tat org.testng.SuiteRunner.privateRun(SuiteRunner.java:332)\n\tat org.testng.SuiteRunner.run(SuiteRunner.java:276)\n\tat org.testng.SuiteRunnerWorker.runSuite(SuiteRunnerWorker.java:53)\n\tat org.testng.SuiteRunnerWorker.run(SuiteRunnerWorker.java:96)\n\tat org.testng.TestNG.runSuitesSequentially(TestNG.java:1212)\n\tat org.testng.TestNG.runSuitesLocally(TestNG.java:1134)\n\tat org.testng.TestNG.runSuites(TestNG.java:1063)\n\tat org.testng.TestNG.run(TestNG.java:1031)\n\tat org.apache.maven.surefire.testng.TestNGExecutor.run(TestNGExecutor.java:136)\n\tat org.apache.maven.surefire.testng.TestNGDirectoryTestSuite.executeMulti(TestNGDirectoryTestSuite.java:193)\n\tat org.apache.maven.surefire.testng.TestNGDirectoryTestSuite.execute(TestNGDirectoryTestSuite.java:94)\n\tat org.apache.maven.surefire.testng.TestNGProvider.invoke(TestNGProvider.java:145)\n\tat org.apache.maven.surefire.booter.ForkedBooter.runSuitesInProcess(ForkedBooter.java:428)\n\tat org.apache.maven.surefire.booter.ForkedBooter.execute(ForkedBooter.java:162)\n\tat org.apache.maven.surefire.booter.ForkedBooter.run(ForkedBooter.java:562)\n\tat org.apache.maven.surefire.booter.ForkedBooter.main(ForkedBooter.java:548)\nCaused by: Unexpected token END OF FILE at position 0.\n\tat org.json.simple.parser.JSONParser.parse(JSONParser.java:257)\n\tat org.json.simple.parser.JSONParser.parse(JSONParser.java:81)\n\tat org.json.simple.parser.JSONParser.parse(JSONParser.java:75)\n\tat com.shaft.api.RestActions.compareJSON(RestActions.java:353)\n\t... 36 more\n",
    "steps" : [ {
      "name" : "File Action [ReadFromFile] successfully performed. With the following test data [File Path: \"/home/runner/work/SHAFT_ENGINE/SHAFT_ENGINE/nullspecialCharacters.json\"].",
      "time" : {
        "start" : 1635971259020,
        "stop" : 1635971259020,
        "duration" : 0
      },
      "status" : "passed",
      "steps" : [ ],
      "attachments" : [ ],
      "parameters" : [ {
        "name" : "actionCounter",
        "value" : "251"
      }, {
        "name" : "logText",
        "value" : "File Action [ReadFromFile] successfully performed. With the following test data [File Path: \"/home/runner/work/SHAFT_ENGINE/SHAFT_ENGINE/nullspecialCharacters.json\"]."
      } ],
      "stepsCount" : 0,
      "attachmentsCount" : 0,
      "shouldDisplayMessage" : false,
      "hasContent" : true
    }, {
      "name" : "An Exception Occured",
      "time" : {
        "start" : 1635971259020,
        "stop" : 1635971259021,
        "duration" : 1
      },
      "status" : "passed",
      "steps" : [ ],
      "attachments" : [ {
        "uid" : "62776e1c1101877f",
        "name" : "Attachment: Exception Stack Trace - org.json.simple.parser.ParseException",
        "source" : "62776e1c1101877f.json",
        "type" : "text/json",
        "size" : 2895
      } ],
      "parameters" : [ {
        "name" : "actionCounter",
        "value" : "252"
      }, {
        "name" : "logText",
        "value" : "An Exception Occured"
      }, {
        "name" : "attachments",
        "value" : "[[Exception Stack Trace, org.json.simple.parser.ParseException, org.json.simple.parser.ParseException:\nnull\norg.json.simple.parser.JSONParser.parse(JSONParser.java:257)\norg.json.simple.parser.JSONParser.parse(JSONParser.java:81)\norg.json.simple.parser.JSONParser.parse(JSONParser.java:75)\ncom.shaft.api.RestActions.compareJSON(RestActions.java:353)\ncom.shaft.validation.ValidationsHelper.validateJSONFileContent(ValidationsHelper.java:615)\ncom.shaft.validation.Assertions.assertJSONFileContent(Assertions.java:696)\ntestPackage01.Test_JsonCompareWithSpecialCharacters.specialCharacters_assertion(Test_JsonCompareWithSpecialCharacters.java:27)\njava.base/jdk.internal.reflect.NativeMethodAccessorImpl.invoke0(Native Method)\njava.base/jdk.internal.reflect.NativeMethodAccessorImpl.invoke(NativeMethodAccessorImpl.java:77)\njava.base/jdk.internal.reflect.DelegatingMethodAccessorImpl.invoke(DelegatingMethodAccessorImpl.java:43)\njava.base/java.lang.reflect.Method.invoke(Method.java:568)\norg.testng.internal.MethodInvocationHelper.invokeMethod(MethodInvocationHelper.java:133)\norg.testng.internal.TestInvoker.invokeMethod(TestInvoker.java:598)\norg.testng.internal.TestInvoker.invokeTestMethod(TestInvoker.java:173)\norg.testng.internal.MethodRunner.runInSequence(MethodRunner.java:46)\norg.testng.internal.TestInvoker$MethodInvocationAgent.invoke(TestInvoker.java:824)\norg.testng.internal.TestInvoker.invokeTestMethods(TestInvoker.java:146)\norg.testng.internal.TestMethodWorker.invokeTestMethods(TestMethodWorker.java:146)\norg.testng.internal.TestMethodWorker.run(TestMethodWorker.java:128)\njava.base/java.util.ArrayList.forEach(ArrayList.java:1511)\norg.testng.TestRunner.privateRun(TestRunner.java:794)\norg.testng.TestRunner.run(TestRunner.java:596)\norg.testng.SuiteRunner.runTest(SuiteRunner.java:377)\norg.testng.SuiteRunner.runSequentially(SuiteRunner.java:371)\norg.testng.SuiteRunner.privateRun(SuiteRunner.java:332)\norg.testng.SuiteRunner.run(SuiteRunner.java:276)\norg.testng.SuiteRunnerWorker.runSuite(SuiteRunnerWorker.java:53)\norg.testng.SuiteRunnerWorker.run(SuiteRunnerWorker.java:96)\norg.testng.TestNG.runSuitesSequentially(TestNG.java:1212)\norg.testng.TestNG.runSuitesLocally(TestNG.java:1134)\norg.testng.TestNG.runSuites(TestNG.java:1063)\norg.testng.TestNG.run(TestNG.java:1031)\norg.apache.maven.surefire.testng.TestNGExecutor.run(TestNGExecutor.java:136)\norg.apache.maven.surefire.testng.TestNGDirectoryTestSuite.executeMulti(TestNGDirectoryTestSuite.java:193)\norg.apache.maven.surefire.testng.TestNGDirectoryTestSuite.execute(TestNGDirectoryTestSuite.java:94)\norg.apache.maven.surefire.testng.TestNGProvider.invoke(TestNGProvider.java:145)\norg.apache.maven.surefire.booter.ForkedBooter.runSuitesInProcess(ForkedBooter.java:428)\norg.apache.maven.surefire.booter.ForkedBooter.execute(ForkedBooter.java:162)\norg.apache.maven.surefire.booter.ForkedBooter.run(ForkedBooter.java:562)\norg.apache.maven.surefire.booter.ForkedBooter.main(ForkedBooter.java:548)\n]]"
      } ],
      "stepsCount" : 0,
      "attachmentsCount" : 1,
      "shouldDisplayMessage" : false,
      "hasContent" : true
    }, {
      "name" : "API Action [CompareJSON] failed. With the following test data [Couldn't parse the desired file. [nullspecialCharacters.json].].",
      "time" : {
        "start" : 1635971259021,
        "stop" : 1635971259021,
        "duration" : 0
      },
      "status" : "passed",
      "steps" : [ ],
      "attachments" : [ ],
      "parameters" : [ {
        "name" : "actionCounter",
        "value" : "254"
      }, {
        "name" : "logText",
        "value" : "API Action [CompareJSON] failed. With the following test data [Couldn't parse the desired file. [nullspecialCharacters.json].]."
      }, {
        "name" : "attachments",
        "value" : "[[], null, null]"
      } ],
      "stepsCount" : 0,
      "attachmentsCount" : 0,
      "shouldDisplayMessage" : false,
      "hasContent" : true
    } ],
    "attachments" : [ {
      "uid" : "968994a21712db5",
      "name" : "Attachment: SHAFT Engine Logs - Current Method log: specialCharacters_assertion",
      "source" : "968994a21712db5.txt",
      "type" : "text/plain",
      "size" : 1392
    } ],
    "parameters" : [ ],
    "stepsCount" : 3,
    "attachmentsCount" : 2,
    "shouldDisplayMessage" : true,
    "hasContent" : true
  },
  "afterStages" : [ {
    "name" : "teardownActivities",
    "time" : {
      "start" : 1635971533691,
      "stop" : 1635971534394,
      "duration" : 703
    },
    "description" : "",
    "status" : "passed",
    "steps" : [ {
      "name" : "Successfully Closed All Drivers.",
      "time" : {
        "start" : 1635971533692,
        "stop" : 1635971533692,
        "duration" : 0
      },
      "status" : "passed",
      "steps" : [ ],
      "attachments" : [ ],
      "parameters" : [ {
        "name" : "actionCounter",
        "value" : "542"
      }, {
        "name" : "logText",
        "value" : "Successfully Closed All Drivers."
      } ],
      "stepsCount" : 0,
      "attachmentsCount" : 0,
      "shouldDisplayMessage" : false,
      "hasContent" : true
    }, {
      "name" : "Issue Summary: Total Issues = 8, New issues for Failed Tests = 6, Open issues for Passed Tests = 2, Open issues for Failed Tests = 0. Kindly check the attached Issue details.",
      "time" : {
        "start" : 1635971533713,
        "stop" : 1635971533715,
        "duration" : 2
      },
      "status" : "passed",
      "steps" : [ ],
      "attachments" : [ {
        "uid" : "eac8c4bc07e61ce5",
        "name" : "Attachment: SHAFT Engine Logs - Issues log CSV: 20211103-203213",
        "source" : "eac8c4bc07e61ce5.csv",
        "type" : "text/csv",
        "size" : 1014
      } ],
      "parameters" : [ {
        "name" : "actionCounter",
        "value" : "543"
      }, {
        "name" : "logText",
        "value" : "Issue Summary: Total Issues = 8, New issues for Failed Tests = 6, Open issues for Passed Tests = 2, Open issues for Failed Tests = 0. Kindly check the attached Issue details."
      }, {
        "name" : "attachments",
        "value" : "[[SHAFT Engine Logs, Issues log CSV: 20211103-203213, java.io.ByteArrayInputStream@eae9533]]"
      } ],
      "stepsCount" : 0,
      "attachmentsCount" : 1,
      "shouldDisplayMessage" : false,
      "hasContent" : true
    } ],
    "attachments" : [ {
      "uid" : "837829064b63b630",
      "name" : "Attachment: SHAFT Engine Logs - Execution log: 20211103-203213",
      "source" : "837829064b63b630.txt",
      "type" : "text/plain",
      "size" : 236513
    }, {
      "uid" : "d62d6ba6f0bd1885",
      "name" : "Attachment: HTML - Extent Emailable Execution Report",
      "source" : "d62d6ba6f0bd1885.html",
      "type" : "text/html",
      "size" : 11558027
    } ],
    "parameters" : [ ],
    "stepsCount" : 2,
    "attachmentsCount" : 3,
    "shouldDisplayMessage" : false,
    "hasContent" : true
  } ],
  "labels" : [ {
    "name" : "package",
    "value" : "testPackage01.Test_JsonCompareWithSpecialCharacters"
  }, {
    "name" : "testClass",
    "value" : "testPackage01.Test_JsonCompareWithSpecialCharacters"
  }, {
    "name" : "testMethod",
    "value" : "specialCharacters_assertion"
  }, {
    "name" : "parentSuite",
    "value" : "SHAFT: Custom Suite"
  }, {
    "name" : "suite",
    "value" : "SHAFT: Custom Test"
  }, {
    "name" : "subSuite",
    "value" : "testPackage01.Test_JsonCompareWithSpecialCharacters"
  }, {
    "name" : "host",
    "value" : "fv-az212-947"
  }, {
    "name" : "thread",
    "value" : "4280@fv-az212-947.main(1)"
  }, {
    "name" : "framework",
    "value" : "testng"
  }, {
    "name" : "language",
    "value" : "java"
  }, {
    "name" : "resultFormat",
    "value" : "allure2"
  } ],
  "parameters" : [ ],
  "links" : [ ],
  "hidden" : false,
  "retry" : false,
  "extra" : {
    "severity" : "normal",
    "retries" : [ ],
    "categories" : [ {
      "name" : "Product defects",
      "matchedStatuses" : [ ],
      "flaky" : false
    } ],
    "history" : {
      "statistic" : {
        "failed" : 1,
        "broken" : 0,
        "skipped" : 0,
        "passed" : 27,
        "unknown" : 0,
        "total" : 28
      },
      "items" : [ {
        "uid" : "a28118d70a68d1dc",
        "reportUrl" : "https://MohabMohie.github.io/SHAFT_ENGINE/allure/Linux/Web/869//#testresult/a28118d70a68d1dc",
        "status" : "passed",
        "time" : {
          "start" : 1635970443661,
          "stop" : 1635970443684,
          "duration" : 23
        }
      }, {
        "uid" : "483deeaf4f97d813",
        "reportUrl" : "https://MohabMohie.github.io/SHAFT_ENGINE/allure/Linux/Web/868//#testresult/483deeaf4f97d813",
        "status" : "passed",
        "time" : {
          "start" : 1635970107992,
          "stop" : 1635970108014,
          "duration" : 22
        }
      }, {
        "uid" : "dc0a7688b014647e",
        "reportUrl" : "https://MohabMohie.github.io/SHAFT_ENGINE/allure/Linux/Web/864//#testresult/dc0a7688b014647e",
        "status" : "passed",
        "time" : {
          "start" : 1635917419825,
          "stop" : 1635917419856,
          "duration" : 31
        }
      }, {
        "uid" : "be2bec5c558075eb",
        "reportUrl" : "https://MohabMohie.github.io/SHAFT_ENGINE/allure/Linux/Web/855//#testresult/be2bec5c558075eb",
        "status" : "passed",
        "time" : {
          "start" : 1635767223642,
          "stop" : 1635767223679,
          "duration" : 37
        }
      }, {
        "uid" : "33de65fc3b1210ea",
        "reportUrl" : "https://MohabMohie.github.io/SHAFT_ENGINE/allure/Linux/Web/854//#testresult/33de65fc3b1210ea",
        "status" : "passed",
        "time" : {
          "start" : 1635759148842,
          "stop" : 1635759148880,
          "duration" : 38
        }
      }, {
        "uid" : "56dc33e8a6c69ba7",
        "reportUrl" : "https://MohabMohie.github.io/SHAFT_ENGINE/allure/Linux/Web/853//#testresult/56dc33e8a6c69ba7",
        "status" : "passed",
        "time" : {
          "start" : 1635752078901,
          "stop" : 1635752078927,
          "duration" : 26
        }
      }, {
        "uid" : "3aef900a575a9202",
        "reportUrl" : "https://MohabMohie.github.io/SHAFT_ENGINE/allure/Linux/Web/849//#testresult/3aef900a575a9202",
        "status" : "passed",
        "time" : {
          "start" : 1635645691346,
          "stop" : 1635645691383,
          "duration" : 37
        }
      }, {
        "uid" : "f4602023613aab14",
        "reportUrl" : "https://MohabMohie.github.io/SHAFT_ENGINE/allure/Linux/Web/847//#testresult/f4602023613aab14",
        "status" : "passed",
        "time" : {
          "start" : 1635625686686,
          "stop" : 1635625686718,
          "duration" : 32
        }
      }, {
        "uid" : "aca2039674a3dae1",
        "reportUrl" : "https://MohabMohie.github.io/SHAFT_ENGINE/allure/Linux/Web/844//#testresult/aca2039674a3dae1",
        "status" : "passed",
        "time" : {
          "start" : 1635621606411,
          "stop" : 1635621606449,
          "duration" : 38
        }
      }, {
        "uid" : "234b761a86d70824",
        "reportUrl" : "https://MohabMohie.github.io/SHAFT_ENGINE/allure/Linux/Web/836//#testresult/234b761a86d70824",
        "status" : "passed",
        "time" : {
          "start" : 1635415501239,
          "stop" : 1635415501291,
          "duration" : 52
        }
      }, {
        "uid" : "f0a89928dc01bab0",
        "reportUrl" : "https://MohabMohie.github.io/SHAFT_ENGINE/allure/Linux/Web/835//#testresult/f0a89928dc01bab0",
        "status" : "passed",
        "time" : {
          "start" : 1635386279989,
          "stop" : 1635386280021,
          "duration" : 32
        }
      }, {
        "uid" : "efdf1e4d5beda42f",
        "reportUrl" : "https://MohabMohie.github.io/SHAFT_ENGINE/allure/Linux/Web/833//#testresult/efdf1e4d5beda42f",
        "status" : "passed",
        "time" : {
          "start" : 1635299828241,
          "stop" : 1635299828293,
          "duration" : 52
        }
      }, {
        "uid" : "b48380e730e3b4d9",
        "reportUrl" : "https://MohabMohie.github.io/SHAFT_ENGINE/allure/Linux/Web/832//#testresult/b48380e730e3b4d9",
        "status" : "passed",
        "time" : {
          "start" : 1635275260156,
          "stop" : 1635275260199,
          "duration" : 43
        }
      }, {
        "uid" : "ece5ef52829c9d47",
        "reportUrl" : "https://MohabMohie.github.io/SHAFT_ENGINE/allure/Linux/Web/831//#testresult/ece5ef52829c9d47",
        "status" : "passed",
        "time" : {
          "start" : 1635274238019,
          "stop" : 1635274238045,
          "duration" : 26
        }
      }, {
        "uid" : "f809d863e02ea898",
        "reportUrl" : "https://MohabMohie.github.io/SHAFT_ENGINE/allure/Linux/Web/830//#testresult/f809d863e02ea898",
        "status" : "passed",
        "time" : {
          "start" : 1635247174480,
          "stop" : 1635247174515,
          "duration" : 35
        }
      }, {
        "uid" : "effa9f7bfb37b289",
        "reportUrl" : "https://MohabMohie.github.io/SHAFT_ENGINE/allure/Linux/Web/827//#testresult/effa9f7bfb37b289",
        "status" : "passed",
        "time" : {
          "start" : 1635197846996,
          "stop" : 1635197847039,
          "duration" : 43
        }
      }, {
        "uid" : "a8ff2cb5249dd4b9",
        "reportUrl" : "https://MohabMohie.github.io/SHAFT_ENGINE/allure/Linux/Web/825//#testresult/a8ff2cb5249dd4b9",
        "status" : "passed",
        "time" : {
          "start" : 1635157708847,
          "stop" : 1635157708902,
          "duration" : 55
        }
      }, {
        "uid" : "cebb301756b09e0e",
        "reportUrl" : "https://MohabMohie.github.io/SHAFT_ENGINE/allure/Linux/Web/824//#testresult/cebb301756b09e0e",
        "status" : "passed",
        "time" : {
          "start" : 1635127089594,
          "stop" : 1635127089633,
          "duration" : 39
        }
      }, {
        "uid" : "b8e9d9eb85e18d68",
        "reportUrl" : "https://MohabMohie.github.io/SHAFT_ENGINE/allure/Linux/Web/823//#testresult/b8e9d9eb85e18d68",
        "status" : "passed",
        "time" : {
          "start" : 1635040746582,
          "stop" : 1635040746619,
          "duration" : 37
        }
      }, {
        "uid" : "babe07aaf0fef168",
        "reportUrl" : "https://MohabMohie.github.io/SHAFT_ENGINE/allure/Linux/Web/817//#testresult/babe07aaf0fef168",
        "status" : "passed",
        "time" : {
          "start" : 1634868428902,
          "stop" : 1634868428944,
          "duration" : 42
        }
      } ]
    },
    "tags" : [ ]
  },
  "source" : "eb53da22ddd7c74d.json",
  "parameterValues" : [ ]
}