################################################################################################################################################
Detected SHAFT Engine Version: [SHAFT Engine v5.4.20211202-BETA]
################################################################################################################################################
[ReportManager] File Action [GetAbsolutePath] successfully performed. With the following test data [Relative Folder Path: "target/downloadedFiles/"]. @11-12-2021 01:51:27.0467 AM
[ReportManager] Attempting to run locally on: [Mac-64], [Safari], Headless Execution. @11-12-2021 01:51:27.0486 AM
[ReportManager] An Exception Occured with this Message: Could not start a new session. Possible causes are invalid address of the remote server or browser start-up failure.. @11-12-2021 01:51:28.0983 AM
[ReportManager] Successfully created attachment [Exception Stack Trace - org.openqa.selenium.SessionNotCreatedException] @11-12-2021 01:51:29.0031 AM
[ReportManager] Driver Factory Action [createNewLocalDriverInstanceForSafari] failed. With the following test data [Failed to create a session on DESKTOP_SAFARI]. @11-12-2021 01:51:29.0036 A

################################################################################################################################################
Starting Execution:	[1 out of 146] test cases in the current suite
Test Method:		[unitTests.tests_element_elementActions.waitForElementToBePresent_false_expectedToFail]
###############################################################################################################################################



################################################################################################################################################
Starting Execution:	[2 out of 146] test cases in the current suite
Test Method:		[unitTests.tests_element_elementActions.waitForElementToBePresent_false_expectedToPass]
###############################################################################################################################################



################################################################################################################################################
Starting Execution:	[3 out of 146] test cases in the current suite
Test Method:		[unitTests.tests_element_elementActions.waitForElementToBePresent_moreThanOneElement_expectedToFail]
###############################################################################################################################################



################################################################################################################################################
Starting Execution:	[4 out of 146] test cases in the current suite
Test Method:		[unitTests.tests_element_elementActions.waitForElementToBePresent_true_expectedToFail]
###############################################################################################################################################



################################################################################################################################################
Starting Execution:	[5 out of 146] test cases in the current suite
Test Method:		[unitTests.tests_element_elementActions.waitForElementToBePresent_true_expectedToPass]
###############################################################################################################################################

[ReportManager] File Action [GetAbsolutePath] successfully performed. With the following test data [Relative Folder Path: "target/downloadedFiles/"]. @11-12-2021 01:51:29.0806 AM
[ReportManager] Attempting to run locally on: [Mac-64], [Safari], Headless Execution. @11-12-2021 01:51:29.0806 AM
[ReportManager] Successfully Opened Safari. @11-12-2021 01:51:33.0713 AM
[ReportManager] Initial window size: (800, 600) @11-12-2021 01:51:33.0731 AM
[ReportManager] Window size after SWD Maximize: (1176, 802) @11-12-2021 01:51:33.0769 AM
[ReportManager] Browser Action [MaximizeWindow] successfully performed. With the following test data [New screen size is now: (1176, 802)]. @11-12-2021 01:51:33.0770 AM
[ReportManager] Target URL: [https://duckduckgo.com] @11-12-2021 01:51:33.0776 AM
[ReportManager] Initial URL: [] @11-12-2021 01:51:33.0862 AM
[ReportManager] Browser Action [NavigateToURL] successfully performed. With the following test data [https://duckduckgo.com]. @11-12-2021 01:51:35.0225 A

################################################################################################################################################
Starting Execution:	[6 out of 146] test cases in the current suite
Test Method:		[unitTests.tests_browserActions.fullScreenWindow]
################################################################################################################################################
[ReportManager] Initial Windows Size: 1176x802 @11-12-2021 01:51:35.0618 AM
[ReportManager] Current Windows Size after fullScreen: 1176x885 @11-12-2021 01:51:36.0680 AM
[ReportManager] Browser Action [FullScreenWindow] successfully performed. @11-12-2021 01:51:36.0728 AM
[ReportManager] Successfully created attachment [Browser Action Test Data - FullScreenWindow - Actual Value] @11-12-2021 01:51:36.0832 A
[ReportManager] Target URL: [https://duckduckgo.com] @11-12-2021 01:51:37.0039 AM
[ReportManager] Initial URL: [https://duckduckgo.com] @11-12-2021 01:51:37.0122 AM
[ReportManager] Browser Action [NavigateToURL] successfully performed. With the following test data [https://duckduckgo.com]. @11-12-2021 01:51:37.0508 AM
[ReportManager] Browser Action [CloseCurrentWindow] successfully performed. @11-12-2021 01:51:37.0742 AM
[ReportManager] Successfully created attachment [Browser Action Test Data - CloseCurrentWindow - Actual Value] @11-12-2021 01:51:37.0755 A
[ReportManager] File Action [GetAbsolutePath] successfully performed. With the following test data [Relative Folder Path: "target/downloadedFiles/"]. @11-12-2021 01:51:37.0760 AM
[ReportManager] Attempting to run locally on: [Mac-64], [Safari], Headless Execution. @11-12-2021 01:51:37.0761 AM
[ReportManager] Successfully Opened Safari. @11-12-2021 01:51:38.0804 AM
[ReportManager] Initial window size: (800, 600) @11-12-2021 01:51:38.0828 AM
[ReportManager] Window size after SWD Maximize: (1176, 802) @11-12-2021 01:51:38.0853 AM
[ReportManager] Browser Action [MaximizeWindow] successfully performed. With the following test data [New screen size is now: (1176, 802)]. @11-12-2021 01:51:38.0854 AM
[ReportManager] Target URL: [https://duckduckgo.com] @11-12-2021 01:51:38.0854 AM
[ReportManager] Initial URL: [] @11-12-2021 01:51:38.0926 AM
[ReportManager] Browser Action [NavigateToURL] successfully performed. With the following test data [https://duckduckgo.com]. @11-12-2021 01:51:39.0599 A

################################################################################################################################################
Starting Execution:	[7 out of 146] test cases in the current suite
Test Method:		[unitTests.tests_browserActions.getCurrentURL]
################################################################################################################################################
[ReportManager] Browser Action [GetCurrentURL] successfully performed. With the following test data [https://duckduckgo.com/]. @11-12-2021 01:51:39.0645 A
[ReportManager] Target URL: [https://duckduckgo.com] @11-12-2021 01:51:39.0648 AM
[ReportManager] Initial URL: [https://duckduckgo.com] @11-12-2021 01:51:39.0680 AM
[ReportManager] Browser Action [NavigateToURL] successfully performed. With the following test data [https://duckduckgo.com]. @11-12-2021 01:51:39.0990 AM
[ReportManager] Browser Action [CloseCurrentWindow] successfully performed. @11-12-2021 01:51:40.0290 AM
[ReportManager] Successfully created attachment [Browser Action Test Data - CloseCurrentWindow - Actual Value] @11-12-2021 01:51:40.0291 A
[ReportManager] File Action [GetAbsolutePath] successfully performed. With the following test data [Relative Folder Path: "target/downloadedFiles/"]. @11-12-2021 01:51:40.0297 AM
[ReportManager] Attempting to run locally on: [Mac-64], [Safari], Headless Execution. @11-12-2021 01:51:40.0298 AM
[ReportManager] Successfully Opened Safari. @11-12-2021 01:51:41.0186 AM
[ReportManager] Initial window size: (800, 600) @11-12-2021 01:51:41.0227 AM
[ReportManager] Window size after SWD Maximize: (1176, 802) @11-12-2021 01:51:41.0272 AM
[ReportManager] Browser Action [MaximizeWindow] successfully performed. With the following test data [New screen size is now: (1176, 802)]. @11-12-2021 01:51:41.0272 AM
[ReportManager] Target URL: [https://duckduckgo.com] @11-12-2021 01:51:41.0272 AM
[ReportManager] Initial URL: [] @11-12-2021 01:51:41.0352 AM
[ReportManager] Browser Action [NavigateToURL] successfully performed. With the following test data [https://duckduckgo.com]. @11-12-2021 01:51:42.0261 A

################################################################################################################################################
Starting Execution:	[8 out of 146] test cases in the current suite
Test Method:		[unitTests.tests_browserActions.getCurrentWindowTitle]
################################################################################################################################################
[ReportManager] Browser Action [GetCurrentWindowTitle] successfully performed. With the following test data [DuckDuckGo â€” Privacy, simplified.]. @11-12-2021 01:51:42.0352 A
[ReportManager] Target URL: [https://duckduckgo.com] @11-12-2021 01:51:42.0356 AM
[ReportManager] Initial URL: [https://duckduckgo.com] @11-12-2021 01:51:42.0414 AM
[ReportManager] Browser Action [NavigateToURL] successfully performed. With the following test data [https://duckduckgo.com]. @11-12-2021 01:51:42.0819 AM
[ReportManager] Browser Action [CloseCurrentWindow] successfully performed. @11-12-2021 01:51:42.0953 AM
[ReportManager] Successfully created attachment [Browser Action Test Data - CloseCurrentWindow - Actual Value] @11-12-2021 01:51:42.0953 A
[ReportManager] File Action [GetAbsolutePath] successfully performed. With the following test data [Relative Folder Path: "target/downloadedFiles/"]. @11-12-2021 01:51:42.0960 AM
[ReportManager] Attempting to run locally on: [Mac-64], [Safari], Headless Execution. @11-12-2021 01:51:42.0960 AM
[ReportManager] Successfully Opened Safari. @11-12-2021 01:51:43.0820 AM
[ReportManager] Initial window size: (800, 600) @11-12-2021 01:51:43.0856 AM
[ReportManager] Window size after SWD Maximize: (1176, 802) @11-12-2021 01:51:43.0884 AM
[ReportManager] Browser Action [MaximizeWindow] successfully performed. With the following test data [New screen size is now: (1176, 802)]. @11-12-2021 01:51:43.0885 AM
[ReportManager] Target URL: [https://duckduckgo.com] @11-12-2021 01:51:43.0885 AM
[ReportManager] Initial URL: [] @11-12-2021 01:51:43.0972 AM
[ReportManager] Browser Action [NavigateToURL] successfully performed. With the following test data [https://duckduckgo.com]. @11-12-2021 01:51:44.0831 A

################################################################################################################################################
Starting Execution:	[9 out of 146] test cases in the current suite
Test Method:		[unitTests.tests_browserActions.getPageSource]
################################################################################################################################################
[ReportManager] Browser Action [GetPageSource] successfully performed. @11-12-2021 01:51:44.0860 AM
[ReportManager] Successfully created attachment [Browser Action Test Data - GetPageSource - Actual Value] @11-12-2021 01:51:44.0861 A
[ReportManager] Target URL: [https://duckduckgo.com] @11-12-2021 01:51:44.0864 AM
[ReportManager] Initial URL: [https://duckduckgo.com] @11-12-2021 01:51:44.0896 AM
[ReportManager] Browser Action [NavigateToURL] successfully performed. With the following test data [https://duckduckgo.com]. @11-12-2021 01:51:45.0204 AM
[ReportManager] Browser Action [CloseCurrentWindow] successfully performed. @11-12-2021 01:51:45.0524 AM
[ReportManager] Successfully created attachment [Browser Action Test Data - CloseCurrentWindow - Actual Value] @11-12-2021 01:51:45.0525 A
[ReportManager] File Action [GetAbsolutePath] successfully performed. With the following test data [Relative Folder Path: "target/downloadedFiles/"]. @11-12-2021 01:51:45.0528 AM
[ReportManager] Attempting to run locally on: [Mac-64], [Safari], Headless Execution. @11-12-2021 01:51:45.0528 AM
[ReportManager] Successfully Opened Safari. @11-12-2021 01:51:46.0505 AM
[ReportManager] Initial window size: (800, 600) @11-12-2021 01:51:46.0528 AM
[ReportManager] Window size after SWD Maximize: (1176, 802) @11-12-2021 01:51:46.0549 AM
[ReportManager] Browser Action [MaximizeWindow] successfully performed. With the following test data [New screen size is now: (1176, 802)]. @11-12-2021 01:51:46.0550 AM
[ReportManager] Target URL: [https://duckduckgo.com] @11-12-2021 01:51:46.0550 AM
[ReportManager] Initial URL: [] @11-12-2021 01:51:46.0622 AM
[ReportManager] Browser Action [NavigateToURL] successfully performed. With the following test data [https://duckduckgo.com]. @11-12-2021 01:51:47.0503 A

################################################################################################################################################
Starting Execution:	[10 out of 146] test cases in the current suite
Test Method:		[unitTests.tests_browserActions.getWindowHandle]
################################################################################################################################################
[ReportManager] Browser Action [GetWindowHandle] successfully performed. With the following test data [page-4A18EC51-86E9-4E14-AA36-368A1E8A7930]. @11-12-2021 01:51:47.0532 A
[ReportManager] Target URL: [https://duckduckgo.com] @11-12-2021 01:51:47.0534 AM
[ReportManager] Initial URL: [https://duckduckgo.com] @11-12-2021 01:51:47.0590 AM
[ReportManager] Browser Action [NavigateToURL] successfully performed. With the following test data [https://duckduckgo.com]. @11-12-2021 01:51:47.0932 AM
[ReportManager] Browser Action [CloseCurrentWindow] successfully performed. @11-12-2021 01:51:48.0104 AM
[ReportManager] Successfully created attachment [Browser Action Test Data - CloseCurrentWindow - Actual Value] @11-12-2021 01:51:48.0105 A
[ReportManager] File Action [GetAbsolutePath] successfully performed. With the following test data [Relative Folder Path: "target/downloadedFiles/"]. @11-12-2021 01:51:48.0107 AM
[ReportManager] Attempting to run locally on: [Mac-64], [Safari], Headless Execution. @11-12-2021 01:51:48.0108 AM
[ReportManager] Successfully Opened Safari. @11-12-2021 01:51:48.0920 AM
[ReportManager] Initial window size: (800, 600) @11-12-2021 01:51:48.0946 AM
[ReportManager] Window size after SWD Maximize: (1176, 802) @11-12-2021 01:51:48.0980 AM
[ReportManager] Browser Action [MaximizeWindow] successfully performed. With the following test data [New screen size is now: (1176, 802)]. @11-12-2021 01:51:48.0981 AM
[ReportManager] Target URL: [https://duckduckgo.com] @11-12-2021 01:51:48.0981 AM
[ReportManager] Initial URL: [] @11-12-2021 01:51:49.0046 AM
[ReportManager] Browser Action [NavigateToURL] successfully performed. With the following test data [https://duckduckgo.com]. @11-12-2021 01:51:49.0803 A

################################################################################################################################################
Starting Execution:	[11 out of 146] test cases in the current suite
Test Method:		[unitTests.tests_browserActions.getWindowPosition]
################################################################################################################################################
[ReportManager] Browser Action [GetWindowPosition] successfully performed. With the following test data [(0, 25)]. @11-12-2021 01:51:49.0842 A
[ReportManager] Target URL: [https://duckduckgo.com] @11-12-2021 01:51:49.0845 AM
[ReportManager] Initial URL: [https://duckduckgo.com] @11-12-2021 01:51:49.0899 AM
[ReportManager] Browser Action [NavigateToURL] successfully performed. With the following test data [https://duckduckgo.com]. @11-12-2021 01:51:50.0209 AM
[ReportManager] Browser Action [CloseCurrentWindow] successfully performed. @11-12-2021 01:51:50.0396 AM
[ReportManager] Successfully created attachment [Browser Action Test Data - CloseCurrentWindow - Actual Value] @11-12-2021 01:51:50.0397 A
[ReportManager] File Action [GetAbsolutePath] successfully performed. With the following test data [Relative Folder Path: "target/downloadedFiles/"]. @11-12-2021 01:51:50.0399 AM
[ReportManager] Attempting to run locally on: [Mac-64], [Safari], Headless Execution. @11-12-2021 01:51:50.0400 AM
[ReportManager] Successfully Opened Safari. @11-12-2021 01:51:51.0220 AM
[ReportManager] Initial window size: (800, 600) @11-12-2021 01:51:51.0267 AM
[ReportManager] Window size after SWD Maximize: (1176, 802) @11-12-2021 01:51:51.0289 AM
[ReportManager] Browser Action [MaximizeWindow] successfully performed. With the following test data [New screen size is now: (1176, 802)]. @11-12-2021 01:51:51.0290 AM
[ReportManager] Target URL: [https://duckduckgo.com] @11-12-2021 01:51:51.0290 AM
[ReportManager] Initial URL: [] @11-12-2021 01:51:51.0377 AM
[ReportManager] Browser Action [NavigateToURL] successfully performed. With the following test data [https://duckduckgo.com]. @11-12-2021 01:51:52.0149 A

################################################################################################################################################
Starting Execution:	[12 out of 146] test cases in the current suite
Test Method:		[unitTests.tests_browserActions.getWindowSize]
################################################################################################################################################
[ReportManager] Browser Action [GetWindowSize] successfully performed. With the following test data [(1176, 802)]. @11-12-2021 01:51:52.0182 A
[ReportManager] Target URL: [https://duckduckgo.com] @11-12-2021 01:51:52.0184 AM
[ReportManager] Initial URL: [https://duckduckgo.com] @11-12-2021 01:51:52.0227 AM
[ReportManager] Browser Action [NavigateToURL] successfully performed. With the following test data [https://duckduckgo.com]. @11-12-2021 01:51:52.0547 AM
[ReportManager] Browser Action [CloseCurrentWindow] successfully performed. @11-12-2021 01:51:52.0916 AM
[ReportManager] Successfully created attachment [Browser Action Test Data - CloseCurrentWindow - Actual Value] @11-12-2021 01:51:52.0917 A
[ReportManager] File Action [GetAbsolutePath] successfully performed. With the following test data [Relative Folder Path: "target/downloadedFiles/"]. @11-12-2021 01:51:52.0920 AM
[ReportManager] Attempting to run locally on: [Mac-64], [Safari], Headless Execution. @11-12-2021 01:51:52.0921 AM
[ReportManager] An Exception Occured with this Message: Could not start a new session. Possible causes are invalid address of the remote server or browser start-up failure.. @11-12-2021 01:51:53.0036 AM
[ReportManager] Successfully created attachment [Exception Stack Trace - org.openqa.selenium.SessionNotCreatedException] @11-12-2021 01:51:53.0037 AM
[ReportManager] Driver Factory Action [createNewLocalDriverInstanceForSafari] failed. With the following test data [Failed to create a session on DESKTOP_SAFARI]. @11-12-2021 01:51:53.0037 A

################################################################################################################################################
Starting Execution:	[13 out of 146] test cases in the current suite
Test Method:		[unitTests.tests_browserActions.maximizeWindow]
###############################################################################################################################################



################################################################################################################################################
Starting Execution:	[14 out of 146] test cases in the current suite
Test Method:		[unitTests.tests_browserActions.navigateBack]
###############################################################################################################################################



################################################################################################################################################
Starting Execution:	[15 out of 146] test cases in the current suite
Test Method:		[unitTests.tests_browserActions.navigateForward]
###############################################################################################################################################



################################################################################################################################################
Starting Execution:	[16 out of 146] test cases in the current suite
Test Method:		[unitTests.tests_browserActions.navigateToURL]
###############################################################################################################################################



################################################################################################################################################
Starting Execution:	[17 out of 146] test cases in the current suite
Test Method:		[unitTests.tests_browserActions.navigateToURLWithRedirection]
###############################################################################################################################################



################################################################################################################################################
Starting Execution:	[18 out of 146] test cases in the current suite
Test Method:		[unitTests.tests_browserActions.refreshCurrentPage]
###############################################################################################################################################



################################################################################################################################################
Starting Execution:	[19 out of 146] test cases in the current suite
Test Method:		[unitTests.tests_browserActions.setWindowSize]
###############################################################################################################################################

[ReportManager] Successfully loaded the following test data file [src/test/resources/testDataFiles/testSuite01/TestData.xlsx]. @11-12-2021 01:51:54.0760 AM
[ReportManager] Successfully created attachment [Test Data - Excel] @11-12-2021 01:51:54.0761 A

################################################################################################################################################
Starting Execution:	[20 out of 146] test cases in the current suite
Test Method:		[unitTests.tests_io_excelFileManager.getCellData_rowName_expectedToPass]
################################################################################################################################################
[ReportManager] testRowData. @11-12-2021 01:51:54.0774 A

################################################################################################################################################
Starting Execution:	[21 out of 146] test cases in the current suite
Test Method:		[unitTests.tests_validations_assertions.assertComparativeRelation_greaterThanOrEquals_false_equals_expectedToFail]
################################################################################################################################################
[ReportManager] Assertion [ValidateComparativeRelation] FAILED. Expected [1] and Actual [1]. Comparison Type [GREATER_THAN_OR_EQUALS]. Validation Type [NEGATIVE]. @11-12-2021 01:51:54.0792 A

################################################################################################################################################
Starting Execution:	[22 out of 146] test cases in the current suite
Test Method:		[unitTests.tests_validations_assertions.assertComparativeRelation_greaterThanOrEquals_false_equals_expectedToPass]
################################################################################################################################################
[ReportManager] Assertion [ValidateComparativeRelation] PASSED. Expected [2] and Actual [1]. Comparison Type [GREATER_THAN_OR_EQUALS]. Validation Type [NEGATIVE]. @11-12-2021 01:51:54.0839 A

################################################################################################################################################
Starting Execution:	[23 out of 146] test cases in the current suite
Test Method:		[unitTests.tests_validations_assertions.assertComparativeRelation_greaterThanOrEquals_false_greaterThan_expectedToFail]
################################################################################################################################################
[ReportManager] Assertion [ValidateComparativeRelation] FAILED. Expected [1] and Actual [2]. Comparison Type [GREATER_THAN_OR_EQUALS]. Validation Type [NEGATIVE]. @11-12-2021 01:51:54.0863 A

################################################################################################################################################
Starting Execution:	[24 out of 146] test cases in the current suite
Test Method:		[unitTests.tests_validations_assertions.assertComparativeRelation_greaterThanOrEquals_false_greaterThan_expectedToPass]
################################################################################################################################################
[ReportManager] Assertion [ValidateComparativeRelation] PASSED. Expected [2] and Actual [1]. Comparison Type [GREATER_THAN_OR_EQUALS]. Validation Type [NEGATIVE]. @11-12-2021 01:51:54.0941 A

################################################################################################################################################
Starting Execution:	[25 out of 146] test cases in the current suite
Test Method:		[unitTests.tests_validations_assertions.assertComparativeRelation_greaterThanOrEquals_true_equals_expectedToFail]
################################################################################################################################################
[ReportManager] Assertion [ValidateComparativeRelation] FAILED. Expected [1] and Actual [0]. Comparison Type [GREATER_THAN_OR_EQUALS]. Validation Type [POSITIVE]. @11-12-2021 01:51:54.0944 A

################################################################################################################################################
Starting Execution:	[26 out of 146] test cases in the current suite
Test Method:		[unitTests.tests_validations_assertions.assertComparativeRelation_greaterThanOrEquals_true_equals_expectedToPass]
################################################################################################################################################
[ReportManager] Assertion [ValidateComparativeRelation] PASSED. Expected [1] and Actual [1]. Comparison Type [GREATER_THAN_OR_EQUALS]. Validation Type [POSITIVE]. @11-12-2021 01:51:54.0949 A

################################################################################################################################################
Starting Execution:	[27 out of 146] test cases in the current suite
Test Method:		[unitTests.tests_validations_assertions.assertComparativeRelation_greaterThanOrEquals_true_greaterThan_expectedToFail]
################################################################################################################################################
[ReportManager] Assertion [ValidateComparativeRelation] FAILED. Expected [2] and Actual [1]. Comparison Type [GREATER_THAN_OR_EQUALS]. Validation Type [POSITIVE]. @11-12-2021 01:51:54.0953 A

################################################################################################################################################
Starting Execution:	[28 out of 146] test cases in the current suite
Test Method:		[unitTests.tests_validations_assertions.assertComparativeRelation_greaterThanOrEquals_true_greaterThan_expectedToPass]
################################################################################################################################################
[ReportManager] Assertion [ValidateComparativeRelation] PASSED. Expected [1] and Actual [2]. Comparison Type [GREATER_THAN_OR_EQUALS]. Validation Type [POSITIVE]. @11-12-2021 01:51:54.0957 A
[ReportManager] File Action [GetAbsolutePath] successfully performed. With the following test data [Relative Folder Path: "target/downloadedFiles/"]. @11-12-2021 01:51:54.0968 AM
[ReportManager] Attempting to run locally on: [Mac-64], [Safari], Headless Execution. @11-12-2021 01:51:54.0968 AM
[ReportManager] Successfully Opened Safari. @11-12-2021 01:51:55.0804 AM
[ReportManager] Initial window size: (800, 600) @11-12-2021 01:51:55.0817 AM
[ReportManager] Window size after SWD Maximize: (1176, 802) @11-12-2021 01:51:55.0831 AM
[ReportManager] Browser Action [MaximizeWindow] successfully performed. With the following test data [New screen size is now: (1176, 802)]. @11-12-2021 01:51:55.0832 AM
[ReportManager] Target URL: [https://www.google.com/ncr], and after redirection: [www.google.com] @11-12-2021 01:51:55.0832 AM
[ReportManager] Initial URL: [] @11-12-2021 01:51:55.0882 AM
[ReportManager] Browser Action [NavigateToURL] successfully performed. With the following test data [https://www.google.com/ncr]. @11-12-2021 01:51:57.0872 A

################################################################################################################################################
Starting Execution:	[29 out of 146] test cases in the current suite
Test Method:		[unitTests.tests_validations_assertions.assertElementAttribute_false_caseInsensitiveComparison_expectedToFail]
################################################################################################################################################
[ReportManager] Element Action [Type] successfully performed. With the following test data [AUTOMATION]. @11-12-2021 01:51:58.0134 AM
[ReportManager] Element Action [GetText] successfully performed. With the following test data [AUTOMATION]. @11-12-2021 01:51:58.0209 AM
[ReportManager] Loaded Shared OpenCV @11-12-2021 01:51:59.0837 AM
[ReportManager] Assertion [ValidateElementAttribute] FAILED. Expected [Value Should not be 'AutomaTion' for the 'text' attribute, element locator 'By.name: q'] and Actual [AUTOMATION]. Comparison Type [CASE_INSENSITIVE]. Validation Type [NEGATIVE]. @11-12-2021 01:52:00.0787 AM
[ReportManager] Successfully created attachment [Screenshot - 1639187518297_assertElementAttribute_false_caseInsensitiveComparison_expectedToFail_ValidateElementAttribute_failed] @11-12-2021 01:52:00.0800 A
[ReportManager] Browser Action [CloseCurrentWindow] successfully performed. @11-12-2021 01:52:01.0165 AM
[ReportManager] Successfully created attachment [Browser Action Test Data - CloseCurrentWindow - Actual Value] @11-12-2021 01:52:01.0170 A
[ReportManager] File Action [GetAbsolutePath] successfully performed. With the following test data [Relative Folder Path: "target/downloadedFiles/"]. @11-12-2021 01:52:01.0184 AM
[ReportManager] Attempting to run locally on: [Mac-64], [Safari], Headless Execution. @11-12-2021 01:52:01.0184 AM
[ReportManager] Successfully Opened Safari. @11-12-2021 01:52:02.0040 AM
[ReportManager] Initial window size: (800, 600) @11-12-2021 01:52:02.0049 AM
[ReportManager] Window size after SWD Maximize: (1176, 803) @11-12-2021 01:52:02.0085 AM
[ReportManager] Browser Action [MaximizeWindow] successfully performed. With the following test data [New screen size is now: (1176, 803)]. @11-12-2021 01:52:02.0086 AM
[ReportManager] Target URL: [https://www.google.com/ncr], and after redirection: [www.google.com] @11-12-2021 01:52:02.0086 AM
[ReportManager] Initial URL: [] @11-12-2021 01:52:02.0151 AM
[ReportManager] Browser Action [NavigateToURL] successfully performed. With the following test data [https://www.google.com/ncr]. @11-12-2021 01:52:04.0053 A

################################################################################################################################################
Starting Execution:	[30 out of 146] test cases in the current suite
Test Method:		[unitTests.tests_validations_assertions.assertElementAttribute_false_caseInsensitiveComparison_expectedToPass]
################################################################################################################################################
[ReportManager] Element Action [Type] successfully performed. With the following test data [AUTOMATION]. @11-12-2021 01:52:04.0270 AM
[ReportManager] Element Action [GetText] successfully performed. With the following test data [AUTOMATION]. @11-12-2021 01:52:04.0341 AM
[ReportManager] Loaded Shared OpenCV @11-12-2021 01:52:04.0516 AM
[ReportManager] Assertion [ValidateElementAttribute] PASSED. Expected [Value Should not be 'AutomaTion123' for the 'text' attribute, element locator 'By.name: q'] and Actual [AUTOMATION]. Comparison Type [CASE_INSENSITIVE]. Validation Type [NEGATIVE]. @11-12-2021 01:52:04.0636 AM
[ReportManager] Successfully created attachment [Screenshot - 1639187524516_assertElementAttribute_false_caseInsensitiveComparison_expectedToPass_ValidateElementAttribute_passed] @11-12-2021 01:52:04.0641 A
[ReportManager] Browser Action [CloseCurrentWindow] successfully performed. @11-12-2021 01:52:04.0852 AM
[ReportManager] Successfully created attachment [Browser Action Test Data - CloseCurrentWindow - Actual Value] @11-12-2021 01:52:04.0857 A
[ReportManager] File Action [GetAbsolutePath] successfully performed. With the following test data [Relative Folder Path: "target/downloadedFiles/"]. @11-12-2021 01:52:04.0872 AM
[ReportManager] Attempting to run locally on: [Mac-64], [Safari], Headless Execution. @11-12-2021 01:52:04.0873 AM
[ReportManager] Successfully Opened Safari. @11-12-2021 01:52:05.0752 AM
[ReportManager] Initial window size: (800, 600) @11-12-2021 01:52:05.0778 AM
[ReportManager] Window size after SWD Maximize: (1176, 803) @11-12-2021 01:52:05.0796 AM
[ReportManager] Browser Action [MaximizeWindow] successfully performed. With the following test data [New screen size is now: (1176, 803)]. @11-12-2021 01:52:05.0797 AM
[ReportManager] Target URL: [https://www.google.com/ncr], and after redirection: [www.google.com] @11-12-2021 01:52:05.0797 AM
[ReportManager] Initial URL: [] @11-12-2021 01:52:05.0862 AM
[ReportManager] Browser Action [NavigateToURL] successfully performed. With the following test data [https://www.google.com/ncr]. @11-12-2021 01:52:07.0854 A

################################################################################################################################################
Starting Execution:	[31 out of 146] test cases in the current suite
Test Method:		[unitTests.tests_validations_assertions.assertElementAttribute_false_containsComparison_expectedToFail]
################################################################################################################################################
[ReportManager] Element Action [Type] successfully performed. With the following test data [Automation123]. @11-12-2021 01:52:08.0073 AM
[ReportManager] Element Action [GetText] successfully performed. With the following test data [Automation123]. @11-12-2021 01:52:08.0142 AM
[ReportManager] Loaded Shared OpenCV @11-12-2021 01:52:08.0199 AM
[ReportManager] Assertion [ValidateElementAttribute] FAILED. Expected [Value Should not be 'Automation' for the 'text' attribute, element locator 'By.name: q'] and Actual [Automation123]. Comparison Type [CONTAINS]. Validation Type [NEGATIVE]. @11-12-2021 01:52:08.0325 AM
[ReportManager] Successfully created attachment [Screenshot - 1639187528199_assertElementAttribute_false_containsComparison_expectedToFail_ValidateElementAttribute_failed] @11-12-2021 01:52:08.0327 A
[ReportManager] Browser Action [CloseCurrentWindow] successfully performed. @11-12-2021 01:52:08.0649 AM
[ReportManager] Successfully created attachment [Browser Action Test Data - CloseCurrentWindow - Actual Value] @11-12-2021 01:52:08.0651 A
[ReportManager] File Action [GetAbsolutePath] successfully performed. With the following test data [Relative Folder Path: "target/downloadedFiles/"]. @11-12-2021 01:52:08.0658 AM
[ReportManager] Attempting to run locally on: [Mac-64], [Safari], Headless Execution. @11-12-2021 01:52:08.0658 AM
[ReportManager] Successfully Opened Safari. @11-12-2021 01:52:09.0476 AM
[ReportManager] Initial window size: (800, 600) @11-12-2021 01:52:09.0491 AM
[ReportManager] Window size after SWD Maximize: (1176, 803) @11-12-2021 01:52:09.0521 AM
[ReportManager] Browser Action [MaximizeWindow] successfully performed. With the following test data [New screen size is now: (1176, 803)]. @11-12-2021 01:52:09.0521 AM
[ReportManager] Target URL: [https://www.google.com/ncr], and after redirection: [www.google.com] @11-12-2021 01:52:09.0521 AM
[ReportManager] Initial URL: [] @11-12-2021 01:52:09.0561 AM
[ReportManager] Browser Action [NavigateToURL] successfully performed. With the following test data [https://www.google.com/ncr]. @11-12-2021 01:52:11.0453 A

################################################################################################################################################
Starting Execution:	[32 out of 146] test cases in the current suite
Test Method:		[unitTests.tests_validations_assertions.assertElementAttribute_false_containsComparison_expectedToPass]
################################################################################################################################################
[ReportManager] Element Action [Type] successfully performed. With the following test data [Automation123]. @11-12-2021 01:52:11.0658 AM
[ReportManager] Element Action [GetText] successfully performed. With the following test data [Automation123]. @11-12-2021 01:52:11.0722 AM
[ReportManager] Loaded Shared OpenCV @11-12-2021 01:52:11.0781 AM
[ReportManager] Assertion [ValidateElementAttribute] PASSED. Expected [Value Should not be 'Automation1234' for the 'text' attribute, element locator 'By.name: q'] and Actual [Automation123]. Comparison Type [CONTAINS]. Validation Type [NEGATIVE]. @11-12-2021 01:52:11.0904 AM
[ReportManager] Successfully created attachment [Screenshot - 1639187531781_assertElementAttribute_false_containsComparison_expectedToPass_ValidateElementAttribute_passed] @11-12-2021 01:52:11.0905 A
[ReportManager] Browser Action [CloseCurrentWindow] successfully performed. @11-12-2021 01:52:12.0301 AM
[ReportManager] Successfully created attachment [Browser Action Test Data - CloseCurrentWindow - Actual Value] @11-12-2021 01:52:12.0303 A
[ReportManager] File Action [GetAbsolutePath] successfully performed. With the following test data [Relative Folder Path: "target/downloadedFiles/"]. @11-12-2021 01:52:12.0310 AM
[ReportManager] Attempting to run locally on: [Mac-64], [Safari], Headless Execution. @11-12-2021 01:52:12.0310 AM
[ReportManager] Successfully Opened Safari. @11-12-2021 01:52:13.0152 AM
[ReportManager] Initial window size: (800, 600) @11-12-2021 01:52:13.0164 AM
[ReportManager] Window size after SWD Maximize: (1176, 803) @11-12-2021 01:52:13.0182 AM
[ReportManager] Browser Action [MaximizeWindow] successfully performed. With the following test data [New screen size is now: (1176, 803)]. @11-12-2021 01:52:13.0183 AM
[ReportManager] Target URL: [https://www.google.com/ncr], and after redirection: [www.google.com] @11-12-2021 01:52:13.0183 AM
[ReportManager] Initial URL: [] @11-12-2021 01:52:13.0241 AM
[ReportManager] Browser Action [NavigateToURL] successfully performed. With the following test data [https://www.google.com/ncr]. @11-12-2021 01:52:15.0162 A

################################################################################################################################################
Starting Execution:	[33 out of 146] test cases in the current suite
Test Method:		[unitTests.tests_validations_assertions.assertElementAttribute_false_literalComparison_expectedToFail]
################################################################################################################################################
[ReportManager] Element Action [Type] successfully performed. With the following test data [Automation!@#$%^&*()_+{}[]\';/.,]. @11-12-2021 01:52:15.0493 AM
[ReportManager] Element Action [GetText] successfully performed. With the following test data [Automation!@#$%^&*()_+{}[]\';/.,]. @11-12-2021 01:52:15.0554 AM
[ReportManager] Loaded Shared OpenCV @11-12-2021 01:52:15.0621 AM
[ReportManager] Assertion [ValidateElementAttribute] PASSED. Expected [Value Should not be 'Automation!@#$%^&*()_+{}[]\\';/.,' for the 'text' attribute, element locator 'By.name: q'] and Actual [Automation!@#$%^&*()_+{}[]\';/.,]. Comparison Type [EQUALS]. Validation Type [NEGATIVE]. @11-12-2021 01:52:15.0758 AM
[ReportManager] Successfully created attachment [Screenshot - 1639187535621_assertElementAttribute_false_literalComparison_expectedToFail_ValidateElementAttribute_passed] @11-12-2021 01:52:15.0759 A
[ReportManager] Browser Action [CloseCurrentWindow] successfully performed. @11-12-2021 01:52:16.0086 AM
[ReportManager] Successfully created attachment [Browser Action Test Data - CloseCurrentWindow - Actual Value] @11-12-2021 01:52:16.0088 A
[ReportManager] File Action [GetAbsolutePath] successfully performed. With the following test data [Relative Folder Path: "target/downloadedFiles/"]. @11-12-2021 01:52:16.0095 AM
[ReportManager] Attempting to run locally on: [Mac-64], [Safari], Headless Execution. @11-12-2021 01:52:16.0095 AM
[ReportManager] An Exception Occured with this Message: Could not start a new session. Possible causes are invalid address of the remote server or browser start-up failure.. @11-12-2021 01:52:16.0244 AM
[ReportManager] Successfully created attachment [Exception Stack Trace - org.openqa.selenium.SessionNotCreatedException] @11-12-2021 01:52:16.0244 AM
[ReportManager] Driver Factory Action [createNewLocalDriverInstanceForSafari] failed. With the following test data [Failed to create a session on DESKTOP_SAFARI]. @11-12-2021 01:52:16.0245 A

################################################################################################################################################
Starting Execution:	[34 out of 146] test cases in the current suite
Test Method:		[unitTests.tests_validations_assertions.assertElementAttribute_false_literalComparison_expectedToPass]
###############################################################################################################################################



################################################################################################################################################
Starting Execution:	[35 out of 146] test cases in the current suite
Test Method:		[unitTests.tests_validations_assertions.assertElementAttribute_false_regexComparison_expectedToFail]
###############################################################################################################################################



################################################################################################################################################
Starting Execution:	[36 out of 146] test cases in the current suite
Test Method:		[unitTests.tests_validations_assertions.assertElementAttribute_false_regexComparison_expectedToPass]
###############################################################################################################################################



################################################################################################################################################
Starting Execution:	[37 out of 146] test cases in the current suite
Test Method:		[unitTests.tests_validations_assertions.assertElementAttribute_true_caseInsensitiveComparison_expectedToFail]
###############################################################################################################################################



################################################################################################################################################
Starting Execution:	[38 out of 146] test cases in the current suite
Test Method:		[unitTests.tests_validations_assertions.assertElementAttribute_true_caseInsensitiveComparison_expectedToPass]
###############################################################################################################################################



################################################################################################################################################
Starting Execution:	[39 out of 146] test cases in the current suite
Test Method:		[unitTests.tests_validations_assertions.assertElementAttribute_true_containsComparison_expectedToFail]
###############################################################################################################################################



################################################################################################################################################
Starting Execution:	[40 out of 146] test cases in the current suite
Test Method:		[unitTests.tests_validations_assertions.assertElementAttribute_true_containsComparison_expectedToPass]
###############################################################################################################################################



################################################################################################################################################
Starting Execution:	[41 out of 146] test cases in the current suite
Test Method:		[unitTests.tests_validations_assertions.assertElementAttribute_true_literalComparison_expectedToFail]
###############################################################################################################################################



################################################################################################################################################
Starting Execution:	[42 out of 146] test cases in the current suite
Test Method:		[unitTests.tests_validations_assertions.assertElementAttribute_true_literalComparison_expectedToPass]
###############################################################################################################################################



################################################################################################################################################
Starting Execution:	[43 out of 146] test cases in the current suite
Test Method:		[unitTests.tests_validations_assertions.assertElementAttribute_true_regexComparison_expectedToFail]
###############################################################################################################################################



################################################################################################################################################
Starting Execution:	[44 out of 146] test cases in the current suite
Test Method:		[unitTests.tests_validations_assertions.assertElementAttribute_true_regexComparison_expectedToPass]
###############################################################################################################################################



################################################################################################################################################
Starting Execution:	[45 out of 146] test cases in the current suite
Test Method:		[unitTests.tests_validations_assertions.assertElementAttribute_type_true_literalComparison_expectedToPass]
###############################################################################################################################################



################################################################################################################################################
Starting Execution:	[46 out of 146] test cases in the current suite
Test Method:		[unitTests.tests_validations_assertions.assertElementExists_false_expectedToFail]
###############################################################################################################################################



################################################################################################################################################
Starting Execution:	[47 out of 146] test cases in the current suite
Test Method:		[unitTests.tests_validations_assertions.assertElementExists_false_expectedToPass]
###############################################################################################################################################



################################################################################################################################################
Starting Execution:	[48 out of 146] test cases in the current suite
Test Method:		[unitTests.tests_validations_assertions.assertElementExists_false_multipleElementsFound_expectedToFail]
###############################################################################################################################################



################################################################################################################################################
Starting Execution:	[49 out of 146] test cases in the current suite
Test Method:		[unitTests.tests_validations_assertions.assertElementExists_true_expectedToFail]
###############################################################################################################################################



################################################################################################################################################
Starting Execution:	[50 out of 146] test cases in the current suite
Test Method:		[unitTests.tests_validations_assertions.assertElementExists_true_expectedToPass]
###############################################################################################################################################



################################################################################################################################################
Starting Execution:	[51 out of 146] test cases in the current suite
Test Method:		[unitTests.tests_validations_assertions.assertElementExists_true_multipleElementsFound_expectedToFail]
###############################################################################################################################################


################################################################################################################################################
Starting Execution:	[52 out of 146] test cases in the current suite
Test Method:		[unitTests.tests_validations_assertions.assertEquals_false_expectedToFail]
###############################################################################################################################################

################################################################################################################################################
Starting Execution:	[53 out of 146] test cases in the current suite
Test Method:		[unitTests.tests_validations_assertions.assertEquals_false_expectedToPass]
###############################################################################################################################################

################################################################################################################################################
Starting Execution:	[54 out of 146] test cases in the current suite
Test Method:		[unitTests.tests_validations_assertions.assertEquals_longCharacters]
###############################################################################################################################################

################################################################################################################################################
Starting Execution:	[55 out of 146] test cases in the current suite
Test Method:		[unitTests.tests_validations_assertions.assertEquals_longCharacters_Discreet]
###############################################################################################################################################

################################################################################################################################################
Starting Execution:	[56 out of 146] test cases in the current suite
Test Method:		[unitTests.tests_validations_assertions.assertEquals_true_expectedToFail]
###############################################################################################################################################

################################################################################################################################################
Starting Execution:	[57 out of 146] test cases in the current suite
Test Method:		[unitTests.tests_validations_assertions.assertEquals_true_expectedToPass]
Test Description:	[Assert that assertEquals works as expected when the two values are equal.]
###############################################################################################################################################

################################################################################################################################################
Starting Execution:	[58 out of 146] test cases in the current suite
Test Method:		[unitTests.tests_validations_assertions.assertEquals_true_expectedToPass__]
###############################################################################################################################################

################################################################################################################################################
Starting Execution:	[59 out of 146] test cases in the current suite
Test Method:		[unitTests.tests_validations_assertions.assertFileExists_false_expectedToFail]
###############################################################################################################################################

################################################################################################################################################
Starting Execution:	[60 out of 146] test cases in the current suite
Test Method:		[unitTests.tests_validations_assertions.assertFileExists_false_expectedToPass]
###############################################################################################################################################

################################################################################################################################################
Starting Execution:	[61 out of 146] test cases in the current suite
Test Method:		[unitTests.tests_validations_assertions.assertFileExists_true_expectedToFail]
###############################################################################################################################################

################################################################################################################################################
Starting Execution:	[62 out of 146] test cases in the current suite
Test Method:		[unitTests.tests_validations_assertions.assertFileExists_true_expectedToPass]
###############################################################################################################################################

################################################################################################################################################
Starting Execution:	[63 out of 146] test cases in the current suite
Test Method:		[unitTests.tests_validations_assertions.assertNull_false_expectedToFail]
###############################################################################################################################################

################################################################################################################################################
Starting Execution:	[64 out of 146] test cases in the current suite
Test Method:		[unitTests.tests_validations_assertions.assertNull_false_expectedToPass]
###############################################################################################################################################

################################################################################################################################################
Starting Execution:	[65 out of 146] test cases in the current suite
Test Method:		[unitTests.tests_validations_assertions.assertNull_true_expectedToFail]
###############################################################################################################################################

################################################################################################################################################
Starting Execution:	[66 out of 146] test cases in the current suite
Test Method:		[unitTests.tests_validations_assertions.assertNull_true_expectedToPass]
###############################################################################################################################################

################################################################################################################################################
Starting Execution:	[67 out of 146] test cases in the current suite
Test Method:		[unitTests.tests_restActions.getPostsAndAssertBodyForSpecificTitle]
################################################################################################################################################
[ReportManager] Response status code: [200], status line: [HTTP/1.1 200 OK] @11-12-2021 01:52:18.0756 AM
[ReportManager] Assertion Passed: Evaluating the actual response status code against the expected one... @11-12-2021 01:52:18.0761 AM
[ReportManager] Assertion [ValidateComparativeRelation] PASSED. Expected [200] and Actual [200]. Comparison Type [EQUALS]. Validation Type [POSITIVE]. @11-12-2021 01:52:18.0761 AM
[ReportManager] API Action [PerformRequest] successfully performed. With the following test data [Request Type: "GET" | Target Status Code: "200" | Service URL: "https://jsonplaceholder.typicode.com/posts" | Content Type: "*/*" | Response Time: "713ms"]. @11-12-2021 01:52:19.0767 AM
[ReportManager] Successfully created attachment [API Request - Specifications] @11-12-2021 01:52:19.0768 AM
[ReportManager] Successfully created attachment [API Response - JSON Body] @11-12-2021 01:52:20.0031 AM
[ReportManager] API Action [GetResponseJSONValueAsList] successfully performed. @11-12-2021 01:52:20.0057 AM
[ReportManager] API Action [GetResponseJSONValue] successfully performed. With the following test data [title]. @11-12-2021 01:52:20.0079 AM
[ReportManager] API Action [GetResponseJSONValue] successfully performed. With the following test data [title]. @11-12-2021 01:52:20.0093 AM
[ReportManager] API Action [GetResponseJSONValue] successfully performed. With the following test data [body]. @11-12-2021 01:52:20.0107 AM
[ReportManager] Assertion [ValidateEquals] PASSED. Expected [qui neque nisi nulla] and Actual [est rerum tempore vitae
sequi sint nihil reprehenderit dolor beatae ea dolores neque
fugiat blanditiis voluptate porro vel nihil molestiae ut reiciendis
qui aperiam non debitis possimus qui neque nisi nulla]. Comparison Type [CONTAINS]. Validation Type [POSITIVE]. @11-12-2021 01:52:20.0107 AM
[ReportManager] API Action [GetResponseJSONValue] successfully performed. With the following test data [title]. @11-12-2021 01:52:20.0120 AM
[ReportManager] API Action [GetResponseJSONValue] successfully performed. With the following test data [title]. @11-12-2021 01:52:20.0133 AM
[ReportManager] API Action [GetResponseJSONValue] successfully performed. With the following test data [title]. @11-12-2021 01:52:20.0146 AM
[ReportManager] API Action [GetResponseJSONValue] successfully performed. With the following test data [title]. @11-12-2021 01:52:20.0170 AM
[ReportManager] API Action [GetResponseJSONValue] successfully performed. With the following test data [title]. @11-12-2021 01:52:20.0183 AM
[ReportManager] API Action [GetResponseJSONValue] successfully performed. With the following test data [title]. @11-12-2021 01:52:20.0195 AM
[ReportManager] API Action [GetResponseJSONValue] successfully performed. With the following test data [title]. @11-12-2021 01:52:20.0207 AM
[ReportManager] API Action [GetResponseJSONValue] successfully performed. With the following test data [title]. @11-12-2021 01:52:20.0220 AM
[ReportManager] API Action [GetResponseJSONValue] successfully performed. With the following test data [title]. @11-12-2021 01:52:20.0232 AM
[ReportManager] API Action [GetResponseJSONValue] successfully performed. With the following test data [title]. @11-12-2021 01:52:20.0245 AM
[ReportManager] API Action [GetResponseJSONValue] successfully performed. With the following test data [title]. @11-12-2021 01:52:20.0259 AM
[ReportManager] API Action [GetResponseJSONValue] successfully performed. With the following test data [title]. @11-12-2021 01:52:20.0273 AM
[ReportManager] API Action [GetResponseJSONValue] successfully performed. With the following test data [title]. @11-12-2021 01:52:20.0285 AM
[ReportManager] API Action [GetResponseJSONValue] successfully performed. With the following test data [title]. @11-12-2021 01:52:20.0297 AM
[ReportManager] API Action [GetResponseJSONValue] successfully performed. With the following test data [title]. @11-12-2021 01:52:20.0309 AM
[ReportManager] API Action [GetResponseJSONValue] successfully performed. With the following test data [title]. @11-12-2021 01:52:20.0321 AM
[ReportManager] API Action [GetResponseJSONValue] successfully performed. With the following test data [title]. @11-12-2021 01:52:20.0332 AM
[ReportManager] API Action [GetResponseJSONValue] successfully performed. With the following test data [title]. @11-12-2021 01:52:20.0345 AM
[ReportManager] API Action [GetResponseJSONValue] successfully performed. With the following test data [title]. @11-12-2021 01:52:20.0357 AM
[ReportManager] API Action [GetResponseJSONValue] successfully performed. With the following test data [title]. @11-12-2021 01:52:20.0369 AM
[ReportManager] API Action [GetResponseJSONValue] successfully performed. With the following test data [title]. @11-12-2021 01:52:20.0380 AM
[ReportManager] API Action [GetResponseJSONValue] successfully performed. With the following test data [title]. @11-12-2021 01:52:20.0392 AM
[ReportManager] API Action [GetResponseJSONValue] successfully performed. With the following test data [title]. @11-12-2021 01:52:20.0403 AM
[ReportManager] API Action [GetResponseJSONValue] successfully performed. With the following test data [title]. @11-12-2021 01:52:20.0415 AM
[ReportManager] API Action [GetResponseJSONValue] successfully performed. With the following test data [title]. @11-12-2021 01:52:20.0426 AM
[ReportManager] API Action [GetResponseJSONValue] successfully performed. With the following test data [title]. @11-12-2021 01:52:20.0437 AM
[ReportManager] API Action [GetResponseJSONValue] successfully performed. With the following test data [title]. @11-12-2021 01:52:20.0448 AM
[ReportManager] API Action [GetResponseJSONValue] successfully performed. With the following test data [title]. @11-12-2021 01:52:20.0463 AM
[ReportManager] API Action [GetResponseJSONValue] successfully performed. With the following test data [title]. @11-12-2021 01:52:20.0478 AM
[ReportManager] API Action [GetResponseJSONValue] successfully performed. With the following test data [title]. @11-12-2021 01:52:20.0491 AM
[ReportManager] API Action [GetResponseJSONValue] successfully performed. With the following test data [title]. @11-12-2021 01:52:20.0503 AM
[ReportManager] API Action [GetResponseJSONValue] successfully performed. With the following test data [title]. @11-12-2021 01:52:20.0514 AM
[ReportManager] API Action [GetResponseJSONValue] successfully performed. With the following test data [title]. @11-12-2021 01:52:20.0525 AM
[ReportManager] API Action [GetResponseJSONValue] successfully performed. With the following test data [title]. @11-12-2021 01:52:20.0535 AM
[ReportManager] API Action [GetResponseJSONValue] successfully performed. With the following test data [title]. @11-12-2021 01:52:20.0546 AM
[ReportManager] API Action [GetResponseJSONValue] successfully performed. With the following test data [title]. @11-12-2021 01:52:20.0557 AM
[ReportManager] API Action [GetResponseJSONValue] successfully performed. With the following test data [title]. @11-12-2021 01:52:20.0568 AM
[ReportManager] API Action [GetResponseJSONValue] successfully performed. With the following test data [title]. @11-12-2021 01:52:20.0579 AM
[ReportManager] API Action [GetResponseJSONValue] successfully performed. With the following test data [title]. @11-12-2021 01:52:20.0590 AM
[ReportManager] API Action [GetResponseJSONValue] successfully performed. With the following test data [title]. @11-12-2021 01:52:20.0601 AM
[ReportManager] API Action [GetResponseJSONValue] successfully performed. With the following test data [title]. @11-12-2021 01:52:20.0612 AM
[ReportManager] API Action [GetResponseJSONValue] successfully performed. With the following test data [title]. @11-12-2021 01:52:20.0623 AM
[ReportManager] API Action [GetResponseJSONValue] successfully performed. With the following test data [title]. @11-12-2021 01:52:20.0635 AM
[ReportManager] API Action [GetResponseJSONValue] successfully performed. With the following test data [title]. @11-12-2021 01:52:20.0646 AM
[ReportManager] API Action [GetResponseJSONValue] successfully performed. With the following test data [title]. @11-12-2021 01:52:20.0657 AM
[ReportManager] API Action [GetResponseJSONValue] successfully performed. With the following test data [title]. @11-12-2021 01:52:20.0669 AM
[ReportManager] API Action [GetResponseJSONValue] successfully performed. With the following test data [title]. @11-12-2021 01:52:20.0680 AM
[ReportManager] API Action [GetResponseJSONValue] successfully performed. With the following test data [title]. @11-12-2021 01:52:20.0692 AM
[ReportManager] API Action [GetResponseJSONValue] successfully performed. With the following test data [title]. @11-12-2021 01:52:20.0703 AM
[ReportManager] API Action [GetResponseJSONValue] successfully performed. With the following test data [title]. @11-12-2021 01:52:20.0714 AM
[ReportManager] API Action [GetResponseJSONValue] successfully performed. With the following test data [title]. @11-12-2021 01:52:20.0725 AM
[ReportManager] API Action [GetResponseJSONValue] successfully performed. With the following test data [title]. @11-12-2021 01:52:20.0736 AM
[ReportManager] API Action [GetResponseJSONValue] successfully performed. With the following test data [title]. @11-12-2021 01:52:20.0748 AM
[ReportManager] API Action [GetResponseJSONValue] successfully performed. With the following test data [title]. @11-12-2021 01:52:20.0759 AM
[ReportManager] API Action [GetResponseJSONValue] successfully performed. With the following test data [title]. @11-12-2021 01:52:20.0769 AM
[ReportManager] API Action [GetResponseJSONValue] successfully performed. With the following test data [title]. @11-12-2021 01:52:20.0780 AM
[ReportManager] API Action [GetResponseJSONValue] successfully performed. With the following test data [title]. @11-12-2021 01:52:20.0791 AM
[ReportManager] API Action [GetResponseJSONValue] successfully performed. With the following test data [title]. @11-12-2021 01:52:20.0802 AM
[ReportManager] API Action [GetResponseJSONValue] successfully performed. With the following test data [title]. @11-12-2021 01:52:20.0813 AM
[ReportManager] API Action [GetResponseJSONValue] successfully performed. With the following test data [title]. @11-12-2021 01:52:20.0839 AM
[ReportManager] API Action [GetResponseJSONValue] successfully performed. With the following test data [title]. @11-12-2021 01:52:20.0850 AM
[ReportManager] API Action [GetResponseJSONValue] successfully performed. With the following test data [title]. @11-12-2021 01:52:20.0860 AM
[ReportManager] API Action [GetResponseJSONValue] successfully performed. With the following test data [title]. @11-12-2021 01:52:20.0871 AM
[ReportManager] API Action [GetResponseJSONValue] successfully performed. With the following test data [title]. @11-12-2021 01:52:20.0882 AM
[ReportManager] API Action [GetResponseJSONValue] successfully performed. With the following test data [title]. @11-12-2021 01:52:20.0892 AM
[ReportManager] API Action [GetResponseJSONValue] successfully performed. With the following test data [title]. @11-12-2021 01:52:20.0903 AM
[ReportManager] API Action [GetResponseJSONValue] successfully performed. With the following test data [title]. @11-12-2021 01:52:20.0914 AM
[ReportManager] API Action [GetResponseJSONValue] successfully performed. With the following test data [title]. @11-12-2021 01:52:20.0925 AM
[ReportManager] API Action [GetResponseJSONValue] successfully performed. With the following test data [title]. @11-12-2021 01:52:20.0936 AM
[ReportManager] API Action [GetResponseJSONValue] successfully performed. With the following test data [title]. @11-12-2021 01:52:20.0946 AM
[ReportManager] API Action [GetResponseJSONValue] successfully performed. With the following test data [title]. @11-12-2021 01:52:20.0957 AM
[ReportManager] API Action [GetResponseJSONValue] successfully performed. With the following test data [title]. @11-12-2021 01:52:20.0977 AM
[ReportManager] API Action [GetResponseJSONValue] successfully performed. With the following test data [title]. @11-12-2021 01:52:20.0987 AM
[ReportManager] API Action [GetResponseJSONValue] successfully performed. With the following test data [title]. @11-12-2021 01:52:20.0998 AM
[ReportManager] API Action [GetResponseJSONValue] successfully performed. With the following test data [title]. @11-12-2021 01:52:21.0009 AM
[ReportManager] API Action [GetResponseJSONValue] successfully performed. With the following test data [title]. @11-12-2021 01:52:21.0020 AM
[ReportManager] API Action [GetResponseJSONValue] successfully performed. With the following test data [title]. @11-12-2021 01:52:21.0031 AM
[ReportManager] API Action [GetResponseJSONValue] successfully performed. With the following test data [title]. @11-12-2021 01:52:21.0042 AM
[ReportManager] API Action [GetResponseJSONValue] successfully performed. With the following test data [title]. @11-12-2021 01:52:21.0052 AM
[ReportManager] API Action [GetResponseJSONValue] successfully performed. With the following test data [title]. @11-12-2021 01:52:21.0063 AM
[ReportManager] API Action [GetResponseJSONValue] successfully performed. With the following test data [title]. @11-12-2021 01:52:21.0074 AM
[ReportManager] API Action [GetResponseJSONValue] successfully performed. With the following test data [title]. @11-12-2021 01:52:21.0085 AM
[ReportManager] API Action [GetResponseJSONValue] successfully performed. With the following test data [title]. @11-12-2021 01:52:21.0095 AM
[ReportManager] API Action [GetResponseJSONValue] successfully performed. With the following test data [title]. @11-12-2021 01:52:21.0105 AM
[ReportManager] API Action [GetResponseJSONValue] successfully performed. With the following test data [title]. @11-12-2021 01:52:21.0116 AM
[ReportManager] API Action [GetResponseJSONValue] successfully performed. With the following test data [title]. @11-12-2021 01:52:21.0126 AM
[ReportManager] API Action [GetResponseJSONValue] successfully performed. With the following test data [title]. @11-12-2021 01:52:21.0136 AM
[ReportManager] API Action [GetResponseJSONValue] successfully performed. With the following test data [title]. @11-12-2021 01:52:21.0146 AM
[ReportManager] API Action [GetResponseJSONValue] successfully performed. With the following test data [title]. @11-12-2021 01:52:21.0156 AM
[ReportManager] API Action [GetResponseJSONValue] successfully performed. With the following test data [title]. @11-12-2021 01:52:21.0166 AM
[ReportManager] API Action [GetResponseJSONValue] successfully performed. With the following test data [title]. @11-12-2021 01:52:21.0176 AM
[ReportManager] API Action [GetResponseJSONValue] successfully performed. With the following test data [title]. @11-12-2021 01:52:21.0187 AM
[ReportManager] API Action [GetResponseJSONValue] successfully performed. With the following test data [title]. @11-12-2021 01:52:21.0198 AM
[ReportManager] API Action [GetResponseJSONValue] successfully performed. With the following test data [title]. @11-12-2021 01:52:21.0208 AM
[ReportManager] API Action [GetResponseJSONValue] successfully performed. With the following test data [title]. @11-12-2021 01:52:21.0218 AM
[ReportManager] API Action [GetResponseJSONValue] successfully performed. With the following test data [title]. @11-12-2021 01:52:21.0228 AM
[ReportManager] API Action [GetResponseJSONValue] successfully performed. With the following test data [title]. @11-12-2021 01:52:21.0238 AM
[ReportManager] API Action [GetResponseJSONValue] successfully performed. With the following test data [title]. @11-12-2021 01:52:21.0249 A

################################################################################################################################################
Starting Execution:	[68 out of 146] test cases in the current suite
Test Method:		[unitTests.tests_restActions.validateUserEmail]
################################################################################################################################################
[ReportManager] Response status code: [200], status line: [HTTP/1.1 200 OK] @11-12-2021 01:52:21.0385 AM
[ReportManager] Assertion Passed: Evaluating the actual response status code against the expected one... @11-12-2021 01:52:21.0385 AM
[ReportManager] Assertion [ValidateComparativeRelation] PASSED. Expected [200] and Actual [200]. Comparison Type [EQUALS]. Validation Type [POSITIVE]. @11-12-2021 01:52:21.0385 AM
[ReportManager] API Action [PerformRequest] successfully performed. With the following test data [Request Type: "GET" | Target Status Code: "200" | Service URL: "https://jsonplaceholder.typicode.com/users" | Content Type: "*/*" | Response Time: "125ms"]. @11-12-2021 01:52:21.0405 AM
[ReportManager] Successfully created attachment [API Request - Specifications] @11-12-2021 01:52:21.0406 AM
[ReportManager] Successfully created attachment [API Response - JSON Body] @11-12-2021 01:52:21.0406 AM
[ReportManager] Assertion [ValidateEquals] PASSED. Expected and Actual values are attached. Comparison Type [CONTAINS]. Validation Type [POSITIVE]. @11-12-2021 01:52:21.0407 AM
[ReportManager] Successfully created attachment [Validation Test Data - Expected Value] @11-12-2021 01:52:21.0407 AM
[ReportManager] Successfully created attachment [Validation Test Data - Actual Value] @11-12-2021 01:52:21.0407 AM
[ReportManager] API Action [GetResponseJSONValueAsList] successfully performed. With the following test data [$]. @11-12-2021 01:52:21.0414 AM
[ReportManager] API Action [GetResponseJSONValue] successfully performed. With the following test data [name]. @11-12-2021 01:52:21.0425 AM
[ReportManager] API Action [GetResponseJSONValue] successfully performed. With the following test data [email]. @11-12-2021 01:52:21.0435 AM
[ReportManager] Assertion [ValidateEquals] PASSED. Expected [Sincere@april.biz] and Actual [Sincere@april.biz]. Comparison Type [EQUALS]. Validation Type [POSITIVE]. @11-12-2021 01:52:21.0435 AM
[ReportManager] API Action [GetResponseJSONValue] successfully performed. With the following test data [name]. @11-12-2021 01:52:21.0445 AM
[ReportManager] API Action [GetResponseJSONValue] successfully performed. With the following test data [name]. @11-12-2021 01:52:21.0454 AM
[ReportManager] API Action [GetResponseJSONValue] successfully performed. With the following test data [name]. @11-12-2021 01:52:21.0464 AM
[ReportManager] API Action [GetResponseJSONValue] successfully performed. With the following test data [name]. @11-12-2021 01:52:21.0474 AM
[ReportManager] API Action [GetResponseJSONValue] successfully performed. With the following test data [name]. @11-12-2021 01:52:21.0483 AM
[ReportManager] API Action [GetResponseJSONValue] successfully performed. With the following test data [name]. @11-12-2021 01:52:21.0493 AM
[ReportManager] API Action [GetResponseJSONValue] successfully performed. With the following test data [name]. @11-12-2021 01:52:21.0503 AM
[ReportManager] API Action [GetResponseJSONValue] successfully performed. With the following test data [name]. @11-12-2021 01:52:21.0513 AM
[ReportManager] API Action [GetResponseJSONValue] successfully performed. With the following test data [name]. @11-12-2021 01:52:21.0524 A
[ReportManager] File Action [GetAbsolutePath] successfully performed. With the following test data [Relative Folder Path: "target/downloadedFiles/"]. @11-12-2021 01:52:21.0528 AM
[ReportManager] Attempting to run locally on: [Mac-64], [Safari], Headless Execution. @11-12-2021 01:52:21.0528 AM
[ReportManager] Successfully Opened Safari. @11-12-2021 01:52:22.0318 AM
[ReportManager] Initial window size: (800, 600) @11-12-2021 01:52:22.0346 AM
[ReportManager] Window size after SWD Maximize: (1176, 803) @11-12-2021 01:52:22.0361 AM
[ReportManager] Browser Action [MaximizeWindow] successfully performed. With the following test data [New screen size is now: (1176, 803)]. @11-12-2021 01:52:22.0365 A

################################################################################################################################################
Starting Execution:	[69 out of 146] test cases in the current suite
Test Method:		[testPackage01.Test_uploadFile.uploadFile_invisibleUploadInput]
################################################################################################################################################
[ReportManager] Target URL: [https://fineuploader.com/demos.html#gallery-view] @11-12-2021 01:52:22.0409 AM
[ReportManager] Initial URL: [] @11-12-2021 01:52:22.0443 AM
[ReportManager] Browser Action [NavigateToURL] successfully performed. With the following test data [https://fineuploader.com/demos.html#gallery-view]. @11-12-2021 01:52:24.0173 AM
[ReportManager] File Action [GetAbsolutePath] successfully performed. With the following test data [Relative File Path: "src/main/resources/images/shaft.png"]. @11-12-2021 01:52:24.0174 AM
[ReportManager] Successfully created attachment [File Action Actual Result - Command Log] @11-12-2021 01:52:24.0236 AM
[ReportManager] Element Action [TypeFileLocationForUpload] successfully performed. With the following test data [/Users/runner/work/SHAFT_ENGINE/SHAFT_ENGINE/src/main/resources/images/shaft.png]. @11-12-2021 01:52:24.0289 AM
[ReportManager] Attempting to getAttribute [src] from elementLocator [By.xpath: //div[@id='fine-uploader-gallery']//div[@class='qq-thumbnail-wrapper']/img]. @11-12-2021 01:52:24.0291 AM
[ReportManager] Element Action [GetAttribute] successfully performed. @11-12-2021 01:52:24.0388 AM
[ReportManager] Successfully created attachment [Element Action Test Data - GetAttribute - Actual Value] @11-12-2021 01:52:24.0389 AM
[ReportManager] Loaded Shared OpenCV @11-12-2021 01:52:24.0477 AM
[ReportManager] Assertion Passed: Then I Assert that the element found by [By.xpath: //div[@id='fine-uploader-gallery']//div[@class='qq-thumbnail-wrapper']/img] attribute [src] contains [data:image/png;base64]. @11-12-2021 01:52:24.0588 AM
[ReportManager] Successfully created attachment [Validation Test Data - Expected Value] @11-12-2021 01:52:24.0589 AM
[ReportManager] Successfully created attachment [Validation Test Data - Actual Value] @11-12-2021 01:52:24.0590 AM
[ReportManager] Successfully created attachment [Screenshot - 1639187544477_uploadFile_invisibleUploadInput_ValidateElementAttribute_passed] @11-12-2021 01:52:24.0591 AM
[ReportManager] Assertion [ValidateElementAttribute] PASSED. Expected and Actual values are attached. Comparison Type [CONTAINS]. Validation Type [POSITIVE]. @11-12-2021 01:52:24.0591 A
[ReportManager] Browser Action [CloseCurrentWindow] successfully performed. @11-12-2021 01:52:24.0906 AM
[ReportManager] Successfully created attachment [Browser Action Test Data - CloseCurrentWindow - Actual Value] @11-12-2021 01:52:24.0907 A
[ReportManager] File Action [GetAbsolutePath] successfully performed. With the following test data [Relative Folder Path: "target/downloadedFiles/"]. @11-12-2021 01:52:24.0911 AM
[ReportManager] Attempting to run locally on: [Mac-64], [Safari], Headless Execution. @11-12-2021 01:52:24.0911 AM
[ReportManager] An Exception Occured with this Message: Could not start a new session. Possible causes are invalid address of the remote server or browser start-up failure.. @11-12-2021 01:52:25.0054 AM
[ReportManager] Successfully created attachment [Exception Stack Trace - org.openqa.selenium.SessionNotCreatedException] @11-12-2021 01:52:25.0054 AM
[ReportManager] Driver Factory Action [createNewLocalDriverInstanceForSafari] failed. With the following test data [Failed to create a session on DESKTOP_SAFARI]. @11-12-2021 01:52:25.0055 A

################################################################################################################################################
Starting Execution:	[70 out of 146] test cases in the current suite
Test Method:		[testPackage01.Test_uploadFile.uploadFile_visibleUploadInput]
###############################################################################################################################################


################################################################################################################################################
Starting Execution:	[71 out of 146] test cases in the current suite
Test Method:		[testPackage01.Test_AssertApiResponseEquals.assertApiResponseEquals_expectedToPass]
################################################################################################################################################
[ReportManager] Response status code: [200], status line: [HTTP/1.1 200 OK] @11-12-2021 01:52:25.0204 AM
[ReportManager] Assertion Passed: Evaluating the actual response status code against the expected one... @11-12-2021 01:52:25.0205 AM
[ReportManager] Assertion [ValidateComparativeRelation] PASSED. Expected [200] and Actual [200]. Comparison Type [EQUALS]. Validation Type [POSITIVE]. @11-12-2021 01:52:25.0205 AM
[ReportManager] API Action [PerformRequest] successfully performed. With the following test data [Request Type: "GET" | Target Status Code: "200" | Service URL: "https://jsonplaceholder.typicode.com/users" | Content Type: "*/*" | Response Time: "138ms"]. @11-12-2021 01:52:25.0262 AM
[ReportManager] Successfully created attachment [API Request - Specifications] @11-12-2021 01:52:25.0263 AM
[ReportManager] Successfully created attachment [API Response - JSON Body] @11-12-2021 01:52:25.0264 AM
[ReportManager] API Action [GetResponseJSONValueAsList] successfully performed. With the following test data [$]. @11-12-2021 01:52:25.0271 AM
[ReportManager] API Action [GetResponseJSONValue] successfully performed. With the following test data [name]. @11-12-2021 01:52:25.0283 AM
[ReportManager] API Action [GetResponseJSONValue] successfully performed. With the following test data [email]. @11-12-2021 01:52:25.0296 AM
[ReportManager] Verification [ValidateEquals] PASSED. Expected [Sincere@april.biz] and Actual [Sincere@april.biz]. Comparison Type [EQUALS]. Validation Type [POSITIVE]. @11-12-2021 01:52:25.0296 AM
[ReportManager] API Action [GetResponseJSONValue] successfully performed. With the following test data [username]. @11-12-2021 01:52:25.0307 AM
[ReportManager] Assertion [ValidateEquals] PASSED. Expected [Bret] and Actual [Bret]. Comparison Type [EQUALS]. Validation Type [POSITIVE]. @11-12-2021 01:52:25.0307 AM
[ReportManager] API Action [GetResponseJSONValue] successfully performed. With the following test data [name]. @11-12-2021 01:52:25.0318 AM
[ReportManager] API Action [GetResponseJSONValue] successfully performed. With the following test data [name]. @11-12-2021 01:52:25.0328 AM
[ReportManager] API Action [GetResponseJSONValue] successfully performed. With the following test data [name]. @11-12-2021 01:52:25.0338 AM
[ReportManager] API Action [GetResponseJSONValue] successfully performed. With the following test data [name]. @11-12-2021 01:52:25.0348 AM
[ReportManager] API Action [GetResponseJSONValue] successfully performed. With the following test data [name]. @11-12-2021 01:52:25.0358 AM
[ReportManager] API Action [GetResponseJSONValue] successfully performed. With the following test data [name]. @11-12-2021 01:52:25.0367 AM
[ReportManager] API Action [GetResponseJSONValue] successfully performed. With the following test data [name]. @11-12-2021 01:52:25.0377 AM
[ReportManager] API Action [GetResponseJSONValue] successfully performed. With the following test data [name]. @11-12-2021 01:52:25.0387 AM
[ReportManager] API Action [GetResponseJSONValue] successfully performed. With the following test data [name]. @11-12-2021 01:52:25.0397 A

################################################################################################################################################
Starting Execution:	[72 out of 146] test cases in the current suite
Test Method:		[testPackage01.Test_testData.f]
################################################################################################################################################
[ReportManager] Successfully loaded the following test data file [src/test/resources/testDataFiles/testSuite01/TestData.xlsx]. @11-12-2021 01:52:25.0430 AM
[ReportManager] Successfully created attachment [Test Data - Excel] @11-12-2021 01:52:25.0431 AM
[ReportManager] Last Column Number is: [3]. Zero-based. @11-12-2021 01:52:25.0432 A

################################################################################################################################################
Starting Execution:	[73 out of 146] test cases in the current suite
Test Method:		[testPackage01.Test_PDF.testPDF1]
################################################################################################################################################
[ReportManager] File Action [DoesFileExist] successfully performed. With the following test data [File Path: "src/test/resources/testDataFiles/sample.pdf"]. @11-12-2021 01:52:25.0438 AM
[ReportManager] File Action [GetAbsolutePath] successfully performed. With the following test data [Relative Folder Path: "src/test/resources/testDataFiles/sample.pdf"]. @11-12-2021 01:52:25.0439 AM
[ReportManager] Assertion Passed: Checking to see that the pdf file contains [A Simple PDF File] @11-12-2021 01:52:29.0697 AM
[ReportManager] Successfully created attachment [Validation Test Data - Expected Value] @11-12-2021 01:52:29.0698 AM
[ReportManager] Successfully created attachment [Validation Test Data - Actual Value] @11-12-2021 01:52:29.0699 AM
[ReportManager] Assertion [ValidateEquals] PASSED. Expected and Actual values are attached. Comparison Type [CONTAINS]. Validation Type [POSITIVE]. @11-12-2021 01:52:29.0699 A

################################################################################################################################################
Starting Execution:	[74 out of 146] test cases in the current suite
Test Method:		[testPackage01.Test_PDF.testPDF2]
################################################################################################################################################
[ReportManager] File Action [DoesFileExist] successfully performed. With the following test data [File Path: "src/test/resources/testDataFiles/sample.pdf"]. @11-12-2021 01:52:29.0704 AM
[ReportManager] File Action [GetAbsolutePath] successfully performed. With the following test data [Relative Folder Path: "src/test/resources/testDataFiles/sample.pdf"]. @11-12-2021 01:52:29.0704 AM
[ReportManager] Assertion Passed: Checking to see that the pdf file contains [A Simple PDF File] @11-12-2021 01:52:29.0719 AM
[ReportManager] Successfully created attachment [Validation Test Data - Expected Value] @11-12-2021 01:52:29.0719 AM
[ReportManager] Successfully created attachment [Validation Test Data - Actual Value] @11-12-2021 01:52:29.0720 AM
[ReportManager] Assertion [ValidateEquals] PASSED. Expected and Actual values are attached. Comparison Type [CONTAINS]. Validation Type [POSITIVE]. @11-12-2021 01:52:29.0720 A
[ReportManager] File Action [GetAbsolutePath] successfully performed. With the following test data [Relative Folder Path: "target/downloadedFiles/"]. @11-12-2021 01:52:29.0722 AM
[ReportManager] Attempting to run locally on: [Mac-64], [Safari], Headless Execution. @11-12-2021 01:52:29.0722 AM
[ReportManager] Successfully Opened Safari. @11-12-2021 01:52:30.0573 AM
[ReportManager] Initial window size: (800, 600) @11-12-2021 01:52:30.0581 AM
[ReportManager] Window size after SWD Maximize: (1176, 803) @11-12-2021 01:52:30.0600 AM
[ReportManager] Browser Action [MaximizeWindow] successfully performed. With the following test data [New screen size is now: (1176, 803)]. @11-12-2021 01:52:30.0600 A

################################################################################################################################################
Starting Execution:	[75 out of 146] test cases in the current suite
Test Method:		[testPackage01.Test_ShadowDOM.shadowdom]
################################################################################################################################################
[ReportManager] Target URL: [https://mdn.github.io/web-components-examples/popup-info-box-web-component/] @11-12-2021 01:52:30.0644 AM
[ReportManager] Initial URL: [] @11-12-2021 01:52:30.0681 AM
[ReportManager] Browser Action [NavigateToURL] successfully performed. With the following test data [https://mdn.github.io/web-components-examples/popup-info-box-web-component/]. @11-12-2021 01:52:31.0115 AM
[ReportManager] Element Action [Type] successfully performed. With the following test data [Typing into SHADOW DOM...]. @11-12-2021 01:52:31.0694 AM
[ReportManager] Element Action [GetText] successfully performed. With the following test data [Typing into SHADOW DOM...]. @11-12-2021 01:52:31.0800 AM
[ReportManager] Loaded Shared OpenCV @11-12-2021 01:52:31.0856 AM
[ReportManager] Assertion [ValidateElementAttribute] PASSED. Expected [Value Should be 'Typing into SHADOW DOM...' for the 'Text' attribute, element locator 'By.id: cvc'] and Actual [Typing into SHADOW DOM...]. Comparison Type [EQUALS]. Validation Type [POSITIVE]. @11-12-2021 01:52:32.0078 AM
[ReportManager] Successfully created attachment [Screenshot - 1639187551855_shadowdom_ValidateElementAttribute_passed] @11-12-2021 01:52:32.0079 A
[ReportManager] Browser Action [CloseCurrentWindow] successfully performed. @11-12-2021 01:52:32.0359 AM
[ReportManager] Successfully created attachment [Browser Action Test Data - CloseCurrentWindow - Actual Value] @11-12-2021 01:52:32.0360 A
[ReportManager] File Action [GetAbsolutePath] successfully performed. With the following test data [Relative Folder Path: "target/downloadedFiles/"]. @11-12-2021 01:52:32.0362 AM
[ReportManager] Attempting to run locally on: [Mac-64], [Safari], Headless Execution. @11-12-2021 01:52:32.0362 AM
[ReportManager] Successfully Opened Safari. @11-12-2021 01:52:33.0190 AM
[ReportManager] Initial window size: (800, 600) @11-12-2021 01:52:33.0210 AM
[ReportManager] Window size after SWD Maximize: (1176, 803) @11-12-2021 01:52:33.0226 AM
[ReportManager] Browser Action [MaximizeWindow] successfully performed. With the following test data [New screen size is now: (1176, 803)]. @11-12-2021 01:52:33.0226 A

################################################################################################################################################
Starting Execution:	[76 out of 146] test cases in the current suite
Test Method:		[testPackage01.Test_clipboardActions.typeTextAndCopyPaste]
################################################################################################################################################
[ReportManager] Target URL: [https://www.google.com/ncr], and after redirection: [https://www.google.com] @11-12-2021 01:52:33.0269 AM
[ReportManager] Initial URL: [] @11-12-2021 01:52:33.0295 AM
[ReportManager] Browser Action [NavigateToURL] successfully performed. With the following test data [https://www.google.com/ncr]. @11-12-2021 01:52:35.0201 AM
[ReportManager] Element Action [Type] successfully performed. With the following test data [FIRST]. @11-12-2021 01:52:35.0405 A
[ReportManager] Browser Action [CloseCurrentWindow] successfully performed. @11-12-2021 01:52:35.0671 AM
[ReportManager] Successfully created attachment [Browser Action Test Data - CloseCurrentWindow - Actual Value] @11-12-2021 01:52:35.0675 A

################################################################################################################################################
Starting Execution:	[77 out of 146] test cases in the current suite
Test Method:		[testPackage01.Test_NewValidationHelper.f1]
################################################################################################################################################
[ReportManager] Assertion Passed: Checking valid user data @11-12-2021 01:52:35.0680 AM
[ReportManager] Successfully created attachment [Validation Test Data - Expected Value] @11-12-2021 01:52:35.0680 AM
[ReportManager] Successfully created attachment [Validation Test Data - Actual Value] @11-12-2021 01:52:35.0681 AM
[ReportManager] Assertion [ValidateEquals] PASSED. Expected and Actual values are attached. Comparison Type [EQUALS]. Validation Type [POSITIVE]. @11-12-2021 01:52:35.0681 A
[ReportManager] File Action [GetAbsolutePath] successfully performed. With the following test data [Relative Folder Path: "target/downloadedFiles/"]. @11-12-2021 01:52:35.0683 AM
[ReportManager] Attempting to run locally on: [Mac-64], [Safari], Headless Execution. @11-12-2021 01:52:35.0683 AM
[ReportManager] Successfully Opened Safari. @11-12-2021 01:52:36.0520 AM
[ReportManager] Initial window size: (800, 600) @11-12-2021 01:52:36.0532 AM
[ReportManager] Window size after SWD Maximize: (1176, 803) @11-12-2021 01:52:36.0553 AM
[ReportManager] Browser Action [MaximizeWindow] successfully performed. With the following test data [New screen size is now: (1176, 803)]. @11-12-2021 01:52:36.0553 AM
[ReportManager] Target URL: [https://the-internet.herokuapp.com/] @11-12-2021 01:52:36.0553 AM
[ReportManager] Initial URL: [] @11-12-2021 01:52:36.0602 AM
[ReportManager] Browser Action [NavigateToURL] successfully performed. With the following test data [https://the-internet.herokuapp.com/]. @11-12-2021 01:52:37.0751 A

################################################################################################################################################
Starting Execution:	[78 out of 146] test cases in the current suite
Test Method:		[testPackage01.Test_NewValidationHelper.f10]
################################################################################################################################################
[ReportManager] Loaded Shared OpenCV @11-12-2021 01:52:37.0882 AM
[ReportManager] Assertion [ValidateElementExists] FAILED. Expected [Element Should Exist, locator 'By.tagName: div'] and Actual [Element Exists but is not unique]. Comparison Type [EQUALS]. Validation Type [POSITIVE]. @11-12-2021 01:52:38.0006 AM
[ReportManager] Successfully created attachment [Screenshot - 1639187557882_f10_ValidateElementExists_failed] @11-12-2021 01:52:38.0007 A
[ReportManager] Successfully Closed All Drivers. @11-12-2021 01:52:38.0143 A
[ReportManager] File Action [GetAbsolutePath] successfully performed. With the following test data [Relative Folder Path: "target/downloadedFiles/"]. @11-12-2021 01:52:38.0146 AM
[ReportManager] Attempting to run locally on: [Mac-64], [Safari], Headless Execution. @11-12-2021 01:52:38.0146 AM
[ReportManager] An Exception Occured with this Message: Could not start a new session. Possible causes are invalid address of the remote server or browser start-up failure.. @11-12-2021 01:52:38.0191 AM
[ReportManager] Successfully created attachment [Exception Stack Trace - org.openqa.selenium.SessionNotCreatedException] @11-12-2021 01:52:38.0192 AM
[ReportManager] Driver Factory Action [createNewLocalDriverInstanceForSafari] failed. With the following test data [Failed to create a session on DESKTOP_SAFARI]. @11-12-2021 01:52:38.0192 A

################################################################################################################################################
Starting Execution:	[79 out of 146] test cases in the current suite
Test Method:		[testPackage01.Test_NewValidationHelper.f11]
###############################################################################################################################################



################################################################################################################################################
Starting Execution:	[80 out of 146] test cases in the current suite
Test Method:		[testPackage01.Test_NewValidationHelper.f12]
###############################################################################################################################################



################################################################################################################################################
Starting Execution:	[81 out of 146] test cases in the current suite
Test Method:		[testPackage01.Test_NewValidationHelper.f13]
###############################################################################################################################################



################################################################################################################################################
Starting Execution:	[82 out of 146] test cases in the current suite
Test Method:		[testPackage01.Test_NewValidationHelper.f14]
###############################################################################################################################################



################################################################################################################################################
Starting Execution:	[83 out of 146] test cases in the current suite
Test Method:		[testPackage01.Test_NewValidationHelper.f15]
###############################################################################################################################################



################################################################################################################################################
Starting Execution:	[84 out of 146] test cases in the current suite
Test Method:		[testPackage01.Test_NewValidationHelper.f16]
###############################################################################################################################################



################################################################################################################################################
Starting Execution:	[85 out of 146] test cases in the current suite
Test Method:		[testPackage01.Test_NewValidationHelper.f17]
###############################################################################################################################################



################################################################################################################################################
Starting Execution:	[86 out of 146] test cases in the current suite
Test Method:		[testPackage01.Test_NewValidationHelper.f18]
###############################################################################################################################################


################################################################################################################################################
Starting Execution:	[87 out of 146] test cases in the current suite
Test Method:		[testPackage01.Test_NewValidationHelper.f2]
###############################################################################################################################################


################################################################################################################################################
Starting Execution:	[88 out of 146] test cases in the current suite
Test Method:		[testPackage01.Test_NewValidationHelper.f20]
###############################################################################################################################################



################################################################################################################################################
Starting Execution:	[89 out of 146] test cases in the current suite
Test Method:		[testPackage01.Test_NewValidationHelper.f21]
###############################################################################################################################################



################################################################################################################################################
Starting Execution:	[90 out of 146] test cases in the current suite
Test Method:		[testPackage01.Test_NewValidationHelper.f22]
###############################################################################################################################################


################################################################################################################################################
Starting Execution:	[91 out of 146] test cases in the current suite
Test Method:		[testPackage01.Test_NewValidationHelper.f23]
###############################################################################################################################################

################################################################################################################################################
Starting Execution:	[92 out of 146] test cases in the current suite
Test Method:		[testPackage01.Test_NewValidationHelper.f24]
###############################################################################################################################################

################################################################################################################################################
Starting Execution:	[93 out of 146] test cases in the current suite
Test Method:		[testPackage01.Test_NewValidationHelper.f25]
###############################################################################################################################################

################################################################################################################################################
Starting Execution:	[94 out of 146] test cases in the current suite
Test Method:		[testPackage01.Test_NewValidationHelper.f26]
###############################################################################################################################################

################################################################################################################################################
Starting Execution:	[95 out of 146] test cases in the current suite
Test Method:		[testPackage01.Test_NewValidationHelper.f27]
###############################################################################################################################################

################################################################################################################################################
Starting Execution:	[96 out of 146] test cases in the current suite
Test Method:		[testPackage01.Test_NewValidationHelper.f28]
###############################################################################################################################################

################################################################################################################################################
Starting Execution:	[97 out of 146] test cases in the current suite
Test Method:		[testPackage01.Test_NewValidationHelper.f29]
###############################################################################################################################################

################################################################################################################################################
Starting Execution:	[98 out of 146] test cases in the current suite
Test Method:		[testPackage01.Test_NewValidationHelper.f3]
###############################################################################################################################################

################################################################################################################################################
Starting Execution:	[99 out of 146] test cases in the current suite
Test Method:		[testPackage01.Test_NewValidationHelper.f30]
###############################################################################################################################################

################################################################################################################################################
Starting Execution:	[100 out of 146] test cases in the current suite
Test Method:		[testPackage01.Test_NewValidationHelper.f31]
###############################################################################################################################################

################################################################################################################################################
Starting Execution:	[101 out of 146] test cases in the current suite
Test Method:		[testPackage01.Test_NewValidationHelper.f32]
###############################################################################################################################################

################################################################################################################################################
Starting Execution:	[102 out of 146] test cases in the current suite
Test Method:		[testPackage01.Test_NewValidationHelper.f33]
###############################################################################################################################################

################################################################################################################################################
Starting Execution:	[103 out of 146] test cases in the current suite
Test Method:		[testPackage01.Test_NewValidationHelper.f34]
###############################################################################################################################################

################################################################################################################################################
Starting Execution:	[104 out of 146] test cases in the current suite
Test Method:		[testPackage01.Test_NewValidationHelper.f35]
###############################################################################################################################################

################################################################################################################################################
Starting Execution:	[105 out of 146] test cases in the current suite
Test Method:		[testPackage01.Test_NewValidationHelper.f36]
###############################################################################################################################################

################################################################################################################################################
Starting Execution:	[106 out of 146] test cases in the current suite
Test Method:		[testPackage01.Test_NewValidationHelper.f37]
###############################################################################################################################################

################################################################################################################################################
Starting Execution:	[107 out of 146] test cases in the current suite
Test Method:		[testPackage01.Test_NewValidationHelper.f3_1]
###############################################################################################################################################

################################################################################################################################################
Starting Execution:	[108 out of 146] test cases in the current suite
Test Method:		[testPackage01.Test_NewValidationHelper.f4]
###############################################################################################################################################

################################################################################################################################################
Starting Execution:	[109 out of 146] test cases in the current suite
Test Method:		[testPackage01.Test_NewValidationHelper.f5]
###############################################################################################################################################

################################################################################################################################################
Starting Execution:	[110 out of 146] test cases in the current suite
Test Method:		[testPackage01.Test_NewValidationHelper.f6]
###############################################################################################################################################

################################################################################################################################################
Starting Execution:	[111 out of 146] test cases in the current suite
Test Method:		[testPackage01.Test_NewValidationHelper.f6_1]
###############################################################################################################################################

################################################################################################################################################
Starting Execution:	[112 out of 146] test cases in the current suite
Test Method:		[testPackage01.Test_NewValidationHelper.f6_2]
###############################################################################################################################################

################################################################################################################################################
Starting Execution:	[113 out of 146] test cases in the current suite
Test Method:		[testPackage01.Test_NewValidationHelper.f7]
###############################################################################################################################################


################################################################################################################################################
Starting Execution:	[114 out of 146] test cases in the current suite
Test Method:		[testPackage01.Test_NewValidationHelper.f8]
###############################################################################################################################################



################################################################################################################################################
Starting Execution:	[115 out of 146] test cases in the current suite
Test Method:		[testPackage01.Test_NewValidationHelper.f9]
###############################################################################################################################################


################################################################################################################################################
Starting Execution:	[116 out of 146] test cases in the current suite
Test Method:		[testPackage01.Test_NewValidationHelper.forceFail]
###############################################################################################################################################

################################################################################################################################################
Starting Execution:	[117 out of 146] test cases in the current suite
Test Method:		[testPackage01.Test_NewValidationHelper.forceFail2]
###############################################################################################################################################

################################################################################################################################################
Starting Execution:	[118 out of 146] test cases in the current suite
Test Method:		[testPackage01.Test_JsonActions.f]
###############################################################################################################################################

################################################################################################################################################
Starting Execution:	[119 out of 146] test cases in the current suite
Test Method:		[testPackage01.Test_JsonActions.f2]
###############################################################################################################################################

################################################################################################################################################
Starting Execution:	[120 out of 146] test cases in the current suite
Test Method:		[testPackage01.Test_sendGraphqlRequest.sendGraphqlRequestUsingMutationAndVariables]
################################################################################################################################################
[ReportManager] GraphQl Request is being Performed with the Following Parameters [Service URL: https://api.spacex.land/graphql | Request Body: {"variables":"{\"name\": \"sherlock holmes\",\"rocket\": \"221B Baker Street\"}","query":"mutation ($name: String, $rocket: String) {\n  insert_users(objects: {name: $name, rocket: $rocket}) {\n    returning {\n      name\n      rocket\n    }\n  }\n}"}] @11-12-2021 01:52:38.0641 AM
[ReportManager] Response status code: [200], status line: [HTTP/1.1 200 OK] @11-12-2021 01:52:39.0759 AM
[ReportManager] Assertion Passed: Evaluating the actual response status code against the expected one... @11-12-2021 01:52:39.0760 AM
[ReportManager] Assertion [ValidateComparativeRelation] PASSED. Expected [200] and Actual [200]. Comparison Type [EQUALS]. Validation Type [POSITIVE]. @11-12-2021 01:52:39.0760 AM
[ReportManager] API Action [PerformRequest] successfully performed. With the following test data [Request Type: "POST" | Target Status Code: "200" | Service URL: "https://api.spacex.land/graphql" | Content Type: "application/json" | Response Time: "531ms"]. @11-12-2021 01:52:39.0788 AM
[ReportManager] Successfully created attachment [API Request - Specifications] @11-12-2021 01:52:39.0789 AM
[ReportManager] Successfully created attachment [API Request - JSON Body] @11-12-2021 01:52:39.0789 AM
[ReportManager] Successfully created attachment [API Response - JSON Body] @11-12-2021 01:52:39.0790 AM
[ReportManager] API Action [GetResponseJSONValue] successfully performed. With the following test data [data.insert_users.returning[0].name]. @11-12-2021 01:52:39.0834 AM
[ReportManager] Assertion [ValidateEquals] PASSED. Expected [sherlock holmes] and Actual [sherlock holmes]. Comparison Type [EQUALS]. Validation Type [POSITIVE]. @11-12-2021 01:52:39.0834 A

################################################################################################################################################
Starting Execution:	[121 out of 146] test cases in the current suite
Test Method:		[testPackage01.Test_sendGraphqlRequest.sendGraphqlRequestUsingQuery]
################################################################################################################################################
[ReportManager] GraphQl Request is being Performed with the Following Parameters [Service URL: https://api.spacex.land/graphql | Request Body: {"query":"{company {ceo}}"}] @11-12-2021 01:52:39.0839 AM
[ReportManager] Response status code: [200], status line: [HTTP/1.1 200 OK] @11-12-2021 01:52:40.0106 AM
[ReportManager] Assertion Passed: Evaluating the actual response status code against the expected one... @11-12-2021 01:52:40.0107 AM
[ReportManager] Assertion [ValidateComparativeRelation] PASSED. Expected [200] and Actual [200]. Comparison Type [EQUALS]. Validation Type [POSITIVE]. @11-12-2021 01:52:40.0107 AM
[ReportManager] API Action [PerformRequest] successfully performed. With the following test data [Request Type: "POST" | Target Status Code: "200" | Service URL: "https://api.spacex.land/graphql" | Content Type: "application/json" | Response Time: "262ms"]. @11-12-2021 01:52:40.0117 AM
[ReportManager] Successfully created attachment [API Request - Specifications] @11-12-2021 01:52:40.0118 AM
[ReportManager] Successfully created attachment [API Request - JSON Body] @11-12-2021 01:52:40.0118 AM
[ReportManager] Successfully created attachment [API Response - JSON Body] @11-12-2021 01:52:40.0119 AM
[ReportManager] API Action [GetResponseJSONValue] successfully performed. With the following test data [data.company.ceo]. @11-12-2021 01:52:40.0129 AM
[ReportManager] Assertion [ValidateEquals] PASSED. Expected [Elon Musk] and Actual [Elon Musk]. Comparison Type [EQUALS]. Validation Type [POSITIVE]. @11-12-2021 01:52:40.0129 A

################################################################################################################################################
Starting Execution:	[122 out of 146] test cases in the current suite
Test Method:		[testPackage01.Test_MatchJsonSchema.checkAPI_ResponseSchema]
################################################################################################################################################
[ReportManager] Response status code: [200], status line: [HTTP/1.1 200 OK] @11-12-2021 01:52:40.0295 AM
[ReportManager] Assertion Passed: Evaluating the actual response status code against the expected one... @11-12-2021 01:52:40.0295 AM
[ReportManager] Assertion [ValidateComparativeRelation] PASSED. Expected [200] and Actual [200]. Comparison Type [EQUALS]. Validation Type [POSITIVE]. @11-12-2021 01:52:40.0295 AM
[ReportManager] API Action [PerformRequest] successfully performed. With the following test data [Request Type: "GET" | Target Status Code: "200" | Service URL: "http://api.zippopotam.us/us/90210" | Content Type: "*/*" | Response Time: "157ms"]. @11-12-2021 01:52:40.0307 AM
[ReportManager] Successfully created attachment [API Request - Specifications] @11-12-2021 01:52:40.0307 AM
[ReportManager] Successfully created attachment [API Response - JSON Body] @11-12-2021 01:52:40.0308 AM
[ReportManager] File Action [GetAbsolutePath] successfully performed. With the following test data [Relative Folder Path: "src/test/resources/testDataFiles/schema.json"]. @11-12-2021 01:52:40.0309 AM
[ReportManager] File Action [GetAbsolutePath] successfully performed. With the following test data [Relative Folder Path: "/Users/runner/work/SHAFT_ENGINE/SHAFT_ENGINE/src/test/resources/testDataFiles/schema.json"]. @11-12-2021 01:52:40.0898 AM
[ReportManager] File Action [ReadFromFile] successfully performed. With the following test data [File Path: "/Users/runner/work/SHAFT_ENGINE/SHAFT_ENGINE/src/test/resources/testDataFiles/schema.json"]. @11-12-2021 01:52:40.0898 AM
[ReportManager] Assertion Passed: Then I Assert that the API response schema matches that in this file [src/test/resources/testDataFiles/schema.json]. @11-12-2021 01:52:40.0900 AM
[ReportManager] Successfully created attachment [Validation Test Data - Expected JSON Value] @11-12-2021 01:52:40.0900 AM
[ReportManager] Successfully created attachment [Validation Test Data - Actual JSON Value] @11-12-2021 01:52:40.0901 AM
[ReportManager] Assertion [ValidateResponseFileSchema] PASSED. Expected [Response data should match the JSON File in this path '/Users/runner/work/SHAFT_ENGINE/SHAFT_ENGINE/src/test/resources/testDataFiles/schema.json'] and Actual [TRUE]. Comparison Type [EQUALS]. Validation Type [POSITIVE]. @11-12-2021 01:52:40.0901 A
[ReportManager] File Action [GetAbsolutePath] successfully performed. With the following test data [Relative Folder Path: "target/downloadedFiles/"]. @11-12-2021 01:52:40.0903 AM
[ReportManager] Attempting to run locally on: [Mac-64], [Safari], Headless Execution. @11-12-2021 01:52:40.0903 AM
[ReportManager] Successfully Opened Safari. @11-12-2021 01:52:41.0723 AM
[ReportManager] Initial window size: (800, 600) @11-12-2021 01:52:41.0731 AM
[ReportManager] Window size after SWD Maximize: (1176, 803) @11-12-2021 01:52:41.0749 AM
[ReportManager] Browser Action [MaximizeWindow] successfully performed. With the following test data [New screen size is now: (1176, 803)]. @11-12-2021 01:52:41.0749 A

################################################################################################################################################
Starting Execution:	[123 out of 146] test cases in the current suite
Test Method:		[testPackage01.Test_dragAndDrop.dragAndDropJquery]
################################################################################################################################################
[ReportManager] Target URL: [https://jqueryui.com/resources/demos/droppable/default.html] @11-12-2021 01:52:41.0753 AM
[ReportManager] Initial URL: [] @11-12-2021 01:52:41.0801 AM
[ReportManager] Browser Action [NavigateToURL] successfully performed. With the following test data [https://jqueryui.com/resources/demos/droppable/default.html]. @11-12-2021 01:52:42.0258 AM
[ReportManager] Element Action [GetText] successfully performed. With the following test data [
	Drop here
]. @11-12-2021 01:52:42.0308 AM
[ReportManager] Element Action [DragAndDrop] successfully performed. With the following test data [Start point: (8, 18), End point: (8, 18)]. @11-12-2021 01:52:43.0371 AM
[ReportManager] Element Action [GetText] successfully performed. With the following test data [
	Dropped!
]. @11-12-2021 01:52:43.0400 AM
[ReportManager] Assertion Passed: Checking to see if the text has changed after performing drag and drop @11-12-2021 01:52:43.0401 AM
[ReportManager] Assertion [ValidateEquals] PASSED. Expected [
	Drop here
] and Actual [
	Dropped!
]. Comparison Type [EQUALS]. Validation Type [NEGATIVE]. @11-12-2021 01:52:43.0401 A
[ReportManager] Browser Action [CloseCurrentWindow] successfully performed. @11-12-2021 01:52:43.0763 AM
[ReportManager] Successfully created attachment [Browser Action Test Data - CloseCurrentWindow - Actual Value] @11-12-2021 01:52:43.0763 A
[ReportManager] File Action [GetAbsolutePath] successfully performed. With the following test data [Relative Folder Path: "target/downloadedFiles/"]. @11-12-2021 01:52:43.0765 AM
[ReportManager] Attempting to run locally on: [Mac-64], [Safari], Headless Execution. @11-12-2021 01:52:43.0765 AM
[ReportManager] An Exception Occured with this Message: Could not start a new session. Possible causes are invalid address of the remote server or browser start-up failure.. @11-12-2021 01:52:43.0812 AM
[ReportManager] Successfully created attachment [Exception Stack Trace - org.openqa.selenium.SessionNotCreatedException] @11-12-2021 01:52:43.0813 AM
[ReportManager] Driver Factory Action [createNewLocalDriverInstanceForSafari] failed. With the following test data [Failed to create a session on DESKTOP_SAFARI]. @11-12-2021 01:52:43.0813 A

################################################################################################################################################
Starting Execution:	[124 out of 146] test cases in the current suite
Test Method:		[testPackage01.Test_dragAndDrop.dragAndDrop]
Test Description:	[TC001 - Test Drag and Drop function.]
###############################################################################################################################################



################################################################################################################################################
Starting Execution:	[125 out of 146] test cases in the current suite
Test Method:		[testPackage01.Test_dragAndDrop.dragAndDropByOffset]
Test Description:	[TC002 - Test Drag and Drop by offset function.]
###############################################################################################################################################

[ReportManager] Successfully loaded the following test data file [src/test/resources/testDataFiles/testSuite01/TestData.xlsx]. @11-12-2021 01:52:43.0852 AM
[ReportManager] Successfully created attachment [Test Data - Excel] @11-12-2021 01:52:43.0853 AM
[ReportManager] File Action [GetAbsolutePath] successfully performed. With the following test data [Relative Folder Path: "target/downloadedFiles/"]. @11-12-2021 01:52:43.0853 AM
[ReportManager] Attempting to run locally on: [Mac-64], [Safari], Headless Execution. @11-12-2021 01:52:43.0853 AM
[ReportManager] Successfully Opened Safari. @11-12-2021 01:52:44.0727 AM
[ReportManager] Initial window size: (800, 600) @11-12-2021 01:52:44.0745 AM
[ReportManager] Window size after SWD Maximize: (1176, 803) @11-12-2021 01:52:44.0759 AM
[ReportManager] Browser Action [MaximizeWindow] successfully performed. With the following test data [New screen size is now: (1176, 803)]. @11-12-2021 01:52:44.0759 A

################################################################################################################################################
Starting Execution:	[126 out of 146] test cases in the current suite
Test Method:		[testPackage01.Test_google.navigateToURLandVerifyGoogleLogoIsDisplayed]
Test Description:	[TC001 - Navigate to URL and Verify Google Logo is Displayed]
################################################################################################################################################
[ReportManager] Target URL: [https://www.google.com/ncr], and after redirection: [https://www.google.com] @11-12-2021 01:52:44.0763 AM
[ReportManager] Initial URL: [] @11-12-2021 01:52:44.0831 AM
[ReportManager] Browser Action [NavigateToURL] successfully performed. With the following test data [https://www.google.com/ncr]. @11-12-2021 01:52:46.0759 AM
[ReportManager] Loaded Shared OpenCV @11-12-2021 01:52:46.0835 AM
[ReportManager] Assertion Passed: Then I Assert that the element found by [By.xpath: //*[@id='hplogo' or @alt='Google']] exists. @11-12-2021 01:52:46.0941 AM
[ReportManager] Successfully created attachment [Screenshot - 1639187566835_navigateToURLandVerifyGoogleLogoIsDisplayed_ValidateElementExists_passed] @11-12-2021 01:52:46.0942 AM
[ReportManager] Assertion [ValidateElementExists] PASSED. Expected [Element Should Exist, locator 'By.xpath: //*[@id='hplogo' or @alt='Google']'] and Actual [Element Exists]. Comparison Type [EQUALS]. Validation Type [POSITIVE]. @11-12-2021 01:52:46.0942 A

################################################################################################################################################
Starting Execution:	[127 out of 146] test cases in the current suite
Test Method:		[testPackage01.Test_google.searchForQueryandAssertResultsNumDisplayed]
Test Description:	[TC002 - Search for Query and Assert that the number of results is displayed]
################################################################################################################################################
[ReportManager] Element Action [Type] successfully performed. With the following test data [SHAFT_Engine]. @11-12-2021 01:52:47.0172 AM
[ReportManager] Element Action [KeyPress] successfully performed. With the following test data [Enter]. @11-12-2021 01:52:47.0225 AM
[ReportManager] Element Action [GetText] successfully performed. With the following test data [About 688,000 results (0.56 seconds)Â ]. @11-12-2021 01:52:48.0724 AM
[ReportManager] Loaded Shared OpenCV @11-12-2021 01:52:48.0828 AM
[ReportManager] Assertion Passed: Then I Assert that the element found by [By.id: appbar] text does not equal []. @11-12-2021 01:52:48.0992 AM
[ReportManager] Successfully created attachment [Screenshot - 1639187568828_searchForQueryandAssertResultsNumDisplayed_ValidateElementAttribute_passed] @11-12-2021 01:52:48.0996 AM
[ReportManager] Assertion [ValidateElementAttribute] PASSED. Expected [Value Should not be '' for the 'text' attribute, element locator 'By.id: appbar'] and Actual [About 688,000 results (0.56 seconds)Â ]. Comparison Type [EQUALS]. Validation Type [NEGATIVE]. @11-12-2021 01:52:48.0996 A

################################################################################################################################################
Starting Execution:	[128 out of 146] test cases in the current suite
Test Method:		[testPackage01.Test_google.clickNextThrice]
Test Description:	[TC003 - Clicks the next button to make sure that the framework can scroll element into view before clicking it]
################################################################################################################################################
[ReportManager] Element Action [Click] successfully performed. With the following test data [By.xpath: //span[text()='Next']]. @11-12-2021 01:52:49.0282 A
[ReportManager] Successfully Closed All Drivers. @11-12-2021 01:52:49.0565 A
[ReportManager] File Action [GetAbsolutePath] successfully performed. With the following test data [Relative Folder Path: "target/downloadedFiles/"]. @11-12-2021 01:52:49.0567 AM
[ReportManager] Attempting to run locally on: [Mac-64], [Safari], Headless Execution. @11-12-2021 01:52:49.0567 AM
[ReportManager] Successfully Opened Safari. @11-12-2021 01:52:50.0390 AM
[ReportManager] Initial window size: (800, 600) @11-12-2021 01:52:50.0421 AM
[ReportManager] Window size after SWD Maximize: (1176, 803) @11-12-2021 01:52:50.0460 AM
[ReportManager] Browser Action [MaximizeWindow] successfully performed. With the following test data [New screen size is now: (1176, 803)]. @11-12-2021 01:52:50.0461 A

################################################################################################################################################
Starting Execution:	[129 out of 146] test cases in the current suite
Test Method:		[testPackage01.Test_chainableElementActions.chainElementActions]
################################################################################################################################################
[ReportManager] Target URL: [https://www.google.com/ncr], and after redirection: [https://www.google.com] @11-12-2021 01:52:50.0463 AM
[ReportManager] Initial URL: [] @11-12-2021 01:52:50.0507 AM
[ReportManager] Browser Action [NavigateToURL] successfully performed. With the following test data [https://www.google.com/ncr]. @11-12-2021 01:52:52.0390 AM
[ReportManager] Element Action [Type] successfully performed. With the following test data [chained type 1]. @11-12-2021 01:52:52.0592 AM
[ReportManager] Element Action [Type] successfully performed. With the following test data [chained type 2]. @11-12-2021 01:52:52.0773 AM
[ReportManager] Element Action [TypeAppend] successfully performed. With the following test data [345]. @11-12-2021 01:52:52.0821 AM
[ReportManager] Element Action [GetText] successfully performed. With the following test data [chained type 2345]. @11-12-2021 01:52:52.0873 AM
[ReportManager] Loaded Shared OpenCV @11-12-2021 01:52:52.0925 AM
[ReportManager] Assertion Passed: Then I Assert that the element found by [By.name: q] text is equal to [chained type 2345]. @11-12-2021 01:52:53.0073 AM
[ReportManager] Successfully created attachment [Screenshot - 1639187572925_chainElementActions_ValidateElementAttribute_passed] @11-12-2021 01:52:53.0074 AM
[ReportManager] Assertion [ValidateElementAttribute] PASSED. Expected [Value Should be 'chained type 2345' for the 'text' attribute, element locator 'By.name: q'] and Actual [chained type 2345]. Comparison Type [EQUALS]. Validation Type [POSITIVE]. @11-12-2021 01:52:53.0074 A
[ReportManager] Successfully Closed All Drivers. @11-12-2021 01:52:53.0248 A
[ReportManager] File Action [GetAbsolutePath] successfully performed. With the following test data [Relative Folder Path: "target/downloadedFiles/"]. @11-12-2021 01:52:53.0250 AM
[ReportManager] Attempting to run locally on: [Mac-64], [Safari], Headless Execution. @11-12-2021 01:52:53.0250 AM
[ReportManager] Successfully Opened Safari. @11-12-2021 01:52:54.0050 AM
[ReportManager] Initial window size: (800, 600) @11-12-2021 01:52:54.0078 AM
[ReportManager] Window size after SWD Maximize: (1176, 803) @11-12-2021 01:52:54.0093 AM
[ReportManager] Browser Action [MaximizeWindow] successfully performed. With the following test data [New screen size is now: (1176, 803)]. @11-12-2021 01:52:54.0093 A

################################################################################################################################################
Starting Execution:	[130 out of 146] test cases in the current suite
Test Method:		[testPackage01.Test_RelativeLocators.relativeLocatorsTest1]
################################################################################################################################################
[ReportManager] Target URL: [https://duckduckgo.com/] @11-12-2021 01:52:54.0104 AM
[ReportManager] Initial URL: [] @11-12-2021 01:52:54.0151 AM
[ReportManager] Browser Action [NavigateToURL] successfully performed. With the following test data [https://duckduckgo.com/]. @11-12-2021 01:52:54.0752 AM
[ReportManager] Element Action [Type] successfully performed. With the following test data [SHAFT_Engine]. @11-12-2021 01:52:55.0009 AM
[ReportManager] Element Action [KeyPress] successfully performed. With the following test data [ENTER]. @11-12-2021 01:52:55.0064 AM
[ReportManager] Element Action [GetText] successfully performed. With the following test data [GitHub - MohabMohie/SHAFT_ENGINE: SHAFT_ENGINE is a Test ...]. @11-12-2021 01:52:56.0429 AM
[ReportManager] Loaded Shared OpenCV @11-12-2021 01:52:56.0567 AM
[ReportManager] Assertion Passed: Then I Assert that the element found by [Relative Locator: {root={xpath=//a[@class='result__a js-result-title-link']}, filters=[{kind=below, args=[{xpath=//input[@name='q']}]}]}] text does not equal []. @11-12-2021 01:52:56.0748 AM
[ReportManager] Successfully created attachment [Screenshot - 1639187576566_relativeLocatorsTest1_ValidateElementAttribute_passed] @11-12-2021 01:52:56.0755 AM
[ReportManager] Assertion [ValidateElementAttribute] PASSED. Expected [Value Should not be '' for the 'text' attribute, element locator '[unknown locator]'] and Actual [GitHub - MohabMohie/SHAFT_ENGINE: SHAFT_ENGINE is a Test ...]. Comparison Type [EQUALS]. Validation Type [NEGATIVE]. @11-12-2021 01:52:56.0755 A
[ReportManager] Browser Action [CloseCurrentWindow] successfully performed. @11-12-2021 01:52:56.0810 AM
[ReportManager] Successfully created attachment [Browser Action Test Data - CloseCurrentWindow - Actual Value] @11-12-2021 01:52:56.0811 A

################################################################################################################################################
Starting Execution:	[131 out of 146] test cases in the current suite
Test Method:		[testPackage01.Test_JsonCompareWithSpecialCharacters.specialCharacters]
################################################################################################################################################
[ReportManager] File Action [GetAbsolutePath] successfully performed. With the following test data [Relative Folder Path: "src/test/resources/testDataFiles/specialCharacters.json"]. @11-12-2021 01:52:56.0820 AM
[ReportManager] File Action [ReadFromFile] successfully performed. With the following test data [File Path: "/Users/runner/work/SHAFT_ENGINE/SHAFT_ENGINE/src/test/resources/testDataFiles/specialCharacters.json"]. @11-12-2021 01:52:56.0820 AM
[ReportManager] Successfully created attachment [File Action Actual Result - Command Log] @11-12-2021 01:52:56.0822 AM
[ReportManager] Comparing the provided API response with the file at this path "src/test/resources/testDataFiles/specialCharacters.json", comparison type "EQUALS" @11-12-2021 01:52:56.0857 AM
[ReportManager] API Action [CompareJSON] successfully performed. With the following test data [src/test/resources/testDataFiles/specialCharacters.json]. @11-12-2021 01:52:56.0870 AM
[ReportManager] File Action [GetAbsolutePath] successfully performed. With the following test data [Relative Folder Path: "src/test/resources/testDataFiles/specialCharacters.json"]. @11-12-2021 01:52:56.0871 AM
[ReportManager] File Action [ReadFromFile] successfully performed. With the following test data [File Path: "/Users/runner/work/SHAFT_ENGINE/SHAFT_ENGINE/src/test/resources/testDataFiles/specialCharacters.json"]. @11-12-2021 01:52:56.0871 AM
[ReportManager] Verification [ValidateJSONFileContent] PASSED. Expected [Response data should match the JSON File in this path 'src/test/resources/testDataFiles/specialCharacters.json'] and Actual [TRUE]. Comparison Type [EQUALS]. Validation Type [POSITIVE]. @11-12-2021 01:52:56.0880 AM
[ReportManager] Successfully created attachment [Validation Test Data - Expected JSON Value] @11-12-2021 01:52:56.0881 AM
[ReportManager] Successfully created attachment [Validation Test Data - Actual JSON Value] @11-12-2021 01:52:56.0882 A

################################################################################################################################################
Starting Execution:	[132 out of 146] test cases in the current suite
Test Method:		[testPackage01.Test_JsonCompareWithSpecialCharacters.specialCharacters_assertion]
################################################################################################################################################
[ReportManager] File Action [GetAbsolutePath] successfully performed. With the following test data [Relative Folder Path: "src/test/resources/testDataFiles/specialCharacters.json"]. @11-12-2021 01:52:56.0886 AM
[ReportManager] File Action [ReadFromFile] successfully performed. With the following test data [File Path: "/Users/runner/work/SHAFT_ENGINE/SHAFT_ENGINE/src/test/resources/testDataFiles/specialCharacters.json"]. @11-12-2021 01:52:56.0886 AM
[ReportManager] Successfully created attachment [File Action Actual Result - Command Log] @11-12-2021 01:52:56.0888 AM
[ReportManager] Comparing the provided API response with the file at this path "src/test/resources/testDataFiles/specialCharacters.json", comparison type "CONTAINS" @11-12-2021 01:52:56.0889 AM
[ReportManager] API Action [CompareJSON] successfully performed. With the following test data [src/test/resources/testDataFiles/specialCharacters.json]. @11-12-2021 01:52:56.0903 AM
[ReportManager] File Action [GetAbsolutePath] successfully performed. With the following test data [Relative Folder Path: "src/test/resources/testDataFiles/specialCharacters.json"]. @11-12-2021 01:52:56.0903 AM
[ReportManager] File Action [ReadFromFile] successfully performed. With the following test data [File Path: "/Users/runner/work/SHAFT_ENGINE/SHAFT_ENGINE/src/test/resources/testDataFiles/specialCharacters.json"]. @11-12-2021 01:52:56.0904 AM
[ReportManager] Assertion Passed: trying out the log message @11-12-2021 01:52:56.0908 AM
[ReportManager] Successfully created attachment [Validation Test Data - Expected JSON Value] @11-12-2021 01:52:56.0909 AM
[ReportManager] Successfully created attachment [Validation Test Data - Actual JSON Value] @11-12-2021 01:52:56.0910 AM
[ReportManager] Assertion [ValidateJSONFileContent] PASSED. Expected [Response data should match the JSON File in this path 'src/test/resources/testDataFiles/specialCharacters.json'] and Actual [TRUE]. Comparison Type [CONTAINS]. Validation Type [POSITIVE]. @11-12-2021 01:52:56.0910 A

################################################################################################################################################
Starting Execution:	[133 out of 146] test cases in the current suite
Test Method:		[testPackage01.Test_SkipDueToIssue.doNotSkip]
################################################################################################################################################
[ReportManager] This should not be skipped. @11-12-2021 01:52:56.0915 A

################################################################################################################################################
Starting Execution:	[134 out of 146] test cases in the current suite
Test Method:		[testPackage01.Test_SkipDueToIssue.skip]
################################################################################################################################################
[ReportManager] This should be skipped. @11-12-2021 01:52:56.0935 A

################################################################################################################################################
Starting Execution:	[135 out of 146] test cases in the current suite
Test Method:		[testPackage01.Test_SkipDueToIssue.skip2]
################################################################################################################################################
[ReportManager] This should be skipped. @11-12-2021 01:52:56.0941 A

################################################################################################################################################
Starting Execution:	[136 out of 146] test cases in the current suite
Test Method:		[testPackage01.Test_JSONFileManager.readStringFromJson]
################################################################################################################################################
[ReportManager] File Action [GetAbsolutePath] successfully performed. With the following test data [Relative Folder Path: "src/test/resources/testDataFiles/simpleJSON.json"]. @11-12-2021 01:52:56.0947 AM
[ReportManager] Successfully loaded the following test data file [src/test/resources/testDataFiles/simpleJSON.json]. @11-12-2021 01:52:56.0948 AM
[ReportManager] Successfully created attachment [Test Data - JSON] @11-12-2021 01:52:56.0949 AM
[ReportManager] File Action [GetAbsolutePath] successfully performed. With the following test data [Relative Folder Path: "src/test/resources/testDataFiles/simpleJSON.json"]. @11-12-2021 01:52:56.0950 AM
[ReportManager] Assertion [ValidateEquals] PASSED. Expected [Mohab Mohie] and Actual [Mohab Mohie]. Comparison Type [EQUALS]. Validation Type [POSITIVE]. @11-12-2021 01:52:56.0964 A
[ReportManager] File Action [GetAbsolutePath] successfully performed. With the following test data [Relative Folder Path: "target/downloadedFiles/"]. @11-12-2021 01:52:56.0967 AM
[ReportManager] Attempting to run locally on: [Mac-64], [Safari], Headless Execution. @11-12-2021 01:52:56.0967 AM
[ReportManager] Successfully Opened Safari. @11-12-2021 01:52:57.0785 AM
[ReportManager] Initial window size: (800, 600) @11-12-2021 01:52:57.0812 AM
[ReportManager] Window size after SWD Maximize: (1176, 803) @11-12-2021 01:52:57.0846 AM
[ReportManager] Browser Action [MaximizeWindow] successfully performed. With the following test data [New screen size is now: (1176, 803)]. @11-12-2021 01:52:57.0846 A

################################################################################################################################################
Starting Execution:	[137 out of 146] test cases in the current suite
Test Method:		[testPackage01.Test_assertEquals.test_assertElementAttribute]
################################################################################################################################################
[ReportManager] Target URL: [https://www.google.com/ncr], and after redirection: [https://www.google.com] @11-12-2021 01:52:57.0848 AM
[ReportManager] Initial URL: [] @11-12-2021 01:52:57.0897 AM
[ReportManager] Browser Action [NavigateToURL] successfully performed. With the following test data [https://www.google.com/ncr]. @11-12-2021 01:52:59.0981 AM
[ReportManager] Element Action [Type] successfully performed. With the following test data [INC_004010050:Another SCHEDULER with the same name [Duplicate Job Name] already exists.]. @11-12-2021 01:53:00.0560 AM
[ReportManager] Element Action [GetText] successfully performed. With the following test data [INC_004010050:Another SCHEDULER with the same name [Duplicate Job Name] already exists.]. @11-12-2021 01:53:00.0607 AM
[ReportManager] Loaded Shared OpenCV @11-12-2021 01:53:00.0662 AM
[ReportManager] Assertion [ValidateElementAttribute] PASSED. Expected [Value Should be 'INC_004010050:Another SCHEDULER with the same name \[Duplicate Job Name\] already exists.' for the 'text' attribute, element locator 'By.name: q'] and Actual [INC_004010050:Another SCHEDULER with the same name [Duplicate Job Name] already exists.]. Comparison Type [MATCHES]. Validation Type [POSITIVE]. @11-12-2021 01:53:00.0762 AM
[ReportManager] Successfully created attachment [Screenshot - 1639187580662_test_assertElementAttribute_ValidateElementAttribute_passed] @11-12-2021 01:53:00.0763 A
[ReportManager] Browser Action [CloseCurrentWindow] successfully performed. @11-12-2021 01:53:01.0123 AM
[ReportManager] Successfully created attachment [Browser Action Test Data - CloseCurrentWindow - Actual Value] @11-12-2021 01:53:01.0125 A
[ReportManager] File Action [GetAbsolutePath] successfully performed. With the following test data [Relative Folder Path: "target/downloadedFiles/"]. @11-12-2021 01:53:01.0127 AM
[ReportManager] Attempting to run locally on: [Mac-64], [Safari], Headless Execution. @11-12-2021 01:53:01.0127 AM
[ReportManager] Successfully Opened Safari. @11-12-2021 01:53:01.0934 AM
[ReportManager] Initial window size: (800, 600) @11-12-2021 01:53:01.0950 AM
[ReportManager] Window size after SWD Maximize: (1176, 803) @11-12-2021 01:53:01.0989 AM
[ReportManager] Browser Action [MaximizeWindow] successfully performed. With the following test data [New screen size is now: (1176, 803)]. @11-12-2021 01:53:01.0989 A

################################################################################################################################################
Starting Execution:	[138 out of 146] test cases in the current suite
Test Method:		[testPackage01.Test_IsElementClickable.testIsElementClickable]
################################################################################################################################################
[ReportManager] Target URL: [https://the-internet.herokuapp.com/] @11-12-2021 01:53:01.0993 AM
[ReportManager] Initial URL: [] @11-12-2021 01:53:02.0028 AM
[ReportManager] Browser Action [NavigateToURL] successfully performed. With the following test data [https://the-internet.herokuapp.com/]. @11-12-2021 01:53:03.0096 AM
[ReportManager] Element Action [IsElementClickable] successfully performed. @11-12-2021 01:53:03.0155 AM
[ReportManager] Assertion [ValidateTrue] PASSED. Expected [TRUE] and Actual [TRUE]. Validation Type [POSITIVE]. @11-12-2021 01:53:03.0155 A
[ReportManager] Browser Action [CloseCurrentWindow] successfully performed. @11-12-2021 01:53:03.0497 AM
[ReportManager] Successfully created attachment [Browser Action Test Data - CloseCurrentWindow - Actual Value] @11-12-2021 01:53:03.0498 A
[ReportManager] Successfully loaded the following test data file [src/test/resources/testDataFiles/testSuite01/TestData.xlsx]. @11-12-2021 01:53:03.0547 AM
[ReportManager] Successfully created attachment [Test Data - Excel] @11-12-2021 01:53:03.0547 AM
[ReportManager] Attempting to run using Playwright locally on: [Mac-64], [Safari], Headless Execution. @11-12-2021 01:53:26.0106 AM
[ReportManager] File Action [GetAbsolutePath] successfully performed. With the following test data [Relative Folder Path: "target/downloadedFiles/"]. @11-12-2021 01:53:26.0107 AM
[ReportManager] Initial window size: (1280, 720) @11-12-2021 01:53:30.0695 AM
[ReportManager] Window size after Toolkit: com.microsoft.playwright.options.ViewportSize@7ad474d3 @11-12-2021 01:53:30.0707 AM
[ReportManager] Browser Action [MaximizeWindow] successfully performed. With the following test data [New screen size is now: (1920, 1080)]. @11-12-2021 01:53:30.0708 A

################################################################################################################################################
Starting Execution:	[139 out of 146] test cases in the current suite
Test Method:		[testPackage01.Test_google_playwright.navigateToURLandVerifyGoogleLogoIsDisplayed]
Test Description:	[TC001 - Navigate to URL and Verify Google Logo is Displayed]
################################################################################################################################################
[ReportManager] Target URL: [https://www.google.com/ncr], and after redirection: [https://www.google.com] @11-12-2021 01:53:30.0713 AM
[ReportManager] Initial URL: [about:blank] @11-12-2021 01:53:31.0191 AM
[ReportManager] Browser Action [NavigateToURL] successfully performed. With the following test data [https://www.google.com/ncr]. @11-12-2021 01:53:34.0408 AM
[ReportManager] Loaded Shared OpenCV @11-12-2021 01:53:34.0498 AM
[ReportManager] Assertion [ValidateElementExists] PASSED. Expected [Element Should Exist, locator 'xpath=//*[@id='hplogo' or @alt='Google']'] and Actual [Element Exists]. Comparison Type [EQUALS]. Validation Type [POSITIVE]. @11-12-2021 01:53:34.0666 AM
[ReportManager] Successfully created attachment [Screenshot - 1639187614494_navigateToURLandVerifyGoogleLogoIsDisplayed_ValidateElementExists_passed] @11-12-2021 01:53:34.0667 A

################################################################################################################################################
Starting Execution:	[140 out of 146] test cases in the current suite
Test Method:		[testPackage01.Test_google_playwright.searchForQueryandAssertResultsNumDisplayed]
Test Description:	[TC002 - Search for Query and Assert that the number of results is displayed]
################################################################################################################################################
[ReportManager] Element Action [Type] successfully performed. With the following test data [SHAFT_Engine]. @11-12-2021 01:53:34.0849 AM
[ReportManager] Element Action [KeyPress] successfully performed. With the following test data [Enter]. @11-12-2021 01:53:34.0880 AM
[ReportManager] Element Action [GetText] successfully performed. With the following test data [About 688,000 results (0.58 seconds)Â 
]. @11-12-2021 01:53:35.0800 AM
[ReportManager] Loaded Shared OpenCV @11-12-2021 01:53:38.0108 AM
[ReportManager] Assertion [ValidateElementAttribute] PASSED. Expected [Value Should not be '' for the 'text' attribute, element locator 'xpath=//div[@id='appbar']'] and Actual [About 688,000 results (0.58 seconds)Â 
]. Comparison Type [EQUALS]. Validation Type [NEGATIVE]. @11-12-2021 01:53:38.0311 AM
[ReportManager] Successfully created attachment [Screenshot - 1639187618106_searchForQueryandAssertResultsNumDisplayed_ValidateElementAttribute_passed] @11-12-2021 01:53:38.0313 A

################################################################################################################################################
Starting Execution:	[141 out of 146] test cases in the current suite
Test Method:		[testPackage01.Test_google_playwright.clickNextThrice]
Test Description:	[TC003 - Clicks the next button to make sure that the framework can scroll element into view before clicking it]
################################################################################################################################################
[ReportManager] Element Action [Click] successfully performed. With the following test data [Next]. @11-12-2021 01:53:38.0749 A
[ReportManager] Failed to find video recording. @11-12-2021 01:53:38.0751 AM
[ReportManager] Successfully Closed PlayWright Driver. @11-12-2021 01:53:38.0798 A
[ReportManager] File Action [GetAbsolutePath] successfully performed. With the following test data [Relative Folder Path: "target/downloadedFiles/"]. @11-12-2021 01:53:38.0800 AM
[ReportManager] Attempting to run locally on: [Mac-64], [Safari], Headless Execution. @11-12-2021 01:53:38.0800 AM
[ReportManager] Successfully Opened Safari. @11-12-2021 01:53:39.0636 AM
[ReportManager] Initial window size: (800, 600) @11-12-2021 01:53:39.0650 AM
[ReportManager] Window size after SWD Maximize: (1176, 803) @11-12-2021 01:53:39.0664 AM
[ReportManager] Browser Action [MaximizeWindow] successfully performed. With the following test data [New screen size is now: (1176, 803)]. @11-12-2021 01:53:39.0664 A

################################################################################################################################################
Starting Execution:	[142 out of 146] test cases in the current suite
Test Method:		[testPackage01.Test_verifyEquals.test_assertElementAttribute]
################################################################################################################################################
[ReportManager] Target URL: [https://www.google.com/ncr], and after redirection: [https://www.google.com] @11-12-2021 01:53:39.0674 AM
[ReportManager] Initial URL: [] @11-12-2021 01:53:39.0718 AM
[ReportManager] Browser Action [NavigateToURL] successfully performed. With the following test data [https://www.google.com/ncr]. @11-12-2021 01:53:41.0642 AM
[ReportManager] Element Action [Type] successfully performed. With the following test data [INC_004010050:Another SCHEDULER with the same name [Duplicate Job Name] already exists.]. @11-12-2021 01:53:42.0344 AM
[ReportManager] Element Action [GetText] successfully performed. With the following test data [INC_004010050:Another SCHEDULER with the same name [Duplicate Job Name] already exists.]. @11-12-2021 01:53:42.0423 AM
[ReportManager] Loaded Shared OpenCV @11-12-2021 01:53:42.0518 AM
[ReportManager] Verification [ValidateElementAttribute] PASSED. Expected [Value Should be 'INC_004010050:Another SCHEDULER with the same name \[Duplicate Job Name\] already exists.' for the 'text' attribute, element locator 'By.name: q'] and Actual [INC_004010050:Another SCHEDULER with the same name [Duplicate Job Name] already exists.]. Comparison Type [MATCHES]. Validation Type [POSITIVE]. @11-12-2021 01:53:42.0612 AM
[ReportManager] Successfully created attachment [Screenshot - 1639187622518_test_assertElementAttribute_ValidateElementAttribute_passed] @11-12-2021 01:53:42.0613 A
[ReportManager] Browser Action [CloseCurrentWindow] successfully performed. @11-12-2021 01:53:42.0998 AM
[ReportManager] Successfully created attachment [Browser Action Test Data - CloseCurrentWindow - Actual Value] @11-12-2021 01:53:43.0000 A

################################################################################################################################################
Starting Execution:	[143 out of 146] test cases in the current suite
Test Method:		[testPackage01.Test_SelectedValue.multipleSelect]
################################################################################################################################################
[ReportManager] File Action [GetAbsolutePath] successfully performed. With the following test data [Relative Folder Path: "target/downloadedFiles/"]. @11-12-2021 01:53:43.0002 AM
[ReportManager] Attempting to run locally on: [Mac-64], [GoogleChrome], Headless Execution. @11-12-2021 01:53:43.0003 AM
[ReportManager] Identifying OS/Driver combination and selecting the correct driver version automatically. Please note that if a new driver executable will be downloaded it may take some time... @11-12-2021 01:53:43.0003 AM
[ReportManager] Successfully Opened Google Chrome. @11-12-2021 01:53:45.0941 AM
[ReportManager] Initial window size: (1920, 1080) @11-12-2021 01:53:45.0947 AM
[ReportManager] Window size after SWD Maximize: (1920, 1080) @11-12-2021 01:53:46.0149 AM
[ReportManager] Window size after Toolkit: (1920, 1080) @11-12-2021 01:53:46.0593 AM
[ReportManager] Browser Action [MaximizeWindow] successfully performed. With the following test data [New screen size is now: (1920, 1080)]. @11-12-2021 01:53:46.0596 AM
[ReportManager] Target URL: [https://yari-demos.prod.mdn.mozit.cloud/en-US/docs/Web/HTML/Element/select/_sample_.Advanced_select_with_multiple_features.html] @11-12-2021 01:53:46.0596 AM
[ReportManager] Initial URL: [data:,] @11-12-2021 01:53:46.0631 AM
[ReportManager] Browser Action [NavigateToURL] successfully performed. With the following test data [https://yari-demos.prod.mdn.mozit.cloud/en-US/docs/Web/HTML/Element/select/_sample_.Advanced_select_with_multiple_features.html]. @11-12-2021 01:53:47.0647 AM
[ReportManager] Element Action [Select] successfully performed. With the following test data [Dog]. @11-12-2021 01:53:47.0961 AM
[ReportManager] Element Action [Select] successfully performed. With the following test data [Cat]. @11-12-2021 01:53:48.0203 AM
[ReportManager] Element Action [GetSelectedText] successfully performed. With the following test data [DogCat]. @11-12-2021 01:53:48.0388 AM
[ReportManager] DogCat @11-12-2021 01:53:48.0389 AM
[ReportManager] Element Action [GetSelectedText] successfully performed. With the following test data [DogCat]. @11-12-2021 01:53:48.0553 AM
[ReportManager] Loaded Shared OpenCV @11-12-2021 01:53:49.0075 AM
[ReportManager] Assertion [ValidateElementAttribute] PASSED. Expected [Value Should be 'DogCat' for the 'selectedText' attribute, element locator 'By.tagName: select'] and Actual [DogCat]. Comparison Type [EQUALS]. Validation Type [POSITIVE]. @11-12-2021 01:53:49.0427 AM
[ReportManager] Successfully created attachment [Screenshot - 1639187629075_multipleSelect_ValidateElementAttribute_passed] @11-12-2021 01:53:49.0510 AM
[ReportManager] Browser Action [CloseCurrentWindow] successfully performed. @11-12-2021 01:53:49.0680 AM
[ReportManager] Successfully created attachment [Browser Action Test Data - CloseCurrentWindow - Actual Value] @11-12-2021 01:53:49.0681 A

################################################################################################################################################
Starting Execution:	[144 out of 146] test cases in the current suite
Test Method:		[testPackage01.Test_SelectedValue.simpleSelect]
################################################################################################################################################
[ReportManager] File Action [GetAbsolutePath] successfully performed. With the following test data [Relative Folder Path: "target/downloadedFiles/"]. @11-12-2021 01:53:49.0688 AM
[ReportManager] Attempting to run locally on: [Mac-64], [GoogleChrome], Headless Execution. @11-12-2021 01:53:49.0688 AM
[ReportManager] Identifying OS/Driver combination and selecting the correct driver version automatically. Please note that if a new driver executable will be downloaded it may take some time... @11-12-2021 01:53:49.0688 AM
[ReportManager] Successfully Opened Google Chrome. @11-12-2021 01:53:50.0320 AM
[ReportManager] Initial window size: (1920, 1080) @11-12-2021 01:53:50.0323 AM
[ReportManager] Window size after SWD Maximize: (1920, 1080) @11-12-2021 01:53:50.0507 AM
[ReportManager] Window size after Toolkit: (1920, 1080) @11-12-2021 01:53:50.0836 AM
[ReportManager] Browser Action [MaximizeWindow] successfully performed. With the following test data [New screen size is now: (1920, 1080)]. @11-12-2021 01:53:50.0839 AM
[ReportManager] Target URL: [https://yari-demos.prod.mdn.mozit.cloud/en-US/docs/Web/HTML/Element/select/_sample_.Basic_select.html] @11-12-2021 01:53:50.0840 AM
[ReportManager] Initial URL: [data:,] @11-12-2021 01:53:50.0872 AM
[ReportManager] Browser Action [NavigateToURL] successfully performed. With the following test data [https://yari-demos.prod.mdn.mozit.cloud/en-US/docs/Web/HTML/Element/select/_sample_.Basic_select.html]. @11-12-2021 01:53:51.0804 AM
[ReportManager] Element Action [Select] successfully performed. With the following test data [Third Value]. @11-12-2021 01:53:52.0086 AM
[ReportManager] Element Action [GetSelectedText] successfully performed. With the following test data [Third Value]. @11-12-2021 01:53:52.0187 AM
[ReportManager] Third Value @11-12-2021 01:53:52.0187 AM
[ReportManager] Element Action [GetSelectedText] successfully performed. With the following test data [Third Value]. @11-12-2021 01:53:52.0277 AM
[ReportManager] Loaded Shared OpenCV @11-12-2021 01:53:52.0644 AM
[ReportManager] Assertion [ValidateElementAttribute] PASSED. Expected [Value Should be 'Third Value' for the 'selectedText' attribute, element locator 'By.tagName: select'] and Actual [Third Value]. Comparison Type [EQUALS]. Validation Type [POSITIVE]. @11-12-2021 01:53:52.0980 AM
[ReportManager] Successfully created attachment [Screenshot - 1639187632644_simpleSelect_ValidateElementAttribute_passed] @11-12-2021 01:53:52.0981 AM
[ReportManager] Browser Action [CloseCurrentWindow] successfully performed. @11-12-2021 01:53:53.0142 AM
[ReportManager] Successfully created attachment [Browser Action Test Data - CloseCurrentWindow - Actual Value] @11-12-2021 01:53:53.0183 A
[ReportManager] File Action [GetAbsolutePath] successfully performed. With the following test data [Relative Folder Path: "target/downloadedFiles/"]. @11-12-2021 01:53:53.0348 AM
[ReportManager] Attempting to run locally on: [Mac-64], [Safari], Headless Execution. @11-12-2021 01:53:53.0348 AM
[ReportManager] Successfully Opened Safari. @11-12-2021 01:53:54.0622 AM
[ReportManager] Initial window size: (800, 600) @11-12-2021 01:53:54.0638 AM
[ReportManager] Window size after SWD Maximize: (1176, 803) @11-12-2021 01:53:54.0653 AM
[ReportManager] Browser Action [MaximizeWindow] successfully performed. With the following test data [New screen size is now: (1176, 803)]. @11-12-2021 01:53:54.0653 A

################################################################################################################################################
Starting Execution:	[145 out of 146] test cases in the current suite
Test Method:		[testPackage01.Test_dynamicLoading.dynamicLoading_elementIsHidden]
################################################################################################################################################
[ReportManager] Target URL: [https://the-internet.herokuapp.com/dynamic_loading/1] @11-12-2021 01:53:54.0781 AM
[ReportManager] Initial URL: [] @11-12-2021 01:53:54.0816 AM
[ReportManager] Browser Action [NavigateToURL] successfully performed. With the following test data [https://the-internet.herokuapp.com/dynamic_loading/1]. @11-12-2021 01:53:56.0101 AM
[ReportManager] Element Action [Click] successfully performed. With the following test data [By.xpath: //button[text()='Start']]. @11-12-2021 01:53:56.0391 AM
[ReportManager] Element Action [GetText] successfully performed. With the following test data [
    Hello World!
  ]. @11-12-2021 01:53:56.0433 A
[ReportManager] Browser Action [CloseCurrentWindow] successfully performed. @11-12-2021 01:53:56.0913 AM
[ReportManager] Successfully created attachment [Browser Action Test Data - CloseCurrentWindow - Actual Value] @11-12-2021 01:53:56.0995 A
[ReportManager] File Action [GetAbsolutePath] successfully performed. With the following test data [Relative Folder Path: "target/downloadedFiles/"]. @11-12-2021 01:53:57.0118 AM
[ReportManager] Attempting to run locally on: [Mac-64], [Safari], Headless Execution. @11-12-2021 01:53:57.0119 AM
[ReportManager] Successfully Opened Safari. @11-12-2021 01:53:58.0025 AM
[ReportManager] Initial window size: (800, 600) @11-12-2021 01:53:58.0037 AM
[ReportManager] Window size after SWD Maximize: (1176, 803) @11-12-2021 01:53:58.0053 AM
[ReportManager] Browser Action [MaximizeWindow] successfully performed. With the following test data [New screen size is now: (1176, 803)]. @11-12-2021 01:53:58.0054 A

################################################################################################################################################
Starting Execution:	[146 out of 146] test cases in the current suite
Test Method:		[testPackage01.Test_dynamicLoading.dynamicLoading_elementIsRendered]
################################################################################################################################################
[ReportManager] Target URL: [https://the-internet.herokuapp.com/dynamic_loading/2] @11-12-2021 01:53:58.0186 AM
[ReportManager] Initial URL: [] @11-12-2021 01:53:58.0222 AM
[ReportManager] Browser Action [NavigateToURL] successfully performed. With the following test data [https://the-internet.herokuapp.com/dynamic_loading/2]. @11-12-2021 01:53:59.0347 AM
[ReportManager] Element Action [Click] successfully performed. With the following test data [By.xpath: //button[text()='Start']]. @11-12-2021 01:53:59.0578 AM
[ReportManager] Element Action [GetText] successfully performed. With the following test data [Hello World!]. @11-12-2021 01:54:04.0834 AM
[ReportManager] Loaded Shared OpenCV @11-12-2021 01:54:04.0899 AM
[ReportManager] Assertion [ValidateElementAttribute] PASSED. Expected [Value Should be 'Hello World!' for the 'text' attribute, element locator 'By.id: finish'] and Actual [Hello World!]. Comparison Type [CONTAINS]. Validation Type [POSITIVE]. @11-12-2021 01:54:05.0157 AM
[ReportManager] Successfully created attachment [Screenshot - 1639187644899_dynamicLoading_elementIsRendered_ValidateElementAttribute_passed] @11-12-2021 01:54:05.0238 A
[ReportManager] Browser Action [CloseCurrentWindow] successfully performed. @11-12-2021 01:54:05.0503 AM
[ReportManager] Successfully created attachment [Browser Action Test Data - CloseCurrentWindow - Actual Value] @11-12-2021 01:54:05.0544 A
[ReportManager] Successfully created attachment [SHAFT Engine Logs - Execution log] @11-12-2021 01:54:07.0787 AM

################################################################################################################################################
This test run was powered by SHAFT Engine Version: [SHAFT Engine v5.4.20211202-BETA]
SHAFT Engine is licensed under the MIT License: [https://github.com/MohabMohie/SHAFT_ENGINE/blob/master/LICENSE].
################################################################################################################################################