{
  "uid" : "df6c4421c9b9b4da",
  "name" : "assertEquals_false_expectedToFail",
  "fullName" : "unitTests.tests_validations_assertions.assertEquals_false_expectedToFail",
  "historyId" : "e88a34f039ffaa5a3e7ec815fbf7e0ee",
  "time" : {
    "start" : 1637132603265,
    "stop" : 1637132603267,
    "duration" : 2
  },
  "status" : "passed",
  "flaky" : false,
  "newFailed" : false,
  "beforeStages" : [ {
    "name" : "setupActivities",
    "time" : {
      "start" : 1637132460447,
      "stop" : 1637132463373,
      "duration" : 2926
    },
    "description" : "",
    "status" : "passed",
    "steps" : [ {
      "name" : "Folder [allure-results] was not found, it may have already been deleted.",
      "time" : {
        "start" : 1637132460555,
        "stop" : 1637132460557,
        "duration" : 2
      },
      "status" : "passed",
      "steps" : [ ],
      "attachments" : [ ],
      "parameters" : [ {
        "name" : "actionCounter",
        "value" : "1"
      }, {
        "name" : "logText",
        "value" : "Folder [allure-results] was not found, it may have already been deleted."
      } ],
      "stepsCount" : 0,
      "attachmentsCount" : 0,
      "shouldDisplayMessage" : false,
      "hasContent" : true
    }, {
      "name" : "Folder [/Users/runner/.m2/repository/allure/] was not found, it may have already been deleted.",
      "time" : {
        "start" : 1637132460558,
        "stop" : 1637132460558,
        "duration" : 0
      },
      "status" : "passed",
      "steps" : [ ],
      "attachments" : [ ],
      "parameters" : [ {
        "name" : "actionCounter",
        "value" : "2"
      }, {
        "name" : "logText",
        "value" : "Folder [/Users/runner/.m2/repository/allure/] was not found, it may have already been deleted."
      } ],
      "stepsCount" : 0,
      "attachmentsCount" : 0,
      "shouldDisplayMessage" : false,
      "hasContent" : true
    }, {
      "name" : "Downloading a file from this url [https://repo.maven.apache.org/maven2/io/qameta/allure/allure-commandline/2.16.1/allure-commandline-2.16.1.zip] to this directory [target/allureBinary.zip], please wait as downloading may take some time...",
      "time" : {
        "start" : 1637132460559,
        "stop" : 1637132460559,
        "duration" : 0
      },
      "status" : "passed",
      "steps" : [ ],
      "attachments" : [ ],
      "parameters" : [ {
        "name" : "actionCounter",
        "value" : "3"
      }, {
        "name" : "logText",
        "value" : "Downloading a file from this url [https://repo.maven.apache.org/maven2/io/qameta/allure/allure-commandline/2.16.1/allure-commandline-2.16.1.zip] to this directory [target/allureBinary.zip], please wait as downloading may take some time..."
      } ],
      "stepsCount" : 0,
      "attachmentsCount" : 0,
      "shouldDisplayMessage" : false,
      "hasContent" : true
    }, {
      "name" : "Terminal Action [PerformTerminalCommands] successfully performed. With the following test data [Host Name: \"localHost\" | Command: \"chmod u+x /Users/runner/.m2/repository/allure/allure-2.16.1/bin/allure\" | Exit Status: \"0\"].",
      "time" : {
        "start" : 1637132462441,
        "stop" : 1637132462441,
        "duration" : 0
      },
      "status" : "passed",
      "steps" : [ ],
      "attachments" : [ ],
      "parameters" : [ {
        "name" : "actionCounter",
        "value" : "4"
      }, {
        "name" : "logText",
        "value" : "Terminal Action [PerformTerminalCommands] successfully performed. With the following test data [Host Name: \"localHost\" | Command: \"chmod u+x /Users/runner/.m2/repository/allure/allure-2.16.1/bin/allure\" | Exit Status: \"0\"]."
      } ],
      "stepsCount" : 0,
      "attachmentsCount" : 0,
      "shouldDisplayMessage" : false,
      "hasContent" : true
    }, {
      "name" : "Terminal Action [PerformTerminalCommands] successfully performed. With the following test data [Host Name: \"localHost\" | Command: \"chmod u+x generate_allure_report.sh\" | Exit Status: \"0\"].",
      "time" : {
        "start" : 1637132462449,
        "stop" : 1637132462449,
        "duration" : 0
      },
      "status" : "passed",
      "steps" : [ ],
      "attachments" : [ ],
      "parameters" : [ {
        "name" : "actionCounter",
        "value" : "5"
      }, {
        "name" : "logText",
        "value" : "Terminal Action [PerformTerminalCommands] successfully performed. With the following test data [Host Name: \"localHost\" | Command: \"chmod u+x generate_allure_report.sh\" | Exit Status: \"0\"]."
      } ],
      "stepsCount" : 0,
      "attachmentsCount" : 0,
      "shouldDisplayMessage" : false,
      "hasContent" : true
    }, {
      "name" : "Folder [extent-reports] was not found, it may have already been deleted.",
      "time" : {
        "start" : 1637132462579,
        "stop" : 1637132462579,
        "duration" : 0
      },
      "status" : "passed",
      "steps" : [ ],
      "attachments" : [ ],
      "parameters" : [ {
        "name" : "actionCounter",
        "value" : "6"
      }, {
        "name" : "logText",
        "value" : "Folder [extent-reports] was not found, it may have already been deleted."
      } ],
      "stepsCount" : 0,
      "attachmentsCount" : 0,
      "shouldDisplayMessage" : false,
      "hasContent" : true
    } ],
    "attachments" : [ {
      "uid" : "ba17ad5eeb91fa55",
      "name" : "Attachment: SHAFT Links - Important",
      "source" : "ba17ad5eeb91fa55.uri",
      "type" : "text/uri-list",
      "size" : 346
    }, {
      "uid" : "c153a085dc6f3291",
      "name" : "Attachment: Properties - testNG",
      "source" : "c153a085dc6f3291.properties",
      "type" : "text/plain",
      "size" : 492
    }, {
      "uid" : "484e37c481d40286",
      "name" : "Attachment: Properties - ExecutionPlatform",
      "source" : "484e37c481d40286.properties",
      "type" : "text/plain",
      "size" : 394
    }, {
      "uid" : "3f5c529a8d90dea9",
      "name" : "Attachment: Properties - path",
      "source" : "3f5c529a8d90dea9.properties",
      "type" : "text/plain",
      "size" : 687
    }, {
      "uid" : "2fbfde89ea7875b5",
      "name" : "Attachment: Properties - video",
      "source" : "2fbfde89ea7875b5.properties",
      "type" : "text/plain",
      "size" : 763
    }, {
      "uid" : "11e257b123467589",
      "name" : "Attachment: Properties - pattern",
      "source" : "11e257b123467589.properties",
      "type" : "text/plain",
      "size" : 564
    }, {
      "uid" : "e83556491d81975c",
      "name" : "Attachment: Properties - internal",
      "source" : "e83556491d81975c.properties",
      "type" : "text/plain",
      "size" : 116
    }, {
      "uid" : "5b2310a4a66ad117",
      "name" : "Attachment: Properties - MobileCapabilities",
      "source" : "5b2310a4a66ad117.properties",
      "type" : "text/plain",
      "size" : 470
    }, {
      "uid" : "fc6fc45a2a411ceb",
      "name" : "Attachment: Properties - cucumber",
      "source" : "fc6fc45a2a411ceb.properties",
      "type" : "text/plain",
      "size" : 226
    }, {
      "uid" : "8414872a0e424376",
      "name" : "Attachment: Properties - PlatformFlags",
      "source" : "8414872a0e424376.properties",
      "type" : "text/plain",
      "size" : 722
    }, {
      "uid" : "fcce26d72903f392",
      "name" : "Attachment: Properties - Timeouts",
      "source" : "fcce26d72903f392.properties",
      "type" : "text/plain",
      "size" : 722
    }, {
      "uid" : "a6dffd8eb670fcde",
      "name" : "Attachment: Properties - Reporting",
      "source" : "a6dffd8eb670fcde.properties",
      "type" : "text/plain",
      "size" : 614
    }, {
      "uid" : "f8e1644c909f88ba",
      "name" : "Attachment: Properties - browserStack",
      "source" : "f8e1644c909f88ba.properties",
      "type" : "text/plain",
      "size" : 877
    }, {
      "uid" : "ad60ee5d8cc9b3e0",
      "name" : "Attachment: Properties - VisualValidations",
      "source" : "ad60ee5d8cc9b3e0.properties",
      "type" : "text/plain",
      "size" : 723
    } ],
    "parameters" : [ ],
    "stepsCount" : 6,
    "attachmentsCount" : 14,
    "shouldDisplayMessage" : false,
    "hasContent" : true
  } ],
  "testStage" : {
    "status" : "passed",
    "steps" : [ {
      "name" : "Assertion [ValidateEquals] FAILED. Expected [1] and Actual [1]. Comparison Type [EQUALS]. Validation Type [NEGATIVE].",
      "time" : {
        "start" : 1637132603265,
        "stop" : 1637132603266,
        "duration" : 1
      },
      "status" : "passed",
      "steps" : [ ],
      "attachments" : [ ],
      "parameters" : [ {
        "name" : "actionCounter",
        "value" : "300"
      }, {
        "name" : "logText",
        "value" : "Assertion [ValidateEquals] FAILED. Expected [1] and Actual [1]. Comparison Type [EQUALS]. Validation Type [NEGATIVE]."
      }, {
        "name" : "attachments",
        "value" : "null"
      } ],
      "stepsCount" : 0,
      "attachmentsCount" : 0,
      "shouldDisplayMessage" : false,
      "hasContent" : true
    } ],
    "attachments" : [ {
      "uid" : "9bf58a25837a57ac",
      "name" : "Attachment: SHAFT Engine Logs - Current Method log: assertEquals_false_expectedToFail",
      "source" : "9bf58a25837a57ac.txt",
      "type" : "text/plain",
      "size" : 609
    } ],
    "parameters" : [ ],
    "stepsCount" : 1,
    "attachmentsCount" : 1,
    "shouldDisplayMessage" : false,
    "hasContent" : true
  },
  "afterStages" : [ ],
  "labels" : [ {
    "name" : "package",
    "value" : "unitTests.tests_validations_assertions"
  }, {
    "name" : "testClass",
    "value" : "unitTests.tests_validations_assertions"
  }, {
    "name" : "testMethod",
    "value" : "assertEquals_false_expectedToFail"
  }, {
    "name" : "parentSuite",
    "value" : "SHAFT: Custom Suite"
  }, {
    "name" : "suite",
    "value" : "SHAFT: Custom Test"
  }, {
    "name" : "subSuite",
    "value" : "unitTests.tests_validations_assertions"
  }, {
    "name" : "host",
    "value" : "Mac-1637130101188.local"
  }, {
    "name" : "thread",
    "value" : "7037@Mac-1637130101188.local.main(1)"
  }, {
    "name" : "framework",
    "value" : "testng"
  }, {
    "name" : "language",
    "value" : "java"
  }, {
    "name" : "resultFormat",
    "value" : "allure2"
  } ],
  "parameters" : [ ],
  "links" : [ ],
  "hidden" : false,
  "retry" : false,
  "extra" : {
    "severity" : "normal",
    "retries" : [ ],
    "categories" : [ ],
    "history" : {
      "statistic" : {
        "failed" : 0,
        "broken" : 0,
        "skipped" : 1,
        "passed" : 2,
        "unknown" : 0,
        "total" : 3
      },
      "items" : [ {
        "uid" : "c243938c580a9d4",
        "reportUrl" : "https://MohabMohie.github.io/SHAFT_ENGINE/allure/macOS/Web/907//#testresult/c243938c580a9d4",
        "status" : "skipped",
        "statusDetails" : "Driver Factory Action [createNewLocalDriverInstanceForSafari] failed. With the following test data [Failed to create a session onDESKTOP_SAFARI].",
        "time" : {
          "start" : 1637101957067,
          "stop" : 1637101957081,
          "duration" : 14
        }
      }, {
        "uid" : "605d4040c4f74d9d",
        "reportUrl" : "https://MohabMohie.github.io/SHAFT_ENGINE/allure/macOS/Web/906//#testresult/605d4040c4f74d9d",
        "status" : "passed",
        "time" : {
          "start" : 1637099675185,
          "stop" : 1637099675198,
          "duration" : 13
        }
      } ]
    },
    "tags" : [ ]
  },
  "source" : "df6c4421c9b9b4da.json",
  "parameterValues" : [ ]
}