{
  "uid" : "2563765e3b37620e",
  "name" : "assertEquals_longCharacters",
  "fullName" : "unitTests.tests_validations_assertions.assertEquals_longCharacters",
  "historyId" : "4059f51a9d634b52b216f44f3bf27ccc",
  "time" : {
    "start" : 1635248293616,
    "stop" : 1635248293617,
    "duration" : 1
  },
  "status" : "skipped",
  "statusMessage" : "Browser Action [NavigateToURL] failed. With the following test data [https://www.google.com/ncr].",
  "statusTrace" : "java.lang.AssertionError: Browser Action [NavigateToURL] failed. With the following test data [https://www.google.com/ncr].\r\n\tat org.testng.Assert.fail(Assert.java:87)\r\n\tat com.shaft.gui.browser.WebDriverBrowserActions.failAction(WebDriverBrowserActions.java:611)\r\n\tat com.shaft.gui.browser.WebDriverBrowserActions.failAction(WebDriverBrowserActions.java:604)\r\n\tat com.shaft.gui.browser.WebDriverBrowserActions.navigateToURL(WebDriverBrowserActions.java:305)\r\n\tat com.shaft.gui.browser.BrowserActions.navigateToURL(BrowserActions.java:107)\r\n\tat unitTests.tests_validations_assertions.beforeMethod(tests_validations_assertions.java:407)\r\n\tat java.base/jdk.internal.reflect.NativeMethodAccessorImpl.invoke0(Native Method)\r\n\tat java.base/jdk.internal.reflect.NativeMethodAccessorImpl.invoke(NativeMethodAccessorImpl.java:77)\r\n\tat java.base/jdk.internal.reflect.DelegatingMethodAccessorImpl.invoke(DelegatingMethodAccessorImpl.java:43)\r\n\tat java.base/java.lang.reflect.Method.invoke(Method.java:568)\r\n\tat org.testng.internal.MethodInvocationHelper.invokeMethod(MethodInvocationHelper.java:133)\r\n\tat org.testng.internal.MethodInvocationHelper.invokeMethodConsideringTimeout(MethodInvocationHelper.java:62)\r\n\tat org.testng.internal.ConfigInvoker.invokeConfigurationMethod(ConfigInvoker.java:385)\r\n\tat org.testng.internal.ConfigInvoker.invokeConfigurations(ConfigInvoker.java:321)\r\n\tat org.testng.internal.TestInvoker.runConfigMethods(TestInvoker.java:700)\r\n\tat org.testng.internal.TestInvoker.invokeMethod(TestInvoker.java:527)\r\n\tat org.testng.internal.TestInvoker.invokeTestMethod(TestInvoker.java:173)\r\n\tat org.testng.internal.MethodRunner.runInSequence(MethodRunner.java:46)\r\n\tat org.testng.internal.TestInvoker$MethodInvocationAgent.invoke(TestInvoker.java:824)\r\n\tat org.testng.internal.TestInvoker.invokeTestMethods(TestInvoker.java:146)\r\n\tat org.testng.internal.TestMethodWorker.invokeTestMethods(TestMethodWorker.java:146)\r\n\tat org.testng.internal.TestMethodWorker.run(TestMethodWorker.java:128)\r\n\tat java.base/java.util.ArrayList.forEach(ArrayList.java:1511)\r\n\tat org.testng.TestRunner.privateRun(TestRunner.java:794)\r\n\tat org.testng.TestRunner.run(TestRunner.java:596)\r\n\tat org.testng.SuiteRunner.runTest(SuiteRunner.java:377)\r\n\tat org.testng.SuiteRunner.runSequentially(SuiteRunner.java:371)\r\n\tat org.testng.SuiteRunner.privateRun(SuiteRunner.java:332)\r\n\tat org.testng.SuiteRunner.run(SuiteRunner.java:276)\r\n\tat org.testng.SuiteRunnerWorker.runSuite(SuiteRunnerWorker.java:53)\r\n\tat org.testng.SuiteRunnerWorker.run(SuiteRunnerWorker.java:96)\r\n\tat org.testng.TestNG.runSuitesSequentially(TestNG.java:1212)\r\n\tat org.testng.TestNG.runSuitesLocally(TestNG.java:1134)\r\n\tat org.testng.TestNG.runSuites(TestNG.java:1063)\r\n\tat org.testng.TestNG.run(TestNG.java:1031)\r\n\tat org.apache.maven.surefire.testng.TestNGExecutor.run(TestNGExecutor.java:136)\r\n\tat org.apache.maven.surefire.testng.TestNGDirectoryTestSuite.executeMulti(TestNGDirectoryTestSuite.java:193)\r\n\tat org.apache.maven.surefire.testng.TestNGDirectoryTestSuite.execute(TestNGDirectoryTestSuite.java:94)\r\n\tat org.apache.maven.surefire.testng.TestNGProvider.invoke(TestNGProvider.java:145)\r\n\tat org.apache.maven.surefire.booter.ForkedBooter.runSuitesInProcess(ForkedBooter.java:428)\r\n\tat org.apache.maven.surefire.booter.ForkedBooter.execute(ForkedBooter.java:162)\r\n\tat org.apache.maven.surefire.booter.ForkedBooter.run(ForkedBooter.java:562)\r\n\tat org.apache.maven.surefire.booter.ForkedBooter.main(ForkedBooter.java:548)\r\nCaused by: org.openqa.selenium.UnsupportedCommandException: {\"value\":{\"error\":\"unknown method\",\"message\":\"Method is not implemented\",\"stacktrace\":\"NotImplementedError: Method is not implemented\\n    at XCUITestDriver.getUrl (/nix/store/fjjkigsx6fh18dhj8ns9nqfwwdqz9xwl-appium-1.21.0/node_modules/appium-xcuitest-driver/lib/commands/web.js:90:11)\\n    at commandExecutor (/nix/store/fjjkigsx6fh18dhj8ns9nqfwwdqz9xwl-appium-1.21.0/node_modules/appium-base-driver/lib/basedriver/driver.js:335:9)\\n    at /nix/store/fjjkigsx6fh18dhj8ns9nqfwwdqz9xwl-appium-1.21.0/node_modules/async-lock/lib/index.js:146:12\\n    at AsyncLock._promiseTry (/nix/store/fjjkigsx6fh18dhj8ns9nqfwwdqz9xwl-appium-1.21.0/node_modules/async-lock/lib/index.js:280:31)\\n    at exec (/nix/store/fjjkigsx6fh18dhj8ns9nqfwwdqz9xwl-appium-1.21.0/node_modules/async-lock/lib/index.js:145:9)\\n    at AsyncLock.acquire (/nix/store/fjjkigsx6fh18dhj8ns9nqfwwdqz9xwl-appium-1.21.0/node_modules/async-lock/lib/index.js:162:3)\\n    at XCUITestDriver.executeCommand (/nix/store/fjjkigsx6fh18dhj8ns9nqfwwdqz9xwl-appium-1.21.0/node_modules/appium-base-driver/lib/basedriver/driver.js:348:39)\\n    at XCUITestDriver.executeCommand (/nix/store/fjjkigsx6fh18dhj8ns9nqfwwdqz9xwl-appium-1.21.0/node_modules/appium-xcuitest-driver/lib/driver.js:754:24)\\n    at AppiumDriver.executeCommand (/nix/store/fjjkigsx6fh18dhj8ns9nqfwwdqz9xwl-appium-1.21.0/lib/appium.js:563:36)\\n    at runMicrotasks (<anonymous>)\\n    at processTicksAndRejections (internal/process/task_queues.js:93:5)\\n    at asyncHandler (/nix/store/fjjkigsx6fh18dhj8ns9nqfwwdqz9xwl-appium-1.21.0/node_modules/appium-base-driver/lib/protocol/protocol.js:297:21)\"}}\nCommand duration or timeout: 329 milliseconds\nBuild info: version: '4.0.0', revision: '3a21814679'\nSystem info: host: 'fv-az177-140', ip: '10.1.0.233', os.name: 'Windows Server 2019', os.arch: 'amd64', os.version: '10.0', java.version: '17.0.1'\nDriver info: io.appium.java_client.ios.IOSDriver\nCommand: [a84483a1fbe323358ed6a9de2182db91d0d720fe, getCurrentUrl {}]\nCapabilities {appWaitActivity: *, automationName: xcuitest, bootstrapPath: /usr/local/.browserstack/co..., browserName: , browserstack.isTargetBased: true, bundleID: com.browserstack.Sample-iOS, bundleId: com.browserstack.Sample-iOS, databaseEnabled: false, deviceName: iphone 12 pro max, deviceOrientation: PORTRAIT, javascriptEnabled: true, keychainPassword: [REDACTED VALUE], keychainPath: [REDACTED VALUE], locationContextEnabled: false, networkConnectionEnabled: false, newCommandTimeout: 0, noReset: true, orientation: PORTRAIT, platform: MAC, platformName: iOS, realMobile: true, safariIgnoreFraudWarning: true, safariInitialUrl: http://mobile-internet-chec..., takesScreenshot: true, udid: 00008101-0006783922A2001E, useXctestrunFile: true, waitForQuiescence: false, wdaStartupRetries: 3, webStorageEnabled: false, webkitResponseTimeout: 20000}\nSession ID: a84483a1fbe323358ed6a9de2182db91d0d720fe\r\n\tat jdk.internal.reflect.GeneratedConstructorAccessor36.newInstance(Unknown Source)\r\n\tat java.base/jdk.internal.reflect.DelegatingConstructorAccessorImpl.newInstance(DelegatingConstructorAccessorImpl.java:45)\r\n\tat java.base/java.lang.reflect.Constructor.newInstanceWithCaller(Constructor.java:499)\r\n\tat java.base/java.lang.reflect.Constructor.newInstance(Constructor.java:480)\r\n\tat org.openqa.selenium.remote.ErrorHandler.createThrowable(ErrorHandler.java:217)\r\n\tat org.openqa.selenium.remote.ErrorHandler.throwIfResponseFailed(ErrorHandler.java:169)\r\n\tat org.openqa.selenium.remote.RemoteWebDriver.execute(RemoteWebDriver.java:594)\r\n\tat org.openqa.selenium.remote.RemoteWebDriver.execute(RemoteWebDriver.java:614)\r\n\tat io.appium.java_client.DefaultGenericMobileDriver.execute(DefaultGenericMobileDriver.java:44)\r\n\tat io.appium.java_client.AppiumDriver.execute(AppiumDriver.java:1)\r\n\tat io.appium.java_client.ios.IOSDriver.execute(IOSDriver.java:1)\r\n\tat org.openqa.selenium.remote.RemoteWebDriver.getCurrentUrl(RemoteWebDriver.java:340)\r\n\tat com.shaft.gui.browser.WebDriverBrowserActions.navigateToURL(WebDriverBrowserActions.java:277)\r\n\t... 39 more\r\n",
  "flaky" : false,
  "newFailed" : false,
  "beforeStages" : [ ],
  "testStage" : {
    "status" : "skipped",
    "statusMessage" : "Browser Action [NavigateToURL] failed. With the following test data [https://www.google.com/ncr].",
    "statusTrace" : "java.lang.AssertionError: Browser Action [NavigateToURL] failed. With the following test data [https://www.google.com/ncr].\r\n\tat org.testng.Assert.fail(Assert.java:87)\r\n\tat com.shaft.gui.browser.WebDriverBrowserActions.failAction(WebDriverBrowserActions.java:611)\r\n\tat com.shaft.gui.browser.WebDriverBrowserActions.failAction(WebDriverBrowserActions.java:604)\r\n\tat com.shaft.gui.browser.WebDriverBrowserActions.navigateToURL(WebDriverBrowserActions.java:305)\r\n\tat com.shaft.gui.browser.BrowserActions.navigateToURL(BrowserActions.java:107)\r\n\tat unitTests.tests_validations_assertions.beforeMethod(tests_validations_assertions.java:407)\r\n\tat java.base/jdk.internal.reflect.NativeMethodAccessorImpl.invoke0(Native Method)\r\n\tat java.base/jdk.internal.reflect.NativeMethodAccessorImpl.invoke(NativeMethodAccessorImpl.java:77)\r\n\tat java.base/jdk.internal.reflect.DelegatingMethodAccessorImpl.invoke(DelegatingMethodAccessorImpl.java:43)\r\n\tat java.base/java.lang.reflect.Method.invoke(Method.java:568)\r\n\tat org.testng.internal.MethodInvocationHelper.invokeMethod(MethodInvocationHelper.java:133)\r\n\tat org.testng.internal.MethodInvocationHelper.invokeMethodConsideringTimeout(MethodInvocationHelper.java:62)\r\n\tat org.testng.internal.ConfigInvoker.invokeConfigurationMethod(ConfigInvoker.java:385)\r\n\tat org.testng.internal.ConfigInvoker.invokeConfigurations(ConfigInvoker.java:321)\r\n\tat org.testng.internal.TestInvoker.runConfigMethods(TestInvoker.java:700)\r\n\tat org.testng.internal.TestInvoker.invokeMethod(TestInvoker.java:527)\r\n\tat org.testng.internal.TestInvoker.invokeTestMethod(TestInvoker.java:173)\r\n\tat org.testng.internal.MethodRunner.runInSequence(MethodRunner.java:46)\r\n\tat org.testng.internal.TestInvoker$MethodInvocationAgent.invoke(TestInvoker.java:824)\r\n\tat org.testng.internal.TestInvoker.invokeTestMethods(TestInvoker.java:146)\r\n\tat org.testng.internal.TestMethodWorker.invokeTestMethods(TestMethodWorker.java:146)\r\n\tat org.testng.internal.TestMethodWorker.run(TestMethodWorker.java:128)\r\n\tat java.base/java.util.ArrayList.forEach(ArrayList.java:1511)\r\n\tat org.testng.TestRunner.privateRun(TestRunner.java:794)\r\n\tat org.testng.TestRunner.run(TestRunner.java:596)\r\n\tat org.testng.SuiteRunner.runTest(SuiteRunner.java:377)\r\n\tat org.testng.SuiteRunner.runSequentially(SuiteRunner.java:371)\r\n\tat org.testng.SuiteRunner.privateRun(SuiteRunner.java:332)\r\n\tat org.testng.SuiteRunner.run(SuiteRunner.java:276)\r\n\tat org.testng.SuiteRunnerWorker.runSuite(SuiteRunnerWorker.java:53)\r\n\tat org.testng.SuiteRunnerWorker.run(SuiteRunnerWorker.java:96)\r\n\tat org.testng.TestNG.runSuitesSequentially(TestNG.java:1212)\r\n\tat org.testng.TestNG.runSuitesLocally(TestNG.java:1134)\r\n\tat org.testng.TestNG.runSuites(TestNG.java:1063)\r\n\tat org.testng.TestNG.run(TestNG.java:1031)\r\n\tat org.apache.maven.surefire.testng.TestNGExecutor.run(TestNGExecutor.java:136)\r\n\tat org.apache.maven.surefire.testng.TestNGDirectoryTestSuite.executeMulti(TestNGDirectoryTestSuite.java:193)\r\n\tat org.apache.maven.surefire.testng.TestNGDirectoryTestSuite.execute(TestNGDirectoryTestSuite.java:94)\r\n\tat org.apache.maven.surefire.testng.TestNGProvider.invoke(TestNGProvider.java:145)\r\n\tat org.apache.maven.surefire.booter.ForkedBooter.runSuitesInProcess(ForkedBooter.java:428)\r\n\tat org.apache.maven.surefire.booter.ForkedBooter.execute(ForkedBooter.java:162)\r\n\tat org.apache.maven.surefire.booter.ForkedBooter.run(ForkedBooter.java:562)\r\n\tat org.apache.maven.surefire.booter.ForkedBooter.main(ForkedBooter.java:548)\r\nCaused by: org.openqa.selenium.UnsupportedCommandException: {\"value\":{\"error\":\"unknown method\",\"message\":\"Method is not implemented\",\"stacktrace\":\"NotImplementedError: Method is not implemented\\n    at XCUITestDriver.getUrl (/nix/store/fjjkigsx6fh18dhj8ns9nqfwwdqz9xwl-appium-1.21.0/node_modules/appium-xcuitest-driver/lib/commands/web.js:90:11)\\n    at commandExecutor (/nix/store/fjjkigsx6fh18dhj8ns9nqfwwdqz9xwl-appium-1.21.0/node_modules/appium-base-driver/lib/basedriver/driver.js:335:9)\\n    at /nix/store/fjjkigsx6fh18dhj8ns9nqfwwdqz9xwl-appium-1.21.0/node_modules/async-lock/lib/index.js:146:12\\n    at AsyncLock._promiseTry (/nix/store/fjjkigsx6fh18dhj8ns9nqfwwdqz9xwl-appium-1.21.0/node_modules/async-lock/lib/index.js:280:31)\\n    at exec (/nix/store/fjjkigsx6fh18dhj8ns9nqfwwdqz9xwl-appium-1.21.0/node_modules/async-lock/lib/index.js:145:9)\\n    at AsyncLock.acquire (/nix/store/fjjkigsx6fh18dhj8ns9nqfwwdqz9xwl-appium-1.21.0/node_modules/async-lock/lib/index.js:162:3)\\n    at XCUITestDriver.executeCommand (/nix/store/fjjkigsx6fh18dhj8ns9nqfwwdqz9xwl-appium-1.21.0/node_modules/appium-base-driver/lib/basedriver/driver.js:348:39)\\n    at XCUITestDriver.executeCommand (/nix/store/fjjkigsx6fh18dhj8ns9nqfwwdqz9xwl-appium-1.21.0/node_modules/appium-xcuitest-driver/lib/driver.js:754:24)\\n    at AppiumDriver.executeCommand (/nix/store/fjjkigsx6fh18dhj8ns9nqfwwdqz9xwl-appium-1.21.0/lib/appium.js:563:36)\\n    at runMicrotasks (<anonymous>)\\n    at processTicksAndRejections (internal/process/task_queues.js:93:5)\\n    at asyncHandler (/nix/store/fjjkigsx6fh18dhj8ns9nqfwwdqz9xwl-appium-1.21.0/node_modules/appium-base-driver/lib/protocol/protocol.js:297:21)\"}}\nCommand duration or timeout: 329 milliseconds\nBuild info: version: '4.0.0', revision: '3a21814679'\nSystem info: host: 'fv-az177-140', ip: '10.1.0.233', os.name: 'Windows Server 2019', os.arch: 'amd64', os.version: '10.0', java.version: '17.0.1'\nDriver info: io.appium.java_client.ios.IOSDriver\nCommand: [a84483a1fbe323358ed6a9de2182db91d0d720fe, getCurrentUrl {}]\nCapabilities {appWaitActivity: *, automationName: xcuitest, bootstrapPath: /usr/local/.browserstack/co..., browserName: , browserstack.isTargetBased: true, bundleID: com.browserstack.Sample-iOS, bundleId: com.browserstack.Sample-iOS, databaseEnabled: false, deviceName: iphone 12 pro max, deviceOrientation: PORTRAIT, javascriptEnabled: true, keychainPassword: [REDACTED VALUE], keychainPath: [REDACTED VALUE], locationContextEnabled: false, networkConnectionEnabled: false, newCommandTimeout: 0, noReset: true, orientation: PORTRAIT, platform: MAC, platformName: iOS, realMobile: true, safariIgnoreFraudWarning: true, safariInitialUrl: http://mobile-internet-chec..., takesScreenshot: true, udid: 00008101-0006783922A2001E, useXctestrunFile: true, waitForQuiescence: false, wdaStartupRetries: 3, webStorageEnabled: false, webkitResponseTimeout: 20000}\nSession ID: a84483a1fbe323358ed6a9de2182db91d0d720fe\r\n\tat jdk.internal.reflect.GeneratedConstructorAccessor36.newInstance(Unknown Source)\r\n\tat java.base/jdk.internal.reflect.DelegatingConstructorAccessorImpl.newInstance(DelegatingConstructorAccessorImpl.java:45)\r\n\tat java.base/java.lang.reflect.Constructor.newInstanceWithCaller(Constructor.java:499)\r\n\tat java.base/java.lang.reflect.Constructor.newInstance(Constructor.java:480)\r\n\tat org.openqa.selenium.remote.ErrorHandler.createThrowable(ErrorHandler.java:217)\r\n\tat org.openqa.selenium.remote.ErrorHandler.throwIfResponseFailed(ErrorHandler.java:169)\r\n\tat org.openqa.selenium.remote.RemoteWebDriver.execute(RemoteWebDriver.java:594)\r\n\tat org.openqa.selenium.remote.RemoteWebDriver.execute(RemoteWebDriver.java:614)\r\n\tat io.appium.java_client.DefaultGenericMobileDriver.execute(DefaultGenericMobileDriver.java:44)\r\n\tat io.appium.java_client.AppiumDriver.execute(AppiumDriver.java:1)\r\n\tat io.appium.java_client.ios.IOSDriver.execute(IOSDriver.java:1)\r\n\tat org.openqa.selenium.remote.RemoteWebDriver.getCurrentUrl(RemoteWebDriver.java:340)\r\n\tat com.shaft.gui.browser.WebDriverBrowserActions.navigateToURL(WebDriverBrowserActions.java:277)\r\n\t... 39 more\r\n",
    "steps" : [ ],
    "attachments" : [ {
      "uid" : "805025eaf3eb24a2",
      "name" : "Attachment: SHAFT Engine Logs - Current Method log: assertEquals_longCharacters",
      "source" : "805025eaf3eb24a2.txt",
      "type" : "text/plain",
      "size" : 445
    } ],
    "parameters" : [ ],
    "attachmentsCount" : 1,
    "shouldDisplayMessage" : true,
    "stepsCount" : 0,
    "hasContent" : true
  },
  "afterStages" : [ {
    "name" : "closureActivities",
    "time" : {
      "start" : 1635248293681,
      "stop" : 1635248304279,
      "duration" : 10598
    },
    "description" : "",
    "status" : "passed",
    "steps" : [ {
      "name" : "Successfully Closed All Drivers.",
      "time" : {
        "start" : 1635248303737,
        "stop" : 1635248303737,
        "duration" : 0
      },
      "status" : "passed",
      "steps" : [ ],
      "attachments" : [ ],
      "parameters" : [ {
        "name" : "actionCounter",
        "value" : "203"
      }, {
        "name" : "logText",
        "value" : "Successfully Closed All Drivers."
      } ],
      "attachmentsCount" : 0,
      "shouldDisplayMessage" : false,
      "stepsCount" : 0,
      "hasContent" : true
    }, {
      "name" : "Issue Summary: Total Issues = 25, New issues for Failed Tests = 23, Open issues for Passed Tests = 2, Open issues for Failed Tests = 0. Kindly check the attached Issue details.",
      "time" : {
        "start" : 1635248303758,
        "stop" : 1635248303759,
        "duration" : 1
      },
      "status" : "passed",
      "steps" : [ ],
      "attachments" : [ {
        "uid" : "a4c46a54142f9a6b",
        "name" : "Attachment: SHAFT Engine Logs - Issues log CSV: 20211026-113823",
        "source" : "a4c46a54142f9a6b.csv",
        "type" : "text/csv",
        "size" : 3486
      } ],
      "parameters" : [ {
        "name" : "actionCounter",
        "value" : "204"
      }, {
        "name" : "logText",
        "value" : "Issue Summary: Total Issues = 25, New issues for Failed Tests = 23, Open issues for Passed Tests = 2, Open issues for Failed Tests = 0. Kindly check the attached Issue details."
      }, {
        "name" : "attachments",
        "value" : "[[SHAFT Engine Logs, Issues log CSV: 20211026-113823, java.io.ByteArrayInputStream@4e9e4145]]"
      } ],
      "attachmentsCount" : 1,
      "shouldDisplayMessage" : false,
      "stepsCount" : 0,
      "hasContent" : true
    } ],
    "attachments" : [ {
      "uid" : "eb791aedff977e44",
      "name" : "Attachment: SHAFT Engine Logs - Execution log: 20211026-113823",
      "source" : "eb791aedff977e44.txt",
      "type" : "text/plain",
      "size" : 171991
    }, {
      "uid" : "2bafc3241c6b7a64",
      "name" : "Attachment: HTML - Extent Emailable Execution Report",
      "source" : "2bafc3241c6b7a64.html",
      "type" : "text/html",
      "size" : 2205152
    } ],
    "parameters" : [ ],
    "attachmentsCount" : 3,
    "shouldDisplayMessage" : false,
    "stepsCount" : 2,
    "hasContent" : true
  } ],
  "labels" : [ {
    "name" : "package",
    "value" : "unitTests.tests_validations_assertions"
  }, {
    "name" : "testClass",
    "value" : "unitTests.tests_validations_assertions"
  }, {
    "name" : "testMethod",
    "value" : "assertEquals_longCharacters"
  }, {
    "name" : "parentSuite",
    "value" : "SHAFT: Custom Suite"
  }, {
    "name" : "suite",
    "value" : "SHAFT: Custom Test"
  }, {
    "name" : "subSuite",
    "value" : "unitTests.tests_validations_assertions"
  }, {
    "name" : "host",
    "value" : "fv-az177-140"
  }, {
    "name" : "thread",
    "value" : "532@fv-az177-140.main(1)"
  }, {
    "name" : "framework",
    "value" : "testng"
  }, {
    "name" : "language",
    "value" : "java"
  }, {
    "name" : "resultFormat",
    "value" : "allure2"
  } ],
  "parameters" : [ ],
  "links" : [ ],
  "hidden" : false,
  "retry" : false,
  "extra" : {
    "severity" : "normal",
    "retries" : [ ],
    "categories" : [ ],
    "history" : {
      "statistic" : {
        "failed" : 0,
        "broken" : 0,
        "skipped" : 2,
        "passed" : 18,
        "unknown" : 0,
        "total" : 20
      },
      "items" : [ {
        "uid" : "5566c89d7f1a2711",
        "reportUrl" : "https://MohabMohie.github.io/SHAFT_ENGINE/allure/Windows/Web/822//#testresult/5566c89d7f1a2711",
        "status" : "passed",
        "time" : {
          "start" : 1635022645407,
          "stop" : 1635022645409,
          "duration" : 2
        }
      }, {
        "uid" : "16f777ce4a474c4b",
        "reportUrl" : "https://MohabMohie.github.io/SHAFT_ENGINE/allure/Windows/Web/801//#testresult/16f777ce4a474c4b",
        "status" : "passed",
        "time" : {
          "start" : 1634004543334,
          "stop" : 1634004543337,
          "duration" : 3
        }
      }, {
        "uid" : "ad18c0ebc693c427",
        "reportUrl" : "https://MohabMohie.github.io/SHAFT_ENGINE/allure/Windows/Web/794//#testresult/ad18c0ebc693c427",
        "status" : "passed",
        "time" : {
          "start" : 1633831257032,
          "stop" : 1633831257036,
          "duration" : 4
        }
      }, {
        "uid" : "a3d988c17f3f9838",
        "reportUrl" : "https://MohabMohie.github.io/SHAFT_ENGINE/allure/Windows/Web/785//#testresult/a3d988c17f3f9838",
        "status" : "passed",
        "time" : {
          "start" : 1633524509661,
          "stop" : 1633524509664,
          "duration" : 3
        }
      }, {
        "uid" : "775306c25fe1e3a8",
        "reportUrl" : "https://MohabMohie.github.io/SHAFT_ENGINE/allure/Windows/Web/783//#testresult/775306c25fe1e3a8",
        "status" : "passed",
        "time" : {
          "start" : 1633485922036,
          "stop" : 1633485922039,
          "duration" : 3
        }
      }, {
        "uid" : "54fd305f7c16a9e4",
        "reportUrl" : "https://MohabMohie.github.io/SHAFT_ENGINE/allure/Windows/Web/779//#testresult/54fd305f7c16a9e4",
        "status" : "passed",
        "time" : {
          "start" : 1633226602272,
          "stop" : 1633226602275,
          "duration" : 3
        }
      }, {
        "uid" : "8ed99def7047e30b",
        "reportUrl" : "https://MohabMohie.github.io/SHAFT_ENGINE/allure/Windows/Web/776//#testresult/8ed99def7047e30b",
        "status" : "passed",
        "time" : {
          "start" : 1633053994928,
          "stop" : 1633053994931,
          "duration" : 3
        }
      }, {
        "uid" : "ad885a34517ba358",
        "reportUrl" : "https://MohabMohie.github.io/SHAFT_ENGINE/allure/Windows/Web/775//#testresult/ad885a34517ba358",
        "status" : "passed",
        "time" : {
          "start" : 1633038712703,
          "stop" : 1633038712706,
          "duration" : 3
        }
      }, {
        "uid" : "84476784d9b6759c",
        "reportUrl" : "https://MohabMohie.github.io/SHAFT_ENGINE/allure/Windows/Web/774//#testresult/84476784d9b6759c",
        "status" : "passed",
        "time" : {
          "start" : 1633037851225,
          "stop" : 1633037851228,
          "duration" : 3
        }
      }, {
        "uid" : "3f37792a9e8817e7",
        "reportUrl" : "https://MohabMohie.github.io/SHAFT_ENGINE/allure/Windows/Web/760//#testresult/3f37792a9e8817e7",
        "status" : "passed",
        "time" : {
          "start" : 1632535041058,
          "stop" : 1632535041061,
          "duration" : 3
        }
      }, {
        "uid" : "74b6bbc7b5e23f1c",
        "reportUrl" : "https://MohabMohie.github.io/SHAFT_ENGINE/allure/Windows/Web/759//#testresult/74b6bbc7b5e23f1c",
        "status" : "passed",
        "time" : {
          "start" : 1632448798958,
          "stop" : 1632448798961,
          "duration" : 3
        }
      }, {
        "uid" : "f02b39df5f0c1953",
        "reportUrl" : "https://MohabMohie.github.io/SHAFT_ENGINE/allure/Windows/Web/756//#testresult/f02b39df5f0c1953",
        "status" : "passed",
        "time" : {
          "start" : 1632387318039,
          "stop" : 1632387318042,
          "duration" : 3
        }
      }, {
        "uid" : "1ae6fa01bcf68e31",
        "reportUrl" : "https://MohabMohie.github.io/SHAFT_ENGINE/allure/Windows/Web/753//#testresult/1ae6fa01bcf68e31",
        "status" : "passed",
        "time" : {
          "start" : 1632320866540,
          "stop" : 1632320866544,
          "duration" : 4
        }
      }, {
        "uid" : "92fbe10fa566e708",
        "reportUrl" : "https://MohabMohie.github.io/SHAFT_ENGINE/allure/Windows/Web/750//#testresult/92fbe10fa566e708",
        "status" : "passed",
        "time" : {
          "start" : 1632276076316,
          "stop" : 1632276076320,
          "duration" : 4
        }
      }, {
        "uid" : "67f80f40e7e9b52",
        "reportUrl" : "https://MohabMohie.github.io/SHAFT_ENGINE/allure/Windows/Web/748//#testresult/67f80f40e7e9b52",
        "status" : "passed",
        "time" : {
          "start" : 1632155293334,
          "stop" : 1632155293340,
          "duration" : 6
        }
      }, {
        "uid" : "55ca2119205ea30b",
        "reportUrl" : "https://MohabMohie.github.io/SHAFT_ENGINE/allure/Windows/Web/738//#testresult/55ca2119205ea30b",
        "status" : "passed",
        "time" : {
          "start" : 1632103254493,
          "stop" : 1632103254516,
          "duration" : 23
        }
      }, {
        "uid" : "9ae1afb46150932c",
        "reportUrl" : "https://MohabMohie.github.io/SHAFT_ENGINE/allure/Windows/Web/737//#testresult/9ae1afb46150932c",
        "status" : "skipped",
        "statusDetails" : "unknown error: MSEdge failed to start: exited normally.\n  (unknown error: DevToolsActivePort file doesn't exist)\n  (The process started from msedge location C:\\Program Files (x86)\\Microsoft\\Edge\\Application\\msedge.exe is no longer running, so MSEdgeDriver is assuming that MSEdge has crashed.)\nBuild info: version: '3.141.59', revision: 'e82be7d358', time: '2018-11-14T08:17:03'\nSystem info: host: 'fv-az177-306', ip: '10.1.1.40', os.name: 'Windows Server 2019', os.arch: 'amd64', os.version: '10.0', java.version: '16.0.2'\nDriver info: driver.version: EdgeDriver\nremote stacktrace: Backtrace:\n\tOrdinal0 [0x00007FF79F2A92C2+4821698]\n\tOrdinal0 [0x00007FF79EF2D543+1168707]\n\tOrdinal0 [0x00007FF79EF555F1+1332721]\n\tOrdinal0 [0x00007FF79EF4CC45+1297477]\n\tOrdinal0 [0x00007FF79EF87883+1538179]\n\tOrdinal0 [0x00007FF79EF82B6F+1518447]\n\tOrdinal0 [0x00007FF79EF58E8A+1347210]\n\tOrdinal0 [0x00007FF79EF59EEF+1351407]\n\tOrdinal0 [0x00007FF79F00847D+2065533]\n\tOrdinal0 [0x00007FF79EFBD31A+1757978]\n\tOrdinal0 [0x00007FF79F19D629+3724841]\n\tOrdinal0 [0x00007FF79EFBEC09+1764361]\n\tOrdinal0 [0x00007FF79F2AC4F8+4834552]\n\tOrdinal0 [0x00007FF79F2ABF64+4833124]\n\tOrdinal0 [0x00007FF79F2ABDB6+4832694]\n\tOrdinal0 [0x00007FF79F25908C+4493452]\n\tBaseThreadInitThunk [0x00007FF828577974+20]\n\tRtlUserThreadStart [0x00007FF828D3A2F1+33]\n",
        "time" : {
          "start" : 1632016720247,
          "stop" : 1632016720248,
          "duration" : 1
        }
      }, {
        "uid" : "feb2db8c050bdc01",
        "reportUrl" : "https://MohabMohie.github.io/SHAFT_ENGINE/allure/Windows/Web/736//#testresult/feb2db8c050bdc01",
        "status" : "passed",
        "time" : {
          "start" : 1631930413456,
          "stop" : 1631930413459,
          "duration" : 3
        }
      }, {
        "uid" : "897577d3955e342a",
        "reportUrl" : "https://MohabMohie.github.io/SHAFT_ENGINE/allure/Windows/Web/734//#testresult/897577d3955e342a",
        "status" : "passed",
        "time" : {
          "start" : 1631821337170,
          "stop" : 1631821337180,
          "duration" : 10
        }
      } ]
    },
    "tags" : [ ]
  },
  "source" : "2563765e3b37620e.json",
  "parameterValues" : [ ]
}