{
  "uid" : "97966de88c5cca1d",
  "name" : "waitForElementToBePresent_false_expectedToFail",
  "fullName" : "unitTests.tests_element_elementActions.waitForElementToBePresent_false_expectedToFail",
  "historyId" : "e8b8340fde60dd2f177bd721ae597277",
  "time" : {
    "start" : 1635248032926,
    "stop" : 1635248034458,
    "duration" : 1532
  },
  "status" : "failed",
  "statusMessage" : "Browser Action [NavigateToURL] failed. With the following test data [https://www.google.com/ncr].",
  "statusTrace" : "java.lang.AssertionError: Browser Action [NavigateToURL] failed. With the following test data [https://www.google.com/ncr].\r\n\tat org.testng.Assert.fail(Assert.java:87)\r\n\tat com.shaft.gui.browser.WebDriverBrowserActions.failAction(WebDriverBrowserActions.java:611)\r\n\tat com.shaft.gui.browser.WebDriverBrowserActions.failAction(WebDriverBrowserActions.java:604)\r\n\tat com.shaft.gui.browser.WebDriverBrowserActions.navigateToURL(WebDriverBrowserActions.java:305)\r\n\tat com.shaft.gui.browser.BrowserActions.navigateToURL(BrowserActions.java:107)\r\n\tat unitTests.tests_element_elementActions.waitForElementToBePresent_false_expectedToFail(tests_element_elementActions.java:53)\r\n\tat java.base/jdk.internal.reflect.NativeMethodAccessorImpl.invoke0(Native Method)\r\n\tat java.base/jdk.internal.reflect.NativeMethodAccessorImpl.invoke(NativeMethodAccessorImpl.java:77)\r\n\tat java.base/jdk.internal.reflect.DelegatingMethodAccessorImpl.invoke(DelegatingMethodAccessorImpl.java:43)\r\n\tat java.base/java.lang.reflect.Method.invoke(Method.java:568)\r\n\tat org.testng.internal.MethodInvocationHelper.invokeMethod(MethodInvocationHelper.java:133)\r\n\tat org.testng.internal.TestInvoker.invokeMethod(TestInvoker.java:598)\r\n\tat org.testng.internal.TestInvoker.invokeTestMethod(TestInvoker.java:173)\r\n\tat org.testng.internal.MethodRunner.runInSequence(MethodRunner.java:46)\r\n\tat org.testng.internal.TestInvoker$MethodInvocationAgent.invoke(TestInvoker.java:824)\r\n\tat org.testng.internal.TestInvoker.invokeTestMethods(TestInvoker.java:146)\r\n\tat org.testng.internal.TestMethodWorker.invokeTestMethods(TestMethodWorker.java:146)\r\n\tat org.testng.internal.TestMethodWorker.run(TestMethodWorker.java:128)\r\n\tat java.base/java.util.ArrayList.forEach(ArrayList.java:1511)\r\n\tat org.testng.TestRunner.privateRun(TestRunner.java:794)\r\n\tat org.testng.TestRunner.run(TestRunner.java:596)\r\n\tat org.testng.SuiteRunner.runTest(SuiteRunner.java:377)\r\n\tat org.testng.SuiteRunner.runSequentially(SuiteRunner.java:371)\r\n\tat org.testng.SuiteRunner.privateRun(SuiteRunner.java:332)\r\n\tat org.testng.SuiteRunner.run(SuiteRunner.java:276)\r\n\tat org.testng.SuiteRunnerWorker.runSuite(SuiteRunnerWorker.java:53)\r\n\tat org.testng.SuiteRunnerWorker.run(SuiteRunnerWorker.java:96)\r\n\tat org.testng.TestNG.runSuitesSequentially(TestNG.java:1212)\r\n\tat org.testng.TestNG.runSuitesLocally(TestNG.java:1134)\r\n\tat org.testng.TestNG.runSuites(TestNG.java:1063)\r\n\tat org.testng.TestNG.run(TestNG.java:1031)\r\n\tat org.apache.maven.surefire.testng.TestNGExecutor.run(TestNGExecutor.java:136)\r\n\tat org.apache.maven.surefire.testng.TestNGDirectoryTestSuite.executeMulti(TestNGDirectoryTestSuite.java:193)\r\n\tat org.apache.maven.surefire.testng.TestNGDirectoryTestSuite.execute(TestNGDirectoryTestSuite.java:94)\r\n\tat org.apache.maven.surefire.testng.TestNGProvider.invoke(TestNGProvider.java:145)\r\n\tat org.apache.maven.surefire.booter.ForkedBooter.runSuitesInProcess(ForkedBooter.java:428)\r\n\tat org.apache.maven.surefire.booter.ForkedBooter.execute(ForkedBooter.java:162)\r\n\tat org.apache.maven.surefire.booter.ForkedBooter.run(ForkedBooter.java:562)\r\n\tat org.apache.maven.surefire.booter.ForkedBooter.main(ForkedBooter.java:548)\r\nCaused by: org.openqa.selenium.UnsupportedCommandException: {\"value\":{\"error\":\"unknown method\",\"message\":\"Method is not implemented\",\"stacktrace\":\"NotImplementedError: Method is not implemented\\n    at XCUITestDriver.getUrl (/nix/store/fjjkigsx6fh18dhj8ns9nqfwwdqz9xwl-appium-1.21.0/node_modules/appium-xcuitest-driver/lib/commands/web.js:90:11)\\n    at commandExecutor (/nix/store/fjjkigsx6fh18dhj8ns9nqfwwdqz9xwl-appium-1.21.0/node_modules/appium-base-driver/lib/basedriver/driver.js:335:9)\\n    at /nix/store/fjjkigsx6fh18dhj8ns9nqfwwdqz9xwl-appium-1.21.0/node_modules/async-lock/lib/index.js:146:12\\n    at AsyncLock._promiseTry (/nix/store/fjjkigsx6fh18dhj8ns9nqfwwdqz9xwl-appium-1.21.0/node_modules/async-lock/lib/index.js:280:31)\\n    at exec (/nix/store/fjjkigsx6fh18dhj8ns9nqfwwdqz9xwl-appium-1.21.0/node_modules/async-lock/lib/index.js:145:9)\\n    at AsyncLock.acquire (/nix/store/fjjkigsx6fh18dhj8ns9nqfwwdqz9xwl-appium-1.21.0/node_modules/async-lock/lib/index.js:162:3)\\n    at XCUITestDriver.executeCommand (/nix/store/fjjkigsx6fh18dhj8ns9nqfwwdqz9xwl-appium-1.21.0/node_modules/appium-base-driver/lib/basedriver/driver.js:348:39)\\n    at XCUITestDriver.executeCommand (/nix/store/fjjkigsx6fh18dhj8ns9nqfwwdqz9xwl-appium-1.21.0/node_modules/appium-xcuitest-driver/lib/driver.js:754:24)\\n    at AppiumDriver.executeCommand (/nix/store/fjjkigsx6fh18dhj8ns9nqfwwdqz9xwl-appium-1.21.0/lib/appium.js:563:36)\\n    at runMicrotasks (<anonymous>)\\n    at processTicksAndRejections (internal/process/task_queues.js:93:5)\\n    at asyncHandler (/nix/store/fjjkigsx6fh18dhj8ns9nqfwwdqz9xwl-appium-1.21.0/node_modules/appium-base-driver/lib/protocol/protocol.js:297:21)\"}}\nCommand duration or timeout: 416 milliseconds\nBuild info: version: '4.0.0', revision: '3a21814679'\nSystem info: host: 'fv-az177-140', ip: '10.1.0.233', os.name: 'Windows Server 2019', os.arch: 'amd64', os.version: '10.0', java.version: '17.0.1'\nDriver info: io.appium.java_client.ios.IOSDriver\nCommand: [b0915fc0d2f6a04c7dba4c62b540914889061062, getCurrentUrl {}]\nCapabilities {appWaitActivity: *, automationName: xcuitest, bootstrapPath: /usr/local/.browserstack/co..., browserName: , browserstack.isTargetBased: true, bundleID: com.browserstack.Sample-iOS, bundleId: com.browserstack.Sample-iOS, databaseEnabled: false, deviceName: iphone 12 pro max, deviceOrientation: PORTRAIT, javascriptEnabled: true, keychainPassword: [REDACTED VALUE], keychainPath: [REDACTED VALUE], locationContextEnabled: false, networkConnectionEnabled: false, newCommandTimeout: 0, noReset: true, orientation: PORTRAIT, platform: MAC, platformName: iOS, realMobile: true, safariIgnoreFraudWarning: true, safariInitialUrl: http://mobile-internet-chec..., takesScreenshot: true, udid: 00008101-0016612C14C2001E, useXctestrunFile: true, waitForQuiescence: false, wdaStartupRetries: 3, webStorageEnabled: false, webkitResponseTimeout: 20000}\nSession ID: b0915fc0d2f6a04c7dba4c62b540914889061062\r\n\tat jdk.internal.reflect.GeneratedConstructorAccessor36.newInstance(Unknown Source)\r\n\tat java.base/jdk.internal.reflect.DelegatingConstructorAccessorImpl.newInstance(DelegatingConstructorAccessorImpl.java:45)\r\n\tat java.base/java.lang.reflect.Constructor.newInstanceWithCaller(Constructor.java:499)\r\n\tat java.base/java.lang.reflect.Constructor.newInstance(Constructor.java:480)\r\n\tat org.openqa.selenium.remote.ErrorHandler.createThrowable(ErrorHandler.java:217)\r\n\tat org.openqa.selenium.remote.ErrorHandler.throwIfResponseFailed(ErrorHandler.java:169)\r\n\tat org.openqa.selenium.remote.RemoteWebDriver.execute(RemoteWebDriver.java:594)\r\n\tat org.openqa.selenium.remote.RemoteWebDriver.execute(RemoteWebDriver.java:614)\r\n\tat io.appium.java_client.DefaultGenericMobileDriver.execute(DefaultGenericMobileDriver.java:44)\r\n\tat io.appium.java_client.AppiumDriver.execute(AppiumDriver.java:1)\r\n\tat io.appium.java_client.ios.IOSDriver.execute(IOSDriver.java:1)\r\n\tat org.openqa.selenium.remote.RemoteWebDriver.getCurrentUrl(RemoteWebDriver.java:340)\r\n\tat com.shaft.gui.browser.WebDriverBrowserActions.navigateToURL(WebDriverBrowserActions.java:277)\r\n\t... 35 more\r\n",
  "flaky" : false,
  "newFailed" : true,
  "beforeStages" : [ {
    "name" : "beforeMethod",
    "time" : {
      "start" : 1635247916554,
      "stop" : 1635248032923,
      "duration" : 116369
    },
    "description" : "",
    "status" : "passed",
    "steps" : [ {
      "name" : "Attempting to run remotely on: [iOS], [http://mohabmohie1:7E7PgzBtwk4sWLUcF8Y5@hub-cloud.browserstack.com/wd/hub].",
      "time" : {
        "start" : 1635247916555,
        "stop" : 1635247916555,
        "duration" : 0
      },
      "status" : "passed",
      "steps" : [ ],
      "attachments" : [ ],
      "parameters" : [ {
        "name" : "actionCounter",
        "value" : "151"
      }, {
        "name" : "logText",
        "value" : "Attempting to run remotely on: [iOS], [http://mohabmohie1:7E7PgzBtwk4sWLUcF8Y5@hub-cloud.browserstack.com/wd/hub]."
      } ],
      "attachmentsCount" : 0,
      "shouldDisplayMessage" : false,
      "stepsCount" : 0,
      "hasContent" : true
    }, {
      "name" : "Successfully Opened [NativeMobileApp].",
      "time" : {
        "start" : 1635248032922,
        "stop" : 1635248032922,
        "duration" : 0
      },
      "status" : "passed",
      "steps" : [ ],
      "attachments" : [ ],
      "parameters" : [ {
        "name" : "actionCounter",
        "value" : "152"
      }, {
        "name" : "logText",
        "value" : "Successfully Opened [NativeMobileApp]."
      } ],
      "attachmentsCount" : 0,
      "shouldDisplayMessage" : false,
      "stepsCount" : 0,
      "hasContent" : true
    } ],
    "attachments" : [ {
      "uid" : "3269b4d99f375e02",
      "name" : "Attachment: SHAFT Engine Logs - Current Method log: beforeMethod",
      "source" : "3269b4d99f375e02.txt",
      "type" : "text/plain",
      "size" : 424
    } ],
    "parameters" : [ ],
    "attachmentsCount" : 1,
    "shouldDisplayMessage" : false,
    "stepsCount" : 2,
    "hasContent" : true
  } ],
  "testStage" : {
    "status" : "failed",
    "statusMessage" : "Browser Action [NavigateToURL] failed. With the following test data [https://www.google.com/ncr].",
    "statusTrace" : "java.lang.AssertionError: Browser Action [NavigateToURL] failed. With the following test data [https://www.google.com/ncr].\r\n\tat org.testng.Assert.fail(Assert.java:87)\r\n\tat com.shaft.gui.browser.WebDriverBrowserActions.failAction(WebDriverBrowserActions.java:611)\r\n\tat com.shaft.gui.browser.WebDriverBrowserActions.failAction(WebDriverBrowserActions.java:604)\r\n\tat com.shaft.gui.browser.WebDriverBrowserActions.navigateToURL(WebDriverBrowserActions.java:305)\r\n\tat com.shaft.gui.browser.BrowserActions.navigateToURL(BrowserActions.java:107)\r\n\tat unitTests.tests_element_elementActions.waitForElementToBePresent_false_expectedToFail(tests_element_elementActions.java:53)\r\n\tat java.base/jdk.internal.reflect.NativeMethodAccessorImpl.invoke0(Native Method)\r\n\tat java.base/jdk.internal.reflect.NativeMethodAccessorImpl.invoke(NativeMethodAccessorImpl.java:77)\r\n\tat java.base/jdk.internal.reflect.DelegatingMethodAccessorImpl.invoke(DelegatingMethodAccessorImpl.java:43)\r\n\tat java.base/java.lang.reflect.Method.invoke(Method.java:568)\r\n\tat org.testng.internal.MethodInvocationHelper.invokeMethod(MethodInvocationHelper.java:133)\r\n\tat org.testng.internal.TestInvoker.invokeMethod(TestInvoker.java:598)\r\n\tat org.testng.internal.TestInvoker.invokeTestMethod(TestInvoker.java:173)\r\n\tat org.testng.internal.MethodRunner.runInSequence(MethodRunner.java:46)\r\n\tat org.testng.internal.TestInvoker$MethodInvocationAgent.invoke(TestInvoker.java:824)\r\n\tat org.testng.internal.TestInvoker.invokeTestMethods(TestInvoker.java:146)\r\n\tat org.testng.internal.TestMethodWorker.invokeTestMethods(TestMethodWorker.java:146)\r\n\tat org.testng.internal.TestMethodWorker.run(TestMethodWorker.java:128)\r\n\tat java.base/java.util.ArrayList.forEach(ArrayList.java:1511)\r\n\tat org.testng.TestRunner.privateRun(TestRunner.java:794)\r\n\tat org.testng.TestRunner.run(TestRunner.java:596)\r\n\tat org.testng.SuiteRunner.runTest(SuiteRunner.java:377)\r\n\tat org.testng.SuiteRunner.runSequentially(SuiteRunner.java:371)\r\n\tat org.testng.SuiteRunner.privateRun(SuiteRunner.java:332)\r\n\tat org.testng.SuiteRunner.run(SuiteRunner.java:276)\r\n\tat org.testng.SuiteRunnerWorker.runSuite(SuiteRunnerWorker.java:53)\r\n\tat org.testng.SuiteRunnerWorker.run(SuiteRunnerWorker.java:96)\r\n\tat org.testng.TestNG.runSuitesSequentially(TestNG.java:1212)\r\n\tat org.testng.TestNG.runSuitesLocally(TestNG.java:1134)\r\n\tat org.testng.TestNG.runSuites(TestNG.java:1063)\r\n\tat org.testng.TestNG.run(TestNG.java:1031)\r\n\tat org.apache.maven.surefire.testng.TestNGExecutor.run(TestNGExecutor.java:136)\r\n\tat org.apache.maven.surefire.testng.TestNGDirectoryTestSuite.executeMulti(TestNGDirectoryTestSuite.java:193)\r\n\tat org.apache.maven.surefire.testng.TestNGDirectoryTestSuite.execute(TestNGDirectoryTestSuite.java:94)\r\n\tat org.apache.maven.surefire.testng.TestNGProvider.invoke(TestNGProvider.java:145)\r\n\tat org.apache.maven.surefire.booter.ForkedBooter.runSuitesInProcess(ForkedBooter.java:428)\r\n\tat org.apache.maven.surefire.booter.ForkedBooter.execute(ForkedBooter.java:162)\r\n\tat org.apache.maven.surefire.booter.ForkedBooter.run(ForkedBooter.java:562)\r\n\tat org.apache.maven.surefire.booter.ForkedBooter.main(ForkedBooter.java:548)\r\nCaused by: org.openqa.selenium.UnsupportedCommandException: {\"value\":{\"error\":\"unknown method\",\"message\":\"Method is not implemented\",\"stacktrace\":\"NotImplementedError: Method is not implemented\\n    at XCUITestDriver.getUrl (/nix/store/fjjkigsx6fh18dhj8ns9nqfwwdqz9xwl-appium-1.21.0/node_modules/appium-xcuitest-driver/lib/commands/web.js:90:11)\\n    at commandExecutor (/nix/store/fjjkigsx6fh18dhj8ns9nqfwwdqz9xwl-appium-1.21.0/node_modules/appium-base-driver/lib/basedriver/driver.js:335:9)\\n    at /nix/store/fjjkigsx6fh18dhj8ns9nqfwwdqz9xwl-appium-1.21.0/node_modules/async-lock/lib/index.js:146:12\\n    at AsyncLock._promiseTry (/nix/store/fjjkigsx6fh18dhj8ns9nqfwwdqz9xwl-appium-1.21.0/node_modules/async-lock/lib/index.js:280:31)\\n    at exec (/nix/store/fjjkigsx6fh18dhj8ns9nqfwwdqz9xwl-appium-1.21.0/node_modules/async-lock/lib/index.js:145:9)\\n    at AsyncLock.acquire (/nix/store/fjjkigsx6fh18dhj8ns9nqfwwdqz9xwl-appium-1.21.0/node_modules/async-lock/lib/index.js:162:3)\\n    at XCUITestDriver.executeCommand (/nix/store/fjjkigsx6fh18dhj8ns9nqfwwdqz9xwl-appium-1.21.0/node_modules/appium-base-driver/lib/basedriver/driver.js:348:39)\\n    at XCUITestDriver.executeCommand (/nix/store/fjjkigsx6fh18dhj8ns9nqfwwdqz9xwl-appium-1.21.0/node_modules/appium-xcuitest-driver/lib/driver.js:754:24)\\n    at AppiumDriver.executeCommand (/nix/store/fjjkigsx6fh18dhj8ns9nqfwwdqz9xwl-appium-1.21.0/lib/appium.js:563:36)\\n    at runMicrotasks (<anonymous>)\\n    at processTicksAndRejections (internal/process/task_queues.js:93:5)\\n    at asyncHandler (/nix/store/fjjkigsx6fh18dhj8ns9nqfwwdqz9xwl-appium-1.21.0/node_modules/appium-base-driver/lib/protocol/protocol.js:297:21)\"}}\nCommand duration or timeout: 416 milliseconds\nBuild info: version: '4.0.0', revision: '3a21814679'\nSystem info: host: 'fv-az177-140', ip: '10.1.0.233', os.name: 'Windows Server 2019', os.arch: 'amd64', os.version: '10.0', java.version: '17.0.1'\nDriver info: io.appium.java_client.ios.IOSDriver\nCommand: [b0915fc0d2f6a04c7dba4c62b540914889061062, getCurrentUrl {}]\nCapabilities {appWaitActivity: *, automationName: xcuitest, bootstrapPath: /usr/local/.browserstack/co..., browserName: , browserstack.isTargetBased: true, bundleID: com.browserstack.Sample-iOS, bundleId: com.browserstack.Sample-iOS, databaseEnabled: false, deviceName: iphone 12 pro max, deviceOrientation: PORTRAIT, javascriptEnabled: true, keychainPassword: [REDACTED VALUE], keychainPath: [REDACTED VALUE], locationContextEnabled: false, networkConnectionEnabled: false, newCommandTimeout: 0, noReset: true, orientation: PORTRAIT, platform: MAC, platformName: iOS, realMobile: true, safariIgnoreFraudWarning: true, safariInitialUrl: http://mobile-internet-chec..., takesScreenshot: true, udid: 00008101-0016612C14C2001E, useXctestrunFile: true, waitForQuiescence: false, wdaStartupRetries: 3, webStorageEnabled: false, webkitResponseTimeout: 20000}\nSession ID: b0915fc0d2f6a04c7dba4c62b540914889061062\r\n\tat jdk.internal.reflect.GeneratedConstructorAccessor36.newInstance(Unknown Source)\r\n\tat java.base/jdk.internal.reflect.DelegatingConstructorAccessorImpl.newInstance(DelegatingConstructorAccessorImpl.java:45)\r\n\tat java.base/java.lang.reflect.Constructor.newInstanceWithCaller(Constructor.java:499)\r\n\tat java.base/java.lang.reflect.Constructor.newInstance(Constructor.java:480)\r\n\tat org.openqa.selenium.remote.ErrorHandler.createThrowable(ErrorHandler.java:217)\r\n\tat org.openqa.selenium.remote.ErrorHandler.throwIfResponseFailed(ErrorHandler.java:169)\r\n\tat org.openqa.selenium.remote.RemoteWebDriver.execute(RemoteWebDriver.java:594)\r\n\tat org.openqa.selenium.remote.RemoteWebDriver.execute(RemoteWebDriver.java:614)\r\n\tat io.appium.java_client.DefaultGenericMobileDriver.execute(DefaultGenericMobileDriver.java:44)\r\n\tat io.appium.java_client.AppiumDriver.execute(AppiumDriver.java:1)\r\n\tat io.appium.java_client.ios.IOSDriver.execute(IOSDriver.java:1)\r\n\tat org.openqa.selenium.remote.RemoteWebDriver.getCurrentUrl(RemoteWebDriver.java:340)\r\n\tat com.shaft.gui.browser.WebDriverBrowserActions.navigateToURL(WebDriverBrowserActions.java:277)\r\n\t... 35 more\r\n",
    "steps" : [ {
      "name" : "An Exception Occured with this Message: {\"value\":{\"error\":\"unknown method\",\"message\":\"Method is not implemented\",\"stacktrace\":\"NotImplementedError: Method is not implemented\\n    at XCUITestDriver.execute (/nix/store/fjjkigsx6fh18dhj8ns9nqfwwdqz9xwl-appium-1.21.0/node_modules/appium-xcuitest-driver/lib/commands/execute.js:37:11)\\n    at commandExecutor (/nix/store/fjjkigsx6fh18dhj8ns9nqfwwdqz9xwl-appium-1.21.0/node_modules/appium-base-driver/lib/basedriver/driver.js:335:9)\\n    at /nix/store/fjjkigsx6fh18dhj8ns9nqfwwdqz9xwl-appium-1.21.0/node_modules/async-lock/lib/index.js:146:12\\n    at AsyncLock._promiseTry (/nix/store/fjjkigsx6fh18dhj8ns9nqfwwdqz9xwl-appium-1.21.0/node_modules/async-lock/lib/index.js:280:31)\\n    at exec (/nix/store/fjjkigsx6fh18dhj8ns9nqfwwdqz9xwl-appium-1.21.0/node_modules/async-lock/lib/index.js:145:9)\\n    at AsyncLock.acquire (/nix/store/fjjkigsx6fh18dhj8ns9nqfwwdqz9xwl-appium-1.21.0/node_modules/async-lock/lib/index.js:162:3)\\n    at XCUITestDriver.executeCommand (/nix/store/fjjkigsx6fh18dhj8ns9nqfwwdqz9xwl-appium-1.21.0/node_modules/appium-base-driver/lib/basedriver/driver.js:348:39)\\n    at XCUITestDriver.executeCommand (/nix/store/fjjkigsx6fh18dhj8ns9nqfwwdqz9xwl-appium-1.21.0/node_modules/appium-xcuitest-driver/lib/driver.js:754:24)\\n    at AppiumDriver.executeCommand (/nix/store/fjjkigsx6fh18dhj8ns9nqfwwdqz9xwl-appium-1.21.0/lib/appium.js:563:36)\\n    at runMicrotasks (<anonymous>)\\n    at processTicksAndRejections (internal/process/task_queues.js:93:5)\\n    at asyncHandler (/nix/store/fjjkigsx6fh18dhj8ns9nqfwwdqz9xwl-appium-1.21.0/node_modules/appium-base-driver/lib/protocol/protocol.js:297:21)\"}}.",
      "time" : {
        "start" : 1635248033361,
        "stop" : 1635248033362,
        "duration" : 1
      },
      "status" : "passed",
      "steps" : [ ],
      "attachments" : [ {
        "uid" : "4fc1ff7aba091943",
        "name" : "Attachment: Exception Stack Trace - org.openqa.selenium.UnsupportedCommandException",
        "source" : "4fc1ff7aba091943.txt",
        "type" : "text/plain",
        "size" : 6311
      } ],
      "parameters" : [ {
        "name" : "actionCounter",
        "value" : "153"
      }, {
        "name" : "logText",
        "value" : "An Exception Occured with this Message: {\"value\":{\"error\":\"unknown method\",\"message\":\"Method is not implemented\",\"stacktrace\":\"NotImplementedError: Method is not implemented\\n    at XCUITestDriver.execute (/nix/store/fjjkigsx6fh18dhj8ns9nqfwwdqz9xwl-appium-1.21.0/node_modules/appium-xcuitest-driver/lib/commands/execute.js:37:11)\\n    at commandExecutor (/nix/store/fjjkigsx6fh18dhj8ns9nqfwwdqz9xwl-appium-1.21.0/node_modules/appium-base-driver/lib/basedriver/driver.js:335:9)\\n    at /nix/store/fjjkigsx6fh18dhj8ns9nqfwwdqz9xwl-appium-1.21.0/node_modules/async-lock/lib/index.js:146:12\\n    at AsyncLock._promiseTry (/nix/store/fjjkigsx6fh18dhj8ns9nqfwwdqz9xwl-appium-1.21.0/node_modules/async-lock/lib/index.js:280:31)\\n    at exec (/nix/store/fjjkigsx6fh18dhj8ns9nqfwwdqz9xwl-appium-1.21.0/node_modules/async-lock/lib/index.js:145:9)\\n    at AsyncLock.acquire (/nix/store/fjjkigsx6fh18dhj8ns9nqfwwdqz9xwl-appium-1.21.0/node_modules/async-lock/lib/index.js:162:3)\\n    at XCUITestDriver.executeCommand (/nix/store/fjjkigsx6fh18dhj8ns9nqfwwdqz9xwl-appium-1.21.0/node_modules/appium-base-driver/lib/basedriver/driver.js:348:39)\\n    at XCUITestDriver.executeCommand (/nix/store/fjjkigsx6fh18dhj8ns9nqfwwdqz9xwl-appium-1.21.0/node_modules/appium-xcuitest-driver/lib/driver.js:754:24)\\n    at AppiumDriver.executeCommand (/nix/store/fjjkigsx6fh18dhj8ns9nqfwwdqz9xwl-appium-1.21.0/lib/appium.js:563:36)\\n    at runMicrotasks (<anonymous>)\\n    at processTicksAndRejections (internal/process/task_queues.js:93:5)\\n    at asyncHandler (/nix/store/fjjkigsx6fh18dhj8ns9nqfwwdqz9xwl-appium-1.21.0/node_modules/appium-base-driver/lib/protocol/protocol.js:297:21)\"}}."
      }, {
        "name" : "attachments",
        "value" : "[[Exception Stack Trace, org.openqa.selenium.UnsupportedCommandException, org.openqa.selenium.UnsupportedCommandException:\r\n{\"value\":{\"error\":\"unknown method\",\"message\":\"Method is not implemented\",\"stacktrace\":\"NotImplementedError: Method is not implemented\\n    at XCUITestDriver.execute (/nix/store/fjjkigsx6fh18dhj8ns9nqfwwdqz9xwl-appium-1.21.0/node_modules/appium-xcuitest-driver/lib/commands/execute.js:37:11)\\n    at commandExecutor (/nix/store/fjjkigsx6fh18dhj8ns9nqfwwdqz9xwl-appium-1.21.0/node_modules/appium-base-driver/lib/basedriver/driver.js:335:9)\\n    at /nix/store/fjjkigsx6fh18dhj8ns9nqfwwdqz9xwl-appium-1.21.0/node_modules/async-lock/lib/index.js:146:12\\n    at AsyncLock._promiseTry (/nix/store/fjjkigsx6fh18dhj8ns9nqfwwdqz9xwl-appium-1.21.0/node_modules/async-lock/lib/index.js:280:31)\\n    at exec (/nix/store/fjjkigsx6fh18dhj8ns9nqfwwdqz9xwl-appium-1.21.0/node_modules/async-lock/lib/index.js:145:9)\\n    at AsyncLock.acquire (/nix/store/fjjkigsx6fh18dhj8ns9nqfwwdqz9xwl-appium-1.21.0/node_modules/async-lock/lib/index.js:162:3)\\n    at XCUITestDriver.executeCommand (/nix/store/fjjkigsx6fh18dhj8ns9nqfwwdqz9xwl-appium-1.21.0/node_modules/appium-base-driver/lib/basedriver/driver.js:348:39)\\n    at XCUITestDriver.executeCommand (/nix/store/fjjkigsx6fh18dhj8ns9nqfwwdqz9xwl-appium-1.21.0/node_modules/appium-xcuitest-driver/lib/driver.js:754:24)\\n    at AppiumDriver.executeCommand (/nix/store/fjjkigsx6fh18dhj8ns9nqfwwdqz9xwl-appium-1.21.0/lib/appium.js:563:36)\\n    at runMicrotasks (<anonymous>)\\n    at processTicksAndRejections (internal/process/task_queues.js:93:5)\\n    at asyncHandler (/nix/store/fjjkigsx6fh18dhj8ns9nqfwwdqz9xwl-appium-1.21.0/node_modules/appium-base-driver/lib/protocol/protocol.js:297:21)\"}}\nCommand duration or timeout: 432 milliseconds\nBuild info: version: '4.0.0', revision: '3a21814679'\nSystem info: host: 'fv-az177-140', ip: '10.1.0.233', os.name: 'Windows Server 2019', os.arch: 'amd64', os.version: '10.0', java.version: '17.0.1'\nDriver info: io.appium.java_client.ios.IOSDriver\nCommand: [b0915fc0d2f6a04c7dba4c62b540914889061062, executeScript {script=return window.stop;, args=[]}]\nCapabilities {appWaitActivity: *, automationName: xcuitest, bootstrapPath: /usr/local/.browserstack/co..., browserName: , browserstack.isTargetBased: true, bundleID: com.browserstack.Sample-iOS, bundleId: com.browserstack.Sample-iOS, databaseEnabled: false, deviceName: iphone 12 pro max, deviceOrientation: PORTRAIT, javascriptEnabled: true, keychainPassword: [REDACTED VALUE], keychainPath: [REDACTED VALUE], locationContextEnabled: false, networkConnectionEnabled: false, newCommandTimeout: 0, noReset: true, orientation: PORTRAIT, platform: MAC, platformName: iOS, realMobile: true, safariIgnoreFraudWarning: true, safariInitialUrl: http://mobile-internet-chec..., takesScreenshot: true, udid: 00008101-0016612C14C2001E, useXctestrunFile: true, waitForQuiescence: false, wdaStartupRetries: 3, webStorageEnabled: false, webkitResponseTimeout: 20000}\nSession ID: b0915fc0d2f6a04c7dba4c62b540914889061062\r\njdk.internal.reflect.GeneratedConstructorAccessor36.newInstance(Unknown Source)\r\njava.base/jdk.internal.reflect.DelegatingConstructorAccessorImpl.newInstance(DelegatingConstructorAccessorImpl.java:45)\r\njava.base/java.lang.reflect.Constructor.newInstanceWithCaller(Constructor.java:499)\r\njava.base/java.lang.reflect.Constructor.newInstance(Constructor.java:480)\r\norg.openqa.selenium.remote.ErrorHandler.createThrowable(ErrorHandler.java:217)\r\norg.openqa.selenium.remote.ErrorHandler.throwIfResponseFailed(ErrorHandler.java:169)\r\norg.openqa.selenium.remote.RemoteWebDriver.execute(RemoteWebDriver.java:594)\r\norg.openqa.selenium.remote.RemoteWebDriver.executeScript(RemoteWebDriver.java:493)\r\ncom.shaft.gui.browser.WebDriverBrowserActions.navigateToURL(WebDriverBrowserActions.java:261)\r\ncom.shaft.gui.browser.BrowserActions.navigateToURL(BrowserActions.java:107)\r\nunitTests.tests_element_elementActions.waitForElementToBePresent_false_expectedToFail(tests_element_elementActions.java:53)\r\njava.base/jdk.internal.reflect.NativeMethodAccessorImpl.invoke0(Native Method)\r\njava.base/jdk.internal.reflect.NativeMethodAccessorImpl.invoke(NativeMethodAccessorImpl.java:77)\r\njava.base/jdk.internal.reflect.DelegatingMethodAccessorImpl.invoke(DelegatingMethodAccessorImpl.java:43)\r\njava.base/java.lang.reflect.Method.invoke(Method.java:568)\r\norg.testng.internal.MethodInvocationHelper.invokeMethod(MethodInvocationHelper.java:133)\r\norg.testng.internal.TestInvoker.invokeMethod(TestInvoker.java:598)\r\norg.testng.internal.TestInvoker.invokeTestMethod(TestInvoker.java:173)\r\norg.testng.internal.MethodRunner.runInSequence(MethodRunner.java:46)\r\norg.testng.internal.TestInvoker$MethodInvocationAgent.invoke(TestInvoker.java:824)\r\norg.testng.internal.TestInvoker.invokeTestMethods(TestInvoker.java:146)\r\norg.testng.internal.TestMethodWorker.invokeTestMethods(TestMethodWorker.java:146)\r\norg.testng.internal.TestMethodWorker.run(TestMethodWorker.java:128)\r\njava.base/java.util.ArrayList.forEach(ArrayList.java:1511)\r\norg.testng.TestRunner.privateRun(TestRunner.java:794)\r\norg.testng.TestRunner.run(TestRunner.java:596)\r\norg.testng.SuiteRunner.runTest(SuiteRunner.java:377)\r\norg.testng.SuiteRunner.runSequentially(SuiteRunner.java:371)\r\norg.testng.SuiteRunner.privateRun(SuiteRunner.java:332)\r\norg.testng.SuiteRunner.run(SuiteRunner.java:276)\r\norg.testng.SuiteRunnerWorker.runSuite(SuiteRunnerWorker.java:53)\r\norg.testng.SuiteRunnerWorker.run(SuiteRunnerWorker.java:96)\r\norg.testng.TestNG.runSuitesSequentially(TestNG.java:1212)\r\norg.testng.TestNG.runSuitesLocally(TestNG.java:1134)\r\norg.testng.TestNG.runSuites(TestNG.java:1063)\r\norg.testng.TestNG.run(TestNG.java:1031)\r\norg.apache.maven.surefire.testng.TestNGExecutor.run(TestNGExecutor.java:136)\r\norg.apache.maven.surefire.testng.TestNGDirectoryTestSuite.executeMulti(TestNGDirectoryTestSuite.java:193)\r\norg.apache.maven.surefire.testng.TestNGDirectoryTestSuite.execute(TestNGDirectoryTestSuite.java:94)\r\norg.apache.maven.surefire.testng.TestNGProvider.invoke(TestNGProvider.java:145)\r\norg.apache.maven.surefire.booter.ForkedBooter.runSuitesInProcess(ForkedBooter.java:428)\r\norg.apache.maven.surefire.booter.ForkedBooter.execute(ForkedBooter.java:162)\r\norg.apache.maven.surefire.booter.ForkedBooter.run(ForkedBooter.java:562)\r\norg.apache.maven.surefire.booter.ForkedBooter.main(ForkedBooter.java:548)\r\n]]"
      } ],
      "attachmentsCount" : 1,
      "shouldDisplayMessage" : false,
      "stepsCount" : 0,
      "hasContent" : true
    }, {
      "name" : "Browser Action [NavigateToURL] failed. With the following test data [https://www.google.com/ncr].",
      "time" : {
        "start" : 1635248034455,
        "stop" : 1635248034456,
        "duration" : 1
      },
      "status" : "passed",
      "steps" : [ ],
      "attachments" : [ ],
      "parameters" : [ {
        "name" : "actionCounter",
        "value" : "155"
      }, {
        "name" : "logText",
        "value" : "Browser Action [NavigateToURL] failed. With the following test data [https://www.google.com/ncr]."
      }, {
        "name" : "attachments",
        "value" : "[null]"
      } ],
      "attachmentsCount" : 0,
      "shouldDisplayMessage" : false,
      "stepsCount" : 0,
      "hasContent" : true
    } ],
    "attachments" : [ {
      "uid" : "27e999ec095b296f",
      "name" : "Attachment: SHAFT Engine Logs - Current Method log: waitForElementToBePresent_false_expectedToFail",
      "source" : "27e999ec095b296f.txt",
      "type" : "text/plain",
      "size" : 2592
    } ],
    "parameters" : [ ],
    "attachmentsCount" : 2,
    "shouldDisplayMessage" : true,
    "stepsCount" : 2,
    "hasContent" : true
  },
  "afterStages" : [ {
    "name" : "afterMethod",
    "time" : {
      "start" : 1635248034459,
      "stop" : 1635248035872,
      "duration" : 1413
    },
    "description" : "",
    "status" : "passed",
    "steps" : [ {
      "name" : "Browser Action [CloseCurrentWindow] successfully performed.",
      "time" : {
        "start" : 1635248035871,
        "stop" : 1635248035871,
        "duration" : 0
      },
      "status" : "passed",
      "steps" : [ ],
      "attachments" : [ {
        "uid" : "78d34781e4f7b293",
        "name" : "Attachment: Browser Action Test Data - CloseCurrentWindow - Actual Value",
        "source" : "78d34781e4f7b293.xml",
        "type" : "application/xml",
        "size" : 4529
      } ],
      "parameters" : [ {
        "name" : "actionCounter",
        "value" : "156"
      }, {
        "name" : "logText",
        "value" : "Browser Action [CloseCurrentWindow] successfully performed."
      }, {
        "name" : "attachments",
        "value" : "[[Browser Action Test Data - CloseCurrentWindow, Actual Value, <?xml version=\"1.0\" encoding=\"UTF-8\"?><AppiumAUT><XCUIElementTypeApplication type=\"XCUIElementTypeApplication\" name=\"Sample iOS\" label=\"Sample iOS\" enabled=\"true\" visible=\"true\" accessible=\"false\" x=\"0\" y=\"0\" width=\"375\" height=\"812\" index=\"0\">\n  <XCUIElementTypeWindow type=\"XCUIElementTypeWindow\" enabled=\"true\" visible=\"true\" accessible=\"false\" x=\"0\" y=\"0\" width=\"375\" height=\"812\" index=\"0\">\n    <XCUIElementTypeOther type=\"XCUIElementTypeOther\" enabled=\"true\" visible=\"true\" accessible=\"false\" x=\"0\" y=\"0\" width=\"375\" height=\"812\" index=\"0\">\n      <XCUIElementTypeOther type=\"XCUIElementTypeOther\" enabled=\"true\" visible=\"true\" accessible=\"false\" x=\"0\" y=\"0\" width=\"375\" height=\"812\" index=\"0\">\n        <XCUIElementTypeOther type=\"XCUIElementTypeOther\" enabled=\"true\" visible=\"true\" accessible=\"false\" x=\"0\" y=\"0\" width=\"375\" height=\"812\" index=\"0\">\n          <XCUIElementTypeOther type=\"XCUIElementTypeOther\" enabled=\"true\" visible=\"true\" accessible=\"false\" x=\"0\" y=\"0\" width=\"375\" height=\"812\" index=\"0\">\n            <XCUIElementTypeNavigationBar type=\"XCUIElementTypeNavigationBar\" name=\"UI Elements\" enabled=\"true\" visible=\"true\" accessible=\"false\" x=\"0\" y=\"44\" width=\"375\" height=\"44\" index=\"0\">\n              <XCUIElementTypeStaticText type=\"XCUIElementTypeStaticText\" value=\"UI Elements\" name=\"UI Elements\" label=\"UI Elements\" enabled=\"true\" visible=\"true\" accessible=\"true\" x=\"140\" y=\"55\" width=\"95\" height=\"21\" index=\"0\"/>\n            </XCUIElementTypeNavigationBar>\n            <XCUIElementTypeOther type=\"XCUIElementTypeOther\" enabled=\"true\" visible=\"true\" accessible=\"false\" x=\"0\" y=\"0\" width=\"375\" height=\"812\" index=\"1\">\n              <XCUIElementTypeOther type=\"XCUIElementTypeOther\" enabled=\"true\" visible=\"true\" accessible=\"false\" x=\"0\" y=\"0\" width=\"375\" height=\"812\" index=\"0\">\n                <XCUIElementTypeOther type=\"XCUIElementTypeOther\" enabled=\"true\" visible=\"true\" accessible=\"false\" x=\"0\" y=\"0\" width=\"375\" height=\"812\" index=\"0\">\n                  <XCUIElementTypeButton type=\"XCUIElementTypeButton\" name=\"Text Button\" label=\"Text\" enabled=\"true\" visible=\"true\" accessible=\"true\" x=\"0\" y=\"97\" width=\"375\" height=\"60\" index=\"0\">\n                    <XCUIElementTypeStaticText type=\"XCUIElementTypeStaticText\" value=\"Text\" name=\"Text\" label=\"Text\" enabled=\"true\" visible=\"true\" accessible=\"false\" x=\"181\" y=\"118\" width=\"29\" height=\"18\" index=\"0\"/>\n                  </XCUIElementTypeButton>\n                  <XCUIElementTypeButton type=\"XCUIElementTypeButton\" name=\"Alert Button\" label=\"Alert\" enabled=\"true\" visible=\"true\" accessible=\"true\" x=\"0\" y=\"165\" width=\"375\" height=\"60\" index=\"1\">\n                    <XCUIElementTypeStaticText type=\"XCUIElementTypeStaticText\" value=\"Alert\" name=\"Alert\" label=\"Alert\" enabled=\"true\" visible=\"true\" accessible=\"false\" x=\"179\" y=\"186\" width=\"33\" height=\"18\" index=\"0\"/>\n                  </XCUIElementTypeButton>\n                </XCUIElementTypeOther>\n              </XCUIElementTypeOther>\n            </XCUIElementTypeOther>\n          </XCUIElementTypeOther>\n        </XCUIElementTypeOther>\n      </XCUIElementTypeOther>\n      <XCUIElementTypeTabBar type=\"XCUIElementTypeTabBar\" name=\"Tab Bar\" label=\"Tab Bar\" enabled=\"true\" visible=\"true\" accessible=\"false\" x=\"0\" y=\"729\" width=\"375\" height=\"83\" index=\"1\">\n        <XCUIElementTypeButton type=\"XCUIElementTypeButton\" value=\"1\" name=\"UI Elements\" label=\"UI Elements\" enabled=\"true\" visible=\"true\" accessible=\"true\" x=\"2\" y=\"730\" width=\"121\" height=\"48\" index=\"0\"/>\n        <XCUIElementTypeButton type=\"XCUIElementTypeButton\" name=\"Web View\" label=\"Web View\" enabled=\"true\" visible=\"true\" accessible=\"true\" x=\"127\" y=\"730\" width=\"121\" height=\"48\" index=\"1\"/>\n        <XCUIElementTypeButton type=\"XCUIElementTypeButton\" name=\"Local Testing\" label=\"Local Testing\" enabled=\"true\" visible=\"true\" accessible=\"true\" x=\"252\" y=\"730\" width=\"121\" height=\"48\" index=\"2\"/>\n      </XCUIElementTypeTabBar>\n    </XCUIElementTypeOther>\n  </XCUIElementTypeWindow>\n  <XCUIElementTypeWindow type=\"XCUIElementTypeWindow\" enabled=\"true\" visible=\"false\" accessible=\"false\" x=\"0\" y=\"0\" width=\"375\" height=\"812\" index=\"1\">\n    <XCUIElementTypeOther type=\"XCUIElementTypeOther\" enabled=\"true\" visible=\"false\" accessible=\"false\" x=\"0\" y=\"0\" width=\"375\" height=\"812\" index=\"0\">\n      <XCUIElementTypeOther type=\"XCUIElementTypeOther\" enabled=\"true\" visible=\"false\" accessible=\"false\" x=\"0\" y=\"0\" width=\"375\" height=\"812\" index=\"0\"/>\n    </XCUIElementTypeOther>\n  </XCUIElementTypeWindow>\n</XCUIElementTypeApplication></AppiumAUT>]]"
      } ],
      "attachmentsCount" : 1,
      "shouldDisplayMessage" : false,
      "stepsCount" : 0,
      "hasContent" : true
    } ],
    "attachments" : [ {
      "uid" : "4af975820d28b77b",
      "name" : "Attachment: SHAFT Engine Logs - Current Method log: afterMethod",
      "source" : "4af975820d28b77b.txt",
      "type" : "text/plain",
      "size" : 245
    } ],
    "parameters" : [ ],
    "attachmentsCount" : 2,
    "shouldDisplayMessage" : false,
    "stepsCount" : 1,
    "hasContent" : true
  }, {
    "name" : "closureActivities",
    "time" : {
      "start" : 1635248293681,
      "stop" : 1635248304279,
      "duration" : 10598
    },
    "description" : "",
    "status" : "passed",
    "steps" : [ {
      "name" : "Successfully Closed All Drivers.",
      "time" : {
        "start" : 1635248303737,
        "stop" : 1635248303737,
        "duration" : 0
      },
      "status" : "passed",
      "steps" : [ ],
      "attachments" : [ ],
      "parameters" : [ {
        "name" : "actionCounter",
        "value" : "203"
      }, {
        "name" : "logText",
        "value" : "Successfully Closed All Drivers."
      } ],
      "attachmentsCount" : 0,
      "shouldDisplayMessage" : false,
      "stepsCount" : 0,
      "hasContent" : true
    }, {
      "name" : "Issue Summary: Total Issues = 25, New issues for Failed Tests = 23, Open issues for Passed Tests = 2, Open issues for Failed Tests = 0. Kindly check the attached Issue details.",
      "time" : {
        "start" : 1635248303758,
        "stop" : 1635248303759,
        "duration" : 1
      },
      "status" : "passed",
      "steps" : [ ],
      "attachments" : [ {
        "uid" : "a4c46a54142f9a6b",
        "name" : "Attachment: SHAFT Engine Logs - Issues log CSV: 20211026-113823",
        "source" : "a4c46a54142f9a6b.csv",
        "type" : "text/csv",
        "size" : 3486
      } ],
      "parameters" : [ {
        "name" : "actionCounter",
        "value" : "204"
      }, {
        "name" : "logText",
        "value" : "Issue Summary: Total Issues = 25, New issues for Failed Tests = 23, Open issues for Passed Tests = 2, Open issues for Failed Tests = 0. Kindly check the attached Issue details."
      }, {
        "name" : "attachments",
        "value" : "[[SHAFT Engine Logs, Issues log CSV: 20211026-113823, java.io.ByteArrayInputStream@4e9e4145]]"
      } ],
      "attachmentsCount" : 1,
      "shouldDisplayMessage" : false,
      "stepsCount" : 0,
      "hasContent" : true
    } ],
    "attachments" : [ {
      "uid" : "eb791aedff977e44",
      "name" : "Attachment: SHAFT Engine Logs - Execution log: 20211026-113823",
      "source" : "eb791aedff977e44.txt",
      "type" : "text/plain",
      "size" : 171991
    }, {
      "uid" : "2bafc3241c6b7a64",
      "name" : "Attachment: HTML - Extent Emailable Execution Report",
      "source" : "2bafc3241c6b7a64.html",
      "type" : "text/html",
      "size" : 2205152
    } ],
    "parameters" : [ ],
    "attachmentsCount" : 3,
    "shouldDisplayMessage" : false,
    "stepsCount" : 2,
    "hasContent" : true
  } ],
  "labels" : [ {
    "name" : "package",
    "value" : "unitTests.tests_element_elementActions"
  }, {
    "name" : "testClass",
    "value" : "unitTests.tests_element_elementActions"
  }, {
    "name" : "testMethod",
    "value" : "waitForElementToBePresent_false_expectedToFail"
  }, {
    "name" : "parentSuite",
    "value" : "SHAFT: Custom Suite"
  }, {
    "name" : "suite",
    "value" : "SHAFT: Custom Test"
  }, {
    "name" : "subSuite",
    "value" : "unitTests.tests_element_elementActions"
  }, {
    "name" : "host",
    "value" : "fv-az177-140"
  }, {
    "name" : "thread",
    "value" : "532@fv-az177-140.main(1)"
  }, {
    "name" : "framework",
    "value" : "testng"
  }, {
    "name" : "language",
    "value" : "java"
  }, {
    "name" : "resultFormat",
    "value" : "allure2"
  } ],
  "parameters" : [ ],
  "links" : [ ],
  "hidden" : false,
  "retry" : false,
  "extra" : {
    "severity" : "normal",
    "retries" : [ ],
    "categories" : [ {
      "name" : "Product defects",
      "matchedStatuses" : [ ],
      "flaky" : false
    } ],
    "history" : {
      "statistic" : {
        "failed" : 1,
        "broken" : 0,
        "skipped" : 0,
        "passed" : 19,
        "unknown" : 0,
        "total" : 20
      },
      "items" : [ {
        "uid" : "8ccabad394f18ca5",
        "reportUrl" : "https://MohabMohie.github.io/SHAFT_ENGINE/allure/Windows/Web/822//#testresult/8ccabad394f18ca5",
        "status" : "passed",
        "time" : {
          "start" : 1635022469970,
          "stop" : 1635022471083,
          "duration" : 1113
        }
      }, {
        "uid" : "fbb69fa180a56306",
        "reportUrl" : "https://MohabMohie.github.io/SHAFT_ENGINE/allure/Windows/Web/801//#testresult/fbb69fa180a56306",
        "status" : "passed",
        "time" : {
          "start" : 1634004399488,
          "stop" : 1634004400764,
          "duration" : 1276
        }
      }, {
        "uid" : "a6496775f4ea3ece",
        "reportUrl" : "https://MohabMohie.github.io/SHAFT_ENGINE/allure/Windows/Web/794//#testresult/a6496775f4ea3ece",
        "status" : "passed",
        "time" : {
          "start" : 1633831103358,
          "stop" : 1633831104750,
          "duration" : 1392
        }
      }, {
        "uid" : "6fd5720bba84ee95",
        "reportUrl" : "https://MohabMohie.github.io/SHAFT_ENGINE/allure/Windows/Web/785//#testresult/6fd5720bba84ee95",
        "status" : "passed",
        "time" : {
          "start" : 1633524364141,
          "stop" : 1633524365643,
          "duration" : 1502
        }
      }, {
        "uid" : "7cdc56fbe2a134c5",
        "reportUrl" : "https://MohabMohie.github.io/SHAFT_ENGINE/allure/Windows/Web/783//#testresult/7cdc56fbe2a134c5",
        "status" : "passed",
        "time" : {
          "start" : 1633485777583,
          "stop" : 1633485778919,
          "duration" : 1336
        }
      }, {
        "uid" : "d5e559015e39c0a9",
        "reportUrl" : "https://MohabMohie.github.io/SHAFT_ENGINE/allure/Windows/Web/779//#testresult/d5e559015e39c0a9",
        "status" : "passed",
        "time" : {
          "start" : 1633226436099,
          "stop" : 1633226437583,
          "duration" : 1484
        }
      }, {
        "uid" : "721812099000104e",
        "reportUrl" : "https://MohabMohie.github.io/SHAFT_ENGINE/allure/Windows/Web/776//#testresult/721812099000104e",
        "status" : "passed",
        "time" : {
          "start" : 1633053847083,
          "stop" : 1633053848516,
          "duration" : 1433
        }
      }, {
        "uid" : "312ccd6ae8812d5a",
        "reportUrl" : "https://MohabMohie.github.io/SHAFT_ENGINE/allure/Windows/Web/775//#testresult/312ccd6ae8812d5a",
        "status" : "passed",
        "time" : {
          "start" : 1633038570023,
          "stop" : 1633038571332,
          "duration" : 1309
        }
      }, {
        "uid" : "727f0e6627c5be36",
        "reportUrl" : "https://MohabMohie.github.io/SHAFT_ENGINE/allure/Windows/Web/774//#testresult/727f0e6627c5be36",
        "status" : "passed",
        "time" : {
          "start" : 1633037708385,
          "stop" : 1633037709732,
          "duration" : 1347
        }
      }, {
        "uid" : "ad8cc45b8c1274a5",
        "reportUrl" : "https://MohabMohie.github.io/SHAFT_ENGINE/allure/Windows/Web/760//#testresult/ad8cc45b8c1274a5",
        "status" : "passed",
        "time" : {
          "start" : 1632534899962,
          "stop" : 1632534901252,
          "duration" : 1290
        }
      }, {
        "uid" : "e96bec4d82b249c5",
        "reportUrl" : "https://MohabMohie.github.io/SHAFT_ENGINE/allure/Windows/Web/759//#testresult/e96bec4d82b249c5",
        "status" : "passed",
        "time" : {
          "start" : 1632448644245,
          "stop" : 1632448645883,
          "duration" : 1638
        }
      }, {
        "uid" : "20c3274a08d32d6b",
        "reportUrl" : "https://MohabMohie.github.io/SHAFT_ENGINE/allure/Windows/Web/756//#testresult/20c3274a08d32d6b",
        "status" : "passed",
        "time" : {
          "start" : 1632387178027,
          "stop" : 1632387179470,
          "duration" : 1443
        }
      }, {
        "uid" : "ebffbd6925512d15",
        "reportUrl" : "https://MohabMohie.github.io/SHAFT_ENGINE/allure/Windows/Web/753//#testresult/ebffbd6925512d15",
        "status" : "passed",
        "time" : {
          "start" : 1632320722929,
          "stop" : 1632320724592,
          "duration" : 1663
        }
      }, {
        "uid" : "a3ae2c893b4ace45",
        "reportUrl" : "https://MohabMohie.github.io/SHAFT_ENGINE/allure/Windows/Web/750//#testresult/a3ae2c893b4ace45",
        "status" : "passed",
        "time" : {
          "start" : 1632275924166,
          "stop" : 1632275925676,
          "duration" : 1510
        }
      }, {
        "uid" : "9e66b175df62e005",
        "reportUrl" : "https://MohabMohie.github.io/SHAFT_ENGINE/allure/Windows/Web/748//#testresult/9e66b175df62e005",
        "status" : "passed",
        "time" : {
          "start" : 1632155153342,
          "stop" : 1632155154632,
          "duration" : 1290
        }
      }, {
        "uid" : "7ca5d98dd4aaf7cf",
        "reportUrl" : "https://MohabMohie.github.io/SHAFT_ENGINE/allure/Windows/Web/738//#testresult/7ca5d98dd4aaf7cf",
        "status" : "passed",
        "time" : {
          "start" : 1632103109400,
          "stop" : 1632103110757,
          "duration" : 1357
        }
      }, {
        "uid" : "832cc137c21d0d48",
        "reportUrl" : "https://MohabMohie.github.io/SHAFT_ENGINE/allure/Windows/Web/737//#testresult/832cc137c21d0d48",
        "status" : "passed",
        "time" : {
          "start" : 1632016661382,
          "stop" : 1632016662762,
          "duration" : 1380
        }
      }, {
        "uid" : "c360df32aff710c",
        "reportUrl" : "https://MohabMohie.github.io/SHAFT_ENGINE/allure/Windows/Web/736//#testresult/c360df32aff710c",
        "status" : "passed",
        "time" : {
          "start" : 1631930280612,
          "stop" : 1631930282048,
          "duration" : 1436
        }
      }, {
        "uid" : "8462898c5f2b91a5",
        "reportUrl" : "https://MohabMohie.github.io/SHAFT_ENGINE/allure/Windows/Web/734//#testresult/8462898c5f2b91a5",
        "status" : "passed",
        "time" : {
          "start" : 1631821188650,
          "stop" : 1631821190089,
          "duration" : 1439
        }
      } ]
    },
    "tags" : [ ]
  },
  "source" : "97966de88c5cca1d.json",
  "parameterValues" : [ ]
}