{
  "uid" : "aba9fc3a35853c12",
  "name" : "assertElementAttribute_true_literalComparison_expectedToFail",
  "fullName" : "unitTests.tests_validations_assertions.assertElementAttribute_true_literalComparison_expectedToFail",
  "historyId" : "8a857219522d374b9811362ab4602182",
  "time" : {
    "start" : 1635248293547,
    "stop" : 1635248293548,
    "duration" : 1
  },
  "status" : "skipped",
  "statusMessage" : "Browser Action [NavigateToURL] failed. With the following test data [https://www.google.com/ncr].",
  "statusTrace" : "java.lang.AssertionError: Browser Action [NavigateToURL] failed. With the following test data [https://www.google.com/ncr].\r\n\tat org.testng.Assert.fail(Assert.java:87)\r\n\tat com.shaft.gui.browser.WebDriverBrowserActions.failAction(WebDriverBrowserActions.java:611)\r\n\tat com.shaft.gui.browser.WebDriverBrowserActions.failAction(WebDriverBrowserActions.java:604)\r\n\tat com.shaft.gui.browser.WebDriverBrowserActions.navigateToURL(WebDriverBrowserActions.java:305)\r\n\tat com.shaft.gui.browser.BrowserActions.navigateToURL(BrowserActions.java:107)\r\n\tat unitTests.tests_validations_assertions.beforeMethod(tests_validations_assertions.java:407)\r\n\tat java.base/jdk.internal.reflect.NativeMethodAccessorImpl.invoke0(Native Method)\r\n\tat java.base/jdk.internal.reflect.NativeMethodAccessorImpl.invoke(NativeMethodAccessorImpl.java:77)\r\n\tat java.base/jdk.internal.reflect.DelegatingMethodAccessorImpl.invoke(DelegatingMethodAccessorImpl.java:43)\r\n\tat java.base/java.lang.reflect.Method.invoke(Method.java:568)\r\n\tat org.testng.internal.MethodInvocationHelper.invokeMethod(MethodInvocationHelper.java:133)\r\n\tat org.testng.internal.MethodInvocationHelper.invokeMethodConsideringTimeout(MethodInvocationHelper.java:62)\r\n\tat org.testng.internal.ConfigInvoker.invokeConfigurationMethod(ConfigInvoker.java:385)\r\n\tat org.testng.internal.ConfigInvoker.invokeConfigurations(ConfigInvoker.java:321)\r\n\tat org.testng.internal.TestInvoker.runConfigMethods(TestInvoker.java:700)\r\n\tat org.testng.internal.TestInvoker.invokeMethod(TestInvoker.java:527)\r\n\tat org.testng.internal.TestInvoker.invokeTestMethod(TestInvoker.java:173)\r\n\tat org.testng.internal.MethodRunner.runInSequence(MethodRunner.java:46)\r\n\tat org.testng.internal.TestInvoker$MethodInvocationAgent.invoke(TestInvoker.java:824)\r\n\tat org.testng.internal.TestInvoker.invokeTestMethods(TestInvoker.java:146)\r\n\tat org.testng.internal.TestMethodWorker.invokeTestMethods(TestMethodWorker.java:146)\r\n\tat org.testng.internal.TestMethodWorker.run(TestMethodWorker.java:128)\r\n\tat java.base/java.util.ArrayList.forEach(ArrayList.java:1511)\r\n\tat org.testng.TestRunner.privateRun(TestRunner.java:794)\r\n\tat org.testng.TestRunner.run(TestRunner.java:596)\r\n\tat org.testng.SuiteRunner.runTest(SuiteRunner.java:377)\r\n\tat org.testng.SuiteRunner.runSequentially(SuiteRunner.java:371)\r\n\tat org.testng.SuiteRunner.privateRun(SuiteRunner.java:332)\r\n\tat org.testng.SuiteRunner.run(SuiteRunner.java:276)\r\n\tat org.testng.SuiteRunnerWorker.runSuite(SuiteRunnerWorker.java:53)\r\n\tat org.testng.SuiteRunnerWorker.run(SuiteRunnerWorker.java:96)\r\n\tat org.testng.TestNG.runSuitesSequentially(TestNG.java:1212)\r\n\tat org.testng.TestNG.runSuitesLocally(TestNG.java:1134)\r\n\tat org.testng.TestNG.runSuites(TestNG.java:1063)\r\n\tat org.testng.TestNG.run(TestNG.java:1031)\r\n\tat org.apache.maven.surefire.testng.TestNGExecutor.run(TestNGExecutor.java:136)\r\n\tat org.apache.maven.surefire.testng.TestNGDirectoryTestSuite.executeMulti(TestNGDirectoryTestSuite.java:193)\r\n\tat org.apache.maven.surefire.testng.TestNGDirectoryTestSuite.execute(TestNGDirectoryTestSuite.java:94)\r\n\tat org.apache.maven.surefire.testng.TestNGProvider.invoke(TestNGProvider.java:145)\r\n\tat org.apache.maven.surefire.booter.ForkedBooter.runSuitesInProcess(ForkedBooter.java:428)\r\n\tat org.apache.maven.surefire.booter.ForkedBooter.execute(ForkedBooter.java:162)\r\n\tat org.apache.maven.surefire.booter.ForkedBooter.run(ForkedBooter.java:562)\r\n\tat org.apache.maven.surefire.booter.ForkedBooter.main(ForkedBooter.java:548)\r\nCaused by: org.openqa.selenium.UnsupportedCommandException: {\"value\":{\"error\":\"unknown method\",\"message\":\"Method is not implemented\",\"stacktrace\":\"NotImplementedError: Method is not implemented\\n    at XCUITestDriver.getUrl (/nix/store/fjjkigsx6fh18dhj8ns9nqfwwdqz9xwl-appium-1.21.0/node_modules/appium-xcuitest-driver/lib/commands/web.js:90:11)\\n    at commandExecutor (/nix/store/fjjkigsx6fh18dhj8ns9nqfwwdqz9xwl-appium-1.21.0/node_modules/appium-base-driver/lib/basedriver/driver.js:335:9)\\n    at /nix/store/fjjkigsx6fh18dhj8ns9nqfwwdqz9xwl-appium-1.21.0/node_modules/async-lock/lib/index.js:146:12\\n    at AsyncLock._promiseTry (/nix/store/fjjkigsx6fh18dhj8ns9nqfwwdqz9xwl-appium-1.21.0/node_modules/async-lock/lib/index.js:280:31)\\n    at exec (/nix/store/fjjkigsx6fh18dhj8ns9nqfwwdqz9xwl-appium-1.21.0/node_modules/async-lock/lib/index.js:145:9)\\n    at AsyncLock.acquire (/nix/store/fjjkigsx6fh18dhj8ns9nqfwwdqz9xwl-appium-1.21.0/node_modules/async-lock/lib/index.js:162:3)\\n    at XCUITestDriver.executeCommand (/nix/store/fjjkigsx6fh18dhj8ns9nqfwwdqz9xwl-appium-1.21.0/node_modules/appium-base-driver/lib/basedriver/driver.js:348:39)\\n    at XCUITestDriver.executeCommand (/nix/store/fjjkigsx6fh18dhj8ns9nqfwwdqz9xwl-appium-1.21.0/node_modules/appium-xcuitest-driver/lib/driver.js:754:24)\\n    at AppiumDriver.executeCommand (/nix/store/fjjkigsx6fh18dhj8ns9nqfwwdqz9xwl-appium-1.21.0/lib/appium.js:563:36)\\n    at runMicrotasks (<anonymous>)\\n    at processTicksAndRejections (internal/process/task_queues.js:93:5)\\n    at asyncHandler (/nix/store/fjjkigsx6fh18dhj8ns9nqfwwdqz9xwl-appium-1.21.0/node_modules/appium-base-driver/lib/protocol/protocol.js:297:21)\"}}\nCommand duration or timeout: 329 milliseconds\nBuild info: version: '4.0.0', revision: '3a21814679'\nSystem info: host: 'fv-az177-140', ip: '10.1.0.233', os.name: 'Windows Server 2019', os.arch: 'amd64', os.version: '10.0', java.version: '17.0.1'\nDriver info: io.appium.java_client.ios.IOSDriver\nCommand: [a84483a1fbe323358ed6a9de2182db91d0d720fe, getCurrentUrl {}]\nCapabilities {appWaitActivity: *, automationName: xcuitest, bootstrapPath: /usr/local/.browserstack/co..., browserName: , browserstack.isTargetBased: true, bundleID: com.browserstack.Sample-iOS, bundleId: com.browserstack.Sample-iOS, databaseEnabled: false, deviceName: iphone 12 pro max, deviceOrientation: PORTRAIT, javascriptEnabled: true, keychainPassword: [REDACTED VALUE], keychainPath: [REDACTED VALUE], locationContextEnabled: false, networkConnectionEnabled: false, newCommandTimeout: 0, noReset: true, orientation: PORTRAIT, platform: MAC, platformName: iOS, realMobile: true, safariIgnoreFraudWarning: true, safariInitialUrl: http://mobile-internet-chec..., takesScreenshot: true, udid: 00008101-0006783922A2001E, useXctestrunFile: true, waitForQuiescence: false, wdaStartupRetries: 3, webStorageEnabled: false, webkitResponseTimeout: 20000}\nSession ID: a84483a1fbe323358ed6a9de2182db91d0d720fe\r\n\tat jdk.internal.reflect.GeneratedConstructorAccessor36.newInstance(Unknown Source)\r\n\tat java.base/jdk.internal.reflect.DelegatingConstructorAccessorImpl.newInstance(DelegatingConstructorAccessorImpl.java:45)\r\n\tat java.base/java.lang.reflect.Constructor.newInstanceWithCaller(Constructor.java:499)\r\n\tat java.base/java.lang.reflect.Constructor.newInstance(Constructor.java:480)\r\n\tat org.openqa.selenium.remote.ErrorHandler.createThrowable(ErrorHandler.java:217)\r\n\tat org.openqa.selenium.remote.ErrorHandler.throwIfResponseFailed(ErrorHandler.java:169)\r\n\tat org.openqa.selenium.remote.RemoteWebDriver.execute(RemoteWebDriver.java:594)\r\n\tat org.openqa.selenium.remote.RemoteWebDriver.execute(RemoteWebDriver.java:614)\r\n\tat io.appium.java_client.DefaultGenericMobileDriver.execute(DefaultGenericMobileDriver.java:44)\r\n\tat io.appium.java_client.AppiumDriver.execute(AppiumDriver.java:1)\r\n\tat io.appium.java_client.ios.IOSDriver.execute(IOSDriver.java:1)\r\n\tat org.openqa.selenium.remote.RemoteWebDriver.getCurrentUrl(RemoteWebDriver.java:340)\r\n\tat com.shaft.gui.browser.WebDriverBrowserActions.navigateToURL(WebDriverBrowserActions.java:277)\r\n\t... 39 more\r\n",
  "flaky" : false,
  "newFailed" : false,
  "beforeStages" : [ {
    "name" : "beforeMethod",
    "time" : {
      "start" : 1635248293545,
      "stop" : 1635248293545,
      "duration" : 0
    },
    "description" : "",
    "status" : "broken",
    "steps" : [ ],
    "attachments" : [ ],
    "parameters" : [ ],
    "attachmentsCount" : 0,
    "shouldDisplayMessage" : false,
    "stepsCount" : 0,
    "hasContent" : false
  } ],
  "testStage" : {
    "status" : "skipped",
    "statusMessage" : "Browser Action [NavigateToURL] failed. With the following test data [https://www.google.com/ncr].",
    "statusTrace" : "java.lang.AssertionError: Browser Action [NavigateToURL] failed. With the following test data [https://www.google.com/ncr].\r\n\tat org.testng.Assert.fail(Assert.java:87)\r\n\tat com.shaft.gui.browser.WebDriverBrowserActions.failAction(WebDriverBrowserActions.java:611)\r\n\tat com.shaft.gui.browser.WebDriverBrowserActions.failAction(WebDriverBrowserActions.java:604)\r\n\tat com.shaft.gui.browser.WebDriverBrowserActions.navigateToURL(WebDriverBrowserActions.java:305)\r\n\tat com.shaft.gui.browser.BrowserActions.navigateToURL(BrowserActions.java:107)\r\n\tat unitTests.tests_validations_assertions.beforeMethod(tests_validations_assertions.java:407)\r\n\tat java.base/jdk.internal.reflect.NativeMethodAccessorImpl.invoke0(Native Method)\r\n\tat java.base/jdk.internal.reflect.NativeMethodAccessorImpl.invoke(NativeMethodAccessorImpl.java:77)\r\n\tat java.base/jdk.internal.reflect.DelegatingMethodAccessorImpl.invoke(DelegatingMethodAccessorImpl.java:43)\r\n\tat java.base/java.lang.reflect.Method.invoke(Method.java:568)\r\n\tat org.testng.internal.MethodInvocationHelper.invokeMethod(MethodInvocationHelper.java:133)\r\n\tat org.testng.internal.MethodInvocationHelper.invokeMethodConsideringTimeout(MethodInvocationHelper.java:62)\r\n\tat org.testng.internal.ConfigInvoker.invokeConfigurationMethod(ConfigInvoker.java:385)\r\n\tat org.testng.internal.ConfigInvoker.invokeConfigurations(ConfigInvoker.java:321)\r\n\tat org.testng.internal.TestInvoker.runConfigMethods(TestInvoker.java:700)\r\n\tat org.testng.internal.TestInvoker.invokeMethod(TestInvoker.java:527)\r\n\tat org.testng.internal.TestInvoker.invokeTestMethod(TestInvoker.java:173)\r\n\tat org.testng.internal.MethodRunner.runInSequence(MethodRunner.java:46)\r\n\tat org.testng.internal.TestInvoker$MethodInvocationAgent.invoke(TestInvoker.java:824)\r\n\tat org.testng.internal.TestInvoker.invokeTestMethods(TestInvoker.java:146)\r\n\tat org.testng.internal.TestMethodWorker.invokeTestMethods(TestMethodWorker.java:146)\r\n\tat org.testng.internal.TestMethodWorker.run(TestMethodWorker.java:128)\r\n\tat java.base/java.util.ArrayList.forEach(ArrayList.java:1511)\r\n\tat org.testng.TestRunner.privateRun(TestRunner.java:794)\r\n\tat org.testng.TestRunner.run(TestRunner.java:596)\r\n\tat org.testng.SuiteRunner.runTest(SuiteRunner.java:377)\r\n\tat org.testng.SuiteRunner.runSequentially(SuiteRunner.java:371)\r\n\tat org.testng.SuiteRunner.privateRun(SuiteRunner.java:332)\r\n\tat org.testng.SuiteRunner.run(SuiteRunner.java:276)\r\n\tat org.testng.SuiteRunnerWorker.runSuite(SuiteRunnerWorker.java:53)\r\n\tat org.testng.SuiteRunnerWorker.run(SuiteRunnerWorker.java:96)\r\n\tat org.testng.TestNG.runSuitesSequentially(TestNG.java:1212)\r\n\tat org.testng.TestNG.runSuitesLocally(TestNG.java:1134)\r\n\tat org.testng.TestNG.runSuites(TestNG.java:1063)\r\n\tat org.testng.TestNG.run(TestNG.java:1031)\r\n\tat org.apache.maven.surefire.testng.TestNGExecutor.run(TestNGExecutor.java:136)\r\n\tat org.apache.maven.surefire.testng.TestNGDirectoryTestSuite.executeMulti(TestNGDirectoryTestSuite.java:193)\r\n\tat org.apache.maven.surefire.testng.TestNGDirectoryTestSuite.execute(TestNGDirectoryTestSuite.java:94)\r\n\tat org.apache.maven.surefire.testng.TestNGProvider.invoke(TestNGProvider.java:145)\r\n\tat org.apache.maven.surefire.booter.ForkedBooter.runSuitesInProcess(ForkedBooter.java:428)\r\n\tat org.apache.maven.surefire.booter.ForkedBooter.execute(ForkedBooter.java:162)\r\n\tat org.apache.maven.surefire.booter.ForkedBooter.run(ForkedBooter.java:562)\r\n\tat org.apache.maven.surefire.booter.ForkedBooter.main(ForkedBooter.java:548)\r\nCaused by: org.openqa.selenium.UnsupportedCommandException: {\"value\":{\"error\":\"unknown method\",\"message\":\"Method is not implemented\",\"stacktrace\":\"NotImplementedError: Method is not implemented\\n    at XCUITestDriver.getUrl (/nix/store/fjjkigsx6fh18dhj8ns9nqfwwdqz9xwl-appium-1.21.0/node_modules/appium-xcuitest-driver/lib/commands/web.js:90:11)\\n    at commandExecutor (/nix/store/fjjkigsx6fh18dhj8ns9nqfwwdqz9xwl-appium-1.21.0/node_modules/appium-base-driver/lib/basedriver/driver.js:335:9)\\n    at /nix/store/fjjkigsx6fh18dhj8ns9nqfwwdqz9xwl-appium-1.21.0/node_modules/async-lock/lib/index.js:146:12\\n    at AsyncLock._promiseTry (/nix/store/fjjkigsx6fh18dhj8ns9nqfwwdqz9xwl-appium-1.21.0/node_modules/async-lock/lib/index.js:280:31)\\n    at exec (/nix/store/fjjkigsx6fh18dhj8ns9nqfwwdqz9xwl-appium-1.21.0/node_modules/async-lock/lib/index.js:145:9)\\n    at AsyncLock.acquire (/nix/store/fjjkigsx6fh18dhj8ns9nqfwwdqz9xwl-appium-1.21.0/node_modules/async-lock/lib/index.js:162:3)\\n    at XCUITestDriver.executeCommand (/nix/store/fjjkigsx6fh18dhj8ns9nqfwwdqz9xwl-appium-1.21.0/node_modules/appium-base-driver/lib/basedriver/driver.js:348:39)\\n    at XCUITestDriver.executeCommand (/nix/store/fjjkigsx6fh18dhj8ns9nqfwwdqz9xwl-appium-1.21.0/node_modules/appium-xcuitest-driver/lib/driver.js:754:24)\\n    at AppiumDriver.executeCommand (/nix/store/fjjkigsx6fh18dhj8ns9nqfwwdqz9xwl-appium-1.21.0/lib/appium.js:563:36)\\n    at runMicrotasks (<anonymous>)\\n    at processTicksAndRejections (internal/process/task_queues.js:93:5)\\n    at asyncHandler (/nix/store/fjjkigsx6fh18dhj8ns9nqfwwdqz9xwl-appium-1.21.0/node_modules/appium-base-driver/lib/protocol/protocol.js:297:21)\"}}\nCommand duration or timeout: 329 milliseconds\nBuild info: version: '4.0.0', revision: '3a21814679'\nSystem info: host: 'fv-az177-140', ip: '10.1.0.233', os.name: 'Windows Server 2019', os.arch: 'amd64', os.version: '10.0', java.version: '17.0.1'\nDriver info: io.appium.java_client.ios.IOSDriver\nCommand: [a84483a1fbe323358ed6a9de2182db91d0d720fe, getCurrentUrl {}]\nCapabilities {appWaitActivity: *, automationName: xcuitest, bootstrapPath: /usr/local/.browserstack/co..., browserName: , browserstack.isTargetBased: true, bundleID: com.browserstack.Sample-iOS, bundleId: com.browserstack.Sample-iOS, databaseEnabled: false, deviceName: iphone 12 pro max, deviceOrientation: PORTRAIT, javascriptEnabled: true, keychainPassword: [REDACTED VALUE], keychainPath: [REDACTED VALUE], locationContextEnabled: false, networkConnectionEnabled: false, newCommandTimeout: 0, noReset: true, orientation: PORTRAIT, platform: MAC, platformName: iOS, realMobile: true, safariIgnoreFraudWarning: true, safariInitialUrl: http://mobile-internet-chec..., takesScreenshot: true, udid: 00008101-0006783922A2001E, useXctestrunFile: true, waitForQuiescence: false, wdaStartupRetries: 3, webStorageEnabled: false, webkitResponseTimeout: 20000}\nSession ID: a84483a1fbe323358ed6a9de2182db91d0d720fe\r\n\tat jdk.internal.reflect.GeneratedConstructorAccessor36.newInstance(Unknown Source)\r\n\tat java.base/jdk.internal.reflect.DelegatingConstructorAccessorImpl.newInstance(DelegatingConstructorAccessorImpl.java:45)\r\n\tat java.base/java.lang.reflect.Constructor.newInstanceWithCaller(Constructor.java:499)\r\n\tat java.base/java.lang.reflect.Constructor.newInstance(Constructor.java:480)\r\n\tat org.openqa.selenium.remote.ErrorHandler.createThrowable(ErrorHandler.java:217)\r\n\tat org.openqa.selenium.remote.ErrorHandler.throwIfResponseFailed(ErrorHandler.java:169)\r\n\tat org.openqa.selenium.remote.RemoteWebDriver.execute(RemoteWebDriver.java:594)\r\n\tat org.openqa.selenium.remote.RemoteWebDriver.execute(RemoteWebDriver.java:614)\r\n\tat io.appium.java_client.DefaultGenericMobileDriver.execute(DefaultGenericMobileDriver.java:44)\r\n\tat io.appium.java_client.AppiumDriver.execute(AppiumDriver.java:1)\r\n\tat io.appium.java_client.ios.IOSDriver.execute(IOSDriver.java:1)\r\n\tat org.openqa.selenium.remote.RemoteWebDriver.getCurrentUrl(RemoteWebDriver.java:340)\r\n\tat com.shaft.gui.browser.WebDriverBrowserActions.navigateToURL(WebDriverBrowserActions.java:277)\r\n\t... 39 more\r\n",
    "steps" : [ ],
    "attachments" : [ {
      "uid" : "d6c18eb93dedd4af",
      "name" : "Attachment: SHAFT Engine Logs - Current Method log: assertElementAttribute_true_literalComparison_expectedToFail",
      "source" : "d6c18eb93dedd4af.txt",
      "type" : "text/plain",
      "size" : 478
    } ],
    "parameters" : [ ],
    "attachmentsCount" : 1,
    "shouldDisplayMessage" : true,
    "stepsCount" : 0,
    "hasContent" : true
  },
  "afterStages" : [ {
    "name" : "afterMethod",
    "time" : {
      "start" : 1635248293549,
      "stop" : 1635248293549,
      "duration" : 0
    },
    "description" : "",
    "status" : "broken",
    "steps" : [ ],
    "attachments" : [ ],
    "parameters" : [ ],
    "attachmentsCount" : 0,
    "shouldDisplayMessage" : false,
    "stepsCount" : 0,
    "hasContent" : false
  }, {
    "name" : "closureActivities",
    "time" : {
      "start" : 1635248293681,
      "stop" : 1635248304279,
      "duration" : 10598
    },
    "description" : "",
    "status" : "passed",
    "steps" : [ {
      "name" : "Successfully Closed All Drivers.",
      "time" : {
        "start" : 1635248303737,
        "stop" : 1635248303737,
        "duration" : 0
      },
      "status" : "passed",
      "steps" : [ ],
      "attachments" : [ ],
      "parameters" : [ {
        "name" : "actionCounter",
        "value" : "203"
      }, {
        "name" : "logText",
        "value" : "Successfully Closed All Drivers."
      } ],
      "attachmentsCount" : 0,
      "shouldDisplayMessage" : false,
      "stepsCount" : 0,
      "hasContent" : true
    }, {
      "name" : "Issue Summary: Total Issues = 25, New issues for Failed Tests = 23, Open issues for Passed Tests = 2, Open issues for Failed Tests = 0. Kindly check the attached Issue details.",
      "time" : {
        "start" : 1635248303758,
        "stop" : 1635248303759,
        "duration" : 1
      },
      "status" : "passed",
      "steps" : [ ],
      "attachments" : [ {
        "uid" : "a4c46a54142f9a6b",
        "name" : "Attachment: SHAFT Engine Logs - Issues log CSV: 20211026-113823",
        "source" : "a4c46a54142f9a6b.csv",
        "type" : "text/csv",
        "size" : 3486
      } ],
      "parameters" : [ {
        "name" : "actionCounter",
        "value" : "204"
      }, {
        "name" : "logText",
        "value" : "Issue Summary: Total Issues = 25, New issues for Failed Tests = 23, Open issues for Passed Tests = 2, Open issues for Failed Tests = 0. Kindly check the attached Issue details."
      }, {
        "name" : "attachments",
        "value" : "[[SHAFT Engine Logs, Issues log CSV: 20211026-113823, java.io.ByteArrayInputStream@4e9e4145]]"
      } ],
      "attachmentsCount" : 1,
      "shouldDisplayMessage" : false,
      "stepsCount" : 0,
      "hasContent" : true
    } ],
    "attachments" : [ {
      "uid" : "eb791aedff977e44",
      "name" : "Attachment: SHAFT Engine Logs - Execution log: 20211026-113823",
      "source" : "eb791aedff977e44.txt",
      "type" : "text/plain",
      "size" : 171991
    }, {
      "uid" : "2bafc3241c6b7a64",
      "name" : "Attachment: HTML - Extent Emailable Execution Report",
      "source" : "2bafc3241c6b7a64.html",
      "type" : "text/html",
      "size" : 2205152
    } ],
    "parameters" : [ ],
    "attachmentsCount" : 3,
    "shouldDisplayMessage" : false,
    "stepsCount" : 2,
    "hasContent" : true
  } ],
  "labels" : [ {
    "name" : "package",
    "value" : "unitTests.tests_validations_assertions"
  }, {
    "name" : "testClass",
    "value" : "unitTests.tests_validations_assertions"
  }, {
    "name" : "testMethod",
    "value" : "assertElementAttribute_true_literalComparison_expectedToFail"
  }, {
    "name" : "parentSuite",
    "value" : "SHAFT: Custom Suite"
  }, {
    "name" : "suite",
    "value" : "SHAFT: Custom Test"
  }, {
    "name" : "subSuite",
    "value" : "unitTests.tests_validations_assertions"
  }, {
    "name" : "host",
    "value" : "fv-az177-140"
  }, {
    "name" : "thread",
    "value" : "532@fv-az177-140.main(1)"
  }, {
    "name" : "framework",
    "value" : "testng"
  }, {
    "name" : "language",
    "value" : "java"
  }, {
    "name" : "resultFormat",
    "value" : "allure2"
  } ],
  "parameters" : [ ],
  "links" : [ ],
  "hidden" : false,
  "retry" : false,
  "extra" : {
    "severity" : "normal",
    "retries" : [ ],
    "categories" : [ ],
    "history" : {
      "statistic" : {
        "failed" : 0,
        "broken" : 0,
        "skipped" : 2,
        "passed" : 18,
        "unknown" : 0,
        "total" : 20
      },
      "items" : [ {
        "uid" : "cbfddb35c6c7ca0a",
        "reportUrl" : "https://MohabMohie.github.io/SHAFT_ENGINE/allure/Windows/Web/822//#testresult/cbfddb35c6c7ca0a",
        "status" : "passed",
        "time" : {
          "start" : 1635022553578,
          "stop" : 1635022554153,
          "duration" : 575
        }
      }, {
        "uid" : "dad494c127e7ff6c",
        "reportUrl" : "https://MohabMohie.github.io/SHAFT_ENGINE/allure/Windows/Web/801//#testresult/dad494c127e7ff6c",
        "status" : "passed",
        "time" : {
          "start" : 1634004463484,
          "stop" : 1634004464165,
          "duration" : 681
        }
      }, {
        "uid" : "811b14c7cd60b07",
        "reportUrl" : "https://MohabMohie.github.io/SHAFT_ENGINE/allure/Windows/Web/794//#testresult/811b14c7cd60b07",
        "status" : "passed",
        "time" : {
          "start" : 1633831170407,
          "stop" : 1633831171129,
          "duration" : 722
        }
      }, {
        "uid" : "adaca63dd58e7532",
        "reportUrl" : "https://MohabMohie.github.io/SHAFT_ENGINE/allure/Windows/Web/785//#testresult/adaca63dd58e7532",
        "status" : "passed",
        "time" : {
          "start" : 1633524428435,
          "stop" : 1633524429135,
          "duration" : 700
        }
      }, {
        "uid" : "6cbb5e3edc56f178",
        "reportUrl" : "https://MohabMohie.github.io/SHAFT_ENGINE/allure/Windows/Web/783//#testresult/6cbb5e3edc56f178",
        "status" : "passed",
        "time" : {
          "start" : 1633485841532,
          "stop" : 1633485842231,
          "duration" : 699
        }
      }, {
        "uid" : "e4c1d909a03c5201",
        "reportUrl" : "https://MohabMohie.github.io/SHAFT_ENGINE/allure/Windows/Web/779//#testresult/e4c1d909a03c5201",
        "status" : "passed",
        "time" : {
          "start" : 1633226519695,
          "stop" : 1633226520422,
          "duration" : 727
        }
      }, {
        "uid" : "691fbab15a67f32",
        "reportUrl" : "https://MohabMohie.github.io/SHAFT_ENGINE/allure/Windows/Web/776//#testresult/691fbab15a67f32",
        "status" : "passed",
        "time" : {
          "start" : 1633053913311,
          "stop" : 1633053914020,
          "duration" : 709
        }
      }, {
        "uid" : "18f5ac57e709df84",
        "reportUrl" : "https://MohabMohie.github.io/SHAFT_ENGINE/allure/Windows/Web/775//#testresult/18f5ac57e709df84",
        "status" : "passed",
        "time" : {
          "start" : 1633038633425,
          "stop" : 1633038634082,
          "duration" : 657
        }
      }, {
        "uid" : "ec17fbe14ee5e42",
        "reportUrl" : "https://MohabMohie.github.io/SHAFT_ENGINE/allure/Windows/Web/774//#testresult/ec17fbe14ee5e42",
        "status" : "passed",
        "time" : {
          "start" : 1633037771542,
          "stop" : 1633037772219,
          "duration" : 677
        }
      }, {
        "uid" : "41fc38c673ef62c1",
        "reportUrl" : "https://MohabMohie.github.io/SHAFT_ENGINE/allure/Windows/Web/760//#testresult/41fc38c673ef62c1",
        "status" : "passed",
        "time" : {
          "start" : 1632534961380,
          "stop" : 1632534962066,
          "duration" : 686
        }
      }, {
        "uid" : "9237c872763a5518",
        "reportUrl" : "https://MohabMohie.github.io/SHAFT_ENGINE/allure/Windows/Web/759//#testresult/9237c872763a5518",
        "status" : "passed",
        "time" : {
          "start" : 1632448717860,
          "stop" : 1632448718556,
          "duration" : 696
        }
      }, {
        "uid" : "55127ef6ef254891",
        "reportUrl" : "https://MohabMohie.github.io/SHAFT_ENGINE/allure/Windows/Web/756//#testresult/55127ef6ef254891",
        "status" : "passed",
        "time" : {
          "start" : 1632387239034,
          "stop" : 1632387239713,
          "duration" : 679
        }
      }, {
        "uid" : "f9d3c6546f896b30",
        "reportUrl" : "https://MohabMohie.github.io/SHAFT_ENGINE/allure/Windows/Web/753//#testresult/f9d3c6546f896b30",
        "status" : "passed",
        "time" : {
          "start" : 1632320792683,
          "stop" : 1632320793558,
          "duration" : 875
        }
      }, {
        "uid" : "232e6eb55c45b7fc",
        "reportUrl" : "https://MohabMohie.github.io/SHAFT_ENGINE/allure/Windows/Web/750//#testresult/232e6eb55c45b7fc",
        "status" : "passed",
        "time" : {
          "start" : 1632275992603,
          "stop" : 1632275993398,
          "duration" : 795
        }
      }, {
        "uid" : "61539554ad0e8c5d",
        "reportUrl" : "https://MohabMohie.github.io/SHAFT_ENGINE/allure/Windows/Web/748//#testresult/61539554ad0e8c5d",
        "status" : "passed",
        "time" : {
          "start" : 1632155213705,
          "stop" : 1632155214409,
          "duration" : 704
        }
      }, {
        "uid" : "5108c4f29ce3cae2",
        "reportUrl" : "https://MohabMohie.github.io/SHAFT_ENGINE/allure/Windows/Web/738//#testresult/5108c4f29ce3cae2",
        "status" : "passed",
        "time" : {
          "start" : 1632103172777,
          "stop" : 1632103173508,
          "duration" : 731
        }
      }, {
        "uid" : "20aee24c8ab57d9",
        "reportUrl" : "https://MohabMohie.github.io/SHAFT_ENGINE/allure/Windows/Web/737//#testresult/20aee24c8ab57d9",
        "status" : "skipped",
        "statusDetails" : "unknown error: MSEdge failed to start: exited normally.\n  (unknown error: DevToolsActivePort file doesn't exist)\n  (The process started from msedge location C:\\Program Files (x86)\\Microsoft\\Edge\\Application\\msedge.exe is no longer running, so MSEdgeDriver is assuming that MSEdge has crashed.)\nBuild info: version: '3.141.59', revision: 'e82be7d358', time: '2018-11-14T08:17:03'\nSystem info: host: 'fv-az177-306', ip: '10.1.1.40', os.name: 'Windows Server 2019', os.arch: 'amd64', os.version: '10.0', java.version: '16.0.2'\nDriver info: driver.version: EdgeDriver\nremote stacktrace: Backtrace:\n\tOrdinal0 [0x00007FF79F2A92C2+4821698]\n\tOrdinal0 [0x00007FF79EF2D543+1168707]\n\tOrdinal0 [0x00007FF79EF555F1+1332721]\n\tOrdinal0 [0x00007FF79EF4CC45+1297477]\n\tOrdinal0 [0x00007FF79EF87883+1538179]\n\tOrdinal0 [0x00007FF79EF82B6F+1518447]\n\tOrdinal0 [0x00007FF79EF58E8A+1347210]\n\tOrdinal0 [0x00007FF79EF59EEF+1351407]\n\tOrdinal0 [0x00007FF79F00847D+2065533]\n\tOrdinal0 [0x00007FF79EFBD31A+1757978]\n\tOrdinal0 [0x00007FF79F19D629+3724841]\n\tOrdinal0 [0x00007FF79EFBEC09+1764361]\n\tOrdinal0 [0x00007FF79F2AC4F8+4834552]\n\tOrdinal0 [0x00007FF79F2ABF64+4833124]\n\tOrdinal0 [0x00007FF79F2ABDB6+4832694]\n\tOrdinal0 [0x00007FF79F25908C+4493452]\n\tBaseThreadInitThunk [0x00007FF828577974+20]\n\tRtlUserThreadStart [0x00007FF828D3A2F1+33]\n",
        "time" : {
          "start" : 1632016720125,
          "stop" : 1632016720127,
          "duration" : 2
        }
      }, {
        "uid" : "86e7557f3c9a4388",
        "reportUrl" : "https://MohabMohie.github.io/SHAFT_ENGINE/allure/Windows/Web/736//#testresult/86e7557f3c9a4388",
        "status" : "passed",
        "time" : {
          "start" : 1631930344193,
          "stop" : 1631930344851,
          "duration" : 658
        }
      }, {
        "uid" : "3f9662ab3a605840",
        "reportUrl" : "https://MohabMohie.github.io/SHAFT_ENGINE/allure/Windows/Web/734//#testresult/3f9662ab3a605840",
        "status" : "passed",
        "time" : {
          "start" : 1631821254387,
          "stop" : 1631821255109,
          "duration" : 722
        }
      } ]
    },
    "tags" : [ ]
  },
  "source" : "aba9fc3a35853c12.json",
  "parameterValues" : [ ]
}