{
  "uid" : "d25a4f2ebbb2dde4",
  "name" : "test_assertElementAttribute",
  "fullName" : "testPackage01.Test_assertEquals.test_assertElementAttribute",
  "historyId" : "5702a1676b94e58bea6b43247a9f5f63",
  "time" : {
    "start" : 1635246887774,
    "stop" : 1635246889052,
    "duration" : 1278
  },
  "status" : "failed",
  "statusMessage" : "Browser Action [NavigateToURL] failed. With the following test data [https://www.google.com/ncr].",
  "statusTrace" : "java.lang.AssertionError: Browser Action [NavigateToURL] failed. With the following test data [https://www.google.com/ncr].\r\n\tat org.testng.Assert.fail(Assert.java:87)\r\n\tat com.shaft.gui.browser.WebDriverBrowserActions.failAction(WebDriverBrowserActions.java:611)\r\n\tat com.shaft.gui.browser.WebDriverBrowserActions.failAction(WebDriverBrowserActions.java:604)\r\n\tat com.shaft.gui.browser.WebDriverBrowserActions.navigateToURL(WebDriverBrowserActions.java:305)\r\n\tat com.shaft.gui.browser.BrowserActions.navigateToURL(BrowserActions.java:107)\r\n\tat testPackage01.Test_assertEquals.test_assertElementAttribute(Test_assertEquals.java:22)\r\n\tat java.base/jdk.internal.reflect.NativeMethodAccessorImpl.invoke0(Native Method)\r\n\tat java.base/jdk.internal.reflect.NativeMethodAccessorImpl.invoke(NativeMethodAccessorImpl.java:77)\r\n\tat java.base/jdk.internal.reflect.DelegatingMethodAccessorImpl.invoke(DelegatingMethodAccessorImpl.java:43)\r\n\tat java.base/java.lang.reflect.Method.invoke(Method.java:568)\r\n\tat org.testng.internal.MethodInvocationHelper.invokeMethod(MethodInvocationHelper.java:133)\r\n\tat org.testng.internal.TestInvoker.invokeMethod(TestInvoker.java:598)\r\n\tat org.testng.internal.TestInvoker.invokeTestMethod(TestInvoker.java:173)\r\n\tat org.testng.internal.MethodRunner.runInSequence(MethodRunner.java:46)\r\n\tat org.testng.internal.TestInvoker$MethodInvocationAgent.invoke(TestInvoker.java:824)\r\n\tat org.testng.internal.TestInvoker.invokeTestMethods(TestInvoker.java:146)\r\n\tat org.testng.internal.TestMethodWorker.invokeTestMethods(TestMethodWorker.java:146)\r\n\tat org.testng.internal.TestMethodWorker.run(TestMethodWorker.java:128)\r\n\tat java.base/java.util.ArrayList.forEach(ArrayList.java:1511)\r\n\tat org.testng.TestRunner.privateRun(TestRunner.java:794)\r\n\tat org.testng.TestRunner.run(TestRunner.java:596)\r\n\tat org.testng.SuiteRunner.runTest(SuiteRunner.java:377)\r\n\tat org.testng.SuiteRunner.runSequentially(SuiteRunner.java:371)\r\n\tat org.testng.SuiteRunner.privateRun(SuiteRunner.java:332)\r\n\tat org.testng.SuiteRunner.run(SuiteRunner.java:276)\r\n\tat org.testng.SuiteRunnerWorker.runSuite(SuiteRunnerWorker.java:53)\r\n\tat org.testng.SuiteRunnerWorker.run(SuiteRunnerWorker.java:96)\r\n\tat org.testng.TestNG.runSuitesSequentially(TestNG.java:1212)\r\n\tat org.testng.TestNG.runSuitesLocally(TestNG.java:1134)\r\n\tat org.testng.TestNG.runSuites(TestNG.java:1063)\r\n\tat org.testng.TestNG.run(TestNG.java:1031)\r\n\tat org.apache.maven.surefire.testng.TestNGExecutor.run(TestNGExecutor.java:136)\r\n\tat org.apache.maven.surefire.testng.TestNGDirectoryTestSuite.executeMulti(TestNGDirectoryTestSuite.java:193)\r\n\tat org.apache.maven.surefire.testng.TestNGDirectoryTestSuite.execute(TestNGDirectoryTestSuite.java:94)\r\n\tat org.apache.maven.surefire.testng.TestNGProvider.invoke(TestNGProvider.java:145)\r\n\tat org.apache.maven.surefire.booter.ForkedBooter.runSuitesInProcess(ForkedBooter.java:428)\r\n\tat org.apache.maven.surefire.booter.ForkedBooter.execute(ForkedBooter.java:162)\r\n\tat org.apache.maven.surefire.booter.ForkedBooter.run(ForkedBooter.java:562)\r\n\tat org.apache.maven.surefire.booter.ForkedBooter.main(ForkedBooter.java:548)\r\nCaused by: org.openqa.selenium.UnsupportedCommandException: {\"value\":{\"error\":\"unknown method\",\"message\":\"Method is not implemented\",\"stacktrace\":\"NotImplementedError: Method is not implemented\\n    at XCUITestDriver.getUrl (/nix/store/fjjkigsx6fh18dhj8ns9nqfwwdqz9xwl-appium-1.21.0/node_modules/appium-xcuitest-driver/lib/commands/web.js:90:11)\\n    at commandExecutor (/nix/store/fjjkigsx6fh18dhj8ns9nqfwwdqz9xwl-appium-1.21.0/node_modules/appium-base-driver/lib/basedriver/driver.js:335:9)\\n    at /nix/store/fjjkigsx6fh18dhj8ns9nqfwwdqz9xwl-appium-1.21.0/node_modules/async-lock/lib/index.js:146:12\\n    at AsyncLock._promiseTry (/nix/store/fjjkigsx6fh18dhj8ns9nqfwwdqz9xwl-appium-1.21.0/node_modules/async-lock/lib/index.js:280:31)\\n    at exec (/nix/store/fjjkigsx6fh18dhj8ns9nqfwwdqz9xwl-appium-1.21.0/node_modules/async-lock/lib/index.js:145:9)\\n    at AsyncLock.acquire (/nix/store/fjjkigsx6fh18dhj8ns9nqfwwdqz9xwl-appium-1.21.0/node_modules/async-lock/lib/index.js:162:3)\\n    at XCUITestDriver.executeCommand (/nix/store/fjjkigsx6fh18dhj8ns9nqfwwdqz9xwl-appium-1.21.0/node_modules/appium-base-driver/lib/basedriver/driver.js:348:39)\\n    at XCUITestDriver.executeCommand (/nix/store/fjjkigsx6fh18dhj8ns9nqfwwdqz9xwl-appium-1.21.0/node_modules/appium-xcuitest-driver/lib/driver.js:754:24)\\n    at AppiumDriver.executeCommand (/nix/store/fjjkigsx6fh18dhj8ns9nqfwwdqz9xwl-appium-1.21.0/lib/appium.js:563:36)\\n    at runMicrotasks (<anonymous>)\\n    at processTicksAndRejections (internal/process/task_queues.js:93:5)\\n    at asyncHandler (/nix/store/fjjkigsx6fh18dhj8ns9nqfwwdqz9xwl-appium-1.21.0/node_modules/appium-base-driver/lib/protocol/protocol.js:297:21)\"}}\nCommand duration or timeout: 356 milliseconds\nBuild info: version: '4.0.0', revision: '3a21814679'\nSystem info: host: 'fv-az177-140', ip: '10.1.0.233', os.name: 'Windows Server 2019', os.arch: 'amd64', os.version: '10.0', java.version: '17.0.1'\nDriver info: io.appium.java_client.ios.IOSDriver\nCommand: [fe45cb82b4c30c169fffac5041a8abe2edc9cf82, getCurrentUrl {}]\nCapabilities {appWaitActivity: *, automationName: xcuitest, bootstrapPath: /usr/local/.browserstack/co..., browserName: , browserstack.isTargetBased: true, bundleID: com.browserstack.Sample-iOS, bundleId: com.browserstack.Sample-iOS, databaseEnabled: false, deviceName: iphone 12 pro max, deviceOrientation: PORTRAIT, javascriptEnabled: true, keychainPassword: [REDACTED VALUE], keychainPath: [REDACTED VALUE], locationContextEnabled: false, networkConnectionEnabled: false, newCommandTimeout: 0, noReset: true, orientation: PORTRAIT, platform: MAC, platformName: iOS, realMobile: true, safariIgnoreFraudWarning: true, safariInitialUrl: http://mobile-internet-chec..., takesScreenshot: true, udid: 00008101-000658860130001E, useXctestrunFile: true, waitForQuiescence: false, wdaStartupRetries: 3, webStorageEnabled: false, webkitResponseTimeout: 20000}\nSession ID: fe45cb82b4c30c169fffac5041a8abe2edc9cf82\r\n\tat java.base/jdk.internal.reflect.NativeConstructorAccessorImpl.newInstance0(Native Method)\r\n\tat java.base/jdk.internal.reflect.NativeConstructorAccessorImpl.newInstance(NativeConstructorAccessorImpl.java:77)\r\n\tat java.base/jdk.internal.reflect.DelegatingConstructorAccessorImpl.newInstance(DelegatingConstructorAccessorImpl.java:45)\r\n\tat java.base/java.lang.reflect.Constructor.newInstanceWithCaller(Constructor.java:499)\r\n\tat java.base/java.lang.reflect.Constructor.newInstance(Constructor.java:480)\r\n\tat org.openqa.selenium.remote.ErrorHandler.createThrowable(ErrorHandler.java:217)\r\n\tat org.openqa.selenium.remote.ErrorHandler.throwIfResponseFailed(ErrorHandler.java:169)\r\n\tat org.openqa.selenium.remote.RemoteWebDriver.execute(RemoteWebDriver.java:594)\r\n\tat org.openqa.selenium.remote.RemoteWebDriver.execute(RemoteWebDriver.java:614)\r\n\tat io.appium.java_client.DefaultGenericMobileDriver.execute(DefaultGenericMobileDriver.java:44)\r\n\tat io.appium.java_client.AppiumDriver.execute(AppiumDriver.java:1)\r\n\tat io.appium.java_client.ios.IOSDriver.execute(IOSDriver.java:1)\r\n\tat org.openqa.selenium.remote.RemoteWebDriver.getCurrentUrl(RemoteWebDriver.java:340)\r\n\tat com.shaft.gui.browser.WebDriverBrowserActions.navigateToURL(WebDriverBrowserActions.java:277)\r\n\t... 35 more\r\n",
  "flaky" : false,
  "newFailed" : true,
  "beforeStages" : [ {
    "name" : "beforeClass",
    "time" : {
      "start" : 1635246725150,
      "stop" : 1635246887771,
      "duration" : 162621
    },
    "description" : "",
    "status" : "passed",
    "steps" : [ {
      "name" : "Attempting to run remotely on: [iOS], [http://mohabmohie1:7E7PgzBtwk4sWLUcF8Y5@hub-cloud.browserstack.com/wd/hub].",
      "time" : {
        "start" : 1635246725151,
        "stop" : 1635246725151,
        "duration" : 0
      },
      "status" : "passed",
      "steps" : [ ],
      "attachments" : [ ],
      "parameters" : [ {
        "name" : "actionCounter",
        "value" : "18"
      }, {
        "name" : "logText",
        "value" : "Attempting to run remotely on: [iOS], [http://mohabmohie1:7E7PgzBtwk4sWLUcF8Y5@hub-cloud.browserstack.com/wd/hub]."
      } ],
      "attachmentsCount" : 0,
      "shouldDisplayMessage" : false,
      "stepsCount" : 0,
      "hasContent" : true
    }, {
      "name" : "Successfully Opened [NativeMobileApp].",
      "time" : {
        "start" : 1635246887769,
        "stop" : 1635246887769,
        "duration" : 0
      },
      "status" : "passed",
      "steps" : [ ],
      "attachments" : [ ],
      "parameters" : [ {
        "name" : "actionCounter",
        "value" : "19"
      }, {
        "name" : "logText",
        "value" : "Successfully Opened [NativeMobileApp]."
      } ],
      "attachmentsCount" : 0,
      "shouldDisplayMessage" : false,
      "stepsCount" : 0,
      "hasContent" : true
    } ],
    "attachments" : [ {
      "uid" : "619f3bc529c89cb5",
      "name" : "Attachment: SHAFT Engine Logs - Current Method log: beforeClass",
      "source" : "619f3bc529c89cb5.txt",
      "type" : "text/plain",
      "size" : 424
    } ],
    "parameters" : [ ],
    "attachmentsCount" : 1,
    "shouldDisplayMessage" : false,
    "stepsCount" : 2,
    "hasContent" : true
  } ],
  "testStage" : {
    "status" : "failed",
    "statusMessage" : "Browser Action [NavigateToURL] failed. With the following test data [https://www.google.com/ncr].",
    "statusTrace" : "java.lang.AssertionError: Browser Action [NavigateToURL] failed. With the following test data [https://www.google.com/ncr].\r\n\tat org.testng.Assert.fail(Assert.java:87)\r\n\tat com.shaft.gui.browser.WebDriverBrowserActions.failAction(WebDriverBrowserActions.java:611)\r\n\tat com.shaft.gui.browser.WebDriverBrowserActions.failAction(WebDriverBrowserActions.java:604)\r\n\tat com.shaft.gui.browser.WebDriverBrowserActions.navigateToURL(WebDriverBrowserActions.java:305)\r\n\tat com.shaft.gui.browser.BrowserActions.navigateToURL(BrowserActions.java:107)\r\n\tat testPackage01.Test_assertEquals.test_assertElementAttribute(Test_assertEquals.java:22)\r\n\tat java.base/jdk.internal.reflect.NativeMethodAccessorImpl.invoke0(Native Method)\r\n\tat java.base/jdk.internal.reflect.NativeMethodAccessorImpl.invoke(NativeMethodAccessorImpl.java:77)\r\n\tat java.base/jdk.internal.reflect.DelegatingMethodAccessorImpl.invoke(DelegatingMethodAccessorImpl.java:43)\r\n\tat java.base/java.lang.reflect.Method.invoke(Method.java:568)\r\n\tat org.testng.internal.MethodInvocationHelper.invokeMethod(MethodInvocationHelper.java:133)\r\n\tat org.testng.internal.TestInvoker.invokeMethod(TestInvoker.java:598)\r\n\tat org.testng.internal.TestInvoker.invokeTestMethod(TestInvoker.java:173)\r\n\tat org.testng.internal.MethodRunner.runInSequence(MethodRunner.java:46)\r\n\tat org.testng.internal.TestInvoker$MethodInvocationAgent.invoke(TestInvoker.java:824)\r\n\tat org.testng.internal.TestInvoker.invokeTestMethods(TestInvoker.java:146)\r\n\tat org.testng.internal.TestMethodWorker.invokeTestMethods(TestMethodWorker.java:146)\r\n\tat org.testng.internal.TestMethodWorker.run(TestMethodWorker.java:128)\r\n\tat java.base/java.util.ArrayList.forEach(ArrayList.java:1511)\r\n\tat org.testng.TestRunner.privateRun(TestRunner.java:794)\r\n\tat org.testng.TestRunner.run(TestRunner.java:596)\r\n\tat org.testng.SuiteRunner.runTest(SuiteRunner.java:377)\r\n\tat org.testng.SuiteRunner.runSequentially(SuiteRunner.java:371)\r\n\tat org.testng.SuiteRunner.privateRun(SuiteRunner.java:332)\r\n\tat org.testng.SuiteRunner.run(SuiteRunner.java:276)\r\n\tat org.testng.SuiteRunnerWorker.runSuite(SuiteRunnerWorker.java:53)\r\n\tat org.testng.SuiteRunnerWorker.run(SuiteRunnerWorker.java:96)\r\n\tat org.testng.TestNG.runSuitesSequentially(TestNG.java:1212)\r\n\tat org.testng.TestNG.runSuitesLocally(TestNG.java:1134)\r\n\tat org.testng.TestNG.runSuites(TestNG.java:1063)\r\n\tat org.testng.TestNG.run(TestNG.java:1031)\r\n\tat org.apache.maven.surefire.testng.TestNGExecutor.run(TestNGExecutor.java:136)\r\n\tat org.apache.maven.surefire.testng.TestNGDirectoryTestSuite.executeMulti(TestNGDirectoryTestSuite.java:193)\r\n\tat org.apache.maven.surefire.testng.TestNGDirectoryTestSuite.execute(TestNGDirectoryTestSuite.java:94)\r\n\tat org.apache.maven.surefire.testng.TestNGProvider.invoke(TestNGProvider.java:145)\r\n\tat org.apache.maven.surefire.booter.ForkedBooter.runSuitesInProcess(ForkedBooter.java:428)\r\n\tat org.apache.maven.surefire.booter.ForkedBooter.execute(ForkedBooter.java:162)\r\n\tat org.apache.maven.surefire.booter.ForkedBooter.run(ForkedBooter.java:562)\r\n\tat org.apache.maven.surefire.booter.ForkedBooter.main(ForkedBooter.java:548)\r\nCaused by: org.openqa.selenium.UnsupportedCommandException: {\"value\":{\"error\":\"unknown method\",\"message\":\"Method is not implemented\",\"stacktrace\":\"NotImplementedError: Method is not implemented\\n    at XCUITestDriver.getUrl (/nix/store/fjjkigsx6fh18dhj8ns9nqfwwdqz9xwl-appium-1.21.0/node_modules/appium-xcuitest-driver/lib/commands/web.js:90:11)\\n    at commandExecutor (/nix/store/fjjkigsx6fh18dhj8ns9nqfwwdqz9xwl-appium-1.21.0/node_modules/appium-base-driver/lib/basedriver/driver.js:335:9)\\n    at /nix/store/fjjkigsx6fh18dhj8ns9nqfwwdqz9xwl-appium-1.21.0/node_modules/async-lock/lib/index.js:146:12\\n    at AsyncLock._promiseTry (/nix/store/fjjkigsx6fh18dhj8ns9nqfwwdqz9xwl-appium-1.21.0/node_modules/async-lock/lib/index.js:280:31)\\n    at exec (/nix/store/fjjkigsx6fh18dhj8ns9nqfwwdqz9xwl-appium-1.21.0/node_modules/async-lock/lib/index.js:145:9)\\n    at AsyncLock.acquire (/nix/store/fjjkigsx6fh18dhj8ns9nqfwwdqz9xwl-appium-1.21.0/node_modules/async-lock/lib/index.js:162:3)\\n    at XCUITestDriver.executeCommand (/nix/store/fjjkigsx6fh18dhj8ns9nqfwwdqz9xwl-appium-1.21.0/node_modules/appium-base-driver/lib/basedriver/driver.js:348:39)\\n    at XCUITestDriver.executeCommand (/nix/store/fjjkigsx6fh18dhj8ns9nqfwwdqz9xwl-appium-1.21.0/node_modules/appium-xcuitest-driver/lib/driver.js:754:24)\\n    at AppiumDriver.executeCommand (/nix/store/fjjkigsx6fh18dhj8ns9nqfwwdqz9xwl-appium-1.21.0/lib/appium.js:563:36)\\n    at runMicrotasks (<anonymous>)\\n    at processTicksAndRejections (internal/process/task_queues.js:93:5)\\n    at asyncHandler (/nix/store/fjjkigsx6fh18dhj8ns9nqfwwdqz9xwl-appium-1.21.0/node_modules/appium-base-driver/lib/protocol/protocol.js:297:21)\"}}\nCommand duration or timeout: 356 milliseconds\nBuild info: version: '4.0.0', revision: '3a21814679'\nSystem info: host: 'fv-az177-140', ip: '10.1.0.233', os.name: 'Windows Server 2019', os.arch: 'amd64', os.version: '10.0', java.version: '17.0.1'\nDriver info: io.appium.java_client.ios.IOSDriver\nCommand: [fe45cb82b4c30c169fffac5041a8abe2edc9cf82, getCurrentUrl {}]\nCapabilities {appWaitActivity: *, automationName: xcuitest, bootstrapPath: /usr/local/.browserstack/co..., browserName: , browserstack.isTargetBased: true, bundleID: com.browserstack.Sample-iOS, bundleId: com.browserstack.Sample-iOS, databaseEnabled: false, deviceName: iphone 12 pro max, deviceOrientation: PORTRAIT, javascriptEnabled: true, keychainPassword: [REDACTED VALUE], keychainPath: [REDACTED VALUE], locationContextEnabled: false, networkConnectionEnabled: false, newCommandTimeout: 0, noReset: true, orientation: PORTRAIT, platform: MAC, platformName: iOS, realMobile: true, safariIgnoreFraudWarning: true, safariInitialUrl: http://mobile-internet-chec..., takesScreenshot: true, udid: 00008101-000658860130001E, useXctestrunFile: true, waitForQuiescence: false, wdaStartupRetries: 3, webStorageEnabled: false, webkitResponseTimeout: 20000}\nSession ID: fe45cb82b4c30c169fffac5041a8abe2edc9cf82\r\n\tat java.base/jdk.internal.reflect.NativeConstructorAccessorImpl.newInstance0(Native Method)\r\n\tat java.base/jdk.internal.reflect.NativeConstructorAccessorImpl.newInstance(NativeConstructorAccessorImpl.java:77)\r\n\tat java.base/jdk.internal.reflect.DelegatingConstructorAccessorImpl.newInstance(DelegatingConstructorAccessorImpl.java:45)\r\n\tat java.base/java.lang.reflect.Constructor.newInstanceWithCaller(Constructor.java:499)\r\n\tat java.base/java.lang.reflect.Constructor.newInstance(Constructor.java:480)\r\n\tat org.openqa.selenium.remote.ErrorHandler.createThrowable(ErrorHandler.java:217)\r\n\tat org.openqa.selenium.remote.ErrorHandler.throwIfResponseFailed(ErrorHandler.java:169)\r\n\tat org.openqa.selenium.remote.RemoteWebDriver.execute(RemoteWebDriver.java:594)\r\n\tat org.openqa.selenium.remote.RemoteWebDriver.execute(RemoteWebDriver.java:614)\r\n\tat io.appium.java_client.DefaultGenericMobileDriver.execute(DefaultGenericMobileDriver.java:44)\r\n\tat io.appium.java_client.AppiumDriver.execute(AppiumDriver.java:1)\r\n\tat io.appium.java_client.ios.IOSDriver.execute(IOSDriver.java:1)\r\n\tat org.openqa.selenium.remote.RemoteWebDriver.getCurrentUrl(RemoteWebDriver.java:340)\r\n\tat com.shaft.gui.browser.WebDriverBrowserActions.navigateToURL(WebDriverBrowserActions.java:277)\r\n\t... 35 more\r\n",
    "steps" : [ {
      "name" : "An Exception Occured with this Message: {\"value\":{\"error\":\"unknown method\",\"message\":\"Method is not implemented\",\"stacktrace\":\"NotImplementedError: Method is not implemented\\n    at XCUITestDriver.execute (/nix/store/fjjkigsx6fh18dhj8ns9nqfwwdqz9xwl-appium-1.21.0/node_modules/appium-xcuitest-driver/lib/commands/execute.js:37:11)\\n    at commandExecutor (/nix/store/fjjkigsx6fh18dhj8ns9nqfwwdqz9xwl-appium-1.21.0/node_modules/appium-base-driver/lib/basedriver/driver.js:335:9)\\n    at /nix/store/fjjkigsx6fh18dhj8ns9nqfwwdqz9xwl-appium-1.21.0/node_modules/async-lock/lib/index.js:146:12\\n    at AsyncLock._promiseTry (/nix/store/fjjkigsx6fh18dhj8ns9nqfwwdqz9xwl-appium-1.21.0/node_modules/async-lock/lib/index.js:280:31)\\n    at exec (/nix/store/fjjkigsx6fh18dhj8ns9nqfwwdqz9xwl-appium-1.21.0/node_modules/async-lock/lib/index.js:145:9)\\n    at AsyncLock.acquire (/nix/store/fjjkigsx6fh18dhj8ns9nqfwwdqz9xwl-appium-1.21.0/node_modules/async-lock/lib/index.js:162:3)\\n    at XCUITestDriver.executeCommand (/nix/store/fjjkigsx6fh18dhj8ns9nqfwwdqz9xwl-appium-1.21.0/node_modules/appium-base-driver/lib/basedriver/driver.js:348:39)\\n    at XCUITestDriver.executeCommand (/nix/store/fjjkigsx6fh18dhj8ns9nqfwwdqz9xwl-appium-1.21.0/node_modules/appium-xcuitest-driver/lib/driver.js:754:24)\\n    at AppiumDriver.executeCommand (/nix/store/fjjkigsx6fh18dhj8ns9nqfwwdqz9xwl-appium-1.21.0/lib/appium.js:563:36)\\n    at runMicrotasks (<anonymous>)\\n    at processTicksAndRejections (internal/process/task_queues.js:93:5)\\n    at asyncHandler (/nix/store/fjjkigsx6fh18dhj8ns9nqfwwdqz9xwl-appium-1.21.0/node_modules/appium-base-driver/lib/protocol/protocol.js:297:21)\"}}.",
      "time" : {
        "start" : 1635246888142,
        "stop" : 1635246888143,
        "duration" : 1
      },
      "status" : "passed",
      "steps" : [ ],
      "attachments" : [ {
        "uid" : "aa9731137f2a0469",
        "name" : "Attachment: Exception Stack Trace - org.openqa.selenium.UnsupportedCommandException",
        "source" : "aa9731137f2a0469.txt",
        "type" : "text/plain",
        "size" : 6396
      } ],
      "parameters" : [ {
        "name" : "actionCounter",
        "value" : "20"
      }, {
        "name" : "logText",
        "value" : "An Exception Occured with this Message: {\"value\":{\"error\":\"unknown method\",\"message\":\"Method is not implemented\",\"stacktrace\":\"NotImplementedError: Method is not implemented\\n    at XCUITestDriver.execute (/nix/store/fjjkigsx6fh18dhj8ns9nqfwwdqz9xwl-appium-1.21.0/node_modules/appium-xcuitest-driver/lib/commands/execute.js:37:11)\\n    at commandExecutor (/nix/store/fjjkigsx6fh18dhj8ns9nqfwwdqz9xwl-appium-1.21.0/node_modules/appium-base-driver/lib/basedriver/driver.js:335:9)\\n    at /nix/store/fjjkigsx6fh18dhj8ns9nqfwwdqz9xwl-appium-1.21.0/node_modules/async-lock/lib/index.js:146:12\\n    at AsyncLock._promiseTry (/nix/store/fjjkigsx6fh18dhj8ns9nqfwwdqz9xwl-appium-1.21.0/node_modules/async-lock/lib/index.js:280:31)\\n    at exec (/nix/store/fjjkigsx6fh18dhj8ns9nqfwwdqz9xwl-appium-1.21.0/node_modules/async-lock/lib/index.js:145:9)\\n    at AsyncLock.acquire (/nix/store/fjjkigsx6fh18dhj8ns9nqfwwdqz9xwl-appium-1.21.0/node_modules/async-lock/lib/index.js:162:3)\\n    at XCUITestDriver.executeCommand (/nix/store/fjjkigsx6fh18dhj8ns9nqfwwdqz9xwl-appium-1.21.0/node_modules/appium-base-driver/lib/basedriver/driver.js:348:39)\\n    at XCUITestDriver.executeCommand (/nix/store/fjjkigsx6fh18dhj8ns9nqfwwdqz9xwl-appium-1.21.0/node_modules/appium-xcuitest-driver/lib/driver.js:754:24)\\n    at AppiumDriver.executeCommand (/nix/store/fjjkigsx6fh18dhj8ns9nqfwwdqz9xwl-appium-1.21.0/lib/appium.js:563:36)\\n    at runMicrotasks (<anonymous>)\\n    at processTicksAndRejections (internal/process/task_queues.js:93:5)\\n    at asyncHandler (/nix/store/fjjkigsx6fh18dhj8ns9nqfwwdqz9xwl-appium-1.21.0/node_modules/appium-base-driver/lib/protocol/protocol.js:297:21)\"}}."
      }, {
        "name" : "attachments",
        "value" : "[[Exception Stack Trace, org.openqa.selenium.UnsupportedCommandException, org.openqa.selenium.UnsupportedCommandException:\r\n{\"value\":{\"error\":\"unknown method\",\"message\":\"Method is not implemented\",\"stacktrace\":\"NotImplementedError: Method is not implemented\\n    at XCUITestDriver.execute (/nix/store/fjjkigsx6fh18dhj8ns9nqfwwdqz9xwl-appium-1.21.0/node_modules/appium-xcuitest-driver/lib/commands/execute.js:37:11)\\n    at commandExecutor (/nix/store/fjjkigsx6fh18dhj8ns9nqfwwdqz9xwl-appium-1.21.0/node_modules/appium-base-driver/lib/basedriver/driver.js:335:9)\\n    at /nix/store/fjjkigsx6fh18dhj8ns9nqfwwdqz9xwl-appium-1.21.0/node_modules/async-lock/lib/index.js:146:12\\n    at AsyncLock._promiseTry (/nix/store/fjjkigsx6fh18dhj8ns9nqfwwdqz9xwl-appium-1.21.0/node_modules/async-lock/lib/index.js:280:31)\\n    at exec (/nix/store/fjjkigsx6fh18dhj8ns9nqfwwdqz9xwl-appium-1.21.0/node_modules/async-lock/lib/index.js:145:9)\\n    at AsyncLock.acquire (/nix/store/fjjkigsx6fh18dhj8ns9nqfwwdqz9xwl-appium-1.21.0/node_modules/async-lock/lib/index.js:162:3)\\n    at XCUITestDriver.executeCommand (/nix/store/fjjkigsx6fh18dhj8ns9nqfwwdqz9xwl-appium-1.21.0/node_modules/appium-base-driver/lib/basedriver/driver.js:348:39)\\n    at XCUITestDriver.executeCommand (/nix/store/fjjkigsx6fh18dhj8ns9nqfwwdqz9xwl-appium-1.21.0/node_modules/appium-xcuitest-driver/lib/driver.js:754:24)\\n    at AppiumDriver.executeCommand (/nix/store/fjjkigsx6fh18dhj8ns9nqfwwdqz9xwl-appium-1.21.0/lib/appium.js:563:36)\\n    at runMicrotasks (<anonymous>)\\n    at processTicksAndRejections (internal/process/task_queues.js:93:5)\\n    at asyncHandler (/nix/store/fjjkigsx6fh18dhj8ns9nqfwwdqz9xwl-appium-1.21.0/node_modules/appium-base-driver/lib/protocol/protocol.js:297:21)\"}}\nCommand duration or timeout: 360 milliseconds\nBuild info: version: '4.0.0', revision: '3a21814679'\nSystem info: host: 'fv-az177-140', ip: '10.1.0.233', os.name: 'Windows Server 2019', os.arch: 'amd64', os.version: '10.0', java.version: '17.0.1'\nDriver info: io.appium.java_client.ios.IOSDriver\nCommand: [fe45cb82b4c30c169fffac5041a8abe2edc9cf82, executeScript {script=return window.stop;, args=[]}]\nCapabilities {appWaitActivity: *, automationName: xcuitest, bootstrapPath: /usr/local/.browserstack/co..., browserName: , browserstack.isTargetBased: true, bundleID: com.browserstack.Sample-iOS, bundleId: com.browserstack.Sample-iOS, databaseEnabled: false, deviceName: iphone 12 pro max, deviceOrientation: PORTRAIT, javascriptEnabled: true, keychainPassword: [REDACTED VALUE], keychainPath: [REDACTED VALUE], locationContextEnabled: false, networkConnectionEnabled: false, newCommandTimeout: 0, noReset: true, orientation: PORTRAIT, platform: MAC, platformName: iOS, realMobile: true, safariIgnoreFraudWarning: true, safariInitialUrl: http://mobile-internet-chec..., takesScreenshot: true, udid: 00008101-000658860130001E, useXctestrunFile: true, waitForQuiescence: false, wdaStartupRetries: 3, webStorageEnabled: false, webkitResponseTimeout: 20000}\nSession ID: fe45cb82b4c30c169fffac5041a8abe2edc9cf82\r\njava.base/jdk.internal.reflect.NativeConstructorAccessorImpl.newInstance0(Native Method)\r\njava.base/jdk.internal.reflect.NativeConstructorAccessorImpl.newInstance(NativeConstructorAccessorImpl.java:77)\r\njava.base/jdk.internal.reflect.DelegatingConstructorAccessorImpl.newInstance(DelegatingConstructorAccessorImpl.java:45)\r\njava.base/java.lang.reflect.Constructor.newInstanceWithCaller(Constructor.java:499)\r\njava.base/java.lang.reflect.Constructor.newInstance(Constructor.java:480)\r\norg.openqa.selenium.remote.ErrorHandler.createThrowable(ErrorHandler.java:217)\r\norg.openqa.selenium.remote.ErrorHandler.throwIfResponseFailed(ErrorHandler.java:169)\r\norg.openqa.selenium.remote.RemoteWebDriver.execute(RemoteWebDriver.java:594)\r\norg.openqa.selenium.remote.RemoteWebDriver.executeScript(RemoteWebDriver.java:493)\r\ncom.shaft.gui.browser.WebDriverBrowserActions.navigateToURL(WebDriverBrowserActions.java:261)\r\ncom.shaft.gui.browser.BrowserActions.navigateToURL(BrowserActions.java:107)\r\ntestPackage01.Test_assertEquals.test_assertElementAttribute(Test_assertEquals.java:22)\r\njava.base/jdk.internal.reflect.NativeMethodAccessorImpl.invoke0(Native Method)\r\njava.base/jdk.internal.reflect.NativeMethodAccessorImpl.invoke(NativeMethodAccessorImpl.java:77)\r\njava.base/jdk.internal.reflect.DelegatingMethodAccessorImpl.invoke(DelegatingMethodAccessorImpl.java:43)\r\njava.base/java.lang.reflect.Method.invoke(Method.java:568)\r\norg.testng.internal.MethodInvocationHelper.invokeMethod(MethodInvocationHelper.java:133)\r\norg.testng.internal.TestInvoker.invokeMethod(TestInvoker.java:598)\r\norg.testng.internal.TestInvoker.invokeTestMethod(TestInvoker.java:173)\r\norg.testng.internal.MethodRunner.runInSequence(MethodRunner.java:46)\r\norg.testng.internal.TestInvoker$MethodInvocationAgent.invoke(TestInvoker.java:824)\r\norg.testng.internal.TestInvoker.invokeTestMethods(TestInvoker.java:146)\r\norg.testng.internal.TestMethodWorker.invokeTestMethods(TestMethodWorker.java:146)\r\norg.testng.internal.TestMethodWorker.run(TestMethodWorker.java:128)\r\njava.base/java.util.ArrayList.forEach(ArrayList.java:1511)\r\norg.testng.TestRunner.privateRun(TestRunner.java:794)\r\norg.testng.TestRunner.run(TestRunner.java:596)\r\norg.testng.SuiteRunner.runTest(SuiteRunner.java:377)\r\norg.testng.SuiteRunner.runSequentially(SuiteRunner.java:371)\r\norg.testng.SuiteRunner.privateRun(SuiteRunner.java:332)\r\norg.testng.SuiteRunner.run(SuiteRunner.java:276)\r\norg.testng.SuiteRunnerWorker.runSuite(SuiteRunnerWorker.java:53)\r\norg.testng.SuiteRunnerWorker.run(SuiteRunnerWorker.java:96)\r\norg.testng.TestNG.runSuitesSequentially(TestNG.java:1212)\r\norg.testng.TestNG.runSuitesLocally(TestNG.java:1134)\r\norg.testng.TestNG.runSuites(TestNG.java:1063)\r\norg.testng.TestNG.run(TestNG.java:1031)\r\norg.apache.maven.surefire.testng.TestNGExecutor.run(TestNGExecutor.java:136)\r\norg.apache.maven.surefire.testng.TestNGDirectoryTestSuite.executeMulti(TestNGDirectoryTestSuite.java:193)\r\norg.apache.maven.surefire.testng.TestNGDirectoryTestSuite.execute(TestNGDirectoryTestSuite.java:94)\r\norg.apache.maven.surefire.testng.TestNGProvider.invoke(TestNGProvider.java:145)\r\norg.apache.maven.surefire.booter.ForkedBooter.runSuitesInProcess(ForkedBooter.java:428)\r\norg.apache.maven.surefire.booter.ForkedBooter.execute(ForkedBooter.java:162)\r\norg.apache.maven.surefire.booter.ForkedBooter.run(ForkedBooter.java:562)\r\norg.apache.maven.surefire.booter.ForkedBooter.main(ForkedBooter.java:548)\r\n]]"
      } ],
      "attachmentsCount" : 1,
      "shouldDisplayMessage" : false,
      "stepsCount" : 0,
      "hasContent" : true
    }, {
      "name" : "Browser Action [NavigateToURL] failed. With the following test data [https://www.google.com/ncr].",
      "time" : {
        "start" : 1635246889044,
        "stop" : 1635246889045,
        "duration" : 1
      },
      "status" : "passed",
      "steps" : [ ],
      "attachments" : [ ],
      "parameters" : [ {
        "name" : "actionCounter",
        "value" : "22"
      }, {
        "name" : "logText",
        "value" : "Browser Action [NavigateToURL] failed. With the following test data [https://www.google.com/ncr]."
      }, {
        "name" : "attachments",
        "value" : "[null]"
      } ],
      "attachmentsCount" : 0,
      "shouldDisplayMessage" : false,
      "stepsCount" : 0,
      "hasContent" : true
    } ],
    "attachments" : [ {
      "uid" : "5a94c0a01cdb1e5e",
      "name" : "Attachment: SHAFT Engine Logs - Current Method log: test_assertElementAttribute",
      "source" : "5a94c0a01cdb1e5e.txt",
      "type" : "text/plain",
      "size" : 2573
    } ],
    "parameters" : [ ],
    "attachmentsCount" : 2,
    "shouldDisplayMessage" : true,
    "stepsCount" : 2,
    "hasContent" : true
  },
  "afterStages" : [ {
    "name" : "afterClass",
    "time" : {
      "start" : 1635246889060,
      "stop" : 1635246890286,
      "duration" : 1226
    },
    "description" : "",
    "status" : "passed",
    "steps" : [ {
      "name" : "Browser Action [CloseCurrentWindow] successfully performed.",
      "time" : {
        "start" : 1635246890284,
        "stop" : 1635246890285,
        "duration" : 1
      },
      "status" : "passed",
      "steps" : [ ],
      "attachments" : [ {
        "uid" : "fea5572433163171",
        "name" : "Attachment: Browser Action Test Data - CloseCurrentWindow - Actual Value",
        "source" : "fea5572433163171.xml",
        "type" : "application/xml",
        "size" : 4529
      } ],
      "parameters" : [ {
        "name" : "actionCounter",
        "value" : "23"
      }, {
        "name" : "logText",
        "value" : "Browser Action [CloseCurrentWindow] successfully performed."
      }, {
        "name" : "attachments",
        "value" : "[[Browser Action Test Data - CloseCurrentWindow, Actual Value, <?xml version=\"1.0\" encoding=\"UTF-8\"?><AppiumAUT><XCUIElementTypeApplication type=\"XCUIElementTypeApplication\" name=\"Sample iOS\" label=\"Sample iOS\" enabled=\"true\" visible=\"true\" accessible=\"false\" x=\"0\" y=\"0\" width=\"375\" height=\"812\" index=\"0\">\n  <XCUIElementTypeWindow type=\"XCUIElementTypeWindow\" enabled=\"true\" visible=\"true\" accessible=\"false\" x=\"0\" y=\"0\" width=\"375\" height=\"812\" index=\"0\">\n    <XCUIElementTypeOther type=\"XCUIElementTypeOther\" enabled=\"true\" visible=\"true\" accessible=\"false\" x=\"0\" y=\"0\" width=\"375\" height=\"812\" index=\"0\">\n      <XCUIElementTypeOther type=\"XCUIElementTypeOther\" enabled=\"true\" visible=\"true\" accessible=\"false\" x=\"0\" y=\"0\" width=\"375\" height=\"812\" index=\"0\">\n        <XCUIElementTypeOther type=\"XCUIElementTypeOther\" enabled=\"true\" visible=\"true\" accessible=\"false\" x=\"0\" y=\"0\" width=\"375\" height=\"812\" index=\"0\">\n          <XCUIElementTypeOther type=\"XCUIElementTypeOther\" enabled=\"true\" visible=\"true\" accessible=\"false\" x=\"0\" y=\"0\" width=\"375\" height=\"812\" index=\"0\">\n            <XCUIElementTypeNavigationBar type=\"XCUIElementTypeNavigationBar\" name=\"UI Elements\" enabled=\"true\" visible=\"true\" accessible=\"false\" x=\"0\" y=\"44\" width=\"375\" height=\"44\" index=\"0\">\n              <XCUIElementTypeStaticText type=\"XCUIElementTypeStaticText\" value=\"UI Elements\" name=\"UI Elements\" label=\"UI Elements\" enabled=\"true\" visible=\"true\" accessible=\"true\" x=\"140\" y=\"55\" width=\"95\" height=\"21\" index=\"0\"/>\n            </XCUIElementTypeNavigationBar>\n            <XCUIElementTypeOther type=\"XCUIElementTypeOther\" enabled=\"true\" visible=\"true\" accessible=\"false\" x=\"0\" y=\"0\" width=\"375\" height=\"812\" index=\"1\">\n              <XCUIElementTypeOther type=\"XCUIElementTypeOther\" enabled=\"true\" visible=\"true\" accessible=\"false\" x=\"0\" y=\"0\" width=\"375\" height=\"812\" index=\"0\">\n                <XCUIElementTypeOther type=\"XCUIElementTypeOther\" enabled=\"true\" visible=\"true\" accessible=\"false\" x=\"0\" y=\"0\" width=\"375\" height=\"812\" index=\"0\">\n                  <XCUIElementTypeButton type=\"XCUIElementTypeButton\" name=\"Text Button\" label=\"Text\" enabled=\"true\" visible=\"true\" accessible=\"true\" x=\"0\" y=\"97\" width=\"375\" height=\"60\" index=\"0\">\n                    <XCUIElementTypeStaticText type=\"XCUIElementTypeStaticText\" value=\"Text\" name=\"Text\" label=\"Text\" enabled=\"true\" visible=\"true\" accessible=\"false\" x=\"181\" y=\"118\" width=\"29\" height=\"18\" index=\"0\"/>\n                  </XCUIElementTypeButton>\n                  <XCUIElementTypeButton type=\"XCUIElementTypeButton\" name=\"Alert Button\" label=\"Alert\" enabled=\"true\" visible=\"true\" accessible=\"true\" x=\"0\" y=\"165\" width=\"375\" height=\"60\" index=\"1\">\n                    <XCUIElementTypeStaticText type=\"XCUIElementTypeStaticText\" value=\"Alert\" name=\"Alert\" label=\"Alert\" enabled=\"true\" visible=\"true\" accessible=\"false\" x=\"179\" y=\"186\" width=\"33\" height=\"18\" index=\"0\"/>\n                  </XCUIElementTypeButton>\n                </XCUIElementTypeOther>\n              </XCUIElementTypeOther>\n            </XCUIElementTypeOther>\n          </XCUIElementTypeOther>\n        </XCUIElementTypeOther>\n      </XCUIElementTypeOther>\n      <XCUIElementTypeTabBar type=\"XCUIElementTypeTabBar\" name=\"Tab Bar\" label=\"Tab Bar\" enabled=\"true\" visible=\"true\" accessible=\"false\" x=\"0\" y=\"729\" width=\"375\" height=\"83\" index=\"1\">\n        <XCUIElementTypeButton type=\"XCUIElementTypeButton\" value=\"1\" name=\"UI Elements\" label=\"UI Elements\" enabled=\"true\" visible=\"true\" accessible=\"true\" x=\"2\" y=\"730\" width=\"121\" height=\"48\" index=\"0\"/>\n        <XCUIElementTypeButton type=\"XCUIElementTypeButton\" name=\"Web View\" label=\"Web View\" enabled=\"true\" visible=\"true\" accessible=\"true\" x=\"127\" y=\"730\" width=\"121\" height=\"48\" index=\"1\"/>\n        <XCUIElementTypeButton type=\"XCUIElementTypeButton\" name=\"Local Testing\" label=\"Local Testing\" enabled=\"true\" visible=\"true\" accessible=\"true\" x=\"252\" y=\"730\" width=\"121\" height=\"48\" index=\"2\"/>\n      </XCUIElementTypeTabBar>\n    </XCUIElementTypeOther>\n  </XCUIElementTypeWindow>\n  <XCUIElementTypeWindow type=\"XCUIElementTypeWindow\" enabled=\"true\" visible=\"false\" accessible=\"false\" x=\"0\" y=\"0\" width=\"375\" height=\"812\" index=\"1\">\n    <XCUIElementTypeOther type=\"XCUIElementTypeOther\" enabled=\"true\" visible=\"false\" accessible=\"false\" x=\"0\" y=\"0\" width=\"375\" height=\"812\" index=\"0\">\n      <XCUIElementTypeOther type=\"XCUIElementTypeOther\" enabled=\"true\" visible=\"false\" accessible=\"false\" x=\"0\" y=\"0\" width=\"375\" height=\"812\" index=\"0\"/>\n    </XCUIElementTypeOther>\n  </XCUIElementTypeWindow>\n</XCUIElementTypeApplication></AppiumAUT>]]"
      } ],
      "attachmentsCount" : 1,
      "shouldDisplayMessage" : false,
      "stepsCount" : 0,
      "hasContent" : true
    } ],
    "attachments" : [ {
      "uid" : "8a44afae380ff578",
      "name" : "Attachment: SHAFT Engine Logs - Current Method log: afterClass",
      "source" : "8a44afae380ff578.txt",
      "type" : "text/plain",
      "size" : 245
    } ],
    "parameters" : [ ],
    "attachmentsCount" : 2,
    "shouldDisplayMessage" : false,
    "stepsCount" : 1,
    "hasContent" : true
  }, {
    "name" : "closureActivities",
    "time" : {
      "start" : 1635248293681,
      "stop" : 1635248304279,
      "duration" : 10598
    },
    "description" : "",
    "status" : "passed",
    "steps" : [ {
      "name" : "Successfully Closed All Drivers.",
      "time" : {
        "start" : 1635248303737,
        "stop" : 1635248303737,
        "duration" : 0
      },
      "status" : "passed",
      "steps" : [ ],
      "attachments" : [ ],
      "parameters" : [ {
        "name" : "actionCounter",
        "value" : "203"
      }, {
        "name" : "logText",
        "value" : "Successfully Closed All Drivers."
      } ],
      "attachmentsCount" : 0,
      "shouldDisplayMessage" : false,
      "stepsCount" : 0,
      "hasContent" : true
    }, {
      "name" : "Issue Summary: Total Issues = 25, New issues for Failed Tests = 23, Open issues for Passed Tests = 2, Open issues for Failed Tests = 0. Kindly check the attached Issue details.",
      "time" : {
        "start" : 1635248303758,
        "stop" : 1635248303759,
        "duration" : 1
      },
      "status" : "passed",
      "steps" : [ ],
      "attachments" : [ {
        "uid" : "a4c46a54142f9a6b",
        "name" : "Attachment: SHAFT Engine Logs - Issues log CSV: 20211026-113823",
        "source" : "a4c46a54142f9a6b.csv",
        "type" : "text/csv",
        "size" : 3486
      } ],
      "parameters" : [ {
        "name" : "actionCounter",
        "value" : "204"
      }, {
        "name" : "logText",
        "value" : "Issue Summary: Total Issues = 25, New issues for Failed Tests = 23, Open issues for Passed Tests = 2, Open issues for Failed Tests = 0. Kindly check the attached Issue details."
      }, {
        "name" : "attachments",
        "value" : "[[SHAFT Engine Logs, Issues log CSV: 20211026-113823, java.io.ByteArrayInputStream@4e9e4145]]"
      } ],
      "attachmentsCount" : 1,
      "shouldDisplayMessage" : false,
      "stepsCount" : 0,
      "hasContent" : true
    } ],
    "attachments" : [ {
      "uid" : "eb791aedff977e44",
      "name" : "Attachment: SHAFT Engine Logs - Execution log: 20211026-113823",
      "source" : "eb791aedff977e44.txt",
      "type" : "text/plain",
      "size" : 171991
    }, {
      "uid" : "2bafc3241c6b7a64",
      "name" : "Attachment: HTML - Extent Emailable Execution Report",
      "source" : "2bafc3241c6b7a64.html",
      "type" : "text/html",
      "size" : 2205152
    } ],
    "parameters" : [ ],
    "attachmentsCount" : 3,
    "shouldDisplayMessage" : false,
    "stepsCount" : 2,
    "hasContent" : true
  } ],
  "labels" : [ {
    "name" : "package",
    "value" : "testPackage01.Test_assertEquals"
  }, {
    "name" : "testClass",
    "value" : "testPackage01.Test_assertEquals"
  }, {
    "name" : "testMethod",
    "value" : "test_assertElementAttribute"
  }, {
    "name" : "parentSuite",
    "value" : "SHAFT: Custom Suite"
  }, {
    "name" : "suite",
    "value" : "SHAFT: Custom Test"
  }, {
    "name" : "subSuite",
    "value" : "testPackage01.Test_assertEquals"
  }, {
    "name" : "host",
    "value" : "fv-az177-140"
  }, {
    "name" : "thread",
    "value" : "532@fv-az177-140.main(1)"
  }, {
    "name" : "framework",
    "value" : "testng"
  }, {
    "name" : "language",
    "value" : "java"
  }, {
    "name" : "resultFormat",
    "value" : "allure2"
  } ],
  "parameters" : [ ],
  "links" : [ ],
  "hidden" : false,
  "retry" : false,
  "extra" : {
    "severity" : "normal",
    "retries" : [ ],
    "categories" : [ {
      "name" : "Product defects",
      "matchedStatuses" : [ ],
      "flaky" : false
    } ],
    "history" : {
      "statistic" : {
        "failed" : 1,
        "broken" : 0,
        "skipped" : 1,
        "passed" : 18,
        "unknown" : 0,
        "total" : 20
      },
      "items" : [ {
        "uid" : "dc15e1233a84573a",
        "reportUrl" : "https://MohabMohie.github.io/SHAFT_ENGINE/allure/Windows/Web/822//#testresult/dc15e1233a84573a",
        "status" : "passed",
        "time" : {
          "start" : 1635022263482,
          "stop" : 1635022266753,
          "duration" : 3271
        }
      }, {
        "uid" : "be7184266f51822b",
        "reportUrl" : "https://MohabMohie.github.io/SHAFT_ENGINE/allure/Windows/Web/801//#testresult/be7184266f51822b",
        "status" : "passed",
        "time" : {
          "start" : 1634004122776,
          "stop" : 1634004126509,
          "duration" : 3733
        }
      }, {
        "uid" : "da405964bfe21d49",
        "reportUrl" : "https://MohabMohie.github.io/SHAFT_ENGINE/allure/Windows/Web/794//#testresult/da405964bfe21d49",
        "status" : "passed",
        "time" : {
          "start" : 1633830786241,
          "stop" : 1633830790483,
          "duration" : 4242
        }
      }, {
        "uid" : "d3afd0cc9973fa15",
        "reportUrl" : "https://MohabMohie.github.io/SHAFT_ENGINE/allure/Windows/Web/785//#testresult/d3afd0cc9973fa15",
        "status" : "passed",
        "time" : {
          "start" : 1633524097414,
          "stop" : 1633524101444,
          "duration" : 4030
        }
      }, {
        "uid" : "1d7b4a6dfac65c95",
        "reportUrl" : "https://MohabMohie.github.io/SHAFT_ENGINE/allure/Windows/Web/783//#testresult/1d7b4a6dfac65c95",
        "status" : "passed",
        "time" : {
          "start" : 1633485489275,
          "stop" : 1633485493725,
          "duration" : 4450
        }
      }, {
        "uid" : "a29a1288de504578",
        "reportUrl" : "https://MohabMohie.github.io/SHAFT_ENGINE/allure/Windows/Web/779//#testresult/a29a1288de504578",
        "status" : "passed",
        "time" : {
          "start" : 1633226145874,
          "stop" : 1633226150424,
          "duration" : 4550
        }
      }, {
        "uid" : "fdafa4bfec58891c",
        "reportUrl" : "https://MohabMohie.github.io/SHAFT_ENGINE/allure/Windows/Web/776//#testresult/fdafa4bfec58891c",
        "status" : "passed",
        "time" : {
          "start" : 1633053545643,
          "stop" : 1633053550064,
          "duration" : 4421
        }
      }, {
        "uid" : "21393579bc9a2c53",
        "reportUrl" : "https://MohabMohie.github.io/SHAFT_ENGINE/allure/Windows/Web/775//#testresult/21393579bc9a2c53",
        "status" : "passed",
        "time" : {
          "start" : 1633038314879,
          "stop" : 1633038318960,
          "duration" : 4081
        }
      }, {
        "uid" : "a7d8cdd88bba50c",
        "reportUrl" : "https://MohabMohie.github.io/SHAFT_ENGINE/allure/Windows/Web/774//#testresult/a7d8cdd88bba50c",
        "status" : "passed",
        "time" : {
          "start" : 1633037448667,
          "stop" : 1633037452686,
          "duration" : 4019
        }
      }, {
        "uid" : "42c824c186f158e1",
        "reportUrl" : "https://MohabMohie.github.io/SHAFT_ENGINE/allure/Windows/Web/760//#testresult/42c824c186f158e1",
        "status" : "passed",
        "time" : {
          "start" : 1632534644078,
          "stop" : 1632534647989,
          "duration" : 3911
        }
      }, {
        "uid" : "a9b5ab70a2508641",
        "reportUrl" : "https://MohabMohie.github.io/SHAFT_ENGINE/allure/Windows/Web/759//#testresult/a9b5ab70a2508641",
        "status" : "passed",
        "time" : {
          "start" : 1632448357482,
          "stop" : 1632448361712,
          "duration" : 4230
        }
      }, {
        "uid" : "73cd4713911d7b64",
        "reportUrl" : "https://MohabMohie.github.io/SHAFT_ENGINE/allure/Windows/Web/756//#testresult/73cd4713911d7b64",
        "status" : "passed",
        "time" : {
          "start" : 1632386904541,
          "stop" : 1632386909159,
          "duration" : 4618
        }
      }, {
        "uid" : "d3fce72d7c8de4c7",
        "reportUrl" : "https://MohabMohie.github.io/SHAFT_ENGINE/allure/Windows/Web/753//#testresult/d3fce72d7c8de4c7",
        "status" : "passed",
        "time" : {
          "start" : 1632320438006,
          "stop" : 1632320442730,
          "duration" : 4724
        }
      }, {
        "uid" : "7de6cb6ab1710e57",
        "reportUrl" : "https://MohabMohie.github.io/SHAFT_ENGINE/allure/Windows/Web/750//#testresult/7de6cb6ab1710e57",
        "status" : "passed",
        "time" : {
          "start" : 1632275655814,
          "stop" : 1632275660771,
          "duration" : 4957
        }
      }, {
        "uid" : "7691697ef8fc5da",
        "reportUrl" : "https://MohabMohie.github.io/SHAFT_ENGINE/allure/Windows/Web/748//#testresult/7691697ef8fc5da",
        "status" : "passed",
        "time" : {
          "start" : 1632154900674,
          "stop" : 1632154905077,
          "duration" : 4403
        }
      }, {
        "uid" : "1ec72571a1e1d37f",
        "reportUrl" : "https://MohabMohie.github.io/SHAFT_ENGINE/allure/Windows/Web/738//#testresult/1ec72571a1e1d37f",
        "status" : "passed",
        "time" : {
          "start" : 1632102844984,
          "stop" : 1632102849246,
          "duration" : 4262
        }
      }, {
        "uid" : "d60965248a908e7d",
        "reportUrl" : "https://MohabMohie.github.io/SHAFT_ENGINE/allure/Windows/Web/737//#testresult/d60965248a908e7d",
        "status" : "passed",
        "time" : {
          "start" : 1632016400423,
          "stop" : 1632016404357,
          "duration" : 3934
        }
      }, {
        "uid" : "36c7b4683b959867",
        "reportUrl" : "https://MohabMohie.github.io/SHAFT_ENGINE/allure/Windows/Web/736//#testresult/36c7b4683b959867",
        "status" : "passed",
        "time" : {
          "start" : 1631930030454,
          "stop" : 1631930034753,
          "duration" : 4299
        }
      }, {
        "uid" : "2d128c76e5a8c644",
        "reportUrl" : "https://MohabMohie.github.io/SHAFT_ENGINE/allure/Windows/Web/734//#testresult/2d128c76e5a8c644",
        "status" : "skipped",
        "statusDetails" : "unknown error: DevToolsActivePort file doesn't exist\nBuild info: version: '3.141.59', revision: 'e82be7d358', time: '2018-11-14T08:17:03'\nSystem info: host: 'fv-az177-306', ip: '10.1.0.8', os.name: 'Windows Server 2019', os.arch: 'amd64', os.version: '10.0', java.version: '16.0.2'\nDriver info: driver.version: EdgeDriver\nremote stacktrace: Backtrace:\n\tOrdinal0 [0x00007FF6E7C292E2+4821730]\n\tOrdinal0 [0x00007FF6E78AD543+1168707]\n\tOrdinal0 [0x00007FF6E78D35AB+1324459]\n\tOrdinal0 [0x00007FF6E78CCC45+1297477]\n\tOrdinal0 [0x00007FF6E7907883+1538179]\n\tOrdinal0 [0x00007FF6E7902B6F+1518447]\n\tOrdinal0 [0x00007FF6E78D8E8A+1347210]\n\tOrdinal0 [0x00007FF6E78D9EEF+1351407]\n\tOrdinal0 [0x00007FF6E798847D+2065533]\n\tOrdinal0 [0x00007FF6E793D31A+1757978]\n\tOrdinal0 [0x00007FF6E7B1D629+3724841]\n\tOrdinal0 [0x00007FF6E793EC09+1764361]\n\tOrdinal0 [0x00007FF6E7C2C518+4834584]\n\tOrdinal0 [0x00007FF6E7C2BF84+4833156]\n\tOrdinal0 [0x00007FF6E7C2BDD6+4832726]\n\tOrdinal0 [0x00007FF6E7BD908C+4493452]\n\tBaseThreadInitThunk [0x00007FFDF1F57974+20]\n\tRtlUserThreadStart [0x00007FFDF2CFA2F1+33]\n",
        "time" : {
          "start" : 1631820876082,
          "stop" : 1631820876095,
          "duration" : 13
        }
      } ]
    },
    "tags" : [ ]
  },
  "source" : "d25a4f2ebbb2dde4.json",
  "parameterValues" : [ ]
}