{
  "uid" : "f2775a28a1726db1",
  "name" : "TC001 - Navigate to URL and Verify Google Logo is Displayed",
  "fullName" : "testPackage01.Test_google.navigateToURLandVerifyGoogleLogoIsDisplayed",
  "historyId" : "42db9a0b95e9103a321dfe36eb368c1b",
  "time" : {
    "start" : 1635247400812,
    "stop" : 1635247401673,
    "duration" : 861
  },
  "status" : "failed",
  "statusMessage" : "Browser Action [NavigateToURL] failed. With the following test data [https://www.google.com/ncr].",
  "statusTrace" : "java.lang.AssertionError: Browser Action [NavigateToURL] failed. With the following test data [https://www.google.com/ncr].\r\n\tat org.testng.Assert.fail(Assert.java:87)\r\n\tat com.shaft.gui.browser.WebDriverBrowserActions.failAction(WebDriverBrowserActions.java:611)\r\n\tat com.shaft.gui.browser.WebDriverBrowserActions.failAction(WebDriverBrowserActions.java:604)\r\n\tat com.shaft.gui.browser.WebDriverBrowserActions.navigateToURL(WebDriverBrowserActions.java:305)\r\n\tat com.shaft.gui.browser.BrowserActions.navigateToURL(BrowserActions.java:107)\r\n\tat poms.GoogleSearch.navigateToURL(GoogleSearch.java:36)\r\n\tat testPackage01.Test_google.navigateToURLandVerifyGoogleLogoIsDisplayed(Test_google.java:24)\r\n\tat java.base/jdk.internal.reflect.NativeMethodAccessorImpl.invoke0(Native Method)\r\n\tat java.base/jdk.internal.reflect.NativeMethodAccessorImpl.invoke(NativeMethodAccessorImpl.java:77)\r\n\tat java.base/jdk.internal.reflect.DelegatingMethodAccessorImpl.invoke(DelegatingMethodAccessorImpl.java:43)\r\n\tat java.base/java.lang.reflect.Method.invoke(Method.java:568)\r\n\tat org.testng.internal.MethodInvocationHelper.invokeMethod(MethodInvocationHelper.java:133)\r\n\tat org.testng.internal.TestInvoker.invokeMethod(TestInvoker.java:598)\r\n\tat org.testng.internal.TestInvoker.invokeTestMethod(TestInvoker.java:173)\r\n\tat org.testng.internal.MethodRunner.runInSequence(MethodRunner.java:46)\r\n\tat org.testng.internal.TestInvoker$MethodInvocationAgent.invoke(TestInvoker.java:824)\r\n\tat org.testng.internal.TestInvoker.invokeTestMethods(TestInvoker.java:146)\r\n\tat org.testng.internal.TestMethodWorker.invokeTestMethods(TestMethodWorker.java:146)\r\n\tat org.testng.internal.TestMethodWorker.run(TestMethodWorker.java:128)\r\n\tat java.base/java.util.ArrayList.forEach(ArrayList.java:1511)\r\n\tat org.testng.TestRunner.privateRun(TestRunner.java:794)\r\n\tat org.testng.TestRunner.run(TestRunner.java:596)\r\n\tat org.testng.SuiteRunner.runTest(SuiteRunner.java:377)\r\n\tat org.testng.SuiteRunner.runSequentially(SuiteRunner.java:371)\r\n\tat org.testng.SuiteRunner.privateRun(SuiteRunner.java:332)\r\n\tat org.testng.SuiteRunner.run(SuiteRunner.java:276)\r\n\tat org.testng.SuiteRunnerWorker.runSuite(SuiteRunnerWorker.java:53)\r\n\tat org.testng.SuiteRunnerWorker.run(SuiteRunnerWorker.java:96)\r\n\tat org.testng.TestNG.runSuitesSequentially(TestNG.java:1212)\r\n\tat org.testng.TestNG.runSuitesLocally(TestNG.java:1134)\r\n\tat org.testng.TestNG.runSuites(TestNG.java:1063)\r\n\tat org.testng.TestNG.run(TestNG.java:1031)\r\n\tat org.apache.maven.surefire.testng.TestNGExecutor.run(TestNGExecutor.java:136)\r\n\tat org.apache.maven.surefire.testng.TestNGDirectoryTestSuite.executeMulti(TestNGDirectoryTestSuite.java:193)\r\n\tat org.apache.maven.surefire.testng.TestNGDirectoryTestSuite.execute(TestNGDirectoryTestSuite.java:94)\r\n\tat org.apache.maven.surefire.testng.TestNGProvider.invoke(TestNGProvider.java:145)\r\n\tat org.apache.maven.surefire.booter.ForkedBooter.runSuitesInProcess(ForkedBooter.java:428)\r\n\tat org.apache.maven.surefire.booter.ForkedBooter.execute(ForkedBooter.java:162)\r\n\tat org.apache.maven.surefire.booter.ForkedBooter.run(ForkedBooter.java:562)\r\n\tat org.apache.maven.surefire.booter.ForkedBooter.main(ForkedBooter.java:548)\r\nCaused by: org.openqa.selenium.UnsupportedCommandException: {\"value\":{\"error\":\"unknown method\",\"message\":\"Method is not implemented\",\"stacktrace\":\"NotImplementedError: Method is not implemented\\n    at XCUITestDriver.getUrl (/nix/store/fjjkigsx6fh18dhj8ns9nqfwwdqz9xwl-appium-1.21.0/node_modules/appium-xcuitest-driver/lib/commands/web.js:90:11)\\n    at commandExecutor (/nix/store/fjjkigsx6fh18dhj8ns9nqfwwdqz9xwl-appium-1.21.0/node_modules/appium-base-driver/lib/basedriver/driver.js:335:9)\\n    at /nix/store/fjjkigsx6fh18dhj8ns9nqfwwdqz9xwl-appium-1.21.0/node_modules/async-lock/lib/index.js:146:12\\n    at AsyncLock._promiseTry (/nix/store/fjjkigsx6fh18dhj8ns9nqfwwdqz9xwl-appium-1.21.0/node_modules/async-lock/lib/index.js:280:31)\\n    at exec (/nix/store/fjjkigsx6fh18dhj8ns9nqfwwdqz9xwl-appium-1.21.0/node_modules/async-lock/lib/index.js:145:9)\\n    at AsyncLock.acquire (/nix/store/fjjkigsx6fh18dhj8ns9nqfwwdqz9xwl-appium-1.21.0/node_modules/async-lock/lib/index.js:162:3)\\n    at XCUITestDriver.executeCommand (/nix/store/fjjkigsx6fh18dhj8ns9nqfwwdqz9xwl-appium-1.21.0/node_modules/appium-base-driver/lib/basedriver/driver.js:348:39)\\n    at XCUITestDriver.executeCommand (/nix/store/fjjkigsx6fh18dhj8ns9nqfwwdqz9xwl-appium-1.21.0/node_modules/appium-xcuitest-driver/lib/driver.js:754:24)\\n    at AppiumDriver.executeCommand (/nix/store/fjjkigsx6fh18dhj8ns9nqfwwdqz9xwl-appium-1.21.0/lib/appium.js:563:36)\\n    at runMicrotasks (<anonymous>)\\n    at processTicksAndRejections (internal/process/task_queues.js:93:5)\\n    at asyncHandler (/nix/store/fjjkigsx6fh18dhj8ns9nqfwwdqz9xwl-appium-1.21.0/node_modules/appium-base-driver/lib/protocol/protocol.js:297:21)\"}}\nCommand duration or timeout: 207 milliseconds\nBuild info: version: '4.0.0', revision: '3a21814679'\nSystem info: host: 'fv-az177-140', ip: '10.1.0.233', os.name: 'Windows Server 2019', os.arch: 'amd64', os.version: '10.0', java.version: '17.0.1'\nDriver info: io.appium.java_client.ios.IOSDriver\nCommand: [ec8fbab04de3d58582987648ea6785f4e3fc5521, getCurrentUrl {}]\nCapabilities {appWaitActivity: *, automationName: xcuitest, bootstrapPath: /usr/local/.browserstack/co..., browserName: , browserstack.isTargetBased: true, bundleID: com.browserstack.Sample-iOS, bundleId: com.browserstack.Sample-iOS, databaseEnabled: false, deviceName: iphone 12 pro max, deviceOrientation: PORTRAIT, javascriptEnabled: true, keychainPassword: [REDACTED VALUE], keychainPath: [REDACTED VALUE], locationContextEnabled: false, networkConnectionEnabled: false, newCommandTimeout: 0, noReset: true, orientation: PORTRAIT, platform: MAC, platformName: iOS, realMobile: true, safariIgnoreFraudWarning: true, safariInitialUrl: http://mobile-internet-chec..., takesScreenshot: true, udid: 00008101-0013642C0121001E, useXctestrunFile: true, waitForQuiescence: false, wdaStartupRetries: 3, webStorageEnabled: false, webkitResponseTimeout: 20000}\nSession ID: ec8fbab04de3d58582987648ea6785f4e3fc5521\r\n\tat jdk.internal.reflect.GeneratedConstructorAccessor36.newInstance(Unknown Source)\r\n\tat java.base/jdk.internal.reflect.DelegatingConstructorAccessorImpl.newInstance(DelegatingConstructorAccessorImpl.java:45)\r\n\tat java.base/java.lang.reflect.Constructor.newInstanceWithCaller(Constructor.java:499)\r\n\tat java.base/java.lang.reflect.Constructor.newInstance(Constructor.java:480)\r\n\tat org.openqa.selenium.remote.ErrorHandler.createThrowable(ErrorHandler.java:217)\r\n\tat org.openqa.selenium.remote.ErrorHandler.throwIfResponseFailed(ErrorHandler.java:169)\r\n\tat org.openqa.selenium.remote.RemoteWebDriver.execute(RemoteWebDriver.java:594)\r\n\tat org.openqa.selenium.remote.RemoteWebDriver.execute(RemoteWebDriver.java:614)\r\n\tat io.appium.java_client.DefaultGenericMobileDriver.execute(DefaultGenericMobileDriver.java:44)\r\n\tat io.appium.java_client.AppiumDriver.execute(AppiumDriver.java:1)\r\n\tat io.appium.java_client.ios.IOSDriver.execute(IOSDriver.java:1)\r\n\tat org.openqa.selenium.remote.RemoteWebDriver.getCurrentUrl(RemoteWebDriver.java:340)\r\n\tat com.shaft.gui.browser.WebDriverBrowserActions.navigateToURL(WebDriverBrowserActions.java:277)\r\n\t... 36 more\r\n",
  "flaky" : false,
  "newFailed" : true,
  "beforeStages" : [ {
    "name" : "beforeClass",
    "time" : {
      "start" : 1635247355127,
      "stop" : 1635247400810,
      "duration" : 45683
    },
    "description" : "",
    "status" : "passed",
    "steps" : [ {
      "name" : "Successfully loaded the following test data file [src/test/resources/TestDataFiles/testSuite01/TestData.xlsx].",
      "time" : {
        "start" : 1635247356191,
        "stop" : 1635247356193,
        "duration" : 2
      },
      "status" : "passed",
      "steps" : [ ],
      "attachments" : [ {
        "uid" : "a01dbbec936dcc95",
        "name" : "Attachment: Test Data - Excel",
        "source" : "a01dbbec936dcc95.xlsx",
        "type" : "application/vnd.openxmlformats-officedocument.spreadsheetml.sheet",
        "size" : 12483
      } ],
      "parameters" : [ {
        "name" : "actionCounter",
        "value" : "65"
      }, {
        "name" : "logText",
        "value" : "Successfully loaded the following test data file [src/test/resources/TestDataFiles/testSuite01/TestData.xlsx]."
      }, {
        "name" : "attachments",
        "value" : "[[Test Data, Excel, java.io.FileInputStream@21219074]]"
      } ],
      "attachmentsCount" : 1,
      "shouldDisplayMessage" : false,
      "stepsCount" : 0,
      "hasContent" : true
    }, {
      "name" : "Attempting to run remotely on: [iOS], [http://mohabmohie1:7E7PgzBtwk4sWLUcF8Y5@hub-cloud.browserstack.com/wd/hub].",
      "time" : {
        "start" : 1635247356193,
        "stop" : 1635247356193,
        "duration" : 0
      },
      "status" : "passed",
      "steps" : [ ],
      "attachments" : [ ],
      "parameters" : [ {
        "name" : "actionCounter",
        "value" : "66"
      }, {
        "name" : "logText",
        "value" : "Attempting to run remotely on: [iOS], [http://mohabmohie1:7E7PgzBtwk4sWLUcF8Y5@hub-cloud.browserstack.com/wd/hub]."
      } ],
      "attachmentsCount" : 0,
      "shouldDisplayMessage" : false,
      "stepsCount" : 0,
      "hasContent" : true
    }, {
      "name" : "Successfully Opened [NativeMobileApp].",
      "time" : {
        "start" : 1635247400808,
        "stop" : 1635247400809,
        "duration" : 1
      },
      "status" : "passed",
      "steps" : [ ],
      "attachments" : [ ],
      "parameters" : [ {
        "name" : "actionCounter",
        "value" : "67"
      }, {
        "name" : "logText",
        "value" : "Successfully Opened [NativeMobileApp]."
      } ],
      "attachmentsCount" : 0,
      "shouldDisplayMessage" : false,
      "stepsCount" : 0,
      "hasContent" : true
    } ],
    "attachments" : [ {
      "uid" : "317f65de6ee5638d",
      "name" : "Attachment: SHAFT Engine Logs - Current Method log: beforeClass",
      "source" : "317f65de6ee5638d.txt",
      "type" : "text/plain",
      "size" : 679
    } ],
    "parameters" : [ ],
    "attachmentsCount" : 2,
    "shouldDisplayMessage" : false,
    "stepsCount" : 3,
    "hasContent" : true
  } ],
  "testStage" : {
    "status" : "failed",
    "statusMessage" : "Browser Action [NavigateToURL] failed. With the following test data [https://www.google.com/ncr].",
    "statusTrace" : "java.lang.AssertionError: Browser Action [NavigateToURL] failed. With the following test data [https://www.google.com/ncr].\r\n\tat org.testng.Assert.fail(Assert.java:87)\r\n\tat com.shaft.gui.browser.WebDriverBrowserActions.failAction(WebDriverBrowserActions.java:611)\r\n\tat com.shaft.gui.browser.WebDriverBrowserActions.failAction(WebDriverBrowserActions.java:604)\r\n\tat com.shaft.gui.browser.WebDriverBrowserActions.navigateToURL(WebDriverBrowserActions.java:305)\r\n\tat com.shaft.gui.browser.BrowserActions.navigateToURL(BrowserActions.java:107)\r\n\tat poms.GoogleSearch.navigateToURL(GoogleSearch.java:36)\r\n\tat testPackage01.Test_google.navigateToURLandVerifyGoogleLogoIsDisplayed(Test_google.java:24)\r\n\tat java.base/jdk.internal.reflect.NativeMethodAccessorImpl.invoke0(Native Method)\r\n\tat java.base/jdk.internal.reflect.NativeMethodAccessorImpl.invoke(NativeMethodAccessorImpl.java:77)\r\n\tat java.base/jdk.internal.reflect.DelegatingMethodAccessorImpl.invoke(DelegatingMethodAccessorImpl.java:43)\r\n\tat java.base/java.lang.reflect.Method.invoke(Method.java:568)\r\n\tat org.testng.internal.MethodInvocationHelper.invokeMethod(MethodInvocationHelper.java:133)\r\n\tat org.testng.internal.TestInvoker.invokeMethod(TestInvoker.java:598)\r\n\tat org.testng.internal.TestInvoker.invokeTestMethod(TestInvoker.java:173)\r\n\tat org.testng.internal.MethodRunner.runInSequence(MethodRunner.java:46)\r\n\tat org.testng.internal.TestInvoker$MethodInvocationAgent.invoke(TestInvoker.java:824)\r\n\tat org.testng.internal.TestInvoker.invokeTestMethods(TestInvoker.java:146)\r\n\tat org.testng.internal.TestMethodWorker.invokeTestMethods(TestMethodWorker.java:146)\r\n\tat org.testng.internal.TestMethodWorker.run(TestMethodWorker.java:128)\r\n\tat java.base/java.util.ArrayList.forEach(ArrayList.java:1511)\r\n\tat org.testng.TestRunner.privateRun(TestRunner.java:794)\r\n\tat org.testng.TestRunner.run(TestRunner.java:596)\r\n\tat org.testng.SuiteRunner.runTest(SuiteRunner.java:377)\r\n\tat org.testng.SuiteRunner.runSequentially(SuiteRunner.java:371)\r\n\tat org.testng.SuiteRunner.privateRun(SuiteRunner.java:332)\r\n\tat org.testng.SuiteRunner.run(SuiteRunner.java:276)\r\n\tat org.testng.SuiteRunnerWorker.runSuite(SuiteRunnerWorker.java:53)\r\n\tat org.testng.SuiteRunnerWorker.run(SuiteRunnerWorker.java:96)\r\n\tat org.testng.TestNG.runSuitesSequentially(TestNG.java:1212)\r\n\tat org.testng.TestNG.runSuitesLocally(TestNG.java:1134)\r\n\tat org.testng.TestNG.runSuites(TestNG.java:1063)\r\n\tat org.testng.TestNG.run(TestNG.java:1031)\r\n\tat org.apache.maven.surefire.testng.TestNGExecutor.run(TestNGExecutor.java:136)\r\n\tat org.apache.maven.surefire.testng.TestNGDirectoryTestSuite.executeMulti(TestNGDirectoryTestSuite.java:193)\r\n\tat org.apache.maven.surefire.testng.TestNGDirectoryTestSuite.execute(TestNGDirectoryTestSuite.java:94)\r\n\tat org.apache.maven.surefire.testng.TestNGProvider.invoke(TestNGProvider.java:145)\r\n\tat org.apache.maven.surefire.booter.ForkedBooter.runSuitesInProcess(ForkedBooter.java:428)\r\n\tat org.apache.maven.surefire.booter.ForkedBooter.execute(ForkedBooter.java:162)\r\n\tat org.apache.maven.surefire.booter.ForkedBooter.run(ForkedBooter.java:562)\r\n\tat org.apache.maven.surefire.booter.ForkedBooter.main(ForkedBooter.java:548)\r\nCaused by: org.openqa.selenium.UnsupportedCommandException: {\"value\":{\"error\":\"unknown method\",\"message\":\"Method is not implemented\",\"stacktrace\":\"NotImplementedError: Method is not implemented\\n    at XCUITestDriver.getUrl (/nix/store/fjjkigsx6fh18dhj8ns9nqfwwdqz9xwl-appium-1.21.0/node_modules/appium-xcuitest-driver/lib/commands/web.js:90:11)\\n    at commandExecutor (/nix/store/fjjkigsx6fh18dhj8ns9nqfwwdqz9xwl-appium-1.21.0/node_modules/appium-base-driver/lib/basedriver/driver.js:335:9)\\n    at /nix/store/fjjkigsx6fh18dhj8ns9nqfwwdqz9xwl-appium-1.21.0/node_modules/async-lock/lib/index.js:146:12\\n    at AsyncLock._promiseTry (/nix/store/fjjkigsx6fh18dhj8ns9nqfwwdqz9xwl-appium-1.21.0/node_modules/async-lock/lib/index.js:280:31)\\n    at exec (/nix/store/fjjkigsx6fh18dhj8ns9nqfwwdqz9xwl-appium-1.21.0/node_modules/async-lock/lib/index.js:145:9)\\n    at AsyncLock.acquire (/nix/store/fjjkigsx6fh18dhj8ns9nqfwwdqz9xwl-appium-1.21.0/node_modules/async-lock/lib/index.js:162:3)\\n    at XCUITestDriver.executeCommand (/nix/store/fjjkigsx6fh18dhj8ns9nqfwwdqz9xwl-appium-1.21.0/node_modules/appium-base-driver/lib/basedriver/driver.js:348:39)\\n    at XCUITestDriver.executeCommand (/nix/store/fjjkigsx6fh18dhj8ns9nqfwwdqz9xwl-appium-1.21.0/node_modules/appium-xcuitest-driver/lib/driver.js:754:24)\\n    at AppiumDriver.executeCommand (/nix/store/fjjkigsx6fh18dhj8ns9nqfwwdqz9xwl-appium-1.21.0/lib/appium.js:563:36)\\n    at runMicrotasks (<anonymous>)\\n    at processTicksAndRejections (internal/process/task_queues.js:93:5)\\n    at asyncHandler (/nix/store/fjjkigsx6fh18dhj8ns9nqfwwdqz9xwl-appium-1.21.0/node_modules/appium-base-driver/lib/protocol/protocol.js:297:21)\"}}\nCommand duration or timeout: 207 milliseconds\nBuild info: version: '4.0.0', revision: '3a21814679'\nSystem info: host: 'fv-az177-140', ip: '10.1.0.233', os.name: 'Windows Server 2019', os.arch: 'amd64', os.version: '10.0', java.version: '17.0.1'\nDriver info: io.appium.java_client.ios.IOSDriver\nCommand: [ec8fbab04de3d58582987648ea6785f4e3fc5521, getCurrentUrl {}]\nCapabilities {appWaitActivity: *, automationName: xcuitest, bootstrapPath: /usr/local/.browserstack/co..., browserName: , browserstack.isTargetBased: true, bundleID: com.browserstack.Sample-iOS, bundleId: com.browserstack.Sample-iOS, databaseEnabled: false, deviceName: iphone 12 pro max, deviceOrientation: PORTRAIT, javascriptEnabled: true, keychainPassword: [REDACTED VALUE], keychainPath: [REDACTED VALUE], locationContextEnabled: false, networkConnectionEnabled: false, newCommandTimeout: 0, noReset: true, orientation: PORTRAIT, platform: MAC, platformName: iOS, realMobile: true, safariIgnoreFraudWarning: true, safariInitialUrl: http://mobile-internet-chec..., takesScreenshot: true, udid: 00008101-0013642C0121001E, useXctestrunFile: true, waitForQuiescence: false, wdaStartupRetries: 3, webStorageEnabled: false, webkitResponseTimeout: 20000}\nSession ID: ec8fbab04de3d58582987648ea6785f4e3fc5521\r\n\tat jdk.internal.reflect.GeneratedConstructorAccessor36.newInstance(Unknown Source)\r\n\tat java.base/jdk.internal.reflect.DelegatingConstructorAccessorImpl.newInstance(DelegatingConstructorAccessorImpl.java:45)\r\n\tat java.base/java.lang.reflect.Constructor.newInstanceWithCaller(Constructor.java:499)\r\n\tat java.base/java.lang.reflect.Constructor.newInstance(Constructor.java:480)\r\n\tat org.openqa.selenium.remote.ErrorHandler.createThrowable(ErrorHandler.java:217)\r\n\tat org.openqa.selenium.remote.ErrorHandler.throwIfResponseFailed(ErrorHandler.java:169)\r\n\tat org.openqa.selenium.remote.RemoteWebDriver.execute(RemoteWebDriver.java:594)\r\n\tat org.openqa.selenium.remote.RemoteWebDriver.execute(RemoteWebDriver.java:614)\r\n\tat io.appium.java_client.DefaultGenericMobileDriver.execute(DefaultGenericMobileDriver.java:44)\r\n\tat io.appium.java_client.AppiumDriver.execute(AppiumDriver.java:1)\r\n\tat io.appium.java_client.ios.IOSDriver.execute(IOSDriver.java:1)\r\n\tat org.openqa.selenium.remote.RemoteWebDriver.getCurrentUrl(RemoteWebDriver.java:340)\r\n\tat com.shaft.gui.browser.WebDriverBrowserActions.navigateToURL(WebDriverBrowserActions.java:277)\r\n\t... 36 more\r\n",
    "steps" : [ {
      "name" : "An Exception Occured with this Message: {\"value\":{\"error\":\"unknown method\",\"message\":\"Method is not implemented\",\"stacktrace\":\"NotImplementedError: Method is not implemented\\n    at XCUITestDriver.execute (/nix/store/fjjkigsx6fh18dhj8ns9nqfwwdqz9xwl-appium-1.21.0/node_modules/appium-xcuitest-driver/lib/commands/execute.js:37:11)\\n    at commandExecutor (/nix/store/fjjkigsx6fh18dhj8ns9nqfwwdqz9xwl-appium-1.21.0/node_modules/appium-base-driver/lib/basedriver/driver.js:335:9)\\n    at /nix/store/fjjkigsx6fh18dhj8ns9nqfwwdqz9xwl-appium-1.21.0/node_modules/async-lock/lib/index.js:146:12\\n    at AsyncLock._promiseTry (/nix/store/fjjkigsx6fh18dhj8ns9nqfwwdqz9xwl-appium-1.21.0/node_modules/async-lock/lib/index.js:280:31)\\n    at exec (/nix/store/fjjkigsx6fh18dhj8ns9nqfwwdqz9xwl-appium-1.21.0/node_modules/async-lock/lib/index.js:145:9)\\n    at AsyncLock.acquire (/nix/store/fjjkigsx6fh18dhj8ns9nqfwwdqz9xwl-appium-1.21.0/node_modules/async-lock/lib/index.js:162:3)\\n    at XCUITestDriver.executeCommand (/nix/store/fjjkigsx6fh18dhj8ns9nqfwwdqz9xwl-appium-1.21.0/node_modules/appium-base-driver/lib/basedriver/driver.js:348:39)\\n    at XCUITestDriver.executeCommand (/nix/store/fjjkigsx6fh18dhj8ns9nqfwwdqz9xwl-appium-1.21.0/node_modules/appium-xcuitest-driver/lib/driver.js:754:24)\\n    at AppiumDriver.executeCommand (/nix/store/fjjkigsx6fh18dhj8ns9nqfwwdqz9xwl-appium-1.21.0/lib/appium.js:563:36)\\n    at runMicrotasks (<anonymous>)\\n    at processTicksAndRejections (internal/process/task_queues.js:93:5)\\n    at asyncHandler (/nix/store/fjjkigsx6fh18dhj8ns9nqfwwdqz9xwl-appium-1.21.0/node_modules/appium-base-driver/lib/protocol/protocol.js:297:21)\"}}.",
      "time" : {
        "start" : 1635247401051,
        "stop" : 1635247401052,
        "duration" : 1
      },
      "status" : "passed",
      "steps" : [ ],
      "attachments" : [ {
        "uid" : "dde90c261caf504a",
        "name" : "Attachment: Exception Stack Trace - org.openqa.selenium.UnsupportedCommandException",
        "source" : "dde90c261caf504a.txt",
        "type" : "text/plain",
        "size" : 6333
      } ],
      "parameters" : [ {
        "name" : "actionCounter",
        "value" : "68"
      }, {
        "name" : "logText",
        "value" : "An Exception Occured with this Message: {\"value\":{\"error\":\"unknown method\",\"message\":\"Method is not implemented\",\"stacktrace\":\"NotImplementedError: Method is not implemented\\n    at XCUITestDriver.execute (/nix/store/fjjkigsx6fh18dhj8ns9nqfwwdqz9xwl-appium-1.21.0/node_modules/appium-xcuitest-driver/lib/commands/execute.js:37:11)\\n    at commandExecutor (/nix/store/fjjkigsx6fh18dhj8ns9nqfwwdqz9xwl-appium-1.21.0/node_modules/appium-base-driver/lib/basedriver/driver.js:335:9)\\n    at /nix/store/fjjkigsx6fh18dhj8ns9nqfwwdqz9xwl-appium-1.21.0/node_modules/async-lock/lib/index.js:146:12\\n    at AsyncLock._promiseTry (/nix/store/fjjkigsx6fh18dhj8ns9nqfwwdqz9xwl-appium-1.21.0/node_modules/async-lock/lib/index.js:280:31)\\n    at exec (/nix/store/fjjkigsx6fh18dhj8ns9nqfwwdqz9xwl-appium-1.21.0/node_modules/async-lock/lib/index.js:145:9)\\n    at AsyncLock.acquire (/nix/store/fjjkigsx6fh18dhj8ns9nqfwwdqz9xwl-appium-1.21.0/node_modules/async-lock/lib/index.js:162:3)\\n    at XCUITestDriver.executeCommand (/nix/store/fjjkigsx6fh18dhj8ns9nqfwwdqz9xwl-appium-1.21.0/node_modules/appium-base-driver/lib/basedriver/driver.js:348:39)\\n    at XCUITestDriver.executeCommand (/nix/store/fjjkigsx6fh18dhj8ns9nqfwwdqz9xwl-appium-1.21.0/node_modules/appium-xcuitest-driver/lib/driver.js:754:24)\\n    at AppiumDriver.executeCommand (/nix/store/fjjkigsx6fh18dhj8ns9nqfwwdqz9xwl-appium-1.21.0/lib/appium.js:563:36)\\n    at runMicrotasks (<anonymous>)\\n    at processTicksAndRejections (internal/process/task_queues.js:93:5)\\n    at asyncHandler (/nix/store/fjjkigsx6fh18dhj8ns9nqfwwdqz9xwl-appium-1.21.0/node_modules/appium-base-driver/lib/protocol/protocol.js:297:21)\"}}."
      }, {
        "name" : "attachments",
        "value" : "[[Exception Stack Trace, org.openqa.selenium.UnsupportedCommandException, org.openqa.selenium.UnsupportedCommandException:\r\n{\"value\":{\"error\":\"unknown method\",\"message\":\"Method is not implemented\",\"stacktrace\":\"NotImplementedError: Method is not implemented\\n    at XCUITestDriver.execute (/nix/store/fjjkigsx6fh18dhj8ns9nqfwwdqz9xwl-appium-1.21.0/node_modules/appium-xcuitest-driver/lib/commands/execute.js:37:11)\\n    at commandExecutor (/nix/store/fjjkigsx6fh18dhj8ns9nqfwwdqz9xwl-appium-1.21.0/node_modules/appium-base-driver/lib/basedriver/driver.js:335:9)\\n    at /nix/store/fjjkigsx6fh18dhj8ns9nqfwwdqz9xwl-appium-1.21.0/node_modules/async-lock/lib/index.js:146:12\\n    at AsyncLock._promiseTry (/nix/store/fjjkigsx6fh18dhj8ns9nqfwwdqz9xwl-appium-1.21.0/node_modules/async-lock/lib/index.js:280:31)\\n    at exec (/nix/store/fjjkigsx6fh18dhj8ns9nqfwwdqz9xwl-appium-1.21.0/node_modules/async-lock/lib/index.js:145:9)\\n    at AsyncLock.acquire (/nix/store/fjjkigsx6fh18dhj8ns9nqfwwdqz9xwl-appium-1.21.0/node_modules/async-lock/lib/index.js:162:3)\\n    at XCUITestDriver.executeCommand (/nix/store/fjjkigsx6fh18dhj8ns9nqfwwdqz9xwl-appium-1.21.0/node_modules/appium-base-driver/lib/basedriver/driver.js:348:39)\\n    at XCUITestDriver.executeCommand (/nix/store/fjjkigsx6fh18dhj8ns9nqfwwdqz9xwl-appium-1.21.0/node_modules/appium-xcuitest-driver/lib/driver.js:754:24)\\n    at AppiumDriver.executeCommand (/nix/store/fjjkigsx6fh18dhj8ns9nqfwwdqz9xwl-appium-1.21.0/lib/appium.js:563:36)\\n    at runMicrotasks (<anonymous>)\\n    at processTicksAndRejections (internal/process/task_queues.js:93:5)\\n    at asyncHandler (/nix/store/fjjkigsx6fh18dhj8ns9nqfwwdqz9xwl-appium-1.21.0/node_modules/appium-base-driver/lib/protocol/protocol.js:297:21)\"}}\nCommand duration or timeout: 236 milliseconds\nBuild info: version: '4.0.0', revision: '3a21814679'\nSystem info: host: 'fv-az177-140', ip: '10.1.0.233', os.name: 'Windows Server 2019', os.arch: 'amd64', os.version: '10.0', java.version: '17.0.1'\nDriver info: io.appium.java_client.ios.IOSDriver\nCommand: [ec8fbab04de3d58582987648ea6785f4e3fc5521, executeScript {script=return window.stop;, args=[]}]\nCapabilities {appWaitActivity: *, automationName: xcuitest, bootstrapPath: /usr/local/.browserstack/co..., browserName: , browserstack.isTargetBased: true, bundleID: com.browserstack.Sample-iOS, bundleId: com.browserstack.Sample-iOS, databaseEnabled: false, deviceName: iphone 12 pro max, deviceOrientation: PORTRAIT, javascriptEnabled: true, keychainPassword: [REDACTED VALUE], keychainPath: [REDACTED VALUE], locationContextEnabled: false, networkConnectionEnabled: false, newCommandTimeout: 0, noReset: true, orientation: PORTRAIT, platform: MAC, platformName: iOS, realMobile: true, safariIgnoreFraudWarning: true, safariInitialUrl: http://mobile-internet-chec..., takesScreenshot: true, udid: 00008101-0013642C0121001E, useXctestrunFile: true, waitForQuiescence: false, wdaStartupRetries: 3, webStorageEnabled: false, webkitResponseTimeout: 20000}\nSession ID: ec8fbab04de3d58582987648ea6785f4e3fc5521\r\njdk.internal.reflect.GeneratedConstructorAccessor36.newInstance(Unknown Source)\r\njava.base/jdk.internal.reflect.DelegatingConstructorAccessorImpl.newInstance(DelegatingConstructorAccessorImpl.java:45)\r\njava.base/java.lang.reflect.Constructor.newInstanceWithCaller(Constructor.java:499)\r\njava.base/java.lang.reflect.Constructor.newInstance(Constructor.java:480)\r\norg.openqa.selenium.remote.ErrorHandler.createThrowable(ErrorHandler.java:217)\r\norg.openqa.selenium.remote.ErrorHandler.throwIfResponseFailed(ErrorHandler.java:169)\r\norg.openqa.selenium.remote.RemoteWebDriver.execute(RemoteWebDriver.java:594)\r\norg.openqa.selenium.remote.RemoteWebDriver.executeScript(RemoteWebDriver.java:493)\r\ncom.shaft.gui.browser.WebDriverBrowserActions.navigateToURL(WebDriverBrowserActions.java:261)\r\ncom.shaft.gui.browser.BrowserActions.navigateToURL(BrowserActions.java:107)\r\npoms.GoogleSearch.navigateToURL(GoogleSearch.java:36)\r\ntestPackage01.Test_google.navigateToURLandVerifyGoogleLogoIsDisplayed(Test_google.java:24)\r\njava.base/jdk.internal.reflect.NativeMethodAccessorImpl.invoke0(Native Method)\r\njava.base/jdk.internal.reflect.NativeMethodAccessorImpl.invoke(NativeMethodAccessorImpl.java:77)\r\njava.base/jdk.internal.reflect.DelegatingMethodAccessorImpl.invoke(DelegatingMethodAccessorImpl.java:43)\r\njava.base/java.lang.reflect.Method.invoke(Method.java:568)\r\norg.testng.internal.MethodInvocationHelper.invokeMethod(MethodInvocationHelper.java:133)\r\norg.testng.internal.TestInvoker.invokeMethod(TestInvoker.java:598)\r\norg.testng.internal.TestInvoker.invokeTestMethod(TestInvoker.java:173)\r\norg.testng.internal.MethodRunner.runInSequence(MethodRunner.java:46)\r\norg.testng.internal.TestInvoker$MethodInvocationAgent.invoke(TestInvoker.java:824)\r\norg.testng.internal.TestInvoker.invokeTestMethods(TestInvoker.java:146)\r\norg.testng.internal.TestMethodWorker.invokeTestMethods(TestMethodWorker.java:146)\r\norg.testng.internal.TestMethodWorker.run(TestMethodWorker.java:128)\r\njava.base/java.util.ArrayList.forEach(ArrayList.java:1511)\r\norg.testng.TestRunner.privateRun(TestRunner.java:794)\r\norg.testng.TestRunner.run(TestRunner.java:596)\r\norg.testng.SuiteRunner.runTest(SuiteRunner.java:377)\r\norg.testng.SuiteRunner.runSequentially(SuiteRunner.java:371)\r\norg.testng.SuiteRunner.privateRun(SuiteRunner.java:332)\r\norg.testng.SuiteRunner.run(SuiteRunner.java:276)\r\norg.testng.SuiteRunnerWorker.runSuite(SuiteRunnerWorker.java:53)\r\norg.testng.SuiteRunnerWorker.run(SuiteRunnerWorker.java:96)\r\norg.testng.TestNG.runSuitesSequentially(TestNG.java:1212)\r\norg.testng.TestNG.runSuitesLocally(TestNG.java:1134)\r\norg.testng.TestNG.runSuites(TestNG.java:1063)\r\norg.testng.TestNG.run(TestNG.java:1031)\r\norg.apache.maven.surefire.testng.TestNGExecutor.run(TestNGExecutor.java:136)\r\norg.apache.maven.surefire.testng.TestNGDirectoryTestSuite.executeMulti(TestNGDirectoryTestSuite.java:193)\r\norg.apache.maven.surefire.testng.TestNGDirectoryTestSuite.execute(TestNGDirectoryTestSuite.java:94)\r\norg.apache.maven.surefire.testng.TestNGProvider.invoke(TestNGProvider.java:145)\r\norg.apache.maven.surefire.booter.ForkedBooter.runSuitesInProcess(ForkedBooter.java:428)\r\norg.apache.maven.surefire.booter.ForkedBooter.execute(ForkedBooter.java:162)\r\norg.apache.maven.surefire.booter.ForkedBooter.run(ForkedBooter.java:562)\r\norg.apache.maven.surefire.booter.ForkedBooter.main(ForkedBooter.java:548)\r\n]]"
      } ],
      "attachmentsCount" : 1,
      "shouldDisplayMessage" : false,
      "stepsCount" : 0,
      "hasContent" : true
    }, {
      "name" : "Browser Action [NavigateToURL] failed. With the following test data [https://www.google.com/ncr].",
      "time" : {
        "start" : 1635247401670,
        "stop" : 1635247401670,
        "duration" : 0
      },
      "status" : "passed",
      "steps" : [ ],
      "attachments" : [ ],
      "parameters" : [ {
        "name" : "actionCounter",
        "value" : "70"
      }, {
        "name" : "logText",
        "value" : "Browser Action [NavigateToURL] failed. With the following test data [https://www.google.com/ncr]."
      }, {
        "name" : "attachments",
        "value" : "[null]"
      } ],
      "attachmentsCount" : 0,
      "shouldDisplayMessage" : false,
      "stepsCount" : 0,
      "hasContent" : true
    } ],
    "attachments" : [ {
      "uid" : "d5769dca78fba9c8",
      "name" : "Attachment: SHAFT Engine Logs - Current Method log: navigateToURLandVerifyGoogleLogoIsDisplayed",
      "source" : "d5769dca78fba9c8.txt",
      "type" : "text/plain",
      "size" : 2664
    } ],
    "parameters" : [ ],
    "attachmentsCount" : 2,
    "shouldDisplayMessage" : true,
    "stepsCount" : 2,
    "hasContent" : true
  },
  "afterStages" : [ {
    "name" : "afterClass",
    "time" : {
      "start" : 1635247401695,
      "stop" : 1635247403570,
      "duration" : 1875
    },
    "description" : "",
    "status" : "passed",
    "steps" : [ {
      "name" : "Browser Action [CloseCurrentWindow] successfully performed.",
      "time" : {
        "start" : 1635247403568,
        "stop" : 1635247403569,
        "duration" : 1
      },
      "status" : "passed",
      "steps" : [ ],
      "attachments" : [ {
        "uid" : "b3e343e8e18cf2b1",
        "name" : "Attachment: Browser Action Test Data - CloseCurrentWindow - Actual Value",
        "source" : "b3e343e8e18cf2b1.xml",
        "type" : "application/xml",
        "size" : 4529
      } ],
      "parameters" : [ {
        "name" : "actionCounter",
        "value" : "71"
      }, {
        "name" : "logText",
        "value" : "Browser Action [CloseCurrentWindow] successfully performed."
      }, {
        "name" : "attachments",
        "value" : "[[Browser Action Test Data - CloseCurrentWindow, Actual Value, <?xml version=\"1.0\" encoding=\"UTF-8\"?><AppiumAUT><XCUIElementTypeApplication type=\"XCUIElementTypeApplication\" name=\"Sample iOS\" label=\"Sample iOS\" enabled=\"true\" visible=\"true\" accessible=\"false\" x=\"0\" y=\"0\" width=\"375\" height=\"812\" index=\"0\">\n  <XCUIElementTypeWindow type=\"XCUIElementTypeWindow\" enabled=\"true\" visible=\"true\" accessible=\"false\" x=\"0\" y=\"0\" width=\"375\" height=\"812\" index=\"0\">\n    <XCUIElementTypeOther type=\"XCUIElementTypeOther\" enabled=\"true\" visible=\"true\" accessible=\"false\" x=\"0\" y=\"0\" width=\"375\" height=\"812\" index=\"0\">\n      <XCUIElementTypeOther type=\"XCUIElementTypeOther\" enabled=\"true\" visible=\"true\" accessible=\"false\" x=\"0\" y=\"0\" width=\"375\" height=\"812\" index=\"0\">\n        <XCUIElementTypeOther type=\"XCUIElementTypeOther\" enabled=\"true\" visible=\"true\" accessible=\"false\" x=\"0\" y=\"0\" width=\"375\" height=\"812\" index=\"0\">\n          <XCUIElementTypeOther type=\"XCUIElementTypeOther\" enabled=\"true\" visible=\"true\" accessible=\"false\" x=\"0\" y=\"0\" width=\"375\" height=\"812\" index=\"0\">\n            <XCUIElementTypeNavigationBar type=\"XCUIElementTypeNavigationBar\" name=\"UI Elements\" enabled=\"true\" visible=\"true\" accessible=\"false\" x=\"0\" y=\"44\" width=\"375\" height=\"44\" index=\"0\">\n              <XCUIElementTypeStaticText type=\"XCUIElementTypeStaticText\" value=\"UI Elements\" name=\"UI Elements\" label=\"UI Elements\" enabled=\"true\" visible=\"true\" accessible=\"true\" x=\"140\" y=\"55\" width=\"95\" height=\"21\" index=\"0\"/>\n            </XCUIElementTypeNavigationBar>\n            <XCUIElementTypeOther type=\"XCUIElementTypeOther\" enabled=\"true\" visible=\"true\" accessible=\"false\" x=\"0\" y=\"0\" width=\"375\" height=\"812\" index=\"1\">\n              <XCUIElementTypeOther type=\"XCUIElementTypeOther\" enabled=\"true\" visible=\"true\" accessible=\"false\" x=\"0\" y=\"0\" width=\"375\" height=\"812\" index=\"0\">\n                <XCUIElementTypeOther type=\"XCUIElementTypeOther\" enabled=\"true\" visible=\"true\" accessible=\"false\" x=\"0\" y=\"0\" width=\"375\" height=\"812\" index=\"0\">\n                  <XCUIElementTypeButton type=\"XCUIElementTypeButton\" name=\"Text Button\" label=\"Text\" enabled=\"true\" visible=\"true\" accessible=\"true\" x=\"0\" y=\"97\" width=\"375\" height=\"60\" index=\"0\">\n                    <XCUIElementTypeStaticText type=\"XCUIElementTypeStaticText\" value=\"Text\" name=\"Text\" label=\"Text\" enabled=\"true\" visible=\"true\" accessible=\"false\" x=\"181\" y=\"118\" width=\"29\" height=\"18\" index=\"0\"/>\n                  </XCUIElementTypeButton>\n                  <XCUIElementTypeButton type=\"XCUIElementTypeButton\" name=\"Alert Button\" label=\"Alert\" enabled=\"true\" visible=\"true\" accessible=\"true\" x=\"0\" y=\"165\" width=\"375\" height=\"60\" index=\"1\">\n                    <XCUIElementTypeStaticText type=\"XCUIElementTypeStaticText\" value=\"Alert\" name=\"Alert\" label=\"Alert\" enabled=\"true\" visible=\"true\" accessible=\"false\" x=\"179\" y=\"186\" width=\"33\" height=\"18\" index=\"0\"/>\n                  </XCUIElementTypeButton>\n                </XCUIElementTypeOther>\n              </XCUIElementTypeOther>\n            </XCUIElementTypeOther>\n          </XCUIElementTypeOther>\n        </XCUIElementTypeOther>\n      </XCUIElementTypeOther>\n      <XCUIElementTypeTabBar type=\"XCUIElementTypeTabBar\" name=\"Tab Bar\" label=\"Tab Bar\" enabled=\"true\" visible=\"true\" accessible=\"false\" x=\"0\" y=\"729\" width=\"375\" height=\"83\" index=\"1\">\n        <XCUIElementTypeButton type=\"XCUIElementTypeButton\" value=\"1\" name=\"UI Elements\" label=\"UI Elements\" enabled=\"true\" visible=\"true\" accessible=\"true\" x=\"2\" y=\"730\" width=\"121\" height=\"48\" index=\"0\"/>\n        <XCUIElementTypeButton type=\"XCUIElementTypeButton\" name=\"Web View\" label=\"Web View\" enabled=\"true\" visible=\"true\" accessible=\"true\" x=\"127\" y=\"730\" width=\"121\" height=\"48\" index=\"1\"/>\n        <XCUIElementTypeButton type=\"XCUIElementTypeButton\" name=\"Local Testing\" label=\"Local Testing\" enabled=\"true\" visible=\"true\" accessible=\"true\" x=\"252\" y=\"730\" width=\"121\" height=\"48\" index=\"2\"/>\n      </XCUIElementTypeTabBar>\n    </XCUIElementTypeOther>\n  </XCUIElementTypeWindow>\n  <XCUIElementTypeWindow type=\"XCUIElementTypeWindow\" enabled=\"true\" visible=\"false\" accessible=\"false\" x=\"0\" y=\"0\" width=\"375\" height=\"812\" index=\"1\">\n    <XCUIElementTypeOther type=\"XCUIElementTypeOther\" enabled=\"true\" visible=\"false\" accessible=\"false\" x=\"0\" y=\"0\" width=\"375\" height=\"812\" index=\"0\">\n      <XCUIElementTypeOther type=\"XCUIElementTypeOther\" enabled=\"true\" visible=\"false\" accessible=\"false\" x=\"0\" y=\"0\" width=\"375\" height=\"812\" index=\"0\"/>\n    </XCUIElementTypeOther>\n  </XCUIElementTypeWindow>\n</XCUIElementTypeApplication></AppiumAUT>]]"
      } ],
      "attachmentsCount" : 1,
      "shouldDisplayMessage" : false,
      "stepsCount" : 0,
      "hasContent" : true
    } ],
    "attachments" : [ {
      "uid" : "952e1c9936f62e24",
      "name" : "Attachment: SHAFT Engine Logs - Current Method log: afterClass",
      "source" : "952e1c9936f62e24.txt",
      "type" : "text/plain",
      "size" : 245
    } ],
    "parameters" : [ ],
    "attachmentsCount" : 2,
    "shouldDisplayMessage" : false,
    "stepsCount" : 1,
    "hasContent" : true
  }, {
    "name" : "closureActivities",
    "time" : {
      "start" : 1635248293681,
      "stop" : 1635248304279,
      "duration" : 10598
    },
    "description" : "",
    "status" : "passed",
    "steps" : [ {
      "name" : "Successfully Closed All Drivers.",
      "time" : {
        "start" : 1635248303737,
        "stop" : 1635248303737,
        "duration" : 0
      },
      "status" : "passed",
      "steps" : [ ],
      "attachments" : [ ],
      "parameters" : [ {
        "name" : "actionCounter",
        "value" : "203"
      }, {
        "name" : "logText",
        "value" : "Successfully Closed All Drivers."
      } ],
      "attachmentsCount" : 0,
      "shouldDisplayMessage" : false,
      "stepsCount" : 0,
      "hasContent" : true
    }, {
      "name" : "Issue Summary: Total Issues = 25, New issues for Failed Tests = 23, Open issues for Passed Tests = 2, Open issues for Failed Tests = 0. Kindly check the attached Issue details.",
      "time" : {
        "start" : 1635248303758,
        "stop" : 1635248303759,
        "duration" : 1
      },
      "status" : "passed",
      "steps" : [ ],
      "attachments" : [ {
        "uid" : "a4c46a54142f9a6b",
        "name" : "Attachment: SHAFT Engine Logs - Issues log CSV: 20211026-113823",
        "source" : "a4c46a54142f9a6b.csv",
        "type" : "text/csv",
        "size" : 3486
      } ],
      "parameters" : [ {
        "name" : "actionCounter",
        "value" : "204"
      }, {
        "name" : "logText",
        "value" : "Issue Summary: Total Issues = 25, New issues for Failed Tests = 23, Open issues for Passed Tests = 2, Open issues for Failed Tests = 0. Kindly check the attached Issue details."
      }, {
        "name" : "attachments",
        "value" : "[[SHAFT Engine Logs, Issues log CSV: 20211026-113823, java.io.ByteArrayInputStream@4e9e4145]]"
      } ],
      "attachmentsCount" : 1,
      "shouldDisplayMessage" : false,
      "stepsCount" : 0,
      "hasContent" : true
    } ],
    "attachments" : [ {
      "uid" : "eb791aedff977e44",
      "name" : "Attachment: SHAFT Engine Logs - Execution log: 20211026-113823",
      "source" : "eb791aedff977e44.txt",
      "type" : "text/plain",
      "size" : 171991
    }, {
      "uid" : "2bafc3241c6b7a64",
      "name" : "Attachment: HTML - Extent Emailable Execution Report",
      "source" : "2bafc3241c6b7a64.html",
      "type" : "text/html",
      "size" : 2205152
    } ],
    "parameters" : [ ],
    "attachmentsCount" : 3,
    "shouldDisplayMessage" : false,
    "stepsCount" : 2,
    "hasContent" : true
  } ],
  "labels" : [ {
    "name" : "package",
    "value" : "testPackage01.Test_google"
  }, {
    "name" : "testClass",
    "value" : "testPackage01.Test_google"
  }, {
    "name" : "testMethod",
    "value" : "navigateToURLandVerifyGoogleLogoIsDisplayed"
  }, {
    "name" : "parentSuite",
    "value" : "SHAFT: Custom Suite"
  }, {
    "name" : "suite",
    "value" : "SHAFT: Custom Test"
  }, {
    "name" : "subSuite",
    "value" : "testPackage01.Test_google"
  }, {
    "name" : "host",
    "value" : "fv-az177-140"
  }, {
    "name" : "thread",
    "value" : "532@fv-az177-140.main(1)"
  }, {
    "name" : "framework",
    "value" : "testng"
  }, {
    "name" : "language",
    "value" : "java"
  }, {
    "name" : "resultFormat",
    "value" : "allure2"
  } ],
  "parameters" : [ ],
  "links" : [ ],
  "hidden" : false,
  "retry" : false,
  "extra" : {
    "severity" : "normal",
    "retries" : [ ],
    "categories" : [ {
      "name" : "Product defects",
      "matchedStatuses" : [ ],
      "flaky" : false
    } ],
    "history" : {
      "statistic" : {
        "failed" : 1,
        "broken" : 0,
        "skipped" : 0,
        "passed" : 19,
        "unknown" : 0,
        "total" : 20
      },
      "items" : [ {
        "uid" : "a03a7ff51b68fde1",
        "reportUrl" : "https://MohabMohie.github.io/SHAFT_ENGINE/allure/Windows/Web/822//#testresult/a03a7ff51b68fde1",
        "status" : "passed",
        "time" : {
          "start" : 1635022297638,
          "stop" : 1635022298903,
          "duration" : 1265
        }
      }, {
        "uid" : "9afb26478fd846bc",
        "reportUrl" : "https://MohabMohie.github.io/SHAFT_ENGINE/allure/Windows/Web/801//#testresult/9afb26478fd846bc",
        "status" : "passed",
        "time" : {
          "start" : 1634004163327,
          "stop" : 1634004164763,
          "duration" : 1436
        }
      }, {
        "uid" : "8bb3fe390a97f32e",
        "reportUrl" : "https://MohabMohie.github.io/SHAFT_ENGINE/allure/Windows/Web/794//#testresult/8bb3fe390a97f32e",
        "status" : "passed",
        "time" : {
          "start" : 1633830839731,
          "stop" : 1633830841193,
          "duration" : 1462
        }
      }, {
        "uid" : "e3b20e3e4ae56dc3",
        "reportUrl" : "https://MohabMohie.github.io/SHAFT_ENGINE/allure/Windows/Web/785//#testresult/e3b20e3e4ae56dc3",
        "status" : "passed",
        "time" : {
          "start" : 1633524136166,
          "stop" : 1633524137648,
          "duration" : 1482
        }
      }, {
        "uid" : "afe0253f9f136f75",
        "reportUrl" : "https://MohabMohie.github.io/SHAFT_ENGINE/allure/Windows/Web/783//#testresult/afe0253f9f136f75",
        "status" : "passed",
        "time" : {
          "start" : 1633485534772,
          "stop" : 1633485536273,
          "duration" : 1501
        }
      }, {
        "uid" : "7a9c1c9c022ffe1",
        "reportUrl" : "https://MohabMohie.github.io/SHAFT_ENGINE/allure/Windows/Web/779//#testresult/7a9c1c9c022ffe1",
        "status" : "passed",
        "time" : {
          "start" : 1633226192633,
          "stop" : 1633226194428,
          "duration" : 1795
        }
      }, {
        "uid" : "d90c97fbd204881d",
        "reportUrl" : "https://MohabMohie.github.io/SHAFT_ENGINE/allure/Windows/Web/776//#testresult/d90c97fbd204881d",
        "status" : "passed",
        "time" : {
          "start" : 1633053592208,
          "stop" : 1633053593763,
          "duration" : 1555
        }
      }, {
        "uid" : "ee0fb84e0d1db066",
        "reportUrl" : "https://MohabMohie.github.io/SHAFT_ENGINE/allure/Windows/Web/775//#testresult/ee0fb84e0d1db066",
        "status" : "passed",
        "time" : {
          "start" : 1633038352897,
          "stop" : 1633038354373,
          "duration" : 1476
        }
      }, {
        "uid" : "9f6c7e6f862eb6ac",
        "reportUrl" : "https://MohabMohie.github.io/SHAFT_ENGINE/allure/Windows/Web/774//#testresult/9f6c7e6f862eb6ac",
        "status" : "passed",
        "time" : {
          "start" : 1633037485678,
          "stop" : 1633037487151,
          "duration" : 1473
        }
      }, {
        "uid" : "6dd8d21106b481fb",
        "reportUrl" : "https://MohabMohie.github.io/SHAFT_ENGINE/allure/Windows/Web/760//#testresult/6dd8d21106b481fb",
        "status" : "passed",
        "time" : {
          "start" : 1632534681025,
          "stop" : 1632534682454,
          "duration" : 1429
        }
      }, {
        "uid" : "6644ac29dd8a30ac",
        "reportUrl" : "https://MohabMohie.github.io/SHAFT_ENGINE/allure/Windows/Web/759//#testresult/6644ac29dd8a30ac",
        "status" : "passed",
        "time" : {
          "start" : 1632448403645,
          "stop" : 1632448405188,
          "duration" : 1543
        }
      }, {
        "uid" : "33513be4aab0a1f5",
        "reportUrl" : "https://MohabMohie.github.io/SHAFT_ENGINE/allure/Windows/Web/756//#testresult/33513be4aab0a1f5",
        "status" : "passed",
        "time" : {
          "start" : 1632386961648,
          "stop" : 1632386963155,
          "duration" : 1507
        }
      }, {
        "uid" : "520fd960f9839e4d",
        "reportUrl" : "https://MohabMohie.github.io/SHAFT_ENGINE/allure/Windows/Web/753//#testresult/520fd960f9839e4d",
        "status" : "passed",
        "time" : {
          "start" : 1632320480069,
          "stop" : 1632320481844,
          "duration" : 1775
        }
      }, {
        "uid" : "480732f9bca65bbc",
        "reportUrl" : "https://MohabMohie.github.io/SHAFT_ENGINE/allure/Windows/Web/750//#testresult/480732f9bca65bbc",
        "status" : "passed",
        "time" : {
          "start" : 1632275699105,
          "stop" : 1632275700720,
          "duration" : 1615
        }
      }, {
        "uid" : "2efb2eaaa71b31cd",
        "reportUrl" : "https://MohabMohie.github.io/SHAFT_ENGINE/allure/Windows/Web/748//#testresult/2efb2eaaa71b31cd",
        "status" : "passed",
        "time" : {
          "start" : 1632154944221,
          "stop" : 1632154945735,
          "duration" : 1514
        }
      }, {
        "uid" : "492c5ceea8b9d6d0",
        "reportUrl" : "https://MohabMohie.github.io/SHAFT_ENGINE/allure/Windows/Web/738//#testresult/492c5ceea8b9d6d0",
        "status" : "passed",
        "time" : {
          "start" : 1632102884749,
          "stop" : 1632102886446,
          "duration" : 1697
        }
      }, {
        "uid" : "27f7e029d6d16eec",
        "reportUrl" : "https://MohabMohie.github.io/SHAFT_ENGINE/allure/Windows/Web/737//#testresult/27f7e029d6d16eec",
        "status" : "passed",
        "time" : {
          "start" : 1632016440043,
          "stop" : 1632016441525,
          "duration" : 1482
        }
      }, {
        "uid" : "a0a40751a47d4a8",
        "reportUrl" : "https://MohabMohie.github.io/SHAFT_ENGINE/allure/Windows/Web/736//#testresult/a0a40751a47d4a8",
        "status" : "passed",
        "time" : {
          "start" : 1631930067887,
          "stop" : 1631930069489,
          "duration" : 1602
        }
      }, {
        "uid" : "a384b0c97835f697",
        "reportUrl" : "https://MohabMohie.github.io/SHAFT_ENGINE/allure/Windows/Web/734//#testresult/a384b0c97835f697",
        "status" : "passed",
        "time" : {
          "start" : 1631820963186,
          "stop" : 1631820964811,
          "duration" : 1625
        }
      } ]
    },
    "tags" : [ ]
  },
  "source" : "f2775a28a1726db1.json",
  "parameterValues" : [ ]
}