{
  "uid" : "45fd5b8717b196cd",
  "name" : "dynamicLoading_elementIsHidden",
  "fullName" : "testPackage01.Test_dynamicLoading.dynamicLoading_elementIsHidden",
  "historyId" : "c80eb0293658685903bd1fd24f492c08",
  "time" : {
    "start" : 1637459961213,
    "stop" : 1637459961976,
    "duration" : 763
  },
  "status" : "broken",
  "statusMessage" : "Build info: version: '4.0.0', revision: '3a21814679'\nSystem info: host: 'Mac-1637457734737.local', ip: '10.79.0.253', os.name: 'Mac OS X', os.arch: 'x86_64', os.version: '10.15.7', java.version: '17.0.1'\nDriver info: org.openqa.selenium.safari.SafariDriver\nCommand: [3A9F8A3B-0320-41C6-AE47-282852F7A9A6, getElementRect {id=node-57004551-534D-47D8-B768-F22400A69D90}]\nCapabilities {acceptInsecureCerts: false, browserName: Safari, browserVersion: 15.1, goog:loggingPrefs: {browser: ALL, client: ALL, driver: ALL, performance: ALL, profiler: ALL, server: ALL}, javascriptEnabled: true, pageLoadStrategy: normal, platform: MAC, platformName: MAC, safari:automaticInspection: false, safari:automaticProfiling: false, safari:diagnose: false, safari:platformBuildVersion: 19H1519, safari:platformVersion: 10.15.7, safari:useSimulator: false, setWindowRect: true, strictFileInteractability: false, timeouts: {pageLoad: 30000, script: 30000}, webkit:WebRTC: {DisableICECandidateFiltering: false, DisableInsecureMediaCapture: false}}\nElement: [[SafariDriver: Safari on MAC (3A9F8A3B-0320-41C6-AE47-282852F7A9A6)] -> id: finish]\nSession ID: 3A9F8A3B-0320-41C6-AE47-282852F7A9A6",
  "statusTrace" : "org.openqa.selenium.ElementNotInteractableException: Build info: version: '4.0.0', revision: '3a21814679'\nSystem info: host: 'Mac-1637457734737.local', ip: '10.79.0.253', os.name: 'Mac OS X', os.arch: 'x86_64', os.version: '10.15.7', java.version: '17.0.1'\nDriver info: org.openqa.selenium.safari.SafariDriver\nCommand: [3A9F8A3B-0320-41C6-AE47-282852F7A9A6, getElementRect {id=node-57004551-534D-47D8-B768-F22400A69D90}]\nCapabilities {acceptInsecureCerts: false, browserName: Safari, browserVersion: 15.1, goog:loggingPrefs: {browser: ALL, client: ALL, driver: ALL, performance: ALL, profiler: ALL, server: ALL}, javascriptEnabled: true, pageLoadStrategy: normal, platform: MAC, platformName: MAC, safari:automaticInspection: false, safari:automaticProfiling: false, safari:diagnose: false, safari:platformBuildVersion: 19H1519, safari:platformVersion: 10.15.7, safari:useSimulator: false, setWindowRect: true, strictFileInteractability: false, timeouts: {pageLoad: 30000, script: 30000}, webkit:WebRTC: {DisableICECandidateFiltering: false, DisableInsecureMediaCapture: false}}\nElement: [[SafariDriver: Safari on MAC (3A9F8A3B-0320-41C6-AE47-282852F7A9A6)] -> id: finish]\nSession ID: 3A9F8A3B-0320-41C6-AE47-282852F7A9A6\n\tat java.base/jdk.internal.reflect.NativeConstructorAccessorImpl.newInstance0(Native Method)\n\tat java.base/jdk.internal.reflect.NativeConstructorAccessorImpl.newInstance(NativeConstructorAccessorImpl.java:77)\n\tat java.base/jdk.internal.reflect.DelegatingConstructorAccessorImpl.newInstance(DelegatingConstructorAccessorImpl.java:45)\n\tat java.base/java.lang.reflect.Constructor.newInstanceWithCaller(Constructor.java:499)\n\tat java.base/java.lang.reflect.Constructor.newInstance(Constructor.java:480)\n\tat org.openqa.selenium.remote.codec.w3c.W3CHttpResponseCodec.createException(W3CHttpResponseCodec.java:200)\n\tat org.openqa.selenium.remote.codec.w3c.W3CHttpResponseCodec.decode(W3CHttpResponseCodec.java:133)\n\tat org.openqa.selenium.remote.codec.w3c.W3CHttpResponseCodec.decode(W3CHttpResponseCodec.java:53)\n\tat org.openqa.selenium.remote.HttpCommandExecutor.execute(HttpCommandExecutor.java:184)\n\tat org.openqa.selenium.remote.service.DriverCommandExecutor.invokeExecute(DriverCommandExecutor.java:164)\n\tat org.openqa.selenium.remote.service.DriverCommandExecutor.execute(DriverCommandExecutor.java:139)\n\tat org.openqa.selenium.remote.RemoteWebDriver.execute(RemoteWebDriver.java:559)\n\tat org.openqa.selenium.remote.RemoteWebElement.execute(RemoteWebElement.java:251)\n\tat org.openqa.selenium.remote.RemoteWebElement.getRect(RemoteWebElement.java:343)\n\tat com.shaft.gui.image.ScreenshotManager.internalCaptureScreenShot(ScreenshotManager.java:404)\n\tat com.shaft.gui.image.ScreenshotManager.captureScreenShot(ScreenshotManager.java:141)\n\tat com.shaft.validation.ValidationsHelper.reportValidationState(ValidationsHelper.java:823)\n\tat com.shaft.validation.ValidationsHelper.pass(ValidationsHelper.java:564)\n\tat com.shaft.validation.ValidationsHelper.reportValidationResultOfElementAttribute(ValidationsHelper.java:690)\n\tat com.shaft.validation.ValidationsHelper.validateElementAttribute(ValidationsHelper.java:263)\n\tat com.shaft.validation.Assertions.assertElementAttribute(Assertions.java:201)\n\tat testPackage01.Test_dynamicLoading.dynamicLoading_elementIsHidden(Test_dynamicLoading.java:20)\n\tat java.base/jdk.internal.reflect.NativeMethodAccessorImpl.invoke0(Native Method)\n\tat java.base/jdk.internal.reflect.NativeMethodAccessorImpl.invoke(NativeMethodAccessorImpl.java:77)\n\tat java.base/jdk.internal.reflect.DelegatingMethodAccessorImpl.invoke(DelegatingMethodAccessorImpl.java:43)\n\tat java.base/java.lang.reflect.Method.invoke(Method.java:568)\n\tat org.testng.internal.MethodInvocationHelper.invokeMethod(MethodInvocationHelper.java:133)\n\tat org.testng.internal.TestInvoker.invokeMethod(TestInvoker.java:598)\n\tat org.testng.internal.TestInvoker.invokeTestMethod(TestInvoker.java:173)\n\tat org.testng.internal.MethodRunner.runInSequence(MethodRunner.java:46)\n\tat org.testng.internal.TestInvoker$MethodInvocationAgent.invoke(TestInvoker.java:824)\n\tat org.testng.internal.TestInvoker.invokeTestMethods(TestInvoker.java:146)\n\tat org.testng.internal.TestMethodWorker.invokeTestMethods(TestMethodWorker.java:146)\n\tat org.testng.internal.TestMethodWorker.run(TestMethodWorker.java:128)\n\tat java.base/java.util.ArrayList.forEach(ArrayList.java:1511)\n\tat org.testng.TestRunner.privateRun(TestRunner.java:794)\n\tat org.testng.TestRunner.run(TestRunner.java:596)\n\tat org.testng.SuiteRunner.runTest(SuiteRunner.java:377)\n\tat org.testng.SuiteRunner.runSequentially(SuiteRunner.java:371)\n\tat org.testng.SuiteRunner.privateRun(SuiteRunner.java:332)\n\tat org.testng.SuiteRunner.run(SuiteRunner.java:276)\n\tat org.testng.SuiteRunnerWorker.runSuite(SuiteRunnerWorker.java:53)\n\tat org.testng.SuiteRunnerWorker.run(SuiteRunnerWorker.java:96)\n\tat org.testng.TestNG.runSuitesSequentially(TestNG.java:1212)\n\tat org.testng.TestNG.runSuitesLocally(TestNG.java:1134)\n\tat org.testng.TestNG.runSuites(TestNG.java:1063)\n\tat org.testng.TestNG.run(TestNG.java:1031)\n\tat org.apache.maven.surefire.testng.TestNGExecutor.run(TestNGExecutor.java:136)\n\tat org.apache.maven.surefire.testng.TestNGDirectoryTestSuite.executeMulti(TestNGDirectoryTestSuite.java:193)\n\tat org.apache.maven.surefire.testng.TestNGDirectoryTestSuite.execute(TestNGDirectoryTestSuite.java:94)\n\tat org.apache.maven.surefire.testng.TestNGProvider.invoke(TestNGProvider.java:145)\n\tat org.apache.maven.surefire.booter.ForkedBooter.runSuitesInProcess(ForkedBooter.java:428)\n\tat org.apache.maven.surefire.booter.ForkedBooter.execute(ForkedBooter.java:162)\n\tat org.apache.maven.surefire.booter.ForkedBooter.run(ForkedBooter.java:562)\n\tat org.apache.maven.surefire.booter.ForkedBooter.main(ForkedBooter.java:548)\n",
  "flaky" : false,
  "newFailed" : false,
  "beforeStages" : [ {
    "name" : "beforeMethod",
    "time" : {
      "start" : 1637459960261,
      "stop" : 1637459961210,
      "duration" : 949
    },
    "description" : "",
    "status" : "passed",
    "steps" : [ {
      "name" : "Attempting to run locally on: [Mac-64], [Safari], Headless Execution.",
      "time" : {
        "start" : 1637459960262,
        "stop" : 1637459960262,
        "duration" : 0
      },
      "status" : "passed",
      "steps" : [ ],
      "attachments" : [ ],
      "parameters" : [ {
        "name" : "actionCounter",
        "value" : "455"
      }, {
        "name" : "logText",
        "value" : "Attempting to run locally on: [Mac-64], [Safari], Headless Execution."
      } ],
      "stepsCount" : 0,
      "attachmentsCount" : 0,
      "shouldDisplayMessage" : false,
      "hasContent" : true
    }, {
      "name" : "Successfully Opened Safari.",
      "time" : {
        "start" : 1637459961156,
        "stop" : 1637459961156,
        "duration" : 0
      },
      "status" : "passed",
      "steps" : [ ],
      "attachments" : [ ],
      "parameters" : [ {
        "name" : "actionCounter",
        "value" : "456"
      }, {
        "name" : "logText",
        "value" : "Successfully Opened Safari."
      } ],
      "stepsCount" : 0,
      "attachmentsCount" : 0,
      "shouldDisplayMessage" : false,
      "hasContent" : true
    }, {
      "name" : "Browser Action [MaximizeWindow] successfully performed. With the following test data [New screen size is now: (1176, 811)].",
      "time" : {
        "start" : 1637459961210,
        "stop" : 1637459961210,
        "duration" : 0
      },
      "status" : "passed",
      "steps" : [ ],
      "attachments" : [ ],
      "parameters" : [ {
        "name" : "actionCounter",
        "value" : "457"
      }, {
        "name" : "logText",
        "value" : "Browser Action [MaximizeWindow] successfully performed. With the following test data [New screen size is now: (1176, 811)]."
      }, {
        "name" : "attachments",
        "value" : "[null]"
      } ],
      "stepsCount" : 0,
      "attachmentsCount" : 0,
      "shouldDisplayMessage" : false,
      "hasContent" : true
    } ],
    "attachments" : [ ],
    "parameters" : [ ],
    "stepsCount" : 3,
    "attachmentsCount" : 0,
    "shouldDisplayMessage" : false,
    "hasContent" : true
  }, {
    "name" : "setupActivities",
    "time" : {
      "start" : 1637459658169,
      "stop" : 1637459660706,
      "duration" : 2537
    },
    "description" : "",
    "status" : "passed",
    "steps" : [ {
      "name" : "Folder [allure-results] was not found, it may have already been deleted.",
      "time" : {
        "start" : 1637459658240,
        "stop" : 1637459658243,
        "duration" : 3
      },
      "status" : "passed",
      "steps" : [ ],
      "attachments" : [ ],
      "parameters" : [ {
        "name" : "actionCounter",
        "value" : "1"
      }, {
        "name" : "logText",
        "value" : "Folder [allure-results] was not found, it may have already been deleted."
      } ],
      "stepsCount" : 0,
      "attachmentsCount" : 0,
      "shouldDisplayMessage" : false,
      "hasContent" : true
    }, {
      "name" : "Folder [/Users/runner/.m2/repository/allure/] was not found, it may have already been deleted.",
      "time" : {
        "start" : 1637459658244,
        "stop" : 1637459658244,
        "duration" : 0
      },
      "status" : "passed",
      "steps" : [ ],
      "attachments" : [ ],
      "parameters" : [ {
        "name" : "actionCounter",
        "value" : "2"
      }, {
        "name" : "logText",
        "value" : "Folder [/Users/runner/.m2/repository/allure/] was not found, it may have already been deleted."
      } ],
      "stepsCount" : 0,
      "attachmentsCount" : 0,
      "shouldDisplayMessage" : false,
      "hasContent" : true
    }, {
      "name" : "Downloading a file from this url [https://repo.maven.apache.org/maven2/io/qameta/allure/allure-commandline/2.16.1/allure-commandline-2.16.1.zip] to this directory [target/allureBinary.zip], please wait as downloading may take some time...",
      "time" : {
        "start" : 1637459658245,
        "stop" : 1637459658245,
        "duration" : 0
      },
      "status" : "passed",
      "steps" : [ ],
      "attachments" : [ ],
      "parameters" : [ {
        "name" : "actionCounter",
        "value" : "3"
      }, {
        "name" : "logText",
        "value" : "Downloading a file from this url [https://repo.maven.apache.org/maven2/io/qameta/allure/allure-commandline/2.16.1/allure-commandline-2.16.1.zip] to this directory [target/allureBinary.zip], please wait as downloading may take some time..."
      } ],
      "stepsCount" : 0,
      "attachmentsCount" : 0,
      "shouldDisplayMessage" : false,
      "hasContent" : true
    }, {
      "name" : "Terminal Action [PerformTerminalCommands] successfully performed. With the following test data [Host Name: \"localHost\" | Command: \"chmod u+x /Users/runner/.m2/repository/allure/allure-2.16.1/bin/allure\" | Exit Status: \"0\"].",
      "time" : {
        "start" : 1637459659819,
        "stop" : 1637459659819,
        "duration" : 0
      },
      "status" : "passed",
      "steps" : [ ],
      "attachments" : [ ],
      "parameters" : [ {
        "name" : "actionCounter",
        "value" : "4"
      }, {
        "name" : "logText",
        "value" : "Terminal Action [PerformTerminalCommands] successfully performed. With the following test data [Host Name: \"localHost\" | Command: \"chmod u+x /Users/runner/.m2/repository/allure/allure-2.16.1/bin/allure\" | Exit Status: \"0\"]."
      } ],
      "stepsCount" : 0,
      "attachmentsCount" : 0,
      "shouldDisplayMessage" : false,
      "hasContent" : true
    }, {
      "name" : "Terminal Action [PerformTerminalCommands] successfully performed. With the following test data [Host Name: \"localHost\" | Command: \"chmod u+x generate_allure_report.sh\" | Exit Status: \"0\"].",
      "time" : {
        "start" : 1637459659827,
        "stop" : 1637459659827,
        "duration" : 0
      },
      "status" : "passed",
      "steps" : [ ],
      "attachments" : [ ],
      "parameters" : [ {
        "name" : "actionCounter",
        "value" : "5"
      }, {
        "name" : "logText",
        "value" : "Terminal Action [PerformTerminalCommands] successfully performed. With the following test data [Host Name: \"localHost\" | Command: \"chmod u+x generate_allure_report.sh\" | Exit Status: \"0\"]."
      } ],
      "stepsCount" : 0,
      "attachmentsCount" : 0,
      "shouldDisplayMessage" : false,
      "hasContent" : true
    }, {
      "name" : "Folder [extent-reports] was not found, it may have already been deleted.",
      "time" : {
        "start" : 1637459659937,
        "stop" : 1637459659938,
        "duration" : 1
      },
      "status" : "passed",
      "steps" : [ ],
      "attachments" : [ ],
      "parameters" : [ {
        "name" : "actionCounter",
        "value" : "6"
      }, {
        "name" : "logText",
        "value" : "Folder [extent-reports] was not found, it may have already been deleted."
      } ],
      "stepsCount" : 0,
      "attachmentsCount" : 0,
      "shouldDisplayMessage" : false,
      "hasContent" : true
    } ],
    "attachments" : [ {
      "uid" : "d56d72599baf80c7",
      "name" : "Attachment: SHAFT Links - Important",
      "source" : "d56d72599baf80c7.uri",
      "type" : "text/uri-list",
      "size" : 346
    }, {
      "uid" : "f9d7d5903ea2ff79",
      "name" : "Attachment: Properties - testNG",
      "source" : "f9d7d5903ea2ff79.properties",
      "type" : "text/plain",
      "size" : 492
    }, {
      "uid" : "ceaad8401066def3",
      "name" : "Attachment: Properties - ExecutionPlatform",
      "source" : "ceaad8401066def3.properties",
      "type" : "text/plain",
      "size" : 394
    }, {
      "uid" : "cae94ecbd6d72ff5",
      "name" : "Attachment: Properties - path",
      "source" : "cae94ecbd6d72ff5.properties",
      "type" : "text/plain",
      "size" : 687
    }, {
      "uid" : "77a8c38c03f3b2a0",
      "name" : "Attachment: Properties - video",
      "source" : "77a8c38c03f3b2a0.properties",
      "type" : "text/plain",
      "size" : 763
    }, {
      "uid" : "5cb75d4d50c2c596",
      "name" : "Attachment: Properties - pattern",
      "source" : "5cb75d4d50c2c596.properties",
      "type" : "text/plain",
      "size" : 564
    }, {
      "uid" : "6bf06e5b07eb773f",
      "name" : "Attachment: Properties - internal",
      "source" : "6bf06e5b07eb773f.properties",
      "type" : "text/plain",
      "size" : 116
    }, {
      "uid" : "b57b2381e01539c8",
      "name" : "Attachment: Properties - MobileCapabilities",
      "source" : "b57b2381e01539c8.properties",
      "type" : "text/plain",
      "size" : 470
    }, {
      "uid" : "c590e8b642cce5ff",
      "name" : "Attachment: Properties - cucumber",
      "source" : "c590e8b642cce5ff.properties",
      "type" : "text/plain",
      "size" : 226
    }, {
      "uid" : "45f73c1ca2092f6c",
      "name" : "Attachment: Properties - PlatformFlags",
      "source" : "45f73c1ca2092f6c.properties",
      "type" : "text/plain",
      "size" : 765
    }, {
      "uid" : "e16af1fb14fb14dc",
      "name" : "Attachment: Properties - Timeouts",
      "source" : "e16af1fb14fb14dc.properties",
      "type" : "text/plain",
      "size" : 722
    }, {
      "uid" : "aa3c31c15419ef1e",
      "name" : "Attachment: Properties - Reporting",
      "source" : "aa3c31c15419ef1e.properties",
      "type" : "text/plain",
      "size" : 614
    }, {
      "uid" : "29e2c80be2fccc66",
      "name" : "Attachment: Properties - browserStack",
      "source" : "29e2c80be2fccc66.properties",
      "type" : "text/plain",
      "size" : 877
    }, {
      "uid" : "e356af4a3805be4d",
      "name" : "Attachment: Properties - VisualValidations",
      "source" : "e356af4a3805be4d.properties",
      "type" : "text/plain",
      "size" : 723
    } ],
    "parameters" : [ ],
    "stepsCount" : 6,
    "attachmentsCount" : 14,
    "shouldDisplayMessage" : false,
    "hasContent" : true
  } ],
  "testStage" : {
    "status" : "broken",
    "statusMessage" : "Build info: version: '4.0.0', revision: '3a21814679'\nSystem info: host: 'Mac-1637457734737.local', ip: '10.79.0.253', os.name: 'Mac OS X', os.arch: 'x86_64', os.version: '10.15.7', java.version: '17.0.1'\nDriver info: org.openqa.selenium.safari.SafariDriver\nCommand: [3A9F8A3B-0320-41C6-AE47-282852F7A9A6, getElementRect {id=node-57004551-534D-47D8-B768-F22400A69D90}]\nCapabilities {acceptInsecureCerts: false, browserName: Safari, browserVersion: 15.1, goog:loggingPrefs: {browser: ALL, client: ALL, driver: ALL, performance: ALL, profiler: ALL, server: ALL}, javascriptEnabled: true, pageLoadStrategy: normal, platform: MAC, platformName: MAC, safari:automaticInspection: false, safari:automaticProfiling: false, safari:diagnose: false, safari:platformBuildVersion: 19H1519, safari:platformVersion: 10.15.7, safari:useSimulator: false, setWindowRect: true, strictFileInteractability: false, timeouts: {pageLoad: 30000, script: 30000}, webkit:WebRTC: {DisableICECandidateFiltering: false, DisableInsecureMediaCapture: false}}\nElement: [[SafariDriver: Safari on MAC (3A9F8A3B-0320-41C6-AE47-282852F7A9A6)] -> id: finish]\nSession ID: 3A9F8A3B-0320-41C6-AE47-282852F7A9A6",
    "statusTrace" : "org.openqa.selenium.ElementNotInteractableException: Build info: version: '4.0.0', revision: '3a21814679'\nSystem info: host: 'Mac-1637457734737.local', ip: '10.79.0.253', os.name: 'Mac OS X', os.arch: 'x86_64', os.version: '10.15.7', java.version: '17.0.1'\nDriver info: org.openqa.selenium.safari.SafariDriver\nCommand: [3A9F8A3B-0320-41C6-AE47-282852F7A9A6, getElementRect {id=node-57004551-534D-47D8-B768-F22400A69D90}]\nCapabilities {acceptInsecureCerts: false, browserName: Safari, browserVersion: 15.1, goog:loggingPrefs: {browser: ALL, client: ALL, driver: ALL, performance: ALL, profiler: ALL, server: ALL}, javascriptEnabled: true, pageLoadStrategy: normal, platform: MAC, platformName: MAC, safari:automaticInspection: false, safari:automaticProfiling: false, safari:diagnose: false, safari:platformBuildVersion: 19H1519, safari:platformVersion: 10.15.7, safari:useSimulator: false, setWindowRect: true, strictFileInteractability: false, timeouts: {pageLoad: 30000, script: 30000}, webkit:WebRTC: {DisableICECandidateFiltering: false, DisableInsecureMediaCapture: false}}\nElement: [[SafariDriver: Safari on MAC (3A9F8A3B-0320-41C6-AE47-282852F7A9A6)] -> id: finish]\nSession ID: 3A9F8A3B-0320-41C6-AE47-282852F7A9A6\n\tat java.base/jdk.internal.reflect.NativeConstructorAccessorImpl.newInstance0(Native Method)\n\tat java.base/jdk.internal.reflect.NativeConstructorAccessorImpl.newInstance(NativeConstructorAccessorImpl.java:77)\n\tat java.base/jdk.internal.reflect.DelegatingConstructorAccessorImpl.newInstance(DelegatingConstructorAccessorImpl.java:45)\n\tat java.base/java.lang.reflect.Constructor.newInstanceWithCaller(Constructor.java:499)\n\tat java.base/java.lang.reflect.Constructor.newInstance(Constructor.java:480)\n\tat org.openqa.selenium.remote.codec.w3c.W3CHttpResponseCodec.createException(W3CHttpResponseCodec.java:200)\n\tat org.openqa.selenium.remote.codec.w3c.W3CHttpResponseCodec.decode(W3CHttpResponseCodec.java:133)\n\tat org.openqa.selenium.remote.codec.w3c.W3CHttpResponseCodec.decode(W3CHttpResponseCodec.java:53)\n\tat org.openqa.selenium.remote.HttpCommandExecutor.execute(HttpCommandExecutor.java:184)\n\tat org.openqa.selenium.remote.service.DriverCommandExecutor.invokeExecute(DriverCommandExecutor.java:164)\n\tat org.openqa.selenium.remote.service.DriverCommandExecutor.execute(DriverCommandExecutor.java:139)\n\tat org.openqa.selenium.remote.RemoteWebDriver.execute(RemoteWebDriver.java:559)\n\tat org.openqa.selenium.remote.RemoteWebElement.execute(RemoteWebElement.java:251)\n\tat org.openqa.selenium.remote.RemoteWebElement.getRect(RemoteWebElement.java:343)\n\tat com.shaft.gui.image.ScreenshotManager.internalCaptureScreenShot(ScreenshotManager.java:404)\n\tat com.shaft.gui.image.ScreenshotManager.captureScreenShot(ScreenshotManager.java:141)\n\tat com.shaft.validation.ValidationsHelper.reportValidationState(ValidationsHelper.java:823)\n\tat com.shaft.validation.ValidationsHelper.pass(ValidationsHelper.java:564)\n\tat com.shaft.validation.ValidationsHelper.reportValidationResultOfElementAttribute(ValidationsHelper.java:690)\n\tat com.shaft.validation.ValidationsHelper.validateElementAttribute(ValidationsHelper.java:263)\n\tat com.shaft.validation.Assertions.assertElementAttribute(Assertions.java:201)\n\tat testPackage01.Test_dynamicLoading.dynamicLoading_elementIsHidden(Test_dynamicLoading.java:20)\n\tat java.base/jdk.internal.reflect.NativeMethodAccessorImpl.invoke0(Native Method)\n\tat java.base/jdk.internal.reflect.NativeMethodAccessorImpl.invoke(NativeMethodAccessorImpl.java:77)\n\tat java.base/jdk.internal.reflect.DelegatingMethodAccessorImpl.invoke(DelegatingMethodAccessorImpl.java:43)\n\tat java.base/java.lang.reflect.Method.invoke(Method.java:568)\n\tat org.testng.internal.MethodInvocationHelper.invokeMethod(MethodInvocationHelper.java:133)\n\tat org.testng.internal.TestInvoker.invokeMethod(TestInvoker.java:598)\n\tat org.testng.internal.TestInvoker.invokeTestMethod(TestInvoker.java:173)\n\tat org.testng.internal.MethodRunner.runInSequence(MethodRunner.java:46)\n\tat org.testng.internal.TestInvoker$MethodInvocationAgent.invoke(TestInvoker.java:824)\n\tat org.testng.internal.TestInvoker.invokeTestMethods(TestInvoker.java:146)\n\tat org.testng.internal.TestMethodWorker.invokeTestMethods(TestMethodWorker.java:146)\n\tat org.testng.internal.TestMethodWorker.run(TestMethodWorker.java:128)\n\tat java.base/java.util.ArrayList.forEach(ArrayList.java:1511)\n\tat org.testng.TestRunner.privateRun(TestRunner.java:794)\n\tat org.testng.TestRunner.run(TestRunner.java:596)\n\tat org.testng.SuiteRunner.runTest(SuiteRunner.java:377)\n\tat org.testng.SuiteRunner.runSequentially(SuiteRunner.java:371)\n\tat org.testng.SuiteRunner.privateRun(SuiteRunner.java:332)\n\tat org.testng.SuiteRunner.run(SuiteRunner.java:276)\n\tat org.testng.SuiteRunnerWorker.runSuite(SuiteRunnerWorker.java:53)\n\tat org.testng.SuiteRunnerWorker.run(SuiteRunnerWorker.java:96)\n\tat org.testng.TestNG.runSuitesSequentially(TestNG.java:1212)\n\tat org.testng.TestNG.runSuitesLocally(TestNG.java:1134)\n\tat org.testng.TestNG.runSuites(TestNG.java:1063)\n\tat org.testng.TestNG.run(TestNG.java:1031)\n\tat org.apache.maven.surefire.testng.TestNGExecutor.run(TestNGExecutor.java:136)\n\tat org.apache.maven.surefire.testng.TestNGDirectoryTestSuite.executeMulti(TestNGDirectoryTestSuite.java:193)\n\tat org.apache.maven.surefire.testng.TestNGDirectoryTestSuite.execute(TestNGDirectoryTestSuite.java:94)\n\tat org.apache.maven.surefire.testng.TestNGProvider.invoke(TestNGProvider.java:145)\n\tat org.apache.maven.surefire.booter.ForkedBooter.runSuitesInProcess(ForkedBooter.java:428)\n\tat org.apache.maven.surefire.booter.ForkedBooter.execute(ForkedBooter.java:162)\n\tat org.apache.maven.surefire.booter.ForkedBooter.run(ForkedBooter.java:562)\n\tat org.apache.maven.surefire.booter.ForkedBooter.main(ForkedBooter.java:548)\n",
    "steps" : [ {
      "name" : "Browser Action [NavigateToURL] successfully performed. With the following test data [https://the-internet.herokuapp.com/dynamic_loading/1].",
      "time" : {
        "start" : 1637459961714,
        "stop" : 1637459961715,
        "duration" : 1
      },
      "status" : "passed",
      "steps" : [ ],
      "attachments" : [ ],
      "parameters" : [ {
        "name" : "actionCounter",
        "value" : "458"
      }, {
        "name" : "logText",
        "value" : "Browser Action [NavigateToURL] successfully performed. With the following test data [https://the-internet.herokuapp.com/dynamic_loading/1]."
      }, {
        "name" : "attachments",
        "value" : "[null]"
      } ],
      "stepsCount" : 0,
      "attachmentsCount" : 0,
      "shouldDisplayMessage" : false,
      "hasContent" : true
    }, {
      "name" : "Element Action [Click] successfully performed. With the following test data [By.xpath: //button[text()='Start']].",
      "time" : {
        "start" : 1637459961904,
        "stop" : 1637459961904,
        "duration" : 0
      },
      "status" : "passed",
      "steps" : [ ],
      "attachments" : [ ],
      "parameters" : [ {
        "name" : "actionCounter",
        "value" : "459"
      }, {
        "name" : "logText",
        "value" : "Element Action [Click] successfully performed. With the following test data [By.xpath: //button[text()='Start']]."
      } ],
      "stepsCount" : 0,
      "attachmentsCount" : 0,
      "shouldDisplayMessage" : false,
      "hasContent" : true
    } ],
    "attachments" : [ {
      "uid" : "7b1260d14d966da8",
      "name" : "Attachment: SHAFT Engine Logs - Current Method log: dynamicLoading_elementIsHidden",
      "source" : "7b1260d14d966da8.txt",
      "type" : "text/plain",
      "size" : 1103
    } ],
    "parameters" : [ ],
    "stepsCount" : 2,
    "attachmentsCount" : 1,
    "shouldDisplayMessage" : true,
    "hasContent" : true
  },
  "afterStages" : [ {
    "name" : "afterMethod",
    "time" : {
      "start" : 1637459961977,
      "stop" : 1637459962273,
      "duration" : 296
    },
    "description" : "",
    "status" : "passed",
    "steps" : [ {
      "name" : "Browser Action [CloseCurrentWindow] successfully performed.",
      "time" : {
        "start" : 1637459962272,
        "stop" : 1637459962273,
        "duration" : 1
      },
      "status" : "passed",
      "steps" : [ ],
      "attachments" : [ {
        "uid" : "51c6450957edabae",
        "name" : "Attachment: Browser Action Test Data - CloseCurrentWindow - Actual Value",
        "source" : "51c6450957edabae.html",
        "type" : "text/html",
        "size" : 2186
      } ],
      "parameters" : [ {
        "name" : "actionCounter",
        "value" : "460"
      }, {
        "name" : "logText",
        "value" : "Browser Action [CloseCurrentWindow] successfully performed."
      }, {
        "name" : "attachments",
        "value" : "[[Browser Action Test Data - CloseCurrentWindow, Actual Value, <html class=\"no-js\" lang=\"en\"><!--<![endif]--><head>\n    <script src=\"/js/vendor/298279967.js\"></script>\n    <meta charset=\"utf-8\">\n    <meta name=\"viewport\" content=\"width=device-width\">\n    <title>The Internet</title>\n    <link href=\"/css/app.css\" rel=\"stylesheet\">\n    <link href=\"/css/font-awesome.css\" rel=\"stylesheet\">\n    <script src=\"/js/vendor/jquery-1.11.3.min.js\"></script>\n    <script src=\"/js/vendor/jquery-ui-1.11.4/jquery-ui.js\"></script>\n    <script src=\"/js/foundation/foundation.js\"></script><meta class=\"foundation-mq-small\"><meta class=\"foundation-mq-medium\"><meta class=\"foundation-mq-large\"><style></style>\n    <script src=\"/js/foundation/foundation.alerts.js\"></script>\n    <script>\n      $(document).foundation();\n    </script>\n  </head>\n  <body>\n    <div class=\"row\">\n      <div id=\"flash-messages\" class=\"large-12 columns\">\n      \n        \n      \n        \n      \n        \n      \n      </div>\n    </div>\n    <div class=\"row\">\n      <a href=\"https://github.com/tourdedave/the-internet\"><img style=\"position: absolute; top: 0; right: 0; border: 0;\" src=\"/img/forkme_right_green_007200.png\" alt=\"Fork me on GitHub\"></a>\n      <div id=\"content\" class=\"large-12 columns\">\n        <script>\n  $(function(){\n    $('#start button').click(function(){\n      $('#start').hide();\n      $('#start').before(\"<div id='loading'>Loading... <img src='/img/ajax-loader.gif'></div>\");\n      setTimeout(function() {\n        $('#loading').hide();\n        $('#finish').show();\n      } , 5000 );\n    });\n  });\n</script>\n\n<div class=\"example\">\n  <h3>Dynamically Loaded Page Elements</h3>\n  <h4>Example 1: Element on page that is hidden</h4>\n\n  <br>\n\n  <div id=\"loading\">Loading... <img src=\"/img/ajax-loader.gif\"></div><div id=\"start\" style=\"display: none;\">\n    <button>Start</button>\n  </div>\n\n  <div id=\"finish\" style=\"display:none\">\n    <h4>Hello World!</h4>\n  </div>\n\n</div>\n\n      </div>\n    </div>\n    <div id=\"page-footer\" class=\"row\">\n      <div class=\"large-4 large-centered columns\">\n        <hr>\n        <div style=\"text-align: center;\">Powered by <a target=\"_blank\" href=\"http://elementalselenium.com/\">Elemental Selenium</a></div>\n      </div>\n    </div>\n  \n\n</body></html>]]"
      } ],
      "stepsCount" : 0,
      "attachmentsCount" : 1,
      "shouldDisplayMessage" : false,
      "hasContent" : true
    } ],
    "attachments" : [ ],
    "parameters" : [ ],
    "stepsCount" : 1,
    "attachmentsCount" : 1,
    "shouldDisplayMessage" : false,
    "hasContent" : true
  }, {
    "name" : "teardownActivities",
    "time" : {
      "start" : 1637459969924,
      "stop" : 1637459970449,
      "duration" : 525
    },
    "description" : "",
    "status" : "passed",
    "steps" : [ {
      "name" : "Successfully Closed All Drivers.",
      "time" : {
        "start" : 1637459969924,
        "stop" : 1637459969924,
        "duration" : 0
      },
      "status" : "passed",
      "steps" : [ ],
      "attachments" : [ ],
      "parameters" : [ {
        "name" : "actionCounter",
        "value" : "468"
      }, {
        "name" : "logText",
        "value" : "Successfully Closed All Drivers."
      } ],
      "stepsCount" : 0,
      "attachmentsCount" : 0,
      "shouldDisplayMessage" : false,
      "hasContent" : true
    }, {
      "name" : "Issue Summary: Total Issues = 4, New issues for Failed Tests = 2, Open issues for Passed Tests = 2, Open issues for Failed Tests = 0. Kindly check the attached Issue details.",
      "time" : {
        "start" : 1637459969957,
        "stop" : 1637459969958,
        "duration" : 1
      },
      "status" : "passed",
      "steps" : [ ],
      "attachments" : [ {
        "uid" : "2c87b59e9c99b37b",
        "name" : "Attachment: SHAFT Engine Logs - Issues log CSV: 20211121-015929",
        "source" : "2c87b59e9c99b37b.csv",
        "type" : "text/csv",
        "size" : 502
      } ],
      "parameters" : [ {
        "name" : "actionCounter",
        "value" : "469"
      }, {
        "name" : "logText",
        "value" : "Issue Summary: Total Issues = 4, New issues for Failed Tests = 2, Open issues for Passed Tests = 2, Open issues for Failed Tests = 0. Kindly check the attached Issue details."
      }, {
        "name" : "attachments",
        "value" : "[[SHAFT Engine Logs, Issues log CSV: 20211121-015929, java.io.ByteArrayInputStream@4e780e3a]]"
      } ],
      "stepsCount" : 0,
      "attachmentsCount" : 1,
      "shouldDisplayMessage" : false,
      "hasContent" : true
    } ],
    "attachments" : [ {
      "uid" : "165c05a34d2f7657",
      "name" : "Attachment: SHAFT Engine Logs - Execution log: 20211121-015929",
      "source" : "165c05a34d2f7657.txt",
      "type" : "text/plain",
      "size" : 294041
    }, {
      "uid" : "37be55b907382279",
      "name" : "Attachment: HTML - Extent Emailable Execution Report",
      "source" : "37be55b907382279.html",
      "type" : "text/html",
      "size" : 9614129
    } ],
    "parameters" : [ ],
    "stepsCount" : 2,
    "attachmentsCount" : 3,
    "shouldDisplayMessage" : false,
    "hasContent" : true
  } ],
  "labels" : [ {
    "name" : "package",
    "value" : "testPackage01.Test_dynamicLoading"
  }, {
    "name" : "testClass",
    "value" : "testPackage01.Test_dynamicLoading"
  }, {
    "name" : "testMethod",
    "value" : "dynamicLoading_elementIsHidden"
  }, {
    "name" : "parentSuite",
    "value" : "SHAFT: Custom Suite"
  }, {
    "name" : "suite",
    "value" : "SHAFT: Custom Test"
  }, {
    "name" : "subSuite",
    "value" : "testPackage01.Test_dynamicLoading"
  }, {
    "name" : "host",
    "value" : "Mac-1637457734737.local"
  }, {
    "name" : "thread",
    "value" : "3141@Mac-1637457734737.local.main(1)"
  }, {
    "name" : "framework",
    "value" : "testng"
  }, {
    "name" : "language",
    "value" : "java"
  }, {
    "name" : "resultFormat",
    "value" : "allure2"
  } ],
  "parameters" : [ ],
  "links" : [ ],
  "hidden" : false,
  "retry" : false,
  "extra" : {
    "severity" : "normal",
    "retries" : [ ],
    "categories" : [ {
      "name" : "Test defects",
      "matchedStatuses" : [ ],
      "flaky" : false
    } ],
    "history" : {
      "statistic" : {
        "failed" : 0,
        "broken" : 2,
        "skipped" : 0,
        "passed" : 0,
        "unknown" : 0,
        "total" : 2
      },
      "items" : [ {
        "uid" : "5f764ea073f92aec",
        "reportUrl" : "https://MohabMohie.github.io/SHAFT_ENGINE/allure/macOS/Web/917//#testresult/5f764ea073f92aec",
        "status" : "broken",
        "statusDetails" : "Build info: version: '4.0.0', revision: '3a21814679'\nSystem info: host: 'Mac-1637199730667.local', ip: '10.79.2.23', os.name: 'Mac OS X', os.arch: 'x86_64', os.version: '10.15.7', java.version: '17.0.1'\nDriver info: org.openqa.selenium.safari.SafariDriver\nCommand: [6BBBE134-8BE7-41C5-AED7-E5DEF1B5CDA2, getElementRect {id=node-BBDBDD86-16DE-42DB-9767-70F14D193FDF}]\nCapabilities {acceptInsecureCerts: false, browserName: Safari, browserVersion: 15.0, goog:loggingPrefs: {browser: ALL, client: ALL, driver: ALL, performance: ALL, profiler: ALL, server: ALL}, javascriptEnabled: true, pageLoadStrategy: normal, platform: MAC, platformName: MAC, safari:automaticInspection: false, safari:automaticProfiling: false, safari:diagnose: false, safari:platformBuildVersion: 19H1419, safari:platformVersion: 10.15.7, safari:useSimulator: false, setWindowRect: true, strictFileInteractability: false, timeouts: {pageLoad: 30000, script: 30000}, webkit:WebRTC: {DisableICECandidateFiltering: false, DisableInsecureMediaCapture: false}}\nElement: [[SafariDriver: Safari on MAC (6BBBE134-8BE7-41C5-AED7-E5DEF1B5CDA2)] -> id: finish]\nSession ID: 6BBBE134-8BE7-41C5-AED7-E5DEF1B5CDA2",
        "time" : {
          "start" : 1637200693593,
          "stop" : 1637200694381,
          "duration" : 788
        }
      } ]
    },
    "tags" : [ ]
  },
  "source" : "45fd5b8717b196cd.json",
  "parameterValues" : [ ]
}