{
  "uid" : "18b11e57b9cdcf44",
  "name" : "scrollToElement_insideScreen",
  "fullName" : "testPackage01.appium.AndroidBasicInteractionsTest.scrollToElement_insideScreen",
  "historyId" : "91a09e6b918c11126689d1c5be83411a",
  "time" : {
    "start" : 1637287080983,
    "stop" : 1637287086927,
    "duration" : 5944
  },
  "status" : "failed",
  "statusMessage" : "Element Action [SwipeElementIntoView] failed.",
  "statusTrace" : "java.lang.AssertionError: Element Action [SwipeElementIntoView] failed.\n\tat org.testng.Assert.fail(Assert.java:99)\n\tat com.shaft.gui.element.WebDriverElementActions.failAction(WebDriverElementActions.java:1454)\n\tat com.shaft.gui.element.WebDriverElementActions.failAction(WebDriverElementActions.java:1302)\n\tat com.shaft.gui.element.TouchActions.swipeElementIntoView(TouchActions.java:544)\n\tat com.shaft.gui.element.TouchActions.swipeElementIntoView(TouchActions.java:473)\n\tat testPackage01.appium.AndroidBasicInteractionsTest.scrollToElement_insideScreen(AndroidBasicInteractionsTest.java:26)\n\tat java.base/jdk.internal.reflect.NativeMethodAccessorImpl.invoke0(Native Method)\n\tat java.base/jdk.internal.reflect.NativeMethodAccessorImpl.invoke(NativeMethodAccessorImpl.java:77)\n\tat java.base/jdk.internal.reflect.DelegatingMethodAccessorImpl.invoke(DelegatingMethodAccessorImpl.java:43)\n\tat java.base/java.lang.reflect.Method.invoke(Method.java:568)\n\tat org.testng.internal.MethodInvocationHelper.invokeMethod(MethodInvocationHelper.java:133)\n\tat org.testng.internal.TestInvoker.invokeMethod(TestInvoker.java:598)\n\tat org.testng.internal.TestInvoker.invokeTestMethod(TestInvoker.java:173)\n\tat org.testng.internal.MethodRunner.runInSequence(MethodRunner.java:46)\n\tat org.testng.internal.TestInvoker$MethodInvocationAgent.invoke(TestInvoker.java:824)\n\tat org.testng.internal.TestInvoker.invokeTestMethods(TestInvoker.java:146)\n\tat org.testng.internal.TestMethodWorker.invokeTestMethods(TestMethodWorker.java:146)\n\tat org.testng.internal.TestMethodWorker.run(TestMethodWorker.java:128)\n\tat java.base/java.util.ArrayList.forEach(ArrayList.java:1511)\n\tat org.testng.TestRunner.privateRun(TestRunner.java:794)\n\tat org.testng.TestRunner.run(TestRunner.java:596)\n\tat org.testng.SuiteRunner.runTest(SuiteRunner.java:377)\n\tat org.testng.SuiteRunner.runSequentially(SuiteRunner.java:371)\n\tat org.testng.SuiteRunner.privateRun(SuiteRunner.java:332)\n\tat org.testng.SuiteRunner.run(SuiteRunner.java:276)\n\tat org.testng.SuiteRunnerWorker.runSuite(SuiteRunnerWorker.java:53)\n\tat org.testng.SuiteRunnerWorker.run(SuiteRunnerWorker.java:96)\n\tat org.testng.TestNG.runSuitesSequentially(TestNG.java:1212)\n\tat org.testng.TestNG.runSuitesLocally(TestNG.java:1134)\n\tat org.testng.TestNG.runSuites(TestNG.java:1063)\n\tat org.testng.TestNG.run(TestNG.java:1031)\n\tat org.apache.maven.surefire.testng.TestNGExecutor.run(TestNGExecutor.java:136)\n\tat org.apache.maven.surefire.testng.TestNGDirectoryTestSuite.executeSingleClass(TestNGDirectoryTestSuite.java:112)\n\tat org.apache.maven.surefire.testng.TestNGDirectoryTestSuite.execute(TestNGDirectoryTestSuite.java:99)\n\tat org.apache.maven.surefire.testng.TestNGProvider.invoke(TestNGProvider.java:145)\n\tat org.apache.maven.surefire.booter.ForkedBooter.runSuitesInProcess(ForkedBooter.java:428)\n\tat org.apache.maven.surefire.booter.ForkedBooter.execute(ForkedBooter.java:162)\n\tat org.apache.maven.surefire.booter.ForkedBooter.run(ForkedBooter.java:562)\n\tat org.apache.maven.surefire.booter.ForkedBooter.main(ForkedBooter.java:548)\n",
  "flaky" : false,
  "newFailed" : false,
  "newBroken" : false,
  "newPassed" : false,
  "retriesCount" : 0,
  "retriesStatusChange" : false,
  "beforeStages" : [ {
    "name" : "setupActivities",
    "time" : {
      "start" : 1637287002175,
      "stop" : 1637287005603,
      "duration" : 3428
    },
    "description" : "",
    "status" : "passed",
    "steps" : [ {
      "name" : "Folder [allure-results] was not found, it may have already been deleted.",
      "time" : {
        "start" : 1637287002222,
        "stop" : 1637287002224,
        "duration" : 2
      },
      "status" : "passed",
      "steps" : [ ],
      "attachments" : [ ],
      "parameters" : [ {
        "name" : "actionCounter",
        "value" : "1"
      }, {
        "name" : "logText",
        "value" : "Folder [allure-results] was not found, it may have already been deleted."
      } ],
      "stepsCount" : 0,
      "attachmentsCount" : 0,
      "shouldDisplayMessage" : false,
      "hasContent" : true
    }, {
      "name" : "Folder [/Users/runner/.m2/repository/allure/] was not found, it may have already been deleted.",
      "time" : {
        "start" : 1637287002226,
        "stop" : 1637287002226,
        "duration" : 0
      },
      "status" : "passed",
      "steps" : [ ],
      "attachments" : [ ],
      "parameters" : [ {
        "name" : "actionCounter",
        "value" : "2"
      }, {
        "name" : "logText",
        "value" : "Folder [/Users/runner/.m2/repository/allure/] was not found, it may have already been deleted."
      } ],
      "stepsCount" : 0,
      "attachmentsCount" : 0,
      "shouldDisplayMessage" : false,
      "hasContent" : true
    }, {
      "name" : "Downloading a file from this url [https://repo.maven.apache.org/maven2/io/qameta/allure/allure-commandline/2.16.1/allure-commandline-2.16.1.zip] to this directory [target/allureBinary.zip], please wait as downloading may take some time...",
      "time" : {
        "start" : 1637287002226,
        "stop" : 1637287002226,
        "duration" : 0
      },
      "status" : "passed",
      "steps" : [ ],
      "attachments" : [ ],
      "parameters" : [ {
        "name" : "actionCounter",
        "value" : "3"
      }, {
        "name" : "logText",
        "value" : "Downloading a file from this url [https://repo.maven.apache.org/maven2/io/qameta/allure/allure-commandline/2.16.1/allure-commandline-2.16.1.zip] to this directory [target/allureBinary.zip], please wait as downloading may take some time..."
      } ],
      "stepsCount" : 0,
      "attachmentsCount" : 0,
      "shouldDisplayMessage" : false,
      "hasContent" : true
    }, {
      "name" : "Terminal Action [PerformTerminalCommands] successfully performed. With the following test data [Host Name: \"localHost\" | Command: \"chmod u+x /Users/runner/.m2/repository/allure/allure-2.16.1/bin/allure\" | Exit Status: \"0\"].",
      "time" : {
        "start" : 1637287004614,
        "stop" : 1637287004614,
        "duration" : 0
      },
      "status" : "passed",
      "steps" : [ ],
      "attachments" : [ ],
      "parameters" : [ {
        "name" : "actionCounter",
        "value" : "4"
      }, {
        "name" : "logText",
        "value" : "Terminal Action [PerformTerminalCommands] successfully performed. With the following test data [Host Name: \"localHost\" | Command: \"chmod u+x /Users/runner/.m2/repository/allure/allure-2.16.1/bin/allure\" | Exit Status: \"0\"]."
      } ],
      "stepsCount" : 0,
      "attachmentsCount" : 0,
      "shouldDisplayMessage" : false,
      "hasContent" : true
    }, {
      "name" : "Terminal Action [PerformTerminalCommands] successfully performed. With the following test data [Host Name: \"localHost\" | Command: \"chmod u+x generate_allure_report.sh\" | Exit Status: \"0\"].",
      "time" : {
        "start" : 1637287004660,
        "stop" : 1637287004660,
        "duration" : 0
      },
      "status" : "passed",
      "steps" : [ ],
      "attachments" : [ ],
      "parameters" : [ {
        "name" : "actionCounter",
        "value" : "5"
      }, {
        "name" : "logText",
        "value" : "Terminal Action [PerformTerminalCommands] successfully performed. With the following test data [Host Name: \"localHost\" | Command: \"chmod u+x generate_allure_report.sh\" | Exit Status: \"0\"]."
      } ],
      "stepsCount" : 0,
      "attachmentsCount" : 0,
      "shouldDisplayMessage" : false,
      "hasContent" : true
    }, {
      "name" : "Folder [extent-reports] was not found, it may have already been deleted.",
      "time" : {
        "start" : 1637287004823,
        "stop" : 1637287004823,
        "duration" : 0
      },
      "status" : "passed",
      "steps" : [ ],
      "attachments" : [ ],
      "parameters" : [ {
        "name" : "actionCounter",
        "value" : "6"
      }, {
        "name" : "logText",
        "value" : "Folder [extent-reports] was not found, it may have already been deleted."
      } ],
      "stepsCount" : 0,
      "attachmentsCount" : 0,
      "shouldDisplayMessage" : false,
      "hasContent" : true
    } ],
    "attachments" : [ {
      "uid" : "434daaf54fa0b91a",
      "name" : "Attachment: SHAFT Links - Important",
      "source" : "434daaf54fa0b91a.uri",
      "type" : "text/uri-list",
      "size" : 346
    } ],
    "parameters" : [ ],
    "stepsCount" : 6,
    "attachmentsCount" : 1,
    "shouldDisplayMessage" : false,
    "hasContent" : true
  }, {
    "name" : "setup",
    "time" : {
      "start" : 1637287073030,
      "stop" : 1637287080979,
      "duration" : 7949
    },
    "description" : "",
    "status" : "passed",
    "steps" : [ {
      "name" : "Attempting to run remotely on: [Android], [http://0.0.0.0:4723/wd/hub].",
      "time" : {
        "start" : 1637287073030,
        "stop" : 1637287073031,
        "duration" : 1
      },
      "status" : "passed",
      "steps" : [ ],
      "attachments" : [ ],
      "parameters" : [ {
        "name" : "actionCounter",
        "value" : "24"
      }, {
        "name" : "logText",
        "value" : "Attempting to run remotely on: [Android], [http://0.0.0.0:4723/wd/hub]."
      } ],
      "stepsCount" : 0,
      "attachmentsCount" : 0,
      "shouldDisplayMessage" : false,
      "hasContent" : true
    }, {
      "name" : "Successfully Opened [NativeMobileApp].",
      "time" : {
        "start" : 1637287080801,
        "stop" : 1637287080802,
        "duration" : 1
      },
      "status" : "passed",
      "steps" : [ ],
      "attachments" : [ ],
      "parameters" : [ {
        "name" : "actionCounter",
        "value" : "25"
      }, {
        "name" : "logText",
        "value" : "Successfully Opened [NativeMobileApp]."
      } ],
      "stepsCount" : 0,
      "attachmentsCount" : 0,
      "shouldDisplayMessage" : false,
      "hasContent" : true
    } ],
    "attachments" : [ {
      "uid" : "e6a50f47b07c74dc",
      "name" : "Attachment: SHAFT Engine Logs - Current Method log: setup",
      "source" : "e6a50f47b07c74dc.txt",
      "type" : "text/plain",
      "size" : 667
    } ],
    "parameters" : [ ],
    "stepsCount" : 2,
    "attachmentsCount" : 1,
    "shouldDisplayMessage" : false,
    "hasContent" : true
  } ],
  "testStage" : {
    "status" : "failed",
    "statusMessage" : "Element Action [SwipeElementIntoView] failed.",
    "statusTrace" : "java.lang.AssertionError: Element Action [SwipeElementIntoView] failed.\n\tat org.testng.Assert.fail(Assert.java:99)\n\tat com.shaft.gui.element.WebDriverElementActions.failAction(WebDriverElementActions.java:1454)\n\tat com.shaft.gui.element.WebDriverElementActions.failAction(WebDriverElementActions.java:1302)\n\tat com.shaft.gui.element.TouchActions.swipeElementIntoView(TouchActions.java:544)\n\tat com.shaft.gui.element.TouchActions.swipeElementIntoView(TouchActions.java:473)\n\tat testPackage01.appium.AndroidBasicInteractionsTest.scrollToElement_insideScreen(AndroidBasicInteractionsTest.java:26)\n\tat java.base/jdk.internal.reflect.NativeMethodAccessorImpl.invoke0(Native Method)\n\tat java.base/jdk.internal.reflect.NativeMethodAccessorImpl.invoke(NativeMethodAccessorImpl.java:77)\n\tat java.base/jdk.internal.reflect.DelegatingMethodAccessorImpl.invoke(DelegatingMethodAccessorImpl.java:43)\n\tat java.base/java.lang.reflect.Method.invoke(Method.java:568)\n\tat org.testng.internal.MethodInvocationHelper.invokeMethod(MethodInvocationHelper.java:133)\n\tat org.testng.internal.TestInvoker.invokeMethod(TestInvoker.java:598)\n\tat org.testng.internal.TestInvoker.invokeTestMethod(TestInvoker.java:173)\n\tat org.testng.internal.MethodRunner.runInSequence(MethodRunner.java:46)\n\tat org.testng.internal.TestInvoker$MethodInvocationAgent.invoke(TestInvoker.java:824)\n\tat org.testng.internal.TestInvoker.invokeTestMethods(TestInvoker.java:146)\n\tat org.testng.internal.TestMethodWorker.invokeTestMethods(TestMethodWorker.java:146)\n\tat org.testng.internal.TestMethodWorker.run(TestMethodWorker.java:128)\n\tat java.base/java.util.ArrayList.forEach(ArrayList.java:1511)\n\tat org.testng.TestRunner.privateRun(TestRunner.java:794)\n\tat org.testng.TestRunner.run(TestRunner.java:596)\n\tat org.testng.SuiteRunner.runTest(SuiteRunner.java:377)\n\tat org.testng.SuiteRunner.runSequentially(SuiteRunner.java:371)\n\tat org.testng.SuiteRunner.privateRun(SuiteRunner.java:332)\n\tat org.testng.SuiteRunner.run(SuiteRunner.java:276)\n\tat org.testng.SuiteRunnerWorker.runSuite(SuiteRunnerWorker.java:53)\n\tat org.testng.SuiteRunnerWorker.run(SuiteRunnerWorker.java:96)\n\tat org.testng.TestNG.runSuitesSequentially(TestNG.java:1212)\n\tat org.testng.TestNG.runSuitesLocally(TestNG.java:1134)\n\tat org.testng.TestNG.runSuites(TestNG.java:1063)\n\tat org.testng.TestNG.run(TestNG.java:1031)\n\tat org.apache.maven.surefire.testng.TestNGExecutor.run(TestNGExecutor.java:136)\n\tat org.apache.maven.surefire.testng.TestNGDirectoryTestSuite.executeSingleClass(TestNGDirectoryTestSuite.java:112)\n\tat org.apache.maven.surefire.testng.TestNGDirectoryTestSuite.execute(TestNGDirectoryTestSuite.java:99)\n\tat org.apache.maven.surefire.testng.TestNGProvider.invoke(TestNGProvider.java:145)\n\tat org.apache.maven.surefire.booter.ForkedBooter.runSuitesInProcess(ForkedBooter.java:428)\n\tat org.apache.maven.surefire.booter.ForkedBooter.execute(ForkedBooter.java:162)\n\tat org.apache.maven.surefire.booter.ForkedBooter.run(ForkedBooter.java:562)\n\tat org.apache.maven.surefire.booter.ForkedBooter.main(ForkedBooter.java:548)\n",
    "steps" : [ {
      "name" : "Element Action [Tap] successfully performed. With the following test data [Views].",
      "time" : {
        "start" : 1637287083176,
        "stop" : 1637287083177,
        "duration" : 1
      },
      "status" : "passed",
      "steps" : [ ],
      "attachments" : [ ],
      "parameters" : [ {
        "name" : "actionCounter",
        "value" : "26"
      }, {
        "name" : "logText",
        "value" : "Element Action [Tap] successfully performed. With the following test data [Views]."
      } ],
      "stepsCount" : 0,
      "attachmentsCount" : 0,
      "shouldDisplayMessage" : false,
      "hasContent" : true
    }, {
      "name" : "Element Action [SwipeElementIntoView] failed.",
      "time" : {
        "start" : 1637287086923,
        "stop" : 1637287086924,
        "duration" : 1
      },
      "status" : "passed",
      "steps" : [ ],
      "attachments" : [ {
        "uid" : "af921f83a6cdf692",
        "name" : "Attachment: Screenshot - 1637287086695_scrollToElement_insideScreen_SwipeElementIntoView_failed",
        "source" : "af921f83a6cdf692.png",
        "type" : "image/png",
        "size" : 18038
      } ],
      "parameters" : [ {
        "name" : "actionCounter",
        "value" : "27"
      }, {
        "name" : "logText",
        "value" : "Element Action [SwipeElementIntoView] failed."
      }, {
        "name" : "attachments",
        "value" : "[[Screenshot, 1637287086695_scrollToElement_insideScreen_SwipeElementIntoView_failed, java.io.ByteArrayInputStream@5d03df76]]"
      } ],
      "stepsCount" : 0,
      "attachmentsCount" : 1,
      "shouldDisplayMessage" : false,
      "hasContent" : true
    } ],
    "attachments" : [ {
      "uid" : "44bab46f35eda1e",
      "name" : "Attachment: Animated Gif - scrollToElement_insideScreen",
      "source" : "44bab46f35eda1e.gif",
      "type" : "image/gif",
      "size" : 147592
    }, {
      "uid" : "d8b6ac57d018feef",
      "name" : "Attachment: SHAFT Engine Logs - Current Method log: scrollToElement_insideScreen",
      "source" : "d8b6ac57d018feef.txt",
      "type" : "text/plain",
      "size" : 1401
    } ],
    "parameters" : [ ],
    "stepsCount" : 2,
    "attachmentsCount" : 3,
    "shouldDisplayMessage" : true,
    "hasContent" : true
  },
  "afterStages" : [ {
    "name" : "teardown",
    "time" : {
      "start" : 1637287086928,
      "stop" : 1637287088014,
      "duration" : 1086
    },
    "description" : "",
    "status" : "passed",
    "steps" : [ {
      "name" : "Successfully Closed All Drivers.",
      "time" : {
        "start" : 1637287088012,
        "stop" : 1637287088013,
        "duration" : 1
      },
      "status" : "passed",
      "steps" : [ ],
      "attachments" : [ ],
      "parameters" : [ {
        "name" : "actionCounter",
        "value" : "28"
      }, {
        "name" : "logText",
        "value" : "Successfully Closed All Drivers."
      } ],
      "stepsCount" : 0,
      "attachmentsCount" : 0,
      "shouldDisplayMessage" : false,
      "hasContent" : true
    } ],
    "attachments" : [ {
      "uid" : "57081e41a9c8839a",
      "name" : "Attachment: Video Recording - teardown",
      "source" : "57081e41a9c8839a.mp4",
      "type" : "video/mp4",
      "size" : 115349
    }, {
      "uid" : "6383d39629d2ab41",
      "name" : "Attachment: SHAFT Engine Logs - Current Method log: teardown",
      "source" : "6383d39629d2ab41.txt",
      "type" : "text/plain",
      "size" : 182
    } ],
    "parameters" : [ ],
    "stepsCount" : 1,
    "attachmentsCount" : 2,
    "shouldDisplayMessage" : false,
    "hasContent" : true
  }, {
    "name" : "teardownActivities",
    "time" : {
      "start" : 1637287126638,
      "stop" : 1637287127205,
      "duration" : 567
    },
    "description" : "",
    "status" : "passed",
    "steps" : [ {
      "name" : "Issue Summary: Total Issues = 4, New issues for Failed Tests = 4, Open issues for Passed Tests = 0, Open issues for Failed Tests = 0. Kindly check the attached Issue details.",
      "time" : {
        "start" : 1637287126648,
        "stop" : 1637287126649,
        "duration" : 1
      },
      "status" : "passed",
      "steps" : [ ],
      "attachments" : [ {
        "uid" : "2c5bf7a147a803a8",
        "name" : "Attachment: SHAFT Engine Logs - Issues log CSV: 20211119-015846",
        "source" : "2c5bf7a147a803a8.csv",
        "type" : "text/csv",
        "size" : 688
      } ],
      "parameters" : [ {
        "name" : "actionCounter",
        "value" : "41"
      }, {
        "name" : "logText",
        "value" : "Issue Summary: Total Issues = 4, New issues for Failed Tests = 4, Open issues for Passed Tests = 0, Open issues for Failed Tests = 0. Kindly check the attached Issue details."
      }, {
        "name" : "attachments",
        "value" : "[[SHAFT Engine Logs, Issues log CSV: 20211119-015846, java.io.ByteArrayInputStream@c0b10ae]]"
      } ],
      "stepsCount" : 0,
      "attachmentsCount" : 1,
      "shouldDisplayMessage" : false,
      "hasContent" : true
    } ],
    "attachments" : [ {
      "uid" : "1166d28f7b9b4c4c",
      "name" : "Attachment: SHAFT Engine Logs - Execution log: 20211119-015846",
      "source" : "1166d28f7b9b4c4c.txt",
      "type" : "text/plain",
      "size" : 16113
    }, {
      "uid" : "ac3264d3ea39b39c",
      "name" : "Attachment: HTML - Extent Emailable Execution Report",
      "source" : "ac3264d3ea39b39c.html",
      "type" : "text/html",
      "size" : 2623335
    } ],
    "parameters" : [ ],
    "stepsCount" : 1,
    "attachmentsCount" : 3,
    "shouldDisplayMessage" : false,
    "hasContent" : true
  } ],
  "labels" : [ {
    "name" : "package",
    "value" : "testPackage01.appium.AndroidBasicInteractionsTest"
  }, {
    "name" : "testClass",
    "value" : "testPackage01.appium.AndroidBasicInteractionsTest"
  }, {
    "name" : "testMethod",
    "value" : "scrollToElement_insideScreen"
  }, {
    "name" : "parentSuite",
    "value" : "SHAFT: Custom Suite"
  }, {
    "name" : "suite",
    "value" : "SHAFT: Custom Test"
  }, {
    "name" : "subSuite",
    "value" : "testPackage01.appium.AndroidBasicInteractionsTest"
  }, {
    "name" : "host",
    "value" : "Mac-1637286330880.local"
  }, {
    "name" : "thread",
    "value" : "7018@Mac-1637286330880.local.main(1)"
  }, {
    "name" : "framework",
    "value" : "testng"
  }, {
    "name" : "language",
    "value" : "java"
  }, {
    "name" : "resultFormat",
    "value" : "allure2"
  } ],
  "parameters" : [ ],
  "links" : [ ],
  "hidden" : false,
  "retry" : false,
  "extra" : {
    "severity" : "normal",
    "retries" : [ ],
    "categories" : [ {
      "name" : "Product defects",
      "matchedStatuses" : [ ],
      "flaky" : false
    } ],
    "history" : {
      "statistic" : {
        "failed" : 8,
        "broken" : 0,
        "skipped" : 0,
        "passed" : 0,
        "unknown" : 0,
        "total" : 8
      },
      "items" : [ {
        "uid" : "df39d3c8256671c4",
        "reportUrl" : "https://MohabMohie.github.io/SHAFT_ENGINE/allure/MobileNative/Android/223//#testresult/df39d3c8256671c4",
        "status" : "failed",
        "statusDetails" : "Element Action [SwipeElementIntoView] failed.",
        "time" : {
          "start" : 1637200843910,
          "stop" : 1637200848608,
          "duration" : 4698
        }
      }, {
        "uid" : "a6d35564110d3e61",
        "reportUrl" : "https://MohabMohie.github.io/SHAFT_ENGINE/allure/MobileNative/Android/222//#testresult/a6d35564110d3e61",
        "status" : "failed",
        "statusDetails" : "Element Action [SwipeElementIntoView] failed.",
        "time" : {
          "start" : 1637178774374,
          "stop" : 1637178780135,
          "duration" : 5761
        }
      }, {
        "uid" : "2874393b2c96cd5",
        "reportUrl" : "https://MohabMohie.github.io/SHAFT_ENGINE/allure/MobileNative/Android/221//#testresult/2874393b2c96cd5",
        "status" : "failed",
        "statusDetails" : "Element Action [SwipeElementIntoView] failed.",
        "time" : {
          "start" : 1637177690223,
          "stop" : 1637177694509,
          "duration" : 4286
        }
      }, {
        "uid" : "6cf3fade117c066c",
        "reportUrl" : "https://MohabMohie.github.io/SHAFT_ENGINE/allure/MobileNative/Android/220//#testresult/6cf3fade117c066c",
        "status" : "failed",
        "statusDetails" : "Element Action [SwipeElementIntoView] failed.",
        "time" : {
          "start" : 1637154518751,
          "stop" : 1637154527015,
          "duration" : 8264
        }
      }, {
        "uid" : "5dcb4367f96e7af2",
        "reportUrl" : "https://MohabMohie.github.io/SHAFT_ENGINE/allure/MobileNative/Android/219//#testresult/5dcb4367f96e7af2",
        "status" : "failed",
        "statusDetails" : "Element Action [SwipeElementIntoView] failed.",
        "time" : {
          "start" : 1637154360747,
          "stop" : 1637154370254,
          "duration" : 9507
        }
      }, {
        "uid" : "35c32dc8013ea48c",
        "reportUrl" : "https://MohabMohie.github.io/SHAFT_ENGINE/allure/MobileNative/Android/218//#testresult/35c32dc8013ea48c",
        "status" : "failed",
        "statusDetails" : "Element Action [SwipeElementIntoView] failed.",
        "time" : {
          "start" : 1637154221388,
          "stop" : 1637154232215,
          "duration" : 10827
        }
      }, {
        "uid" : "c9b4cecbe5e2c6df",
        "reportUrl" : "https://MohabMohie.github.io/SHAFT_ENGINE/allure/MobileNative/Android/217//#testresult/c9b4cecbe5e2c6df",
        "status" : "failed",
        "statusDetails" : "Element Action [SwipeElementIntoView] failed.",
        "time" : {
          "start" : 1637141024224,
          "stop" : 1637141035464,
          "duration" : 11240
        }
      } ]
    },
    "tags" : [ ]
  },
  "source" : "18b11e57b9cdcf44.json",
  "parameterValues" : [ ]
}